1_Dn 3_Up 5_Dn 7_Up 9_Dn 11_Up 13_Dn 15_Up 17_Dn 19_Up 2_Up 4_Dn 6_Up 8_Dn 10_Up 12_Dn 14_Up 16_Dn 18_Up 20_Dn Initial energy=0
    vN Entropy at center bond b=80 = 0.000000776827
    Eigs at center bond b=80: 1.0000 
    Largest link dim during sweep 1/1000 was 10
    Largest truncation error: 0.004820887917919939
    Energy after sweep 1/1000 is -56.949536986382
    Sweep 1/1000 CPU time = 0.301s (Wall time = 0.306s)
    Energy change:-56.94953698638205

    vN Entropy at center bond b=80 = 0.000000776827
    Eigs at center bond b=80: 1.0000 
    Largest link dim during sweep 2/1000 was 20
    Largest truncation error: 0.001100173576060895
    Energy after sweep 2/1000 is -58.371582161321
    Sweep 2/1000 CPU time = 0.953s (Wall time = 0.984s)
    Energy change:-1.422045174938631

    vN Entropy at center bond b=80 = 0.000000776827
    Eigs at center bond b=80: 1.0000 
    Largest link dim during sweep 3/1000 was 50
    Largest truncation error: 4.511099450452182e-05
    Energy after sweep 3/1000 is -59.071521398573
    Sweep 3/1000 CPU time = 1.798s (Wall time = 1.941s)
    Energy change:-0.6999392372527922

    vN Entropy at center bond b=80 = 0.000000776827
    Eigs at center bond b=80: 1.0000 
    Largest link dim during sweep 4/1000 was 100
    Largest truncation error: 9.352542587476618e-06
    Energy after sweep 4/1000 is -59.592172168435
    Sweep 4/1000 CPU time = 2.965s (Wall time = 3.216s)
    Energy change:-0.5206507698617173

    vN Entropy at center bond b=80 = 0.000000776827
    Eigs at center bond b=80: 1.0000 
    Largest link dim during sweep 5/1000 was 200
    Largest truncation error: 4.862152711468958e-07
    Energy after sweep 5/1000 is -59.987699656538
    Sweep 5/1000 CPU time = 5.604s (Wall time = 5.957s)
    Energy change:-0.3955274881024167

    vN Entropy at center bond b=80 = 0.000000776827
    Eigs at center bond b=80: 1.0000 
    Largest link dim during sweep 6/1000 was 379
    Largest truncation error: 9.999999500000023e-09
    Energy after sweep 6/1000 is -60.300189756213
    Sweep 6/1000 CPU time = 9.682s (Wall time = 10.21s)
    Energy change:-0.3124900996755073

    vN Entropy at center bond b=80 = 0.000000776827
    Eigs at center bond b=80: 1.0000 
    Largest link dim during sweep 7/1000 was 463
    Largest truncation error: 9.999999500000023e-09
    Energy after sweep 7/1000 is -60.572282860468
    Sweep 7/1000 CPU time = 11.81s (Wall time = 12.24s)
    Energy change:-0.2720931042548642

    vN Entropy at center bond b=80 = 0.000000776827
    Eigs at center bond b=80: 1.0000 
    Largest link dim during sweep 8/1000 was 444
    Largest truncation error: 9.999999500000023e-09
    Energy after sweep 8/1000 is -60.813984388714
    Sweep 8/1000 CPU time = 11.78s (Wall time = 12.17s)
    Energy change:-0.2417015282457484

    vN Entropy at center bond b=80 = 0.000000776827
    Eigs at center bond b=80: 1.0000 
    Largest link dim during sweep 9/1000 was 414
    Largest truncation error: 9.999999500000023e-09
    Energy after sweep 9/1000 is -61.030330787153
    Sweep 9/1000 CPU time = 11.11s (Wall time = 11.51s)
    Energy change:-0.2163463984396046

    vN Entropy at center bond b=80 = 0.000001964759
    Eigs at center bond b=80: 1.0000 
    Largest link dim during sweep 10/1000 was 394
    Largest truncation error: 9.999999500000023e-09
    Energy after sweep 10/1000 is -61.240020846133
    Sweep 10/1000 CPU time = 10.60s (Wall time = 10.86s)
    Energy change:-0.2096900589795823

    vN Entropy at center bond b=80 = 0.000541379077
    Eigs at center bond b=80: 1.0000 
    Largest link dim during sweep 11/1000 was 378
    Largest truncation error: 9.999999500000023e-09
    Energy after sweep 11/1000 is -61.420216982134
    Sweep 11/1000 CPU time = 10.13s (Wall time = 10.29s)
    Energy change:-0.1801961360011433

    vN Entropy at center bond b=80 = 0.009962652776
    Eigs at center bond b=80: 0.9988 
    Largest link dim during sweep 12/1000 was 352
    Largest truncation error: 9.999999500000023e-09
    Energy after sweep 12/1000 is -61.584227597654
    Sweep 12/1000 CPU time = 9.642s (Wall time = 9.760s)
    Energy change:-0.1640106155202687

    vN Entropy at center bond b=80 = 0.048039794248
    Eigs at center bond b=80: 0.9926 0.0062 
    Largest link dim during sweep 13/1000 was 327
    Largest truncation error: 9.999999500000023e-09
    Energy after sweep 13/1000 is -61.729766904722
    Sweep 13/1000 CPU time = 9.202s (Wall time = 9.235s)
    Energy change:-0.1455393070673878

    vN Entropy at center bond b=80 = 0.115629452130
    Eigs at center bond b=80: 0.9782 0.0191 0.0014 0.0011 
    Largest link dim during sweep 14/1000 was 302
    Largest truncation error: 9.999999500000023e-09
    Energy after sweep 14/1000 is -61.859162465600
    Sweep 14/1000 CPU time = 8.870s (Wall time = 8.896s)
    Energy change:-0.1293955608786277

    vN Entropy at center bond b=80 = 0.212872695204
    Eigs at center bond b=80: 0.9520 0.0431 0.0025 0.0021 
    Largest link dim during sweep 15/1000 was 280
    Largest truncation error: 9.999999500000023e-09
    Energy after sweep 15/1000 is -61.984786576728
    Sweep 15/1000 CPU time = 8.694s (Wall time = 8.716s)
    Energy change:-0.1256241111281469

    vN Entropy at center bond b=80 = 0.330549034778
    Eigs at center bond b=80: 0.9121 0.0804 0.0037 0.0033 
    Largest link dim during sweep 16/1000 was 263
    Largest truncation error: 9.999999500000023e-09
    Energy after sweep 16/1000 is -62.106129196924
    Sweep 16/1000 CPU time = 8.607s (Wall time = 8.633s)
    Energy change:-0.121342620195044

    vN Entropy at center bond b=80 = 0.497512738005
    Eigs at center bond b=80: 0.8363 0.1524 0.0055 0.0049 
    Largest link dim during sweep 17/1000 was 252
    Largest truncation error: 9.999999500000023e-09
    Energy after sweep 17/1000 is -62.215634487281
    Sweep 17/1000 CPU time = 8.537s (Wall time = 8.559s)
    Energy change:-0.1095052903579301

    vN Entropy at center bond b=80 = 0.714278409326
    Eigs at center bond b=80: 0.6717 0.3124 0.0071 0.0068 
    Largest link dim during sweep 18/1000 was 247
    Largest truncation error: 9.999999500000023e-09
    Energy after sweep 18/1000 is -62.312721368873
    Sweep 18/1000 CPU time = 8.463s (Wall time = 8.488s)
    Energy change:-0.09708688159106771

    vN Entropy at center bond b=80 = 0.788231256600
    Eigs at center bond b=80: 0.5070 0.4756 0.0075 0.0074 0.0013 
    Largest link dim during sweep 19/1000 was 233
    Largest truncation error: 9.999999500000023e-09
    Energy after sweep 19/1000 is -62.397493514325
    Sweep 19/1000 CPU time = 8.326s (Wall time = 8.353s)
    Energy change:-0.0847721454520709

    vN Entropy at center bond b=80 = 0.752641912073
    Eigs at center bond b=80: 0.6235 0.3593 0.0071 0.0070 0.0020 
    Largest link dim during sweep 20/1000 was 231
    Largest truncation error: 9.999999500000023e-09
    Energy after sweep 20/1000 is -62.474224423701
    Sweep 20/1000 CPU time = 8.291s (Wall time = 8.314s)
    Energy change:-0.07673090937651494

    vN Entropy at center bond b=80 = 0.654042642707
    Eigs at center bond b=80: 0.7392 0.2448 0.0063 0.0060 0.0027 
    Largest link dim during sweep 21/1000 was 222
    Largest truncation error: 9.999999500000023e-09
    Energy after sweep 21/1000 is -62.540499249107
    Sweep 21/1000 CPU time = 8.152s (Wall time = 8.176s)
    Energy change:-0.06627482540541507

    vN Entropy at center bond b=80 = 0.540136246042
    Eigs at center bond b=80: 0.8239 0.1602 0.0051 0.0050 0.0048 
    Largest link dim during sweep 22/1000 was 211
    Largest truncation error: 9.999999500000023e-09
    Energy after sweep 22/1000 is -62.600219683461
    Sweep 22/1000 CPU time = 7.943s (Wall time = 7.967s)
    Energy change:-0.05972043435452434

    vN Entropy at center bond b=80 = 0.435943503766
    Eigs at center bond b=80: 0.8847 0.0972 0.0070 0.0038 0.0035 0.0023 
    Largest link dim during sweep 23/1000 was 201
    Largest truncation error: 9.999999500000023e-09
    Energy after sweep 23/1000 is -62.653545080688
    Sweep 23/1000 CPU time = 7.762s (Wall time = 7.788s)
    Energy change:-0.05332539722730445

    vN Entropy at center bond b=80 = 0.397698160312
    Eigs at center bond b=80: 0.9152 0.0509 0.0151 0.0103 0.0026 0.0022 0.0018 0.0013 
    Largest link dim during sweep 24/1000 was 202
    Largest truncation error: 9.999999500000023e-09
    Energy after sweep 24/1000 is -62.703984166048
    Sweep 24/1000 CPU time = 7.679s (Wall time = 7.698s)
    Energy change:-0.05043908535996877

    vN Entropy at center bond b=80 = 0.456657387945
    Eigs at center bond b=80: 0.9009 0.0518 0.0258 0.0101 0.0042 0.0034 0.0016 0.0013 
    Largest link dim during sweep 25/1000 was 193
    Largest truncation error: 9.999999500000023e-09
    Energy after sweep 25/1000 is -62.746431017759
    Sweep 25/1000 CPU time = 7.575s (Wall time = 7.594s)
    Energy change:-0.04244685171052254

    vN Entropy at center bond b=80 = 0.563548994380
    Eigs at center bond b=80: 0.8493 0.1154 0.0119 0.0080 0.0068 0.0059 
    Largest link dim during sweep 26/1000 was 188
    Largest truncation error: 9.999999500000023e-09
    Energy after sweep 26/1000 is -62.818541730679
    Sweep 26/1000 CPU time = 7.757s (Wall time = 7.776s)
    Energy change:-0.07211071292007887

    vN Entropy at center bond b=80 = 0.709373747779
    Eigs at center bond b=80: 0.7495 0.2189 0.0092 0.0085 0.0065 0.0050 
    Largest link dim during sweep 27/1000 was 175
    Largest truncation error: 9.999999500000023e-09
    Energy after sweep 27/1000 is -62.871035334118
    Sweep 27/1000 CPU time = 7.835s (Wall time = 7.856s)
    Energy change:-0.05249360343914589

    vN Entropy at center bond b=80 = 0.809500310729
    Eigs at center bond b=80: 0.6225 0.3481 0.0108 0.0104 0.0043 0.0017 
    Largest link dim during sweep 28/1000 was 178
    Largest truncation error: 9.999999500000023e-09
    Energy after sweep 28/1000 is -62.915797388331
    Sweep 28/1000 CPU time = 7.919s (Wall time = 7.939s)
    Energy change:-0.04476205421319435

    vN Entropy at center bond b=80 = 0.835135132097
    Eigs at center bond b=80: 0.4921 0.4807 0.0111 0.0111 0.0023 
    Largest link dim during sweep 29/1000 was 166
    Largest truncation error: 9.999999500000023e-09
    Energy after sweep 29/1000 is -62.965834296417
    Sweep 29/1000 CPU time = 7.849s (Wall time = 7.871s)
    Energy change:-0.0500369080856089

    vN Entropy at center bond b=80 = 0.794546154630
    Eigs at center bond b=80: 0.6028 0.3726 0.0106 0.0103 0.0011 
    Largest link dim during sweep 30/1000 was 199
    Largest truncation error: 9.999999500000023e-09
    Energy after sweep 30/1000 is -63.019632093671
    Sweep 30/1000 CPU time = 7.905s (Wall time = 7.931s)
    Energy change:-0.05379779725372202

    vN Entropy at center bond b=80 = 0.663770062594
    Eigs at center bond b=80: 0.7473 0.2317 0.0092 0.0085 0.0016 
    Largest link dim during sweep 31/1000 was 141
    Largest truncation error: 9.469519973470092e-09
    Energy after sweep 31/1000 is -63.059244792241
    Sweep 31/1000 CPU time = 8.132s (Wall time = 8.157s)
    Energy change:-0.03961269857049388

    vN Entropy at center bond b=80 = 0.514831382586
    Eigs at center bond b=80: 0.8423 0.1401 0.0070 0.0062 0.0030 
    Largest link dim during sweep 32/1000 was 134
    Largest truncation error: 9.735540643104892e-09
    Energy after sweep 32/1000 is -63.087545363315
    Sweep 32/1000 CPU time = 7.883s (Wall time = 7.904s)
    Energy change:-0.02830057107423301

    vN Entropy at center bond b=80 = 0.386816229569
    Eigs at center bond b=80: 0.9051 0.0776 0.0056 0.0048 0.0041 0.0014 
    Largest link dim during sweep 33/1000 was 133
    Largest truncation error: 9.73937354219744e-09
    Energy after sweep 33/1000 is -63.112756049468
    Sweep 33/1000 CPU time = 7.899s (Wall time = 7.920s)
    Energy change:-0.02521068615255473

    vN Entropy at center bond b=80 = 0.323052523730
    Eigs at center bond b=80: 0.9365 0.0368 0.0106 0.0074 0.0028 0.0023 0.0018 0.0012 
    Largest link dim during sweep 34/1000 was 146
    Largest truncation error: 9.551239976779451e-09
    Energy after sweep 34/1000 is -63.138738780660
    Sweep 34/1000 CPU time = 8.079s (Wall time = 8.101s)
    Energy change:-0.0259827311923857

    vN Entropy at center bond b=80 = 0.369945220421
    Eigs at center bond b=80: 0.9258 0.0392 0.0163 0.0074 0.0045 0.0034 0.0015 0.0012 
    Largest link dim during sweep 35/1000 was 164
    Largest truncation error: 9.471310166958729e-09
    Energy after sweep 35/1000 is -63.161490077426
    Sweep 35/1000 CPU time = 8.322s (Wall time = 8.343s)
    Energy change:-0.0227512967657546

    vN Entropy at center bond b=80 = 0.478764512639
    Eigs at center bond b=80: 0.8828 0.0872 0.0075 0.0074 0.0064 0.0060 
    Largest link dim during sweep 36/1000 was 157
    Largest truncation error: 9.845987026412191e-09
    Energy after sweep 36/1000 is -63.181236089333
    Sweep 36/1000 CPU time = 8.512s (Wall time = 8.536s)
    Energy change:-0.01974601190744352

    vN Entropy at center bond b=80 = 0.604028323217
    Eigs at center bond b=80: 0.8174 0.1527 0.0102 0.0087 0.0052 0.0034 
    Largest link dim during sweep 37/1000 was 179
    Largest truncation error: 9.291383080122466e-09
    Energy after sweep 37/1000 is -63.198557324149
    Sweep 37/1000 CPU time = 8.641s (Wall time = 8.665s)
    Energy change:-0.01732123481516368

    vN Entropy at center bond b=80 = 0.723142244745
    Eigs at center bond b=80: 0.7320 0.2364 0.0124 0.0112 0.0041 0.0015 
    Largest link dim during sweep 38/1000 was 192
    Largest truncation error: 9.701911157114627e-09
    Energy after sweep 38/1000 is -63.214568218052
    Sweep 38/1000 CPU time = 8.782s (Wall time = 8.810s)
    Energy change:-0.01601089390339894

    vN Entropy at center bond b=80 = 0.821639578625
    Eigs at center bond b=80: 0.6175 0.3491 0.0140 0.0133 0.0032 0.0011 0.0010 
    Largest link dim during sweep 39/1000 was 188
    Largest truncation error: 9.28114591156657e-09
    Energy after sweep 39/1000 is -63.229466424754
    Sweep 39/1000 CPU time = 8.906s (Wall time = 8.929s)
    Energy change:-0.0148982067018153

    vN Entropy at center bond b=80 = 0.856165555515
    Eigs at center bond b=80: 0.5004 0.4661 0.0143 0.0143 0.0023 0.0011 0.0011 
    Largest link dim during sweep 40/1000 was 169
    Largest truncation error: 9.591853069851313e-09
    Energy after sweep 40/1000 is -63.242888277686
    Sweep 40/1000 CPU time = 8.954s (Wall time = 8.979s)
    Energy change:-0.0134218529319412

    vN Entropy at center bond b=80 = 0.828551670866
    Eigs at center bond b=80: 0.5813 0.3871 0.0141 0.0136 0.0014 0.0011 0.0010 
    Largest link dim during sweep 41/1000 was 127
    Largest truncation error: 9.770690106009142e-09
    Energy after sweep 41/1000 is -63.254901396408
    Sweep 41/1000 CPU time = 9.030s (Wall time = 9.057s)
    Energy change:-0.01201311872191724

    vN Entropy at center bond b=80 = 0.754041045458
    Eigs at center bond b=80: 0.6828 0.2887 0.0129 0.0120 
    Largest link dim during sweep 42/1000 was 146
    Largest truncation error: 9.78911604302119e-09
    Energy after sweep 42/1000 is -63.265519589274
    Sweep 42/1000 CPU time = 9.121s (Wall time = 9.148s)
    Energy change:-0.01061819286604759

    vN Entropy at center bond b=80 = 0.657372764744
    Eigs at center bond b=80: 0.7652 0.2096 0.0112 0.0100 0.0015 
    Largest link dim during sweep 43/1000 was 174
    Largest truncation error: 9.799487511565906e-09
    Energy after sweep 43/1000 is -63.275695732747
    Sweep 43/1000 CPU time = 9.259s (Wall time = 9.287s)
    Energy change:-0.01017614347329499

    vN Entropy at center bond b=80 = 0.544870131473
    Eigs at center bond b=80: 0.8385 0.1383 0.0089 0.0077 0.0030 0.0013 
    Largest link dim during sweep 44/1000 was 167
    Largest truncation error: 9.834455252745602e-09
    Energy after sweep 44/1000 is -63.287846147485
    Sweep 44/1000 CPU time = 9.321s (Wall time = 9.353s)
    Energy change:-0.01215041473754042

    vN Entropy at center bond b=80 = 0.439477106352
    Eigs at center bond b=80: 0.8961 0.0776 0.0064 0.0063 0.0052 0.0048 0.0015 
    Largest link dim during sweep 45/1000 was 181
    Largest truncation error: 9.775969348475506e-09
    Energy after sweep 45/1000 is -63.300051986104
    Sweep 45/1000 CPU time = 9.750s (Wall time = 9.776s)
    Energy change:-0.01220583861918811

    vN Entropy at center bond b=80 = 0.400254665308
    Eigs at center bond b=80: 0.9189 0.0413 0.0200 0.0058 0.0041 0.0034 0.0032 0.0023 
    Largest link dim during sweep 46/1000 was 167
    Largest truncation error: 9.720025596055692e-09
    Energy after sweep 46/1000 is -63.308911408731
    Sweep 46/1000 CPU time = 9.827s (Wall time = 9.852s)
    Energy change:-0.008859422627644165

    vN Entropy at center bond b=80 = 0.446745229631
    Eigs at center bond b=80: 0.9055 0.0510 0.0209 0.0062 0.0062 0.0047 0.0024 0.0018 
    Largest link dim during sweep 47/1000 was 153
    Largest truncation error: 9.718351448174417e-09
    Energy after sweep 47/1000 is -63.317051771149
    Sweep 47/1000 CPU time = 9.664s (Wall time = 9.694s)
    Energy change:-0.008140362417933034

    vN Entropy at center bond b=80 = 0.574951171327
    Eigs at center bond b=80: 0.8465 0.1171 0.0101 0.0088 0.0083 0.0055 0.0012 
    Largest link dim during sweep 48/1000 was 155
    Largest truncation error: 9.716350129757116e-09
    Energy after sweep 48/1000 is -63.326197387120
    Sweep 48/1000 CPU time = 9.787s (Wall time = 9.812s)
    Energy change:-0.00914561597101482

    vN Entropy at center bond b=80 = 0.778633289081
    Eigs at center bond b=80: 0.6987 0.2645 0.0142 0.0129 0.0039 0.0027 0.0011 0.0010 
    Largest link dim during sweep 49/1000 was 148
    Largest truncation error: 9.826136442350327e-09
    Energy after sweep 49/1000 is -63.338227095959
    Sweep 49/1000 CPU time = 9.826s (Wall time = 9.853s)
    Energy change:-0.01202970883822019

    vN Entropy at center bond b=80 = 0.873595998792
    Eigs at center bond b=80: 0.5102 0.4520 0.0162 0.0159 0.0019 0.0013 0.0012 
    Largest link dim during sweep 50/1000 was 150
    Largest truncation error: 9.711445377541421e-09
    Energy after sweep 50/1000 is -63.346168219549
    Sweep 50/1000 CPU time = 9.993s (Wall time = 10.03s)
    Energy change:-0.007941123590889276

    vN Entropy at center bond b=80 = 0.841889018357
    Eigs at center bond b=80: 0.5942 0.3700 0.0155 0.0149 0.0012 0.0012 0.0012 0.0011 
    Largest link dim during sweep 51/1000 was 157
    Largest truncation error: 9.708662160794787e-09
    Energy after sweep 51/1000 is -63.352528921553
    Sweep 51/1000 CPU time = 10.21s (Wall time = 10.24s)
    Energy change:-0.006360702003831875

    vN Entropy at center bond b=80 = 0.749424926245
    Eigs at center bond b=80: 0.7156 0.2511 0.0135 0.0123 0.0027 0.0013 0.0010 
    Largest link dim during sweep 52/1000 was 125
    Largest truncation error: 9.705797542219045e-09
    Energy after sweep 52/1000 is -63.358205194714
    Sweep 52/1000 CPU time = 10.49s (Wall time = 10.61s)
    Energy change:-0.005676273160972301

    vN Entropy at center bond b=80 = 0.647547093968
    Eigs at center bond b=80: 0.8046 0.1603 0.0107 0.0093 0.0058 0.0048 0.0014 
    Largest link dim during sweep 53/1000 was 150
    Largest truncation error: 9.723836450703921e-09
    Energy after sweep 53/1000 is -63.363358459077
    Sweep 53/1000 CPU time = 10.57s (Wall time = 10.60s)
    Energy change:-0.005153264362490972

    vN Entropy at center bond b=80 = 0.580096985036
    Eigs at center bond b=80: 0.8563 0.0983 0.0174 0.0079 0.0068 0.0066 0.0029 0.0020 
    Largest link dim during sweep 54/1000 was 144
    Largest truncation error: 9.739746515505595e-09
    Energy after sweep 54/1000 is -63.367572143466
    Sweep 54/1000 CPU time = 10.61s (Wall time = 10.64s)
    Energy change:-0.004213684389220873

    vN Entropy at center bond b=80 = 0.568071888642
    Eigs at center bond b=80: 0.8725 0.0578 0.0411 0.0082 0.0055 0.0051 0.0043 0.0038 
    Largest link dim during sweep 55/1000 was 132
    Largest truncation error: 9.752672555073931e-09
    Energy after sweep 55/1000 is -63.371357314167
    Sweep 55/1000 CPU time = 10.73s (Wall time = 10.76s)
    Energy change:-0.003785170701299023

    vN Entropy at center bond b=80 = 0.607311045558
    Eigs at center bond b=80: 0.8563 0.0803 0.0330 0.0086 0.0077 0.0062 0.0036 0.0027 
    Largest link dim during sweep 56/1000 was 121
    Largest truncation error: 9.81911939445773e-09
    Energy after sweep 56/1000 is -63.374778799392
    Sweep 56/1000 CPU time = 10.85s (Wall time = 10.89s)
    Energy change:-0.003421485225004517

    vN Entropy at center bond b=80 = 0.683113134302
    Eigs at center bond b=80: 0.8117 0.1363 0.0187 0.0103 0.0087 0.0084 0.0023 0.0017 
    Largest link dim during sweep 57/1000 was 152
    Largest truncation error: 9.778005850827948e-09
    Energy after sweep 57/1000 is -63.377754355410
    Sweep 57/1000 CPU time = 11.01s (Wall time = 11.05s)
    Energy change:-0.002975556017325687

    vN Entropy at center bond b=80 = 0.766201779257
    Eigs at center bond b=80: 0.7460 0.2080 0.0125 0.0111 0.0102 0.0074 0.0014 0.0010 
    Largest link dim during sweep 58/1000 was 122
    Largest truncation error: 9.789310271098892e-09
    Energy after sweep 58/1000 is -63.380267780725
    Sweep 58/1000 CPU time = 11.22s (Wall time = 11.24s)
    Energy change:-0.002513425315562756

    vN Entropy at center bond b=80 = 0.838254780784
    Eigs at center bond b=80: 0.6653 0.2915 0.0141 0.0131 0.0063 0.0056 0.0011 0.0010 
    Largest link dim during sweep 59/1000 was 128
    Largest truncation error: 9.800731758348531e-09
    Energy after sweep 59/1000 is -63.382587188071
    Sweep 59/1000 CPU time = 11.38s (Wall time = 11.42s)
    Energy change:-0.002319407345986235

    vN Entropy at center bond b=80 = 0.886750851531
    Eigs at center bond b=80: 0.5702 0.3882 0.0150 0.0144 0.0051 0.0029 0.0012 0.0011 
    Largest link dim during sweep 60/1000 was 145
    Largest truncation error: 9.812574238798357e-09
    Energy after sweep 60/1000 is -63.384647593229
    Sweep 60/1000 CPU time = 11.52s (Wall time = 11.55s)
    Energy change:-0.002060405157962464

    vN Entropy at center bond b=80 = 0.900806068685
    Eigs at center bond b=80: 0.5059 0.4533 0.0147 0.0145 0.0040 0.0023 0.0014 0.0011 0.0011 
    Largest link dim during sweep 61/1000 was 131
    Largest truncation error: 9.823287760837359e-09
    Energy after sweep 61/1000 is -63.386795282735
    Sweep 61/1000 CPU time = 11.60s (Wall time = 11.63s)
    Energy change:-0.002147689506202255

    vN Entropy at center bond b=80 = 0.878183346894
    Eigs at center bond b=80: 0.6077 0.3503 0.0138 0.0132 0.0050 0.0030 0.0028 0.0011 0.0010 
    Largest link dim during sweep 62/1000 was 137
    Largest truncation error: 9.833132911725919e-09
    Energy after sweep 62/1000 is -63.388283274642
    Sweep 62/1000 CPU time = 11.76s (Wall time = 11.80s)
    Energy change:-0.001487991906415687

    vN Entropy at center bond b=80 = 0.847666808646
    Eigs at center bond b=80: 0.6764 0.2776 0.0127 0.0117 0.0077 0.0069 0.0023 0.0012 
    Largest link dim during sweep 63/1000 was 139
    Largest truncation error: 9.840656733389718e-09
    Energy after sweep 63/1000 is -63.389271282096
    Sweep 63/1000 CPU time = 11.91s (Wall time = 11.94s)
    Energy change:-0.0009880074538628492

    vN Entropy at center bond b=80 = 0.827223855069
    Eigs at center bond b=80: 0.7197 0.2276 0.0131 0.0114 0.0104 0.0103 0.0019 0.0018 0.0013 
    Largest link dim during sweep 64/1000 was 137
    Largest truncation error: 9.846675105059339e-09
    Energy after sweep 64/1000 is -63.389980550815
    Sweep 64/1000 CPU time = 12.03s (Wall time = 12.06s)
    Energy change:-0.0007092687198095859

    vN Entropy at center bond b=80 = 0.815291450301
    Eigs at center bond b=80: 0.7506 0.1862 0.0225 0.0131 0.0101 0.0090 0.0026 0.0020 0.0016 
    Largest link dim during sweep 65/1000 was 128
    Largest truncation error: 9.851626042934232e-09
    Energy after sweep 65/1000 is -63.390564512870
    Sweep 65/1000 CPU time = 12.23s (Wall time = 12.27s)
    Energy change:-0.0005839620549963342

    vN Entropy at center bond b=80 = 0.817703050757
    Eigs at center bond b=80: 0.7661 0.1580 0.0336 0.0156 0.0090 0.0079 0.0034 0.0027 0.0014 
    Largest link dim during sweep 66/1000 was 127
    Largest truncation error: 9.937116290080108e-09
    Energy after sweep 66/1000 is -63.390952056505
    Sweep 66/1000 CPU time = 12.49s (Wall time = 12.53s)
    Energy change:-0.0003875436346092442

    vN Entropy at center bond b=80 = 0.831640775341
    Eigs at center bond b=80: 0.7720 0.1360 0.0476 0.0182 0.0081 0.0070 0.0042 0.0034 0.0012 
    Largest link dim during sweep 67/1000 was 124
    Largest truncation error: 9.918936556833149e-09
    Energy after sweep 67/1000 is -63.391213338834
    Sweep 67/1000 CPU time = 12.69s (Wall time = 12.73s)
    Energy change:-0.0002612823292338362

    vN Entropy at center bond b=80 = 0.849339299751
    Eigs at center bond b=80: 0.7715 0.1208 0.0614 0.0202 0.0074 0.0064 0.0049 0.0040 0.0011 
    Largest link dim during sweep 68/1000 was 119
    Largest truncation error: 9.909499338935385e-09
    Energy after sweep 68/1000 is -63.391369914777
    Sweep 68/1000 CPU time = 12.98s (Wall time = 13.01s)
    Energy change:-0.0001565759423911572

    vN Entropy at center bond b=80 = 0.867534676637
    Eigs at center bond b=80: 0.7676 0.1107 0.0735 0.0218 0.0069 0.0059 0.0054 0.0045 0.0010 
    Largest link dim during sweep 69/1000 was 115
    Largest truncation error: 9.902262595532369e-09
    Energy after sweep 69/1000 is -63.391453391293
    Sweep 69/1000 CPU time = 13.15s (Wall time = 13.19s)
    Energy change:-8.347651650097987e-05

    vN Entropy at center bond b=80 = 0.880447030534
    Eigs at center bond b=80: 0.7639 0.1049 0.0818 0.0227 0.0066 0.0057 0.0057 0.0048 
    Largest link dim during sweep 70/1000 was 114
    Largest truncation error: 9.897556554752649e-09
    Energy after sweep 70/1000 is -63.391490374286
    Sweep 70/1000 CPU time = 13.32s (Wall time = 13.35s)
    Energy change:-3.698299334331523e-05

    vN Entropy at center bond b=80 = 0.888635329815
    Eigs at center bond b=80: 0.7613 0.1016 0.0869 0.0233 0.0065 0.0059 0.0055 0.0050 
    Largest link dim during sweep 71/1000 was 114
    Largest truncation error: 9.886797114476504e-09
    Energy after sweep 71/1000 is -63.391505714363
    Sweep 71/1000 CPU time = 13.46s (Wall time = 13.50s)
    Energy change:-1.534007630965561e-05

    vN Entropy at center bond b=80 = 0.893630765117
    Eigs at center bond b=80: 0.7597 0.0997 0.0900 0.0236 0.0064 0.0060 0.0055 0.0051 
    Largest link dim during sweep 72/1000 was 114
    Largest truncation error: 9.885665940794585e-09
    Energy after sweep 72/1000 is -63.391511877693
    Sweep 72/1000 CPU time = 13.47s (Wall time = 13.51s)
    Energy change:-6.163330418473834e-06

    vN Entropy at center bond b=80 = 0.896573487668
    Eigs at center bond b=80: 0.7587 0.0986 0.0919 0.0238 0.0063 0.0061 0.0054 0.0052 
    Largest link dim during sweep 73/1000 was 113
    Largest truncation error: 9.885080787635961e-09
    Energy after sweep 73/1000 is -63.391514317964
    Sweep 73/1000 CPU time = 13.39s (Wall time = 13.43s)
    Energy change:-2.440270499448616e-06

    vN Entropy at center bond b=80 = 0.898376771359
    Eigs at center bond b=80: 0.7581 0.0979 0.0930 0.0239 0.0063 0.0061 0.0054 0.0052 
    Largest link dim during sweep 74/1000 was 112
    Largest truncation error: 9.885099351543332e-09
    Energy after sweep 74/1000 is -63.391515261530
    Sweep 74/1000 CPU time = 13.33s (Wall time = 13.37s)
    Energy change:-9.435664267698485e-07

    vN Entropy at center bond b=80 = 0.899554291448
    Eigs at center bond b=80: 0.7577 0.0973 0.0938 0.0239 0.0063 0.0061 0.0054 0.0052 
    Largest link dim during sweep 75/1000 was 112
    Largest truncation error: 9.884920559793348e-09
    Energy after sweep 75/1000 is -63.391515711710
    Sweep 75/1000 CPU time = 13.28s (Wall time = 13.32s)
    Energy change:-4.501796482259124e-07

    vN Entropy at center bond b=80 = 0.900359075677
    Eigs at center bond b=80: 0.7574 0.0970 0.0944 0.0240 0.0063 0.0062 0.0053 0.0052 
    Largest link dim during sweep 76/1000 was 111
    Largest truncation error: 9.884849781323816e-09
    Energy after sweep 76/1000 is -63.391516025250
    Sweep 76/1000 CPU time = 13.29s (Wall time = 13.32s)
    Energy change:-3.135406174692434e-07

    vN Entropy at center bond b=80 = 0.900925393661
    Eigs at center bond b=80: 0.7573 0.0967 0.0947 0.0240 0.0062 0.0062 0.0053 0.0053 
    Largest link dim during sweep 77/1000 was 111
    Largest truncation error: 9.884822653867199e-09
    Energy after sweep 77/1000 is -63.391516230589
    Sweep 77/1000 CPU time = 13.29s (Wall time = 13.32s)
    Energy change:-2.053382388567115e-07

    vN Entropy at center bond b=80 = 0.901332691431
    Eigs at center bond b=80: 0.7571 0.0965 0.0950 0.0240 0.0062 0.0062 0.0053 0.0053 
    Largest link dim during sweep 78/1000 was 111
    Largest truncation error: 9.884816788272137e-09
    Energy after sweep 78/1000 is -63.391516421343
    Sweep 78/1000 CPU time = 13.29s (Wall time = 13.33s)
    Energy change:-1.907540578827138e-07

    vN Entropy at center bond b=80 = 0.901623670570
    Eigs at center bond b=80: 0.7570 0.0964 0.0952 0.0241 0.0062 0.0062 0.0053 0.0053 
    Largest link dim during sweep 79/1000 was 111
    Largest truncation error: 9.884805244352617e-09
    Energy after sweep 79/1000 is -63.391516523542
    Sweep 79/1000 CPU time = 13.28s (Wall time = 13.31s)
    Energy change:-1.021990811977957e-07

    vN Entropy at center bond b=80 = 0.901835263738
    Eigs at center bond b=80: 0.7570 0.0963 0.0954 0.0241 0.0062 0.0062 0.0053 0.0053 
    Largest link dim during sweep 80/1000 was 112
    Largest truncation error: 9.88480672367606e-09
    Energy after sweep 80/1000 is -63.391516626717
    Sweep 80/1000 CPU time = 13.29s (Wall time = 13.32s)
    Energy change:-1.031753811275848e-07

    vN Entropy at center bond b=80 = 0.901995374322
    Eigs at center bond b=80: 0.7569 0.0962 0.0955 0.0241 0.0062 0.0062 0.0053 0.0053 
    Largest link dim during sweep 81/1000 was 112
    Largest truncation error: 9.884808910551394e-09
    Energy after sweep 81/1000 is -63.391516741789
    Sweep 81/1000 CPU time = 13.29s (Wall time = 13.32s)
    Energy change:-1.150721047338266e-07

    vN Entropy at center bond b=80 = 0.902119007098
    Eigs at center bond b=80: 0.7569 0.0961 0.0956 0.0241 0.0062 0.0062 0.0053 0.0053 
    Largest link dim during sweep 82/1000 was 112
    Largest truncation error: 9.884811401465478e-09
    Energy after sweep 82/1000 is -63.391516846647
    Sweep 82/1000 CPU time = 13.29s (Wall time = 13.32s)
    Energy change:-1.048581523832581e-07

    vN Entropy at center bond b=80 = 0.902212576959
    Eigs at center bond b=80: 0.7569 0.0961 0.0956 0.0241 0.0062 0.0062 0.0053 0.0053 
    Largest link dim during sweep 83/1000 was 112
    Largest truncation error: 9.88481354027408e-09
    Energy after sweep 83/1000 is -63.391516900592
    Sweep 83/1000 CPU time = 13.29s (Wall time = 13.32s)
    Energy change:-5.394422686322287e-08

    vN Entropy at center bond b=80 = 0.902282856054
    Eigs at center bond b=80: 0.7568 0.0961 0.0957 0.0241 0.0062 0.0062 0.0053 0.0053 
    Largest link dim during sweep 84/1000 was 112
    Largest truncation error: 9.884815972701638e-09
    Energy after sweep 84/1000 is -63.391516901172
    Sweep 84/1000 CPU time = 13.30s (Wall time = 13.33s)
    Energy change:-5.802505143037706e-10

    Energy has converged -> stop the DMRG.
Final energy=-63.39151690117191
Time=838 sec
Nup =10 Ndown = 10L = 80 W = 2
