1_Dn 3_Up 5_Dn 7_Up 9_Dn 11_Up 13_Dn 15_Up 17_Dn 19_Up 2_Up 4_Dn 6_Up 8_Dn 10_Up 12_Dn 14_Up 16_Dn 18_Up 20_Dn Initial energy=0
    vN Entropy at center bond b=80 = -0.000000000000
    Eigs at center bond b=80: 1.0000 
    Largest link dim during sweep 1/1000 was 7
    Largest truncation error: 0.009629559945745235
    Energy after sweep 1/1000 is -54.516708041577
    Sweep 1/1000 CPU time = 0.144s (Wall time = 0.147s)
    Energy change:-54.51670804157696

    vN Entropy at center bond b=80 = -0.000000000000
    Eigs at center bond b=80: 1.0000 
    Largest link dim during sweep 2/1000 was 10
    Largest truncation error: 0.009395420411840872
    Energy after sweep 2/1000 is -55.917100070829
    Sweep 2/1000 CPU time = 0.243s (Wall time = 0.246s)
    Energy change:-1.400392029251904

    vN Entropy at center bond b=80 = -0.000000000000
    Eigs at center bond b=80: 1.0000 
    Largest link dim during sweep 3/1000 was 8
    Largest truncation error: 0.009581673560533575
    Energy after sweep 3/1000 is -56.639577494030
    Sweep 3/1000 CPU time = 0.329s (Wall time = 0.331s)
    Energy change:-0.7224774232006723

    vN Entropy at center bond b=80 = -0.000000000000
    Eigs at center bond b=80: 1.0000 
    Largest link dim during sweep 4/1000 was 7
    Largest truncation error: 0.009642725815009513
    Energy after sweep 4/1000 is -56.701359012414
    Sweep 4/1000 CPU time = 0.319s (Wall time = 0.324s)
    Energy change:-0.06178151838409462

    vN Entropy at center bond b=80 = -0.000000000000
    Eigs at center bond b=80: 1.0000 
    Largest link dim during sweep 5/1000 was 7
    Largest truncation error: 0.007775195674270577
    Energy after sweep 5/1000 is -56.768567852871
    Sweep 5/1000 CPU time = 0.326s (Wall time = 0.329s)
    Energy change:-0.0672088404577238

    vN Entropy at center bond b=80 = -0.000000000000
    Eigs at center bond b=80: 1.0000 
    Largest link dim during sweep 6/1000 was 7
    Largest truncation error: 0.008145921631253114
    Energy after sweep 6/1000 is -56.773621128011
    Sweep 6/1000 CPU time = 0.320s (Wall time = 0.321s)
    Energy change:-0.005053275139289326

    vN Entropy at center bond b=80 = -0.000000000000
    Eigs at center bond b=80: 1.0000 
    Largest link dim during sweep 7/1000 was 7
    Largest truncation error: 0.008284949085626211
    Energy after sweep 7/1000 is -56.774198306247
    Sweep 7/1000 CPU time = 0.321s (Wall time = 0.321s)
    Energy change:-0.0005771782361563282

    vN Entropy at center bond b=80 = -0.000000000000
    Eigs at center bond b=80: 1.0000 
    Largest link dim during sweep 8/1000 was 7
    Largest truncation error: 0.008334568353843106
    Energy after sweep 8/1000 is -56.774570980586
    Sweep 8/1000 CPU time = 0.318s (Wall time = 0.321s)
    Energy change:-0.0003726743389691478

    vN Entropy at center bond b=80 = -0.000000000000
    Eigs at center bond b=80: 1.0000 
    Largest link dim during sweep 9/1000 was 7
    Largest truncation error: 0.008357460261010571
    Energy after sweep 9/1000 is -56.774888111298
    Sweep 9/1000 CPU time = 0.319s (Wall time = 0.324s)
    Energy change:-0.0003171307120410916

    vN Entropy at center bond b=80 = -0.000000000000
    Eigs at center bond b=80: 1.0000 
    Largest link dim during sweep 10/1000 was 7
    Largest truncation error: 0.008372136208091765
    Energy after sweep 10/1000 is -56.775151557459
    Sweep 10/1000 CPU time = 0.325s (Wall time = 0.327s)
    Energy change:-0.0002634461608082006

    vN Entropy at center bond b=80 = -0.000000000000
    Eigs at center bond b=80: 1.0000 
    Largest link dim during sweep 11/1000 was 7
    Largest truncation error: 0.008383512780024152
    Energy after sweep 11/1000 is -56.775366236743
    Sweep 11/1000 CPU time = 0.323s (Wall time = 0.326s)
    Energy change:-0.0002146792845820755

    vN Entropy at center bond b=80 = -0.000000000000
    Eigs at center bond b=80: 1.0000 
    Largest link dim during sweep 12/1000 was 7
    Largest truncation error: 0.008392898509235847
    Energy after sweep 12/1000 is -56.775539583410
    Sweep 12/1000 CPU time = 0.325s (Wall time = 0.326s)
    Energy change:-0.000173346666940688

    vN Entropy at center bond b=80 = -0.000000000000
    Eigs at center bond b=80: 1.0000 
    Largest link dim during sweep 13/1000 was 7
    Largest truncation error: 0.008400734832768967
    Energy after sweep 13/1000 is -56.775678909534
    Sweep 13/1000 CPU time = 0.323s (Wall time = 0.324s)
    Energy change:-0.0001393261235449472

    vN Entropy at center bond b=80 = -0.000000000000
    Eigs at center bond b=80: 1.0000 
    Largest link dim during sweep 14/1000 was 7
    Largest truncation error: 0.00840726116285539
    Energy after sweep 14/1000 is -56.775790612835
    Sweep 14/1000 CPU time = 0.327s (Wall time = 0.330s)
    Energy change:-0.0001117033018047664

    vN Entropy at center bond b=80 = -0.000000000000
    Eigs at center bond b=80: 1.0000 
    Largest link dim during sweep 15/1000 was 7
    Largest truncation error: 0.008412665997968119
    Energy after sweep 15/1000 is -56.775880051708
    Sweep 15/1000 CPU time = 0.323s (Wall time = 0.325s)
    Energy change:-8.943887205958845e-05

    vN Entropy at center bond b=80 = -0.000000000000
    Eigs at center bond b=80: 1.0000 
    Largest link dim during sweep 16/1000 was 7
    Largest truncation error: 0.008417117058173062
    Energy after sweep 16/1000 is -56.775951621215
    Sweep 16/1000 CPU time = 0.323s (Wall time = 0.326s)
    Energy change:-7.156950749021007e-05

    vN Entropy at center bond b=80 = -0.000000000000
    Eigs at center bond b=80: 1.0000 
    Largest link dim during sweep 17/1000 was 7
    Largest truncation error: 0.008420765013528266
    Energy after sweep 17/1000 is -56.776008883821
    Sweep 17/1000 CPU time = 0.324s (Wall time = 0.324s)
    Energy change:-5.726260641125691e-05

    vN Entropy at center bond b=80 = -0.000000000000
    Eigs at center bond b=80: 1.0000 
    Largest link dim during sweep 18/1000 was 7
    Largest truncation error: 0.008423742929604289
    Energy after sweep 18/1000 is -56.776054706337
    Sweep 18/1000 CPU time = 0.325s (Wall time = 0.326s)
    Energy change:-4.582251598606035e-05

    vN Entropy at center bond b=80 = -0.000000000000
    Eigs at center bond b=80: 1.0000 
    Largest link dim during sweep 19/1000 was 7
    Largest truncation error: 0.008426166092608997
    Energy after sweep 19/1000 is -56.776091385684
    Sweep 19/1000 CPU time = 0.324s (Wall time = 0.325s)
    Energy change:-3.667934687001662e-05

    vN Entropy at center bond b=80 = -0.000000000000
    Eigs at center bond b=80: 1.0000 
    Largest link dim during sweep 20/1000 was 7
    Largest truncation error: 0.008428132779145808
    Energy after sweep 20/1000 is -56.776120757630
    Sweep 20/1000 CPU time = 0.324s (Wall time = 0.326s)
    Energy change:-2.937194616947636e-05

    vN Entropy at center bond b=80 = -0.000000000000
    Eigs at center bond b=80: 1.0000 
    Largest link dim during sweep 21/1000 was 7
    Largest truncation error: 0.008429725697547396
    Energy after sweep 21/1000 is -56.776144287633
    Sweep 21/1000 CPU time = 0.329s (Wall time = 0.330s)
    Energy change:-2.353000254373683e-05

    vN Entropy at center bond b=80 = -0.000000000000
    Eigs at center bond b=80: 1.0000 
    Largest link dim during sweep 22/1000 was 7
    Largest truncation error: 0.008431013761675165
    Energy after sweep 22/1000 is -56.776163145137
    Sweep 22/1000 CPU time = 0.322s (Wall time = 0.326s)
    Energy change:-1.885750424435173e-05

    vN Entropy at center bond b=80 = -0.000000000000
    Eigs at center bond b=80: 1.0000 
    Largest link dim during sweep 23/1000 was 7
    Largest truncation error: 0.008432053947133729
    Energy after sweep 23/1000 is -56.776178263544
    Sweep 23/1000 CPU time = 0.320s (Wall time = 0.323s)
    Energy change:-1.511840630286088e-05

    vN Entropy at center bond b=80 = -0.000000000000
    Eigs at center bond b=80: 1.0000 
    Largest link dim during sweep 24/1000 was 7
    Largest truncation error: 0.008432893075036618
    Energy after sweep 24/1000 is -56.776190388215
    Sweep 24/1000 CPU time = 0.321s (Wall time = 0.325s)
    Energy change:-1.212467125100147e-05

    vN Entropy at center bond b=80 = -0.000000000000
    Eigs at center bond b=80: 1.0000 
    Largest link dim during sweep 25/1000 was 7
    Largest truncation error: 0.008433569440100756
    Energy after sweep 25/1000 is -56.776200114737
    Sweep 25/1000 CPU time = 0.321s (Wall time = 0.325s)
    Energy change:-9.726521696507007e-06

    vN Entropy at center bond b=80 = -0.000000000000
    Eigs at center bond b=80: 1.0000 
    Largest link dim during sweep 26/1000 was 7
    Largest truncation error: 0.008434114247237041
    Energy after sweep 26/1000 is -56.776207919338
    Sweep 26/1000 CPU time = 0.323s (Wall time = 0.325s)
    Energy change:-7.804601516170351e-06

    vN Entropy at center bond b=80 = -0.000000000000
    Eigs at center bond b=80: 1.0000 
    Largest link dim during sweep 27/1000 was 7
    Largest truncation error: 0.008434552849897815
    Energy after sweep 27/1000 is -56.776214183067
    Sweep 27/1000 CPU time = 0.327s (Wall time = 0.331s)
    Energy change:-6.263728515421008e-06

    vN Entropy at center bond b=80 = -0.000000000000
    Eigs at center bond b=80: 1.0000 
    Largest link dim during sweep 28/1000 was 7
    Largest truncation error: 0.008434905799815515
    Energy after sweep 28/1000 is -56.776219210998
    Sweep 28/1000 CPU time = 0.325s (Wall time = 0.328s)
    Energy change:-5.027931571532918e-06

    vN Entropy at center bond b=80 = -0.000000000000
    Eigs at center bond b=80: 1.0000 
    Largest link dim during sweep 29/1000 was 7
    Largest truncation error: 0.008435189725971442
    Energy after sweep 29/1000 is -56.776223247519
    Sweep 29/1000 CPU time = 0.332s (Wall time = 0.337s)
    Energy change:-4.03652113334374e-06

    vN Entropy at center bond b=80 = -0.000000000000
    Eigs at center bond b=80: 1.0000 
    Largest link dim during sweep 30/1000 was 7
    Largest truncation error: 0.008435418063823044
    Energy after sweep 30/1000 is -56.776226488494
    Sweep 30/1000 CPU time = 0.328s (Wall time = 0.330s)
    Energy change:-3.240974699281196e-06

    vN Entropy at center bond b=80 = -0.000000000000
    Eigs at center bond b=80: 1.0000 
    Largest link dim during sweep 31/1000 was 7
    Largest truncation error: 0.008435601656083452
    Energy after sweep 31/1000 is -56.776229090962
    Sweep 31/1000 CPU time = 0.317s (Wall time = 0.320s)
    Energy change:-2.602468285317627e-06

    vN Entropy at center bond b=80 = -0.000000000000
    Eigs at center bond b=80: 1.0000 
    Largest link dim during sweep 32/1000 was 7
    Largest truncation error: 0.008435749245016253
    Energy after sweep 32/1000 is -56.776231180879
    Sweep 32/1000 CPU time = 0.321s (Wall time = 0.323s)
    Energy change:-2.089916691261351e-06

    vN Entropy at center bond b=80 = -0.000000000000
    Eigs at center bond b=80: 1.0000 
    Largest link dim during sweep 33/1000 was 7
    Largest truncation error: 0.00843586787416822
    Energy after sweep 33/1000 is -56.776232859296
    Sweep 33/1000 CPU time = 0.318s (Wall time = 0.322s)
    Energy change:-1.678417227424234e-06

    vN Entropy at center bond b=80 = -0.000000000000
    Eigs at center bond b=80: 1.0000 
    Largest link dim during sweep 34/1000 was 7
    Largest truncation error: 0.008435963215117649
    Energy after sweep 34/1000 is -56.776234207306
    Sweep 34/1000 CPU time = 0.321s (Wall time = 0.325s)
    Energy change:-1.34801011597574e-06

    vN Entropy at center bond b=80 = -0.000000000000
    Eigs at center bond b=80: 1.0000 
    Largest link dim during sweep 35/1000 was 7
    Largest truncation error: 0.008436039832572986
    Energy after sweep 35/1000 is -56.776235289997
    Sweep 35/1000 CPU time = 0.322s (Wall time = 0.323s)
    Energy change:-1.082690637588257e-06

    vN Entropy at center bond b=80 = -0.000000000000
    Eigs at center bond b=80: 1.0000 
    Largest link dim during sweep 36/1000 was 7
    Largest truncation error: 0.008436101399010552
    Energy after sweep 36/1000 is -56.776236159618
    Sweep 36/1000 CPU time = 0.321s (Wall time = 0.325s)
    Energy change:-8.696210542780136e-07

    vN Entropy at center bond b=80 = -0.000000000000
    Eigs at center bond b=80: 1.0000 
    Largest link dim during sweep 37/1000 was 7
    Largest truncation error: 0.008436150868186346
    Energy after sweep 37/1000 is -56.776236858120
    Sweep 37/1000 CPU time = 0.322s (Wall time = 0.323s)
    Energy change:-6.985021201444397e-07

    vN Entropy at center bond b=80 = -0.000000000000
    Eigs at center bond b=80: 1.0000 
    Largest link dim during sweep 38/1000 was 7
    Largest truncation error: 0.008436190615221993
    Energy after sweep 38/1000 is -56.776237419187
    Sweep 38/1000 CPU time = 0.320s (Wall time = 0.322s)
    Energy change:-5.610669475686336e-07

    vN Entropy at center bond b=80 = -0.000000000000
    Eigs at center bond b=80: 1.0000 
    Largest link dim during sweep 39/1000 was 7
    Largest truncation error: 0.008436222549586527
    Energy after sweep 39/1000 is -56.776237869868
    Sweep 39/1000 CPU time = 0.317s (Wall time = 0.319s)
    Energy change:-4.506809432314185e-07

    vN Entropy at center bond b=80 = -0.000000000000
    Eigs at center bond b=80: 1.0000 
    Largest link dim during sweep 40/1000 was 7
    Largest truncation error: 0.008436248206152375
    Energy after sweep 40/1000 is -56.776238231886
    Sweep 40/1000 CPU time = 0.321s (Wall time = 0.322s)
    Energy change:-3.620179924723743e-07

    vN Entropy at center bond b=80 = -0.000000000000
    Eigs at center bond b=80: 1.0000 
    Largest link dim during sweep 41/1000 was 7
    Largest truncation error: 0.00843626881853082
    Energy after sweep 41/1000 is -56.776238522687
    Sweep 41/1000 CPU time = 0.323s (Wall time = 0.324s)
    Energy change:-2.908009690827384e-07

    vN Entropy at center bond b=80 = -0.000000000000
    Eigs at center bond b=80: 1.0000 
    Largest link dim during sweep 42/1000 was 7
    Largest truncation error: 0.008436285378103963
    Energy after sweep 42/1000 is -56.776238756283
    Sweep 42/1000 CPU time = 0.319s (Wall time = 0.320s)
    Energy change:-2.335961184485313e-07

    vN Entropy at center bond b=80 = -0.000000000000
    Eigs at center bond b=80: 1.0000 
    Largest link dim during sweep 43/1000 was 7
    Largest truncation error: 0.008436298681522765
    Energy after sweep 43/1000 is -56.776238943929
    Sweep 43/1000 CPU time = 0.323s (Wall time = 0.324s)
    Energy change:-1.876454973626096e-07

    vN Entropy at center bond b=80 = -0.000000000000
    Eigs at center bond b=80: 1.0000 
    Largest link dim during sweep 44/1000 was 7
    Largest truncation error: 0.008436309368918146
    Energy after sweep 44/1000 is -56.776239094664
    Sweep 44/1000 CPU time = 0.321s (Wall time = 0.322s)
    Energy change:-1.507350546603448e-07

    vN Entropy at center bond b=80 = -0.000000000000
    Eigs at center bond b=80: 1.0000 
    Largest link dim during sweep 45/1000 was 7
    Largest truncation error: 0.008436317954625986
    Energy after sweep 45/1000 is -56.776239215749
    Sweep 45/1000 CPU time = 0.318s (Wall time = 0.321s)
    Energy change:-1.210854279065643e-07

    vN Entropy at center bond b=80 = -0.000000000000
    Eigs at center bond b=80: 1.0000 
    Largest link dim during sweep 46/1000 was 7
    Largest truncation error: 0.008436324851886378
    Energy after sweep 46/1000 is -56.776239313017
    Sweep 46/1000 CPU time = 0.319s (Wall time = 0.321s)
    Energy change:-9.726802119303102e-08

    vN Entropy at center bond b=80 = -0.000000000000
    Eigs at center bond b=80: 1.0000 
    Largest link dim during sweep 47/1000 was 7
    Largest truncation error: 0.008436330392711746
    Energy after sweep 47/1000 is -56.776239391153
    Sweep 47/1000 CPU time = 0.321s (Wall time = 0.323s)
    Energy change:-7.813626012875829e-08

    vN Entropy at center bond b=80 = -0.000000000000
    Eigs at center bond b=80: 1.0000 
    Largest link dim during sweep 48/1000 was 7
    Largest truncation error: 0.008436334843837833
    Energy after sweep 48/1000 is -56.776239453920
    Sweep 48/1000 CPU time = 0.323s (Wall time = 0.324s)
    Energy change:-6.276711417285696e-08

    vN Entropy at center bond b=80 = -0.000000000000
    Eigs at center bond b=80: 1.0000 
    Largest link dim during sweep 49/1000 was 7
    Largest truncation error: 0.008436338419557326
    Energy after sweep 49/1000 is -56.776239504342
    Sweep 49/1000 CPU time = 0.321s (Wall time = 0.324s)
    Energy change:-5.042157624757237e-08

    vN Entropy at center bond b=80 = -0.000000000000
    Eigs at center bond b=80: 1.0000 
    Largest link dim during sweep 50/1000 was 7
    Largest truncation error: 0.008436341292027824
    Energy after sweep 50/1000 is -56.776239544846
    Sweep 50/1000 CPU time = 0.319s (Wall time = 0.322s)
    Energy change:-4.050396995580741e-08

    vN Entropy at center bond b=80 = -0.000000000000
    Eigs at center bond b=80: 1.0000 
    Largest link dim during sweep 51/1000 was 7
    Largest truncation error: 0.008436343599552606
    Energy after sweep 51/1000 is -56.776239577383
    Sweep 51/1000 CPU time = 0.320s (Wall time = 0.324s)
    Energy change:-3.253736480246516e-08

    vN Entropy at center bond b=80 = -0.000000000000
    Eigs at center bond b=80: 1.0000 
    Largest link dim during sweep 52/1000 was 7
    Largest truncation error: 0.008436345453239928
    Energy after sweep 52/1000 is -56.776239603521
    Sweep 52/1000 CPU time = 0.320s (Wall time = 0.322s)
    Energy change:-2.613770533343995e-08

    vN Entropy at center bond b=80 = -0.000000000000
    Eigs at center bond b=80: 1.0000 
    Largest link dim during sweep 53/1000 was 7
    Largest truncation error: 0.008436346942345969
    Energy after sweep 53/1000 is -56.776239624518
    Sweep 53/1000 CPU time = 0.319s (Wall time = 0.322s)
    Energy change:-2.099668705568547e-08

    vN Entropy at center bond b=80 = -0.000000000000
    Eigs at center bond b=80: 1.0000 
    Largest link dim during sweep 54/1000 was 7
    Largest truncation error: 0.008436348138575002
    Energy after sweep 54/1000 is -56.776239641385
    Sweep 54/1000 CPU time = 0.321s (Wall time = 0.322s)
    Energy change:-1.686693451574683e-08

    vN Entropy at center bond b=80 = -0.000000000000
    Eigs at center bond b=80: 1.0000 
    Largest link dim during sweep 55/1000 was 7
    Largest truncation error: 0.008436349099528609
    Energy after sweep 55/1000 is -56.776239654934
    Sweep 55/1000 CPU time = 0.319s (Wall time = 0.322s)
    Energy change:-1.35494815367565e-08

    vN Entropy at center bond b=80 = -0.000000000000
    Eigs at center bond b=80: 1.0000 
    Largest link dim during sweep 56/1000 was 7
    Largest truncation error: 0.008436349871480335
    Energy after sweep 56/1000 is -56.776239665819
    Sweep 56/1000 CPU time = 0.324s (Wall time = 0.325s)
    Energy change:-1.088438494889488e-08

    vN Entropy at center bond b=80 = -0.000000000000
    Eigs at center bond b=80: 1.0000 
    Largest link dim during sweep 57/1000 was 7
    Largest truncation error: 0.008436350491602148
    Energy after sweep 57/1000 is -56.776239674562
    Sweep 57/1000 CPU time = 0.322s (Wall time = 0.326s)
    Energy change:-8.743555213186482e-09

    Energy has converged -> stop the DMRG.
Final energy=-56.77623967456209
Time=18 sec
Nup =10 Ndown = 10L = 80 W = 2
