1_Dn 5_Up 9_Dn 13_Up 17_Dn 21_Up 25_Dn 29_Up 33_Dn 37_Up 2_Up 6_Dn 10_Up 14_Dn 18_Up 22_Dn 26_Up 30_Dn 34_Up 38_Dn 3_Dn 7_Up 11_Dn 15_Up 19_Dn 23_Up 27_Dn 31_Up 35_Dn 4_Up 8_Dn 12_Up 16_Dn 20_Up 24_Dn 28_Up 32_Dn 36_Up 39_Up Initial energy=0
    vN Entropy at center bond b=80 = 0.021035975104
    Eigs at center bond b=80: 0.9969 0.0031 
    Largest link dim during sweep 1/1000 was 10
    Largest truncation error: 0.0003622190811537031
    Energy after sweep 1/1000 is -149.076267459223
    Sweep 1/1000 CPU time = 0.436s (Wall time = 0.439s)
    Energy change:-149.0762674592232

    vN Entropy at center bond b=80 = 0.643287612496
    Eigs at center bond b=80: 0.6566 0.3434 
    Largest link dim during sweep 2/1000 was 20
    Largest truncation error: 0.003649000743408445
    Energy after sweep 2/1000 is -152.312387949822
    Sweep 2/1000 CPU time = 1.467s (Wall time = 1.475s)
    Energy change:-3.236120490599291

    vN Entropy at center bond b=80 = 0.689649265575
    Eigs at center bond b=80: 0.5418 0.4582 
    Largest link dim during sweep 3/1000 was 50
    Largest truncation error: 0.001399425939284722
    Energy after sweep 3/1000 is -156.521420179796
    Sweep 3/1000 CPU time = 3.124s (Wall time = 3.382s)
    Energy change:-4.209032229973531

    vN Entropy at center bond b=80 = 0.655980683830
    Eigs at center bond b=80: 0.6355 0.3645 
    Largest link dim during sweep 4/1000 was 100
    Largest truncation error: 0.0005054337246622151
    Energy after sweep 4/1000 is -158.836208347867
    Sweep 4/1000 CPU time = 6.029s (Wall time = 6.577s)
    Energy change:-2.314788168070578

    vN Entropy at center bond b=80 = 0.507004462570
    Eigs at center bond b=80: 0.7952 0.2048 
    Largest link dim during sweep 5/1000 was 200
    Largest truncation error: 0.0002017096046302942
    Energy after sweep 5/1000 is -160.218332876694
    Sweep 5/1000 CPU time = 13.91s (Wall time = 15.19s)
    Energy change:-1.382124528827831

    vN Entropy at center bond b=80 = 0.338653800227
    Eigs at center bond b=80: 0.8937 0.1063 
    Largest link dim during sweep 6/1000 was 400
    Largest truncation error: 8.100107245570569e-05
    Energy after sweep 6/1000 is -161.537781368105
    Sweep 6/1000 CPU time = 50.48s (Wall time = 53.55s)
    Energy change:-1.319448491410867

    vN Entropy at center bond b=80 = 0.166580807488
    Eigs at center bond b=80: 0.9605 0.0394 
    Largest link dim during sweep 7/1000 was 1000
    Largest truncation error: 7.932031910155173e-06
    Energy after sweep 7/1000 is -162.677991295796
    Sweep 7/1000 CPU time = 5m, 52.9s (Wall time = 6m, 3.2s)
    Energy change:-1.140209927690819

    vN Entropy at center bond b=80 = 0.106418325780
    Eigs at center bond b=80: 0.9824 0.0121 0.0022 0.0016 0.0016 
    Largest link dim during sweep 8/1000 was 1800
    Largest truncation error: 2.863946677123077e-06
    Energy after sweep 8/1000 is -163.503975143553
    Sweep 8/1000 CPU time = 21m, 26s (Wall time = 21m, 54s)
    Energy change:-0.8259838477569303

    vN Entropy at center bond b=80 = 0.625235134570
    Eigs at center bond b=80: 0.8244 0.1275 0.0212 0.0209 0.0018 0.0017 0.0016 
    Largest link dim during sweep 9/1000 was 1800
    Largest truncation error: 8.846863573055728e-06
    Energy after sweep 9/1000 is -164.275942433832
    Sweep 9/1000 CPU time = 29m, 56s (Wall time = 30m, 32s)
    Energy change:-0.7719672902789227

    vN Entropy at center bond b=80 = 0.986386296516
    Eigs at center bond b=80: 0.5234 0.4022 0.0329 0.0327 0.0032 0.0032 
    Largest link dim during sweep 10/1000 was 1800
    Largest truncation error: 4.117469411424174e-06
    Energy after sweep 10/1000 is -164.916022156711
    Sweep 10/1000 CPU time = 30m, 35s (Wall time = 31m, 11s)
    Energy change:-0.6400797228787667

    vN Entropy at center bond b=80 = 0.685903307876
    Eigs at center bond b=80: 0.8278 0.1127 0.0181 0.0177 0.0050 0.0049 0.0037 0.0036 0.0020 0.0020 
    Largest link dim during sweep 11/1000 was 1800
    Largest truncation error: 3.144490852324616e-06
    Energy after sweep 11/1000 is -165.397498977495
    Sweep 11/1000 CPU time = 29m, 29s (Wall time = 30m, 4s)
    Energy change:-0.4814768207842519

    vN Entropy at center bond b=80 = 0.751763705980
    Eigs at center bond b=80: 0.8220 0.0975 0.0191 0.0190 0.0181 0.0073 0.0048 0.0046 0.0022 0.0021 
    Largest link dim during sweep 12/1000 was 1800
    Largest truncation error: 2.789263232836582e-06
    Energy after sweep 12/1000 is -165.924216926776
    Sweep 12/1000 CPU time = 29m, 8s (Wall time = 29m, 42s)
    Energy change:-0.5267179492808225

    vN Entropy at center bond b=80 = 1.028945429055
    Eigs at center bond b=80: 0.4992 0.4206 0.0328 0.0327 0.0036 0.0036 0.0023 0.0012 
    Largest link dim during sweep 13/1000 was 1800
    Largest truncation error: 3.00692417791738e-06
    Energy after sweep 13/1000 is -166.615339415721
    Sweep 13/1000 CPU time = 29m, 24s (Wall time = 29m, 59s)
    Energy change:-0.6911224889454104

    vN Entropy at center bond b=80 = 0.771808076606
    Eigs at center bond b=80: 0.7799 0.1573 0.0220 0.0219 0.0037 0.0026 0.0026 0.0024 0.0023 0.0023 
    Largest link dim during sweep 14/1000 was 1800
    Largest truncation error: 3.13737098612806e-06
    Energy after sweep 14/1000 is -167.403479946320
    Sweep 14/1000 CPU time = 30m, 29s (Wall time = 31m, 4s)
    Energy change:-0.788140530599037

    vN Entropy at center bond b=80 = 0.746055565466
    Eigs at center bond b=80: 0.8296 0.0858 0.0213 0.0181 0.0181 0.0076 0.0056 0.0055 0.0022 0.0022 
    Largest link dim during sweep 15/1000 was 1800
    Largest truncation error: 2.418161796910665e-06
    Energy after sweep 15/1000 is -168.035543575175
    Sweep 15/1000 CPU time = 33m, 32s (Wall time = 34m, 8s)
    Energy change:-0.6320636288549508

    vN Entropy at center bond b=80 = 1.050716500499
    Eigs at center bond b=80: 0.4835 0.4319 0.0339 0.0339 0.0041 0.0041 0.0025 0.0013 
    Largest link dim during sweep 16/1000 was 1800
    Largest truncation error: 2.766010953435336e-06
    Energy after sweep 16/1000 is -168.615334096638
    Sweep 16/1000 CPU time = 32m, 20s (Wall time = 32m, 55s)
    Energy change:-0.5797905214629395

    vN Entropy at center bond b=80 = 0.817438135200
    Eigs at center bond b=80: 0.7818 0.1440 0.0214 0.0214 0.0070 0.0054 0.0041 0.0041 0.0030 0.0030 
    Largest link dim during sweep 17/1000 was 1800
    Largest truncation error: 1.742249645440759e-06
    Energy after sweep 17/1000 is -169.096047291406
    Sweep 17/1000 CPU time = 27m, 52s (Wall time = 28m, 21s)
    Energy change:-0.4807131947674463

    vN Entropy at center bond b=80 = 0.887687184278
    Eigs at center bond b=80: 0.7728 0.1323 0.0223 0.0223 0.0198 0.0080 0.0053 0.0053 0.0032 0.0031 
    Largest link dim during sweep 18/1000 was 1800
    Largest truncation error: 1.383979447741221e-06
    Energy after sweep 18/1000 is -169.554695387840
    Sweep 18/1000 CPU time = 23m, 8s (Wall time = 23m, 30s)
    Energy change:-0.458648096433933

    vN Entropy at center bond b=80 = 1.070318974339
    Eigs at center bond b=80: 0.5096 0.4041 0.0323 0.0323 0.0045 0.0045 0.0022 0.0019 0.0013 
    Largest link dim during sweep 19/1000 was 1799
    Largest truncation error: 9.047596426174788e-07
    Energy after sweep 19/1000 is -170.058220853945
    Sweep 19/1000 CPU time = 18m, 32s (Wall time = 18m, 54s)
    Energy change:-0.5035254661055149

    vN Entropy at center bond b=80 = 0.873435954857
    Eigs at center bond b=80: 0.7984 0.0946 0.0323 0.0159 0.0159 0.0097 0.0097 0.0092 0.0028 0.0028 
    Largest link dim during sweep 20/1000 was 1800
    Largest truncation error: 1.189337133666749e-06
    Energy after sweep 20/1000 is -170.504907733900
    Sweep 20/1000 CPU time = 16m, 14s (Wall time = 16m, 34s)
    Energy change:-0.4466868799553652

    vN Entropy at center bond b=80 = 1.045614628004
    Eigs at center bond b=80: 0.6648 0.2362 0.0280 0.0280 0.0127 0.0069 0.0044 0.0044 0.0036 0.0036 
    Largest link dim during sweep 21/1000 was 1419
    Largest truncation error: 8.098682787532766e-07
    Energy after sweep 21/1000 is -170.860248507308
    Sweep 21/1000 CPU time = 11m, 15s (Wall time = 11m, 28s)
    Energy change:-0.3553407734079599

    vN Entropy at center bond b=80 = 1.079791565445
    Eigs at center bond b=80: 0.5946 0.3141 0.0295 0.0295 0.0050 0.0050 0.0037 0.0037 0.0021 0.0021 
    Largest link dim during sweep 22/1000 was 1114
    Largest truncation error: 8.074328488447895e-07
    Energy after sweep 22/1000 is -171.162150743612
    Sweep 22/1000 CPU time = 8m, 2.1s (Wall time = 8m, 7.0s)
    Energy change:-0.3019022363039596

    vN Entropy at center bond b=80 = 0.985098690065
    Eigs at center bond b=80: 0.7704 0.0859 0.0593 0.0145 0.0145 0.0130 0.0130 0.0100 0.0035 0.0030 
    Largest link dim during sweep 23/1000 was 1326
    Largest truncation error: 7.910517217175755e-07
    Energy after sweep 23/1000 is -171.435378939952
    Sweep 23/1000 CPU time = 6m, 5.6s (Wall time = 6m, 6.6s)
    Energy change:-0.2732281963400567

    vN Entropy at center bond b=80 = 1.138593786861
    Eigs at center bond b=80: 0.6075 0.2855 0.0280 0.0280 0.0140 0.0067 0.0056 0.0056 0.0038 0.0038 
    Largest link dim during sweep 24/1000 was 1227
    Largest truncation error: 9.085490218497731e-07
    Energy after sweep 24/1000 is -171.741116893356
    Sweep 24/1000 CPU time = 8m, 17.5s (Wall time = 8m, 19.2s)
    Energy change:-0.3057379534038489

    vN Entropy at center bond b=80 = 1.138704353629
    Eigs at center bond b=80: 0.6078 0.2881 0.0273 0.0273 0.0104 0.0056 0.0056 0.0055 0.0037 0.0037 
    Largest link dim during sweep 25/1000 was 1263
    Largest truncation error: 7.848748885686455e-07
    Energy after sweep 25/1000 is -172.013879480758
    Sweep 25/1000 CPU time = 6m, 55.8s (Wall time = 6m, 56.9s)
    Energy change:-0.2727625874019282

    vN Entropy at center bond b=80 = 1.105166608073
    Eigs at center bond b=80: 0.7279 0.1069 0.0715 0.0170 0.0170 0.0122 0.0122 0.0107 0.0049 0.0040 
    Largest link dim during sweep 26/1000 was 1159
    Largest truncation error: 7.680957252730889e-07
    Energy after sweep 26/1000 is -172.288957102014
    Sweep 26/1000 CPU time = 6m, 40.8s (Wall time = 6m, 41.8s)
    Energy change:-0.2750776212560311

    vN Entropy at center bond b=80 = 1.213433873888
    Eigs at center bond b=80: 0.5338 0.3544 0.0284 0.0284 0.0121 0.0067 0.0067 0.0058 0.0033 0.0032 
    Largest link dim during sweep 27/1000 was 1149
    Largest truncation error: 8.409910206649154e-07
    Energy after sweep 27/1000 is -172.464991999653
    Sweep 27/1000 CPU time = 5m, 20.2s (Wall time = 5m, 21.0s)
    Energy change:-0.1760348976390276

    vN Entropy at center bond b=80 = 1.215586264044
    Eigs at center bond b=80: 0.6052 0.2734 0.0253 0.0252 0.0199 0.0068 0.0063 0.0063 0.0053 0.0053 
    Largest link dim during sweep 28/1000 was 1050
    Largest truncation error: 7.206394632727353e-07
    Energy after sweep 28/1000 is -172.593715479398
    Sweep 28/1000 CPU time = 4m, 45.6s (Wall time = 4m, 46.3s)
    Energy change:-0.1287234797445649

    vN Entropy at center bond b=80 = 1.213842731178
    Eigs at center bond b=80: 0.6920 0.1103 0.0951 0.0154 0.0152 0.0147 0.0147 0.0108 0.0069 0.0042 
    Largest link dim during sweep 29/1000 was 951
    Largest truncation error: 7.094876104139449e-07
    Energy after sweep 29/1000 is -172.687257616736
    Sweep 29/1000 CPU time = 4m, 13.4s (Wall time = 4m, 14.0s)
    Energy change:-0.0935421373385168

    vN Entropy at center bond b=80 = 1.270590331436
    Eigs at center bond b=80: 0.6116 0.2443 0.0389 0.0236 0.0235 0.0096 0.0075 0.0073 0.0063 0.0063 
    Largest link dim during sweep 30/1000 was 843
    Largest truncation error: 8.948940094310092e-07
    Energy after sweep 30/1000 is -172.759171581590
    Sweep 30/1000 CPU time = 3m, 55.9s (Wall time = 3m, 56.5s)
    Energy change:-0.0719139648539624

    vN Entropy at center bond b=80 = 1.311709626408
    Eigs at center bond b=80: 0.4490 0.4258 0.0268 0.0266 0.0126 0.0073 0.0072 0.0068 0.0061 0.0039 
    Largest link dim during sweep 31/1000 was 745
    Largest truncation error: 8.133656452764325e-07
    Energy after sweep 31/1000 is -172.815135907794
    Sweep 31/1000 CPU time = 3m, 41.3s (Wall time = 3m, 41.8s)
    Energy change:-0.05596432620359337

    vN Entropy at center bond b=80 = 1.318730659588
    Eigs at center bond b=80: 0.5635 0.2979 0.0270 0.0243 0.0240 0.0078 0.0069 0.0068 0.0060 0.0059 
    Largest link dim during sweep 32/1000 was 695
    Largest truncation error: 9.032264322939599e-07
    Energy after sweep 32/1000 is -172.856661133210
    Sweep 32/1000 CPU time = 3m, 32.8s (Wall time = 3m, 33.3s)
    Energy change:-0.04152522541647841

    vN Entropy at center bond b=80 = 1.340970672489
    Eigs at center bond b=80: 0.6339 0.1728 0.0810 0.0184 0.0181 0.0122 0.0121 0.0118 0.0075 0.0056 
    Largest link dim during sweep 33/1000 was 729
    Largest truncation error: 7.825572085284528e-07
    Energy after sweep 33/1000 is -172.896780936842
    Sweep 33/1000 CPU time = 3m, 50.6s (Wall time = 3m, 51.2s)
    Energy change:-0.04011980363171119

    vN Entropy at center bond b=80 = 1.376778523406
    Eigs at center bond b=80: 0.6179 0.1794 0.0879 0.0190 0.0188 0.0125 0.0120 0.0117 0.0078 0.0058 
    Largest link dim during sweep 34/1000 was 636
    Largest truncation error: 8.937799893823177e-07
    Energy after sweep 34/1000 is -172.927595327879
    Sweep 34/1000 CPU time = 4m, 20.2s (Wall time = 4m, 20.8s)
    Energy change:-0.03081439103675621

    vN Entropy at center bond b=80 = 1.431177066316
    Eigs at center bond b=80: 0.5104 0.3285 0.0385 0.0235 0.0233 0.0105 0.0073 0.0073 0.0066 0.0064 
    Largest link dim during sweep 35/1000 was 626
    Largest truncation error: 7.594797114969473e-07
    Energy after sweep 35/1000 is -172.948126203723
    Sweep 35/1000 CPU time = 4m, 51.3s (Wall time = 4m, 52.0s)
    Energy change:-0.02053087584380364

    vN Entropy at center bond b=80 = 1.471627818355
    Eigs at center bond b=80: 0.4421 0.3975 0.0237 0.0233 0.0216 0.0191 0.0082 0.0080 0.0076 0.0075 
    Largest link dim during sweep 36/1000 was 625
    Largest truncation error: 7.613257856249197e-07
    Energy after sweep 36/1000 is -172.959224481483
    Sweep 36/1000 CPU time = 5m, 26.7s (Wall time = 5m, 27.5s)
    Energy change:-0.01109827776048178

    vN Entropy at center bond b=80 = 1.502316621920
    Eigs at center bond b=80: 0.4976 0.3255 0.0421 0.0223 0.0219 0.0121 0.0113 0.0073 0.0072 0.0069 
    Largest link dim during sweep 37/1000 was 643
    Largest truncation error: 7.329027651436507e-07
    Energy after sweep 37/1000 is -172.963215712955
    Sweep 37/1000 CPU time = 5m, 45.9s (Wall time = 5m, 46.8s)
    Energy change:-0.003991231471445644

    vN Entropy at center bond b=80 = 1.523285911908
    Eigs at center bond b=80: 0.5196 0.2876 0.0588 0.0212 0.0207 0.0133 0.0093 0.0085 0.0084 0.0070 
    Largest link dim during sweep 38/1000 was 662
    Largest truncation error: 7.667668780651054e-07
    Energy after sweep 38/1000 is -172.964555305321
    Sweep 38/1000 CPU time = 5m, 50.5s (Wall time = 5m, 51.3s)
    Energy change:-0.001339592366264242

    vN Entropy at center bond b=80 = 1.534517147982
    Eigs at center bond b=80: 0.5279 0.2695 0.0686 0.0206 0.0200 0.0143 0.0093 0.0092 0.0080 0.0072 
    Largest link dim during sweep 39/1000 was 665
    Largest truncation error: 7.807424834738931e-07
    Energy after sweep 39/1000 is -172.964991495936
    Sweep 39/1000 CPU time = 5m, 38.5s (Wall time = 5m, 39.3s)
    Energy change:-0.0004361906150052164

    vN Entropy at center bond b=80 = 1.539799192415
    Eigs at center bond b=80: 0.5319 0.2601 0.0741 0.0203 0.0197 0.0148 0.0098 0.0096 0.0074 0.0073 
    Largest link dim during sweep 40/1000 was 664
    Largest truncation error: 7.73687176349008e-07
    Energy after sweep 40/1000 is -172.965216573987
    Sweep 40/1000 CPU time = 5m, 28.0s (Wall time = 5m, 28.8s)
    Energy change:-0.0002250780513861628

    vN Entropy at center bond b=80 = 1.542622998043
    Eigs at center bond b=80: 0.5341 0.2547 0.0772 0.0201 0.0195 0.0151 0.0100 0.0098 0.0073 0.0070 
    Largest link dim during sweep 41/1000 was 665
    Largest truncation error: 7.4905745120814e-07
    Energy after sweep 41/1000 is -172.965384993116
    Sweep 41/1000 CPU time = 5m, 21.2s (Wall time = 5m, 22.0s)
    Energy change:-0.0001684191290109993

    vN Entropy at center bond b=80 = 1.544495123250
    Eigs at center bond b=80: 0.5355 0.2514 0.0791 0.0200 0.0193 0.0153 0.0102 0.0100 0.0074 0.0068 
    Largest link dim during sweep 42/1000 was 670
    Largest truncation error: 7.042191132912528e-07
    Energy after sweep 42/1000 is -172.965529307172
    Sweep 42/1000 CPU time = 5m, 20.2s (Wall time = 5m, 21.0s)
    Energy change:-0.0001443140553476496

    vN Entropy at center bond b=80 = 1.545974582109
    Eigs at center bond b=80: 0.5363 0.2492 0.0803 0.0200 0.0193 0.0154 0.0104 0.0101 0.0074 0.0067 
    Largest link dim during sweep 43/1000 was 676
    Largest truncation error: 7.656677150338156e-07
    Energy after sweep 43/1000 is -172.965649001067
    Sweep 43/1000 CPU time = 5m, 20.7s (Wall time = 5m, 21.5s)
    Energy change:-0.0001196938951864013

    vN Entropy at center bond b=80 = 1.547228803567
    Eigs at center bond b=80: 0.5368 0.2478 0.0812 0.0200 0.0192 0.0154 0.0105 0.0101 0.0074 0.0066 
    Largest link dim during sweep 44/1000 was 679
    Largest truncation error: 6.659106823235725e-07
    Energy after sweep 44/1000 is -172.965755544379
    Sweep 44/1000 CPU time = 5m, 19.1s (Wall time = 5m, 19.9s)
    Energy change:-0.0001065433123983439

    vN Entropy at center bond b=80 = 1.548354780987
    Eigs at center bond b=80: 0.5372 0.2467 0.0818 0.0200 0.0191 0.0155 0.0106 0.0102 0.0074 0.0065 
    Largest link dim during sweep 45/1000 was 681
    Largest truncation error: 6.763826787351524e-07
    Energy after sweep 45/1000 is -172.965855037129
    Sweep 45/1000 CPU time = 5m, 17.7s (Wall time = 5m, 18.5s)
    Energy change:-9.949275013809711e-05

    vN Entropy at center bond b=80 = 1.549388796140
    Eigs at center bond b=80: 0.5374 0.2458 0.0822 0.0200 0.0191 0.0155 0.0107 0.0102 0.0074 0.0065 
    Largest link dim during sweep 46/1000 was 682
    Largest truncation error: 6.845217398552095e-07
    Energy after sweep 46/1000 is -172.965942356360
    Sweep 46/1000 CPU time = 5m, 20.9s (Wall time = 5m, 21.7s)
    Energy change:-8.731923048799217e-05

    vN Entropy at center bond b=80 = 1.550377563581
    Eigs at center bond b=80: 0.5376 0.2452 0.0826 0.0200 0.0191 0.0155 0.0108 0.0102 0.0074 0.0065 
    Largest link dim during sweep 47/1000 was 684
    Largest truncation error: 6.888139440949402e-07
    Energy after sweep 47/1000 is -172.966021221966
    Sweep 47/1000 CPU time = 5m, 22.5s (Wall time = 5m, 23.3s)
    Energy change:-7.886560675274268e-05

    vN Entropy at center bond b=80 = 1.551378102443
    Eigs at center bond b=80: 0.5377 0.2446 0.0829 0.0200 0.0190 0.0156 0.0109 0.0102 0.0074 0.0065 
    Largest link dim during sweep 48/1000 was 685
    Largest truncation error: 6.796263762047573e-07
    Energy after sweep 48/1000 is -172.966092313432
    Sweep 48/1000 CPU time = 5m, 21.7s (Wall time = 5m, 22.5s)
    Energy change:-7.109146562811475e-05

    vN Entropy at center bond b=80 = 1.552398781592
    Eigs at center bond b=80: 0.5378 0.2442 0.0831 0.0200 0.0190 0.0156 0.0109 0.0103 0.0074 0.0065 
    Largest link dim during sweep 49/1000 was 687
    Largest truncation error: 6.747396304687422e-07
    Energy after sweep 49/1000 is -172.966156842185
    Sweep 49/1000 CPU time = 5m, 18.7s (Wall time = 5m, 19.5s)
    Energy change:-6.452875302898065e-05

    vN Entropy at center bond b=80 = 1.553378878727
    Eigs at center bond b=80: 0.5378 0.2438 0.0833 0.0200 0.0190 0.0156 0.0110 0.0103 0.0074 0.0065 
    Largest link dim during sweep 50/1000 was 687
    Largest truncation error: 6.714542054211546e-07
    Energy after sweep 50/1000 is -172.966221561976
    Sweep 50/1000 CPU time = 5m, 20.1s (Wall time = 5m, 20.9s)
    Energy change:-6.471979060052035e-05

    vN Entropy at center bond b=80 = 1.554391464064
    Eigs at center bond b=80: 0.5378 0.2435 0.0835 0.0200 0.0190 0.0156 0.0111 0.0103 0.0074 0.0065 
    Largest link dim during sweep 51/1000 was 687
    Largest truncation error: 6.688793394943666e-07
    Energy after sweep 51/1000 is -172.966277056853
    Sweep 51/1000 CPU time = 5m, 21.2s (Wall time = 5m, 21.9s)
    Energy change:-5.549487741518533e-05

    vN Entropy at center bond b=80 = 1.555392232381
    Eigs at center bond b=80: 0.5378 0.2432 0.0836 0.0200 0.0189 0.0156 0.0112 0.0103 0.0074 0.0065 
    Largest link dim during sweep 52/1000 was 687
    Largest truncation error: 6.664261634609767e-07
    Energy after sweep 52/1000 is -172.966331320787
    Sweep 52/1000 CPU time = 5m, 22.9s (Wall time = 5m, 23.7s)
    Energy change:-5.42639336913453e-05

    vN Entropy at center bond b=80 = 1.556386384104
    Eigs at center bond b=80: 0.5378 0.2430 0.0837 0.0200 0.0189 0.0156 0.0113 0.0103 0.0074 0.0065 
    Largest link dim during sweep 53/1000 was 686
    Largest truncation error: 6.640909028071566e-07
    Energy after sweep 53/1000 is -172.966378537531
    Sweep 53/1000 CPU time = 5m, 21.2s (Wall time = 5m, 22.0s)
    Energy change:-4.721674366692241e-05

    vN Entropy at center bond b=80 = 1.557412337749
    Eigs at center bond b=80: 0.5377 0.2427 0.0839 0.0200 0.0189 0.0156 0.0114 0.0103 0.0074 0.0066 
    Largest link dim during sweep 54/1000 was 686
    Largest truncation error: 6.618443347742541e-07
    Energy after sweep 54/1000 is -172.966424338474
    Sweep 54/1000 CPU time = 5m, 21.3s (Wall time = 5m, 22.1s)
    Energy change:-4.580094355333131e-05

    vN Entropy at center bond b=80 = 1.558493162756
    Eigs at center bond b=80: 0.5376 0.2425 0.0840 0.0200 0.0189 0.0156 0.0115 0.0103 0.0074 0.0066 
    Largest link dim during sweep 55/1000 was 689
    Largest truncation error: 6.56142931840822e-07
    Energy after sweep 55/1000 is -172.966469984209
    Sweep 55/1000 CPU time = 5m, 22.3s (Wall time = 5m, 23.1s)
    Energy change:-4.564573504239888e-05

    vN Entropy at center bond b=80 = 1.559540303028
    Eigs at center bond b=80: 0.5375 0.2424 0.0841 0.0200 0.0189 0.0156 0.0116 0.0103 0.0074 0.0066 
    Largest link dim during sweep 56/1000 was 692
    Largest truncation error: 6.570243362046452e-07
    Energy after sweep 56/1000 is -172.966509096001
    Sweep 56/1000 CPU time = 5m, 22.1s (Wall time = 5m, 22.9s)
    Energy change:-3.911179149440613e-05

    vN Entropy at center bond b=80 = 1.560537002720
    Eigs at center bond b=80: 0.5374 0.2422 0.0842 0.0200 0.0189 0.0157 0.0116 0.0103 0.0074 0.0066 
    Largest link dim during sweep 57/1000 was 694
    Largest truncation error: 6.539843509313092e-07
    Energy after sweep 57/1000 is -172.966546279305
    Sweep 57/1000 CPU time = 5m, 19.4s (Wall time = 5m, 20.2s)
    Energy change:-3.718330486890409e-05

    vN Entropy at center bond b=80 = 1.561507118801
    Eigs at center bond b=80: 0.5373 0.2421 0.0843 0.0201 0.0188 0.0157 0.0117 0.0103 0.0074 0.0066 
    Largest link dim during sweep 58/1000 was 696
    Largest truncation error: 6.512891065277807e-07
    Energy after sweep 58/1000 is -172.966581572858
    Sweep 58/1000 CPU time = 5m, 20.6s (Wall time = 5m, 21.4s)
    Energy change:-3.529355274167756e-05

    vN Entropy at center bond b=80 = 1.562460463890
    Eigs at center bond b=80: 0.5372 0.2419 0.0843 0.0201 0.0188 0.0157 0.0118 0.0103 0.0074 0.0066 
    Largest link dim during sweep 59/1000 was 697
    Largest truncation error: 6.48973585853408e-07
    Energy after sweep 59/1000 is -172.966615833347
    Sweep 59/1000 CPU time = 5m, 20.6s (Wall time = 5m, 21.4s)
    Energy change:-3.426048866117526e-05

    vN Entropy at center bond b=80 = 1.563407378288
    Eigs at center bond b=80: 0.5371 0.2418 0.0844 0.0201 0.0188 0.0157 0.0119 0.0103 0.0074 0.0066 
    Largest link dim during sweep 60/1000 was 699
    Largest truncation error: 6.476442104766387e-07
    Energy after sweep 60/1000 is -172.966653651972
    Sweep 60/1000 CPU time = 5m, 22.0s (Wall time = 5m, 22.8s)
    Energy change:-3.781862506002653e-05

    vN Entropy at center bond b=80 = 1.564335870911
    Eigs at center bond b=80: 0.5370 0.2417 0.0845 0.0201 0.0188 0.0157 0.0119 0.0103 0.0074 0.0066 
    Largest link dim during sweep 61/1000 was 700
    Largest truncation error: 6.472867317835648e-07
    Energy after sweep 61/1000 is -172.966681142571
    Sweep 61/1000 CPU time = 5m, 21.1s (Wall time = 5m, 21.9s)
    Energy change:-2.749059913753626e-05

    vN Entropy at center bond b=80 = 1.565253159102
    Eigs at center bond b=80: 0.5368 0.2416 0.0846 0.0201 0.0188 0.0157 0.0120 0.0103 0.0075 0.0066 
    Largest link dim during sweep 62/1000 was 701
    Largest truncation error: 7.040845018202338e-07
    Energy after sweep 62/1000 is -172.966713252331
    Sweep 62/1000 CPU time = 5m, 22.7s (Wall time = 5m, 23.5s)
    Energy change:-3.210976018408473e-05

    vN Entropy at center bond b=80 = 1.566142677183
    Eigs at center bond b=80: 0.5367 0.2415 0.0846 0.0201 0.0188 0.0157 0.0121 0.0103 0.0075 0.0066 
    Largest link dim during sweep 63/1000 was 705
    Largest truncation error: 6.953995211358546e-07
    Energy after sweep 63/1000 is -172.966737940500
    Sweep 63/1000 CPU time = 5m, 22.9s (Wall time = 5m, 23.7s)
    Energy change:-2.468816921918915e-05

    vN Entropy at center bond b=80 = 1.567006059573
    Eigs at center bond b=80: 0.5366 0.2414 0.0847 0.0201 0.0188 0.0157 0.0121 0.0103 0.0075 0.0066 
    Largest link dim during sweep 64/1000 was 707
    Largest truncation error: 6.925299878684454e-07
    Energy after sweep 64/1000 is -172.966762413632
    Sweep 64/1000 CPU time = 5m, 23.4s (Wall time = 5m, 24.2s)
    Energy change:-2.447313158882025e-05

    vN Entropy at center bond b=80 = 1.567834409774
    Eigs at center bond b=80: 0.5365 0.2413 0.0848 0.0202 0.0188 0.0157 0.0122 0.0103 0.0075 0.0066 
    Largest link dim during sweep 65/1000 was 708
    Largest truncation error: 6.900699533127903e-07
    Energy after sweep 65/1000 is -172.966787669072
    Sweep 65/1000 CPU time = 5m, 23.7s (Wall time = 5m, 24.4s)
    Energy change:-2.525543965248289e-05

    vN Entropy at center bond b=80 = 1.568636080495
    Eigs at center bond b=80: 0.5363 0.2413 0.0848 0.0202 0.0188 0.0157 0.0123 0.0103 0.0075 0.0066 
    Largest link dim during sweep 66/1000 was 709
    Largest truncation error: 6.876421155253756e-07
    Energy after sweep 66/1000 is -172.966808116412
    Sweep 66/1000 CPU time = 5m, 24.2s (Wall time = 5m, 25.0s)
    Energy change:-2.044734065975717e-05

    vN Entropy at center bond b=80 = 1.569392290873
    Eigs at center bond b=80: 0.5362 0.2413 0.0848 0.0202 0.0187 0.0157 0.0123 0.0103 0.0075 0.0067 
    Largest link dim during sweep 67/1000 was 709
    Largest truncation error: 6.84107227268098e-07
    Energy after sweep 67/1000 is -172.966829864849
    Sweep 67/1000 CPU time = 5m, 24.1s (Wall time = 5m, 24.9s)
    Energy change:-2.174843641000734e-05

    vN Entropy at center bond b=80 = 1.570104449274
    Eigs at center bond b=80: 0.5361 0.2412 0.0849 0.0202 0.0187 0.0157 0.0124 0.0103 0.0075 0.0067 
    Largest link dim during sweep 68/1000 was 710
    Largest truncation error: 6.818048395477077e-07
    Energy after sweep 68/1000 is -172.966851039192
    Sweep 68/1000 CPU time = 5m, 24.7s (Wall time = 5m, 25.5s)
    Energy change:-2.117434343062996e-05

    vN Entropy at center bond b=80 = 1.570803421368
    Eigs at center bond b=80: 0.5359 0.2412 0.0849 0.0202 0.0187 0.0157 0.0124 0.0103 0.0075 0.0067 
    Largest link dim during sweep 69/1000 was 710
    Largest truncation error: 7.024834857617316e-07
    Energy after sweep 69/1000 is -172.966868302362
    Sweep 69/1000 CPU time = 5m, 24.8s (Wall time = 5m, 25.6s)
    Energy change:-1.726316955341645e-05

    vN Entropy at center bond b=80 = 1.571443920232
    Eigs at center bond b=80: 0.5358 0.2412 0.0849 0.0203 0.0187 0.0157 0.0124 0.0103 0.0075 0.0067 
    Largest link dim during sweep 70/1000 was 709
    Largest truncation error: 6.975689192645214e-07
    Energy after sweep 70/1000 is -172.966884376391
    Sweep 70/1000 CPU time = 5m, 24.3s (Wall time = 5m, 25.1s)
    Energy change:-1.607402930403623e-05

    vN Entropy at center bond b=80 = 1.572055836631
    Eigs at center bond b=80: 0.5357 0.2411 0.0850 0.0203 0.0187 0.0157 0.0125 0.0103 0.0075 0.0067 
    Largest link dim during sweep 71/1000 was 710
    Largest truncation error: 6.944971196345736e-07
    Energy after sweep 71/1000 is -172.966902896496
    Sweep 71/1000 CPU time = 5m, 25.2s (Wall time = 5m, 26.0s)
    Energy change:-1.852010524316938e-05

    vN Entropy at center bond b=80 = 1.572655316391
    Eigs at center bond b=80: 0.5356 0.2412 0.0850 0.0203 0.0187 0.0157 0.0125 0.0103 0.0075 0.0067 
    Largest link dim during sweep 72/1000 was 710
    Largest truncation error: 6.921290535219514e-07
    Energy after sweep 72/1000 is -172.966918632078
    Sweep 72/1000 CPU time = 5m, 24.7s (Wall time = 5m, 25.5s)
    Energy change:-1.57355821386318e-05

    vN Entropy at center bond b=80 = 1.573248281056
    Eigs at center bond b=80: 0.5355 0.2411 0.0850 0.0203 0.0187 0.0157 0.0125 0.0103 0.0075 0.0067 
    Largest link dim during sweep 73/1000 was 710
    Largest truncation error: 6.900838113036558e-07
    Energy after sweep 73/1000 is -172.966934855855
    Sweep 73/1000 CPU time = 5m, 25.9s (Wall time = 5m, 26.6s)
    Energy change:-1.622377652665818e-05

    vN Entropy at center bond b=80 = 1.573851177837
    Eigs at center bond b=80: 0.5354 0.2411 0.0850 0.0204 0.0187 0.0157 0.0126 0.0103 0.0075 0.0067 
    Largest link dim during sweep 74/1000 was 710
    Largest truncation error: 6.881611855743224e-07
    Energy after sweep 74/1000 is -172.966952263268
    Sweep 74/1000 CPU time = 5m, 25.4s (Wall time = 5m, 26.2s)
    Energy change:-1.740741271305524e-05

    vN Entropy at center bond b=80 = 1.574465207923
    Eigs at center bond b=80: 0.5352 0.2411 0.0851 0.0204 0.0187 0.0157 0.0126 0.0103 0.0075 0.0067 
    Largest link dim during sweep 75/1000 was 709
    Largest truncation error: 6.865473953362768e-07
    Energy after sweep 75/1000 is -172.966968563976
    Sweep 75/1000 CPU time = 5m, 26.2s (Wall time = 5m, 27.0s)
    Energy change:-1.630070855185295e-05

    vN Entropy at center bond b=80 = 1.575039435454
    Eigs at center bond b=80: 0.5351 0.2411 0.0851 0.0204 0.0187 0.0157 0.0126 0.0103 0.0076 0.0067 
    Largest link dim during sweep 76/1000 was 709
    Largest truncation error: 7.792395944546902e-07
    Energy after sweep 76/1000 is -172.966974884971
    Sweep 76/1000 CPU time = 5m, 25.8s (Wall time = 5m, 26.6s)
    Energy change:-6.320994685893311e-06

    Energy has converged -> stop the DMRG.
Final energy=0
Time=40474 sec
Nup =20 Ndown = 19L = 40 W = 4
