1_Dn 5_Up 9_Dn 13_Up 17_Dn 21_Up 25_Dn 29_Up 33_Dn 37_Up 41_Dn 45_Up 2_Up 6_Dn 10_Up 14_Dn 18_Up 22_Dn 26_Up 30_Dn 34_Up 38_Dn 42_Up 46_Dn 3_Dn 7_Up 11_Dn 15_Up 19_Dn 23_Up 27_Dn 31_Up 35_Dn 39_Up 43_Dn 47_Up 4_Up 8_Dn 12_Up 16_Dn 20_Up 24_Dn 28_Up 32_Dn 36_Up 40_Dn 44_Up 48_Dn 49_Up Initial energy=0
    vN Entropy at center bond b=80 = -0.000000000000
    Eigs at center bond b=80: 1.0000 
    Largest link dim during sweep 1/1000 was 10
    Largest truncation error: 0.0007818823627029121
    Energy after sweep 1/1000 is -186.588283636066
    Sweep 1/1000 CPU time = 0.508s (Wall time = 0.512s)
    Energy change:-186.5882836360658

    vN Entropy at center bond b=80 = -0.000000000000
    Eigs at center bond b=80: 1.0000 
    Largest link dim during sweep 2/1000 was 20
    Largest truncation error: 0.003649768269473491
    Energy after sweep 2/1000 is -190.837816691903
    Sweep 2/1000 CPU time = 1.921s (Wall time = 1.928s)
    Energy change:-4.249533055837418

    vN Entropy at center bond b=80 = -0.000000000000
    Eigs at center bond b=80: 1.0000 
    Largest link dim during sweep 3/1000 was 50
    Largest truncation error: 0.001420773765540141
    Energy after sweep 3/1000 is -195.515818369142
    Sweep 3/1000 CPU time = 4.032s (Wall time = 4.326s)
    Energy change:-4.678001677239223

    vN Entropy at center bond b=80 = 0.164965801201
    Eigs at center bond b=80: 0.9609 0.0391 
    Largest link dim during sweep 4/1000 was 100
    Largest truncation error: 0.0007003055578980483
    Energy after sweep 4/1000 is -198.709042193137
    Sweep 4/1000 CPU time = 7.528s (Wall time = 8.356s)
    Energy change:-3.193223823994202

    vN Entropy at center bond b=80 = 0.688248780527
    Eigs at center bond b=80: 0.5716 0.4278 
    Largest link dim during sweep 5/1000 was 200
    Largest truncation error: 0.0002186808989523466
    Energy after sweep 5/1000 is -200.412350714363
    Sweep 5/1000 CPU time = 17.70s (Wall time = 19.40s)
    Energy change:-1.703308521226148

    vN Entropy at center bond b=80 = 0.380358809420
    Eigs at center bond b=80: 0.8876 0.1066 0.0040 
    Largest link dim during sweep 6/1000 was 400
    Largest truncation error: 6.587857302486063e-05
    Energy after sweep 6/1000 is -201.751024752647
    Sweep 6/1000 CPU time = 1m, 1.9s (Wall time = 1m, 5.4s)
    Energy change:-1.338674038284125

    vN Entropy at center bond b=80 = 0.537071307072
    Eigs at center bond b=80: 0.8772 0.0668 0.0229 0.0159 0.0125 0.0014 0.0012 
    Largest link dim during sweep 7/1000 was 1000
    Largest truncation error: 1.117474992317885e-05
    Energy after sweep 7/1000 is -202.947702507745
    Sweep 7/1000 CPU time = 7m, 48.7s (Wall time = 8m, 2.1s)
    Energy change:-1.196677755097767

    vN Entropy at center bond b=80 = 1.011682113750
    Eigs at center bond b=80: 0.5073 0.4123 0.0374 0.0325 0.0033 0.0033 
    Largest link dim during sweep 8/1000 was 1800
    Largest truncation error: 2.967127565590716e-06
    Energy after sweep 8/1000 is -203.874230916652
    Sweep 8/1000 CPU time = 33m, 54s (Wall time = 34m, 37s)
    Energy change:-0.9265284089069326

    vN Entropy at center bond b=80 = 0.671178782800
    Eigs at center bond b=80: 0.8493 0.0823 0.0158 0.0148 0.0124 0.0063 0.0060 0.0059 0.0018 0.0018 
    Largest link dim during sweep 9/1000 was 1800
    Largest truncation error: 4.116207866900435e-06
    Energy after sweep 9/1000 is -204.534702721484
    Sweep 9/1000 CPU time = 45m, 31s (Wall time = 46m, 24s)
    Energy change:-0.6604718048319569

    vN Entropy at center bond b=80 = 0.939025481087
    Eigs at center bond b=80: 0.6983 0.2189 0.0283 0.0281 0.0065 0.0053 0.0034 0.0033 0.0023 0.0021 
    Largest link dim during sweep 10/1000 was 1800
    Largest truncation error: 4.845841099775937e-06
    Energy after sweep 10/1000 is -205.195530751766
    Sweep 10/1000 CPU time = 43m, 59s (Wall time = 44m, 51s)
    Energy change:-0.6608280302827438

    vN Entropy at center bond b=80 = 0.957153186617
    Eigs at center bond b=80: 0.6471 0.2766 0.0296 0.0295 0.0036 0.0036 0.0025 0.0011 0.0011 
    Largest link dim during sweep 11/1000 was 1800
    Largest truncation error: 8.433176025641795e-06
    Energy after sweep 11/1000 is -205.780697092877
    Sweep 11/1000 CPU time = 42m, 40s (Wall time = 43m, 29s)
    Energy change:-0.5851663411103232

    vN Entropy at center bond b=80 = 0.729515637960
    Eigs at center bond b=80: 0.8452 0.0576 0.0347 0.0118 0.0117 0.0107 0.0106 0.0084 0.0017 0.0017 
    Largest link dim during sweep 12/1000 was 1800
    Largest truncation error: 4.468859888942471e-06
    Energy after sweep 12/1000 is -206.355197822314
    Sweep 12/1000 CPU time = 42m, 12s (Wall time = 42m, 60s)
    Energy change:-0.574500729437176

    vN Entropy at center bond b=80 = 0.984326574831
    Eigs at center bond b=80: 0.6671 0.2462 0.0297 0.0296 0.0063 0.0053 0.0038 0.0038 0.0021 0.0021 
    Largest link dim during sweep 13/1000 was 1800
    Largest truncation error: 1.290662619550872e-05
    Energy after sweep 13/1000 is -207.204810018251
    Sweep 13/1000 CPU time = 42m, 55s (Wall time = 43m, 45s)
    Energy change:-0.8496121959371692

    vN Entropy at center bond b=80 = 0.972121247087
    Eigs at center bond b=80: 0.6529 0.2676 0.0293 0.0293 0.0040 0.0040 0.0030 0.0015 0.0015 0.0015 
    Largest link dim during sweep 14/1000 was 1800
    Largest truncation error: 8.512398558201515e-06
    Energy after sweep 14/1000 is -207.927031104334
    Sweep 14/1000 CPU time = 43m, 14s (Wall time = 44m, 5s)
    Energy change:-0.7222210860829819

    vN Entropy at center bond b=80 = 0.801440367030
    Eigs at center bond b=80: 0.8276 0.0520 0.0499 0.0136 0.0136 0.0110 0.0110 0.0091 0.0021 0.0021 
    Largest link dim during sweep 15/1000 was 1800
    Largest truncation error: 9.607553131595283e-06
    Energy after sweep 15/1000 is -208.555555888598
    Sweep 15/1000 CPU time = 41m, 55s (Wall time = 42m, 45s)
    Energy change:-0.6285247842638739

    vN Entropy at center bond b=80 = 1.065388748160
    Eigs at center bond b=80: 0.5846 0.3237 0.0320 0.0320 0.0050 0.0047 0.0047 0.0044 0.0018 0.0017 
    Largest link dim during sweep 16/1000 was 1800
    Largest truncation error: 2.962781987440988e-06
    Energy after sweep 16/1000 is -209.163217886933
    Sweep 16/1000 CPU time = 38m, 51s (Wall time = 39m, 37s)
    Energy change:-0.6076619983353453

    vN Entropy at center bond b=80 = 0.968865218584
    Eigs at center bond b=80: 0.7099 0.2019 0.0251 0.0251 0.0081 0.0058 0.0041 0.0041 0.0040 0.0040 
    Largest link dim during sweep 17/1000 was 1800
    Largest truncation error: 2.961410474320606e-06
    Energy after sweep 17/1000 is -209.730047695953
    Sweep 17/1000 CPU time = 37m, 21s (Wall time = 38m, 5s)
    Energy change:-0.5668298090195663

    vN Entropy at center bond b=80 = 0.958187400079
    Eigs at center bond b=80: 0.7678 0.1130 0.0365 0.0199 0.0199 0.0094 0.0083 0.0083 0.0036 0.0036 
    Largest link dim during sweep 18/1000 was 1800
    Largest truncation error: 4.482772365076981e-06
    Energy after sweep 18/1000 is -210.259036954917
    Sweep 18/1000 CPU time = 34m, 59s (Wall time = 35m, 41s)
    Energy change:-0.5289892589640885

    vN Entropy at center bond b=80 = 1.126816924707
    Eigs at center bond b=80: 0.4812 0.4248 0.0315 0.0315 0.0054 0.0054 0.0028 0.0026 0.0022 0.0014 
    Largest link dim during sweep 19/1000 was 1800
    Largest truncation error: 2.917985982057355e-06
    Energy after sweep 19/1000 is -210.823831166137
    Sweep 19/1000 CPU time = 30m, 56s (Wall time = 31m, 30s)
    Energy change:-0.5647942112202884

    vN Entropy at center bond b=80 = 1.023806303750
    Eigs at center bond b=80: 0.7543 0.1103 0.0469 0.0171 0.0171 0.0111 0.0111 0.0093 0.0046 0.0038 
    Largest link dim during sweep 20/1000 was 1800
    Largest truncation error: 2.907194297244614e-06
    Energy after sweep 20/1000 is -211.370182096134
    Sweep 20/1000 CPU time = 28m, 56s (Wall time = 29m, 26s)
    Energy change:-0.5463509299967768

    vN Entropy at center bond b=80 = 1.151772624253
    Eigs at center bond b=80: 0.6136 0.2757 0.0277 0.0277 0.0148 0.0062 0.0062 0.0062 0.0041 0.0041 
    Largest link dim during sweep 21/1000 was 1800
    Largest truncation error: 2.156279966595426e-06
    Energy after sweep 21/1000 is -211.875079066594
    Sweep 21/1000 CPU time = 25m, 24s (Wall time = 25m, 49s)
    Energy change:-0.504896970460095

    vN Entropy at center bond b=80 = 1.172625777575
    Eigs at center bond b=80: 0.6353 0.2468 0.0254 0.0254 0.0181 0.0064 0.0064 0.0062 0.0056 0.0054 
    Largest link dim during sweep 22/1000 was 1800
    Largest truncation error: 1.373497252339366e-06
    Energy after sweep 22/1000 is -212.512143443079
    Sweep 22/1000 CPU time = 25m, 37s (Wall time = 26m, 0s)
    Energy change:-0.6370643764847159

    vN Entropy at center bond b=80 = 1.165515168667
    Eigs at center bond b=80: 0.7023 0.1434 0.0527 0.0198 0.0198 0.0102 0.0102 0.0085 0.0075 0.0059 
    Largest link dim during sweep 23/1000 was 1800
    Largest truncation error: 1.159550486611983e-06
    Energy after sweep 23/1000 is -212.962500369118
    Sweep 23/1000 CPU time = 28m, 4s (Wall time = 28m, 32s)
    Energy change:-0.4503569260397455

    vN Entropy at center bond b=80 = 1.247648094408
    Eigs at center bond b=80: 0.4679 0.4184 0.0288 0.0288 0.0079 0.0079 0.0073 0.0041 0.0036 0.0032 
    Largest link dim during sweep 24/1000 was 1672
    Largest truncation error: 8.306248277352176e-07
    Energy after sweep 24/1000 is -213.291311357330
    Sweep 24/1000 CPU time = 22m, 31s (Wall time = 22m, 52s)
    Energy change:-0.3288109882110746

    vN Entropy at center bond b=80 = 1.212627206296
    Eigs at center bond b=80: 0.6583 0.2025 0.0348 0.0224 0.0223 0.0081 0.0080 0.0078 0.0075 0.0063 
    Largest link dim during sweep 25/1000 was 1446
    Largest truncation error: 9.240423908603074e-07
    Energy after sweep 25/1000 is -213.538094747682
    Sweep 25/1000 CPU time = 16m, 17s (Wall time = 16m, 27s)
    Energy change:-0.2467833903525616

    vN Entropy at center bond b=80 = 1.226874924722
    Eigs at center bond b=80: 0.6778 0.1541 0.0631 0.0196 0.0196 0.0109 0.0108 0.0096 0.0078 0.0057 
    Largest link dim during sweep 26/1000 was 1214
    Largest truncation error: 7.639991415768222e-07
    Energy after sweep 26/1000 is -213.739882472063
    Sweep 26/1000 CPU time = 11m, 46s (Wall time = 11m, 50s)
    Energy change:-0.2017877243812336

    vN Entropy at center bond b=80 = 1.290502086594
    Eigs at center bond b=80: 0.5080 0.3673 0.0271 0.0270 0.0159 0.0076 0.0076 0.0061 0.0047 0.0039 
    Largest link dim during sweep 27/1000 was 1110
    Largest truncation error: 8.939255585830895e-07
    Energy after sweep 27/1000 is -213.912950098856
    Sweep 27/1000 CPU time = 9m, 55.9s (Wall time = 9m, 57.8s)
    Energy change:-0.1730676267928573

    vN Entropy at center bond b=80 = 1.283541937253
    Eigs at center bond b=80: 0.5715 0.2985 0.0252 0.0251 0.0204 0.0074 0.0074 0.0063 0.0061 0.0053 
    Largest link dim during sweep 28/1000 was 1125
    Largest truncation error: 8.664075280814665e-07
    Energy after sweep 28/1000 is -214.119760892986
    Sweep 28/1000 CPU time = 10m, 12s (Wall time = 10m, 13s)
    Energy change:-0.2068107941296091

    vN Entropy at center bond b=80 = 1.290242481462
    Eigs at center bond b=80: 0.6635 0.1403 0.0859 0.0171 0.0170 0.0135 0.0134 0.0101 0.0090 0.0055 
    Largest link dim during sweep 29/1000 was 1052
    Largest truncation error: 7.766484157931731e-07
    Energy after sweep 29/1000 is -214.262067639466
    Sweep 29/1000 CPU time = 8m, 52.3s (Wall time = 8m, 53.6s)
    Energy change:-0.1423067464800454

    vN Entropy at center bond b=80 = 1.337119287231
    Eigs at center bond b=80: 0.6032 0.2319 0.0525 0.0224 0.0224 0.0095 0.0088 0.0087 0.0081 0.0068 
    Largest link dim during sweep 30/1000 was 1508
    Largest truncation error: 7.300315110332524e-07
    Energy after sweep 30/1000 is -214.433450219927
    Sweep 30/1000 CPU time = 12m, 53s (Wall time = 12m, 56s)
    Energy change:-0.1713825804616249

    vN Entropy at center bond b=80 = 1.371359053272
    Eigs at center bond b=80: 0.4549 0.4084 0.0257 0.0256 0.0125 0.0110 0.0084 0.0084 0.0051 0.0049 
    Largest link dim during sweep 31/1000 was 1776
    Largest truncation error: 7.541597673818597e-07
    Energy after sweep 31/1000 is -214.606905406804
    Sweep 31/1000 CPU time = 15m, 58s (Wall time = 16m, 4s)
    Energy change:-0.1734551868767369

    vN Entropy at center bond b=80 = 1.384746709297
    Eigs at center bond b=80: 0.6044 0.2171 0.0590 0.0204 0.0203 0.0100 0.0100 0.0094 0.0093 0.0073 
    Largest link dim during sweep 32/1000 was 1800
    Largest truncation error: 7.589018873619174e-07
    Energy after sweep 32/1000 is -214.749298683958
    Sweep 32/1000 CPU time = 15m, 54s (Wall time = 15m, 59s)
    Energy change:-0.1423932771538716

    vN Entropy at center bond b=80 = 1.414893617643
    Eigs at center bond b=80: 0.6132 0.1715 0.0939 0.0185 0.0185 0.0124 0.0124 0.0106 0.0104 0.0067 
    Largest link dim during sweep 33/1000 was 1268
    Largest truncation error: 7.058254050773194e-07
    Energy after sweep 33/1000 is -214.905808132570
    Sweep 33/1000 CPU time = 15m, 6s (Wall time = 15m, 11s)
    Energy change:-0.1565094486123257

    vN Entropy at center bond b=80 = 1.448144544226
    Eigs at center bond b=80: 0.4519 0.3941 0.0247 0.0246 0.0223 0.0095 0.0095 0.0091 0.0072 0.0063 
    Largest link dim during sweep 34/1000 was 1496
    Largest truncation error: 7.248695441117838e-07
    Energy after sweep 34/1000 is -215.025392195749
    Sweep 34/1000 CPU time = 15m, 32s (Wall time = 15m, 37s)
    Energy change:-0.1195840631788201

    vN Entropy at center bond b=80 = 1.458354763821
    Eigs at center bond b=80: 0.5640 0.2567 0.0487 0.0215 0.0214 0.0111 0.0088 0.0088 0.0086 0.0086 
    Largest link dim during sweep 35/1000 was 1278
    Largest truncation error: 7.408835046255767e-07
    Energy after sweep 35/1000 is -215.109657643067
    Sweep 35/1000 CPU time = 15m, 11s (Wall time = 15m, 14s)
    Energy change:-0.08426544731744912

    vN Entropy at center bond b=80 = 1.482791673418
    Eigs at center bond b=80: 0.6018 0.1470 0.1206 0.0167 0.0166 0.0142 0.0141 0.0130 0.0098 0.0070 
    Largest link dim during sweep 36/1000 was 1343
    Largest truncation error: 7.475010609214937e-07
    Energy after sweep 36/1000 is -215.173491916005
    Sweep 36/1000 CPU time = 14m, 60s (Wall time = 15m, 3s)
    Energy change:-0.06383427293849309

    vN Entropy at center bond b=80 = 1.513142418269
    Eigs at center bond b=80: 0.5250 0.2884 0.0516 0.0224 0.0221 0.0106 0.0094 0.0094 0.0088 0.0080 
    Largest link dim during sweep 37/1000 was 1137
    Largest truncation error: 6.984084898908295e-07
    Energy after sweep 37/1000 is -215.222451492909
    Sweep 37/1000 CPU time = 15m, 54s (Wall time = 15m, 58s)
    Energy change:-0.04895957690391128

    vN Entropy at center bond b=80 = 1.538014550311
    Eigs at center bond b=80: 0.4339 0.3933 0.0239 0.0232 0.0204 0.0200 0.0100 0.0100 0.0081 0.0069 
    Largest link dim during sweep 38/1000 was 1269
    Largest truncation error: 7.088005867150257e-07
    Energy after sweep 38/1000 is -215.263427625796
    Sweep 38/1000 CPU time = 17m, 51s (Wall time = 18m, 2s)
    Energy change:-0.04097613288678303

    vN Entropy at center bond b=80 = 1.563012951207
    Eigs at center bond b=80: 0.5243 0.2767 0.0548 0.0222 0.0208 0.0113 0.0092 0.0091 0.0089 0.0087 
    Largest link dim during sweep 39/1000 was 1273
    Largest truncation error: 7.514340654357806e-07
    Energy after sweep 39/1000 is -215.295298688313
    Sweep 39/1000 CPU time = 20m, 37s (Wall time = 21m, 2s)
    Energy change:-0.03187106251755267

    vN Entropy at center bond b=80 = 1.595294619366
    Eigs at center bond b=80: 0.5610 0.1813 0.1138 0.0191 0.0168 0.0136 0.0132 0.0131 0.0112 0.0077 
    Largest link dim during sweep 40/1000 was 1361
    Largest truncation error: 6.519452406119088e-07
    Energy after sweep 40/1000 is -215.317981862525
    Sweep 40/1000 CPU time = 23m, 59s (Wall time = 24m, 37s)
    Energy change:-0.02268317421132338

    vN Entropy at center bond b=80 = 1.637157820048
    Eigs at center bond b=80: 0.5460 0.1889 0.1160 0.0180 0.0169 0.0168 0.0131 0.0127 0.0122 0.0082 
    Largest link dim during sweep 41/1000 was 1517
    Largest truncation error: 7.135544382272644e-07
    Energy after sweep 41/1000 is -215.335972730250
    Sweep 41/1000 CPU time = 29m, 2s (Wall time = 29m, 42s)
    Energy change:-0.01799086772567193

    vN Entropy at center bond b=80 = 1.690665695322
    Eigs at center bond b=80: 0.5006 0.2638 0.0752 0.0211 0.0190 0.0153 0.0121 0.0118 0.0099 0.0094 
    Largest link dim during sweep 42/1000 was 1534
    Largest truncation error: 7.073449022535054e-07
    Energy after sweep 42/1000 is -215.347925998157
    Sweep 42/1000 CPU time = 37m, 12s (Wall time = 37m, 55s)
    Energy change:-0.01195326790622175

    vN Entropy at center bond b=80 = 1.758959621880
    Eigs at center bond b=80: 0.4476 0.3216 0.0523 0.0227 0.0195 0.0152 0.0146 0.0111 0.0110 0.0109 
    Largest link dim during sweep 43/1000 was 1592
    Largest truncation error: 7.317749245362416e-07
    Energy after sweep 43/1000 is -215.354430498532
    Sweep 43/1000 CPU time = 43m, 57s (Wall time = 44m, 51s)
    Energy change:-0.006504500375484668

    vN Entropy at center bond b=80 = 1.835722815455
    Eigs at center bond b=80: 0.4050 0.3533 0.0408 0.0236 0.0232 0.0191 0.0151 0.0119 0.0102 0.0101 
    Largest link dim during sweep 44/1000 was 1672
    Largest truncation error: 7.024111256646093e-07
    Energy after sweep 44/1000 is -215.357813771745
    Sweep 44/1000 CPU time = 49m, 45s (Wall time = 50m, 48s)
    Energy change:-0.003383273213131588

    vN Entropy at center bond b=80 = 1.915416217137
    Eigs at center bond b=80: 0.3727 0.3673 0.0345 0.0295 0.0246 0.0183 0.0165 0.0162 0.0128 0.0125 
    Largest link dim during sweep 45/1000 was 1708
    Largest truncation error: 7.029144213056305e-07
    Energy after sweep 45/1000 is -215.359863178337
    Sweep 45/1000 CPU time = 53m, 40s (Wall time = 54m, 47s)
    Energy change:-0.002049406591368097

    vN Entropy at center bond b=80 = 1.992779751426
    Eigs at center bond b=80: 0.3710 0.3471 0.0338 0.0306 0.0274 0.0252 0.0178 0.0176 0.0175 0.0130 
    Largest link dim during sweep 46/1000 was 1723
    Largest truncation error: 7.152895714019914e-07
    Energy after sweep 46/1000 is -215.361260193790
    Sweep 46/1000 CPU time = 57m, 14s (Wall time = 58m, 25s)
    Energy change:-0.001397015453846961

    vN Entropy at center bond b=80 = 2.062019023650
    Eigs at center bond b=80: 0.3693 0.3261 0.0367 0.0348 0.0341 0.0279 0.0199 0.0189 0.0167 0.0134 
    Largest link dim during sweep 47/1000 was 1706
    Largest truncation error: 7.207890194314954e-07
    Energy after sweep 47/1000 is -215.362227314835
    Sweep 47/1000 CPU time = 58m, 22s (Wall time = 59m, 32s)
    Energy change:-0.0009671210440842515

    vN Entropy at center bond b=80 = 2.126216574912
    Eigs at center bond b=80: 0.3641 0.3070 0.0455 0.0434 0.0386 0.0259 0.0204 0.0203 0.0158 0.0138 
    Largest link dim during sweep 48/1000 was 1723
    Largest truncation error: 7.178510490852844e-07
    Energy after sweep 48/1000 is -215.363098928414
    Sweep 48/1000 CPU time = 59m, 57s (Wall time = 1h, 1m, 10s)
    Energy change:-0.000871613579846553

    vN Entropy at center bond b=80 = 2.191415024477
    Eigs at center bond b=80: 0.3557 0.2873 0.0582 0.0556 0.0399 0.0240 0.0219 0.0201 0.0149 0.0140 
    Largest link dim during sweep 49/1000 was 1723
    Largest truncation error: 7.207793347421153e-07
    Energy after sweep 49/1000 is -215.363873802244
    Sweep 49/1000 CPU time = 1h, 3m, 42s (Wall time = 1h, 4m, 60s)
    Energy change:-0.0007748738293855695

    vN Entropy at center bond b=80 = 2.243498029166
    Eigs at center bond b=80: 0.3467 0.2704 0.0701 0.0676 0.0405 0.0232 0.0225 0.0197 0.0141 0.0141 
    Largest link dim during sweep 50/1000 was 1698
    Largest truncation error: 7.235023182450021e-07
    Energy after sweep 50/1000 is -215.364435766740
    Sweep 50/1000 CPU time = 1h, 5m, 14s (Wall time = 1h, 6m, 34s)
    Energy change:-0.0005619644958301251

    vN Entropy at center bond b=80 = 2.284930834627
    Eigs at center bond b=80: 0.3375 0.2557 0.0811 0.0791 0.0406 0.0244 0.0213 0.0193 0.0142 0.0134 
    Largest link dim during sweep 51/1000 was 1686
    Largest truncation error: 6.422898206509918e-07
    Energy after sweep 51/1000 is -215.364901564641
    Sweep 51/1000 CPU time = 1h, 5m, 45s (Wall time = 1h, 7m, 10s)
    Energy change:-0.000465797901881615

    vN Entropy at center bond b=80 = 2.318068349485
    Eigs at center bond b=80: 0.3285 0.2428 0.0912 0.0902 0.0404 0.0255 0.0202 0.0188 0.0142 0.0128 
    Largest link dim during sweep 52/1000 was 1698
    Largest truncation error: 6.329598437330057e-07
    Energy after sweep 52/1000 is -215.365255773053
    Sweep 52/1000 CPU time = 1h, 6m, 5s (Wall time = 1h, 7m, 29s)
    Energy change:-0.0003542084117498234

    vN Entropy at center bond b=80 = 2.344481917411
    Eigs at center bond b=80: 0.3199 0.2314 0.1006 0.1005 0.0401 0.0265 0.0192 0.0183 0.0142 0.0122 
    Largest link dim during sweep 53/1000 was 1696
    Largest truncation error: 6.483254539473561e-07
    Energy after sweep 53/1000 is -215.365553515132
    Sweep 53/1000 CPU time = 1h, 6m, 19s (Wall time = 1h, 7m, 41s)
    Energy change:-0.0002977420785725826

    vN Entropy at center bond b=80 = 2.365591477362
    Eigs at center bond b=80: 0.3117 0.2213 0.1103 0.1090 0.0396 0.0275 0.0184 0.0178 0.0142 0.0117 
    Largest link dim during sweep 54/1000 was 1693
    Largest truncation error: 6.465539381051676e-07
    Energy after sweep 54/1000 is -215.365812973834
    Sweep 54/1000 CPU time = 1h, 6m, 38s (Wall time = 1h, 8m, 1s)
    Energy change:-0.0002594587019189021

    vN Entropy at center bond b=80 = 2.382669306582
    Eigs at center bond b=80: 0.3039 0.2120 0.1196 0.1168 0.0391 0.0283 0.0176 0.0174 0.0142 0.0112 
    Largest link dim during sweep 55/1000 was 1689
    Largest truncation error: 6.462652124463717e-07
    Energy after sweep 55/1000 is -215.366049570887
    Sweep 55/1000 CPU time = 1h, 6m, 57s (Wall time = 1h, 8m, 24s)
    Energy change:-0.0002365970532025585

    vN Entropy at center bond b=80 = 2.396592187512
    Eigs at center bond b=80: 0.2964 0.2035 0.1284 0.1242 0.0385 0.0291 0.0170 0.0169 0.0141 0.0108 
    Largest link dim during sweep 56/1000 was 1699
    Largest truncation error: 6.458438961689145e-07
    Energy after sweep 56/1000 is -215.366260879442
    Sweep 56/1000 CPU time = 1h, 7m, 39s (Wall time = 1h, 9m, 4s)
    Energy change:-0.0002113085551229688

    vN Entropy at center bond b=80 = 2.407613088462
    Eigs at center bond b=80: 0.2894 0.1958 0.1366 0.1309 0.0379 0.0298 0.0166 0.0163 0.0141 0.0105 
    Largest link dim during sweep 57/1000 was 1696
    Largest truncation error: 6.446662310080752e-07
    Energy after sweep 57/1000 is -215.366440724115
    Sweep 57/1000 CPU time = 1h, 8m, 2s (Wall time = 1h, 9m, 30s)
    Energy change:-0.0001798446728855652

    vN Entropy at center bond b=80 = 2.416141044912
    Eigs at center bond b=80: 0.2829 0.1889 0.1443 0.1371 0.0373 0.0305 0.0162 0.0157 0.0140 0.0105 
    Largest link dim during sweep 58/1000 was 1691
    Largest truncation error: 6.437517038024306e-07
    Energy after sweep 58/1000 is -215.366592263311
    Sweep 58/1000 CPU time = 1h, 8m, 28s (Wall time = 1h, 9m, 56s)
    Energy change:-0.000151539196167505

    vN Entropy at center bond b=80 = 2.422620142667
    Eigs at center bond b=80: 0.2769 0.1827 0.1513 0.1427 0.0368 0.0311 0.0159 0.0152 0.0139 0.0104 
    Largest link dim during sweep 59/1000 was 1687
    Largest truncation error: 6.434920121067593e-07
    Energy after sweep 59/1000 is -215.366721063871
    Sweep 59/1000 CPU time = 1h, 8m, 43s (Wall time = 1h, 10m, 8s)
    Energy change:-0.0001288005603896636

    vN Entropy at center bond b=80 = 2.427427336088
    Eigs at center bond b=80: 0.2714 0.1770 0.1578 0.1477 0.0362 0.0316 0.0156 0.0148 0.0139 0.0104 
    Largest link dim during sweep 60/1000 was 1683
    Largest truncation error: 6.432258581087999e-07
    Energy after sweep 60/1000 is -215.366826050383
    Sweep 60/1000 CPU time = 1h, 8m, 47s (Wall time = 1h, 10m, 11s)
    Energy change:-0.0001049865111895087

    vN Entropy at center bond b=80 = 2.430882224480
    Eigs at center bond b=80: 0.2665 0.1720 0.1636 0.1521 0.0357 0.0321 0.0153 0.0144 0.0138 0.0103 
    Largest link dim during sweep 61/1000 was 1680
    Largest truncation error: 6.358460968846559e-07
    Energy after sweep 61/1000 is -215.366913271656
    Sweep 61/1000 CPU time = 1h, 9m, 5s (Wall time = 1h, 10m, 30s)
    Energy change:-8.722127316218575e-05

    vN Entropy at center bond b=80 = 2.433258434047
    Eigs at center bond b=80: 0.2621 0.1690 0.1675 0.1561 0.0352 0.0325 0.0150 0.0140 0.0138 0.0103 
    Largest link dim during sweep 62/1000 was 1676
    Largest truncation error: 6.383134484362336e-07
    Energy after sweep 62/1000 is -215.366983847682
    Sweep 62/1000 CPU time = 1h, 9m, 32s (Wall time = 1h, 10m, 58s)
    Energy change:-7.057602621785009e-05
