1_Dn 5_Up 9_Dn 13_Up 17_Dn 21_Up 25_Dn 29_Up 33_Dn 37_Up 41_Dn 45_Up 2_Up 6_Dn 10_Up 14_Dn 18_Up 22_Dn 26_Up 30_Dn 34_Up 38_Dn 42_Up 46_Dn 3_Dn 7_Up 11_Dn 15_Up 19_Dn 23_Up 27_Dn 31_Up 35_Dn 39_Up 43_Dn 4_Up 8_Dn 12_Up 16_Dn 20_Up 24_Dn 28_Up 32_Dn 36_Up 40_Dn 44_Up 47_Up Initial energy=0
    vN Entropy at center bond b=80 = 0.002563301841
    Eigs at center bond b=80: 0.9997 
    Largest link dim during sweep 1/1000 was 10
    Largest truncation error: 0.0003102467450625102
    Energy after sweep 1/1000 is -179.680951574307
    Sweep 1/1000 CPU time = 0.504s (Wall time = 0.508s)
    Energy change:-179.6809515743072

    vN Entropy at center bond b=80 = 0.643219241610
    Eigs at center bond b=80: 0.6567 0.3433 
    Largest link dim during sweep 2/1000 was 20
    Largest truncation error: 0.003649237931701769
    Energy after sweep 2/1000 is -183.347725745917
    Sweep 2/1000 CPU time = 1.758s (Wall time = 1.774s)
    Energy change:-3.666774171609575

    vN Entropy at center bond b=80 = 0.608177465172
    Eigs at center bond b=80: 0.7031 0.2969 
    Largest link dim during sweep 3/1000 was 50
    Largest truncation error: 0.001376533996706549
    Energy after sweep 3/1000 is -187.975395385491
    Sweep 3/1000 CPU time = 3.740s (Wall time = 4.033s)
    Energy change:-4.62766963957398

    vN Entropy at center bond b=80 = 0.458265264098
    Eigs at center bond b=80: 0.8285 0.1715 
    Largest link dim during sweep 4/1000 was 100
    Largest truncation error: 0.000763046065538068
    Energy after sweep 4/1000 is -190.896816302347
    Sweep 4/1000 CPU time = 7.056s (Wall time = 7.714s)
    Energy change:-2.921420916855851

    vN Entropy at center bond b=80 = 0.267407265116
    Eigs at center bond b=80: 0.9246 0.0754 
    Largest link dim during sweep 5/1000 was 200
    Largest truncation error: 0.0002083684692707751
    Energy after sweep 5/1000 is -192.437470220633
    Sweep 5/1000 CPU time = 16.51s (Wall time = 18.07s)
    Energy change:-1.54065391828675

    vN Entropy at center bond b=80 = 0.127944767591
    Eigs at center bond b=80: 0.9724 0.0273 
    Largest link dim during sweep 6/1000 was 400
    Largest truncation error: 7.852514085425904e-05
    Energy after sweep 6/1000 is -193.780184532851
    Sweep 6/1000 CPU time = 1m, 0.1s (Wall time = 1m, 3.6s)
    Energy change:-1.342714312218163

    vN Entropy at center bond b=80 = 0.216332219473
    Eigs at center bond b=80: 0.9615 0.0167 0.0086 0.0079 0.0047 
    Largest link dim during sweep 7/1000 was 1000
    Largest truncation error: 1.098295852426651e-05
    Energy after sweep 7/1000 is -195.013998087994
    Sweep 7/1000 CPU time = 7m, 24.4s (Wall time = 7m, 37.2s)
    Energy change:-1.233813555142291

    vN Entropy at center bond b=80 = 0.902185183357
    Eigs at center bond b=80: 0.6534 0.2753 0.0321 0.0313 0.0030 0.0029 
    Largest link dim during sweep 8/1000 was 1800
    Largest truncation error: 4.951774427471603e-06
    Energy after sweep 8/1000 is -195.898183800441
    Sweep 8/1000 CPU time = 28m, 29s (Wall time = 29m, 7s)
    Energy change:-0.8841857124476462

    vN Entropy at center bond b=80 = 0.786145152429
    Eigs at center bond b=80: 0.7688 0.1679 0.0227 0.0224 0.0038 0.0025 0.0025 0.0025 0.0024 0.0023 
    Largest link dim during sweep 9/1000 was 1800
    Largest truncation error: 4.145183899792824e-06
    Energy after sweep 9/1000 is -196.722621490050
    Sweep 9/1000 CPU time = 38m, 39s (Wall time = 39m, 23s)
    Energy change:-0.8244376896084589

    vN Entropy at center bond b=80 = 0.796562757531
    Eigs at center bond b=80: 0.7995 0.1189 0.0226 0.0225 0.0135 0.0066 0.0039 0.0038 0.0027 0.0026 
    Largest link dim during sweep 10/1000 was 1800
    Largest truncation error: 3.674813892291121e-06
    Energy after sweep 10/1000 is -197.358620844022
    Sweep 10/1000 CPU time = 38m, 7s (Wall time = 38m, 53s)
    Energy change:-0.6359993539722666

    vN Entropy at center bond b=80 = 1.033228757277
    Eigs at center bond b=80: 0.5151 0.4026 0.0337 0.0336 0.0041 0.0041 0.0014 
    Largest link dim during sweep 11/1000 was 1800
    Largest truncation error: 5.742891434246325e-06
    Energy after sweep 11/1000 is -197.969792363545
    Sweep 11/1000 CPU time = 38m, 27s (Wall time = 39m, 11s)
    Energy change:-0.6111715195226282

    vN Entropy at center bond b=80 = 0.734026494903
    Eigs at center bond b=80: 0.8320 0.0909 0.0161 0.0161 0.0153 0.0070 0.0067 0.0066 0.0022 0.0022 
    Largest link dim during sweep 12/1000 was 1800
    Largest truncation error: 6.959757917019738e-06
    Energy after sweep 12/1000 is -198.569185265047
    Sweep 12/1000 CPU time = 39m, 11s (Wall time = 39m, 56s)
    Energy change:-0.599392901502199

    vN Entropy at center bond b=80 = 0.897457222954
    Eigs at center bond b=80: 0.7442 0.1705 0.0254 0.0254 0.0108 0.0063 0.0033 0.0033 0.0032 0.0032 
    Largest link dim during sweep 13/1000 was 1800
    Largest truncation error: 8.341985490832055e-06
    Energy after sweep 13/1000 is -199.060215566935
    Sweep 13/1000 CPU time = 38m, 48s (Wall time = 39m, 33s)
    Energy change:-0.4910303018877187

    vN Entropy at center bond b=80 = 1.034852928257
    Eigs at center bond b=80: 0.5475 0.3703 0.0322 0.0322 0.0041 0.0041 0.0017 0.0016 
    Largest link dim during sweep 14/1000 was 1800
    Largest truncation error: 5.501270103446196e-06
    Energy after sweep 14/1000 is -199.816196012539
    Sweep 14/1000 CPU time = 38m, 14s (Wall time = 38m, 59s)
    Energy change:-0.7559804456039956

    vN Entropy at center bond b=80 = 0.785059105912
    Eigs at center bond b=80: 0.8228 0.0866 0.0236 0.0154 0.0154 0.0085 0.0084 0.0084 0.0023 0.0023 
    Largest link dim during sweep 15/1000 was 1800
    Largest truncation error: 2.749652658163638e-06
    Energy after sweep 15/1000 is -200.504268102640
    Sweep 15/1000 CPU time = 39m, 32s (Wall time = 40m, 18s)
    Energy change:-0.6880720901016844

    vN Entropy at center bond b=80 = 0.982324559413
    Eigs at center bond b=80: 0.6881 0.2215 0.0284 0.0284 0.0090 0.0063 0.0038 0.0038 0.0028 0.0028 
    Largest link dim during sweep 16/1000 was 1800
    Largest truncation error: 1.259725100441834e-06
    Energy after sweep 16/1000 is -201.143984758283
    Sweep 16/1000 CPU time = 37m, 1s (Wall time = 37m, 45s)
    Energy change:-0.6397166556427578

    vN Entropy at center bond b=80 = 1.027349670424
    Eigs at center bond b=80: 0.5930 0.3237 0.0310 0.0310 0.0043 0.0043 0.0024 0.0014 0.0011 0.0011 
    Largest link dim during sweep 17/1000 was 1800
    Largest truncation error: 5.138601513768759e-06
    Energy after sweep 17/1000 is -201.621053245477
    Sweep 17/1000 CPU time = 33m, 36s (Wall time = 34m, 16s)
    Energy change:-0.4770684871942592

    vN Entropy at center bond b=80 = 0.854549101089
    Eigs at center bond b=80: 0.8090 0.0760 0.0414 0.0139 0.0139 0.0114 0.0114 0.0099 0.0024 0.0024 
    Largest link dim during sweep 18/1000 was 1800
    Largest truncation error: 5.35666122537878e-06
    Energy after sweep 18/1000 is -202.093290908924
    Sweep 18/1000 CPU time = 31m, 29s (Wall time = 32m, 6s)
    Energy change:-0.4722376634464069

    vN Entropy at center bond b=80 = 1.043511755615
    Eigs at center bond b=80: 0.6539 0.2497 0.0286 0.0286 0.0109 0.0069 0.0043 0.0043 0.0032 0.0032 
    Largest link dim during sweep 19/1000 was 1800
    Largest truncation error: 2.193641768005244e-06
    Energy after sweep 19/1000 is -202.644888402654
    Sweep 19/1000 CPU time = 29m, 44s (Wall time = 30m, 19s)
    Energy change:-0.5515974937297869

    vN Entropy at center bond b=80 = 1.014904959255
    Eigs at center bond b=80: 0.6739 0.2365 0.0263 0.0263 0.0071 0.0056 0.0044 0.0044 0.0034 0.0034 
    Largest link dim during sweep 20/1000 was 1800
    Largest truncation error: 1.407480948756149e-06
    Energy after sweep 20/1000 is -203.324002036280
    Sweep 20/1000 CPU time = 30m, 55s (Wall time = 31m, 31s)
    Energy change:-0.679113633626514

    vN Entropy at center bond b=80 = 0.998474316414
    Eigs at center bond b=80: 0.7589 0.1092 0.0459 0.0190 0.0190 0.0098 0.0095 0.0095 0.0036 0.0036 
    Largest link dim during sweep 21/1000 was 1800
    Largest truncation error: 9.537866148786434e-07
    Energy after sweep 21/1000 is -203.802107912479
    Sweep 21/1000 CPU time = 33m, 17s (Wall time = 33m, 50s)
    Energy change:-0.4781058761992085

    vN Entropy at center bond b=80 = 1.151387232178
    Eigs at center bond b=80: 0.5063 0.3943 0.0309 0.0309 0.0059 0.0058 0.0058 0.0044 0.0019 0.0019 
    Largest link dim during sweep 22/1000 was 1800
    Largest truncation error: 8.293932603380418e-07
    Energy after sweep 22/1000 is -204.176756799161
    Sweep 22/1000 CPU time = 25m, 37s (Wall time = 25m, 58s)
    Energy change:-0.3746488866817685

    vN Entropy at center bond b=80 = 1.088413980973
    Eigs at center bond b=80: 0.6909 0.1954 0.0232 0.0232 0.0224 0.0077 0.0065 0.0065 0.0050 0.0049 
    Largest link dim during sweep 23/1000 was 1800
    Largest truncation error: 7.962925880705636e-07
    Energy after sweep 23/1000 is -204.527597915503
    Sweep 23/1000 CPU time = 19m, 22s (Wall time = 19m, 43s)
    Energy change:-0.3508411163419964

    vN Entropy at center bond b=80 = 1.102437461567
    Eigs at center bond b=80: 0.7176 0.1402 0.0486 0.0202 0.0202 0.0098 0.0095 0.0095 0.0048 0.0046 
    Largest link dim during sweep 24/1000 was 1398
    Largest truncation error: 8.715069536472407e-07
    Energy after sweep 24/1000 is -204.814681907388
    Sweep 24/1000 CPU time = 14m, 12s (Wall time = 14m, 25s)
    Energy change:-0.2870839918845434

    vN Entropy at center bond b=80 = 1.207391106212
    Eigs at center bond b=80: 0.5083 0.3831 0.0291 0.0291 0.0093 0.0065 0.0065 0.0052 0.0027 0.0027 
    Largest link dim during sweep 25/1000 was 1244
    Largest truncation error: 7.612266247405348e-07
    Energy after sweep 25/1000 is -205.037190779074
    Sweep 25/1000 CPU time = 11m, 5s (Wall time = 11m, 11s)
    Energy change:-0.2225088716861876

    vN Entropy at center bond b=80 = 1.194771534416
    Eigs at center bond b=80: 0.6135 0.2684 0.0255 0.0253 0.0188 0.0068 0.0061 0.0060 0.0052 0.0052 
    Largest link dim during sweep 26/1000 was 1239
    Largest truncation error: 7.493575947065871e-07
    Energy after sweep 26/1000 is -205.255922853672
    Sweep 26/1000 CPU time = 9m, 31.6s (Wall time = 9m, 34.7s)
    Energy change:-0.2187320745982504

    vN Entropy at center bond b=80 = 1.185545161871
    Eigs at center bond b=80: 0.7021 0.1009 0.0970 0.0156 0.0156 0.0143 0.0141 0.0109 0.0063 0.0041 
    Largest link dim during sweep 27/1000 was 1302
    Largest truncation error: 8.367264888904543e-07
    Energy after sweep 27/1000 is -205.454268787412
    Sweep 27/1000 CPU time = 10m, 11s (Wall time = 10m, 14s)
    Energy change:-0.1983459337402849

    vN Entropy at center bond b=80 = 1.264801409540
    Eigs at center bond b=80: 0.5783 0.2900 0.0275 0.0255 0.0254 0.0087 0.0065 0.0065 0.0058 0.0057 
    Largest link dim during sweep 28/1000 was 1177
    Largest truncation error: 8.392080677788124e-07
    Energy after sweep 28/1000 is -205.631748620179
    Sweep 28/1000 CPU time = 9m, 31.8s (Wall time = 9m, 34.2s)
    Energy change:-0.1774798327669487

    vN Entropy at center bond b=80 = 1.306438306712
    Eigs at center bond b=80: 0.5115 0.3620 0.0259 0.0258 0.0144 0.0070 0.0070 0.0069 0.0062 0.0044 
    Largest link dim during sweep 29/1000 was 1065
    Largest truncation error: 7.578738720760414e-07
    Energy after sweep 29/1000 is -205.790516557538
    Sweep 29/1000 CPU time = 8m, 39.0s (Wall time = 8m, 40.3s)
    Energy change:-0.1587679373590163

    vN Entropy at center bond b=80 = 1.321724582580
    Eigs at center bond b=80: 0.6352 0.1855 0.0685 0.0193 0.0191 0.0112 0.0112 0.0111 0.0073 0.0058 
    Largest link dim during sweep 30/1000 was 1037
    Largest truncation error: 8.212185147079547e-07
    Energy after sweep 30/1000 is -205.940348742504
    Sweep 30/1000 CPU time = 8m, 17.4s (Wall time = 8m, 18.6s)
    Energy change:-0.1498321849652768

    vN Entropy at center bond b=80 = 1.356564342410
    Eigs at center bond b=80: 0.6257 0.1759 0.0851 0.0191 0.0190 0.0120 0.0119 0.0117 0.0079 0.0058 
    Largest link dim during sweep 31/1000 was 1031
    Largest truncation error: 7.40329284404775e-07
    Energy after sweep 31/1000 is -206.094793608883
    Sweep 31/1000 CPU time = 8m, 18.5s (Wall time = 8m, 19.7s)
    Energy change:-0.1544448663793219

    vN Entropy at center bond b=80 = 1.391473370317
    Eigs at center bond b=80: 0.5217 0.3262 0.0339 0.0242 0.0241 0.0091 0.0075 0.0075 0.0064 0.0062 
    Largest link dim during sweep 32/1000 was 1010
    Largest truncation error: 8.180435352699647e-07
    Energy after sweep 32/1000 is -206.224223892353
    Sweep 32/1000 CPU time = 8m, 34.1s (Wall time = 8m, 35.3s)
    Energy change:-0.1294302834698442

    vN Entropy at center bond b=80 = 1.410567721941
    Eigs at center bond b=80: 0.4745 0.3788 0.0246 0.0244 0.0188 0.0124 0.0080 0.0080 0.0066 0.0057 
    Largest link dim during sweep 33/1000 was 973
    Largest truncation error: 7.780007906581965e-07
    Energy after sweep 33/1000 is -206.336092149002
    Sweep 33/1000 CPU time = 8m, 18.3s (Wall time = 8m, 19.5s)
    Energy change:-0.111868256649359

    vN Entropy at center bond b=80 = 1.421359355629
    Eigs at center bond b=80: 0.5779 0.2437 0.0560 0.0211 0.0209 0.0102 0.0092 0.0092 0.0084 0.0073 
    Largest link dim during sweep 34/1000 was 915
    Largest truncation error: 6.907305343106577e-07
    Energy after sweep 34/1000 is -206.433524629022
    Sweep 34/1000 CPU time = 8m, 8.3s (Wall time = 8m, 9.5s)
    Energy change:-0.09743248001956317

    vN Entropy at center bond b=80 = 1.440503900195
    Eigs at center bond b=80: 0.6097 0.1424 0.1254 0.0157 0.0155 0.0151 0.0150 0.0120 0.0099 0.0057 
    Largest link dim during sweep 35/1000 was 1038
    Largest truncation error: 6.557024312369585e-07
    Energy after sweep 35/1000 is -206.569937744376
    Sweep 35/1000 CPU time = 9m, 5.3s (Wall time = 9m, 6.6s)
    Energy change:-0.1364131153542303

    vN Entropy at center bond b=80 = 1.459003331772
    Eigs at center bond b=80: 0.5399 0.2830 0.0510 0.0224 0.0223 0.0098 0.0088 0.0082 0.0082 0.0080 
    Largest link dim during sweep 36/1000 was 1246
    Largest truncation error: 6.917143712820489e-07
    Energy after sweep 36/1000 is -206.675713082642
    Sweep 36/1000 CPU time = 11m, 40s (Wall time = 11m, 42s)
    Energy change:-0.1057753382657154

    vN Entropy at center bond b=80 = 1.474961231250
    Eigs at center bond b=80: 0.4508 0.3899 0.0240 0.0238 0.0190 0.0165 0.0092 0.0091 0.0068 0.0061 
    Largest link dim during sweep 37/1000 was 1197
    Largest truncation error: 7.48706238532468e-07
    Energy after sweep 37/1000 is -206.752171834298
    Sweep 37/1000 CPU time = 12m, 5s (Wall time = 12m, 7s)
    Energy change:-0.07645875165601979

    vN Entropy at center bond b=80 = 1.487101843509
    Eigs at center bond b=80: 0.5675 0.2364 0.0645 0.0202 0.0201 0.0108 0.0100 0.0100 0.0094 0.0082 
    Largest link dim during sweep 38/1000 was 981
    Largest truncation error: 6.662573280758712e-07
    Energy after sweep 38/1000 is -206.806795242548
    Sweep 38/1000 CPU time = 12m, 22s (Wall time = 12m, 24s)
    Energy change:-0.05462340825056344

    vN Entropy at center bond b=80 = 1.515103987852
    Eigs at center bond b=80: 0.5871 0.1535 0.1272 0.0167 0.0164 0.0143 0.0141 0.0121 0.0111 0.0068 
    Largest link dim during sweep 39/1000 was 989
    Largest truncation error: 7.253413472391437e-07
    Energy after sweep 39/1000 is -206.850024733560
    Sweep 39/1000 CPU time = 13m, 17s (Wall time = 13m, 19s)
    Energy change:-0.04322949101148765

    vN Entropy at center bond b=80 = 1.549855845156
    Eigs at center bond b=80: 0.5184 0.2834 0.0601 0.0218 0.0213 0.0103 0.0102 0.0089 0.0089 0.0086 
    Largest link dim during sweep 40/1000 was 1074
    Largest truncation error: 6.802436898607461e-07
    Energy after sweep 40/1000 is -206.879284675537
    Sweep 40/1000 CPU time = 15m, 4s (Wall time = 15m, 9s)
    Energy change:-0.0292599419770454

    vN Entropy at center bond b=80 = 1.581873016095
    Eigs at center bond b=80: 0.4190 0.3966 0.0299 0.0238 0.0224 0.0191 0.0096 0.0095 0.0083 0.0077 
    Largest link dim during sweep 41/1000 was 1186
    Largest truncation error: 6.462252848950134e-07
    Energy after sweep 41/1000 is -206.900076076417
    Sweep 41/1000 CPU time = 17m, 15s (Wall time = 17m, 25s)
    Energy change:-0.02079140087982978

    vN Entropy at center bond b=80 = 1.613630485939
    Eigs at center bond b=80: 0.4744 0.3263 0.0439 0.0240 0.0212 0.0157 0.0095 0.0094 0.0092 0.0091 
    Largest link dim during sweep 42/1000 was 1179
    Largest truncation error: 6.904453071189274e-07
    Energy after sweep 42/1000 is -206.914300249405
    Sweep 42/1000 CPU time = 20m, 20s (Wall time = 20m, 45s)
    Energy change:-0.01422417298820733

    vN Entropy at center bond b=80 = 1.655265374724
    Eigs at center bond b=80: 0.5169 0.2482 0.0802 0.0241 0.0189 0.0123 0.0111 0.0105 0.0100 0.0086 
    Largest link dim during sweep 43/1000 was 1364
    Largest truncation error: 7.014125663031346e-07
    Energy after sweep 43/1000 is -206.923708812711
    Sweep 43/1000 CPU time = 25m, 1s (Wall time = 25m, 39s)
    Energy change:-0.009408563306323003

    vN Entropy at center bond b=80 = 1.700035565667
    Eigs at center bond b=80: 0.5278 0.2006 0.1108 0.0265 0.0168 0.0140 0.0131 0.0119 0.0116 0.0075 
    Largest link dim during sweep 44/1000 was 1427
    Largest truncation error: 7.223393754091269e-07
    Energy after sweep 44/1000 is -206.929449866054
    Sweep 44/1000 CPU time = 32m, 5s (Wall time = 32m, 52s)
    Energy change:-0.005741053343143676

    vN Entropy at center bond b=80 = 1.751024850797
    Eigs at center bond b=80: 0.5253 0.1724 0.1308 0.0313 0.0152 0.0151 0.0147 0.0128 0.0116 0.0068 
    Largest link dim during sweep 45/1000 was 1534
    Largest truncation error: 7.146689519515977e-07
    Energy after sweep 45/1000 is -206.932622875617
    Sweep 45/1000 CPU time = 37m, 5s (Wall time = 37m, 56s)
    Energy change:-0.003173009562488005

    vN Entropy at center bond b=80 = 1.809446509848
    Eigs at center bond b=80: 0.5175 0.1543 0.1419 0.0379 0.0169 0.0148 0.0141 0.0131 0.0115 0.0076 
    Largest link dim during sweep 46/1000 was 1572
    Largest truncation error: 7.391231676240176e-07
    Energy after sweep 46/1000 is -206.934618040794
    Sweep 46/1000 CPU time = 40m, 36s (Wall time = 41m, 31s)
    Energy change:-0.001995165177390845

    vN Entropy at center bond b=80 = 1.874237638538
    Eigs at center bond b=80: 0.5066 0.1474 0.1414 0.0455 0.0190 0.0147 0.0131 0.0131 0.0114 0.0103 
    Largest link dim during sweep 47/1000 was 1581
    Largest truncation error: 7.339265228478197e-07
    Energy after sweep 47/1000 is -206.936025060890
    Sweep 47/1000 CPU time = 43m, 13s (Wall time = 44m, 11s)
    Energy change:-0.001407020096337419

    vN Entropy at center bond b=80 = 1.942751493914
    Eigs at center bond b=80: 0.4933 0.1494 0.1313 0.0535 0.0232 0.0144 0.0144 0.0129 0.0124 0.0113 
    Largest link dim during sweep 48/1000 was 1635
    Largest truncation error: 7.391985705507388e-07
    Energy after sweep 48/1000 is -206.937089071724
    Sweep 48/1000 CPU time = 45m, 34s (Wall time = 46m, 34s)
    Energy change:-0.001064010833459861

    vN Entropy at center bond b=80 = 2.007632551104
    Eigs at center bond b=80: 0.4792 0.1492 0.1233 0.0610 0.0305 0.0163 0.0140 0.0125 0.0117 0.0112 
    Largest link dim during sweep 49/1000 was 1625
    Largest truncation error: 7.310240459408517e-07
    Energy after sweep 49/1000 is -206.937840654279
    Sweep 49/1000 CPU time = 46m, 27s (Wall time = 47m, 27s)
    Energy change:-0.0007515825551251964

    vN Entropy at center bond b=80 = 2.067619928847
    Eigs at center bond b=80: 0.4647 0.1476 0.1167 0.0681 0.0395 0.0171 0.0136 0.0125 0.0122 0.0111 
    Largest link dim during sweep 50/1000 was 1599
    Largest truncation error: 7.346660120728859e-07
    Energy after sweep 50/1000 is -206.938443970430
    Sweep 50/1000 CPU time = 46m, 60s (Wall time = 48m, 2s)
    Energy change:-0.0006033161509435558

    vN Entropy at center bond b=80 = 2.121172505107
    Eigs at center bond b=80: 0.4503 0.1453 0.1110 0.0746 0.0493 0.0175 0.0159 0.0132 0.0118 0.0110 
    Largest link dim during sweep 51/1000 was 1590
    Largest truncation error: 7.37512357129727e-07
    Energy after sweep 51/1000 is -206.938916056123
    Sweep 51/1000 CPU time = 47m, 38s (Wall time = 48m, 40s)
    Energy change:-0.0004720856929623096

    vN Entropy at center bond b=80 = 2.167885505142
    Eigs at center bond b=80: 0.4365 0.1426 0.1061 0.0805 0.0594 0.0193 0.0176 0.0128 0.0114 0.0113 
    Largest link dim during sweep 52/1000 was 1571
    Largest truncation error: 7.389185441575209e-07
    Energy after sweep 52/1000 is -206.939296568468
    Sweep 52/1000 CPU time = 47m, 51s (Wall time = 48m, 56s)
    Energy change:-0.0003805123455435933

    vN Entropy at center bond b=80 = 2.208215110903
    Eigs at center bond b=80: 0.4232 0.1398 0.1018 0.0858 0.0695 0.0226 0.0176 0.0125 0.0117 0.0110 
    Largest link dim during sweep 53/1000 was 1550
    Largest truncation error: 7.406473288721979e-07
    Energy after sweep 53/1000 is -206.939613892080
    Sweep 53/1000 CPU time = 48m, 4s (Wall time = 49m, 8s)
    Energy change:-0.0003173236115401323

    vN Entropy at center bond b=80 = 2.243087236683
    Eigs at center bond b=80: 0.4106 0.1369 0.0979 0.0907 0.0794 0.0257 0.0175 0.0121 0.0120 0.0108 
    Largest link dim during sweep 54/1000 was 1547
    Largest truncation error: 7.419665587923121e-07
    Energy after sweep 54/1000 is -206.939900302526
    Sweep 54/1000 CPU time = 48m, 22s (Wall time = 49m, 28s)
    Energy change:-0.0002864104462787509

    vN Entropy at center bond b=80 = 2.273859131858
    Eigs at center bond b=80: 0.3984 0.1339 0.0952 0.0943 0.0892 0.0288 0.0173 0.0123 0.0118 0.0107 
    Largest link dim during sweep 55/1000 was 1549
    Largest truncation error: 7.012661811361886e-07
    Energy after sweep 55/1000 is -206.940181087372
    Sweep 55/1000 CPU time = 49m, 1s (Wall time = 50m, 4s)
    Energy change:-0.0002807848458985518

    vN Entropy at center bond b=80 = 2.300475762192
    Eigs at center bond b=80: 0.3868 0.1311 0.0993 0.0989 0.0910 0.0318 0.0171 0.0126 0.0115 0.0106 
    Largest link dim during sweep 56/1000 was 1553
    Largest truncation error: 6.649475227702645e-07
    Energy after sweep 56/1000 is -206.940415487718
    Sweep 56/1000 CPU time = 49m, 29s (Wall time = 50m, 35s)
    Energy change:-0.0002344003459029409

    vN Entropy at center bond b=80 = 2.323427637288
    Eigs at center bond b=80: 0.3757 0.1282 0.1083 0.1031 0.0879 0.0346 0.0169 0.0128 0.0112 0.0105 
    Largest link dim during sweep 57/1000 was 1556
    Largest truncation error: 6.58908312364753e-07
    Energy after sweep 57/1000 is -206.940627758753
    Sweep 57/1000 CPU time = 49m, 58s (Wall time = 51m, 6s)
    Energy change:-0.0002122710351670776

    vN Entropy at center bond b=80 = 2.343221077453
    Eigs at center bond b=80: 0.3651 0.1255 0.1175 0.1067 0.0850 0.0373 0.0167 0.0130 0.0110 0.0104 
    Largest link dim during sweep 58/1000 was 1556
    Largest truncation error: 6.591603931425645e-07
    Energy after sweep 58/1000 is -206.940826245957
    Sweep 58/1000 CPU time = 50m, 20s (Wall time = 51m, 27s)
    Energy change:-0.0001984872036757679

    vN Entropy at center bond b=80 = 2.360312058639
    Eigs at center bond b=80: 0.3550 0.1265 0.1227 0.1101 0.0823 0.0399 0.0164 0.0132 0.0108 0.0103 
    Largest link dim during sweep 59/1000 was 1557
    Largest truncation error: 6.608251088357159e-07
    Energy after sweep 59/1000 is -206.941012587312
    Sweep 59/1000 CPU time = 50m, 58s (Wall time = 52m, 6s)
    Energy change:-0.0001863413552314341

    vN Entropy at center bond b=80 = 2.375056166375
    Eigs at center bond b=80: 0.3452 0.1353 0.1201 0.1132 0.0798 0.0424 0.0161 0.0133 0.0106 0.0102 
    Largest link dim during sweep 60/1000 was 1558
    Largest truncation error: 6.637558414098092e-07
    Energy after sweep 60/1000 is -206.941184243195
    Sweep 60/1000 CPU time = 51m, 16s (Wall time = 52m, 24s)
    Energy change:-0.0001716558828093184

    vN Entropy at center bond b=80 = 2.387707868453
    Eigs at center bond b=80: 0.3358 0.1439 0.1174 0.1162 0.0774 0.0448 0.0159 0.0134 0.0104 0.0102 
    Largest link dim during sweep 61/1000 was 1558
    Largest truncation error: 6.680692702407136e-07
    Energy after sweep 61/1000 is -206.941346666844
    Sweep 61/1000 CPU time = 51m, 45s (Wall time = 52m, 54s)
    Energy change:-0.0001624236492716591

    vN Entropy at center bond b=80 = 2.398449329694
    Eigs at center bond b=80: 0.3268 0.1523 0.1191 0.1149 0.0750 0.0471 0.0156 0.0135 0.0103 0.0101 
    Largest link dim during sweep 62/1000 was 1557
    Largest truncation error: 6.68743068462856e-07
    Energy after sweep 62/1000 is -206.941497546713
    Sweep 62/1000 CPU time = 52m, 11s (Wall time = 53m, 21s)
    Energy change:-0.0001508798688405477

    vN Entropy at center bond b=80 = 2.407480742310
    Eigs at center bond b=80: 0.3181 0.1605 0.1217 0.1124 0.0728 0.0494 0.0153 0.0136 0.0102 0.0100 
    Largest link dim during sweep 63/1000 was 1556
    Largest truncation error: 6.708883907998652e-07
    Energy after sweep 63/1000 is -206.941628055913
    Sweep 63/1000 CPU time = 52m, 33s (Wall time = 53m, 44s)
    Energy change:-0.0001305092004031394

    vN Entropy at center bond b=80 = 2.414925940515
    Eigs at center bond b=80: 0.3099 0.1684 0.1242 0.1100 0.0707 0.0515 0.0151 0.0137 0.0101 0.0099 
    Largest link dim during sweep 64/1000 was 1554
    Largest truncation error: 6.726058456549257e-07
    Energy after sweep 64/1000 is -206.941744785449
    Sweep 64/1000 CPU time = 52m, 45s (Wall time = 53m, 57s)
    Energy change:-0.0001167295357333842

    vN Entropy at center bond b=80 = 2.420934327490
    Eigs at center bond b=80: 0.3021 0.1759 0.1265 0.1078 0.0688 0.0535 0.0148 0.0138 0.0101 0.0098 
    Largest link dim during sweep 65/1000 was 1553
    Largest truncation error: 6.627969716824502e-07
    Energy after sweep 65/1000 is -206.941846538910
    Sweep 65/1000 CPU time = 53m, 4s (Wall time = 54m, 16s)
    Energy change:-0.0001017534607683501

    vN Entropy at center bond b=80 = 2.425690041453
    Eigs at center bond b=80: 0.2949 0.1829 0.1287 0.1056 0.0669 0.0555 0.0146 0.0139 0.0101 0.0098 
    Largest link dim during sweep 66/1000 was 1551
    Largest truncation error: 6.737153934971477e-07
    Energy after sweep 66/1000 is -206.941924899019
    Sweep 66/1000 CPU time = 53m, 14s (Wall time = 54m, 26s)
    Energy change:-7.836010897221968e-05

    vN Entropy at center bond b=80 = 2.429331644304
    Eigs at center bond b=80: 0.2882 0.1894 0.1306 0.1037 0.0652 0.0572 0.0144 0.0139 0.0101 0.0097 
    Largest link dim during sweep 67/1000 was 1548
    Largest truncation error: 7.410913691725825e-07
    Energy after sweep 67/1000 is -206.941987092685
    Sweep 67/1000 CPU time = 53m, 22s (Wall time = 54m, 34s)
    Energy change:-6.219366619575339e-05

    vN Entropy at center bond b=80 = 2.432041866315
    Eigs at center bond b=80: 0.2822 0.1953 0.1323 0.1019 0.0637 0.0588 0.0142 0.0140 0.0102 0.0096 
    Largest link dim during sweep 68/1000 was 1546
    Largest truncation error: 6.746867306613661e-07
    Energy after sweep 68/1000 is -206.942037359762
    Sweep 68/1000 CPU time = 53m, 22s (Wall time = 54m, 34s)
    Energy change:-5.026707637512118e-05

    vN Entropy at center bond b=80 = 2.434033641396
    Eigs at center bond b=80: 0.2768 0.2007 0.1339 0.1003 0.0624 0.0603 0.0140 0.0140 0.0102 0.0096 
    Largest link dim during sweep 69/1000 was 1544
    Largest truncation error: 6.777670022223844e-07
    Energy after sweep 69/1000 is -206.942076132691
    Sweep 69/1000 CPU time = 53m, 24s (Wall time = 54m, 36s)
    Energy change:-3.877292976994795e-05

    vN Entropy at center bond b=80 = 2.435456308741
    Eigs at center bond b=80: 0.2719 0.2054 0.1352 0.0989 0.0616 0.0612 0.0141 0.0138 0.0103 0.0095 
    Largest link dim during sweep 70/1000 was 1542
    Largest truncation error: 6.775780838028405e-07
    Energy after sweep 70/1000 is -206.942106566837
    Sweep 70/1000 CPU time = 53m, 30s (Wall time = 54m, 42s)
    Energy change:-3.04341454580026e-05

    vN Entropy at center bond b=80 = 2.436443564352
    Eigs at center bond b=80: 0.2677 0.2096 0.1364 0.0977 0.0627 0.0601 0.0141 0.0137 0.0103 0.0095 
    Largest link dim during sweep 71/1000 was 1540
    Largest truncation error: 6.795828483760082e-07
    Energy after sweep 71/1000 is -206.942126612294
    Sweep 71/1000 CPU time = 53m, 47s (Wall time = 54m, 57s)
    Energy change:-2.004545717682049e-05

    vN Entropy at center bond b=80 = 2.437120955789
    Eigs at center bond b=80: 0.2639 0.2132 0.1375 0.0967 0.0637 0.0592 0.0142 0.0136 0.0104 0.0095 
    Largest link dim during sweep 72/1000 was 1538
    Largest truncation error: 6.788781200600953e-07
    Energy after sweep 72/1000 is -206.942143794457
    Sweep 72/1000 CPU time = 53m, 30s (Wall time = 54m, 43s)
    Energy change:-1.718216259405381e-05

    vN Entropy at center bond b=80 = 2.437582291406
    Eigs at center bond b=80: 0.2605 0.2165 0.1384 0.0957 0.0646 0.0584 0.0142 0.0135 0.0104 0.0095 
    Largest link dim during sweep 73/1000 was 1536
    Largest truncation error: 6.795841285126845e-07
    Energy after sweep 73/1000 is -206.942155424913
    Sweep 73/1000 CPU time = 53m, 51s (Wall time = 55m, 3s)
    Energy change:-1.1630456384637e-05

    vN Entropy at center bond b=80 = 2.437887593649
    Eigs at center bond b=80: 0.2576 0.2193 0.1392 0.0949 0.0654 0.0576 0.0142 0.0134 0.0105 0.0095 
    Largest link dim during sweep 74/1000 was 1534
    Largest truncation error: 6.804367470163951e-07
    Energy after sweep 74/1000 is -206.942165659523
    Sweep 74/1000 CPU time = 55m, 21s (Wall time = 56m, 35s)
    Energy change:-1.023461013005544e-05

    vN Entropy at center bond b=80 = 2.438080102030
    Eigs at center bond b=80: 0.2550 0.2218 0.1399 0.0942 0.0661 0.0570 0.0143 0.0133 0.0105 0.0094 
    Largest link dim during sweep 75/1000 was 1533
    Largest truncation error: 6.807459909911201e-07
    Energy after sweep 75/1000 is -206.942171152097
    Sweep 75/1000 CPU time = 55m, 49s (Wall time = 57m, 6s)
    Energy change:-5.492574189247534e-06

    Energy has converged -> stop the DMRG.
Final energy=0
Time=145494 sec
Nup =24 Ndown = 23L = 40 W = 4
