1_Dn 5_Up 9_Dn 13_Up 17_Dn 21_Up 25_Dn 2_Up 6_Dn 10_Up 14_Dn 18_Up 22_Dn 26_Up 3_Dn 7_Up 11_Dn 15_Up 19_Dn 23_Up 27_Dn 4_Up 8_Dn 12_Up 16_Dn 20_Up 24_Dn 28_Up 29_Up Initial energy=0
    vN Entropy at center bond b=80 = -0.000000000000
    Eigs at center bond b=80: 1.0000 
    Largest link dim during sweep 1/1000 was 10
    Largest truncation error: 0.0003587544557764072
    Energy after sweep 1/1000 is -109.701385696127
    Sweep 1/1000 CPU time = 0.318s (Wall time = 0.323s)
    Energy change:-109.7013856961273

    vN Entropy at center bond b=80 = -0.000000000000
    Eigs at center bond b=80: 1.0000 
    Largest link dim during sweep 2/1000 was 20
    Largest truncation error: 0.00364823487290517
    Energy after sweep 2/1000 is -113.162743128895
    Sweep 2/1000 CPU time = 1.092s (Wall time = 1.101s)
    Energy change:-3.461357432768196

    vN Entropy at center bond b=80 = 0.003296142193
    Eigs at center bond b=80: 0.9996 
    Largest link dim during sweep 3/1000 was 50
    Largest truncation error: 0.001377629861291792
    Energy after sweep 3/1000 is -116.506866281592
    Sweep 3/1000 CPU time = 2.282s (Wall time = 2.399s)
    Energy change:-3.34412315269681

    vN Entropy at center bond b=80 = 0.187649861785
    Eigs at center bond b=80: 0.9536 0.0464 
    Largest link dim during sweep 4/1000 was 100
    Largest truncation error: 0.0007748582782783269
    Energy after sweep 4/1000 is -118.563837250436
    Sweep 4/1000 CPU time = 4.379s (Wall time = 4.793s)
    Energy change:-2.056970968843686

    vN Entropy at center bond b=80 = 0.570382649684
    Eigs at center bond b=80: 0.7425 0.2575 
    Largest link dim during sweep 5/1000 was 200
    Largest truncation error: 0.0002534203819239841
    Energy after sweep 5/1000 is -120.072610233042
    Sweep 5/1000 CPU time = 10.24s (Wall time = 11.13s)
    Energy change:-1.508772982605834

    vN Entropy at center bond b=80 = 0.691503658477
    Eigs at center bond b=80: 0.5287 0.4713 
    Largest link dim during sweep 6/1000 was 400
    Largest truncation error: 6.249616819017746e-05
    Energy after sweep 6/1000 is -121.329315368620
    Sweep 6/1000 CPU time = 35.42s (Wall time = 37.38s)
    Energy change:-1.25670513557786

    vN Entropy at center bond b=80 = 0.590654449956
    Eigs at center bond b=80: 0.7224 0.2776 
    Largest link dim during sweep 7/1000 was 1000
    Largest truncation error: 1.173911639722211e-05
    Energy after sweep 7/1000 is -122.274683133888
    Sweep 7/1000 CPU time = 3m, 41.1s (Wall time = 3m, 47.6s)
    Energy change:-0.9453677652687844

    vN Entropy at center bond b=80 = 0.389057507537
    Eigs at center bond b=80: 0.8686 0.1314 
    Largest link dim during sweep 8/1000 was 1800
    Largest truncation error: 1.737274465899801e-06
    Energy after sweep 8/1000 is -123.150692465217
    Sweep 8/1000 CPU time = 12m, 34s (Wall time = 12m, 51s)
    Energy change:-0.8760093313284472

    vN Entropy at center bond b=80 = 0.218863186393
    Eigs at center bond b=80: 0.9431 0.0569 
    Largest link dim during sweep 9/1000 was 1800
    Largest truncation error: 1.033173979339617e-06
    Energy after sweep 9/1000 is -123.886931907275
    Sweep 9/1000 CPU time = 18m, 4s (Wall time = 18m, 26s)
    Energy change:-0.7362394420575811

    vN Entropy at center bond b=80 = 0.128517361583
    Eigs at center bond b=80: 0.9763 0.0195 0.0015 0.0014 0.0012 
    Largest link dim during sweep 10/1000 was 1800
    Largest truncation error: 1.277642107680716e-06
    Energy after sweep 10/1000 is -124.640453977199
    Sweep 10/1000 CPU time = 17m, 12s (Wall time = 17m, 34s)
    Energy change:-0.7535220699245002

    vN Entropy at center bond b=80 = 0.492620860692
    Eigs at center bond b=80: 0.8794 0.0816 0.0166 0.0162 0.0032 0.0012 0.0011 
    Largest link dim during sweep 11/1000 was 1689
    Largest truncation error: 9.62924913728439e-07
    Energy after sweep 11/1000 is -125.234641303384
    Sweep 11/1000 CPU time = 13m, 16s (Wall time = 13m, 32s)
    Energy change:-0.5941873261846951

    vN Entropy at center bond b=80 = 0.987311229884
    Eigs at center bond b=80: 0.4714 0.4564 0.0321 0.0315 0.0030 0.0030 
    Largest link dim during sweep 12/1000 was 1601
    Largest truncation error: 9.251102815315209e-07
    Energy after sweep 12/1000 is -125.895336893411
    Sweep 12/1000 CPU time = 10m, 13s (Wall time = 10m, 26s)
    Energy change:-0.6606955900270748

    vN Entropy at center bond b=80 = 0.680351898857
    Eigs at center bond b=80: 0.8315 0.1090 0.0172 0.0169 0.0057 0.0057 0.0039 0.0038 0.0019 0.0019 
    Largest link dim during sweep 13/1000 was 1446
    Largest truncation error: 9.280719215254331e-07
    Energy after sweep 13/1000 is -126.364676842938
    Sweep 13/1000 CPU time = 8m, 16.3s (Wall time = 8m, 27.0s)
    Energy change:-0.4693399495269404

    vN Entropy at center bond b=80 = 0.834923006852
    Eigs at center bond b=80: 0.7703 0.1511 0.0236 0.0236 0.0105 0.0066 0.0030 0.0029 0.0026 0.0026 
    Largest link dim during sweep 14/1000 was 1253
    Largest truncation error: 9.005473308144884e-07
    Energy after sweep 14/1000 is -126.812017028929
    Sweep 14/1000 CPU time = 6m, 1.7s (Wall time = 6m, 8.0s)
    Energy change:-0.4473401859916208

    vN Entropy at center bond b=80 = 1.006541194750
    Eigs at center bond b=80: 0.5342 0.3883 0.0325 0.0325 0.0036 0.0036 0.0013 
    Largest link dim during sweep 15/1000 was 1152
    Largest truncation error: 9.254640861618068e-07
    Energy after sweep 15/1000 is -127.188004725018
    Sweep 15/1000 CPU time = 5m, 1.8s (Wall time = 5m, 5.0s)
    Energy change:-0.3759876960887851

    vN Entropy at center bond b=80 = 0.681142698627
    Eigs at center bond b=80: 0.8396 0.0964 0.0164 0.0164 0.0090 0.0052 0.0048 0.0048 0.0021 0.0021 
    Largest link dim during sweep 16/1000 was 1261
    Largest truncation error: 9.095358139569326e-07
    Energy after sweep 16/1000 is -127.527947186960
    Sweep 16/1000 CPU time = 4m, 13.9s (Wall time = 4m, 15.3s)
    Energy change:-0.339942461941817

    vN Entropy at center bond b=80 = 0.849042770038
    Eigs at center bond b=80: 0.7714 0.1459 0.0235 0.0234 0.0124 0.0068 0.0036 0.0036 0.0028 0.0028 
    Largest link dim during sweep 17/1000 was 901
    Largest truncation error: 8.313423326289462e-07
    Energy after sweep 17/1000 is -127.835609352569
    Sweep 17/1000 CPU time = 3m, 30.9s (Wall time = 3m, 31.7s)
    Energy change:-0.3076621656085763

    vN Entropy at center bond b=80 = 1.039309234718
    Eigs at center bond b=80: 0.5075 0.4105 0.0329 0.0329 0.0040 0.0040 0.0019 
    Largest link dim during sweep 18/1000 was 770
    Largest truncation error: 8.337655649213642e-07
    Energy after sweep 18/1000 is -128.083893792397
    Sweep 18/1000 CPU time = 2m, 39.3s (Wall time = 2m, 39.6s)
    Energy change:-0.2482844398284811

    vN Entropy at center bond b=80 = 0.774449687030
    Eigs at center bond b=80: 0.8089 0.1166 0.0184 0.0184 0.0103 0.0068 0.0053 0.0053 0.0026 0.0026 
    Largest link dim during sweep 19/1000 was 904
    Largest truncation error: 8.765867828738553e-07
    Energy after sweep 19/1000 is -128.354437165665
    Sweep 19/1000 CPU time = 2m, 56.3s (Wall time = 2m, 56.7s)
    Energy change:-0.2705433732683673

    vN Entropy at center bond b=80 = 0.884220248926
    Eigs at center bond b=80: 0.7687 0.1396 0.0227 0.0227 0.0177 0.0079 0.0047 0.0047 0.0030 0.0030 
    Largest link dim during sweep 20/1000 was 723
    Largest truncation error: 8.196904989091238e-07
    Energy after sweep 20/1000 is -128.579501290750
    Sweep 20/1000 CPU time = 2m, 14.3s (Wall time = 2m, 14.6s)
    Energy change:-0.2250641250847423

    vN Entropy at center bond b=80 = 1.066599014065
    Eigs at center bond b=80: 0.4758 0.4392 0.0324 0.0324 0.0043 0.0043 0.0027 0.0016 0.0013 
    Largest link dim during sweep 21/1000 was 741
    Largest truncation error: 8.293853172774829e-07
    Energy after sweep 21/1000 is -128.786761863303
    Sweep 21/1000 CPU time = 2m, 1.2s (Wall time = 2m, 1.5s)
    Energy change:-0.2072605725532526

    vN Entropy at center bond b=80 = 0.881527938150
    Eigs at center bond b=80: 0.7850 0.1166 0.0254 0.0178 0.0178 0.0094 0.0078 0.0078 0.0027 0.0027 
    Largest link dim during sweep 22/1000 was 661
    Largest truncation error: 8.067243403535087e-07
    Energy after sweep 22/1000 is -128.986744031490
    Sweep 22/1000 CPU time = 1m, 40.4s (Wall time = 1m, 40.7s)
    Energy change:-0.1999821681867218

    vN Entropy at center bond b=80 = 1.002684099182
    Eigs at center bond b=80: 0.7080 0.1913 0.0249 0.0249 0.0187 0.0089 0.0048 0.0048 0.0037 0.0037 
    Largest link dim during sweep 23/1000 was 545
    Largest truncation error: 8.010583444961458e-07
    Energy after sweep 23/1000 is -129.159011593952
    Sweep 23/1000 CPU time = 1m, 20.1s (Wall time = 1m, 20.3s)
    Energy change:-0.1722675624623378

    vN Entropy at center bond b=80 = 1.087167638600
    Eigs at center bond b=80: 0.5135 0.3989 0.0310 0.0310 0.0045 0.0045 0.0030 0.0023 0.0020 0.0010 
    Largest link dim during sweep 24/1000 was 492
    Largest truncation error: 7.855358932592592e-07
    Energy after sweep 24/1000 is -129.300512419130
    Sweep 24/1000 CPU time = 1m, 10.0s (Wall time = 1m, 10.2s)
    Energy change:-0.1415008251772463

    vN Entropy at center bond b=80 = 0.961252072703
    Eigs at center bond b=80: 0.7479 0.1500 0.0235 0.0201 0.0201 0.0094 0.0070 0.0070 0.0033 0.0033 
    Largest link dim during sweep 25/1000 was 465
    Largest truncation error: 7.807270708364379e-07
    Energy after sweep 25/1000 is -129.425210076400
    Sweep 25/1000 CPU time = 1m, 2.3s (Wall time = 1m, 2.5s)
    Energy change:-0.124697657270417

    vN Entropy at center bond b=80 = 1.007477381418
    Eigs at center bond b=80: 0.7422 0.1341 0.0407 0.0200 0.0200 0.0114 0.0082 0.0082 0.0032 0.0032 
    Largest link dim during sweep 26/1000 was 421
    Largest truncation error: 9.177185977269468e-07
    Energy after sweep 26/1000 is -129.543282726618
    Sweep 26/1000 CPU time = 55.48s (Wall time = 55.62s)
    Energy change:-0.1180726502180391

    vN Entropy at center bond b=80 = 1.128384119785
    Eigs at center bond b=80: 0.5438 0.3589 0.0295 0.0294 0.0086 0.0067 0.0046 0.0046 0.0024 0.0024 
    Largest link dim during sweep 27/1000 was 358
    Largest truncation error: 8.237765075750465e-07
    Energy after sweep 27/1000 is -129.654651491748
    Sweep 27/1000 CPU time = 50.38s (Wall time = 50.50s)
    Energy change:-0.1113687651302655

    vN Entropy at center bond b=80 = 1.115924521766
    Eigs at center bond b=80: 0.5864 0.3174 0.0278 0.0276 0.0073 0.0060 0.0046 0.0045 0.0028 0.0028 
    Largest link dim during sweep 28/1000 was 327
    Largest truncation error: 8.408252625697901e-07
    Energy after sweep 28/1000 is -129.739746145938
    Sweep 28/1000 CPU time = 47.43s (Wall time = 47.55s)
    Energy change:-0.08509465419004414

    vN Entropy at center bond b=80 = 1.077111456066
    Eigs at center bond b=80: 0.7143 0.1569 0.0412 0.0199 0.0192 0.0120 0.0089 0.0089 0.0035 0.0034 
    Largest link dim during sweep 29/1000 was 308
    Largest truncation error: 8.451568171444374e-07
    Energy after sweep 29/1000 is -129.791220428359
    Sweep 29/1000 CPU time = 46.16s (Wall time = 46.28s)
    Energy change:-0.05147428242040064

    vN Entropy at center bond b=80 = 1.127548361095
    Eigs at center bond b=80: 0.7097 0.1280 0.0699 0.0177 0.0174 0.0148 0.0125 0.0111 0.0032 0.0032 
    Largest link dim during sweep 30/1000 was 266
    Largest truncation error: 8.788819316625449e-07
    Energy after sweep 30/1000 is -129.822239757166
    Sweep 30/1000 CPU time = 47.42s (Wall time = 47.54s)
    Energy change:-0.03101932880721847

    vN Entropy at center bond b=80 = 1.204630213315
    Eigs at center bond b=80: 0.6327 0.2337 0.0354 0.0240 0.0228 0.0140 0.0088 0.0066 0.0042 0.0041 
    Largest link dim during sweep 31/1000 was 267
    Largest truncation error: 8.963737284765895e-07
    Energy after sweep 31/1000 is -129.839158979447
    Sweep 31/1000 CPU time = 50.39s (Wall time = 50.51s)
    Energy change:-0.0169192222806771

    vN Entropy at center bond b=80 = 1.261295560149
    Eigs at center bond b=80: 0.5627 0.3094 0.0286 0.0246 0.0221 0.0126 0.0076 0.0045 0.0045 0.0044 
    Largest link dim during sweep 32/1000 was 291
    Largest truncation error: 8.904350898703108e-07
    Energy after sweep 32/1000 is -129.848021922462
    Sweep 32/1000 CPU time = 55.30s (Wall time = 55.44s)
    Energy change:-0.008862943015628844

    vN Entropy at center bond b=80 = 1.306653154648
    Eigs at center bond b=80: 0.5169 0.3504 0.0348 0.0248 0.0162 0.0115 0.0076 0.0053 0.0046 0.0044 
    Largest link dim during sweep 33/1000 was 312
    Largest truncation error: 7.595634604154612e-07
    Energy after sweep 33/1000 is -129.852811886187
    Sweep 33/1000 CPU time = 59.86s (Wall time = 1m, 0.0s)
    Energy change:-0.004789963724249446

    vN Entropy at center bond b=80 = 1.350705580272
    Eigs at center bond b=80: 0.4844 0.3723 0.0447 0.0245 0.0130 0.0105 0.0079 0.0064 0.0054 0.0047 
    Largest link dim during sweep 34/1000 was 326
    Largest truncation error: 8.237503260205506e-07
    Energy after sweep 34/1000 is -129.855682160308
    Sweep 34/1000 CPU time = 1m, 4.8s (Wall time = 1m, 4.9s)
    Energy change:-0.002870274121221428

    vN Entropy at center bond b=80 = 1.395587418212
    Eigs at center bond b=80: 0.4583 0.3840 0.0573 0.0239 0.0110 0.0098 0.0082 0.0071 0.0062 0.0061 
    Largest link dim during sweep 35/1000 was 337
    Largest truncation error: 9.220745163726675e-07
    Energy after sweep 35/1000 is -129.857501742564
    Sweep 35/1000 CPU time = 1m, 8.5s (Wall time = 1m, 8.6s)
    Energy change:-0.001819582256132435

    vN Entropy at center bond b=80 = 1.442803103669
    Eigs at center bond b=80: 0.4348 0.3901 0.0719 0.0232 0.0096 0.0093 0.0085 0.0074 0.0074 0.0066 
    Largest link dim during sweep 36/1000 was 344
    Largest truncation error: 9.029131839891491e-07
    Energy after sweep 36/1000 is -129.858754705518
    Sweep 36/1000 CPU time = 1m, 11.1s (Wall time = 1m, 11.3s)
    Energy change:-0.001252962954055192

    vN Entropy at center bond b=80 = 1.487812635119
    Eigs at center bond b=80: 0.4144 0.3921 0.0861 0.0224 0.0093 0.0088 0.0087 0.0087 0.0082 0.0076 
    Largest link dim during sweep 37/1000 was 349
    Largest truncation error: 8.403689740338834e-07
    Energy after sweep 37/1000 is -129.859572911147
    Sweep 37/1000 CPU time = 1m, 12.7s (Wall time = 1m, 12.8s)
    Energy change:-0.0008182056291445861

    vN Entropy at center bond b=80 = 1.528862506388
    Eigs at center bond b=80: 0.3967 0.3915 0.0994 0.0217 0.0143 0.0089 0.0088 0.0084 0.0079 0.0078 
    Largest link dim during sweep 38/1000 was 349
    Largest truncation error: 8.210706239026046e-07
    Energy after sweep 38/1000 is -129.860208811251
    Sweep 38/1000 CPU time = 1m, 13.5s (Wall time = 1m, 13.7s)
    Energy change:-0.0006359001036457812

    vN Entropy at center bond b=80 = 1.566981276743
    Eigs at center bond b=80: 0.3890 0.3805 0.1120 0.0210 0.0201 0.0092 0.0090 0.0080 0.0079 0.0073 
    Largest link dim during sweep 39/1000 was 348
    Largest truncation error: 9.124443835707952e-07
    Energy after sweep 39/1000 is -129.860712434719
    Sweep 39/1000 CPU time = 1m, 14.0s (Wall time = 1m, 14.2s)
    Energy change:-0.0005036234683188923

    vN Entropy at center bond b=80 = 1.599731825824
    Eigs at center bond b=80: 0.3858 0.3664 0.1232 0.0261 0.0204 0.0095 0.0091 0.0079 0.0077 0.0074 
    Largest link dim during sweep 40/1000 was 353
    Largest truncation error: 8.377306144802817e-07
    Energy after sweep 40/1000 is -129.861078735221
    Sweep 40/1000 CPU time = 1m, 14.3s (Wall time = 1m, 14.5s)
    Energy change:-0.0003663005022360721

    vN Entropy at center bond b=80 = 1.628099586752
    Eigs at center bond b=80: 0.3821 0.3538 0.1334 0.0322 0.0198 0.0097 0.0091 0.0080 0.0075 0.0074 
    Largest link dim during sweep 41/1000 was 354
    Largest truncation error: 8.481423723219333e-07
    Energy after sweep 41/1000 is -129.861392933092
    Sweep 41/1000 CPU time = 1m, 14.8s (Wall time = 1m, 15.0s)
    Energy change:-0.0003141978706082682

    vN Entropy at center bond b=80 = 1.652712951837
    Eigs at center bond b=80: 0.3781 0.3426 0.1426 0.0382 0.0193 0.0098 0.0091 0.0080 0.0076 0.0071 
    Largest link dim during sweep 42/1000 was 354
    Largest truncation error: 8.562811445766718e-07
    Energy after sweep 42/1000 is -129.861666075853
    Sweep 42/1000 CPU time = 1m, 15.2s (Wall time = 1m, 15.4s)
    Energy change:-0.0002731427610740411

    vN Entropy at center bond b=80 = 1.674609774982
    Eigs at center bond b=80: 0.3739 0.3323 0.1511 0.0441 0.0188 0.0099 0.0092 0.0080 0.0076 0.0069 
    Largest link dim during sweep 43/1000 was 354
    Largest truncation error: 8.629702657767629e-07
    Energy after sweep 43/1000 is -129.861915896370
    Sweep 43/1000 CPU time = 1m, 15.5s (Wall time = 1m, 15.7s)
    Energy change:-0.0002498205168137702

    vN Entropy at center bond b=80 = 1.693769453766
    Eigs at center bond b=80: 0.3698 0.3230 0.1587 0.0498 0.0183 0.0100 0.0092 0.0080 0.0077 0.0067 
    Largest link dim during sweep 44/1000 was 354
    Largest truncation error: 8.773742324961419e-07
    Energy after sweep 44/1000 is -129.862117926167
    Sweep 44/1000 CPU time = 1m, 16.1s (Wall time = 1m, 16.3s)
    Energy change:-0.0002020297967533224

    vN Entropy at center bond b=80 = 1.710535260842
    Eigs at center bond b=80: 0.3658 0.3146 0.1656 0.0554 0.0179 0.0100 0.0092 0.0080 0.0078 0.0065 
    Largest link dim during sweep 45/1000 was 353
    Largest truncation error: 8.807288645785915e-07
    Energy after sweep 45/1000 is -129.862294939025
    Sweep 45/1000 CPU time = 1m, 16.6s (Wall time = 1m, 16.7s)
    Energy change:-0.0001770128587281761

    vN Entropy at center bond b=80 = 1.725531085230
    Eigs at center bond b=80: 0.3618 0.3068 0.1719 0.0607 0.0175 0.0100 0.0092 0.0080 0.0078 0.0063 
    Largest link dim during sweep 46/1000 was 353
    Largest truncation error: 8.872927142647559e-07
    Energy after sweep 46/1000 is -129.862460213203
    Sweep 46/1000 CPU time = 1m, 17.1s (Wall time = 1m, 17.4s)
    Energy change:-0.0001652741775615141

    vN Entropy at center bond b=80 = 1.739442427452
    Eigs at center bond b=80: 0.3579 0.2994 0.1779 0.0660 0.0171 0.0100 0.0092 0.0080 0.0079 0.0061 
    Largest link dim during sweep 47/1000 was 353
    Largest truncation error: 8.901700859360755e-07
    Energy after sweep 47/1000 is -129.862614660709
    Sweep 47/1000 CPU time = 1m, 17.8s (Wall time = 1m, 17.9s)
    Energy change:-0.0001544475061052708

    vN Entropy at center bond b=80 = 1.751774128481
    Eigs at center bond b=80: 0.3540 0.2925 0.1834 0.0711 0.0168 0.0099 0.0092 0.0079 0.0079 0.0060 
    Largest link dim during sweep 48/1000 was 353
    Largest truncation error: 8.92827877702056e-07
    Energy after sweep 48/1000 is -129.862746599760
    Sweep 48/1000 CPU time = 1m, 18.0s (Wall time = 1m, 18.2s)
    Energy change:-0.0001319390506751006

    vN Entropy at center bond b=80 = 1.762604851822
    Eigs at center bond b=80: 0.3504 0.2861 0.1885 0.0759 0.0164 0.0099 0.0092 0.0080 0.0079 0.0058 
    Largest link dim during sweep 49/1000 was 353
    Largest truncation error: 8.954339054993368e-07
    Energy after sweep 49/1000 is -129.862858952016
    Sweep 49/1000 CPU time = 1m, 18.8s (Wall time = 1m, 19.0s)
    Energy change:-0.0001123522564228097

    vN Entropy at center bond b=80 = 1.772485846015
    Eigs at center bond b=80: 0.3468 0.2801 0.1933 0.0807 0.0161 0.0099 0.0092 0.0080 0.0079 0.0057 
    Largest link dim during sweep 50/1000 was 353
    Largest truncation error: 8.978234591283656e-07
    Energy after sweep 50/1000 is -129.862979628055
    Sweep 50/1000 CPU time = 1m, 19.0s (Wall time = 1m, 19.2s)
    Energy change:-0.0001206760389322881

    vN Entropy at center bond b=80 = 1.781448317287
    Eigs at center bond b=80: 0.3432 0.2745 0.1978 0.0852 0.0158 0.0098 0.0092 0.0081 0.0079 0.0057 
    Largest link dim during sweep 51/1000 was 353
    Largest truncation error: 8.998076866709924e-07
    Energy after sweep 51/1000 is -129.863086896684
    Sweep 51/1000 CPU time = 1m, 19.2s (Wall time = 1m, 19.4s)
    Energy change:-0.0001072686290513047

    vN Entropy at center bond b=80 = 1.789271358056
    Eigs at center bond b=80: 0.3399 0.2694 0.2020 0.0895 0.0156 0.0098 0.0092 0.0081 0.0079 0.0060 
    Largest link dim during sweep 52/1000 was 353
    Largest truncation error: 9.015166288229834e-07
    Energy after sweep 52/1000 is -129.863172161027
    Sweep 52/1000 CPU time = 1m, 19.5s (Wall time = 1m, 19.7s)
    Energy change:-8.526434254463311e-05

    vN Entropy at center bond b=80 = 1.796036699193
    Eigs at center bond b=80: 0.3368 0.2648 0.2058 0.0934 0.0153 0.0098 0.0091 0.0081 0.0078 0.0062 
    Largest link dim during sweep 53/1000 was 353
    Largest truncation error: 9.03110501013914e-07
    Energy after sweep 53/1000 is -129.863257432282
    Sweep 53/1000 CPU time = 1m, 20.0s (Wall time = 1m, 20.2s)
    Energy change:-8.527125575596983e-05

    vN Entropy at center bond b=80 = 1.802043285638
    Eigs at center bond b=80: 0.3339 0.2604 0.2093 0.0971 0.0151 0.0097 0.0091 0.0081 0.0078 0.0064 
    Largest link dim during sweep 54/1000 was 354
    Largest truncation error: 9.04645344618431e-07
    Energy after sweep 54/1000 is -129.863323319900
    Sweep 54/1000 CPU time = 1m, 20.3s (Wall time = 1m, 20.5s)
    Energy change:-6.588761763737239e-05

    vN Entropy at center bond b=80 = 1.807459646647
    Eigs at center bond b=80: 0.3311 0.2564 0.2125 0.1006 0.0149 0.0097 0.0091 0.0082 0.0078 0.0066 
    Largest link dim during sweep 55/1000 was 354
    Largest truncation error: 9.062187853279947e-07
    Energy after sweep 55/1000 is -129.863405573516
    Sweep 55/1000 CPU time = 1m, 20.9s (Wall time = 1m, 21.1s)
    Energy change:-8.225361597169467e-05

    vN Entropy at center bond b=80 = 1.812619610104
    Eigs at center bond b=80: 0.3284 0.2525 0.2156 0.1040 0.0147 0.0096 0.0091 0.0082 0.0078 0.0068 
    Largest link dim during sweep 56/1000 was 354
    Largest truncation error: 9.076649604748213e-07
    Energy after sweep 56/1000 is -129.863495104060
    Sweep 56/1000 CPU time = 1m, 21.4s (Wall time = 1m, 21.6s)
    Energy change:-8.953054384619463e-05

    vN Entropy at center bond b=80 = 1.817587542304
    Eigs at center bond b=80: 0.3257 0.2487 0.2186 0.1075 0.0145 0.0096 0.0091 0.0082 0.0078 0.0070 
    Largest link dim during sweep 57/1000 was 357
    Largest truncation error: 9.088570080951802e-07
    Energy after sweep 57/1000 is -129.863566415012
    Sweep 57/1000 CPU time = 1m, 21.8s (Wall time = 1m, 22.0s)
    Energy change:-7.131095196655224e-05

    vN Entropy at center bond b=80 = 1.822174830330
    Eigs at center bond b=80: 0.3230 0.2450 0.2215 0.1109 0.0143 0.0095 0.0091 0.0082 0.0077 0.0072 
    Largest link dim during sweep 58/1000 was 357
    Largest truncation error: 9.100126965029267e-07
    Energy after sweep 58/1000 is -129.863631937988
    Sweep 58/1000 CPU time = 1m, 22.2s (Wall time = 1m, 22.4s)
    Energy change:-6.552297591611023e-05

    vN Entropy at center bond b=80 = 1.826258976059
    Eigs at center bond b=80: 0.3205 0.2416 0.2242 0.1140 0.0141 0.0095 0.0091 0.0082 0.0077 0.0073 
    Largest link dim during sweep 59/1000 was 358
    Largest truncation error: 9.110439051289497e-07
    Energy after sweep 59/1000 is -129.863688660590
    Sweep 59/1000 CPU time = 1m, 22.2s (Wall time = 1m, 22.4s)
    Energy change:-5.672260263622775e-05

    vN Entropy at center bond b=80 = 1.829858661591
    Eigs at center bond b=80: 0.3181 0.2384 0.2267 0.1170 0.0139 0.0094 0.0091 0.0082 0.0077 0.0075 
    Largest link dim during sweep 60/1000 was 358
    Largest truncation error: 9.122774579315432e-07
    Energy after sweep 60/1000 is -129.863731820371
    Sweep 60/1000 CPU time = 1m, 22.4s (Wall time = 1m, 22.6s)
    Energy change:-4.315978020486e-05

    vN Entropy at center bond b=80 = 1.832887950608
    Eigs at center bond b=80: 0.3160 0.2355 0.2290 0.1197 0.0138 0.0094 0.0091 0.0083 0.0077 0.0077 
    Largest link dim during sweep 61/1000 was 358
    Largest truncation error: 9.132943620425196e-07
    Energy after sweep 61/1000 is -129.863761489575
    Sweep 61/1000 CPU time = 1m, 23.7s (Wall time = 1m, 24.0s)
    Energy change:-2.966920411040519e-05

    vN Entropy at center bond b=80 = 1.835510741593
    Eigs at center bond b=80: 0.3141 0.2329 0.2311 0.1221 0.0137 0.0093 0.0091 0.0083 0.0078 0.0077 
    Largest link dim during sweep 62/1000 was 358
    Largest truncation error: 9.141586561983911e-07
    Energy after sweep 62/1000 is -129.863800670820
    Sweep 62/1000 CPU time = 1m, 24.6s (Wall time = 1m, 24.9s)
    Energy change:-3.918124539836754e-05

    vN Entropy at center bond b=80 = 1.837883453929
    Eigs at center bond b=80: 0.3123 0.2329 0.2305 0.1244 0.0135 0.0093 0.0090 0.0083 0.0079 0.0077 
    Largest link dim during sweep 63/1000 was 358
    Largest truncation error: 9.149132692886006e-07
    Energy after sweep 63/1000 is -129.863837753639
    Sweep 63/1000 CPU time = 1m, 24.7s (Wall time = 1m, 24.9s)
    Energy change:-3.708281877834452e-05

    vN Entropy at center bond b=80 = 1.840140456640
    Eigs at center bond b=80: 0.3105 0.2347 0.2282 0.1266 0.0134 0.0092 0.0090 0.0083 0.0080 0.0077 
    Largest link dim during sweep 64/1000 was 359
    Largest truncation error: 9.158581716828394e-07
    Energy after sweep 64/1000 is -129.863886415843
    Sweep 64/1000 CPU time = 1m, 25.1s (Wall time = 1m, 25.3s)
    Energy change:-4.866220416488432e-05

    vN Entropy at center bond b=80 = 1.842349326351
    Eigs at center bond b=80: 0.3088 0.2365 0.2258 0.1289 0.0133 0.0092 0.0090 0.0083 0.0082 0.0077 
    Largest link dim during sweep 65/1000 was 358
    Largest truncation error: 9.167458873014264e-07
    Energy after sweep 65/1000 is -129.863936625366
    Sweep 65/1000 CPU time = 1m, 25.5s (Wall time = 1m, 25.7s)
    Energy change:-5.020952281142854e-05

    vN Entropy at center bond b=80 = 1.844425280082
    Eigs at center bond b=80: 0.3070 0.2382 0.2236 0.1312 0.0132 0.0092 0.0090 0.0083 0.0083 0.0077 
    Largest link dim during sweep 66/1000 was 358
    Largest truncation error: 9.174979174452559e-07
    Energy after sweep 66/1000 is -129.863967429226
    Sweep 66/1000 CPU time = 1m, 25.6s (Wall time = 1m, 25.9s)
    Energy change:-3.080385977227706e-05

    vN Entropy at center bond b=80 = 1.846250373891
    Eigs at center bond b=80: 0.3054 0.2398 0.2215 0.1332 0.0131 0.0091 0.0090 0.0084 0.0083 0.0077 
    Largest link dim during sweep 67/1000 was 359
    Largest truncation error: 9.18176650273342e-07
    Energy after sweep 67/1000 is -129.863992262484
    Sweep 67/1000 CPU time = 1m, 25.8s (Wall time = 1m, 26.0s)
    Energy change:-2.483325792468349e-05

    vN Entropy at center bond b=80 = 1.847799073147
    Eigs at center bond b=80: 0.3039 0.2413 0.2196 0.1350 0.0130 0.0091 0.0090 0.0085 0.0083 0.0076 
    Largest link dim during sweep 68/1000 was 359
    Largest truncation error: 9.18677038083329e-07
    Energy after sweep 68/1000 is -129.864015089239
    Sweep 68/1000 CPU time = 1m, 24.4s (Wall time = 1m, 24.6s)
    Energy change:-2.282675515630217e-05

    vN Entropy at center bond b=80 = 1.849176011261
    Eigs at center bond b=80: 0.3025 0.2428 0.2179 0.1368 0.0129 0.0091 0.0090 0.0086 0.0083 0.0076 
    Largest link dim during sweep 69/1000 was 359
    Largest truncation error: 9.191901008862087e-07
    Energy after sweep 69/1000 is -129.864041004226
    Sweep 69/1000 CPU time = 1m, 24.5s (Wall time = 1m, 24.7s)
    Energy change:-2.591498775927903e-05

    vN Entropy at center bond b=80 = 1.850419792524
    Eigs at center bond b=80: 0.3011 0.2441 0.2162 0.1384 0.0128 0.0090 0.0090 0.0087 0.0083 0.0076 
    Largest link dim during sweep 70/1000 was 360
    Largest truncation error: 9.196192994310657e-07
    Energy after sweep 70/1000 is -129.864071279431
    Sweep 70/1000 CPU time = 1m, 24.7s (Wall time = 1m, 24.9s)
    Energy change:-3.027520409659701e-05

    vN Entropy at center bond b=80 = 1.851499924881
    Eigs at center bond b=80: 0.2999 0.2454 0.2147 0.1399 0.0127 0.0090 0.0090 0.0088 0.0083 0.0076 
    Largest link dim during sweep 71/1000 was 360
    Largest truncation error: 9.199832725820834e-07
    Energy after sweep 71/1000 is -129.864085899307
    Sweep 71/1000 CPU time = 1m, 24.9s (Wall time = 1m, 25.4s)
    Energy change:-1.461987599782333e-05

    vN Entropy at center bond b=80 = 1.852502781150
    Eigs at center bond b=80: 0.2987 0.2466 0.2133 0.1413 0.0126 0.0090 0.0090 0.0089 0.0083 0.0076 
    Largest link dim during sweep 72/1000 was 360
    Largest truncation error: 9.203447765958844e-07
    Energy after sweep 72/1000 is -129.864111998014
    Sweep 72/1000 CPU time = 1m, 25.2s (Wall time = 1m, 25.4s)
    Energy change:-2.609870747960485e-05

    vN Entropy at center bond b=80 = 1.853433254075
    Eigs at center bond b=80: 0.2976 0.2476 0.2119 0.1426 0.0125 0.0090 0.0090 0.0089 0.0083 0.0077 
    Largest link dim during sweep 73/1000 was 360
    Largest truncation error: 9.206642688295647e-07
    Energy after sweep 73/1000 is -129.864131416818
    Sweep 73/1000 CPU time = 1m, 25.1s (Wall time = 1m, 25.3s)
    Energy change:-1.941880361755466e-05

    vN Entropy at center bond b=80 = 1.854300571496
    Eigs at center bond b=80: 0.2965 0.2486 0.2107 0.1439 0.0125 0.0090 0.0090 0.0089 0.0083 0.0077 
    Largest link dim during sweep 74/1000 was 360
    Largest truncation error: 9.210320085004014e-07
    Energy after sweep 74/1000 is -129.864151106655
    Sweep 74/1000 CPU time = 1m, 25.2s (Wall time = 1m, 25.5s)
    Energy change:-1.968983724509599e-05

    vN Entropy at center bond b=80 = 1.855101379507
    Eigs at center bond b=80: 0.2956 0.2496 0.2095 0.1451 0.0124 0.0091 0.0090 0.0089 0.0083 0.0077 
    Largest link dim during sweep 75/1000 was 361
    Largest truncation error: 9.214640190941793e-07
    Energy after sweep 75/1000 is -129.864160968859
    Sweep 75/1000 CPU time = 1m, 25.3s (Wall time = 1m, 25.5s)
    Energy change:-9.862203654620316e-06

    Energy has converged -> stop the DMRG.
Final energy=0
Time=10980 sec
Nup =15 Ndown = 14L = 40 W = 4
