1_Dn 5_Up 9_Dn 13_Up 17_Dn 21_Up 25_Dn 29_Up 33_Dn 2_Up 6_Dn 10_Up 14_Dn 18_Up 22_Dn 26_Up 30_Dn 34_Up 3_Dn 7_Up 11_Dn 15_Up 19_Dn 23_Up 27_Dn 31_Up 35_Dn 4_Up 8_Dn 12_Up 16_Dn 20_Up 24_Dn 28_Up 32_Dn 36_Up 37_Up 38_Up 39_Up 40_Up 41_Up Initial energy=0
    vN Entropy at center bond b=80 = 0.001549227696
    Eigs at center bond b=80: 0.9998 
    Largest link dim during sweep 1/1000 was 10
    Largest truncation error: 0.000956536574527711
    Energy after sweep 1/1000 is -144.888494309751
    Sweep 1/1000 CPU time = 0.441s (Wall time = 0.448s)
    Energy change:-144.8884943097511

    vN Entropy at center bond b=80 = 0.630907775875
    Eigs at center bond b=80: 0.6747 0.3253 
    Largest link dim during sweep 2/1000 was 20
    Largest truncation error: 0.003647279486714245
    Energy after sweep 2/1000 is -152.132494841284
    Sweep 2/1000 CPU time = 1.504s (Wall time = 1.513s)
    Energy change:-7.244000531532578

    vN Entropy at center bond b=80 = 0.543265302557
    Eigs at center bond b=80: 0.8133 0.1708 0.0130 0.0029 
    Largest link dim during sweep 3/1000 was 50
    Largest truncation error: 0.001403003265695461
    Energy after sweep 3/1000 is -156.840493194229
    Sweep 3/1000 CPU time = 3.022s (Wall time = 3.297s)
    Energy change:-4.707998352945083

    vN Entropy at center bond b=80 = 0.719518305072
    Eigs at center bond b=80: 0.5081 0.4881 0.0016 0.0015 
    Largest link dim during sweep 4/1000 was 100
    Largest truncation error: 0.0005806881480805175
    Energy after sweep 4/1000 is -160.226030759919
    Sweep 4/1000 CPU time = 5.610s (Wall time = 6.178s)
    Energy change:-3.385537565690214

    vN Entropy at center bond b=80 = 0.533660317082
    Eigs at center bond b=80: 0.8568 0.0755 0.0602 0.0075 
    Largest link dim during sweep 5/1000 was 200
    Largest truncation error: 0.0002170606139219733
    Energy after sweep 5/1000 is -162.182660669395
    Sweep 5/1000 CPU time = 13.54s (Wall time = 14.84s)
    Energy change:-1.956629909476391

    vN Entropy at center bond b=80 = 0.646207982537
    Eigs at center bond b=80: 0.7160 0.2749 0.0045 0.0036 
    Largest link dim during sweep 6/1000 was 400
    Largest truncation error: 6.621373196408771e-05
    Energy after sweep 6/1000 is -163.811127526805
    Sweep 6/1000 CPU time = 48.21s (Wall time = 51.22s)
    Energy change:-1.628466857409364

    vN Entropy at center bond b=80 = 0.677922686823
    Eigs at center bond b=80: 0.7403 0.2316 0.0211 0.0071 
    Largest link dim during sweep 7/1000 was 1000
    Largest truncation error: 1.488293860239955e-05
    Energy after sweep 7/1000 is -165.285758138142
    Sweep 7/1000 CPU time = 6m, 49.4s (Wall time = 7m, 1.6s)
    Energy change:-1.474630611337005

    vN Entropy at center bond b=80 = 0.747015641064
    Eigs at center bond b=80: 0.5213 0.4701 0.0027 0.0026 0.0020 0.0013 
    Largest link dim during sweep 8/1000 was 1800
    Largest truncation error: 7.686179111227256e-06
    Energy after sweep 8/1000 is -166.577209647135
    Sweep 8/1000 CPU time = 33m, 26s (Wall time = 34m, 9s)
    Energy change:-1.291451508993276

    vN Entropy at center bond b=80 = 0.677347436659
    Eigs at center bond b=80: 0.7421 0.2306 0.0198 0.0064 
    Largest link dim during sweep 9/1000 was 1800
    Largest truncation error: 1.213980563120358e-05
    Energy after sweep 9/1000 is -167.570144347262
    Sweep 9/1000 CPU time = 42m, 52s (Wall time = 43m, 43s)
    Energy change:-0.9929347001269093

    vN Entropy at center bond b=80 = 0.623034701132
    Eigs at center bond b=80: 0.8188 0.1089 0.0634 0.0086 
    Largest link dim during sweep 10/1000 was 1800
    Largest truncation error: 9.976801856634959e-06
    Energy after sweep 10/1000 is -168.319203746333
    Sweep 10/1000 CPU time = 38m, 26s (Wall time = 39m, 11s)
    Energy change:-0.7490593990709442

    vN Entropy at center bond b=80 = 0.639454460559
    Eigs at center bond b=80: 0.8118 0.1187 0.0596 0.0094 
    Largest link dim during sweep 11/1000 was 1800
    Largest truncation error: 7.468746207539849e-06
    Energy after sweep 11/1000 is -168.921796570838
    Sweep 11/1000 CPU time = 35m, 38s (Wall time = 36m, 19s)
    Energy change:-0.6025928245050238

    vN Entropy at center bond b=80 = 0.812169108526
    Eigs at center bond b=80: 0.7350 0.2029 0.0229 0.0197 0.0094 0.0080 
    Largest link dim during sweep 12/1000 was 1800
    Largest truncation error: 3.258402338032783e-06
    Energy after sweep 12/1000 is -169.511538558773
    Sweep 12/1000 CPU time = 34m, 23s (Wall time = 35m, 2s)
    Energy change:-0.5897419879354118

    vN Entropy at center bond b=80 = 1.289871067784
    Eigs at center bond b=80: 0.4829 0.2434 0.2140 0.0345 0.0056 0.0045 0.0037 0.0035 0.0019 0.0018 
    Largest link dim during sweep 13/1000 was 1800
    Largest truncation error: 3.175079039192023e-06
    Energy after sweep 13/1000 is -170.096976902956
    Sweep 13/1000 CPU time = 33m, 6s (Wall time = 33m, 46s)
    Energy change:-0.585438344182279

    vN Entropy at center bond b=80 = 1.308404489773
    Eigs at center bond b=80: 0.5725 0.1724 0.1486 0.0460 0.0389 0.0053 0.0042 0.0022 0.0020 0.0017 
    Largest link dim during sweep 14/1000 was 1800
    Largest truncation error: 7.61770155373506e-06
    Energy after sweep 14/1000 is -170.675744880748
    Sweep 14/1000 CPU time = 32m, 14s (Wall time = 32m, 51s)
    Energy change:-0.5787679777922108

    vN Entropy at center bond b=80 = 1.183819071705
    Eigs at center bond b=80: 0.6905 0.1357 0.0579 0.0320 0.0230 0.0216 0.0149 0.0087 0.0036 0.0021 
    Largest link dim during sweep 15/1000 was 1800
    Largest truncation error: 2.909502691925272e-06
    Energy after sweep 15/1000 is -171.244298536914
    Sweep 15/1000 CPU time = 29m, 56s (Wall time = 30m, 31s)
    Energy change:-0.5685536561660456

    vN Entropy at center bond b=80 = 1.429037180703
    Eigs at center bond b=80: 0.4423 0.2596 0.2115 0.0426 0.0090 0.0048 0.0046 0.0042 0.0041 0.0028 
    Largest link dim during sweep 16/1000 was 1800
    Largest truncation error: 2.205759950527402e-06
    Energy after sweep 16/1000 is -171.830948041207
    Sweep 16/1000 CPU time = 28m, 16s (Wall time = 28m, 48s)
    Energy change:-0.5866495042928079

    vN Entropy at center bond b=80 = 1.345313038505
    Eigs at center bond b=80: 0.5841 0.1631 0.1347 0.0478 0.0401 0.0063 0.0042 0.0025 0.0023 0.0021 
    Largest link dim during sweep 17/1000 was 1800
    Largest truncation error: 1.271807143863506e-06
    Energy after sweep 17/1000 is -172.348515081715
    Sweep 17/1000 CPU time = 28m, 43s (Wall time = 29m, 14s)
    Energy change:-0.5175670405085668

    vN Entropy at center bond b=80 = 1.281842738803
    Eigs at center bond b=80: 0.6583 0.1470 0.0576 0.0488 0.0195 0.0192 0.0192 0.0094 0.0049 0.0023 
    Largest link dim during sweep 18/1000 was 1800
    Largest truncation error: 1.035375851289949e-06
    Energy after sweep 18/1000 is -172.923516662692
    Sweep 18/1000 CPU time = 26m, 19s (Wall time = 26m, 47s)
    Energy change:-0.5750015809766182

    vN Entropy at center bond b=80 = 1.478639011799
    Eigs at center bond b=80: 0.4186 0.2798 0.2059 0.0447 0.0097 0.0056 0.0051 0.0048 0.0041 0.0034 
    Largest link dim during sweep 19/1000 was 1800
    Largest truncation error: 1.669395362762372e-06
    Energy after sweep 19/1000 is -173.318482636871
    Sweep 19/1000 CPU time = 25m, 0s (Wall time = 25m, 30s)
    Energy change:-0.3949659741788309

    vN Entropy at center bond b=80 = 1.396332711956
    Eigs at center bond b=80: 0.5759 0.1501 0.1465 0.0487 0.0411 0.0071 0.0041 0.0031 0.0030 0.0027 
    Largest link dim during sweep 20/1000 was 1727
    Largest truncation error: 7.932002387205255e-07
    Energy after sweep 20/1000 is -173.631961814675
    Sweep 20/1000 CPU time = 19m, 57s (Wall time = 20m, 20s)
    Energy change:-0.3134791778041688

    vN Entropy at center bond b=80 = 1.332967863863
    Eigs at center bond b=80: 0.6689 0.1061 0.0581 0.0440 0.0329 0.0315 0.0223 0.0112 0.0056 0.0020 
    Largest link dim during sweep 21/1000 was 1471
    Largest truncation error: 7.419321138467726e-07
    Energy after sweep 21/1000 is -173.910393169210
    Sweep 21/1000 CPU time = 17m, 21s (Wall time = 17m, 37s)
    Energy change:-0.2784313545351154

    vN Entropy at center bond b=80 = 1.508343447939
    Eigs at center bond b=80: 0.4705 0.2676 0.1327 0.0658 0.0112 0.0088 0.0069 0.0042 0.0040 0.0039 
    Largest link dim during sweep 22/1000 was 1799
    Largest truncation error: 8.070575382103975e-07
    Energy after sweep 22/1000 is -174.192919271126
    Sweep 22/1000 CPU time = 16m, 30s (Wall time = 16m, 43s)
    Energy change:-0.2825261019164884

    vN Entropy at center bond b=80 = 1.477869047257
    Eigs at center bond b=80: 0.5452 0.2043 0.0962 0.0794 0.0239 0.0077 0.0050 0.0044 0.0044 0.0037 
    Largest link dim during sweep 23/1000 was 1443
    Largest truncation error: 7.431713012798342e-07
    Energy after sweep 23/1000 is -174.469144957245
    Sweep 23/1000 CPU time = 14m, 60s (Wall time = 15m, 9s)
    Energy change:-0.2762256861187211

    vN Entropy at center bond b=80 = 1.425600275035
    Eigs at center bond b=80: 0.6601 0.0621 0.0582 0.0580 0.0436 0.0416 0.0303 0.0131 0.0054 0.0030 
    Largest link dim during sweep 24/1000 was 1194
    Largest truncation error: 7.699306764192943e-07
    Energy after sweep 24/1000 is -174.719574217153
    Sweep 24/1000 CPU time = 11m, 40s (Wall time = 11m, 45s)
    Energy change:-0.2504292599080031

    vN Entropy at center bond b=80 = 1.553160231130
    Eigs at center bond b=80: 0.5422 0.1923 0.0873 0.0790 0.0291 0.0116 0.0108 0.0097 0.0051 0.0050 
    Largest link dim during sweep 25/1000 was 1491
    Largest truncation error: 7.268891384852735e-07
    Energy after sweep 25/1000 is -174.967088892549
    Sweep 25/1000 CPU time = 14m, 20s (Wall time = 14m, 27s)
    Energy change:-0.2475146753954789

    vN Entropy at center bond b=80 = 1.627947494385
    Eigs at center bond b=80: 0.4117 0.3149 0.1186 0.0727 0.0125 0.0107 0.0078 0.0068 0.0065 0.0059 
    Largest link dim during sweep 26/1000 was 1499
    Largest truncation error: 7.28086364176569e-07
    Energy after sweep 26/1000 is -175.198408455411
    Sweep 26/1000 CPU time = 13m, 22s (Wall time = 13m, 28s)
    Energy change:-0.2313195628621827

    vN Entropy at center bond b=80 = 1.790282801075
    Eigs at center bond b=80: 0.5290 0.1318 0.1121 0.0443 0.0429 0.0243 0.0218 0.0208 0.0161 0.0074 
    Largest link dim during sweep 27/1000 was 1323
    Largest truncation error: 7.584093730219705e-07
    Energy after sweep 27/1000 is -175.426628953217
    Sweep 27/1000 CPU time = 16m, 35s (Wall time = 16m, 45s)
    Energy change:-0.2282204978056939

    vN Entropy at center bond b=80 = 2.110618832660
    Eigs at center bond b=80: 0.3835 0.1462 0.1136 0.1085 0.0772 0.0463 0.0201 0.0185 0.0181 0.0109 
    Largest link dim during sweep 28/1000 was 1396
    Largest truncation error: 7.545367438803402e-07
    Energy after sweep 28/1000 is -175.632403325952
    Sweep 28/1000 CPU time = 17m, 10s (Wall time = 17m, 20s)
    Energy change:-0.2057743727358456

    vN Entropy at center bond b=80 = 2.184129147591
    Eigs at center bond b=80: 0.2867 0.2205 0.1249 0.0922 0.0771 0.0720 0.0424 0.0133 0.0085 0.0076 
    Largest link dim during sweep 29/1000 was 1259
    Largest truncation error: 6.680972169352413e-07
    Energy after sweep 29/1000 is -175.746566221007
    Sweep 29/1000 CPU time = 17m, 10s (Wall time = 17m, 20s)
    Energy change:-0.1141628950549602

    vN Entropy at center bond b=80 = 2.192984172826
    Eigs at center bond b=80: 0.3718 0.1523 0.1151 0.0978 0.0593 0.0402 0.0347 0.0270 0.0268 0.0078 
    Largest link dim during sweep 30/1000 was 1331
    Largest truncation error: 8.284979213614733e-07
    Energy after sweep 30/1000 is -175.858947179858
    Sweep 30/1000 CPU time = 18m, 10s (Wall time = 18m, 26s)
    Energy change:-0.1123809588503093

    vN Entropy at center bond b=80 = 2.255738408874
    Eigs at center bond b=80: 0.3135 0.1707 0.1358 0.1089 0.0606 0.0547 0.0392 0.0220 0.0110 0.0091 
    Largest link dim during sweep 31/1000 was 1068
    Largest truncation error: 8.831284873328724e-07
    Energy after sweep 31/1000 is -175.966682042104
    Sweep 31/1000 CPU time = 19m, 18s (Wall time = 19m, 48s)
    Energy change:-0.1077348622459056

    vN Entropy at center bond b=80 = 2.317386719216
    Eigs at center bond b=80: 0.2332 0.1746 0.1451 0.1393 0.1034 0.0618 0.0303 0.0218 0.0172 0.0058 
    Largest link dim during sweep 32/1000 was 1050
    Largest truncation error: 7.677094345518503e-07
    Energy after sweep 32/1000 is -176.029071356044
    Sweep 32/1000 CPU time = 19m, 53s (Wall time = 20m, 30s)
    Energy change:-0.06238931393997404

    vN Entropy at center bond b=80 = 2.349934439664
    Eigs at center bond b=80: 0.1755 0.1723 0.1666 0.1411 0.1114 0.1009 0.0200 0.0147 0.0134 0.0127 
    Largest link dim during sweep 33/1000 was 1318
    Largest truncation error: 7.790541606709333e-07
    Energy after sweep 33/1000 is -176.075018937132
    Sweep 33/1000 CPU time = 22m, 55s (Wall time = 23m, 29s)
    Energy change:-0.0459475810885408

    vN Entropy at center bond b=80 = 2.383578638752
    Eigs at center bond b=80: 0.2275 0.1720 0.1501 0.1246 0.0931 0.0646 0.0354 0.0330 0.0191 0.0066 
    Largest link dim during sweep 34/1000 was 1423
    Largest truncation error: 7.771730596534841e-07
    Energy after sweep 34/1000 is -176.115337151706
    Sweep 34/1000 CPU time = 30m, 6s (Wall time = 30m, 54s)
    Energy change:-0.04031821457442675

    vN Entropy at center bond b=80 = 2.450919650275
    Eigs at center bond b=80: 0.2354 0.2303 0.1050 0.0849 0.0710 0.0567 0.0484 0.0394 0.0191 0.0157 
    Largest link dim during sweep 35/1000 was 1460
    Largest truncation error: 8.599925572042731e-07
    Energy after sweep 35/1000 is -176.153315692828
    Sweep 35/1000 CPU time = 45m, 40s (Wall time = 46m, 45s)
    Energy change:-0.0379785411212481

    vN Entropy at center bond b=80 = 2.519590911758
    Eigs at center bond b=80: 0.2658 0.1994 0.0973 0.0658 0.0654 0.0644 0.0545 0.0265 0.0257 0.0234 
    Largest link dim during sweep 36/1000 was 1620
    Largest truncation error: 7.635982841583472e-07
    Energy after sweep 36/1000 is -176.180071333145
    Sweep 36/1000 CPU time = 1h, 1m, 30s (Wall time = 1h, 2m, 50s)
    Energy change:-0.02675564031773092

    vN Entropy at center bond b=80 = 2.539799257350
    Eigs at center bond b=80: 0.2773 0.1514 0.1451 0.1034 0.0588 0.0354 0.0352 0.0327 0.0184 0.0136 
    Largest link dim during sweep 37/1000 was 1800
    Largest truncation error: 8.738564919924177e-07
    Energy after sweep 37/1000 is -176.202849330312
    Sweep 37/1000 CPU time = 1h, 24m, 12s (Wall time = 1h, 25m, 60s)
    Energy change:-0.02277799716662798

    vN Entropy at center bond b=80 = 2.505726993171
    Eigs at center bond b=80: 0.2656 0.2374 0.1153 0.0868 0.0460 0.0407 0.0186 0.0180 0.0166 0.0155 
    Largest link dim during sweep 38/1000 was 1800
    Largest truncation error: 7.528473245443811e-07
    Energy after sweep 38/1000 is -176.221615585924
    Sweep 38/1000 CPU time = 1h, 49m, 21s (Wall time = 1h, 51m, 30s)
    Energy change:-0.01876625561180845

    vN Entropy at center bond b=80 = 2.434722770726
    Eigs at center bond b=80: 0.3366 0.2346 0.0844 0.0581 0.0387 0.0306 0.0268 0.0194 0.0187 0.0116 
    Largest link dim during sweep 39/1000 was 1800
    Largest truncation error: 1.139244310695654e-06
    Energy after sweep 39/1000 is -176.240261463084
    Sweep 39/1000 CPU time = 2h, 17m, 28s (Wall time = 2h, 20m, 2s)
    Energy change:-0.01864587716011101

    vN Entropy at center bond b=80 = 2.340113978965
    Eigs at center bond b=80: 0.4141 0.1943 0.0573 0.0488 0.0349 0.0340 0.0303 0.0226 0.0180 0.0128 
    Largest link dim during sweep 40/1000 was 1800
    Largest truncation error: 1.19832311554665e-06
    Energy after sweep 40/1000 is -176.255296692185
    Sweep 40/1000 CPU time = 2h, 34m, 57s (Wall time = 2h, 37m, 47s)
    Energy change:-0.01503522910064703

    vN Entropy at center bond b=80 = 2.257523371671
    Eigs at center bond b=80: 0.4559 0.1572 0.0874 0.0381 0.0332 0.0254 0.0237 0.0206 0.0192 0.0146 
    Largest link dim during sweep 41/1000 was 1800
    Largest truncation error: 1.422391920388893e-06
    Energy after sweep 41/1000 is -176.267277875293
    Sweep 41/1000 CPU time = 2h, 45m, 53s (Wall time = 2h, 48m, 55s)
    Energy change:-0.01198118310784935

    vN Entropy at center bond b=80 = 2.202853511028
    Eigs at center bond b=80: 0.4706 0.1259 0.1252 0.0305 0.0303 0.0282 0.0258 0.0178 0.0151 0.0123 
    Largest link dim during sweep 42/1000 was 1800
    Largest truncation error: 1.24773395714764e-06
    Energy after sweep 42/1000 is -176.276420181909
    Sweep 42/1000 CPU time = 2h, 51m, 49s (Wall time = 2h, 55m, 3s)
    Energy change:-0.009142306616837459

    vN Entropy at center bond b=80 = 2.184663494695
    Eigs at center bond b=80: 0.4658 0.1586 0.0987 0.0449 0.0310 0.0265 0.0178 0.0148 0.0148 0.0133 
    Largest link dim during sweep 43/1000 was 1800
    Largest truncation error: 1.189024843570836e-06
    Energy after sweep 43/1000 is -176.283997006698
    Sweep 43/1000 CPU time = 2h, 55m, 27s (Wall time = 2h, 58m, 40s)
    Energy change:-0.00757682478854349

    vN Entropy at center bond b=80 = 2.203486642293
    Eigs at center bond b=80: 0.4451 0.1872 0.0743 0.0624 0.0333 0.0229 0.0188 0.0148 0.0140 0.0123 
    Largest link dim during sweep 44/1000 was 1800
    Largest truncation error: 1.335253036707098e-06
    Energy after sweep 44/1000 is -176.290539085505
    Sweep 44/1000 CPU time = 2h, 57m, 46s (Wall time = 3h, 1m, 3s)
    Energy change:-0.006542078807484586

    vN Entropy at center bond b=80 = 2.249234856182
    Eigs at center bond b=80: 0.4141 0.2092 0.0806 0.0546 0.0345 0.0224 0.0218 0.0199 0.0135 0.0128 
    Largest link dim during sweep 45/1000 was 1800
    Largest truncation error: 1.546185890982012e-06
    Energy after sweep 45/1000 is -176.296371358703
    Sweep 45/1000 CPU time = 2h, 55m, 39s (Wall time = 2h, 58m, 50s)
    Energy change:-0.005832273197881932

    vN Entropy at center bond b=80 = 2.318311022153
    Eigs at center bond b=80: 0.3725 0.2278 0.0993 0.0375 0.0342 0.0311 0.0250 0.0212 0.0172 0.0113 
    Largest link dim during sweep 46/1000 was 1800
    Largest truncation error: 1.245830893294224e-06
    Energy after sweep 46/1000 is -176.301080951649
    Sweep 46/1000 CPU time = 2h, 55m, 3s (Wall time = 2h, 58m, 7s)
    Energy change:-0.004709592945488339

    vN Entropy at center bond b=80 = 2.379384112587
    Eigs at center bond b=80: 0.3365 0.2385 0.1131 0.0389 0.0332 0.0274 0.0268 0.0257 0.0154 0.0147 
    Largest link dim during sweep 47/1000 was 1800
    Largest truncation error: 1.225243565421986e-06
    Energy after sweep 47/1000 is -176.304791883581
    Sweep 47/1000 CPU time = 2h, 53m, 30s (Wall time = 2h, 56m, 39s)
    Energy change:-0.003710931932175754

    vN Entropy at center bond b=80 = 2.422171068499
    Eigs at center bond b=80: 0.3100 0.2457 0.1221 0.0440 0.0318 0.0310 0.0249 0.0203 0.0184 0.0152 
    Largest link dim during sweep 48/1000 was 1800
    Largest truncation error: 1.015731171217698e-06
    Energy after sweep 48/1000 is -176.307391318713
    Sweep 48/1000 CPU time = 2h, 52m, 14s (Wall time = 2h, 55m, 19s)
    Energy change:-0.002599435132282224

    vN Entropy at center bond b=80 = 2.450809891950
    Eigs at center bond b=80: 0.2909 0.2512 0.1282 0.0468 0.0328 0.0304 0.0236 0.0213 0.0192 0.0163 
    Largest link dim during sweep 49/1000 was 1800
    Largest truncation error: 9.713348776955283e-07
    Energy after sweep 49/1000 is -176.309191754468
    Sweep 49/1000 CPU time = 2h, 49m, 12s (Wall time = 2h, 52m, 10s)
    Energy change:-0.001800435754745422

    vN Entropy at center bond b=80 = 2.470643218933
    Eigs at center bond b=80: 0.2767 0.2556 0.1327 0.0483 0.0334 0.0292 0.0235 0.0224 0.0222 0.0152 
    Largest link dim during sweep 50/1000 was 1800
    Largest truncation error: 9.180727543920723e-07
    Energy after sweep 50/1000 is -176.310456405021
    Sweep 50/1000 CPU time = 2h, 47m, 6s (Wall time = 2h, 50m, 4s)
    Energy change:-0.001264650552940338

    vN Entropy at center bond b=80 = 2.485139103927
    Eigs at center bond b=80: 0.2657 0.2592 0.1362 0.0489 0.0334 0.0282 0.0252 0.0248 0.0208 0.0168 
    Largest link dim during sweep 51/1000 was 1800
    Largest truncation error: 8.84804272152244e-07
    Energy after sweep 51/1000 is -176.311371824935
    Sweep 51/1000 CPU time = 2h, 45m, 44s (Wall time = 2h, 48m, 45s)
    Energy change:-0.0009154199138095009

    vN Entropy at center bond b=80 = 2.495429326266
    Eigs at center bond b=80: 0.2622 0.2572 0.1392 0.0489 0.0330 0.0274 0.0266 0.0265 0.0197 0.0181 
    Largest link dim during sweep 52/1000 was 1800
    Largest truncation error: 8.410367106492384e-07
    Energy after sweep 52/1000 is -176.312038431653
    Sweep 52/1000 CPU time = 2h, 43m, 53s (Wall time = 2h, 46m, 52s)
    Energy change:-0.0006666067180276514

    vN Entropy at center bond b=80 = 2.502758225363
    Eigs at center bond b=80: 0.2647 0.2501 0.1420 0.0487 0.0324 0.0280 0.0275 0.0267 0.0193 0.0186 
    Largest link dim during sweep 53/1000 was 1800
    Largest truncation error: 8.853979263766705e-07
    Energy after sweep 53/1000 is -176.312557283202
    Sweep 53/1000 CPU time = 2h, 39m, 13s (Wall time = 2h, 42m, 6s)
    Energy change:-0.0005188515488612211

    vN Entropy at center bond b=80 = 2.508160217423
    Eigs at center bond b=80: 0.2669 0.2443 0.1446 0.0484 0.0319 0.0290 0.0282 0.0261 0.0202 0.0178 
    Largest link dim during sweep 54/1000 was 1800
    Largest truncation error: 8.412817505006637e-07
    Energy after sweep 54/1000 is -176.312921720460
    Sweep 54/1000 CPU time = 2h, 37m, 22s (Wall time = 2h, 40m, 12s)
    Energy change:-0.0003644372588667011

    vN Entropy at center bond b=80 = 2.511709901797
    Eigs at center bond b=80: 0.2687 0.2393 0.1471 0.0480 0.0313 0.0297 0.0288 0.0256 0.0210 0.0171 
    Largest link dim during sweep 55/1000 was 1800
    Largest truncation error: 8.425366483794076e-07
    Energy after sweep 55/1000 is -176.313216156297
    Sweep 55/1000 CPU time = 2h, 41m, 47s (Wall time = 2h, 44m, 44s)
    Energy change:-0.0002944358361958166

    vN Entropy at center bond b=80 = 2.513860767258
    Eigs at center bond b=80: 0.2704 0.2350 0.1496 0.0475 0.0308 0.0302 0.0292 0.0251 0.0216 0.0165 
    Largest link dim during sweep 56/1000 was 1800
    Largest truncation error: 8.399706002484324e-07
    Energy after sweep 56/1000 is -176.313443149463
    Sweep 56/1000 CPU time = 2h, 41m, 11s (Wall time = 2h, 44m, 4s)
    Energy change:-0.000226993166847933

    vN Entropy at center bond b=80 = 2.514969035846
    Eigs at center bond b=80: 0.2719 0.2312 0.1520 0.0471 0.0305 0.0304 0.0295 0.0247 0.0221 0.0160 
    Largest link dim during sweep 57/1000 was 1800
    Largest truncation error: 8.410144868915891e-07
    Energy after sweep 57/1000 is -176.313615396781
    Sweep 57/1000 CPU time = 2h, 40m, 31s (Wall time = 2h, 43m, 24s)
    Energy change:-0.0001722473179484041

    vN Entropy at center bond b=80 = 2.515178540655
    Eigs at center bond b=80: 0.2732 0.2279 0.1544 0.0467 0.0308 0.0300 0.0298 0.0243 0.0224 0.0156 
    Largest link dim during sweep 58/1000 was 1800
    Largest truncation error: 8.442872273418789e-07
    Energy after sweep 58/1000 is -176.313745072961
    Sweep 58/1000 CPU time = 2h, 39m, 38s (Wall time = 2h, 42m, 27s)
    Energy change:-0.0001296761791422796

    vN Entropy at center bond b=80 = 2.514572134616
    Eigs at center bond b=80: 0.2745 0.2249 0.1566 0.0464 0.0310 0.0300 0.0297 0.0239 0.0227 0.0153 
    Largest link dim during sweep 59/1000 was 1800
    Largest truncation error: 8.45078097322498e-07
    Energy after sweep 59/1000 is -176.313857801680
    Sweep 59/1000 CPU time = 2h, 39m, 48s (Wall time = 2h, 42m, 38s)
    Energy change:-0.0001127287192730364

    vN Entropy at center bond b=80 = 2.513335649474
    Eigs at center bond b=80: 0.2756 0.2222 0.1589 0.0460 0.0310 0.0302 0.0295 0.0236 0.0229 0.0150 
    Largest link dim during sweep 60/1000 was 1800
    Largest truncation error: 8.486485787169494e-07
    Energy after sweep 60/1000 is -176.313947101081
    Sweep 60/1000 CPU time = 2h, 39m, 37s (Wall time = 2h, 42m, 28s)
    Energy change:-8.929940156576777e-05

    vN Entropy at center bond b=80 = 2.511523173708
    Eigs at center bond b=80: 0.2767 0.2198 0.1610 0.0457 0.0311 0.0304 0.0292 0.0233 0.0230 0.0147 
    Largest link dim during sweep 61/1000 was 1800
    Largest truncation error: 8.49753773214443e-07
    Energy after sweep 61/1000 is -176.314023968871
    Sweep 61/1000 CPU time = 2h, 38m, 12s (Wall time = 2h, 40m, 60s)
    Energy change:-7.686778988613696e-05

    vN Entropy at center bond b=80 = 2.509273448875
    Eigs at center bond b=80: 0.2778 0.2175 0.1631 0.0453 0.0311 0.0306 0.0290 0.0230 0.0230 0.0145 
    Largest link dim during sweep 62/1000 was 1800
    Largest truncation error: 8.515569878980725e-07
    Energy after sweep 62/1000 is -176.314089804098
    Sweep 62/1000 CPU time = 2h, 34m, 2s (Wall time = 2h, 36m, 49s)
    Energy change:-6.583522642245043e-05

    vN Entropy at center bond b=80 = 2.506691367777
    Eigs at center bond b=80: 0.2788 0.2155 0.1652 0.0450 0.0310 0.0308 0.0288 0.0231 0.0227 0.0144 
    Largest link dim during sweep 63/1000 was 1800
    Largest truncation error: 8.498014697274051e-07
    Energy after sweep 63/1000 is -176.314148711752
    Sweep 63/1000 CPU time = 2h, 33m, 52s (Wall time = 2h, 36m, 39s)
    Energy change:-5.890765444860335e-05

    vN Entropy at center bond b=80 = 2.503881772486
    Eigs at center bond b=80: 0.2798 0.2135 0.1672 0.0447 0.0311 0.0310 0.0286 0.0231 0.0225 0.0142 
    Largest link dim during sweep 64/1000 was 1800
    Largest truncation error: 8.480443801010795e-07
    Energy after sweep 64/1000 is -176.314196946452
    Sweep 64/1000 CPU time = 2h, 33m, 51s (Wall time = 2h, 36m, 38s)
    Energy change:-4.823470030146382e-05

    vN Entropy at center bond b=80 = 2.500863660076
    Eigs at center bond b=80: 0.2807 0.2117 0.1691 0.0444 0.0315 0.0309 0.0285 0.0230 0.0222 0.0143 
    Largest link dim during sweep 65/1000 was 1800
    Largest truncation error: 8.489522260830247e-07
    Energy after sweep 65/1000 is -176.314242523663
    Sweep 65/1000 CPU time = 2h, 33m, 52s (Wall time = 2h, 36m, 39s)
    Energy change:-4.557721041464902e-05

    vN Entropy at center bond b=80 = 2.497675722767
    Eigs at center bond b=80: 0.2817 0.2100 0.1710 0.0441 0.0318 0.0308 0.0283 0.0230 0.0220 0.0144 
    Largest link dim during sweep 66/1000 was 1800
    Largest truncation error: 8.493207156371945e-07
    Energy after sweep 66/1000 is -176.314285626986
    Sweep 66/1000 CPU time = 2h, 33m, 48s (Wall time = 2h, 36m, 36s)
    Energy change:-4.310332300860864e-05

    vN Entropy at center bond b=80 = 2.494395926837
    Eigs at center bond b=80: 0.2826 0.2084 0.1728 0.0438 0.0322 0.0306 0.0281 0.0229 0.0217 0.0143 
    Largest link dim during sweep 67/1000 was 1800
    Largest truncation error: 8.501442512752974e-07
    Energy after sweep 67/1000 is -176.314325491743
    Sweep 67/1000 CPU time = 2h, 33m, 46s (Wall time = 2h, 36m, 32s)
    Energy change:-3.98647566157706e-05

    vN Entropy at center bond b=80 = 2.491034001203
    Eigs at center bond b=80: 0.2834 0.2069 0.1746 0.0435 0.0326 0.0305 0.0280 0.0229 0.0215 0.0143 
    Largest link dim during sweep 68/1000 was 1800
    Largest truncation error: 8.51643860586071e-07
    Energy after sweep 68/1000 is -176.314361624913
    Sweep 68/1000 CPU time = 2h, 33m, 51s (Wall time = 2h, 36m, 37s)
    Energy change:-3.613317042550079e-05

    vN Entropy at center bond b=80 = 2.487637567691
    Eigs at center bond b=80: 0.2843 0.2054 0.1763 0.0432 0.0331 0.0304 0.0278 0.0228 0.0213 0.0142 
    Largest link dim during sweep 69/1000 was 1800
    Largest truncation error: 8.530629775808916e-07
    Energy after sweep 69/1000 is -176.314393443476
    Sweep 69/1000 CPU time = 2h, 34m, 8s (Wall time = 2h, 36m, 55s)
    Energy change:-3.181856286005313e-05

    vN Entropy at center bond b=80 = 2.484241067637
    Eigs at center bond b=80: 0.2850 0.2041 0.1780 0.0430 0.0336 0.0302 0.0277 0.0227 0.0211 0.0141 
    Largest link dim during sweep 70/1000 was 1800
    Largest truncation error: 8.529515714850198e-07
    Energy after sweep 70/1000 is -176.314422833259
    Sweep 70/1000 CPU time = 2h, 34m, 17s (Wall time = 2h, 37m, 2s)
    Energy change:-2.938978354904975e-05

    vN Entropy at center bond b=80 = 2.480866888722
    Eigs at center bond b=80: 0.2858 0.2028 0.1796 0.0427 0.0341 0.0300 0.0275 0.0226 0.0210 0.0140 
    Largest link dim during sweep 71/1000 was 1800
    Largest truncation error: 8.518989213613497e-07
    Energy after sweep 71/1000 is -176.314449693494
    Sweep 71/1000 CPU time = 2h, 34m, 13s (Wall time = 2h, 36m, 58s)
    Energy change:-2.686023501041745e-05

    vN Entropy at center bond b=80 = 2.477512611712
    Eigs at center bond b=80: 0.2865 0.2015 0.1812 0.0424 0.0346 0.0298 0.0274 0.0225 0.0208 0.0138 
    Largest link dim during sweep 72/1000 was 1800
    Largest truncation error: 8.507063561692209e-07
    Energy after sweep 72/1000 is -176.314475298433
    Sweep 72/1000 CPU time = 2h, 34m, 4s (Wall time = 2h, 36m, 47s)
    Energy change:-2.560493854275592e-05

    vN Entropy at center bond b=80 = 2.474215975745
    Eigs at center bond b=80: 0.2872 0.2003 0.1827 0.0421 0.0351 0.0297 0.0272 0.0224 0.0206 0.0137 
    Largest link dim during sweep 73/1000 was 1800
    Largest truncation error: 8.50650210130922e-07
    Energy after sweep 73/1000 is -176.314498581607
    Sweep 73/1000 CPU time = 2h, 34m, 20s (Wall time = 2h, 37m, 6s)
    Energy change:-2.328317424371562e-05

    vN Entropy at center bond b=80 = 2.470983878003
    Eigs at center bond b=80: 0.2879 0.1992 0.1842 0.0418 0.0356 0.0295 0.0271 0.0223 0.0205 0.0135 
    Largest link dim during sweep 74/1000 was 1800
    Largest truncation error: 8.509849731907645e-07
    Energy after sweep 74/1000 is -176.314520575694
    Sweep 74/1000 CPU time = 2h, 35m, 6s (Wall time = 2h, 37m, 53s)
    Energy change:-2.199408717729057e-05

    vN Entropy at center bond b=80 = 2.467825138247
    Eigs at center bond b=80: 0.2885 0.1981 0.1856 0.0416 0.0362 0.0293 0.0269 0.0223 0.0203 0.0133 
    Largest link dim during sweep 75/1000 was 1800
    Largest truncation error: 8.510408515051106e-07
    Energy after sweep 75/1000 is -176.314542682156
    Sweep 75/1000 CPU time = 2h, 36m, 22s (Wall time = 2h, 39m, 13s)
    Energy change:-2.210646195521804e-05

    vN Entropy at center bond b=80 = 2.464731204291
    Eigs at center bond b=80: 0.2891 0.1970 0.1870 0.0413 0.0367 0.0291 0.0268 0.0222 0.0202 0.0132 
    Largest link dim during sweep 76/1000 was 1800
    Largest truncation error: 8.508841497841578e-07
    Energy after sweep 76/1000 is -176.314561475864
    Sweep 76/1000 CPU time = 2h, 35m, 20s (Wall time = 2h, 38m, 8s)
    Energy change:-1.879370785218271e-05

    vN Entropy at center bond b=80 = 2.461710199294
    Eigs at center bond b=80: 0.2897 0.1960 0.1884 0.0411 0.0372 0.0289 0.0267 0.0221 0.0200 0.0130 
    Largest link dim during sweep 77/1000 was 1800
    Largest truncation error: 8.515024205722354e-07
    Energy after sweep 77/1000 is -176.314579686923
    Sweep 77/1000 CPU time = 2h, 36m, 48s (Wall time = 2h, 39m, 37s)
    Energy change:-1.821105902877207e-05

    vN Entropy at center bond b=80 = 2.458762975139
    Eigs at center bond b=80: 0.2902 0.1950 0.1897 0.0408 0.0378 0.0287 0.0265 0.0220 0.0199 0.0128 
    Largest link dim during sweep 78/1000 was 1800
    Largest truncation error: 8.512900715633515e-07
    Energy after sweep 78/1000 is -176.314597926440
    Sweep 78/1000 CPU time = 2h, 34m, 35s (Wall time = 2h, 37m, 22s)
    Energy change:-1.823951694746029e-05

    vN Entropy at center bond b=80 = 2.455887444343
    Eigs at center bond b=80: 0.2907 0.1941 0.1909 0.0405 0.0383 0.0285 0.0264 0.0219 0.0198 0.0127 
    Largest link dim during sweep 79/1000 was 1800
    Largest truncation error: 8.517162564585532e-07
    Energy after sweep 79/1000 is -176.314613897828
    Sweep 79/1000 CPU time = 2h, 34m, 39s (Wall time = 2h, 37m, 26s)
    Energy change:-1.597138745523807e-05

    vN Entropy at center bond b=80 = 2.453081815222
    Eigs at center bond b=80: 0.2912 0.1932 0.1922 0.0403 0.0388 0.0283 0.0262 0.0218 0.0197 0.0126 
    Largest link dim during sweep 80/1000 was 1800
    Largest truncation error: 8.518665063635053e-07
    Energy after sweep 80/1000 is -176.314627964667
    Sweep 80/1000 CPU time = 2h, 34m, 37s (Wall time = 2h, 37m, 24s)
    Energy change:-1.406683901450378e-05

    vN Entropy at center bond b=80 = 2.450372902588
    Eigs at center bond b=80: 0.2917 0.1934 0.1923 0.0400 0.0393 0.0281 0.0261 0.0217 0.0195 0.0125 
    Largest link dim during sweep 81/1000 was 1800
    Largest truncation error: 8.515810309501228e-07
    Energy after sweep 81/1000 is -176.314642590911
    Sweep 81/1000 CPU time = 2h, 34m, 37s (Wall time = 2h, 37m, 23s)
    Energy change:-1.462624410919489e-05

    vN Entropy at center bond b=80 = 2.447763340998
    Eigs at center bond b=80: 0.2922 0.1945 0.1915 0.0399 0.0398 0.0279 0.0260 0.0216 0.0194 0.0124 
    Largest link dim during sweep 82/1000 was 1800
    Largest truncation error: 8.51596750451024e-07
    Energy after sweep 82/1000 is -176.314655979583
    Sweep 82/1000 CPU time = 2h, 40m, 53s (Wall time = 2h, 43m, 52s)
    Energy change:-1.338867272693278e-05

    vN Entropy at center bond b=80 = 2.445233959251
    Eigs at center bond b=80: 0.2926 0.1957 0.1906 0.0404 0.0396 0.0277 0.0258 0.0216 0.0193 0.0123 
    Largest link dim during sweep 83/1000 was 1800
    Largest truncation error: 8.520904676714658e-07
    Energy after sweep 83/1000 is -176.314668162089
    Sweep 83/1000 CPU time = 2h, 37m, 24s (Wall time = 2h, 40m, 15s)
    Energy change:-1.218250523038478e-05

    vN Entropy at center bond b=80 = 2.442783353984
    Eigs at center bond b=80: 0.2930 0.1967 0.1898 0.0409 0.0393 0.0276 0.0257 0.0215 0.0192 0.0123 
    Largest link dim during sweep 84/1000 was 1800
    Largest truncation error: 8.521877628187842e-07
    Energy after sweep 84/1000 is -176.314680314628
    Sweep 84/1000 CPU time = 2h, 39m, 15s (Wall time = 2h, 42m, 11s)
    Energy change:-1.215253971054153e-05

    vN Entropy at center bond b=80 = 2.440394114912
    Eigs at center bond b=80: 0.2934 0.1978 0.1891 0.0414 0.0391 0.0274 0.0256 0.0214 0.0191 0.0122 
    Largest link dim during sweep 85/1000 was 1800
    Largest truncation error: 8.524966904213239e-07
    Energy after sweep 85/1000 is -176.314691670674
    Sweep 85/1000 CPU time = 2h, 38m, 5s (Wall time = 2h, 40m, 58s)
    Energy change:-1.135604551905089e-05

    vN Entropy at center bond b=80 = 2.438070334283
    Eigs at center bond b=80: 0.2938 0.1988 0.1883 0.0419 0.0389 0.0272 0.0254 0.0213 0.0190 0.0121 
    Largest link dim during sweep 86/1000 was 1800
    Largest truncation error: 8.528529374644929e-07
    Energy after sweep 86/1000 is -176.314701502441
    Sweep 86/1000 CPU time = 2h, 37m, 57s (Wall time = 2h, 40m, 49s)
    Energy change:-9.831767016521553e-06

    Energy has converged -> stop the DMRG.
Final energy=0
Time=527419 sec
Nup =23 Ndown = 18L = 40 W = 4
