1_Dn 5_Up 9_Dn 13_Up 17_Dn 21_Up 25_Dn 29_Up 33_Dn 37_Up 41_Dn 45_Up 49_Dn 2_Up 6_Dn 10_Up 14_Dn 18_Up 22_Dn 26_Up 30_Dn 34_Up 38_Dn 42_Up 46_Dn 50_Up 3_Dn 7_Up 11_Dn 15_Up 19_Dn 23_Up 27_Dn 31_Up 35_Dn 39_Up 43_Dn 47_Up 51_Dn 4_Up 8_Dn 12_Up 16_Dn 20_Up 24_Dn 28_Up 32_Dn 36_Up 40_Dn 44_Up 48_Dn 52_Up 53_Up Initial energy=0
    vN Entropy at center bond b=80 = 0.071811522972
    Eigs at center bond b=80: 0.9864 0.0136 
    Largest link dim during sweep 1/1000 was 10
    Largest truncation error: 0.0008121540536177355
    Energy after sweep 1/1000 is -202.459196029384
    Sweep 1/1000 CPU time = 0.563s (Wall time = 0.570s)
    Energy change:-202.4591960293843

    vN Entropy at center bond b=80 = 0.649940199078
    Eigs at center bond b=80: 0.6459 0.3541 
    Largest link dim during sweep 2/1000 was 20
    Largest truncation error: 0.003649802403369577
    Energy after sweep 2/1000 is -206.027936817752
    Sweep 2/1000 CPU time = 1.993s (Wall time = 2.010s)
    Energy change:-3.568740788368132

    vN Entropy at center bond b=80 = 0.613433014261
    Eigs at center bond b=80: 0.6969 0.3031 
    Largest link dim during sweep 3/1000 was 50
    Largest truncation error: 0.001398771340732725
    Energy after sweep 3/1000 is -211.511700153924
    Sweep 3/1000 CPU time = 4.137s (Wall time = 4.460s)
    Energy change:-5.483763336171364

    vN Entropy at center bond b=80 = 0.384974461130
    Eigs at center bond b=80: 0.8707 0.1293 
    Largest link dim during sweep 4/1000 was 100
    Largest truncation error: 0.0005699210983736813
    Energy after sweep 4/1000 is -214.838905342033
    Sweep 4/1000 CPU time = 7.670s (Wall time = 8.315s)
    Energy change:-3.327205188109048

    vN Entropy at center bond b=80 = 0.168542510721
    Eigs at center bond b=80: 0.9602 0.0396 
    Largest link dim during sweep 5/1000 was 200
    Largest truncation error: 0.000200144448572914
    Energy after sweep 5/1000 is -216.418211759588
    Sweep 5/1000 CPU time = 18.34s (Wall time = 20.14s)
    Energy change:-1.579306417555387

    vN Entropy at center bond b=80 = 0.215691900546
    Eigs at center bond b=80: 0.9621 0.0153 0.0079 0.0075 0.0064 
    Largest link dim during sweep 6/1000 was 400
    Largest truncation error: 7.185300205570579e-05
    Energy after sweep 6/1000 is -217.765780727491
    Sweep 6/1000 CPU time = 1m, 6.3s (Wall time = 1m, 10.6s)
    Energy change:-1.347568967902873

    vN Entropy at center bond b=80 = 0.924272931658
    Eigs at center bond b=80: 0.6269 0.3000 0.0339 0.0321 0.0028 0.0028 
    Largest link dim during sweep 7/1000 was 1000
    Largest truncation error: 2.265581425072226e-05
    Energy after sweep 7/1000 is -218.981058574291
    Sweep 7/1000 CPU time = 8m, 31.2s (Wall time = 8m, 46.7s)
    Energy change:-1.215277846800035

    vN Entropy at center bond b=80 = 0.730470986477
    Eigs at center bond b=80: 0.7995 0.1403 0.0210 0.0205 0.0034 0.0031 0.0029 0.0028 0.0023 0.0022 
    Largest link dim during sweep 8/1000 was 1800
    Largest truncation error: 4.58265647002369e-06
    Energy after sweep 8/1000 is -219.955901354416
    Sweep 8/1000 CPU time = 38m, 24s (Wall time = 39m, 14s)
    Energy change:-0.9748427801245043

    vN Entropy at center bond b=80 = 0.821011200388
    Eigs at center bond b=80: 0.7832 0.1354 0.0245 0.0245 0.0108 0.0063 0.0033 0.0032 0.0028 0.0027 
    Largest link dim during sweep 9/1000 was 1800
    Largest truncation error: 7.931102060016975e-06
    Energy after sweep 9/1000 is -220.738328308110
    Sweep 9/1000 CPU time = 53m, 7s (Wall time = 54m, 13s)
    Energy change:-0.7824269536945962

    vN Entropy at center bond b=80 = 1.009071100565
    Eigs at center bond b=80: 0.5608 0.3582 0.0337 0.0336 0.0040 0.0040 0.0011 
    Largest link dim during sweep 10/1000 was 1800
    Largest truncation error: 8.427109667637839e-06
    Energy after sweep 10/1000 is -221.454988053103
    Sweep 10/1000 CPU time = 53m, 13s (Wall time = 54m, 19s)
    Energy change:-0.7166597449931089

    vN Entropy at center bond b=80 = 0.706852479166
    Eigs at center bond b=80: 0.8477 0.0698 0.0216 0.0139 0.0138 0.0084 0.0083 0.0077 0.0020 0.0019 
    Largest link dim during sweep 11/1000 was 1800
    Largest truncation error: 1.103239644929423e-05
    Energy after sweep 11/1000 is -222.230660886017
    Sweep 11/1000 CPU time = 51m, 5s (Wall time = 52m, 6s)
    Energy change:-0.7756728329137559

    vN Entropy at center bond b=80 = 1.015215284543
    Eigs at center bond b=80: 0.6303 0.2814 0.0318 0.0318 0.0045 0.0043 0.0041 0.0041 0.0016 0.0016 
    Largest link dim during sweep 12/1000 was 1800
    Largest truncation error: 6.084212354649072e-06
    Energy after sweep 12/1000 is -222.819464783445
    Sweep 12/1000 CPU time = 46m, 17s (Wall time = 47m, 13s)
    Energy change:-0.5888038974283347

    vN Entropy at center bond b=80 = 0.922959767365
    Eigs at center bond b=80: 0.7180 0.2011 0.0263 0.0263 0.0044 0.0043 0.0039 0.0039 0.0029 0.0029 
    Largest link dim during sweep 13/1000 was 1800
    Largest truncation error: 6.440032264603154e-06
    Energy after sweep 13/1000 is -223.759731996361
    Sweep 13/1000 CPU time = 45m, 7s (Wall time = 45m, 59s)
    Energy change:-0.9402672129156713

    vN Entropy at center bond b=80 = 0.891709886649
    Eigs at center bond b=80: 0.7913 0.0994 0.0305 0.0198 0.0198 0.0085 0.0076 0.0076 0.0034 0.0034 
    Largest link dim during sweep 14/1000 was 1800
    Largest truncation error: 1.113863735678422e-05
    Energy after sweep 14/1000 is -224.397006892925
    Sweep 14/1000 CPU time = 45m, 32s (Wall time = 46m, 27s)
    Energy change:-0.6372748965639801

    vN Entropy at center bond b=80 = 1.103692458409
    Eigs at center bond b=80: 0.4877 0.4205 0.0329 0.0329 0.0054 0.0054 0.0021 0.0017 0.0016 
    Largest link dim during sweep 15/1000 was 1800
    Largest truncation error: 6.609743517416193e-06
    Energy after sweep 15/1000 is -224.945389018860
    Sweep 15/1000 CPU time = 39m, 39s (Wall time = 40m, 22s)
    Energy change:-0.548382125935035

    vN Entropy at center bond b=80 = 0.962507571351
    Eigs at center bond b=80: 0.7633 0.1263 0.0271 0.0194 0.0194 0.0084 0.0084 0.0081 0.0038 0.0038 
    Largest link dim during sweep 16/1000 was 1800
    Largest truncation error: 3.856580224696287e-06
    Energy after sweep 16/1000 is -225.399002491954
    Sweep 16/1000 CPU time = 36m, 34s (Wall time = 37m, 17s)
    Energy change:-0.4536134730937533

    vN Entropy at center bond b=80 = 1.047890339714
    Eigs at center bond b=80: 0.7022 0.1882 0.0249 0.0249 0.0212 0.0077 0.0055 0.0055 0.0048 0.0048 
    Largest link dim during sweep 17/1000 was 1800
    Largest truncation error: 5.563722425592815e-06
    Energy after sweep 17/1000 is -225.803703809733
    Sweep 17/1000 CPU time = 35m, 21s (Wall time = 36m, 3s)
    Energy change:-0.4047013177790859

    vN Entropy at center bond b=80 = 1.128274230874
    Eigs at center bond b=80: 0.4975 0.4080 0.0313 0.0313 0.0056 0.0056 0.0026 0.0024 0.0022 0.0018 
    Largest link dim during sweep 18/1000 was 1800
    Largest truncation error: 3.874976483451427e-06
    Energy after sweep 18/1000 is -226.307630141268
    Sweep 18/1000 CPU time = 37m, 21s (Wall time = 38m, 2s)
    Energy change:-0.5039263315355527

    vN Entropy at center bond b=80 = 1.013183500757
    Eigs at center bond b=80: 0.7499 0.1274 0.0354 0.0187 0.0187 0.0096 0.0096 0.0089 0.0041 0.0040 
    Largest link dim during sweep 19/1000 was 1800
    Largest truncation error: 4.450354235192268e-06
    Energy after sweep 19/1000 is -226.803496486596
    Sweep 19/1000 CPU time = 38m, 25s (Wall time = 39m, 13s)
    Energy change:-0.4958663453272152

    vN Entropy at center bond b=80 = 1.093548086759
    Eigs at center bond b=80: 0.6766 0.2096 0.0255 0.0255 0.0220 0.0079 0.0056 0.0056 0.0052 0.0052 
    Largest link dim during sweep 20/1000 was 1800
    Largest truncation error: 3.076658556180557e-06
    Energy after sweep 20/1000 is -227.204788247111
    Sweep 20/1000 CPU time = 36m, 4s (Wall time = 36m, 47s)
    Energy change:-0.4012917605157043

    vN Entropy at center bond b=80 = 1.132123008156
    Eigs at center bond b=80: 0.5712 0.3307 0.0289 0.0289 0.0057 0.0057 0.0050 0.0045 0.0025 0.0025 
    Largest link dim during sweep 21/1000 was 1800
    Largest truncation error: 1.875234553995065e-06
    Energy after sweep 21/1000 is -227.675465197696
    Sweep 21/1000 CPU time = 34m, 53s (Wall time = 35m, 33s)
    Energy change:-0.4706769505842772

    vN Entropy at center bond b=80 = 1.082530812650
    Eigs at center bond b=80: 0.7402 0.0858 0.0809 0.0148 0.0148 0.0141 0.0141 0.0105 0.0052 0.0035 
    Largest link dim during sweep 22/1000 was 1800
    Largest truncation error: 3.434999860279296e-06
    Energy after sweep 22/1000 is -228.357672842754
    Sweep 22/1000 CPU time = 37m, 2s (Wall time = 37m, 47s)
    Energy change:-0.6822076450585826

    vN Entropy at center bond b=80 = 1.205844424643
    Eigs at center bond b=80: 0.5523 0.3350 0.0282 0.0282 0.0132 0.0067 0.0067 0.0060 0.0036 0.0036 
    Largest link dim during sweep 23/1000 was 1800
    Largest truncation error: 4.384032156051989e-06
    Energy after sweep 23/1000 is -228.850954179457
    Sweep 23/1000 CPU time = 42m, 39s (Wall time = 43m, 27s)
    Energy change:-0.4932813367031201

    vN Entropy at center bond b=80 = 1.198705099363
    Eigs at center bond b=80: 0.5927 0.2931 0.0266 0.0265 0.0133 0.0066 0.0066 0.0061 0.0046 0.0043 
    Largest link dim during sweep 24/1000 was 1800
    Largest truncation error: 3.009493118485789e-06
    Energy after sweep 24/1000 is -229.183342153945
    Sweep 24/1000 CPU time = 37m, 59s (Wall time = 38m, 43s)
    Energy change:-0.3323879744872045

    vN Entropy at center bond b=80 = 1.152652733269
    Eigs at center bond b=80: 0.7129 0.1210 0.0665 0.0170 0.0169 0.0126 0.0126 0.0108 0.0066 0.0046 
    Largest link dim during sweep 25/1000 was 1800
    Largest truncation error: 1.619069904678468e-06
    Energy after sweep 25/1000 is -229.445674545127
    Sweep 25/1000 CPU time = 33m, 8s (Wall time = 33m, 47s)
    Energy change:-0.2623323911828379

    vN Entropy at center bond b=80 = 1.198878578482
    Eigs at center bond b=80: 0.6536 0.2068 0.0383 0.0235 0.0234 0.0097 0.0078 0.0077 0.0060 0.0058 
    Largest link dim during sweep 26/1000 was 1800
    Largest truncation error: 1.581262025612116e-06
    Energy after sweep 26/1000 is -229.686650920118
    Sweep 26/1000 CPU time = 27m, 32s (Wall time = 28m, 5s)
    Energy change:-0.2409763749907938

    vN Entropy at center bond b=80 = 1.238937527259
    Eigs at center bond b=80: 0.4480 0.4403 0.0285 0.0284 0.0085 0.0074 0.0074 0.0046 0.0035 0.0027 
    Largest link dim during sweep 27/1000 was 1800
    Largest truncation error: 9.387233127868727e-07
    Energy after sweep 27/1000 is -229.943043394791
    Sweep 27/1000 CPU time = 24m, 6s (Wall time = 24m, 32s)
    Energy change:-0.2563924746728219

    vN Entropy at center bond b=80 = 1.222703674221
    Eigs at center bond b=80: 0.6627 0.1937 0.0380 0.0212 0.0211 0.0089 0.0088 0.0088 0.0072 0.0063 
    Largest link dim during sweep 28/1000 was 1800
    Largest truncation error: 1.245967179685517e-06
    Energy after sweep 28/1000 is -230.160853937506
    Sweep 28/1000 CPU time = 21m, 19s (Wall time = 21m, 37s)
    Energy change:-0.2178105427154549

    vN Entropy at center bond b=80 = 1.302738812164
    Eigs at center bond b=80: 0.6395 0.1875 0.0616 0.0211 0.0210 0.0101 0.0100 0.0096 0.0088 0.0066 
    Largest link dim during sweep 29/1000 was 1722
    Largest truncation error: 8.032014260273886e-07
    Energy after sweep 29/1000 is -230.384179157558
    Sweep 29/1000 CPU time = 19m, 40s (Wall time = 19m, 53s)
    Energy change:-0.2233252200514357

    vN Entropy at center bond b=80 = 1.361247781226
    Eigs at center bond b=80: 0.4489 0.4160 0.0263 0.0262 0.0152 0.0087 0.0087 0.0065 0.0055 0.0055 
    Largest link dim during sweep 30/1000 was 1560
    Largest truncation error: 7.693642601485694e-07
    Energy after sweep 30/1000 is -230.577025781287
    Sweep 30/1000 CPU time = 18m, 35s (Wall time = 18m, 45s)
    Energy change:-0.1928466237293947

    vN Entropy at center bond b=80 = 1.367805822088
    Eigs at center bond b=80: 0.5828 0.2604 0.0375 0.0226 0.0225 0.0088 0.0079 0.0079 0.0076 0.0076 
    Largest link dim during sweep 31/1000 was 1355
    Largest truncation error: 7.892430218729461e-07
    Energy after sweep 31/1000 is -230.737499338705
    Sweep 31/1000 CPU time = 16m, 20s (Wall time = 16m, 26s)
    Energy change:-0.1604735574177312

    vN Entropy at center bond b=80 = 1.393263255028
    Eigs at center bond b=80: 0.6310 0.1371 0.1117 0.0159 0.0158 0.0149 0.0148 0.0108 0.0102 0.0060 
    Largest link dim during sweep 32/1000 was 1800
    Largest truncation error: 7.719791263260913e-07
    Energy after sweep 32/1000 is -230.886764280891
    Sweep 32/1000 CPU time = 17m, 55s (Wall time = 18m, 3s)
    Energy change:-0.1492649421855958

    vN Entropy at center bond b=80 = 1.432322823778
    Eigs at center bond b=80: 0.5780 0.2357 0.0631 0.0213 0.0213 0.0099 0.0096 0.0095 0.0094 0.0078 
    Largest link dim during sweep 33/1000 was 1485
    Largest truncation error: 7.696639941276554e-07
    Energy after sweep 33/1000 is -231.002424417499
    Sweep 33/1000 CPU time = 15m, 33s (Wall time = 15m, 38s)
    Energy change:-0.1156601366083407

    vN Entropy at center bond b=80 = 1.456373942329
    Eigs at center bond b=80: 0.4766 0.3644 0.0290 0.0241 0.0240 0.0090 0.0090 0.0079 0.0075 0.0075 
    Largest link dim during sweep 34/1000 was 1383
    Largest truncation error: 7.298754240734408e-07
    Energy after sweep 34/1000 is -231.108467951622
    Sweep 34/1000 CPU time = 13m, 55s (Wall time = 13m, 59s)
    Energy change:-0.1060435341231312

    vN Entropy at center bond b=80 = 1.471616226374
    Eigs at center bond b=80: 0.4886 0.3493 0.0266 0.0235 0.0234 0.0115 0.0091 0.0091 0.0079 0.0068 
    Largest link dim during sweep 35/1000 was 1345
    Largest truncation error: 6.987192139668235e-07
    Energy after sweep 35/1000 is -231.270346169767
    Sweep 35/1000 CPU time = 15m, 36s (Wall time = 15m, 41s)
    Energy change:-0.1618782181453753

    vN Entropy at center bond b=80 = 1.489047323247
    Eigs at center bond b=80: 0.5932 0.1742 0.1023 0.0174 0.0172 0.0134 0.0132 0.0119 0.0105 0.0073 
    Largest link dim during sweep 36/1000 was 1504
    Largest truncation error: 7.422002837802354e-07
    Energy after sweep 36/1000 is -231.481357435912
    Sweep 36/1000 CPU time = 20m, 10s (Wall time = 20m, 25s)
    Energy change:-0.211011266144709

    vN Entropy at center bond b=80 = 1.502930077309
    Eigs at center bond b=80: 0.5449 0.2624 0.0598 0.0218 0.0214 0.0111 0.0091 0.0090 0.0089 0.0089 
    Largest link dim during sweep 37/1000 was 1799
    Largest truncation error: 7.06938437880327e-07
    Energy after sweep 37/1000 is -231.633130586842
    Sweep 37/1000 CPU time = 24m, 56s (Wall time = 25m, 25s)
    Energy change:-0.1517731509300688

    vN Entropy at center bond b=80 = 1.529891080480
    Eigs at center bond b=80: 0.4417 0.3872 0.0242 0.0233 0.0212 0.0181 0.0101 0.0101 0.0081 0.0069 
    Largest link dim during sweep 38/1000 was 1503
    Largest truncation error: 7.146754699064826e-07
    Energy after sweep 38/1000 is -231.736463361286
    Sweep 38/1000 CPU time = 24m, 25s (Wall time = 25m, 1s)
    Energy change:-0.1033327744439134

    vN Entropy at center bond b=80 = 1.553272736514
    Eigs at center bond b=80: 0.5514 0.2369 0.0704 0.0212 0.0197 0.0125 0.0103 0.0101 0.0093 0.0090 
    Largest link dim during sweep 39/1000 was 1359
    Largest truncation error: 7.395598816061557e-07
    Energy after sweep 39/1000 is -231.815083904164
    Sweep 39/1000 CPU time = 24m, 52s (Wall time = 25m, 31s)
    Energy change:-0.07862054287767251

    vN Entropy at center bond b=80 = 1.578765381417
    Eigs at center bond b=80: 0.5723 0.1485 0.1371 0.0168 0.0160 0.0156 0.0146 0.0138 0.0106 0.0073 
    Largest link dim during sweep 40/1000 was 1358
    Largest truncation error: 6.688881360967802e-07
    Energy after sweep 40/1000 is -231.876492255244
    Sweep 40/1000 CPU time = 26m, 37s (Wall time = 27m, 21s)
    Energy change:-0.06140835107970588

    vN Entropy at center bond b=80 = 1.610381934434
    Eigs at center bond b=80: 0.5314 0.2449 0.0759 0.0204 0.0195 0.0129 0.0127 0.0101 0.0099 0.0096 
    Largest link dim during sweep 41/1000 was 1575
    Largest truncation error: 7.082026623142565e-07
    Energy after sweep 41/1000 is -231.934725009743
    Sweep 41/1000 CPU time = 31m, 41s (Wall time = 32m, 29s)
    Energy change:-0.05823275449901644

    vN Entropy at center bond b=80 = 1.643498289537
    Eigs at center bond b=80: 0.4540 0.3459 0.0397 0.0229 0.0214 0.0134 0.0111 0.0106 0.0104 0.0093 
    Largest link dim during sweep 42/1000 was 1505
    Largest truncation error: 7.210537881953019e-07
    Energy after sweep 42/1000 is -231.978185764567
    Sweep 42/1000 CPU time = 36m, 34s (Wall time = 37m, 25s)
    Energy change:-0.04346075482430933

    vN Entropy at center bond b=80 = 1.687798011579
    Eigs at center bond b=80: 0.4347 0.3594 0.0321 0.0233 0.0209 0.0199 0.0119 0.0105 0.0098 0.0080 
    Largest link dim during sweep 43/1000 was 1686
    Largest truncation error: 6.781466917691949e-07
    Energy after sweep 43/1000 is -232.024969055373
    Sweep 43/1000 CPU time = 42m, 41s (Wall time = 43m, 42s)
    Energy change:-0.04678329080599042

    vN Entropy at center bond b=80 = 1.731736737254
    Eigs at center bond b=80: 0.5148 0.2354 0.0801 0.0204 0.0178 0.0165 0.0136 0.0110 0.0103 0.0102 
    Largest link dim during sweep 44/1000 was 1670
    Largest truncation error: 6.362441328249063e-07
    Energy after sweep 44/1000 is -232.064545424545
    Sweep 44/1000 CPU time = 51m, 10s (Wall time = 52m, 20s)
    Energy change:-0.0395763691721811

    vN Entropy at center bond b=80 = 1.770931320702
    Eigs at center bond b=80: 0.5300 0.1523 0.1422 0.0265 0.0166 0.0148 0.0143 0.0139 0.0113 0.0093 
    Largest link dim during sweep 45/1000 was 1717
    Largest truncation error: 6.752849402829224e-07
    Energy after sweep 45/1000 is -232.089296382743
    Sweep 45/1000 CPU time = 56m, 58s (Wall time = 58m, 17s)
    Energy change:-0.02475095819843887

    vN Entropy at center bond b=80 = 1.814850674575
    Eigs at center bond b=80: 0.5032 0.2119 0.0971 0.0382 0.0172 0.0141 0.0130 0.0112 0.0103 0.0088 
    Largest link dim during sweep 46/1000 was 1800
    Largest truncation error: 6.432124911945966e-07
    Energy after sweep 46/1000 is -232.104720240672
    Sweep 46/1000 CPU time = 1h, 3m, 29s (Wall time = 1h, 4m, 51s)
    Energy change:-0.01542385792868117

    vN Entropy at center bond b=80 = 1.862481906275
    Eigs at center bond b=80: 0.4562 0.2739 0.0639 0.0508 0.0186 0.0125 0.0105 0.0103 0.0102 0.0096 
    Largest link dim during sweep 47/1000 was 1800
    Largest truncation error: 6.595105429426399e-07
    Energy after sweep 47/1000 is -232.114632683790
    Sweep 47/1000 CPU time = 1h, 11m, 33s (Wall time = 1h, 12m, 56s)
    Energy change:-0.009912443117940484

    vN Entropy at center bond b=80 = 1.918875834484
    Eigs at center bond b=80: 0.4017 0.3235 0.0658 0.0429 0.0188 0.0181 0.0106 0.0097 0.0095 0.0090 
    Largest link dim during sweep 48/1000 was 1800
    Largest truncation error: 6.53728126302084e-07
    Energy after sweep 48/1000 is -232.120895910784
    Sweep 48/1000 CPU time = 1h, 20m, 25s (Wall time = 1h, 21m, 59s)
    Energy change:-0.00626322699343973

    vN Entropy at center bond b=80 = 1.991227106082
    Eigs at center bond b=80: 0.3527 0.3507 0.0838 0.0309 0.0266 0.0181 0.0094 0.0090 0.0089 0.0089 
    Largest link dim during sweep 49/1000 was 1800
    Largest truncation error: 6.9051714145717e-07
    Energy after sweep 49/1000 is -232.124272859564
    Sweep 49/1000 CPU time = 1h, 29m, 52s (Wall time = 1h, 31m, 39s)
    Energy change:-0.003376948780612565

    vN Entropy at center bond b=80 = 2.066573669551
    Eigs at center bond b=80: 0.3580 0.3165 0.1025 0.0328 0.0243 0.0171 0.0111 0.0099 0.0097 0.0094 
    Largest link dim during sweep 50/1000 was 1800
    Largest truncation error: 6.395137395822248e-07
    Energy after sweep 50/1000 is -232.126468243372
    Sweep 50/1000 CPU time = 1h, 34m, 10s (Wall time = 1h, 36m, 3s)
    Energy change:-0.002195383807844564

    vN Entropy at center bond b=80 = 2.143135896460
    Eigs at center bond b=80: 0.3533 0.2878 0.1225 0.0365 0.0201 0.0196 0.0160 0.0114 0.0102 0.0098 
    Largest link dim during sweep 51/1000 was 1800
    Largest truncation error: 6.528998896069894e-07
    Energy after sweep 51/1000 is -232.127866600634
    Sweep 51/1000 CPU time = 1h, 38m, 28s (Wall time = 1h, 40m, 26s)
    Energy change:-0.00139835726218962

    vN Entropy at center bond b=80 = 2.205660163084
    Eigs at center bond b=80: 0.3436 0.2664 0.1404 0.0379 0.0291 0.0174 0.0150 0.0129 0.0104 0.0098 
    Largest link dim during sweep 52/1000 was 1800
    Largest truncation error: 6.364197565679328e-07
    Energy after sweep 52/1000 is -232.128821974595
    Sweep 52/1000 CPU time = 1h, 40m, 48s (Wall time = 1h, 42m, 49s)
    Energy change:-0.0009553739609202694

    vN Entropy at center bond b=80 = 2.256794648973
    Eigs at center bond b=80: 0.3318 0.2489 0.1569 0.0391 0.0381 0.0154 0.0144 0.0142 0.0105 0.0097 
    Largest link dim during sweep 53/1000 was 1800
    Largest truncation error: 6.194647140985356e-07
    Energy after sweep 53/1000 is -232.129544457219
    Sweep 53/1000 CPU time = 1h, 42m, 34s (Wall time = 1h, 44m, 35s)
    Energy change:-0.0007224826234448756

    vN Entropy at center bond b=80 = 2.300389139868
    Eigs at center bond b=80: 0.3187 0.2331 0.1728 0.0497 0.0376 0.0160 0.0139 0.0134 0.0105 0.0095 
    Largest link dim during sweep 54/1000 was 1800
    Largest truncation error: 6.463758943955247e-07
    Energy after sweep 54/1000 is -232.130100676903
    Sweep 54/1000 CPU time = 1h, 44m, 16s (Wall time = 1h, 46m, 18s)
    Energy change:-0.0005562196845119161

    vN Entropy at center bond b=80 = 2.331986873365
    Eigs at center bond b=80: 0.3066 0.2202 0.1867 0.0593 0.0368 0.0174 0.0127 0.0127 0.0105 0.0094 
    Largest link dim during sweep 55/1000 was 1800
    Largest truncation error: 6.461009225898358e-07
    Energy after sweep 55/1000 is -232.130538245318
    Sweep 55/1000 CPU time = 1h, 44m, 60s (Wall time = 1h, 47m, 0s)
    Energy change:-0.0004375684148953951
