1_Dn 5_Up 9_Dn 13_Up 17_Dn 21_Up 25_Dn 29_Up 33_Dn 37_Up 2_Up 6_Dn 10_Up 14_Dn 18_Up 22_Dn 26_Up 30_Dn 34_Up 38_Dn 3_Dn 7_Up 11_Dn 15_Up 19_Dn 23_Up 27_Dn 31_Up 35_Dn 39_Up 4_Up 8_Dn 12_Up 16_Dn 20_Up 24_Dn 28_Up 32_Dn 36_Up 40_Dn 41_Up 42_Up 43_Up 44_Up 45_Up Initial energy=0
    vN Entropy at center bond b=80 = 0.007840399442
    Eigs at center bond b=80: 0.9990 
    Largest link dim during sweep 1/1000 was 10
    Largest truncation error: 0.0009126623954050879
    Energy after sweep 1/1000 is -160.583741422756
    Sweep 1/1000 CPU time = 0.466s (Wall time = 0.472s)
    Energy change:-160.5837414227563

    vN Entropy at center bond b=80 = 0.674120841288
    Eigs at center bond b=80: 0.6184 0.3803 0.0011 
    Largest link dim during sweep 2/1000 was 20
    Largest truncation error: 0.003649967698757437
    Energy after sweep 2/1000 is -168.178465714430
    Sweep 2/1000 CPU time = 1.633s (Wall time = 1.645s)
    Energy change:-7.594724291673288

    vN Entropy at center bond b=80 = 0.620855325664
    Eigs at center bond b=80: 0.7857 0.1848 0.0231 0.0064 
    Largest link dim during sweep 3/1000 was 50
    Largest truncation error: 0.001386918590059573
    Energy after sweep 3/1000 is -173.437272020461
    Sweep 3/1000 CPU time = 3.346s (Wall time = 3.664s)
    Energy change:-5.258806306031858

    vN Entropy at center bond b=80 = 0.622388328574
    Eigs at center bond b=80: 0.7508 0.2360 0.0091 0.0036 
    Largest link dim during sweep 4/1000 was 100
    Largest truncation error: 0.0008099760041034344
    Energy after sweep 4/1000 is -176.473493089914
    Sweep 4/1000 CPU time = 6.110s (Wall time = 6.690s)
    Energy change:-3.036221069452637

    vN Entropy at center bond b=80 = 0.718974124323
    Eigs at center bond b=80: 0.6351 0.3528 0.0072 0.0044 
    Largest link dim during sweep 5/1000 was 200
    Largest truncation error: 0.0002051993132996152
    Energy after sweep 5/1000 is -178.336585860827
    Sweep 5/1000 CPU time = 14.86s (Wall time = 16.26s)
    Energy change:-1.863092770912914

    vN Entropy at center bond b=80 = 0.587066057902
    Eigs at center bond b=80: 0.8063 0.1659 0.0220 0.0055 
    Largest link dim during sweep 6/1000 was 400
    Largest truncation error: 8.330906990242857e-05
    Energy after sweep 6/1000 is -179.875163756871
    Sweep 6/1000 CPU time = 54.15s (Wall time = 57.45s)
    Energy change:-1.538577896044387

    vN Entropy at center bond b=80 = 0.734366931729
    Eigs at center bond b=80: 0.6133 0.3737 0.0078 0.0047 
    Largest link dim during sweep 7/1000 was 1000
    Largest truncation error: 1.831909537880935e-05
    Energy after sweep 7/1000 is -181.498177204788
    Sweep 7/1000 CPU time = 7m, 47.8s (Wall time = 8m, 1.5s)
    Energy change:-1.623013447916918

    vN Entropy at center bond b=80 = 0.714753858239
    Eigs at center bond b=80: 0.6445 0.3440 0.0057 0.0037 0.0013 
    Largest link dim during sweep 8/1000 was 1800
    Largest truncation error: 7.454611280517372e-06
    Energy after sweep 8/1000 is -182.642676820468
    Sweep 8/1000 CPU time = 37m, 20s (Wall time = 38m, 7s)
    Energy change:-1.144499615680132

    vN Entropy at center bond b=80 = 0.641236178186
    Eigs at center bond b=80: 0.7984 0.1508 0.0423 0.0081 
    Largest link dim during sweep 9/1000 was 1800
    Largest truncation error: 2.559102975064179e-06
    Energy after sweep 9/1000 is -183.566148748764
    Sweep 9/1000 CPU time = 48m, 24s (Wall time = 49m, 20s)
    Energy change:-0.9234719282957258

    vN Entropy at center bond b=80 = 0.621867513922
    Eigs at center bond b=80: 0.8194 0.1100 0.0616 0.0087 
    Largest link dim during sweep 10/1000 was 1800
    Largest truncation error: 1.380491135675097e-06
    Energy after sweep 10/1000 is -184.289074682949
    Sweep 10/1000 CPU time = 44m, 44s (Wall time = 45m, 35s)
    Energy change:-0.7229259341852128

    vN Entropy at center bond b=80 = 0.747180386370
    Eigs at center bond b=80: 0.7493 0.2037 0.0237 0.0086 0.0078 0.0058 
    Largest link dim during sweep 11/1000 was 1800
    Largest truncation error: 3.599089296475485e-06
    Energy after sweep 11/1000 is -184.927260658164
    Sweep 11/1000 CPU time = 42m, 1s (Wall time = 42m, 48s)
    Energy change:-0.6381859752144692

    vN Entropy at center bond b=80 = 1.231408813415
    Eigs at center bond b=80: 0.4979 0.2798 0.1754 0.0257 0.0047 0.0042 0.0032 0.0027 0.0016 0.0015 
    Largest link dim during sweep 12/1000 was 1800
    Largest truncation error: 3.829787721890573e-06
    Energy after sweep 12/1000 is -185.506743063441
    Sweep 12/1000 CPU time = 39m, 58s (Wall time = 40m, 44s)
    Energy change:-0.5794824052766501

    vN Entropy at center bond b=80 = 1.345051291803
    Eigs at center bond b=80: 0.5253 0.2107 0.1654 0.0453 0.0322 0.0048 0.0045 0.0026 0.0021 0.0017 
    Largest link dim during sweep 13/1000 was 1800
    Largest truncation error: 3.865915246007256e-06
    Energy after sweep 13/1000 is -186.100767379153
    Sweep 13/1000 CPU time = 40m, 5s (Wall time = 40m, 53s)
    Energy change:-0.5940243157126872

    vN Entropy at center bond b=80 = 1.181797636518
    Eigs at center bond b=80: 0.6636 0.1607 0.0887 0.0256 0.0175 0.0127 0.0082 0.0076 0.0034 0.0029 
    Largest link dim during sweep 14/1000 was 1800
    Largest truncation error: 3.929345989146524e-06
    Energy after sweep 14/1000 is -186.641291650278
    Sweep 14/1000 CPU time = 37m, 18s (Wall time = 38m, 1s)
    Energy change:-0.5405242711251219

    vN Entropy at center bond b=80 = 1.411810032835
    Eigs at center bond b=80: 0.4745 0.2428 0.1991 0.0320 0.0167 0.0052 0.0049 0.0040 0.0027 0.0026 
    Largest link dim during sweep 15/1000 was 1800
    Largest truncation error: 5.591411157850901e-06
    Energy after sweep 15/1000 is -187.160186615233
    Sweep 15/1000 CPU time = 34m, 37s (Wall time = 35m, 15s)
    Energy change:-0.5188949649551091

    vN Entropy at center bond b=80 = 1.412868528581
    Eigs at center bond b=80: 0.5166 0.1970 0.1810 0.0386 0.0354 0.0053 0.0048 0.0028 0.0024 0.0022 
    Largest link dim during sweep 16/1000 was 1800
    Largest truncation error: 6.080003785791195e-06
    Energy after sweep 16/1000 is -187.615298715338
    Sweep 16/1000 CPU time = 33m, 53s (Wall time = 34m, 30s)
    Energy change:-0.4551121001043725

    vN Entropy at center bond b=80 = 1.299940455797
    Eigs at center bond b=80: 0.6579 0.1233 0.0883 0.0354 0.0274 0.0229 0.0128 0.0099 0.0046 0.0029 
    Largest link dim during sweep 17/1000 was 1800
    Largest truncation error: 9.321604756054665e-06
    Energy after sweep 17/1000 is -188.077697864972
    Sweep 17/1000 CPU time = 31m, 50s (Wall time = 32m, 24s)
    Energy change:-0.4623991496338817

    vN Entropy at center bond b=80 = 1.459925388790
    Eigs at center bond b=80: 0.4924 0.2108 0.1944 0.0406 0.0169 0.0076 0.0065 0.0038 0.0037 0.0033 
    Largest link dim during sweep 18/1000 was 1800
    Largest truncation error: 2.010849602548974e-06
    Energy after sweep 18/1000 is -188.574005927086
    Sweep 18/1000 CPU time = 30m, 4s (Wall time = 30m, 36s)
    Energy change:-0.4963080621143945

    vN Entropy at center bond b=80 = 1.454249336453
    Eigs at center bond b=80: 0.5106 0.2057 0.1683 0.0492 0.0286 0.0058 0.0046 0.0035 0.0030 0.0027 
    Largest link dim during sweep 19/1000 was 1800
    Largest truncation error: 2.796678154921816e-06
    Energy after sweep 19/1000 is -189.007728583462
    Sweep 19/1000 CPU time = 28m, 36s (Wall time = 29m, 3s)
    Energy change:-0.4337226563756928

    vN Entropy at center bond b=80 = 1.341820283631
    Eigs at center bond b=80: 0.6611 0.0944 0.0840 0.0510 0.0347 0.0244 0.0141 0.0111 0.0049 0.0027 
    Largest link dim during sweep 20/1000 was 1800
    Largest truncation error: 2.08180475916658e-06
    Energy after sweep 20/1000 is -189.431003660752
    Sweep 20/1000 CPU time = 25m, 9s (Wall time = 25m, 30s)
    Energy change:-0.423275077289901

    vN Entropy at center bond b=80 = 1.465954945867
    Eigs at center bond b=80: 0.5514 0.1642 0.1589 0.0442 0.0213 0.0147 0.0092 0.0071 0.0046 0.0034 
    Largest link dim during sweep 21/1000 was 1800
    Largest truncation error: 1.95322035725786e-06
    Energy after sweep 21/1000 is -189.811631487018
    Sweep 21/1000 CPU time = 22m, 32s (Wall time = 22m, 52s)
    Energy change:-0.3806278262666183

    vN Entropy at center bond b=80 = 1.526871952037
    Eigs at center bond b=80: 0.4455 0.2794 0.1455 0.0670 0.0171 0.0054 0.0045 0.0044 0.0042 0.0040 
    Largest link dim during sweep 22/1000 was 1800
    Largest truncation error: 9.26612263339381e-07
    Energy after sweep 22/1000 is -190.170557914745
    Sweep 22/1000 CPU time = 19m, 37s (Wall time = 19m, 51s)
    Energy change:-0.3589264277271411

    vN Entropy at center bond b=80 = 1.433228039908
    Eigs at center bond b=80: 0.6395 0.0868 0.0730 0.0620 0.0601 0.0187 0.0154 0.0130 0.0049 0.0033 
    Largest link dim during sweep 23/1000 was 1800
    Largest truncation error: 7.942026333863827e-07
    Energy after sweep 23/1000 is -190.522710480236
    Sweep 23/1000 CPU time = 18m, 51s (Wall time = 18m, 60s)
    Energy change:-0.3521525654909397

    vN Entropy at center bond b=80 = 1.521228424775
    Eigs at center bond b=80: 0.5978 0.1182 0.0974 0.0597 0.0396 0.0195 0.0188 0.0140 0.0052 0.0036 
    Largest link dim during sweep 24/1000 was 1456
    Largest truncation error: 7.241391572995352e-07
    Energy after sweep 24/1000 is -190.828580503865
    Sweep 24/1000 CPU time = 17m, 3s (Wall time = 17m, 10s)
    Energy change:-0.30587002362833

    vN Entropy at center bond b=80 = 1.650981307557
    Eigs at center bond b=80: 0.3669 0.3344 0.1343 0.0832 0.0174 0.0084 0.0076 0.0067 0.0063 0.0050 
    Largest link dim during sweep 25/1000 was 1799
    Largest truncation error: 7.96929608394116e-07
    Energy after sweep 25/1000 is -191.265724904492
    Sweep 25/1000 CPU time = 20m, 37s (Wall time = 20m, 48s)
    Energy change:-0.4371444006269201

    vN Entropy at center bond b=80 = 1.684937205199
    Eigs at center bond b=80: 0.5080 0.1649 0.1548 0.0460 0.0254 0.0201 0.0183 0.0096 0.0075 0.0062 
    Largest link dim during sweep 26/1000 was 1433
    Largest truncation error: 8.301981737027797e-07
    Energy after sweep 26/1000 is -191.585753140229
    Sweep 26/1000 CPU time = 26m, 1s (Wall time = 26m, 25s)
    Energy change:-0.3200282357372544

    vN Entropy at center bond b=80 = 1.963350523861
    Eigs at center bond b=80: 0.4827 0.1378 0.0842 0.0532 0.0497 0.0470 0.0366 0.0293 0.0168 0.0066 
    Largest link dim during sweep 27/1000 was 1270
    Largest truncation error: 7.648165564516794e-07
    Energy after sweep 27/1000 is -191.877833680900
    Sweep 27/1000 CPU time = 24m, 10s (Wall time = 24m, 31s)
    Energy change:-0.2920805406714919

    vN Entropy at center bond b=80 = 2.145652940314
    Eigs at center bond b=80: 0.3514 0.1694 0.1402 0.0873 0.0746 0.0597 0.0257 0.0111 0.0090 0.0066 
    Largest link dim during sweep 28/1000 was 1337
    Largest truncation error: 7.376654464966572e-07
    Energy after sweep 28/1000 is -192.084363331770
    Sweep 28/1000 CPU time = 24m, 10s (Wall time = 24m, 43s)
    Energy change:-0.206529650869328

    vN Entropy at center bond b=80 = 2.218163945925
    Eigs at center bond b=80: 0.3084 0.2084 0.1356 0.1046 0.0461 0.0424 0.0389 0.0239 0.0210 0.0062 
    Largest link dim during sweep 29/1000 was 1671
    Largest truncation error: 7.997390077422298e-07
    Energy after sweep 29/1000 is -192.243569074166
    Sweep 29/1000 CPU time = 23m, 46s (Wall time = 24m, 15s)
    Energy change:-0.1592057423962387

    vN Entropy at center bond b=80 = 2.290473224334
    Eigs at center bond b=80: 0.3405 0.1305 0.1172 0.0994 0.0934 0.0688 0.0245 0.0196 0.0127 0.0125 
    Largest link dim during sweep 30/1000 was 1329
    Largest truncation error: 7.59030906144602e-07
    Energy after sweep 30/1000 is -192.415877453327
    Sweep 30/1000 CPU time = 26m, 4s (Wall time = 26m, 44s)
    Energy change:-0.1723083791612794

    vN Entropy at center bond b=80 = 2.342676487958
    Eigs at center bond b=80: 0.2712 0.2000 0.1191 0.1179 0.0654 0.0484 0.0471 0.0321 0.0100 0.0086 
    Largest link dim during sweep 31/1000 was 1581
    Largest truncation error: 7.426748995205754e-07
    Energy after sweep 31/1000 is -192.563312595124
    Sweep 31/1000 CPU time = 27m, 40s (Wall time = 28m, 26s)
    Energy change:-0.1474351417971889

    vN Entropy at center bond b=80 = 2.397350103839
    Eigs at center bond b=80: 0.2312 0.1867 0.1272 0.1192 0.0998 0.0795 0.0284 0.0162 0.0140 0.0124 
    Largest link dim during sweep 32/1000 was 1418
    Largest truncation error: 7.216431102363679e-07
    Energy after sweep 32/1000 is -192.668657347291
    Sweep 32/1000 CPU time = 27m, 8s (Wall time = 27m, 52s)
    Energy change:-0.1053447521667579

    vN Entropy at center bond b=80 = 2.445539357772
    Eigs at center bond b=80: 0.2091 0.1827 0.1455 0.1249 0.0975 0.0463 0.0425 0.0408 0.0126 0.0115 
    Largest link dim during sweep 33/1000 was 1401
    Largest truncation error: 8.020171056972586e-07
    Energy after sweep 33/1000 is -192.743509615140
    Sweep 33/1000 CPU time = 27m, 58s (Wall time = 28m, 39s)
    Energy change:-0.07485226784913834

    vN Entropy at center bond b=80 = 2.475732774041
    Eigs at center bond b=80: 0.2130 0.1723 0.1672 0.0925 0.0729 0.0727 0.0614 0.0270 0.0153 0.0133 
    Largest link dim during sweep 34/1000 was 1276
    Largest truncation error: 8.658194995210579e-07
    Energy after sweep 34/1000 is -192.798470196727
    Sweep 34/1000 CPU time = 29m, 24s (Wall time = 30m, 9s)
    Energy change:-0.05496058158638562

    vN Entropy at center bond b=80 = 2.513640792832
    Eigs at center bond b=80: 0.2138 0.1712 0.1228 0.1125 0.1098 0.0625 0.0390 0.0313 0.0255 0.0154 
    Largest link dim during sweep 35/1000 was 1637
    Largest truncation error: 7.416077251409069e-07
    Energy after sweep 35/1000 is -192.855836749022
    Sweep 35/1000 CPU time = 36m, 49s (Wall time = 37m, 41s)
    Energy change:-0.05736655229517851

    vN Entropy at center bond b=80 = 2.546024757768
    Eigs at center bond b=80: 0.1877 0.1581 0.1431 0.1328 0.0817 0.0769 0.0582 0.0360 0.0144 0.0127 
    Largest link dim during sweep 36/1000 was 1606
    Largest truncation error: 7.490193540574859e-07
    Energy after sweep 36/1000 is -192.918481835053
    Sweep 36/1000 CPU time = 51m, 20s (Wall time = 52m, 27s)
    Energy change:-0.06264508603112517

    vN Entropy at center bond b=80 = 2.535804979965
    Eigs at center bond b=80: 0.2014 0.1645 0.1236 0.1171 0.1007 0.0950 0.0430 0.0212 0.0174 0.0154 
    Largest link dim during sweep 37/1000 was 1772
    Largest truncation error: 8.543985195187515e-07
    Energy after sweep 37/1000 is -192.979999470402
    Sweep 37/1000 CPU time = 1h, 3m, 5s (Wall time = 1h, 4m, 22s)
    Energy change:-0.06151763534944621

    vN Entropy at center bond b=80 = 2.555016682945
    Eigs at center bond b=80: 0.2095 0.1606 0.1357 0.1313 0.0827 0.0551 0.0488 0.0409 0.0219 0.0082 
    Largest link dim during sweep 38/1000 was 1769
    Largest truncation error: 6.722416664983159e-07
    Energy after sweep 38/1000 is -193.026880864743
    Sweep 38/1000 CPU time = 1h, 12m, 7s (Wall time = 1h, 13m, 32s)
    Energy change:-0.04688139434028926

    vN Entropy at center bond b=80 = 2.604166885619
    Eigs at center bond b=80: 0.1852 0.1813 0.1489 0.0976 0.0786 0.0692 0.0576 0.0339 0.0231 0.0120 
    Largest link dim during sweep 39/1000 was 1800
    Largest truncation error: 7.459770226920624e-07
    Energy after sweep 39/1000 is -193.068190840715
    Sweep 39/1000 CPU time = 1h, 21m, 31s (Wall time = 1h, 22m, 59s)
    Energy change:-0.04130997597223995

    vN Entropy at center bond b=80 = 2.673027287057
    Eigs at center bond b=80: 0.1893 0.1423 0.1343 0.1134 0.0987 0.0633 0.0622 0.0345 0.0239 0.0187 
    Largest link dim during sweep 40/1000 was 1800
    Largest truncation error: 8.400225611180607e-07
    Energy after sweep 40/1000 is -193.102962384652
    Sweep 40/1000 CPU time = 1h, 36m, 38s (Wall time = 1h, 38m, 19s)
    Energy change:-0.0347715439368983

    vN Entropy at center bond b=80 = 2.711890314906
    Eigs at center bond b=80: 0.1761 0.1452 0.1305 0.1151 0.1110 0.0744 0.0495 0.0318 0.0167 0.0162 
    Largest link dim during sweep 41/1000 was 1800
    Largest truncation error: 1.31383324339092e-06
    Energy after sweep 41/1000 is -193.137219855328
    Sweep 41/1000 CPU time = 2h, 8m, 3s (Wall time = 2h, 10m, 23s)
    Energy change:-0.03425747067615248

    vN Entropy at center bond b=80 = 2.694295532391
    Eigs at center bond b=80: 0.2324 0.1517 0.1206 0.0989 0.0848 0.0673 0.0376 0.0352 0.0162 0.0122 
    Largest link dim during sweep 42/1000 was 1800
    Largest truncation error: 1.530714881411441e-06
    Energy after sweep 42/1000 is -193.158443345074
    Sweep 42/1000 CPU time = 2h, 20m, 25s (Wall time = 2h, 22m, 58s)
    Energy change:-0.02122348974640431

    vN Entropy at center bond b=80 = 2.628323574631
    Eigs at center bond b=80: 0.3124 0.1286 0.0981 0.0739 0.0711 0.0575 0.0511 0.0339 0.0177 0.0164 
    Largest link dim during sweep 43/1000 was 1800
    Largest truncation error: 1.850887218614833e-06
    Energy after sweep 43/1000 is -193.174597201751
    Sweep 43/1000 CPU time = 2h, 30m, 52s (Wall time = 2h, 33m, 36s)
    Energy change:-0.01615385667696501

    vN Entropy at center bond b=80 = 2.516274846657
    Eigs at center bond b=80: 0.3774 0.1085 0.0741 0.0725 0.0634 0.0582 0.0477 0.0365 0.0161 0.0114 
    Largest link dim during sweep 44/1000 was 1800
    Largest truncation error: 2.361668227803962e-06
    Energy after sweep 44/1000 is -193.187386686250
    Sweep 44/1000 CPU time = 2h, 40m, 51s (Wall time = 2h, 43m, 48s)
    Energy change:-0.0127894844988532

    vN Entropy at center bond b=80 = 2.384450969005
    Eigs at center bond b=80: 0.4190 0.1251 0.0910 0.0565 0.0507 0.0504 0.0280 0.0223 0.0129 0.0127 
    Largest link dim during sweep 45/1000 was 1800
    Largest truncation error: 2.100827328338212e-06
    Energy after sweep 45/1000 is -193.199686566481
    Sweep 45/1000 CPU time = 2h, 49m, 2s (Wall time = 2h, 52m, 7s)
    Energy change:-0.01229988023121109

    vN Entropy at center bond b=80 = 2.221757076514
    Eigs at center bond b=80: 0.4410 0.1941 0.0715 0.0472 0.0338 0.0302 0.0192 0.0132 0.0128 0.0124 
    Largest link dim during sweep 46/1000 was 1800
    Largest truncation error: 1.833991916800896e-06
    Energy after sweep 46/1000 is -193.210039880024
    Sweep 46/1000 CPU time = 2h, 56m, 32s (Wall time = 2h, 59m, 41s)
    Energy change:-0.0103533135424243

    vN Entropy at center bond b=80 = 2.138150880249
    Eigs at center bond b=80: 0.4355 0.2431 0.0577 0.0396 0.0251 0.0242 0.0197 0.0138 0.0120 0.0111 
    Largest link dim during sweep 47/1000 was 1800
    Largest truncation error: 1.649229721505646e-06
    Energy after sweep 47/1000 is -193.217439514292
    Sweep 47/1000 CPU time = 3h, 1m, 56s (Wall time = 3h, 5m, 14s)
    Energy change:-0.007399634267642341

    vN Entropy at center bond b=80 = 2.106252373278
    Eigs at center bond b=80: 0.4195 0.2779 0.0477 0.0339 0.0306 0.0185 0.0142 0.0141 0.0139 0.0114 
    Largest link dim during sweep 48/1000 was 1800
    Largest truncation error: 1.476689507042693e-06
    Energy after sweep 48/1000 is -193.222602522008
    Sweep 48/1000 CPU time = 3h, 6m, 57s (Wall time = 3h, 10m, 20s)
    Energy change:-0.005163007716902257

    vN Entropy at center bond b=80 = 2.107343899832
    Eigs at center bond b=80: 0.3990 0.3033 0.0402 0.0354 0.0301 0.0180 0.0152 0.0149 0.0141 0.0107 
    Largest link dim during sweep 49/1000 was 1800
    Largest truncation error: 1.357996249387595e-06
    Energy after sweep 49/1000 is -193.226315007691
    Sweep 49/1000 CPU time = 3h, 8m, 48s (Wall time = 3h, 12m, 7s)
    Energy change:-0.003712485682996203

    vN Entropy at center bond b=80 = 2.124521675159
    Eigs at center bond b=80: 0.3775 0.3224 0.0394 0.0344 0.0274 0.0221 0.0183 0.0138 0.0131 0.0100 
    Largest link dim during sweep 50/1000 was 1800
    Largest truncation error: 1.259667406108029e-06
    Energy after sweep 50/1000 is -193.229092578086
    Sweep 50/1000 CPU time = 3h, 9m, 23s (Wall time = 3h, 12m, 38s)
    Energy change:-0.002777570394158602

    vN Entropy at center bond b=80 = 2.146825366499
    Eigs at center bond b=80: 0.3585 0.3358 0.0422 0.0304 0.0260 0.0255 0.0212 0.0133 0.0118 0.0098 
    Largest link dim during sweep 51/1000 was 1800
    Largest truncation error: 1.18229302836426e-06
    Energy after sweep 51/1000 is -193.230996287215
    Sweep 51/1000 CPU time = 3h, 8m, 32s (Wall time = 3h, 11m, 47s)
    Energy change:-0.001903709129749132

    vN Entropy at center bond b=80 = 2.168909508291
    Eigs at center bond b=80: 0.3453 0.3425 0.0442 0.0295 0.0275 0.0243 0.0236 0.0127 0.0115 0.0109 
    Largest link dim during sweep 52/1000 was 1800
    Largest truncation error: 1.17775939281643e-06
    Energy after sweep 52/1000 is -193.232354470085
    Sweep 52/1000 CPU time = 3h, 7m, 9s (Wall time = 3h, 10m, 22s)
    Energy change:-0.001358182870092151

    vN Entropy at center bond b=80 = 2.188957112045
    Eigs at center bond b=80: 0.3521 0.3293 0.0457 0.0326 0.0255 0.0255 0.0234 0.0129 0.0122 0.0103 
    Largest link dim during sweep 53/1000 was 1800
    Largest truncation error: 1.166349031371767e-06
    Energy after sweep 53/1000 is -193.233377266566
    Sweep 53/1000 CPU time = 3h, 2m, 18s (Wall time = 3h, 5m, 23s)
    Energy change:-0.001022796480356192

    vN Entropy at center bond b=80 = 2.207523878493
    Eigs at center bond b=80: 0.3577 0.3174 0.0469 0.0356 0.0271 0.0238 0.0227 0.0141 0.0117 0.0100 
    Largest link dim during sweep 54/1000 was 1800
    Largest truncation error: 1.146375081383307e-06
    Energy after sweep 54/1000 is -193.234240649078
    Sweep 54/1000 CPU time = 2h, 59m, 40s (Wall time = 3h, 2m, 45s)
    Energy change:-0.0008633825125059502

    vN Entropy at center bond b=80 = 2.224090001836
    Eigs at center bond b=80: 0.3624 0.3068 0.0480 0.0382 0.0284 0.0224 0.0221 0.0152 0.0113 0.0105 
    Largest link dim during sweep 55/1000 was 1800
    Largest truncation error: 1.133502656063779e-06
    Energy after sweep 55/1000 is -193.234921243504
    Sweep 55/1000 CPU time = 3h, 5m, 12s (Wall time = 3h, 8m, 23s)
    Energy change:-0.0006805944254040242

    vN Entropy at center bond b=80 = 2.238241918730
    Eigs at center bond b=80: 0.3662 0.2976 0.0490 0.0406 0.0294 0.0217 0.0213 0.0160 0.0110 0.0108 
    Largest link dim during sweep 56/1000 was 1800
    Largest truncation error: 1.121023336427482e-06
    Energy after sweep 56/1000 is -193.235475471674
    Sweep 56/1000 CPU time = 3h, 4m, 36s (Wall time = 3h, 7m, 46s)
    Energy change:-0.0005542281701309548

    vN Entropy at center bond b=80 = 2.250223667946
    Eigs at center bond b=80: 0.3696 0.2895 0.0499 0.0428 0.0302 0.0214 0.0203 0.0167 0.0115 0.0104 
    Largest link dim during sweep 57/1000 was 1800
    Largest truncation error: 1.119082720250242e-06
    Energy after sweep 57/1000 is -193.235938585439
    Sweep 57/1000 CPU time = 3h, 3m, 31s (Wall time = 3h, 6m, 34s)
    Energy change:-0.0004631137654769191

    vN Entropy at center bond b=80 = 2.260539742822
    Eigs at center bond b=80: 0.3726 0.2821 0.0508 0.0448 0.0309 0.0212 0.0194 0.0172 0.0121 0.0103 
    Largest link dim during sweep 58/1000 was 1800
    Largest truncation error: 1.127703958434815e-06
    Energy after sweep 58/1000 is -193.236339429890
    Sweep 58/1000 CPU time = 3h, 3m, 35s (Wall time = 3h, 6m, 44s)
    Energy change:-0.0004008444504393083

    vN Entropy at center bond b=80 = 2.269535098267
    Eigs at center bond b=80: 0.3754 0.2754 0.0516 0.0465 0.0315 0.0210 0.0186 0.0177 0.0127 0.0104 
    Largest link dim during sweep 59/1000 was 1800
    Largest truncation error: 1.134946764799021e-06
    Energy after sweep 59/1000 is -193.236684051541
    Sweep 59/1000 CPU time = 3h, 3m, 55s (Wall time = 3h, 7m, 4s)
    Energy change:-0.0003446216513793843

    vN Entropy at center bond b=80 = 2.277495044022
    Eigs at center bond b=80: 0.3778 0.2693 0.0524 0.0481 0.0319 0.0208 0.0181 0.0179 0.0134 0.0106 
    Largest link dim during sweep 60/1000 was 1800
    Largest truncation error: 1.144034634461383e-06
    Energy after sweep 60/1000 is -193.236993057830
    Sweep 60/1000 CPU time = 3h, 3m, 7s (Wall time = 3h, 6m, 14s)
    Energy change:-0.0003090062889725687

    vN Entropy at center bond b=80 = 2.284639174490
    Eigs at center bond b=80: 0.3801 0.2636 0.0532 0.0496 0.0324 0.0207 0.0184 0.0172 0.0141 0.0108 
    Largest link dim during sweep 61/1000 was 1800
    Largest truncation error: 1.151629866864983e-06
    Energy after sweep 61/1000 is -193.237267556093
    Sweep 61/1000 CPU time = 2h, 57m, 41s (Wall time = 3h, 45s)
    Energy change:-0.0002744982629678816

    vN Entropy at center bond b=80 = 2.291154928194
    Eigs at center bond b=80: 0.3822 0.2583 0.0540 0.0509 0.0327 0.0206 0.0187 0.0165 0.0148 0.0110 
    Largest link dim during sweep 62/1000 was 1800
    Largest truncation error: 1.160369393026853e-06
    Energy after sweep 62/1000 is -193.237515439097
    Sweep 62/1000 CPU time = 2h, 57m, 38s (Wall time = 3h, 42s)
    Energy change:-0.000247883003652305

    vN Entropy at center bond b=80 = 2.297101051309
    Eigs at center bond b=80: 0.3840 0.2535 0.0547 0.0521 0.0330 0.0205 0.0189 0.0159 0.0155 0.0111 
    Largest link dim during sweep 63/1000 was 1800
    Largest truncation error: 1.170494106087002e-06
    Energy after sweep 63/1000 is -193.237734227511
    Sweep 63/1000 CPU time = 2h, 57m, 36s (Wall time = 3h, 38s)
    Energy change:-0.0002187884141449103

    vN Entropy at center bond b=80 = 2.302596896529
    Eigs at center bond b=80: 0.3857 0.2491 0.0555 0.0531 0.0333 0.0205 0.0191 0.0162 0.0153 0.0112 
    Largest link dim during sweep 64/1000 was 1800
    Largest truncation error: 1.178717135081293e-06
    Energy after sweep 64/1000 is -193.237934240491
    Sweep 64/1000 CPU time = 2h, 57m, 37s (Wall time = 3h, 41s)
    Energy change:-0.0002000129798034322

    vN Entropy at center bond b=80 = 2.307742740840
    Eigs at center bond b=80: 0.3871 0.2450 0.0562 0.0540 0.0336 0.0204 0.0192 0.0169 0.0147 0.0114 
    Largest link dim during sweep 65/1000 was 1800
    Largest truncation error: 1.186019383406831e-06
    Energy after sweep 65/1000 is -193.238109238136
    Sweep 65/1000 CPU time = 2h, 57m, 33s (Wall time = 3h, 39s)
    Energy change:-0.0001749976448763846

    vN Entropy at center bond b=80 = 2.312543112231
    Eigs at center bond b=80: 0.3884 0.2413 0.0568 0.0547 0.0338 0.0204 0.0194 0.0175 0.0142 0.0115 
    Largest link dim during sweep 66/1000 was 1800
    Largest truncation error: 1.19673071965247e-06
    Energy after sweep 66/1000 is -193.238263929690
    Sweep 66/1000 CPU time = 2h, 57m, 36s (Wall time = 3h, 41s)
    Energy change:-0.0001546915543997329

    vN Entropy at center bond b=80 = 2.317063851877
    Eigs at center bond b=80: 0.3896 0.2379 0.0575 0.0554 0.0340 0.0204 0.0195 0.0182 0.0137 0.0116 
    Largest link dim during sweep 67/1000 was 1800
    Largest truncation error: 1.208632735627009e-06
    Energy after sweep 67/1000 is -193.238405007120
    Sweep 67/1000 CPU time = 2h, 57m, 48s (Wall time = 3h, 53s)
    Energy change:-0.0001410774296175532

    vN Entropy at center bond b=80 = 2.321359243724
    Eigs at center bond b=80: 0.3905 0.2348 0.0580 0.0559 0.0342 0.0204 0.0195 0.0188 0.0133 0.0118 
    Largest link dim during sweep 68/1000 was 1800
    Largest truncation error: 1.218773190216764e-06
    Energy after sweep 68/1000 is -193.238526901259
    Sweep 68/1000 CPU time = 2h, 58m, 10s (Wall time = 3h, 1m, 14s)
    Energy change:-0.0001218941394824924

    vN Entropy at center bond b=80 = 2.325445591360
    Eigs at center bond b=80: 0.3913 0.2320 0.0586 0.0564 0.0343 0.0204 0.0196 0.0194 0.0128 0.0119 
    Largest link dim during sweep 69/1000 was 1800
    Largest truncation error: 1.225710731087477e-06
    Energy after sweep 69/1000 is -193.238637327999
    Sweep 69/1000 CPU time = 2h, 58m, 10s (Wall time = 3h, 1m, 14s)
    Energy change:-0.0001104267403491122

    vN Entropy at center bond b=80 = 2.329317148912
    Eigs at center bond b=80: 0.3920 0.2295 0.0591 0.0567 0.0345 0.0204 0.0199 0.0196 0.0124 0.0120 
    Largest link dim during sweep 70/1000 was 1800
    Largest truncation error: 1.230672267625277e-06
    Energy after sweep 70/1000 is -193.238736821431
    Sweep 70/1000 CPU time = 2h, 58m, 15s (Wall time = 3h, 1m, 18s)
    Energy change:-9.949343120752019e-05

    vN Entropy at center bond b=80 = 2.333034991724
    Eigs at center bond b=80: 0.3926 0.2273 0.0596 0.0570 0.0346 0.0205 0.0204 0.0196 0.0122 0.0120 
    Largest link dim during sweep 71/1000 was 1800
    Largest truncation error: 1.235613320193011e-06
    Energy after sweep 71/1000 is -193.238825822467
    Sweep 71/1000 CPU time = 2h, 58m, 45s (Wall time = 3h, 1m, 48s)
    Energy change:-8.900103603082243e-05

    vN Entropy at center bond b=80 = 2.336632185033
    Eigs at center bond b=80: 0.3930 0.2252 0.0600 0.0572 0.0347 0.0210 0.0204 0.0196 0.0123 0.0118 
    Largest link dim during sweep 72/1000 was 1800
    Largest truncation error: 1.240343639183e-06
    Energy after sweep 72/1000 is -193.238909546051
    Sweep 72/1000 CPU time = 2h, 59m, 24s (Wall time = 3h, 2m, 27s)
    Energy change:-8.372358436758986e-05

    vN Entropy at center bond b=80 = 2.340124147502
    Eigs at center bond b=80: 0.3933 0.2234 0.0604 0.0574 0.0348 0.0214 0.0204 0.0196 0.0124 0.0119 
    Largest link dim during sweep 73/1000 was 1800
    Largest truncation error: 1.24282538770362e-06
    Energy after sweep 73/1000 is -193.238980866871
    Sweep 73/1000 CPU time = 2h, 59m, 41s (Wall time = 3h, 2m, 46s)
    Energy change:-7.132082046723554e-05

    vN Entropy at center bond b=80 = 2.343530118171
    Eigs at center bond b=80: 0.3936 0.2217 0.0608 0.0575 0.0349 0.0219 0.0204 0.0196 0.0125 0.0119 
    Largest link dim during sweep 74/1000 was 1800
    Largest truncation error: 1.242570174815384e-06
    Energy after sweep 74/1000 is -193.239042416409
    Sweep 74/1000 CPU time = 3h, 39s (Wall time = 3h, 3m, 46s)
    Energy change:-6.154953720738376e-05

    vN Entropy at center bond b=80 = 2.346810884715
    Eigs at center bond b=80: 0.3937 0.2202 0.0611 0.0576 0.0350 0.0223 0.0204 0.0196 0.0126 0.0119 
    Largest link dim during sweep 75/1000 was 1800
    Largest truncation error: 1.243896757978439e-06
    Energy after sweep 75/1000 is -193.239098936103
    Sweep 75/1000 CPU time = 2h, 57m, 59s (Wall time = 3h, 59s)
    Energy change:-5.651969482300956e-05

    vN Entropy at center bond b=80 = 2.349976230073
    Eigs at center bond b=80: 0.3938 0.2188 0.0615 0.0576 0.0351 0.0227 0.0204 0.0196 0.0126 0.0123 
    Largest link dim during sweep 76/1000 was 1800
    Largest truncation error: 1.247260229305355e-06
    Energy after sweep 76/1000 is -193.239150371289
    Sweep 76/1000 CPU time = 2h, 58m, 4s (Wall time = 3h, 1m, 7s)
    Energy change:-5.143518512795708e-05

    vN Entropy at center bond b=80 = 2.353025230378
    Eigs at center bond b=80: 0.3939 0.2176 0.0618 0.0576 0.0351 0.0230 0.0205 0.0196 0.0128 0.0127 
    Largest link dim during sweep 77/1000 was 1800
    Largest truncation error: 1.246522930886613e-06
    Energy after sweep 77/1000 is -193.239194973318
    Sweep 77/1000 CPU time = 2h, 58m, 4s (Wall time = 3h, 1m, 8s)
    Energy change:-4.460202967493387e-05

    vN Entropy at center bond b=80 = 2.355971091701
    Eigs at center bond b=80: 0.3939 0.2165 0.0621 0.0575 0.0352 0.0234 0.0205 0.0195 0.0133 0.0128 
    Largest link dim during sweep 78/1000 was 1800
    Largest truncation error: 1.249574876127209e-06
    Energy after sweep 78/1000 is -193.239236231495
    Sweep 78/1000 CPU time = 3h, 2m, 21s (Wall time = 3h, 5m, 35s)
    Energy change:-4.125817690692202e-05

    vN Entropy at center bond b=80 = 2.358845577406
    Eigs at center bond b=80: 0.3938 0.2154 0.0624 0.0574 0.0353 0.0237 0.0205 0.0195 0.0138 0.0128 
    Largest link dim during sweep 79/1000 was 1800
    Largest truncation error: 1.249489752882559e-06
    Energy after sweep 79/1000 is -193.239273049605
    Sweep 79/1000 CPU time = 3h, 2m, 4s (Wall time = 3h, 5m, 16s)
    Energy change:-3.681810949274222e-05

    vN Entropy at center bond b=80 = 2.361608937705
    Eigs at center bond b=80: 0.3937 0.2145 0.0626 0.0573 0.0354 0.0240 0.0205 0.0195 0.0143 0.0129 
    Largest link dim during sweep 80/1000 was 1800
    Largest truncation error: 1.250815832941176e-06
    Energy after sweep 80/1000 is -193.239306596533
    Sweep 80/1000 CPU time = 3h, 3m, 3s (Wall time = 3h, 6m, 16s)
    Energy change:-3.354692850621177e-05

    vN Entropy at center bond b=80 = 2.364290366883
    Eigs at center bond b=80: 0.3936 0.2137 0.0629 0.0572 0.0354 0.0243 0.0205 0.0195 0.0147 0.0129 
    Largest link dim during sweep 81/1000 was 1800
    Largest truncation error: 1.252826812866458e-06
    Energy after sweep 81/1000 is -193.239337146887
    Sweep 81/1000 CPU time = 3h, 2m, 39s (Wall time = 3h, 5m, 50s)
    Energy change:-3.055035352872437e-05

    vN Entropy at center bond b=80 = 2.366880624773
    Eigs at center bond b=80: 0.3934 0.2129 0.0632 0.0570 0.0355 0.0245 0.0206 0.0195 0.0152 0.0129 
    Largest link dim during sweep 82/1000 was 1800
    Largest truncation error: 1.253832396712984e-06
    Energy after sweep 82/1000 is -193.239365801100
    Sweep 82/1000 CPU time = 3h, 1m, 29s (Wall time = 3h, 4m, 39s)
    Energy change:-2.865421353703823e-05

    vN Entropy at center bond b=80 = 2.369388637622
    Eigs at center bond b=80: 0.3932 0.2122 0.0634 0.0569 0.0355 0.0248 0.0206 0.0195 0.0156 0.0130 
    Largest link dim during sweep 83/1000 was 1800
    Largest truncation error: 1.253038010501058e-06
    Energy after sweep 83/1000 is -193.239391143391
    Sweep 83/1000 CPU time = 3h, 52s (Wall time = 3h, 4m, 2s)
    Energy change:-2.534229062689519e-05

    vN Entropy at center bond b=80 = 2.371785403991
    Eigs at center bond b=80: 0.3930 0.2116 0.0637 0.0567 0.0356 0.0250 0.0206 0.0195 0.0160 0.0130 
    Largest link dim during sweep 84/1000 was 1800
    Largest truncation error: 1.254737129909126e-06
    Energy after sweep 84/1000 is -193.239415014755
    Sweep 84/1000 CPU time = 3h, 1m, 7s (Wall time = 3h, 4m, 16s)
    Energy change:-2.38713641351751e-05

    vN Entropy at center bond b=80 = 2.374106290617
    Eigs at center bond b=80: 0.3928 0.2110 0.0640 0.0565 0.0356 0.0252 0.0206 0.0195 0.0164 0.0130 
    Largest link dim during sweep 85/1000 was 1800
    Largest truncation error: 1.255362240966351e-06
    Energy after sweep 85/1000 is -193.239437474794
    Sweep 85/1000 CPU time = 3h, 1m, 22s (Wall time = 3h, 4m, 30s)
    Energy change:-2.246003890604698e-05

    vN Entropy at center bond b=80 = 2.376357993103
    Eigs at center bond b=80: 0.3925 0.2105 0.0642 0.0562 0.0357 0.0254 0.0206 0.0196 0.0167 0.0130 
    Largest link dim during sweep 86/1000 was 1800
    Largest truncation error: 1.255630583449025e-06
    Energy after sweep 86/1000 is -193.239457364205
    Sweep 86/1000 CPU time = 3h, 1m, 21s (Wall time = 3h, 4m, 30s)
    Energy change:-1.988941076547235e-05

    vN Entropy at center bond b=80 = 2.378541790824
    Eigs at center bond b=80: 0.3923 0.2100 0.0645 0.0560 0.0357 0.0256 0.0206 0.0197 0.0170 0.0131 
    Largest link dim during sweep 87/1000 was 1800
    Largest truncation error: 1.259419383721667e-06
    Energy after sweep 87/1000 is -193.239478174241
    Sweep 87/1000 CPU time = 3h, 49s (Wall time = 3h, 3m, 56s)
    Energy change:-2.081003611920096e-05

    vN Entropy at center bond b=80 = 2.380693619160
    Eigs at center bond b=80: 0.3920 0.2095 0.0648 0.0557 0.0358 0.0258 0.0207 0.0198 0.0172 0.0131 
    Largest link dim during sweep 88/1000 was 1800
    Largest truncation error: 1.26061631170394e-06
    Energy after sweep 88/1000 is -193.239496858810
    Sweep 88/1000 CPU time = 3h, 18s (Wall time = 3h, 3m, 27s)
    Energy change:-1.868456868692192e-05

    vN Entropy at center bond b=80 = 2.382797919525
    Eigs at center bond b=80: 0.3917 0.2090 0.0651 0.0554 0.0358 0.0259 0.0207 0.0200 0.0174 0.0131 
    Largest link dim during sweep 89/1000 was 1800
    Largest truncation error: 1.263064450443277e-06
    Energy after sweep 89/1000 is -193.239515866896
    Sweep 89/1000 CPU time = 3h, 28s (Wall time = 3h, 3m, 38s)
    Energy change:-1.900808638310991e-05

    vN Entropy at center bond b=80 = 2.384861897978
    Eigs at center bond b=80: 0.3914 0.2086 0.0655 0.0551 0.0359 0.0261 0.0207 0.0203 0.0175 0.0131 
    Largest link dim during sweep 90/1000 was 1800
    Largest truncation error: 1.26318055519638e-06
    Energy after sweep 90/1000 is -193.239534632546
    Sweep 90/1000 CPU time = 3h, 1m, 34s (Wall time = 3h, 4m, 41s)
    Energy change:-1.876564988378959e-05

    vN Entropy at center bond b=80 = 2.386904735737
    Eigs at center bond b=80: 0.3911 0.2082 0.0659 0.0548 0.0359 0.0262 0.0207 0.0206 0.0175 0.0131 
    Largest link dim during sweep 91/1000 was 1800
    Largest truncation error: 1.26428877069874e-06
    Energy after sweep 91/1000 is -193.239555943803
    Sweep 91/1000 CPU time = 3h, 1m, 26s (Wall time = 3h, 4m, 34s)
    Energy change:-2.131125700088887e-05

    vN Entropy at center bond b=80 = 2.388923617743
    Eigs at center bond b=80: 0.3908 0.2078 0.0663 0.0544 0.0359 0.0263 0.0210 0.0207 0.0175 0.0131 
    Largest link dim during sweep 92/1000 was 1800
    Largest truncation error: 1.264415568331224e-06
    Energy after sweep 92/1000 is -193.239578093443
    Sweep 92/1000 CPU time = 3h, 2m, 41s (Wall time = 3h, 5m, 53s)
    Energy change:-2.214964038671496e-05

    vN Entropy at center bond b=80 = 2.390921878924
    Eigs at center bond b=80: 0.3904 0.2074 0.0668 0.0541 0.0359 0.0264 0.0214 0.0207 0.0174 0.0131 
    Largest link dim during sweep 93/1000 was 1800
    Largest truncation error: 1.265154716176371e-06
    Energy after sweep 93/1000 is -193.239601090920
    Sweep 93/1000 CPU time = 3h, 5m, 12s (Wall time = 3h, 8m, 27s)
    Energy change:-2.299747634992855e-05

    vN Entropy at center bond b=80 = 2.392913637192
    Eigs at center bond b=80: 0.3901 0.2070 0.0673 0.0537 0.0360 0.0265 0.0218 0.0206 0.0174 0.0131 
    Largest link dim during sweep 94/1000 was 1800
    Largest truncation error: 1.266060372032924e-06
    Energy after sweep 94/1000 is -193.239626400216
    Sweep 94/1000 CPU time = 3h, 13m, 48s (Wall time = 3h, 17m, 24s)
    Energy change:-2.530929637600821e-05

    vN Entropy at center bond b=80 = 2.394906910174
    Eigs at center bond b=80: 0.3897 0.2066 0.0679 0.0532 0.0360 0.0266 0.0223 0.0206 0.0173 0.0131 
    Largest link dim during sweep 95/1000 was 1800
    Largest truncation error: 1.26603639879824e-06
    Energy after sweep 95/1000 is -193.239653792772
    Sweep 95/1000 CPU time = 3h, 16m, 56s (Wall time = 3h, 20m, 36s)
    Energy change:-2.739255612027591e-05

    vN Entropy at center bond b=80 = 2.396947341482
    Eigs at center bond b=80: 0.3893 0.2061 0.0685 0.0527 0.0360 0.0267 0.0228 0.0206 0.0171 0.0131 
    Largest link dim during sweep 96/1000 was 1800
    Largest truncation error: 1.267887025038866e-06
    Energy after sweep 96/1000 is -193.239686436203
    Sweep 96/1000 CPU time = 3h, 1m, 26s (Wall time = 3h, 4m, 34s)
    Energy change:-3.264343075670695e-05

    vN Entropy at center bond b=80 = 2.399055601914
    Eigs at center bond b=80: 0.3889 0.2057 0.0693 0.0522 0.0360 0.0268 0.0234 0.0206 0.0170 0.0130 
    Largest link dim during sweep 97/1000 was 1800
    Largest truncation error: 1.268455856384545e-06
    Energy after sweep 97/1000 is -193.239721699107
    Sweep 97/1000 CPU time = 3h, 3m, 7s (Wall time = 3h, 6m, 18s)
    Energy change:-3.526290376498764e-05

    vN Entropy at center bond b=80 = 2.401223505395
    Eigs at center bond b=80: 0.3885 0.2052 0.0701 0.0517 0.0360 0.0268 0.0240 0.0205 0.0168 0.0130 
    Largest link dim during sweep 98/1000 was 1800
    Largest truncation error: 1.268973235791449e-06
    Energy after sweep 98/1000 is -193.239765359912
    Sweep 98/1000 CPU time = 3h, 5m, 2s (Wall time = 3h, 8m, 16s)
    Energy change:-4.366080511886139e-05

    vN Entropy at center bond b=80 = 2.403522146150
    Eigs at center bond b=80: 0.3880 0.2047 0.0710 0.0511 0.0360 0.0269 0.0247 0.0205 0.0166 0.0130 
    Largest link dim during sweep 99/1000 was 1800
    Largest truncation error: 1.269255823666649e-06
    Energy after sweep 99/1000 is -193.239817404385
    Sweep 99/1000 CPU time = 3h, 5m, 29s (Wall time = 3h, 8m, 42s)
    Energy change:-5.204447350593e-05

    vN Entropy at center bond b=80 = 2.405998548799
    Eigs at center bond b=80: 0.3874 0.2041 0.0721 0.0505 0.0360 0.0269 0.0254 0.0204 0.0164 0.0130 
    Largest link dim during sweep 100/1000 was 1800
    Largest truncation error: 1.270766001994278e-06
    Energy after sweep 100/1000 is -193.239877674377
    Sweep 100/1000 CPU time = 3h, 4m, 36s (Wall time = 3h, 7m, 51s)
    Energy change:-6.026999142250133e-05

    vN Entropy at center bond b=80 = 2.408667314740
    Eigs at center bond b=80: 0.3868 0.2034 0.0733 0.0498 0.0360 0.0269 0.0262 0.0203 0.0162 0.0129 
    Largest link dim during sweep 101/1000 was 1800
    Largest truncation error: 1.273074205984191e-06
    Energy after sweep 101/1000 is -193.239948715842
    Sweep 101/1000 CPU time = 3h, 5m, 19s (Wall time = 3h, 8m, 35s)
    Energy change:-7.104146581582427e-05

    vN Entropy at center bond b=80 = 2.411579303062
    Eigs at center bond b=80: 0.3862 0.2026 0.0746 0.0491 0.0359 0.0271 0.0269 0.0202 0.0159 0.0129 
    Largest link dim during sweep 102/1000 was 1800
    Largest truncation error: 1.274016408867082e-06
    Energy after sweep 102/1000 is -193.240033142136
    Sweep 102/1000 CPU time = 3h, 5m, 49s (Wall time = 3h, 9m, 5s)
    Energy change:-8.442629317073624e-05

    vN Entropy at center bond b=80 = 2.414770814047
    Eigs at center bond b=80: 0.3854 0.2017 0.0761 0.0484 0.0359 0.0281 0.0269 0.0201 0.0156 0.0128 
    Largest link dim during sweep 103/1000 was 1800
    Largest truncation error: 1.275939748896805e-06
    Energy after sweep 103/1000 is -193.240134876528
    Sweep 103/1000 CPU time = 3h, 4m, 56s (Wall time = 3h, 8m, 10s)
    Energy change:-0.000101734392274011

    vN Entropy at center bond b=80 = 2.418324351989
    Eigs at center bond b=80: 0.3845 0.2007 0.0779 0.0476 0.0358 0.0292 0.0269 0.0200 0.0153 0.0128 
    Largest link dim during sweep 104/1000 was 1800
    Largest truncation error: 1.278668490141448e-06
    Energy after sweep 104/1000 is -193.240257148316
    Sweep 104/1000 CPU time = 3h, 5m, 40s (Wall time = 3h, 8m, 55s)
    Energy change:-0.000122271787944328

    vN Entropy at center bond b=80 = 2.422312985414
    Eigs at center bond b=80: 0.3835 0.1995 0.0798 0.0467 0.0357 0.0305 0.0268 0.0198 0.0150 0.0127 
    Largest link dim during sweep 105/1000 was 1800
    Largest truncation error: 1.278692396552014e-06
    Energy after sweep 105/1000 is -193.240405239241
    Sweep 105/1000 CPU time = 3h, 4m, 27s (Wall time = 3h, 7m, 41s)
    Energy change:-0.0001480909256201812

    vN Entropy at center bond b=80 = 2.426786392349
    Eigs at center bond b=80: 0.3823 0.1980 0.0821 0.0459 0.0356 0.0319 0.0267 0.0195 0.0147 0.0127 
    Largest link dim during sweep 106/1000 was 1800
    Largest truncation error: 1.281730744127062e-06
    Energy after sweep 106/1000 is -193.240582564957
    Sweep 106/1000 CPU time = 3h, 4m, 48s (Wall time = 3h, 8m, 1s)
    Energy change:-0.0001773257155548436

    vN Entropy at center bond b=80 = 2.431848437554
    Eigs at center bond b=80: 0.3809 0.1964 0.0846 0.0449 0.0355 0.0335 0.0265 0.0193 0.0143 0.0130 
    Largest link dim during sweep 107/1000 was 1800
    Largest truncation error: 1.281417302582949e-06
    Energy after sweep 107/1000 is -193.240796682319
    Sweep 107/1000 CPU time = 3h, 2m, 44s (Wall time = 3h, 5m, 50s)
    Energy change:-0.0002141173617644654

    vN Entropy at center bond b=80 = 2.437604749921
    Eigs at center bond b=80: 0.3793 0.1945 0.0875 0.0440 0.0354 0.0353 0.0263 0.0190 0.0140 0.0133 
    Largest link dim during sweep 108/1000 was 1800
    Largest truncation error: 1.283188482192018e-06
    Energy after sweep 108/1000 is -193.241051917673
    Sweep 108/1000 CPU time = 3h, 2m, 8s (Wall time = 3h, 5m, 13s)
    Energy change:-0.0002552353547002895

    vN Entropy at center bond b=80 = 2.444111359674
    Eigs at center bond b=80: 0.3774 0.1922 0.0907 0.0431 0.0375 0.0352 0.0260 0.0186 0.0137 0.0136 
    Largest link dim during sweep 109/1000 was 1800
    Largest truncation error: 1.286926189286525e-06
    Energy after sweep 109/1000 is -193.241356059931
    Sweep 109/1000 CPU time = 3h, 1m, 49s (Wall time = 3h, 4m, 56s)
    Energy change:-0.0003041422571357089

    vN Entropy at center bond b=80 = 2.451439795642
    Eigs at center bond b=80: 0.3752 0.1896 0.0943 0.0422 0.0398 0.0349 0.0257 0.0181 0.0142 0.0136 
    Largest link dim during sweep 110/1000 was 1800
    Largest truncation error: 1.289372657905382e-06
    Energy after sweep 110/1000 is -193.241714950672
    Sweep 110/1000 CPU time = 3h, 2m, 55s (Wall time = 3h, 6m, 4s)
    Energy change:-0.0003588907411256059
