1_Dn 5_Up 9_Dn 13_Up 17_Dn 21_Up 25_Dn 29_Up 2_Up 6_Dn 10_Up 14_Dn 18_Up 22_Dn 26_Up 30_Dn 3_Dn 7_Up 11_Dn 15_Up 19_Dn 23_Up 27_Dn 31_Up 4_Up 8_Dn 12_Up 16_Dn 20_Up 24_Dn 28_Up 32_Dn 33_Up 34_Up 35_Up 36_Up Initial energy=0
    vN Entropy at center bond b=80 = 0.003650764598
    Eigs at center bond b=80: 0.9996 
    Largest link dim during sweep 1/1000 was 10
    Largest truncation error: 0.001474234905996186
    Energy after sweep 1/1000 is -130.087932001528
    Sweep 1/1000 CPU time = 0.398s (Wall time = 0.406s)
    Energy change:-130.0879320015283

    vN Entropy at center bond b=80 = 0.541455438064
    Eigs at center bond b=80: 0.7742 0.2246 0.0011 
    Largest link dim during sweep 2/1000 was 20
    Largest truncation error: 0.003648481598651982
    Energy after sweep 2/1000 is -135.299783274433
    Sweep 2/1000 CPU time = 1.326s (Wall time = 1.334s)
    Energy change:-5.211851272904966

    vN Entropy at center bond b=80 = 0.631215887299
    Eigs at center bond b=80: 0.8135 0.1077 0.0720 0.0068 
    Largest link dim during sweep 3/1000 was 50
    Largest truncation error: 0.001392114366198132
    Energy after sweep 3/1000 is -139.083950075257
    Sweep 3/1000 CPU time = 2.538s (Wall time = 2.763s)
    Energy change:-3.784166800823868

    vN Entropy at center bond b=80 = 0.711924220314
    Eigs at center bond b=80: 0.5825 0.4123 0.0029 0.0021 
    Largest link dim during sweep 4/1000 was 100
    Largest truncation error: 0.0005745957774411986
    Energy after sweep 4/1000 is -141.746774365704
    Sweep 4/1000 CPU time = 4.693s (Wall time = 5.136s)
    Energy change:-2.66282429044648

    vN Entropy at center bond b=80 = 0.558067771066
    Eigs at center bond b=80: 0.8316 0.1328 0.0289 0.0065 
    Largest link dim during sweep 5/1000 was 200
    Largest truncation error: 0.0002462052857514004
    Energy after sweep 5/1000 is -143.575501536794
    Sweep 5/1000 CPU time = 11.70s (Wall time = 12.78s)
    Energy change:-1.828727171090748

    vN Entropy at center bond b=80 = 0.586502747853
    Eigs at center bond b=80: 0.8140 0.1507 0.0294 0.0058 
    Largest link dim during sweep 6/1000 was 400
    Largest truncation error: 8.216971936152135e-05
    Energy after sweep 6/1000 is -145.081286314039
    Sweep 6/1000 CPU time = 43.99s (Wall time = 46.56s)
    Energy change:-1.505784777244202

    vN Entropy at center bond b=80 = 0.699978003647
    Eigs at center bond b=80: 0.6413 0.3498 0.0057 0.0031 
    Largest link dim during sweep 7/1000 was 1000
    Largest truncation error: 1.85488576019174e-05
    Energy after sweep 7/1000 is -146.646899414226
    Sweep 7/1000 CPU time = 6m, 11.9s (Wall time = 6m, 22.1s)
    Energy change:-1.565613100187164

    vN Entropy at center bond b=80 = 0.626159499270
    Eigs at center bond b=80: 0.7448 0.2431 0.0083 0.0032 
    Largest link dim during sweep 8/1000 was 1800
    Largest truncation error: 5.62914145928985e-06
    Energy after sweep 8/1000 is -147.842631245354
    Sweep 8/1000 CPU time = 25m, 22s (Wall time = 25m, 54s)
    Energy change:-1.195731831128427

    vN Entropy at center bond b=80 = 0.581167149281
    Eigs at center bond b=80: 0.8377 0.0834 0.0714 0.0075 
    Largest link dim during sweep 9/1000 was 1800
    Largest truncation error: 1.000492408462702e-05
    Energy after sweep 9/1000 is -148.766248170318
    Sweep 9/1000 CPU time = 32m, 52s (Wall time = 33m, 31s)
    Energy change:-0.9236169249634543

    vN Entropy at center bond b=80 = 0.651694616865
    Eigs at center bond b=80: 0.7636 0.2073 0.0225 0.0065 
    Largest link dim during sweep 10/1000 was 1800
    Largest truncation error: 1.697528592604607e-06
    Energy after sweep 10/1000 is -149.616253702797
    Sweep 10/1000 CPU time = 30m, 60s (Wall time = 31m, 36s)
    Energy change:-0.8500055324796278

    vN Entropy at center bond b=80 = 0.763386899069
    Eigs at center bond b=80: 0.6261 0.3550 0.0065 0.0053 0.0044 0.0022 
    Largest link dim during sweep 11/1000 was 1800
    Largest truncation error: 9.696882248173769e-07
    Energy after sweep 11/1000 is -150.347119714157
    Sweep 11/1000 CPU time = 28m, 40s (Wall time = 29m, 13s)
    Energy change:-0.7308660113592964

    vN Entropy at center bond b=80 = 1.058089635987
    Eigs at center bond b=80: 0.4754 0.4128 0.0904 0.0097 0.0030 0.0023 0.0017 0.0013 
    Largest link dim during sweep 12/1000 was 1800
    Largest truncation error: 7.736453661056401e-07
    Energy after sweep 12/1000 is -151.012357088761
    Sweep 12/1000 CPU time = 25m, 7s (Wall time = 25m, 36s)
    Energy change:-0.6652373746046578

    vN Entropy at center bond b=80 = 1.340733855333
    Eigs at center bond b=80: 0.4290 0.3343 0.1541 0.0511 0.0114 0.0055 0.0049 0.0038 0.0013 0.0010 
    Largest link dim during sweep 13/1000 was 1800
    Largest truncation error: 9.375354999846869e-07
    Energy after sweep 13/1000 is -151.775448946229
    Sweep 13/1000 CPU time = 23m, 13s (Wall time = 23m, 38s)
    Energy change:-0.7630918574672876

    vN Entropy at center bond b=80 = 1.324305765422
    Eigs at center bond b=80: 0.4671 0.2612 0.2139 0.0213 0.0100 0.0057 0.0046 0.0041 0.0022 0.0021 
    Largest link dim during sweep 14/1000 was 1800
    Largest truncation error: 3.289426248103051e-06
    Energy after sweep 14/1000 is -152.353769077651
    Sweep 14/1000 CPU time = 25m, 13s (Wall time = 25m, 43s)
    Energy change:-0.5783201314222026

    vN Entropy at center bond b=80 = 1.301866871190
    Eigs at center bond b=80: 0.4803 0.3439 0.0892 0.0503 0.0084 0.0053 0.0035 0.0029 0.0025 0.0024 
    Largest link dim during sweep 15/1000 was 1754
    Largest truncation error: 7.548842407236746e-07
    Energy after sweep 15/1000 is -152.807471748867
    Sweep 15/1000 CPU time = 20m, 11s (Wall time = 20m, 33s)
    Energy change:-0.4537026712167176

    vN Entropy at center bond b=80 = 1.393246053783
    Eigs at center bond b=80: 0.4589 0.3087 0.1289 0.0611 0.0093 0.0073 0.0056 0.0052 0.0042 0.0020 
    Largest link dim during sweep 16/1000 was 1798
    Largest truncation error: 7.711797820702035e-07
    Energy after sweep 16/1000 is -153.233119997548
    Sweep 16/1000 CPU time = 15m, 22s (Wall time = 15m, 37s)
    Energy change:-0.4256482486804032

    vN Entropy at center bond b=80 = 1.374449573711
    Eigs at center bond b=80: 0.4407 0.2528 0.2413 0.0241 0.0111 0.0063 0.0043 0.0042 0.0027 0.0027 
    Largest link dim during sweep 17/1000 was 1714
    Largest truncation error: 7.989473580076009e-07
    Energy after sweep 17/1000 is -153.631652947358
    Sweep 17/1000 CPU time = 13m, 37s (Wall time = 13m, 49s)
    Energy change:-0.3985329498104875

    vN Entropy at center bond b=80 = 1.344653583086
    Eigs at center bond b=80: 0.4457 0.3713 0.0726 0.0696 0.0081 0.0066 0.0040 0.0032 0.0029 0.0025 
    Largest link dim during sweep 18/1000 was 1415
    Largest truncation error: 7.926739020183325e-07
    Energy after sweep 18/1000 is -153.926035084865
    Sweep 18/1000 CPU time = 10m, 36s (Wall time = 10m, 42s)
    Energy change:-0.2943821375062896

    vN Entropy at center bond b=80 = 1.429148290666
    Eigs at center bond b=80: 0.4579 0.2615 0.1935 0.0337 0.0118 0.0117 0.0063 0.0050 0.0034 0.0027 
    Largest link dim during sweep 19/1000 was 1206
    Largest truncation error: 7.36040943032543e-07
    Energy after sweep 19/1000 is -154.225143710470
    Sweep 19/1000 CPU time = 8m, 25.2s (Wall time = 8m, 29.1s)
    Energy change:-0.2991086256049016

    vN Entropy at center bond b=80 = 1.436009019479
    Eigs at center bond b=80: 0.4285 0.3115 0.1602 0.0546 0.0096 0.0076 0.0069 0.0044 0.0024 0.0020 
    Largest link dim during sweep 20/1000 was 1158
    Largest truncation error: 7.813871802275807e-07
    Energy after sweep 20/1000 is -154.495349458588
    Sweep 20/1000 CPU time = 7m, 55.6s (Wall time = 7m, 58.0s)
    Energy change:-0.2702057481182578

    vN Entropy at center bond b=80 = 1.422590741764
    Eigs at center bond b=80: 0.4328 0.3463 0.1208 0.0490 0.0083 0.0080 0.0071 0.0062 0.0039 0.0028 
    Largest link dim during sweep 21/1000 was 1084
    Largest truncation error: 6.931022854510711e-07
    Energy after sweep 21/1000 is -154.772769558715
    Sweep 21/1000 CPU time = 6m, 51.8s (Wall time = 6m, 53.3s)
    Energy change:-0.2774201001272161

    vN Entropy at center bond b=80 = 1.471271536787
    Eigs at center bond b=80: 0.4226 0.2756 0.2144 0.0256 0.0156 0.0136 0.0060 0.0031 0.0031 0.0030 
    Largest link dim during sweep 22/1000 was 1055
    Largest truncation error: 7.775719619450385e-07
    Energy after sweep 22/1000 is -155.013902429834
    Sweep 22/1000 CPU time = 6m, 17.5s (Wall time = 6m, 18.4s)
    Energy change:-0.2411328711188503

    vN Entropy at center bond b=80 = 1.480403879095
    Eigs at center bond b=80: 0.4194 0.3306 0.1079 0.0898 0.0129 0.0066 0.0066 0.0057 0.0033 0.0019 
    Largest link dim during sweep 23/1000 was 916
    Largest truncation error: 7.729670427121327e-07
    Energy after sweep 23/1000 is -155.215737510831
    Sweep 23/1000 CPU time = 5m, 5.4s (Wall time = 5m, 6.1s)
    Energy change:-0.2018350809967728

    vN Entropy at center bond b=80 = 1.452832431773
    Eigs at center bond b=80: 0.5103 0.2266 0.1580 0.0302 0.0250 0.0092 0.0076 0.0069 0.0063 0.0042 
    Largest link dim during sweep 24/1000 was 1147
    Largest truncation error: 8.479045230744333e-07
    Energy after sweep 24/1000 is -155.429205525961
    Sweep 24/1000 CPU time = 6m, 30.4s (Wall time = 6m, 31.4s)
    Energy change:-0.213468015130843

    vN Entropy at center bond b=80 = 1.506159118417
    Eigs at center bond b=80: 0.4035 0.3310 0.1568 0.0478 0.0159 0.0058 0.0049 0.0044 0.0039 0.0037 
    Largest link dim during sweep 25/1000 was 1025
    Largest truncation error: 8.40388565920346e-07
    Energy after sweep 25/1000 is -155.615638569360
    Sweep 25/1000 CPU time = 6m, 34.5s (Wall time = 6m, 35.5s)
    Energy change:-0.1864330433980967

    vN Entropy at center bond b=80 = 1.525949584729
    Eigs at center bond b=80: 0.4160 0.2796 0.1943 0.0435 0.0234 0.0062 0.0059 0.0059 0.0033 0.0028 
    Largest link dim during sweep 26/1000 was 1024
    Largest truncation error: 8.850340528923144e-07
    Energy after sweep 26/1000 is -155.772656705289
    Sweep 26/1000 CPU time = 5m, 29.4s (Wall time = 5m, 30.2s)
    Energy change:-0.1570181359292633

    vN Entropy at center bond b=80 = 1.470583643078
    Eigs at center bond b=80: 0.5752 0.1496 0.1259 0.0603 0.0223 0.0193 0.0116 0.0068 0.0041 0.0041 
    Largest link dim during sweep 27/1000 was 907
    Largest truncation error: 7.179974179721202e-07
    Energy after sweep 27/1000 is -155.882744528172
    Sweep 27/1000 CPU time = 5m, 22.8s (Wall time = 5m, 23.6s)
    Energy change:-0.1100878228832016

    vN Entropy at center bond b=80 = 1.536298438385
    Eigs at center bond b=80: 0.5375 0.1901 0.1239 0.0543 0.0220 0.0155 0.0120 0.0112 0.0051 0.0033 
    Largest link dim during sweep 28/1000 was 800
    Largest truncation error: 6.819686395867007e-07
    Energy after sweep 28/1000 is -155.969577142824
    Sweep 28/1000 CPU time = 5m, 40.7s (Wall time = 5m, 41.5s)
    Energy change:-0.08683261465191094

    vN Entropy at center bond b=80 = 1.613127029569
    Eigs at center bond b=80: 0.3848 0.3075 0.1871 0.0392 0.0141 0.0113 0.0077 0.0064 0.0051 0.0046 
    Largest link dim during sweep 29/1000 was 822
    Largest truncation error: 7.4784857991983e-07
    Energy after sweep 29/1000 is -156.028341347798
    Sweep 29/1000 CPU time = 6m, 36.9s (Wall time = 6m, 37.8s)
    Energy change:-0.05876420497412482

    vN Entropy at center bond b=80 = 1.621552409162
    Eigs at center bond b=80: 0.4771 0.2391 0.1327 0.0521 0.0319 0.0098 0.0056 0.0052 0.0052 0.0050 
    Largest link dim during sweep 30/1000 was 911
    Largest truncation error: 7.498656618929967e-07
    Energy after sweep 30/1000 is -156.072786842813
    Sweep 30/1000 CPU time = 7m, 56.8s (Wall time = 7m, 58.0s)
    Energy change:-0.04444549501479855

    vN Entropy at center bond b=80 = 1.637833760980
    Eigs at center bond b=80: 0.5656 0.1465 0.0722 0.0631 0.0512 0.0254 0.0166 0.0116 0.0049 0.0049 
    Largest link dim during sweep 31/1000 was 1022
    Largest truncation error: 7.448428152213906e-07
    Energy after sweep 31/1000 is -156.107406856295
    Sweep 31/1000 CPU time = 10m, 9s (Wall time = 10m, 12s)
    Energy change:-0.03462001348262334

    vN Entropy at center bond b=80 = 1.702991853076
    Eigs at center bond b=80: 0.5740 0.0968 0.0788 0.0597 0.0517 0.0336 0.0322 0.0208 0.0053 0.0045 
    Largest link dim during sweep 32/1000 was 1089
    Largest truncation error: 8.351393573133983e-07
    Energy after sweep 32/1000 is -156.136853298490
    Sweep 32/1000 CPU time = 13m, 0s (Wall time = 13m, 12s)
    Energy change:-0.02944644219462589

    vN Entropy at center bond b=80 = 1.769874945884
    Eigs at center bond b=80: 0.5368 0.0985 0.0895 0.0890 0.0622 0.0353 0.0199 0.0127 0.0059 0.0059 
    Largest link dim during sweep 33/1000 was 1147
    Largest truncation error: 8.453257470180725e-07
    Energy after sweep 33/1000 is -156.166928348211
    Sweep 33/1000 CPU time = 16m, 57s (Wall time = 17m, 18s)
    Energy change:-0.0300750497204092

    vN Entropy at center bond b=80 = 1.793722428105
    Eigs at center bond b=80: 0.4633 0.1863 0.1243 0.0960 0.0315 0.0204 0.0144 0.0079 0.0054 0.0051 
    Largest link dim during sweep 34/1000 was 1166
    Largest truncation error: 8.117705799409163e-07
    Energy after sweep 34/1000 is -156.194338275791
    Sweep 34/1000 CPU time = 20m, 10s (Wall time = 20m, 43s)
    Energy change:-0.02740992758040761

    vN Entropy at center bond b=80 = 1.809036321034
    Eigs at center bond b=80: 0.3606 0.2684 0.1932 0.0679 0.0145 0.0127 0.0112 0.0110 0.0105 0.0049 
    Largest link dim during sweep 35/1000 was 1334
    Largest truncation error: 7.753449042107191e-07
    Energy after sweep 35/1000 is -156.215838072318
    Sweep 35/1000 CPU time = 23m, 9s (Wall time = 23m, 46s)
    Energy change:-0.02149979652696743

    vN Entropy at center bond b=80 = 1.839398881358
    Eigs at center bond b=80: 0.2960 0.2756 0.2605 0.0402 0.0331 0.0128 0.0127 0.0082 0.0066 0.0050 
    Largest link dim during sweep 36/1000 was 1241
    Largest truncation error: 7.614966446822984e-07
    Energy after sweep 36/1000 is -156.231163433617
    Sweep 36/1000 CPU time = 24m, 21s (Wall time = 24m, 53s)
    Energy change:-0.0153253612994888

    vN Entropy at center bond b=80 = 1.888214075576
    Eigs at center bond b=80: 0.3542 0.2641 0.1895 0.0597 0.0223 0.0144 0.0129 0.0125 0.0100 0.0072 
    Largest link dim during sweep 37/1000 was 1331
    Largest truncation error: 7.419216023608782e-07
    Energy after sweep 37/1000 is -156.247642414966
    Sweep 37/1000 CPU time = 26m, 44s (Wall time = 27m, 21s)
    Energy change:-0.016478981348655

    vN Entropy at center bond b=80 = 1.910294713224
    Eigs at center bond b=80: 0.4480 0.1743 0.1505 0.0706 0.0376 0.0143 0.0134 0.0132 0.0098 0.0056 
    Largest link dim during sweep 38/1000 was 1355
    Largest truncation error: 7.879792943264215e-07
    Energy after sweep 38/1000 is -156.270569767036
    Sweep 38/1000 CPU time = 32m, 13s (Wall time = 33m, 1s)
    Energy change:-0.02292735206987118

    vN Entropy at center bond b=80 = 1.886306375265
    Eigs at center bond b=80: 0.5009 0.1273 0.1156 0.0677 0.0671 0.0157 0.0147 0.0135 0.0085 0.0057 
    Largest link dim during sweep 39/1000 was 1243
    Largest truncation error: 7.982023820353639e-07
    Energy after sweep 39/1000 is -156.284444093926
    Sweep 39/1000 CPU time = 34m, 10s (Wall time = 35m, 3s)
    Energy change:-0.01387432688991908

    vN Entropy at center bond b=80 = 1.902783227214
    Eigs at center bond b=80: 0.5082 0.1069 0.0956 0.0907 0.0720 0.0180 0.0154 0.0118 0.0102 0.0069 
    Largest link dim during sweep 40/1000 was 1247
    Largest truncation error: 7.193714501618411e-07
    Energy after sweep 40/1000 is -156.290621731890
    Sweep 40/1000 CPU time = 36m, 3s (Wall time = 36m, 55s)
    Energy change:-0.00617763796438453

    vN Entropy at center bond b=80 = 1.942585476324
    Eigs at center bond b=80: 0.4992 0.1074 0.0909 0.0871 0.0812 0.0204 0.0156 0.0110 0.0102 0.0085 
    Largest link dim during sweep 41/1000 was 1323
    Largest truncation error: 7.509698906262763e-07
    Energy after sweep 41/1000 is -156.293787039476
    Sweep 41/1000 CPU time = 38m, 6s (Wall time = 39m, 0s)
    Energy change:-0.00316530758573208

    vN Entropy at center bond b=80 = 2.016299921078
    Eigs at center bond b=80: 0.4775 0.1227 0.0944 0.0803 0.0757 0.0246 0.0155 0.0119 0.0115 0.0097 
    Largest link dim during sweep 42/1000 was 1476
    Largest truncation error: 7.567158778088839e-07
    Energy after sweep 42/1000 is -156.296236433371
    Sweep 42/1000 CPU time = 43m, 12s (Wall time = 44m, 10s)
    Energy change:-0.002449393894636387

    vN Entropy at center bond b=80 = 2.087864501818
    Eigs at center bond b=80: 0.4553 0.1322 0.1053 0.0755 0.0653 0.0283 0.0163 0.0151 0.0147 0.0115 
    Largest link dim during sweep 43/1000 was 1516
    Largest truncation error: 7.377901152035836e-07
    Energy after sweep 43/1000 is -156.297798295146
    Sweep 43/1000 CPU time = 47m, 6s (Wall time = 48m, 9s)
    Energy change:-0.001561861775343232

    vN Entropy at center bond b=80 = 2.151523597217
    Eigs at center bond b=80: 0.4347 0.1384 0.1138 0.0716 0.0575 0.0317 0.0210 0.0199 0.0146 0.0114 
    Largest link dim during sweep 44/1000 was 1533
    Largest truncation error: 7.615174424231114e-07
    Energy after sweep 44/1000 is -156.298982410611
    Sweep 44/1000 CPU time = 49m, 21s (Wall time = 50m, 23s)
    Energy change:-0.001184115465377999

    vN Entropy at center bond b=80 = 2.207983284333
    Eigs at center bond b=80: 0.4157 0.1428 0.1204 0.0681 0.0514 0.0347 0.0259 0.0250 0.0141 0.0112 
    Largest link dim during sweep 45/1000 was 1545
    Largest truncation error: 7.550505969557321e-07
    Energy after sweep 45/1000 is -156.300001624840
    Sweep 45/1000 CPU time = 50m, 26s (Wall time = 51m, 30s)
    Energy change:-0.00101921422864848

    vN Entropy at center bond b=80 = 2.259015556096
    Eigs at center bond b=80: 0.3979 0.1460 0.1256 0.0649 0.0464 0.0374 0.0309 0.0302 0.0136 0.0109 
    Largest link dim during sweep 46/1000 was 1553
    Largest truncation error: 7.384978079295185e-07
    Energy after sweep 46/1000 is -156.300962968566
    Sweep 46/1000 CPU time = 51m, 16s (Wall time = 52m, 20s)
    Energy change:-0.0009613437258622071

    vN Entropy at center bond b=80 = 2.306244250256
    Eigs at center bond b=80: 0.3809 0.1485 0.1296 0.0618 0.0421 0.0400 0.0360 0.0355 0.0131 0.0107 
    Largest link dim during sweep 47/1000 was 1561
    Largest truncation error: 7.187743794841996e-07
    Energy after sweep 47/1000 is -156.301897432155
    Sweep 47/1000 CPU time = 52m, 5s (Wall time = 53m, 15s)
    Energy change:-0.000934463589231882

    vN Entropy at center bond b=80 = 2.350981528510
    Eigs at center bond b=80: 0.3642 0.1506 0.1328 0.0587 0.0423 0.0411 0.0409 0.0382 0.0127 0.0116 
    Largest link dim during sweep 48/1000 was 1569
    Largest truncation error: 7.264447930289723e-07
    Energy after sweep 48/1000 is -156.302839944217
    Sweep 48/1000 CPU time = 53m, 4s (Wall time = 54m, 11s)
    Energy change:-0.0009425120614707794

    vN Entropy at center bond b=80 = 2.394441163904
    Eigs at center bond b=80: 0.3474 0.1524 0.1351 0.0555 0.0465 0.0464 0.0445 0.0346 0.0135 0.0133 
    Largest link dim during sweep 49/1000 was 1580
    Largest truncation error: 7.350082797117866e-07
    Energy after sweep 49/1000 is -156.303785905299
    Sweep 49/1000 CPU time = 54m, 6s (Wall time = 55m, 12s)
    Energy change:-0.0009459610820385933

    vN Entropy at center bond b=80 = 2.437042511999
    Eigs at center bond b=80: 0.3303 0.1540 0.1367 0.0524 0.0523 0.0520 0.0466 0.0313 0.0168 0.0151 
    Largest link dim during sweep 50/1000 was 1595
    Largest truncation error: 7.404564115009857e-07
    Energy after sweep 50/1000 is -156.304720025453
    Sweep 50/1000 CPU time = 55m, 18s (Wall time = 56m, 27s)
    Energy change:-0.0009341201544827982

    vN Entropy at center bond b=80 = 2.478632997147
    Eigs at center bond b=80: 0.3129 0.1552 0.1376 0.0585 0.0577 0.0490 0.0484 0.0281 0.0207 0.0170 
    Largest link dim during sweep 51/1000 was 1610
    Largest truncation error: 7.440699821831566e-07
    Energy after sweep 51/1000 is -156.305641785668
    Sweep 51/1000 CPU time = 56m, 36s (Wall time = 57m, 45s)
    Energy change:-0.0009217602152205018

    vN Entropy at center bond b=80 = 2.518800061554
    Eigs at center bond b=80: 0.2953 0.1562 0.1378 0.0649 0.0636 0.0501 0.0456 0.0252 0.0252 0.0191 
    Largest link dim during sweep 52/1000 was 1620
    Largest truncation error: 7.463885198542104e-07
    Energy after sweep 52/1000 is -156.306537676621
    Sweep 52/1000 CPU time = 57m, 51s (Wall time = 59m, 0s)
    Energy change:-0.0008958909531031622

    vN Entropy at center bond b=80 = 2.556611361361
    Eigs at center bond b=80: 0.2777 0.1568 0.1374 0.0714 0.0695 0.0515 0.0423 0.0302 0.0224 0.0213 
    Largest link dim during sweep 53/1000 was 1627
    Largest truncation error: 7.49001542530054e-07
    Energy after sweep 53/1000 is -156.307392065604
    Sweep 53/1000 CPU time = 58m, 53s (Wall time = 1h, 5s)
    Energy change:-0.0008543889822760775

    vN Entropy at center bond b=80 = 2.591255240250
    Eigs at center bond b=80: 0.2603 0.1572 0.1365 0.0779 0.0753 0.0526 0.0390 0.0358 0.0236 0.0199 
    Largest link dim during sweep 54/1000 was 1629
    Largest truncation error: 7.65949296250407e-07
    Energy after sweep 54/1000 is -156.308198782896
    Sweep 54/1000 CPU time = 59m, 38s (Wall time = 1h, 50s)
    Energy change:-0.0008067172924199895

    vN Entropy at center bond b=80 = 2.621993194924
    Eigs at center bond b=80: 0.2435 0.1574 0.1353 0.0842 0.0808 0.0533 0.0417 0.0359 0.0259 0.0176 
    Largest link dim during sweep 55/1000 was 1626
    Largest truncation error: 7.494470107451136e-07
    Energy after sweep 55/1000 is -156.308950819821
    Sweep 55/1000 CPU time = 59m, 44s (Wall time = 1h, 54s)
    Energy change:-0.0007520369251778902

    vN Entropy at center bond b=80 = 2.648187730631
    Eigs at center bond b=80: 0.2276 0.1572 0.1340 0.0902 0.0859 0.0537 0.0479 0.0330 0.0283 0.0155 
    Largest link dim during sweep 56/1000 was 1614
    Largest truncation error: 7.518395711763454e-07
    Energy after sweep 56/1000 is -156.309622433604
    Sweep 56/1000 CPU time = 59m, 35s (Wall time = 1h, 48s)
    Energy change:-0.0006716137823161716

    vN Entropy at center bond b=80 = 2.669649437232
    Eigs at center bond b=80: 0.2130 0.1568 0.1327 0.0957 0.0904 0.0541 0.0538 0.0307 0.0303 0.0137 
    Largest link dim during sweep 57/1000 was 1593
    Largest truncation error: 7.58335417298068e-07
    Energy after sweep 57/1000 is -156.310193357414
    Sweep 57/1000 CPU time = 58m, 51s (Wall time = 1h, 3s)
    Energy change:-0.0005709238109261605

    vN Entropy at center bond b=80 = 2.686529311519
    Eigs at center bond b=80: 0.2000 0.1561 0.1315 0.1006 0.0944 0.0601 0.0536 0.0328 0.0281 0.0122 
    Largest link dim during sweep 58/1000 was 1569
    Largest truncation error: 6.883696215125983e-07
    Energy after sweep 58/1000 is -156.310659837682
    Sweep 58/1000 CPU time = 56m, 50s (Wall time = 57m, 59s)
    Energy change:-0.0004664802671356938

    vN Entropy at center bond b=80 = 2.699232751321
    Eigs at center bond b=80: 0.1885 0.1554 0.1304 0.1049 0.0978 0.0657 0.0533 0.0348 0.0261 0.0109 
    Largest link dim during sweep 59/1000 was 1544
    Largest truncation error: 6.867474880862655e-07
    Energy after sweep 59/1000 is -156.311012086309
    Sweep 59/1000 CPU time = 54m, 59s (Wall time = 56m, 5s)
    Energy change:-0.0003522486277347525

    vN Entropy at center bond b=80 = 2.708440772623
    Eigs at center bond b=80: 0.1788 0.1544 0.1295 0.1087 0.1006 0.0709 0.0529 0.0365 0.0245 0.0105 
    Largest link dim during sweep 60/1000 was 1526
    Largest truncation error: 6.979381580237136e-07
    Energy after sweep 60/1000 is -156.311249166148
    Sweep 60/1000 CPU time = 53m, 6s (Wall time = 54m, 8s)
    Energy change:-0.0002370798386834849

    vN Entropy at center bond b=80 = 2.714985479491
    Eigs at center bond b=80: 0.1707 0.1534 0.1287 0.1119 0.1029 0.0755 0.0524 0.0379 0.0232 0.0105 
    Largest link dim during sweep 61/1000 was 1516
    Largest truncation error: 6.875592064698371e-07
    Energy after sweep 61/1000 is -156.311405755670
    Sweep 61/1000 CPU time = 51m, 18s (Wall time = 52m, 20s)
    Energy change:-0.0001565895223052394

    vN Entropy at center bond b=80 = 2.719643077767
    Eigs at center bond b=80: 0.1638 0.1523 0.1279 0.1148 0.1049 0.0796 0.0520 0.0391 0.0221 0.0110 
    Largest link dim during sweep 62/1000 was 1506
    Largest truncation error: 6.88891043771063e-07
    Energy after sweep 62/1000 is -156.311510259697
    Sweep 62/1000 CPU time = 49m, 43s (Wall time = 50m, 26s)
    Energy change:-0.0001045040265523767

    vN Entropy at center bond b=80 = 2.722972763499
    Eigs at center bond b=80: 0.1580 0.1513 0.1273 0.1172 0.1066 0.0832 0.0516 0.0401 0.0212 0.0114 
    Largest link dim during sweep 63/1000 was 1496
    Largest truncation error: 6.902191299434038e-07
    Energy after sweep 63/1000 is -156.311574907785
    Sweep 63/1000 CPU time = 48m, 23s (Wall time = 48m, 55s)
    Energy change:-6.464808785722198e-05

    vN Entropy at center bond b=80 = 2.725373441122
    Eigs at center bond b=80: 0.1531 0.1502 0.1267 0.1194 0.1081 0.0864 0.0513 0.0410 0.0204 0.0118 
    Largest link dim during sweep 64/1000 was 1487
    Largest truncation error: 6.884419121552846e-07
    Energy after sweep 64/1000 is -156.311614980768
    Sweep 64/1000 CPU time = 47m, 16s (Wall time = 47m, 42s)
    Energy change:-4.007298363717382e-05

    vN Entropy at center bond b=80 = 2.727113462207
    Eigs at center bond b=80: 0.1492 0.1489 0.1261 0.1212 0.1093 0.0892 0.0509 0.0417 0.0198 0.0121 
    Largest link dim during sweep 65/1000 was 1478
    Largest truncation error: 6.935369104130148e-07
    Energy after sweep 65/1000 is -156.311639735945
    Sweep 65/1000 CPU time = 46m, 23s (Wall time = 46m, 45s)
    Energy change:-2.475517658240278e-05

    vN Entropy at center bond b=80 = 2.728356615426
    Eigs at center bond b=80: 0.1483 0.1453 0.1256 0.1229 0.1104 0.0916 0.0506 0.0423 0.0193 0.0124 
    Largest link dim during sweep 66/1000 was 1471
    Largest truncation error: 6.937028794000867e-07
    Energy after sweep 66/1000 is -156.311652414776
    Sweep 66/1000 CPU time = 45m, 43s (Wall time = 46m, 6s)
    Energy change:-1.267883067157527e-05

    vN Entropy at center bond b=80 = 2.729274446600
    Eigs at center bond b=80: 0.1475 0.1423 0.1251 0.1243 0.1113 0.0938 0.0504 0.0428 0.0188 0.0126 
    Largest link dim during sweep 67/1000 was 1465
    Largest truncation error: 6.962500776563071e-07
    Energy after sweep 67/1000 is -156.311658707184
    Sweep 67/1000 CPU time = 45m, 11s (Wall time = 45m, 33s)
    Energy change:-6.292408500030433e-06

    Energy has converged -> stop the DMRG.
Final energy=0
Time=120890 sec
Nup =20 Ndown = 16L = 40 W = 4
