1_Dn 5_Up 9_Dn 13_Up 17_Dn 21_Up 2_Up 6_Dn 10_Up 14_Dn 18_Up 22_Dn 3_Dn 7_Up 11_Dn 15_Up 19_Dn 23_Up 4_Up 8_Dn 12_Up 16_Dn 20_Up 24_Dn 25_Up Initial energy=0
    vN Entropy at center bond b=80 = -0.000000000000
    Eigs at center bond b=80: 1.0000 
    Largest link dim during sweep 1/1000 was 10
    Largest truncation error: 0.0002598422998517897
    Energy after sweep 1/1000 is -95.446965159338
    Sweep 1/1000 CPU time = 0.318s (Wall time = 0.320s)
    Energy change:-95.44696515933768

    vN Entropy at center bond b=80 = 0.000609649564
    Eigs at center bond b=80: 0.9999 
    Largest link dim during sweep 2/1000 was 20
    Largest truncation error: 0.003431279742539633
    Energy after sweep 2/1000 is -97.443095645932
    Sweep 2/1000 CPU time = 0.950s (Wall time = 0.954s)
    Energy change:-1.996130486594694

    vN Entropy at center bond b=80 = 0.057270884755
    Eigs at center bond b=80: 0.9897 0.0103 
    Largest link dim during sweep 3/1000 was 50
    Largest truncation error: 0.001265148814442074
    Energy after sweep 3/1000 is -100.399290329480
    Sweep 3/1000 CPU time = 1.981s (Wall time = 2.126s)
    Energy change:-2.956194683547608

    vN Entropy at center bond b=80 = 0.326356777480
    Eigs at center bond b=80: 0.8994 0.1006 
    Largest link dim during sweep 4/1000 was 100
    Largest truncation error: 0.0007587301908401045
    Energy after sweep 4/1000 is -102.434466922077
    Sweep 4/1000 CPU time = 3.935s (Wall time = 4.333s)
    Energy change:-2.035176592596912

    vN Entropy at center bond b=80 = 0.586153464058
    Eigs at center bond b=80: 0.7271 0.2729 
    Largest link dim during sweep 5/1000 was 200
    Largest truncation error: 0.0002408973038676129
    Energy after sweep 5/1000 is -103.885502639849
    Sweep 5/1000 CPU time = 9.466s (Wall time = 10.33s)
    Energy change:-1.45103571777193

    vN Entropy at center bond b=80 = 0.692385571517
    Eigs at center bond b=80: 0.5195 0.4805 
    Largest link dim during sweep 6/1000 was 400
    Largest truncation error: 4.65258719747292e-05
    Energy after sweep 6/1000 is -105.044030756987
    Sweep 6/1000 CPU time = 32.86s (Wall time = 34.79s)
    Energy change:-1.158528117137934

    vN Entropy at center bond b=80 = 0.643057961814
    Eigs at center bond b=80: 0.6569 0.3431 
    Largest link dim during sweep 7/1000 was 1000
    Largest truncation error: 9.144725067414486e-06
    Energy after sweep 7/1000 is -105.963290865407
    Sweep 7/1000 CPU time = 3m, 23.4s (Wall time = 3m, 29.5s)
    Energy change:-0.9192601084197634

    vN Entropy at center bond b=80 = 0.502353177474
    Eigs at center bond b=80: 0.7986 0.2014 
    Largest link dim during sweep 8/1000 was 1800
    Largest truncation error: 1.00247870250308e-06
    Energy after sweep 8/1000 is -106.729447443091
    Sweep 8/1000 CPU time = 9m, 39.3s (Wall time = 9m, 54.1s)
    Energy change:-0.7661565776848107

    vN Entropy at center bond b=80 = 0.325195281653
    Eigs at center bond b=80: 0.8999 0.1001 
    Largest link dim during sweep 9/1000 was 1800
    Largest truncation error: 8.336314301833162e-07
    Energy after sweep 9/1000 is -107.477305330975
    Sweep 9/1000 CPU time = 12m, 2s (Wall time = 12m, 19s)
    Energy change:-0.7478578878840096

    vN Entropy at center bond b=80 = 0.173964088752
    Eigs at center bond b=80: 0.9584 0.0415 
    Largest link dim during sweep 10/1000 was 1561
    Largest truncation error: 9.179899136656004e-07
    Energy after sweep 10/1000 is -108.025531216431
    Sweep 10/1000 CPU time = 9m, 54.6s (Wall time = 10m, 9s)
    Energy change:-0.5482258854551958

    vN Entropy at center bond b=80 = 0.138138971455
    Eigs at center bond b=80: 0.9773 0.0111 0.0050 0.0032 0.0031 
    Largest link dim during sweep 11/1000 was 1335
    Largest truncation error: 8.633819445298115e-07
    Energy after sweep 11/1000 is -108.492520936018
    Sweep 11/1000 CPU time = 7m, 11.4s (Wall time = 7m, 22.3s)
    Energy change:-0.4669897195872608

    vN Entropy at center bond b=80 = 0.571620421600
    Eigs at center bond b=80: 0.8480 0.1079 0.0191 0.0189 0.0021 0.0016 0.0016 
    Largest link dim during sweep 12/1000 was 1190
    Largest truncation error: 8.541015602767206e-07
    Energy after sweep 12/1000 is -108.960517307567
    Sweep 12/1000 CPU time = 5m, 16.2s (Wall time = 5m, 24.5s)
    Energy change:-0.4679963715492335

    vN Entropy at center bond b=80 = 0.986038598796
    Eigs at center bond b=80: 0.4835 0.4445 0.0320 0.0313 0.0030 0.0030 
    Largest link dim during sweep 13/1000 was 1079
    Largest truncation error: 8.702294534812998e-07
    Energy after sweep 13/1000 is -109.382836887865
    Sweep 13/1000 CPU time = 4m, 2.2s (Wall time = 4m, 7.6s)
    Energy change:-0.4223195802981223

    vN Entropy at center bond b=80 = 0.731443977621
    Eigs at center bond b=80: 0.7928 0.1503 0.0203 0.0197 0.0043 0.0021 0.0021 0.0021 0.0021 0.0021 
    Largest link dim during sweep 14/1000 was 941
    Largest truncation error: 9.002969773923174e-07
    Energy after sweep 14/1000 is -109.752243020631
    Sweep 14/1000 CPU time = 3m, 2.7s (Wall time = 3m, 4.4s)
    Energy change:-0.3694061327659455

    vN Entropy at center bond b=80 = 0.686561986802
    Eigs at center bond b=80: 0.8462 0.0776 0.0197 0.0167 0.0165 0.0072 0.0049 0.0047 0.0018 0.0018 
    Largest link dim during sweep 15/1000 was 817
    Largest truncation error: 8.295502986197616e-07
    Energy after sweep 15/1000 is -110.101562771474
    Sweep 15/1000 CPU time = 2m, 16.8s (Wall time = 2m, 17.3s)
    Energy change:-0.3493197508431507

    vN Entropy at center bond b=80 = 1.013500515750
    Eigs at center bond b=80: 0.5435 0.3778 0.0320 0.0319 0.0034 0.0034 0.0028 0.0015 
    Largest link dim during sweep 16/1000 was 814
    Largest truncation error: 8.541204233452644e-07
    Energy after sweep 16/1000 is -110.385746046114
    Sweep 16/1000 CPU time = 1m, 59.6s (Wall time = 1m, 59.9s)
    Energy change:-0.2841832746395028

    vN Entropy at center bond b=80 = 0.771159355627
    Eigs at center bond b=80: 0.7843 0.1520 0.0210 0.0209 0.0049 0.0038 0.0027 0.0026 0.0024 0.0024 
    Largest link dim during sweep 17/1000 was 651
    Largest truncation error: 9.045890298190055e-07
    Energy after sweep 17/1000 is -110.712419581036
    Sweep 17/1000 CPU time = 1m, 28.4s (Wall time = 1m, 28.7s)
    Energy change:-0.3266735349222785

    vN Entropy at center bond b=80 = 0.784274689638
    Eigs at center bond b=80: 0.8149 0.0977 0.0220 0.0186 0.0186 0.0085 0.0055 0.0055 0.0023 0.0023 
    Largest link dim during sweep 18/1000 was 761
    Largest truncation error: 9.121218047309807e-07
    Energy after sweep 18/1000 is -110.949858177822
    Sweep 18/1000 CPU time = 1m, 18.2s (Wall time = 1m, 18.4s)
    Energy change:-0.2374385967856085

    vN Entropy at center bond b=80 = 1.044405635445
    Eigs at center bond b=80: 0.5143 0.4031 0.0322 0.0322 0.0038 0.0038 0.0032 0.0020 
    Largest link dim during sweep 19/1000 was 561
    Largest truncation error: 8.459486593986857e-07
    Energy after sweep 19/1000 is -111.155318199738
    Sweep 19/1000 CPU time = 1m, 12.4s (Wall time = 1m, 12.6s)
    Energy change:-0.2054600219161102

    vN Entropy at center bond b=80 = 0.868943718333
    Eigs at center bond b=80: 0.7329 0.1957 0.0242 0.0242 0.0043 0.0035 0.0031 0.0031 0.0024 0.0024 
    Largest link dim during sweep 20/1000 was 520
    Largest truncation error: 9.125727153647998e-07
    Energy after sweep 20/1000 is -111.331559845723
    Sweep 20/1000 CPU time = 58.91s (Wall time = 59.05s)
    Energy change:-0.1762416459853569

    vN Entropy at center bond b=80 = 0.760740452616
    Eigs at center bond b=80: 0.8361 0.0539 0.0459 0.0133 0.0133 0.0095 0.0095 0.0091 0.0018 0.0018 
    Largest link dim during sweep 21/1000 was 479
    Largest truncation error: 8.397966986139665e-07
    Energy after sweep 21/1000 is -111.488096633770
    Sweep 21/1000 CPU time = 50.33s (Wall time = 50.46s)
    Energy change:-0.156536788046779

    vN Entropy at center bond b=80 = 1.018298133357
    Eigs at center bond b=80: 0.6270 0.2867 0.0295 0.0295 0.0062 0.0056 0.0037 0.0037 0.0020 0.0020 
    Largest link dim during sweep 22/1000 was 407
    Largest truncation error: 8.432676476043843e-07
    Energy after sweep 22/1000 is -111.634506358038
    Sweep 22/1000 CPU time = 44.05s (Wall time = 44.16s)
    Energy change:-0.1464097242679401

    vN Entropy at center bond b=80 = 0.988715675062
    Eigs at center bond b=80: 0.6241 0.2983 0.0287 0.0287 0.0037 0.0037 0.0030 0.0015 0.0014 0.0012 
    Largest link dim during sweep 23/1000 was 394
    Largest truncation error: 8.11845440410365e-07
    Energy after sweep 23/1000 is -111.761818658388
    Sweep 23/1000 CPU time = 38.22s (Wall time = 38.32s)
    Energy change:-0.1273123003502548

    vN Entropy at center bond b=80 = 0.862995021041
    Eigs at center bond b=80: 0.8016 0.0829 0.0450 0.0138 0.0138 0.0109 0.0105 0.0105 0.0020 0.0020 
    Largest link dim during sweep 24/1000 was 296
    Largest truncation error: 8.111048463473182e-07
    Energy after sweep 24/1000 is -111.883205387678
    Sweep 24/1000 CPU time = 32.54s (Wall time = 32.63s)
    Energy change:-0.1213867292902933

    vN Entropy at center bond b=80 = 1.005953322918
    Eigs at center bond b=80: 0.6898 0.2144 0.0254 0.0254 0.0159 0.0088 0.0040 0.0040 0.0034 0.0034 
    Largest link dim during sweep 25/1000 was 254
    Largest truncation error: 7.929294719038579e-07
    Energy after sweep 25/1000 is -111.976986059330
    Sweep 25/1000 CPU time = 29.64s (Wall time = 29.72s)
    Energy change:-0.09378067165145865

    vN Entropy at center bond b=80 = 1.092505666195
    Eigs at center bond b=80: 0.4648 0.4480 0.0305 0.0305 0.0044 0.0041 0.0041 0.0032 0.0019 0.0011 
    Largest link dim during sweep 26/1000 was 244
    Largest truncation error: 9.123895660051657e-07
    Energy after sweep 26/1000 is -112.052712528864
    Sweep 26/1000 CPU time = 28.32s (Wall time = 28.39s)
    Energy change:-0.07572646953458673

    vN Entropy at center bond b=80 = 1.024273199652
    Eigs at center bond b=80: 0.6662 0.2438 0.0250 0.0249 0.0103 0.0077 0.0035 0.0035 0.0035 0.0035 
    Largest link dim during sweep 27/1000 was 214
    Largest truncation error: 8.904609028023579e-07
    Energy after sweep 27/1000 is -112.123763628575
    Sweep 27/1000 CPU time = 27.68s (Wall time = 27.75s)
    Energy change:-0.07105109971102763

    vN Entropy at center bond b=80 = 0.983362099488
    Eigs at center bond b=80: 0.7584 0.1093 0.0533 0.0157 0.0155 0.0134 0.0106 0.0106 0.0024 0.0024 
    Largest link dim during sweep 28/1000 was 198
    Largest truncation error: 9.384722591850935e-07
    Energy after sweep 28/1000 is -112.195058808450
    Sweep 28/1000 CPU time = 27.76s (Wall time = 27.84s)
    Energy change:-0.07129517987495149

    vN Entropy at center bond b=80 = 1.037603150582
    Eigs at center bond b=80: 0.7270 0.1447 0.0451 0.0192 0.0189 0.0145 0.0091 0.0082 0.0028 0.0028 
    Largest link dim during sweep 29/1000 was 188
    Largest truncation error: 8.78716788273746e-07
    Energy after sweep 29/1000 is -112.258931139683
    Sweep 29/1000 CPU time = 28.30s (Wall time = 28.38s)
    Energy change:-0.06387233123268743

    vN Entropy at center bond b=80 = 1.115982776823
    Eigs at center bond b=80: 0.6397 0.2506 0.0254 0.0241 0.0210 0.0127 0.0063 0.0045 0.0035 0.0034 
    Largest link dim during sweep 30/1000 was 191
    Largest truncation error: 8.796679519226261e-07
    Energy after sweep 30/1000 is -112.291141783523
    Sweep 30/1000 CPU time = 29.56s (Wall time = 29.64s)
    Energy change:-0.03221064384013061

    vN Entropy at center bond b=80 = 1.177897337294
    Eigs at center bond b=80: 0.5538 0.3381 0.0313 0.0260 0.0113 0.0106 0.0057 0.0037 0.0036 0.0030 
    Largest link dim during sweep 31/1000 was 210
    Largest truncation error: 8.766897121409894e-07
    Energy after sweep 31/1000 is -112.308601428215
    Sweep 31/1000 CPU time = 31.44s (Wall time = 31.52s)
    Energy change:-0.01745964469211003

    vN Entropy at center bond b=80 = 1.235834876658
    Eigs at center bond b=80: 0.4862 0.3953 0.0416 0.0259 0.0088 0.0069 0.0060 0.0051 0.0038 0.0037 
    Largest link dim during sweep 32/1000 was 225
    Largest truncation error: 8.163435710213495e-07
    Energy after sweep 32/1000 is -112.317741346829
    Sweep 32/1000 CPU time = 33.70s (Wall time = 33.79s)
    Energy change:-0.009139918613584541

    vN Entropy at center bond b=80 = 1.297157644463
    Eigs at center bond b=80: 0.4332 0.4283 0.0589 0.0249 0.0075 0.0066 0.0064 0.0062 0.0048 0.0042 
    Largest link dim during sweep 33/1000 was 246
    Largest truncation error: 8.150112206899209e-07
    Energy after sweep 33/1000 is -112.323087016394
    Sweep 33/1000 CPU time = 36.49s (Wall time = 36.59s)
    Energy change:-0.005345669565414823

    vN Entropy at center bond b=80 = 1.361694259158
    Eigs at center bond b=80: 0.4451 0.3897 0.0813 0.0236 0.0078 0.0076 0.0067 0.0066 0.0053 0.0044 
    Largest link dim during sweep 34/1000 was 257
    Largest truncation error: 8.030988974370917e-07
    Energy after sweep 34/1000 is -112.326193146940
    Sweep 34/1000 CPU time = 39.54s (Wall time = 39.65s)
    Energy change:-0.003106130545802444

    vN Entropy at center bond b=80 = 1.428160580091
    Eigs at center bond b=80: 0.4498 0.3534 0.1058 0.0221 0.0100 0.0088 0.0081 0.0070 0.0061 0.0059 
    Largest link dim during sweep 35/1000 was 261
    Largest truncation error: 9.093498864810176e-07
    Energy after sweep 35/1000 is -112.328271747059
    Sweep 35/1000 CPU time = 41.72s (Wall time = 41.83s)
    Energy change:-0.0020786001185229

    vN Entropy at center bond b=80 = 1.486964688930
    Eigs at center bond b=80: 0.4470 0.3247 0.1283 0.0207 0.0179 0.0094 0.0084 0.0071 0.0067 0.0053 
    Largest link dim during sweep 36/1000 was 264
    Largest truncation error: 8.431217512630839e-07
    Energy after sweep 36/1000 is -112.329636398440
    Sweep 36/1000 CPU time = 43.12s (Wall time = 43.23s)
    Energy change:-0.001364651380882265

    vN Entropy at center bond b=80 = 1.538300911168
    Eigs at center bond b=80: 0.4395 0.3012 0.1490 0.0273 0.0195 0.0097 0.0086 0.0073 0.0071 0.0049 
    Largest link dim during sweep 37/1000 was 261
    Largest truncation error: 8.659412078298965e-07
    Energy after sweep 37/1000 is -112.330568451168
    Sweep 37/1000 CPU time = 44.07s (Wall time = 44.18s)
    Energy change:-0.0009320527285154867

    vN Entropy at center bond b=80 = 1.578046695374
    Eigs at center bond b=80: 0.4307 0.2827 0.1665 0.0364 0.0185 0.0098 0.0086 0.0074 0.0074 0.0046 
    Largest link dim during sweep 38/1000 was 261
    Largest truncation error: 8.479062287756832e-07
    Energy after sweep 38/1000 is -112.331234881868
    Sweep 38/1000 CPU time = 44.41s (Wall time = 44.53s)
    Energy change:-0.0006664307004058401

    vN Entropy at center bond b=80 = 1.609827225370
    Eigs at center bond b=80: 0.4217 0.2675 0.1813 0.0452 0.0176 0.0098 0.0086 0.0076 0.0075 0.0043 
    Largest link dim during sweep 39/1000 was 262
    Largest truncation error: 8.120476396710947e-07
    Energy after sweep 39/1000 is -112.331776467291
    Sweep 39/1000 CPU time = 44.53s (Wall time = 44.64s)
    Energy change:-0.0005415854220700567

    vN Entropy at center bond b=80 = 1.636477047511
    Eigs at center bond b=80: 0.4126 0.2542 0.1948 0.0538 0.0169 0.0097 0.0086 0.0077 0.0076 0.0047 
    Largest link dim during sweep 40/1000 was 260
    Largest truncation error: 8.668170736961163e-07
    Energy after sweep 40/1000 is -112.332211857390
    Sweep 40/1000 CPU time = 44.81s (Wall time = 44.92s)
    Energy change:-0.0004353900998523841

    vN Entropy at center bond b=80 = 1.658004085846
    Eigs at center bond b=80: 0.4035 0.2428 0.2069 0.0617 0.0162 0.0096 0.0085 0.0078 0.0077 0.0050 
    Largest link dim during sweep 41/1000 was 263
    Largest truncation error: 8.86755004701798e-07
    Energy after sweep 41/1000 is -112.332585374240
    Sweep 41/1000 CPU time = 45.10s (Wall time = 45.22s)
    Energy change:-0.000373516849450084

    vN Entropy at center bond b=80 = 1.675978090168
    Eigs at center bond b=80: 0.3948 0.2329 0.2177 0.0693 0.0156 0.0096 0.0084 0.0079 0.0077 0.0053 
    Largest link dim during sweep 42/1000 was 262
    Largest truncation error: 8.984865273104029e-07
    Energy after sweep 42/1000 is -112.332861016199
    Sweep 42/1000 CPU time = 45.77s (Wall time = 45.89s)
    Energy change:-0.0002756419588507697

    vN Entropy at center bond b=80 = 1.689784643072
    Eigs at center bond b=80: 0.3872 0.2269 0.2245 0.0758 0.0151 0.0094 0.0083 0.0079 0.0078 0.0058 
    Largest link dim during sweep 43/1000 was 261
    Largest truncation error: 8.937017183021786e-07
    Energy after sweep 43/1000 is -112.333063929052
    Sweep 43/1000 CPU time = 46.12s (Wall time = 46.24s)
    Energy change:-0.0002029128535525615

    vN Entropy at center bond b=80 = 1.701186281003
    Eigs at center bond b=80: 0.3802 0.2350 0.2171 0.0818 0.0146 0.0093 0.0082 0.0079 0.0079 0.0062 
    Largest link dim during sweep 44/1000 was 260
    Largest truncation error: 9.037759190141419e-07
    Energy after sweep 44/1000 is -112.333323189013
    Sweep 44/1000 CPU time = 46.55s (Wall time = 46.67s)
    Energy change:-0.0002592599607851298

    vN Entropy at center bond b=80 = 1.711365254994
    Eigs at center bond b=80: 0.3733 0.2425 0.2102 0.0878 0.0142 0.0092 0.0081 0.0079 0.0079 0.0066 
    Largest link dim during sweep 45/1000 was 261
    Largest truncation error: 8.000769888401077e-07
    Energy after sweep 45/1000 is -112.333508270674
    Sweep 45/1000 CPU time = 46.84s (Wall time = 46.96s)
    Energy change:-0.0001850816613568895

    vN Entropy at center bond b=80 = 1.719683387579
    Eigs at center bond b=80: 0.3670 0.2493 0.2041 0.0933 0.0138 0.0091 0.0080 0.0079 0.0079 0.0069 
    Largest link dim during sweep 46/1000 was 262
    Largest truncation error: 7.980807663465549e-07
    Energy after sweep 46/1000 is -112.333650774303
    Sweep 46/1000 CPU time = 47.04s (Wall time = 47.16s)
    Energy change:-0.0001425036289788295

    vN Entropy at center bond b=80 = 1.726267489334
    Eigs at center bond b=80: 0.3613 0.2554 0.1987 0.0982 0.0135 0.0090 0.0080 0.0079 0.0079 0.0073 
    Largest link dim during sweep 47/1000 was 261
    Largest truncation error: 7.984521521917363e-07
    Energy after sweep 47/1000 is -112.333786460559
    Sweep 47/1000 CPU time = 47.13s (Wall time = 47.25s)
    Energy change:-0.0001356862553478777

    vN Entropy at center bond b=80 = 1.731946300009
    Eigs at center bond b=80: 0.3559 0.2610 0.1939 0.1027 0.0132 0.0089 0.0080 0.0079 0.0079 0.0076 
    Largest link dim during sweep 48/1000 was 268
    Largest truncation error: 8.501802503594784e-07
    Energy after sweep 48/1000 is -112.333925950043
    Sweep 48/1000 CPU time = 47.35s (Wall time = 47.48s)
    Energy change:-0.0001394894839421568

    vN Entropy at center bond b=80 = 1.736784999918
    Eigs at center bond b=80: 0.3511 0.2658 0.1896 0.1069 0.0129 0.0088 0.0080 0.0078 0.0078 0.0078 
    Largest link dim during sweep 49/1000 was 267
    Largest truncation error: 8.422095553727552e-07
    Energy after sweep 49/1000 is -112.334018584558
    Sweep 49/1000 CPU time = 47.60s (Wall time = 47.72s)
    Energy change:-9.263451561025704e-05

    vN Entropy at center bond b=80 = 1.740520042473
    Eigs at center bond b=80: 0.3470 0.2698 0.1860 0.1104 0.0127 0.0087 0.0081 0.0080 0.0078 0.0077 
    Largest link dim during sweep 50/1000 was 266
    Largest truncation error: 8.432373387788883e-07
    Energy after sweep 50/1000 is -112.334095946069
    Sweep 50/1000 CPU time = 47.59s (Wall time = 47.72s)
    Energy change:-7.736151114556833e-05

    vN Entropy at center bond b=80 = 1.743495263333
    Eigs at center bond b=80: 0.3434 0.2734 0.1828 0.1135 0.0125 0.0086 0.0083 0.0081 0.0078 0.0077 
    Largest link dim during sweep 51/1000 was 266
    Largest truncation error: 8.387728643244158e-07
    Energy after sweep 51/1000 is -112.334167791943
    Sweep 51/1000 CPU time = 47.79s (Wall time = 47.91s)
    Energy change:-7.184587384756469e-05

    vN Entropy at center bond b=80 = 1.745848185802
    Eigs at center bond b=80: 0.3403 0.2766 0.1800 0.1162 0.0123 0.0086 0.0084 0.0081 0.0078 0.0076 
    Largest link dim during sweep 52/1000 was 266
    Largest truncation error: 8.354715342259188e-07
    Energy after sweep 52/1000 is -112.334230876990
    Sweep 52/1000 CPU time = 48.04s (Wall time = 48.16s)
    Energy change:-6.308504642049684e-05

    vN Entropy at center bond b=80 = 1.747852811572
    Eigs at center bond b=80: 0.3376 0.2792 0.1776 0.1186 0.0122 0.0086 0.0085 0.0081 0.0078 0.0076 
    Largest link dim during sweep 53/1000 was 267
    Largest truncation error: 8.331474604852405e-07
    Energy after sweep 53/1000 is -112.334290787896
    Sweep 53/1000 CPU time = 48.19s (Wall time = 48.32s)
    Energy change:-5.991090634438478e-05

    vN Entropy at center bond b=80 = 1.749499069022
    Eigs at center bond b=80: 0.3352 0.2815 0.1756 0.1207 0.0120 0.0087 0.0085 0.0081 0.0078 0.0076 
    Largest link dim during sweep 54/1000 was 267
    Largest truncation error: 8.318899112250664e-07
    Energy after sweep 54/1000 is -112.334321663035
    Sweep 54/1000 CPU time = 48.18s (Wall time = 48.30s)
    Energy change:-3.087513906052664e-05

    vN Entropy at center bond b=80 = 1.750742740495
    Eigs at center bond b=80: 0.3332 0.2834 0.1740 0.1224 0.0119 0.0088 0.0084 0.0081 0.0078 0.0076 
    Largest link dim during sweep 55/1000 was 268
    Largest truncation error: 8.304465794836719e-07
    Energy after sweep 55/1000 is -112.334343742502
    Sweep 55/1000 CPU time = 48.31s (Wall time = 48.43s)
    Energy change:-2.207946678822736e-05

    vN Entropy at center bond b=80 = 1.751712538705
    Eigs at center bond b=80: 0.3316 0.2849 0.1726 0.1238 0.0118 0.0089 0.0084 0.0081 0.0078 0.0075 
    Largest link dim during sweep 56/1000 was 268
    Largest truncation error: 8.290438170541399e-07
    Energy after sweep 56/1000 is -112.334364039158
    Sweep 56/1000 CPU time = 48.27s (Wall time = 48.40s)
    Energy change:-2.029665634495359e-05

    vN Entropy at center bond b=80 = 1.752487851073
    Eigs at center bond b=80: 0.3303 0.2861 0.1714 0.1250 0.0118 0.0090 0.0083 0.0081 0.0078 0.0075 
    Largest link dim during sweep 57/1000 was 268
    Largest truncation error: 8.277875753388016e-07
    Energy after sweep 57/1000 is -112.334375583956
    Sweep 57/1000 CPU time = 48.31s (Wall time = 48.44s)
    Energy change:-1.154479758724847e-05

    vN Entropy at center bond b=80 = 1.753114426401
    Eigs at center bond b=80: 0.3291 0.2873 0.1704 0.1261 0.0117 0.0091 0.0083 0.0081 0.0078 0.0075 
    Largest link dim during sweep 58/1000 was 268
    Largest truncation error: 8.265436305389849e-07
    Energy after sweep 58/1000 is -112.334393930858
    Sweep 58/1000 CPU time = 48.31s (Wall time = 48.44s)
    Energy change:-1.834690222324298e-05

    vN Entropy at center bond b=80 = 1.753664522369
    Eigs at center bond b=80: 0.3281 0.2883 0.1694 0.1270 0.0116 0.0091 0.0083 0.0081 0.0078 0.0075 
    Largest link dim during sweep 59/1000 was 268
    Largest truncation error: 8.253699560603561e-07
    Energy after sweep 59/1000 is -112.334405435971
    Sweep 59/1000 CPU time = 48.15s (Wall time = 48.28s)
    Energy change:-1.150511324965464e-05

    vN Entropy at center bond b=80 = 1.754143833339
    Eigs at center bond b=80: 0.3271 0.2892 0.1686 0.1279 0.0116 0.0092 0.0083 0.0081 0.0078 0.0075 
    Largest link dim during sweep 60/1000 was 268
    Largest truncation error: 8.243987884074965e-07
    Energy after sweep 60/1000 is -112.334419071430
    Sweep 60/1000 CPU time = 47.88s (Wall time = 48.00s)
    Energy change:-1.363545841570613e-05

    vN Entropy at center bond b=80 = 1.754546245191
    Eigs at center bond b=80: 0.3264 0.2899 0.1679 0.1286 0.0115 0.0092 0.0082 0.0081 0.0078 0.0075 
    Largest link dim during sweep 61/1000 was 268
    Largest truncation error: 8.236046396310888e-07
    Energy after sweep 61/1000 is -112.334426410311
    Sweep 61/1000 CPU time = 47.91s (Wall time = 48.03s)
    Energy change:-7.338880891438748e-06

    Energy has converged -> stop the DMRG.
Final energy=0
Time=5700 sec
Nup =13 Ndown = 12L = 40 W = 4
