1_Dn 4_Up 7_Dn 10_Up 13_Dn 16_Up 19_Dn 22_Up 25_Dn 28_Up 31_Dn 34_Up 37_Dn 40_Up 43_Dn 2_Up 5_Dn 8_Up 11_Dn 14_Up 17_Dn 20_Up 23_Dn 26_Up 29_Dn 32_Up 35_Dn 38_Up 41_Dn 44_Up 3_Dn 6_Up 9_Dn 12_Up 15_Dn 18_Up 21_Dn 24_Up 27_Dn 30_Up 33_Dn 36_Up 39_Dn 42_Up 45_Up Initial energy=0
    vN Entropy at center bond b=60 = -0.000000000000
    Eigs at center bond b=60: 1.0000 
    Largest link dim during sweep 1/1000 was 10
    Largest truncation error: 0.004141296040477
    Energy after sweep 1/1000 is -171.348945209842
    Sweep 1/1000 CPU time = 0.489s (Wall time = 0.495s)
    Energy change:-171.3489452098421

    vN Entropy at center bond b=60 = -0.000000000000
    Eigs at center bond b=60: 1.0000 
    Largest link dim during sweep 2/1000 was 20
    Largest truncation error: 0.002775646828310279
    Energy after sweep 2/1000 is -177.452714473666
    Sweep 2/1000 CPU time = 1.808s (Wall time = 1.944s)
    Energy change:-6.103769263823551

    vN Entropy at center bond b=60 = 0.000091095636
    Eigs at center bond b=60: 1.0000 
    Largest link dim during sweep 3/1000 was 50
    Largest truncation error: 0.0009175359808000471
    Energy after sweep 3/1000 is -181.045320945894
    Sweep 3/1000 CPU time = 3.400s (Wall time = 3.726s)
    Energy change:-3.592606472227942

    vN Entropy at center bond b=60 = 0.042881790267
    Eigs at center bond b=60: 0.9941 0.0023 0.0019 0.0017 
    Largest link dim during sweep 4/1000 was 100
    Largest truncation error: 0.0001472168368536339
    Energy after sweep 4/1000 is -182.524359360031
    Sweep 4/1000 CPU time = 6.397s (Wall time = 6.940s)
    Energy change:-1.479038414137079

    vN Entropy at center bond b=60 = 0.873007708315
    Eigs at center bond b=60: 0.6586 0.2743 0.0318 0.0317 0.0017 0.0015 
    Largest link dim during sweep 5/1000 was 200
    Largest truncation error: 4.381461481029897e-05
    Energy after sweep 5/1000 is -183.703654446131
    Sweep 5/1000 CPU time = 13.31s (Wall time = 14.40s)
    Energy change:-1.179295086100467

    vN Entropy at center bond b=60 = 0.659276118306
    Eigs at center bond b=60: 0.8261 0.1192 0.0206 0.0201 0.0030 0.0025 0.0024 0.0019 0.0012 0.0012 
    Largest link dim during sweep 6/1000 was 400
    Largest truncation error: 1.700792111700804e-05
    Energy after sweep 6/1000 is -184.670989190036
    Sweep 6/1000 CPU time = 42.36s (Wall time = 44.98s)
    Energy change:-0.9673347439050133

    vN Entropy at center bond b=60 = 0.841640781971
    Eigs at center bond b=60: 0.7453 0.1791 0.0287 0.0285 0.0051 0.0042 0.0018 0.0017 0.0016 0.0015 
    Largest link dim during sweep 7/1000 was 1000
    Largest truncation error: 2.230148983843803e-06
    Energy after sweep 7/1000 is -185.379126829530
    Sweep 7/1000 CPU time = 2m, 19.2s (Wall time = 2m, 24.1s)
    Energy change:-0.708137639493799

    vN Entropy at center bond b=60 = 0.794051006956
    Eigs at center bond b=60: 0.7552 0.1800 0.0263 0.0261 0.0029 0.0017 0.0017 0.0014 0.0014 
    Largest link dim during sweep 8/1000 was 1459
    Largest truncation error: 9.136859657071489e-07
    Energy after sweep 8/1000 is -186.080572922591
    Sweep 8/1000 CPU time = 3m, 33.9s (Wall time = 3m, 40.4s)
    Energy change:-0.7014460930606958

    vN Entropy at center bond b=60 = 0.661861383596
    Eigs at center bond b=60: 0.8512 0.0764 0.0198 0.0197 0.0116 0.0078 0.0043 0.0043 0.0011 0.0011 
    Largest link dim during sweep 9/1000 was 1539
    Largest truncation error: 8.597173535142637e-07
    Energy after sweep 9/1000 is -186.695209988269
    Sweep 9/1000 CPU time = 3m, 38.2s (Wall time = 3m, 44.5s)
    Energy change:-0.614637065678636

    vN Entropy at center bond b=60 = 1.013306806480
    Eigs at center bond b=60: 0.5213 0.3973 0.0356 0.0356 0.0023 0.0023 0.0014 0.0012 0.0012 
    Largest link dim during sweep 10/1000 was 1492
    Largest truncation error: 8.471870188731217e-07
    Energy after sweep 10/1000 is -187.324347059144
    Sweep 10/1000 CPU time = 3m, 39.5s (Wall time = 3m, 46.0s)
    Energy change:-0.6291370708745774

    vN Entropy at center bond b=60 = 0.611036965586
    Eigs at center bond b=60: 0.8703 0.0637 0.0147 0.0147 0.0113 0.0069 0.0066 0.0066 0.0012 0.0012 
    Largest link dim during sweep 11/1000 was 1389
    Largest truncation error: 8.799894568879441e-07
    Energy after sweep 11/1000 is -188.033710396334
    Sweep 11/1000 CPU time = 3m, 33.9s (Wall time = 3m, 40.9s)
    Energy change:-0.7093633371896715

    vN Entropy at center bond b=60 = 0.830509340538
    Eigs at center bond b=60: 0.7630 0.1586 0.0281 0.0281 0.0059 0.0051 0.0023 0.0022 0.0019 0.0019 
    Largest link dim during sweep 12/1000 was 1320
    Largest truncation error: 8.421480620754984e-07
    Energy after sweep 12/1000 is -188.579854020143
    Sweep 12/1000 CPU time = 2m, 49.5s (Wall time = 2m, 54.6s)
    Energy change:-0.5461436238091153

    vN Entropy at center bond b=60 = 0.908016039900
    Eigs at center bond b=60: 0.6887 0.2359 0.0301 0.0300 0.0033 0.0022 0.0022 0.0014 0.0014 0.0011 
    Largest link dim during sweep 13/1000 was 1210
    Largest truncation error: 8.435821849542686e-07
    Energy after sweep 13/1000 is -189.289715637292
    Sweep 13/1000 CPU time = 2m, 24.9s (Wall time = 2m, 29.2s)
    Energy change:-0.7098616171498406

    vN Entropy at center bond b=60 = 0.707740810140
    Eigs at center bond b=60: 0.8490 0.0611 0.0233 0.0175 0.0175 0.0102 0.0072 0.0072 0.0014 0.0014 
    Largest link dim during sweep 14/1000 was 1062
    Largest truncation error: 8.502460147517862e-07
    Energy after sweep 14/1000 is -189.781445417216
    Sweep 14/1000 CPU time = 2m, 9.8s (Wall time = 2m, 13.4s)
    Energy change:-0.4917297799233324

    vN Entropy at center bond b=60 = 1.052242117569
    Eigs at center bond b=60: 0.4834 0.4302 0.0356 0.0355 0.0029 0.0029 0.0026 0.0013 0.0013 0.0011 
    Largest link dim during sweep 15/1000 was 1053
    Largest truncation error: 8.203326719561046e-07
    Energy after sweep 15/1000 is -190.235721260534
    Sweep 15/1000 CPU time = 1m, 47.6s (Wall time = 1m, 50.7s)
    Energy change:-0.4542758433183849

    vN Entropy at center bond b=60 = 0.803445685829
    Eigs at center bond b=60: 0.8046 0.1115 0.0202 0.0201 0.0129 0.0092 0.0062 0.0062 0.0020 0.0020 
    Largest link dim during sweep 16/1000 was 890
    Largest truncation error: 8.4708168656799e-07
    Energy after sweep 16/1000 is -190.699711320827
    Sweep 16/1000 CPU time = 1m, 36.7s (Wall time = 1m, 37.6s)
    Energy change:-0.4639900602930425

    vN Entropy at center bond b=60 = 0.903204674818
    Eigs at center bond b=60: 0.7574 0.1491 0.0252 0.0251 0.0140 0.0098 0.0048 0.0047 0.0024 0.0024 
    Largest link dim during sweep 17/1000 was 906
    Largest truncation error: 8.585499351503738e-07
    Energy after sweep 17/1000 is -191.080879275409
    Sweep 17/1000 CPU time = 1m, 23.0s (Wall time = 1m, 23.6s)
    Energy change:-0.3811679545819118

    vN Entropy at center bond b=60 = 1.064534286634
    Eigs at center bond b=60: 0.5442 0.3678 0.0337 0.0329 0.0032 0.0032 0.0031 0.0021 0.0015 0.0013 
    Largest link dim during sweep 18/1000 was 978
    Largest truncation error: 8.854250811637579e-07
    Energy after sweep 18/1000 is -191.440549061268
    Sweep 18/1000 CPU time = 1m, 11.2s (Wall time = 1m, 11.4s)
    Energy change:-0.359669785858415

    vN Entropy at center bond b=60 = 0.872471767700
    Eigs at center bond b=60: 0.8016 0.0833 0.0365 0.0170 0.0159 0.0130 0.0109 0.0107 0.0019 0.0019 
    Largest link dim during sweep 19/1000 was 846
    Largest truncation error: 8.183544519493911e-07
    Energy after sweep 19/1000 is -191.880175632661
    Sweep 19/1000 CPU time = 1m, 17.9s (Wall time = 1m, 18.2s)
    Energy change:-0.4396265713934326

    vN Entropy at center bond b=60 = 1.019850358175
    Eigs at center bond b=60: 0.6794 0.2229 0.0293 0.0283 0.0110 0.0090 0.0043 0.0036 0.0031 0.0031 
    Largest link dim during sweep 20/1000 was 882
    Largest truncation error: 8.228814131158772e-07
    Energy after sweep 20/1000 is -192.242103913042
    Sweep 20/1000 CPU time = 1m, 28.6s (Wall time = 1m, 28.9s)
    Energy change:-0.3619282803809654

    vN Entropy at center bond b=60 = 1.055998644125
    Eigs at center bond b=60: 0.6087 0.3004 0.0329 0.0301 0.0049 0.0033 0.0033 0.0032 0.0020 0.0020 
    Largest link dim during sweep 21/1000 was 761
    Largest truncation error: 8.1380332734673e-07
    Energy after sweep 21/1000 is -192.593099876133
    Sweep 21/1000 CPU time = 1m, 30.5s (Wall time = 1m, 30.9s)
    Energy change:-0.3509959630913215

    vN Entropy at center bond b=60 = 0.929811313640
    Eigs at center bond b=60: 0.7857 0.0871 0.0423 0.0184 0.0158 0.0144 0.0120 0.0114 0.0021 0.0021 
    Largest link dim during sweep 22/1000 was 885
    Largest truncation error: 8.139078331412077e-07
    Energy after sweep 22/1000 is -192.841263451411
    Sweep 22/1000 CPU time = 1m, 46.4s (Wall time = 1m, 48.4s)
    Energy change:-0.2481635752780278

    vN Entropy at center bond b=60 = 1.038230203366
    Eigs at center bond b=60: 0.7094 0.1773 0.0268 0.0247 0.0219 0.0127 0.0076 0.0058 0.0030 0.0029 
    Largest link dim during sweep 23/1000 was 867
    Largest truncation error: 8.370289343202751e-07
    Energy after sweep 23/1000 is -193.015255250046
    Sweep 23/1000 CPU time = 1m, 46.7s (Wall time = 1m, 48.8s)
    Energy change:-0.1739917986348303

    vN Entropy at center bond b=60 = 1.148922732277
    Eigs at center bond b=60: 0.4885 0.4111 0.0354 0.0309 0.0058 0.0049 0.0039 0.0038 0.0026 0.0021 
    Largest link dim during sweep 24/1000 was 893
    Largest truncation error: 7.650445361085227e-07
    Energy after sweep 24/1000 is -193.177836353002
    Sweep 24/1000 CPU time = 1m, 42.3s (Wall time = 1m, 44.5s)
    Energy change:-0.1625811029562101

    vN Entropy at center bond b=60 = 1.095651549592
    Eigs at center bond b=60: 0.6603 0.2324 0.0304 0.0252 0.0126 0.0096 0.0050 0.0047 0.0037 0.0036 
    Largest link dim during sweep 25/1000 was 860
    Largest truncation error: 7.697063515429227e-07
    Energy after sweep 25/1000 is -193.313089934445
    Sweep 25/1000 CPU time = 1m, 38.7s (Wall time = 1m, 40.3s)
    Energy change:-0.1352535814431519

    vN Entropy at center bond b=60 = 1.086803148998
    Eigs at center bond b=60: 0.7374 0.1001 0.0641 0.0200 0.0163 0.0154 0.0145 0.0131 0.0027 0.0027 
    Largest link dim during sweep 26/1000 was 771
    Largest truncation error: 7.633667762600034e-07
    Energy after sweep 26/1000 is -193.421874895401
    Sweep 26/1000 CPU time = 1m, 31.9s (Wall time = 1m, 33.1s)
    Energy change:-0.1087849609551768

    vN Entropy at center bond b=60 = 1.170490265526
    Eigs at center bond b=60: 0.6727 0.1869 0.0375 0.0261 0.0226 0.0149 0.0107 0.0076 0.0037 0.0036 
    Largest link dim during sweep 27/1000 was 616
    Largest truncation error: 7.246945782066234e-07
    Energy after sweep 27/1000 is -193.512646735068
    Sweep 27/1000 CPU time = 1m, 29.7s (Wall time = 1m, 30.3s)
    Energy change:-0.09077183966775237

    vN Entropy at center bond b=60 = 1.240437194059
    Eigs at center bond b=60: 0.5295 0.3510 0.0329 0.0272 0.0140 0.0096 0.0053 0.0047 0.0046 0.0035 
    Largest link dim during sweep 28/1000 was 740
    Largest truncation error: 7.229496648700999e-07
    Energy after sweep 28/1000 is -193.587614522637
    Sweep 28/1000 CPU time = 1m, 32.8s (Wall time = 1m, 33.2s)
    Energy change:-0.0749677875689656

    vN Entropy at center bond b=60 = 1.261950799409
    Eigs at center bond b=60: 0.5162 0.3636 0.0334 0.0264 0.0095 0.0075 0.0052 0.0050 0.0049 0.0048 
    Largest link dim during sweep 29/1000 was 660
    Largest truncation error: 7.170799875556883e-07
    Energy after sweep 29/1000 is -193.653896592086
    Sweep 29/1000 CPU time = 1m, 38.1s (Wall time = 1m, 38.6s)
    Energy change:-0.06628206944819226

    vN Entropy at center bond b=60 = 1.266083126478
    Eigs at center bond b=60: 0.6242 0.2309 0.0335 0.0289 0.0219 0.0137 0.0085 0.0074 0.0047 0.0045 
    Largest link dim during sweep 30/1000 was 721
    Largest truncation error: 7.124853015887052e-07
    Energy after sweep 30/1000 is -193.716135028403
    Sweep 30/1000 CPU time = 1m, 42.9s (Wall time = 1m, 43.3s)
    Energy change:-0.06223843631707382

    vN Entropy at center bond b=60 = 1.286934203340
    Eigs at center bond b=60: 0.6664 0.1278 0.0919 0.0211 0.0172 0.0162 0.0156 0.0137 0.0045 0.0038 
    Largest link dim during sweep 31/1000 was 728
    Largest truncation error: 7.217210500936373e-07
    Energy after sweep 31/1000 is -193.773293717238
    Sweep 31/1000 CPU time = 1m, 47.6s (Wall time = 1m, 48.0s)
    Energy change:-0.05715868883552844

    vN Entropy at center bond b=60 = 1.323584744480
    Eigs at center bond b=60: 0.6357 0.1798 0.0694 0.0230 0.0193 0.0163 0.0143 0.0103 0.0046 0.0045 
    Largest link dim during sweep 32/1000 was 591
    Largest truncation error: 7.316602936509031e-07
    Energy after sweep 32/1000 is -193.813980459961
    Sweep 32/1000 CPU time = 1m, 51.2s (Wall time = 1m, 51.7s)
    Energy change:-0.04068674272286898

    vN Entropy at center bond b=60 = 1.361709541028
    Eigs at center bond b=60: 0.5590 0.2866 0.0369 0.0278 0.0228 0.0132 0.0092 0.0065 0.0056 0.0054 
    Largest link dim during sweep 33/1000 was 630
    Largest truncation error: 7.272244139967421e-07
    Energy after sweep 33/1000 is -193.851258273894
    Sweep 33/1000 CPU time = 1m, 58.0s (Wall time = 1m, 58.5s)
    Energy change:-0.03727781393249074

    vN Entropy at center bond b=60 = 1.399229437312
    Eigs at center bond b=60: 0.4355 0.4204 0.0293 0.0240 0.0165 0.0110 0.0090 0.0073 0.0063 0.0061 
    Largest link dim during sweep 34/1000 was 574
    Largest truncation error: 7.372764830456768e-07
    Energy after sweep 34/1000 is -193.898840194858
    Sweep 34/1000 CPU time = 2m, 15.2s (Wall time = 2m, 16.1s)
    Energy change:-0.04758192096426228

    vN Entropy at center bond b=60 = 1.418624008597
    Eigs at center bond b=60: 0.5561 0.2759 0.0441 0.0253 0.0211 0.0133 0.0083 0.0076 0.0061 0.0059 
    Largest link dim during sweep 35/1000 was 637
    Largest truncation error: 7.280040407121093e-07
    Energy after sweep 35/1000 is -193.927348114568
    Sweep 35/1000 CPU time = 2m, 35.1s (Wall time = 2m, 36.8s)
    Energy change:-0.02850791971025046

    vN Entropy at center bond b=60 = 1.442025330561
    Eigs at center bond b=60: 0.5994 0.1811 0.0960 0.0203 0.0169 0.0164 0.0132 0.0122 0.0064 0.0052 
    Largest link dim during sweep 36/1000 was 631
    Largest truncation error: 7.232781264603351e-07
    Energy after sweep 36/1000 is -193.941489584216
    Sweep 36/1000 CPU time = 2m, 41.6s (Wall time = 2m, 43.7s)
    Energy change:-0.01414146964799556

    vN Entropy at center bond b=60 = 1.472715272409
    Eigs at center bond b=60: 0.5934 0.1544 0.1271 0.0173 0.0169 0.0163 0.0156 0.0135 0.0067 0.0048 
    Largest link dim during sweep 37/1000 was 660
    Largest truncation error: 7.361858812595446e-07
    Energy after sweep 37/1000 is -193.948941509474
    Sweep 37/1000 CPU time = 2m, 52.4s (Wall time = 2m, 55.6s)
    Energy change:-0.007451925258237679

    vN Entropy at center bond b=60 = 1.506215957944
    Eigs at center bond b=60: 0.5669 0.2089 0.0955 0.0192 0.0177 0.0174 0.0134 0.0111 0.0065 0.0055 
    Largest link dim during sweep 38/1000 was 640
    Largest truncation error: 7.302084010908629e-07
    Energy after sweep 38/1000 is -193.952462023908
    Sweep 38/1000 CPU time = 3m, 3.0s (Wall time = 3m, 7.3s)
    Energy change:-0.003520514433972721

    vN Entropy at center bond b=60 = 1.530525062555
    Eigs at center bond b=60: 0.5431 0.2446 0.0799 0.0203 0.0187 0.0172 0.0118 0.0097 0.0062 0.0059 
    Largest link dim during sweep 39/1000 was 635
    Largest truncation error: 7.31811031303951e-07
    Energy after sweep 39/1000 is -193.953675735429
    Sweep 39/1000 CPU time = 3m, 4.9s (Wall time = 3m, 9.4s)
    Energy change:-0.001213711520563265

    vN Entropy at center bond b=60 = 1.544227827295
    Eigs at center bond b=60: 0.5293 0.2629 0.0727 0.0207 0.0191 0.0171 0.0110 0.0091 0.0069 0.0060 
    Largest link dim during sweep 40/1000 was 617
    Largest truncation error: 7.256348477723431e-07
    Energy after sweep 40/1000 is -193.953943390483
    Sweep 40/1000 CPU time = 2m, 56.8s (Wall time = 3m, 0.8s)
    Energy change:-0.0002676550545004375

    vN Entropy at center bond b=60 = 1.550562994338
    Eigs at center bond b=60: 0.5223 0.2719 0.0692 0.0209 0.0192 0.0169 0.0107 0.0088 0.0079 0.0062 
    Largest link dim during sweep 41/1000 was 607
    Largest truncation error: 7.263390335615653e-07
    Energy after sweep 41/1000 is -193.954017732174
    Sweep 41/1000 CPU time = 2m, 48.7s (Wall time = 2m, 52.2s)
    Energy change:-7.434169037878746e-05

    vN Entropy at center bond b=60 = 1.553763756936
    Eigs at center bond b=60: 0.5185 0.2767 0.0673 0.0210 0.0193 0.0168 0.0105 0.0086 0.0085 0.0065 
    Largest link dim during sweep 42/1000 was 603
    Largest truncation error: 7.331788358297432e-07
    Energy after sweep 42/1000 is -193.954070224765
    Sweep 42/1000 CPU time = 2m, 44.2s (Wall time = 2m, 47.1s)
    Energy change:-5.24925911236096e-05

    vN Entropy at center bond b=60 = 1.555693209847
    Eigs at center bond b=60: 0.5164 0.2795 0.0661 0.0211 0.0194 0.0168 0.0104 0.0088 0.0085 0.0067 
    Largest link dim during sweep 43/1000 was 602
    Largest truncation error: 7.333527023059463e-07
    Energy after sweep 43/1000 is -193.954114916913
    Sweep 43/1000 CPU time = 2m, 43.4s (Wall time = 2m, 46.1s)
    Energy change:-4.469214795221887e-05

    vN Entropy at center bond b=60 = 1.557057007507
    Eigs at center bond b=60: 0.5151 0.2811 0.0655 0.0212 0.0194 0.0167 0.0104 0.0090 0.0084 0.0068 
    Largest link dim during sweep 44/1000 was 599
    Largest truncation error: 7.364502250902199e-07
    Energy after sweep 44/1000 is -193.954151826803
    Sweep 44/1000 CPU time = 2m, 42.7s (Wall time = 2m, 45.6s)
    Energy change:-3.690989055371574e-05

    vN Entropy at center bond b=60 = 1.558126168215
    Eigs at center bond b=60: 0.5142 0.2822 0.0650 0.0212 0.0194 0.0167 0.0104 0.0092 0.0084 0.0069 
    Largest link dim during sweep 45/1000 was 598
    Largest truncation error: 7.31533990869498e-07
    Energy after sweep 45/1000 is -193.954181927411
    Sweep 45/1000 CPU time = 2m, 41.6s (Wall time = 2m, 44.5s)
    Energy change:-3.01006079155286e-05

    vN Entropy at center bond b=60 = 1.559067657108
    Eigs at center bond b=60: 0.5136 0.2829 0.0647 0.0213 0.0194 0.0167 0.0104 0.0092 0.0084 0.0069 
    Largest link dim during sweep 46/1000 was 597
    Largest truncation error: 7.293810231413997e-07
    Energy after sweep 46/1000 is -193.954212510162
    Sweep 46/1000 CPU time = 2m, 41.4s (Wall time = 2m, 44.0s)
    Energy change:-3.058275089529161e-05

    vN Entropy at center bond b=60 = 1.559935371089
    Eigs at center bond b=60: 0.5131 0.2834 0.0645 0.0213 0.0194 0.0166 0.0104 0.0093 0.0083 0.0070 
    Largest link dim during sweep 47/1000 was 598
    Largest truncation error: 7.251649818508209e-07
    Energy after sweep 47/1000 is -193.954237252696
    Sweep 47/1000 CPU time = 2m, 41.1s (Wall time = 2m, 43.6s)
    Energy change:-2.474253369655344e-05

    vN Entropy at center bond b=60 = 1.560753032750
    Eigs at center bond b=60: 0.5127 0.2838 0.0643 0.0214 0.0194 0.0166 0.0104 0.0094 0.0083 0.0070 
    Largest link dim during sweep 48/1000 was 598
    Largest truncation error: 7.246236837920847e-07
    Energy after sweep 48/1000 is -193.954260025888
    Sweep 48/1000 CPU time = 2m, 40.5s (Wall time = 2m, 43.2s)
    Energy change:-2.277319248378262e-05

    vN Entropy at center bond b=60 = 1.561531627439
    Eigs at center bond b=60: 0.5124 0.2841 0.0641 0.0214 0.0194 0.0166 0.0105 0.0094 0.0083 0.0070 
    Largest link dim during sweep 49/1000 was 600
    Largest truncation error: 7.242089282868517e-07
    Energy after sweep 49/1000 is -193.954279885616
    Sweep 49/1000 CPU time = 2m, 41.0s (Wall time = 2m, 43.6s)
    Energy change:-1.985972812690306e-05

    vN Entropy at center bond b=60 = 1.562270064673
    Eigs at center bond b=60: 0.5121 0.2843 0.0640 0.0214 0.0194 0.0166 0.0105 0.0094 0.0083 0.0070 
    Largest link dim during sweep 50/1000 was 600
    Largest truncation error: 7.238833413190966e-07
    Energy after sweep 50/1000 is -193.954299083565
    Sweep 50/1000 CPU time = 2m, 41.0s (Wall time = 2m, 43.8s)
    Energy change:-1.919794891591664e-05

    vN Entropy at center bond b=60 = 1.562997743814
    Eigs at center bond b=60: 0.5119 0.2845 0.0639 0.0215 0.0194 0.0166 0.0105 0.0094 0.0083 0.0070 
    Largest link dim during sweep 51/1000 was 601
    Largest truncation error: 7.236306626646139e-07
    Energy after sweep 51/1000 is -193.954317765491
    Sweep 51/1000 CPU time = 2m, 41.3s (Wall time = 2m, 43.9s)
    Energy change:-1.868192597953566e-05

    vN Entropy at center bond b=60 = 1.563722729450
    Eigs at center bond b=60: 0.5116 0.2847 0.0637 0.0215 0.0194 0.0166 0.0106 0.0095 0.0083 0.0070 
    Largest link dim during sweep 52/1000 was 601
    Largest truncation error: 7.234216751034251e-07
    Energy after sweep 52/1000 is -193.954335180385
    Sweep 52/1000 CPU time = 2m, 41.4s (Wall time = 2m, 44.1s)
    Energy change:-1.74148932501339e-05

    vN Entropy at center bond b=60 = 1.564428878364
    Eigs at center bond b=60: 0.5115 0.2848 0.0636 0.0216 0.0194 0.0166 0.0106 0.0095 0.0083 0.0071 
    Largest link dim during sweep 53/1000 was 602
    Largest truncation error: 7.232424989138272e-07
    Energy after sweep 53/1000 is -193.954350445780
    Sweep 53/1000 CPU time = 2m, 41.4s (Wall time = 2m, 44.2s)
    Energy change:-1.526539494989265e-05

    vN Entropy at center bond b=60 = 1.565128294811
    Eigs at center bond b=60: 0.5113 0.2849 0.0636 0.0216 0.0194 0.0166 0.0107 0.0095 0.0082 0.0071 
    Largest link dim during sweep 54/1000 was 602
    Largest truncation error: 7.23023192870942e-07
    Energy after sweep 54/1000 is -193.954364594682
    Sweep 54/1000 CPU time = 2m, 41.0s (Wall time = 2m, 43.7s)
    Energy change:-1.414890238038424e-05

    vN Entropy at center bond b=60 = 1.565825231647
    Eigs at center bond b=60: 0.5111 0.2850 0.0635 0.0216 0.0194 0.0166 0.0107 0.0095 0.0082 0.0071 
    Largest link dim during sweep 55/1000 was 603
    Largest truncation error: 7.228715932714399e-07
    Energy after sweep 55/1000 is -193.954379598723
    Sweep 55/1000 CPU time = 2m, 41.2s (Wall time = 2m, 43.9s)
    Energy change:-1.500404130183597e-05

    vN Entropy at center bond b=60 = 1.566550278428
    Eigs at center bond b=60: 0.5110 0.2851 0.0634 0.0217 0.0194 0.0166 0.0107 0.0095 0.0082 0.0071 
    Largest link dim during sweep 56/1000 was 605
    Largest truncation error: 7.227348034151811e-07
    Energy after sweep 56/1000 is -193.954394055163
    Sweep 56/1000 CPU time = 2m, 41.6s (Wall time = 2m, 44.5s)
    Energy change:-1.445644019781867e-05

    vN Entropy at center bond b=60 = 1.567288786427
    Eigs at center bond b=60: 0.5108 0.2852 0.0633 0.0217 0.0194 0.0166 0.0108 0.0095 0.0082 0.0071 
    Largest link dim during sweep 57/1000 was 604
    Largest truncation error: 7.226083630727459e-07
    Energy after sweep 57/1000 is -193.954406459104
    Sweep 57/1000 CPU time = 2m, 42.0s (Wall time = 2m, 44.9s)
    Energy change:-1.240394036017278e-05

    vN Entropy at center bond b=60 = 1.568004749779
    Eigs at center bond b=60: 0.5107 0.2852 0.0632 0.0218 0.0194 0.0166 0.0108 0.0095 0.0082 0.0071 
    Largest link dim during sweep 58/1000 was 607
    Largest truncation error: 7.223395431164925e-07
    Energy after sweep 58/1000 is -193.954418527604
    Sweep 58/1000 CPU time = 2m, 42.1s (Wall time = 2m, 44.9s)
    Energy change:-1.206850066637344e-05

    vN Entropy at center bond b=60 = 1.568699614804
    Eigs at center bond b=60: 0.5106 0.2852 0.0631 0.0218 0.0194 0.0166 0.0109 0.0096 0.0082 0.0071 
    Largest link dim during sweep 59/1000 was 605
    Largest truncation error: 7.22252592291775e-07
    Energy after sweep 59/1000 is -193.954430329119
    Sweep 59/1000 CPU time = 2m, 42.5s (Wall time = 2m, 45.4s)
    Energy change:-1.180151440394184e-05

    vN Entropy at center bond b=60 = 1.569389640192
    Eigs at center bond b=60: 0.5105 0.2853 0.0631 0.0219 0.0194 0.0165 0.0109 0.0096 0.0082 0.0071 
    Largest link dim during sweep 60/1000 was 606
    Largest truncation error: 7.353881369770324e-07
    Energy after sweep 60/1000 is -193.954439607121
    Sweep 60/1000 CPU time = 2m, 42.2s (Wall time = 2m, 45.1s)
    Energy change:-9.278002238488625e-06

    Energy has converged -> stop the DMRG.
Final energy=0
Time=7913 sec
Nup =23 Ndown = 22L = 40 W = 3
