1_Dn 4_Up 7_Dn 10_Up 13_Dn 16_Up 19_Dn 22_Up 25_Dn 28_Up 31_Dn 34_Up 37_Dn 40_Up 43_Dn 46_Up 2_Up 5_Dn 8_Up 11_Dn 14_Up 17_Dn 20_Up 23_Dn 26_Up 29_Dn 32_Up 35_Dn 38_Up 41_Dn 44_Up 47_Dn 3_Dn 6_Up 9_Dn 12_Up 15_Dn 18_Up 21_Dn 24_Up 27_Dn 30_Up 33_Dn 36_Up 39_Dn 42_Up 45_Dn 48_Up 49_Up Initial energy=0
    vN Entropy at center bond b=60 = 0.015171978399
    Eigs at center bond b=60: 0.9979 0.0021 
    Largest link dim during sweep 1/1000 was 10
    Largest truncation error: 0.004417446412880361
    Energy after sweep 1/1000 is -186.306940996019
    Sweep 1/1000 CPU time = 0.480s (Wall time = 0.487s)
    Energy change:-186.3069409960189

    vN Entropy at center bond b=60 = 0.627182181620
    Eigs at center bond b=60: 0.6882 0.3109 
    Largest link dim during sweep 2/1000 was 20
    Largest truncation error: 0.002762891530968205
    Energy after sweep 2/1000 is -192.992828709827
    Sweep 2/1000 CPU time = 1.964s (Wall time = 2.084s)
    Energy change:-6.685887713808569

    vN Entropy at center bond b=60 = 0.463906882830
    Eigs at center bond b=60: 0.8523 0.1379 0.0074 
    Largest link dim during sweep 3/1000 was 50
    Largest truncation error: 0.001108576955029831
    Energy after sweep 3/1000 is -196.650426789113
    Sweep 3/1000 CPU time = 3.732s (Wall time = 4.082s)
    Energy change:-3.65759807928589

    vN Entropy at center bond b=60 = 0.713304647729
    Eigs at center bond b=60: 0.8039 0.1264 0.0353 0.0203 0.0088 0.0020 
    Largest link dim during sweep 4/1000 was 100
    Largest truncation error: 0.0001559796165450407
    Energy after sweep 4/1000 is -198.334894640279
    Sweep 4/1000 CPU time = 6.738s (Wall time = 7.410s)
    Energy change:-1.684467851165692

    vN Entropy at center bond b=60 = 0.767784546462
    Eigs at center bond b=60: 0.7618 0.1765 0.0286 0.0240 0.0017 0.0016 0.0015 0.0010 
    Largest link dim during sweep 5/1000 was 200
    Largest truncation error: 5.625999151508033e-05
    Energy after sweep 5/1000 is -199.463564262499
    Sweep 5/1000 CPU time = 14.29s (Wall time = 15.46s)
    Energy change:-1.128669622220002

    vN Entropy at center bond b=60 = 0.779077845240
    Eigs at center bond b=60: 0.7892 0.1358 0.0265 0.0260 0.0067 0.0060 0.0026 0.0023 0.0014 0.0014 
    Largest link dim during sweep 6/1000 was 400
    Largest truncation error: 1.221749279024631e-05
    Energy after sweep 6/1000 is -200.432515571484
    Sweep 6/1000 CPU time = 44.77s (Wall time = 47.55s)
    Energy change:-0.9689513089846002

    vN Entropy at center bond b=60 = 0.863932247879
    Eigs at center bond b=60: 0.6996 0.2302 0.0307 0.0305 0.0020 0.0020 0.0010 
    Largest link dim during sweep 7/1000 was 1000
    Largest truncation error: 1.548450612788187e-06
    Energy after sweep 7/1000 is -201.187773551527
    Sweep 7/1000 CPU time = 2m, 59.1s (Wall time = 3m, 5.1s)
    Energy change:-0.7552579800434671

    vN Entropy at center bond b=60 = 0.650767397243
    Eigs at center bond b=60: 0.8593 0.0653 0.0186 0.0186 0.0141 0.0085 0.0052 0.0052 0.0011 0.0011 
    Largest link dim during sweep 8/1000 was 1504
    Largest truncation error: 8.614085712199479e-07
    Energy after sweep 8/1000 is -201.956478321114
    Sweep 8/1000 CPU time = 4m, 47.5s (Wall time = 4m, 56.0s)
    Energy change:-0.7687047695869751

    vN Entropy at center bond b=60 = 1.028441796474
    Eigs at center bond b=60: 0.4938 0.4219 0.0367 0.0366 0.0025 0.0025 0.0014 0.0013 0.0013 
    Largest link dim during sweep 9/1000 was 1378
    Largest truncation error: 8.709717503788555e-07
    Energy after sweep 9/1000 is -202.563304559695
    Sweep 9/1000 CPU time = 4m, 31.8s (Wall time = 4m, 39.4s)
    Energy change:-0.6068262385808509

    vN Entropy at center bond b=60 = 0.667389222621
    Eigs at center bond b=60: 0.8543 0.0725 0.0162 0.0161 0.0123 0.0085 0.0070 0.0070 0.0014 0.0014 
    Largest link dim during sweep 10/1000 was 1492
    Largest truncation error: 8.915398499079282e-07
    Energy after sweep 10/1000 is -203.164968837552
    Sweep 10/1000 CPU time = 4m, 9.7s (Wall time = 4m, 16.9s)
    Energy change:-0.60166427785731

    vN Entropy at center bond b=60 = 0.946528250650
    Eigs at center bond b=60: 0.6798 0.2361 0.0319 0.0318 0.0057 0.0035 0.0023 0.0023 0.0017 0.0017 
    Largest link dim during sweep 11/1000 was 1245
    Largest truncation error: 8.608134205660146e-07
    Energy after sweep 11/1000 is -203.828542984618
    Sweep 11/1000 CPU time = 3m, 37.4s (Wall time = 3m, 44.1s)
    Energy change:-0.6635741470656455

    vN Entropy at center bond b=60 = 0.882648995012
    Eigs at center bond b=60: 0.7227 0.2010 0.0284 0.0284 0.0045 0.0024 0.0024 0.0021 0.0021 0.0020 
    Largest link dim during sweep 12/1000 was 1348
    Largest truncation error: 8.692255614915958e-07
    Energy after sweep 12/1000 is -204.449184996344
    Sweep 12/1000 CPU time = 3m, 35.5s (Wall time = 3m, 41.4s)
    Energy change:-0.6206420117258631

    vN Entropy at center bond b=60 = 0.822072804358
    Eigs at center bond b=60: 0.8016 0.1066 0.0226 0.0226 0.0165 0.0098 0.0055 0.0055 0.0022 0.0022 
    Largest link dim during sweep 13/1000 was 1161
    Largest truncation error: 8.395429560853719e-07
    Energy after sweep 13/1000 is -205.237827207122
    Sweep 13/1000 CPU time = 3m, 57.1s (Wall time = 4m, 4.3s)
    Energy change:-0.7886422107787325

    vN Entropy at center bond b=60 = 1.053126948411
    Eigs at center bond b=60: 0.5313 0.3821 0.0344 0.0344 0.0034 0.0034 0.0017 0.0017 0.0014 0.0014 
    Largest link dim during sweep 14/1000 was 912
    Largest truncation error: 8.543923834611197e-07
    Energy after sweep 14/1000 is -205.726317266984
    Sweep 14/1000 CPU time = 3m, 12.1s (Wall time = 3m, 17.7s)
    Energy change:-0.4884900598611353

    vN Entropy at center bond b=60 = 0.811803431564
    Eigs at center bond b=60: 0.8063 0.1062 0.0197 0.0196 0.0144 0.0098 0.0070 0.0070 0.0021 0.0021 
    Largest link dim during sweep 15/1000 was 790
    Largest truncation error: 8.430768082260605e-07
    Energy after sweep 15/1000 is -206.163061943540
    Sweep 15/1000 CPU time = 2m, 27.4s (Wall time = 2m, 31.8s)
    Energy change:-0.436744676556799

    vN Entropy at center bond b=60 = 0.955825167906
    Eigs at center bond b=60: 0.7083 0.2009 0.0290 0.0288 0.0084 0.0079 0.0033 0.0031 0.0027 0.0027 
    Largest link dim during sweep 16/1000 was 723
    Largest truncation error: 8.886454350812434e-07
    Energy after sweep 16/1000 is -206.676897630315
    Sweep 16/1000 CPU time = 2m, 9.6s (Wall time = 2m, 13.2s)
    Energy change:-0.5138356867749678

    vN Entropy at center bond b=60 = 1.020748146323
    Eigs at center bond b=60: 0.6074 0.3073 0.0325 0.0320 0.0041 0.0031 0.0031 0.0014 0.0014 0.0014 
    Largest link dim during sweep 17/1000 was 861
    Largest truncation error: 8.283478962810584e-07
    Energy after sweep 17/1000 is -207.015479633532
    Sweep 17/1000 CPU time = 1m, 49.2s (Wall time = 1m, 49.6s)
    Energy change:-0.3385820032167146

    vN Entropy at center bond b=60 = 0.829670137135
    Eigs at center bond b=60: 0.8124 0.0839 0.0280 0.0174 0.0165 0.0128 0.0097 0.0096 0.0018 0.0018 
    Largest link dim during sweep 18/1000 was 839
    Largest truncation error: 8.092603096977867e-07
    Energy after sweep 18/1000 is -207.323873649620
    Sweep 18/1000 CPU time = 1m, 41.1s (Wall time = 1m, 41.5s)
    Energy change:-0.3083940160879592

    vN Entropy at center bond b=60 = 0.996198555916
    Eigs at center bond b=60: 0.6973 0.2053 0.0289 0.0280 0.0116 0.0091 0.0044 0.0038 0.0029 0.0029 
    Largest link dim during sweep 19/1000 was 780
    Largest truncation error: 7.909504297004008e-07
    Energy after sweep 19/1000 is -207.644047736919
    Sweep 19/1000 CPU time = 1m, 36.9s (Wall time = 1m, 37.2s)
    Energy change:-0.3201740872993071

    vN Entropy at center bond b=60 = 1.084764167989
    Eigs at center bond b=60: 0.5243 0.3851 0.0349 0.0326 0.0034 0.0034 0.0027 0.0027 0.0014 0.0014 
    Largest link dim during sweep 20/1000 was 849
    Largest truncation error: 7.84417702836476e-07
    Energy after sweep 20/1000 is -207.900661679420
    Sweep 20/1000 CPU time = 1m, 30.7s (Wall time = 1m, 31.0s)
    Energy change:-0.2566139425005076

    vN Entropy at center bond b=60 = 0.953914976818
    Eigs at center bond b=60: 0.7582 0.1343 0.0238 0.0223 0.0205 0.0124 0.0079 0.0074 0.0025 0.0025 
    Largest link dim during sweep 21/1000 was 741
    Largest truncation error: 7.780873793492371e-07
    Energy after sweep 21/1000 is -208.143990170775
    Sweep 21/1000 CPU time = 1m, 30.1s (Wall time = 1m, 30.4s)
    Energy change:-0.2433284913547595

    vN Entropy at center bond b=60 = 0.988799643654
    Eigs at center bond b=60: 0.7618 0.1062 0.0413 0.0213 0.0192 0.0154 0.0122 0.0092 0.0023 0.0023 
    Largest link dim during sweep 22/1000 was 676
    Largest truncation error: 8.567891184164248e-07
    Energy after sweep 22/1000 is -208.334198714173
    Sweep 22/1000 CPU time = 1m, 26.7s (Wall time = 1m, 27.0s)
    Energy change:-0.1902085433986258

    vN Entropy at center bond b=60 = 1.124050687955
    Eigs at center bond b=60: 0.6077 0.2844 0.0345 0.0291 0.0108 0.0096 0.0050 0.0034 0.0033 0.0032 
    Largest link dim during sweep 23/1000 was 780
    Largest truncation error: 8.007265972582047e-07
    Energy after sweep 23/1000 is -208.499369858987
    Sweep 23/1000 CPU time = 1m, 23.5s (Wall time = 1m, 23.8s)
    Energy change:-0.1651711448135416

    vN Entropy at center bond b=60 = 1.165439434680
    Eigs at center bond b=60: 0.4984 0.3974 0.0387 0.0301 0.0044 0.0040 0.0038 0.0037 0.0028 0.0026 
    Largest link dim during sweep 24/1000 was 821
    Largest truncation error: 8.321035903131833e-07
    Energy after sweep 24/1000 is -208.852029755787
    Sweep 24/1000 CPU time = 1m, 55.0s (Wall time = 1m, 57.2s)
    Energy change:-0.3526598968003896

    vN Entropy at center bond b=60 = 1.056317796043
    Eigs at center bond b=60: 0.7388 0.1261 0.0385 0.0239 0.0181 0.0142 0.0114 0.0100 0.0031 0.0030 
    Largest link dim during sweep 25/1000 was 1156
    Largest truncation error: 7.59040947991233e-07
    Energy after sweep 25/1000 is -209.099045580276
    Sweep 25/1000 CPU time = 2m, 29.2s (Wall time = 2m, 33.2s)
    Energy change:-0.2470158244887273

    vN Entropy at center bond b=60 = 1.137394701451
    Eigs at center bond b=60: 0.6921 0.1693 0.0375 0.0257 0.0224 0.0141 0.0108 0.0078 0.0037 0.0036 
    Largest link dim during sweep 26/1000 was 916
    Largest truncation error: 7.362075203613612e-07
    Energy after sweep 26/1000 is -209.268471711934
    Sweep 26/1000 CPU time = 2m, 15.5s (Wall time = 2m, 18.7s)
    Energy change:-0.1694261316585823

    vN Entropy at center bond b=60 = 1.229009641535
    Eigs at center bond b=60: 0.4954 0.3908 0.0332 0.0282 0.0101 0.0076 0.0050 0.0049 0.0040 0.0028 
    Largest link dim during sweep 27/1000 was 846
    Largest truncation error: 7.238837651535906e-07
    Energy after sweep 27/1000 is -209.400913356701
    Sweep 27/1000 CPU time = 2m, 0.3s (Wall time = 2m, 2.2s)
    Energy change:-0.1324416447667431

    vN Entropy at center bond b=60 = 1.243645476784
    Eigs at center bond b=60: 0.6017 0.2691 0.0292 0.0240 0.0220 0.0108 0.0061 0.0057 0.0051 0.0049 
    Largest link dim during sweep 28/1000 was 794
    Largest truncation error: 7.124841781455825e-07
    Energy after sweep 28/1000 is -209.534300450942
    Sweep 28/1000 CPU time = 2m, 1.6s (Wall time = 2m, 3.2s)
    Energy change:-0.1333870942406747

    vN Entropy at center bond b=60 = 1.270934702446
    Eigs at center bond b=60: 0.6712 0.1192 0.0996 0.0185 0.0163 0.0156 0.0151 0.0145 0.0050 0.0038 
    Largest link dim during sweep 29/1000 was 707
    Largest truncation error: 7.280228329380936e-07
    Energy after sweep 29/1000 is -209.641248713818
    Sweep 29/1000 CPU time = 1m, 59.7s (Wall time = 2m, 0.9s)
    Energy change:-0.1069482628759033

    vN Entropy at center bond b=60 = 1.324704043462
    Eigs at center bond b=60: 0.6095 0.2264 0.0522 0.0230 0.0213 0.0143 0.0106 0.0086 0.0052 0.0051 
    Largest link dim during sweep 30/1000 was 647
    Largest truncation error: 7.010247674376632e-07
    Energy after sweep 30/1000 is -209.727418328195
    Sweep 30/1000 CPU time = 1m, 59.6s (Wall time = 2m, 0.5s)
    Energy change:-0.08616961437678583

    vN Entropy at center bond b=60 = 1.360982096486
    Eigs at center bond b=60: 0.4851 0.3766 0.0264 0.0244 0.0212 0.0096 0.0066 0.0063 0.0062 0.0055 
    Largest link dim during sweep 31/1000 was 842
    Largest truncation error: 7.020556849254562e-07
    Energy after sweep 31/1000 is -209.811836721557
    Sweep 31/1000 CPU time = 2m, 8.4s (Wall time = 2m, 9.1s)
    Energy change:-0.084418393362796

    vN Entropy at center bond b=60 = 1.377749052549
    Eigs at center bond b=60: 0.5135 0.3421 0.0254 0.0242 0.0234 0.0102 0.0078 0.0064 0.0063 0.0056 
    Largest link dim during sweep 32/1000 was 699
    Largest truncation error: 7.263859950203955e-07
    Energy after sweep 32/1000 is -209.880417446278
    Sweep 32/1000 CPU time = 2m, 20.4s (Wall time = 2m, 21.4s)
    Energy change:-0.06858072472044796

    vN Entropy at center bond b=60 = 1.387817786097
    Eigs at center bond b=60: 0.5858 0.2420 0.0540 0.0223 0.0203 0.0138 0.0093 0.0089 0.0059 0.0058 
    Largest link dim during sweep 33/1000 was 690
    Largest truncation error: 7.360472799521186e-07
    Energy after sweep 33/1000 is -209.936981986321
    Sweep 33/1000 CPU time = 2m, 24.9s (Wall time = 2m, 25.8s)
    Energy change:-0.05656454004270017

    vN Entropy at center bond b=60 = 1.399654380273
    Eigs at center bond b=60: 0.6195 0.1541 0.1082 0.0176 0.0160 0.0158 0.0141 0.0136 0.0067 0.0050 
    Largest link dim during sweep 34/1000 was 671
    Largest truncation error: 7.240429664967949e-07
    Energy after sweep 34/1000 is -209.989794272419
    Sweep 34/1000 CPU time = 2m, 37.1s (Wall time = 2m, 39.0s)
    Energy change:-0.05281228609820232

    vN Entropy at center bond b=60 = 1.418556451496
    Eigs at center bond b=60: 0.6043 0.1817 0.0950 0.0185 0.0178 0.0154 0.0130 0.0118 0.0069 0.0053 
    Largest link dim during sweep 35/1000 was 649
    Largest truncation error: 7.153019847802285e-07
    Energy after sweep 35/1000 is -210.030357356588
    Sweep 35/1000 CPU time = 2m, 45.5s (Wall time = 2m, 48.3s)
    Energy change:-0.04056308416903676

    vN Entropy at center bond b=60 = 1.441223586508
    Eigs at center bond b=60: 0.5489 0.2740 0.0551 0.0218 0.0210 0.0134 0.0089 0.0081 0.0065 0.0064 
    Largest link dim during sweep 36/1000 was 727
    Largest truncation error: 7.235908108141614e-07
    Energy after sweep 36/1000 is -210.077519330202
    Sweep 36/1000 CPU time = 3m, 0.3s (Wall time = 3m, 4.0s)
    Energy change:-0.04716197361426566

    vN Entropy at center bond b=60 = 1.460160823615
    Eigs at center bond b=60: 0.4363 0.4065 0.0240 0.0235 0.0227 0.0143 0.0095 0.0073 0.0072 0.0072 
    Largest link dim during sweep 37/1000 was 791
    Largest truncation error: 7.281192552006052e-07
    Energy after sweep 37/1000 is -210.129723185644
    Sweep 37/1000 CPU time = 3m, 37.9s (Wall time = 3m, 42.9s)
    Energy change:-0.05220385544183159

    vN Entropy at center bond b=60 = 1.469266576134
    Eigs at center bond b=60: 0.5214 0.3077 0.0410 0.0218 0.0211 0.0114 0.0093 0.0072 0.0072 0.0071 
    Largest link dim during sweep 38/1000 was 802
    Largest truncation error: 7.010101857794385e-07
    Energy after sweep 38/1000 is -210.157810870331
    Sweep 38/1000 CPU time = 3m, 55.2s (Wall time = 4m, 0.9s)
    Energy change:-0.02808768468747758

    vN Entropy at center bond b=60 = 1.485651975148
    Eigs at center bond b=60: 0.5753 0.2125 0.0850 0.0184 0.0178 0.0141 0.0113 0.0110 0.0079 0.0064 
    Largest link dim during sweep 39/1000 was 792
    Largest truncation error: 7.088733422488865e-07
    Energy after sweep 39/1000 is -210.173787128742
    Sweep 39/1000 CPU time = 4m, 5.3s (Wall time = 4m, 11.6s)
    Energy change:-0.01597625841083072

    vN Entropy at center bond b=60 = 1.509694155439
    Eigs at center bond b=60: 0.5824 0.1499 0.1396 0.0154 0.0151 0.0148 0.0146 0.0145 0.0084 0.0054 
    Largest link dim during sweep 40/1000 was 793
    Largest truncation error: 7.047920176561532e-07
    Energy after sweep 40/1000 is -210.183121019351
    Sweep 40/1000 CPU time = 4m, 19.9s (Wall time = 4m, 26.5s)
    Energy change:-0.009333890608502315

    vN Entropy at center bond b=60 = 1.538707753127
    Eigs at center bond b=60: 0.5629 0.1956 0.1104 0.0173 0.0169 0.0158 0.0125 0.0119 0.0082 0.0061 
    Largest link dim during sweep 41/1000 was 811
    Largest truncation error: 7.079714602464677e-07
    Energy after sweep 41/1000 is -210.188699402446
    Sweep 41/1000 CPU time = 4m, 36.5s (Wall time = 4m, 43.7s)
    Energy change:-0.005578383095354411

    vN Entropy at center bond b=60 = 1.565899508872
    Eigs at center bond b=60: 0.5350 0.2431 0.0862 0.0189 0.0182 0.0157 0.0107 0.0100 0.0078 0.0067 
    Largest link dim during sweep 42/1000 was 902
    Largest truncation error: 7.032956363249134e-07
    Energy after sweep 42/1000 is -210.191689037559
    Sweep 42/1000 CPU time = 4m, 59.4s (Wall time = 5m, 7.1s)
    Energy change:-0.002989635113181066

    vN Entropy at center bond b=60 = 1.597104680878
    Eigs at center bond b=60: 0.5076 0.2783 0.0714 0.0200 0.0188 0.0156 0.0097 0.0095 0.0087 0.0072 
    Largest link dim during sweep 43/1000 was 941
    Largest truncation error: 7.045438255087595e-07
    Energy after sweep 43/1000 is -210.193683667472
    Sweep 43/1000 CPU time = 5m, 31.4s (Wall time = 5m, 40.1s)
    Energy change:-0.001994629912360324

    vN Entropy at center bond b=60 = 1.616969832423
    Eigs at center bond b=60: 0.4919 0.2965 0.0634 0.0209 0.0190 0.0153 0.0123 0.0096 0.0080 0.0073 
    Largest link dim during sweep 44/1000 was 1003
    Largest truncation error: 7.075387891724023e-07
    Energy after sweep 44/1000 is -210.195103489896
    Sweep 44/1000 CPU time = 5m, 59.5s (Wall time = 6m, 9.1s)
    Energy change:-0.001419822424253425

    vN Entropy at center bond b=60 = 1.634523634944
    Eigs at center bond b=60: 0.4811 0.3076 0.0580 0.0221 0.0191 0.0150 0.0142 0.0099 0.0080 0.0075 
    Largest link dim during sweep 45/1000 was 1029
    Largest truncation error: 7.094107911976919e-07
    Energy after sweep 45/1000 is -210.196417173306
    Sweep 45/1000 CPU time = 6m, 35.1s (Wall time = 6m, 45.8s)
    Energy change:-0.001313683409733812

    vN Entropy at center bond b=60 = 1.654698855053
    Eigs at center bond b=60: 0.4720 0.3155 0.0535 0.0237 0.0191 0.0157 0.0147 0.0106 0.0085 0.0075 
    Largest link dim during sweep 46/1000 was 1084
    Largest truncation error: 6.992320196320585e-07
    Energy after sweep 46/1000 is -210.197693073112
    Sweep 46/1000 CPU time = 7m, 14.0s (Wall time = 7m, 25.0s)
    Energy change:-0.001275899806614689

    vN Entropy at center bond b=60 = 1.680323525608
    Eigs at center bond b=60: 0.4630 0.3213 0.0494 0.0258 0.0190 0.0171 0.0143 0.0116 0.0089 0.0077 
    Largest link dim during sweep 47/1000 was 1117
    Largest truncation error: 7.109426876575634e-07
    Energy after sweep 47/1000 is -210.198911791181
    Sweep 47/1000 CPU time = 8m, 4.3s (Wall time = 8m, 17.5s)
    Energy change:-0.001218718068571434

    vN Entropy at center bond b=60 = 1.709733603327
    Eigs at center bond b=60: 0.4545 0.3250 0.0460 0.0279 0.0188 0.0183 0.0140 0.0128 0.0092 0.0079 
    Largest link dim during sweep 48/1000 was 1093
    Largest truncation error: 7.107908993648101e-07
    Energy after sweep 48/1000 is -210.199894647629
    Sweep 48/1000 CPU time = 8m, 31.7s (Wall time = 8m, 45.0s)
    Energy change:-0.0009828564482745605

    vN Entropy at center bond b=60 = 1.743363258493
    Eigs at center bond b=60: 0.4463 0.3269 0.0431 0.0303 0.0194 0.0186 0.0141 0.0137 0.0094 0.0081 
    Largest link dim during sweep 49/1000 was 1093
    Largest truncation error: 7.059393700176672e-07
    Energy after sweep 49/1000 is -210.200707959765
    Sweep 49/1000 CPU time = 8m, 50.4s (Wall time = 9m, 4.2s)
    Energy change:-0.0008133121358468998

    vN Entropy at center bond b=60 = 1.780480332640
    Eigs at center bond b=60: 0.4381 0.3272 0.0406 0.0328 0.0203 0.0183 0.0154 0.0134 0.0099 0.0095 
    Largest link dim during sweep 50/1000 was 1085
    Largest truncation error: 7.163707178290131e-07
    Energy after sweep 50/1000 is -210.201382348438
    Sweep 50/1000 CPU time = 9m, 1.8s (Wall time = 9m, 16.6s)
    Energy change:-0.0006743886736160221

    vN Entropy at center bond b=60 = 1.822664489248
    Eigs at center bond b=60: 0.4294 0.3260 0.0383 0.0359 0.0213 0.0180 0.0167 0.0132 0.0130 0.0099 
    Largest link dim during sweep 51/1000 was 1121
    Largest truncation error: 7.157170631166098e-07
    Energy after sweep 51/1000 is -210.202019411749
    Sweep 51/1000 CPU time = 9m, 23.2s (Wall time = 9m, 37.7s)
    Energy change:-0.0006370633109327173

    vN Entropy at center bond b=60 = 1.867383545811
    Eigs at center bond b=60: 0.4203 0.3235 0.0394 0.0363 0.0221 0.0180 0.0176 0.0175 0.0127 0.0118 
    Largest link dim during sweep 52/1000 was 1109
    Largest truncation error: 7.140558270973027e-07
    Energy after sweep 52/1000 is -210.202553298937
    Sweep 52/1000 CPU time = 9m, 48.6s (Wall time = 10m, 4s)
    Energy change:-0.0005338871879416729

    vN Entropy at center bond b=60 = 1.911860384979
    Eigs at center bond b=60: 0.4112 0.3200 0.0433 0.0345 0.0229 0.0225 0.0192 0.0172 0.0135 0.0124 
    Largest link dim during sweep 53/1000 was 1101
    Largest truncation error: 7.056591318178352e-07
    Energy after sweep 53/1000 is -210.202977058115
    Sweep 53/1000 CPU time = 9m, 57.8s (Wall time = 10m, 14s)
    Energy change:-0.0004237591774085558

    vN Entropy at center bond b=60 = 1.954996315676
    Eigs at center bond b=60: 0.4022 0.3158 0.0476 0.0329 0.0280 0.0236 0.0203 0.0169 0.0149 0.0121 
    Largest link dim during sweep 54/1000 was 1089
    Largest truncation error: 7.162149334321461e-07
    Energy after sweep 54/1000 is -210.203333510902
    Sweep 54/1000 CPU time = 10m, 2s (Wall time = 10m, 18s)
    Energy change:-0.0003564527874004852

    vN Entropy at center bond b=60 = 1.996364488189
    Eigs at center bond b=60: 0.3932 0.3111 0.0522 0.0340 0.0315 0.0242 0.0212 0.0165 0.0160 0.0118 
    Largest link dim during sweep 55/1000 was 1078
    Largest truncation error: 6.936188042169711e-07
    Energy after sweep 55/1000 is -210.203638126798
    Sweep 55/1000 CPU time = 10m, 3s (Wall time = 10m, 19s)
    Energy change:-0.0003046158957431544

    vN Entropy at center bond b=60 = 2.035442341887
    Eigs at center bond b=60: 0.3843 0.3060 0.0572 0.0403 0.0302 0.0248 0.0220 0.0169 0.0161 0.0116 
    Largest link dim during sweep 56/1000 was 1070
    Largest truncation error: 7.154133771532127e-07
    Energy after sweep 56/1000 is -210.203902364903
    Sweep 56/1000 CPU time = 10m, 8s (Wall time = 10m, 25s)
    Energy change:-0.0002642381047053277

    vN Entropy at center bond b=60 = 2.071774654459
    Eigs at center bond b=60: 0.3756 0.3006 0.0623 0.0468 0.0291 0.0252 0.0228 0.0176 0.0157 0.0113 
    Largest link dim during sweep 57/1000 was 1064
    Largest truncation error: 7.118362129872796e-07
    Energy after sweep 57/1000 is -210.204131128835
    Sweep 57/1000 CPU time = 10m, 10s (Wall time = 10m, 27s)
    Energy change:-0.0002287639323981239

    vN Entropy at center bond b=60 = 2.105470400009
    Eigs at center bond b=60: 0.3671 0.2951 0.0676 0.0533 0.0280 0.0256 0.0234 0.0180 0.0153 0.0110 
    Largest link dim during sweep 58/1000 was 1063
    Largest truncation error: 7.088832003806812e-07
    Energy after sweep 58/1000 is -210.204339155891
    Sweep 58/1000 CPU time = 10m, 15s (Wall time = 10m, 33s)
    Energy change:-0.0002080270557485164

    vN Entropy at center bond b=60 = 2.136392764761
    Eigs at center bond b=60: 0.3588 0.2896 0.0729 0.0599 0.0270 0.0260 0.0240 0.0184 0.0150 0.0108 
    Largest link dim during sweep 59/1000 was 1061
    Largest truncation error: 7.098324076678882e-07
    Energy after sweep 59/1000 is -210.204521284459
    Sweep 59/1000 CPU time = 10m, 19s (Wall time = 10m, 35s)
    Energy change:-0.0001821285679284301

    vN Entropy at center bond b=60 = 2.164572306748
    Eigs at center bond b=60: 0.3507 0.2841 0.0783 0.0665 0.0263 0.0261 0.0245 0.0186 0.0146 0.0105 
    Largest link dim during sweep 60/1000 was 1060
    Largest truncation error: 7.066515607036463e-07
    Energy after sweep 60/1000 is -210.204685358098
    Sweep 60/1000 CPU time = 10m, 24s (Wall time = 10m, 40s)
    Energy change:-0.0001640736397803266

    vN Entropy at center bond b=60 = 2.190218374620
    Eigs at center bond b=60: 0.3429 0.2786 0.0836 0.0730 0.0266 0.0253 0.0250 0.0187 0.0143 0.0103 
    Largest link dim during sweep 61/1000 was 1059
    Largest truncation error: 7.143732593496599e-07
    Energy after sweep 61/1000 is -210.204831175696
    Sweep 61/1000 CPU time = 10m, 27s (Wall time = 10m, 44s)
    Energy change:-0.0001458175977973042

    vN Entropy at center bond b=60 = 2.213420598376
    Eigs at center bond b=60: 0.3353 0.2733 0.0889 0.0794 0.0268 0.0254 0.0245 0.0187 0.0139 0.0101 
    Largest link dim during sweep 62/1000 was 1058
    Largest truncation error: 7.051735211989491e-07
    Energy after sweep 62/1000 is -210.204965195190
    Sweep 62/1000 CPU time = 10m, 32s (Wall time = 10m, 49s)
    Energy change:-0.0001340194941406025

    vN Entropy at center bond b=60 = 2.234378655216
    Eigs at center bond b=60: 0.3280 0.2681 0.0940 0.0856 0.0270 0.0257 0.0238 0.0187 0.0136 0.0099 
    Largest link dim during sweep 63/1000 was 1057
    Largest truncation error: 7.04656080620386e-07
    Energy after sweep 63/1000 is -210.205086848238
    Sweep 63/1000 CPU time = 10m, 35s (Wall time = 10m, 53s)
    Energy change:-0.0001216530480121492

    vN Entropy at center bond b=60 = 2.253263299271
    Eigs at center bond b=60: 0.3210 0.2630 0.0991 0.0917 0.0271 0.0261 0.0231 0.0187 0.0133 0.0100 
    Largest link dim during sweep 64/1000 was 1055
    Largest truncation error: 7.167231797124877e-07
    Energy after sweep 64/1000 is -210.205199554563
    Sweep 64/1000 CPU time = 10m, 39s (Wall time = 10m, 57s)
    Energy change:-0.0001127063241312953

    vN Entropy at center bond b=60 = 2.270286894070
    Eigs at center bond b=60: 0.3143 0.2580 0.1040 0.0977 0.0273 0.0263 0.0224 0.0186 0.0130 0.0102 
    Largest link dim during sweep 65/1000 was 1053
    Largest truncation error: 7.113806456257845e-07
    Energy after sweep 65/1000 is -210.205302255539
    Sweep 65/1000 CPU time = 10m, 44s (Wall time = 11m, 3s)
    Energy change:-0.0001027009760150577

    vN Entropy at center bond b=60 = 2.285598559813
    Eigs at center bond b=60: 0.3078 0.2532 0.1088 0.1035 0.0274 0.0266 0.0218 0.0184 0.0127 0.0104 
    Largest link dim during sweep 66/1000 was 1051
    Largest truncation error: 7.045985531253054e-07
    Energy after sweep 66/1000 is -210.205397211572
    Sweep 66/1000 CPU time = 10m, 47s (Wall time = 11m, 4s)
    Energy change:-9.495603364939598e-05

    vN Entropy at center bond b=60 = 2.299314120002
    Eigs at center bond b=60: 0.3015 0.2485 0.1134 0.1092 0.0274 0.0268 0.0212 0.0183 0.0125 0.0107 
    Largest link dim during sweep 67/1000 was 1050
    Largest truncation error: 7.051555881115581e-07
    Energy after sweep 67/1000 is -210.205483006045
    Sweep 67/1000 CPU time = 10m, 52s (Wall time = 11m, 9s)
    Energy change:-8.579447282386354e-05

    vN Entropy at center bond b=60 = 2.311524894176
    Eigs at center bond b=60: 0.2956 0.2441 0.1179 0.1146 0.0275 0.0270 0.0207 0.0182 0.0122 0.0109 
    Largest link dim during sweep 68/1000 was 1049
    Largest truncation error: 7.05589896471825e-07
    Energy after sweep 68/1000 is -210.205558351702
    Sweep 68/1000 CPU time = 10m, 53s (Wall time = 11m, 11s)
    Energy change:-7.534565705213936e-05

    vN Entropy at center bond b=60 = 2.322336845009
    Eigs at center bond b=60: 0.2899 0.2398 0.1221 0.1198 0.0275 0.0272 0.0202 0.0180 0.0119 0.0112 
    Largest link dim during sweep 69/1000 was 1049
    Largest truncation error: 7.158285340715499e-07
    Energy after sweep 69/1000 is -210.205629266218
    Sweep 69/1000 CPU time = 10m, 59s (Wall time = 11m, 18s)
    Energy change:-7.091451570317986e-05

    vN Entropy at center bond b=60 = 2.331895018205
    Eigs at center bond b=60: 0.2845 0.2357 0.1262 0.1248 0.0276 0.0273 0.0197 0.0178 0.0117 0.0114 
    Largest link dim during sweep 70/1000 was 1049
    Largest truncation error: 7.128224036910116e-07
    Energy after sweep 70/1000 is -210.205691444476
    Sweep 70/1000 CPU time = 10m, 60s (Wall time = 11m, 18s)
    Energy change:-6.217825776388963e-05

    vN Entropy at center bond b=60 = 2.340345272073
    Eigs at center bond b=60: 0.2794 0.2318 0.1301 0.1296 0.0276 0.0275 0.0192 0.0177 0.0116 0.0115 
    Largest link dim during sweep 71/1000 was 1048
    Largest truncation error: 7.139318990614648e-07
    Energy after sweep 71/1000 is -210.205750868563
    Sweep 71/1000 CPU time = 11m, 4s (Wall time = 11m, 22s)
    Energy change:-5.94240871691909e-05

    vN Entropy at center bond b=60 = 2.347805298378
    Eigs at center bond b=60: 0.2745 0.2281 0.1342 0.1338 0.0276 0.0276 0.0188 0.0175 0.0119 0.0113 
    Largest link dim during sweep 72/1000 was 1047
    Largest truncation error: 7.09516446855414e-07
    Energy after sweep 72/1000 is -210.205807975947
    Sweep 72/1000 CPU time = 11m, 5s (Wall time = 11m, 23s)
    Energy change:-5.710738381026204e-05

    vN Entropy at center bond b=60 = 2.354386132231
    Eigs at center bond b=60: 0.2698 0.2245 0.1386 0.1374 0.0277 0.0276 0.0184 0.0173 0.0121 0.0111 
    Largest link dim during sweep 73/1000 was 1047
    Largest truncation error: 7.160506695221689e-07
    Energy after sweep 73/1000 is -210.205858335385
    Sweep 73/1000 CPU time = 11m, 9s (Wall time = 11m, 28s)
    Energy change:-5.035943897269135e-05

    vN Entropy at center bond b=60 = 2.360169054777
    Eigs at center bond b=60: 0.2654 0.2211 0.1428 0.1408 0.0278 0.0276 0.0180 0.0172 0.0123 0.0109 
    Largest link dim during sweep 74/1000 was 1046
    Largest truncation error: 6.957760727142606e-07
    Energy after sweep 74/1000 is -210.205902153317
    Sweep 74/1000 CPU time = 11m, 10s (Wall time = 11m, 29s)
    Energy change:-4.381793101515541e-05

    vN Entropy at center bond b=60 = 2.365213329092
    Eigs at center bond b=60: 0.2612 0.2179 0.1468 0.1440 0.0279 0.0275 0.0177 0.0170 0.0125 0.0107 
    Largest link dim during sweep 75/1000 was 1046
    Largest truncation error: 6.992789966425065e-07
    Energy after sweep 75/1000 is -210.205945054254
    Sweep 75/1000 CPU time = 11m, 15s (Wall time = 11m, 34s)
    Energy change:-4.290093787062688e-05

    vN Entropy at center bond b=60 = 2.369600282556
    Eigs at center bond b=60: 0.2573 0.2148 0.1506 0.1471 0.0279 0.0275 0.0173 0.0168 0.0127 0.0106 
    Largest link dim during sweep 76/1000 was 1045
    Largest truncation error: 7.106448486327686e-07
    Energy after sweep 76/1000 is -210.205980971808
    Sweep 76/1000 CPU time = 11m, 17s (Wall time = 11m, 36s)
    Energy change:-3.591755347542858e-05

    vN Entropy at center bond b=60 = 2.373424175670
    Eigs at center bond b=60: 0.2536 0.2120 0.1542 0.1500 0.0280 0.0275 0.0170 0.0167 0.0129 0.0109 
    Largest link dim during sweep 77/1000 was 1044
    Largest truncation error: 6.914115480298552e-07
    Energy after sweep 77/1000 is -210.206012222642
    Sweep 77/1000 CPU time = 11m, 18s (Wall time = 11m, 37s)
    Energy change:-3.125083370036918e-05

    vN Entropy at center bond b=60 = 2.376740926756
    Eigs at center bond b=60: 0.2501 0.2092 0.1576 0.1527 0.0281 0.0274 0.0167 0.0165 0.0131 0.0112 
    Largest link dim during sweep 78/1000 was 1042
    Largest truncation error: 7.175630007966881e-07
    Energy after sweep 78/1000 is -210.206041166899
    Sweep 78/1000 CPU time = 11m, 19s (Wall time = 11m, 38s)
    Energy change:-2.894425728072747e-05

    vN Entropy at center bond b=60 = 2.379605799052
    Eigs at center bond b=60: 0.2468 0.2067 0.1608 0.1553 0.0281 0.0274 0.0164 0.0164 0.0133 0.0115 
    Largest link dim during sweep 79/1000 was 1041
    Largest truncation error: 7.102495334645193e-07
    Energy after sweep 79/1000 is -210.206066556714
    Sweep 79/1000 CPU time = 11m, 21s (Wall time = 11m, 41s)
    Energy change:-2.538981541988505e-05

    vN Entropy at center bond b=60 = 2.382066338540
    Eigs at center bond b=60: 0.2437 0.2042 0.1639 0.1577 0.0281 0.0274 0.0162 0.0162 0.0134 0.0117 
    Largest link dim during sweep 80/1000 was 1040
    Largest truncation error: 7.091586524937361e-07
    Energy after sweep 80/1000 is -210.206089242699
    Sweep 80/1000 CPU time = 11m, 22s (Wall time = 11m, 40s)
    Energy change:-2.26859852148209e-05

    vN Entropy at center bond b=60 = 2.384164227860
    Eigs at center bond b=60: 0.2408 0.2020 0.1667 0.1600 0.0282 0.0273 0.0161 0.0159 0.0136 0.0119 
    Largest link dim during sweep 81/1000 was 1040
    Largest truncation error: 7.077753355057606e-07
    Energy after sweep 81/1000 is -210.206107501786
    Sweep 81/1000 CPU time = 11m, 22s (Wall time = 11m, 41s)
    Energy change:-1.825908620389782e-05

    vN Entropy at center bond b=60 = 2.385944880881
    Eigs at center bond b=60: 0.2381 0.1999 0.1694 0.1621 0.0282 0.0273 0.0160 0.0157 0.0137 0.0122 
    Largest link dim during sweep 82/1000 was 1038
    Largest truncation error: 7.06442875055948e-07
    Energy after sweep 82/1000 is -210.206123761400
    Sweep 82/1000 CPU time = 11m, 24s (Wall time = 11m, 44s)
    Energy change:-1.625961439799539e-05

    vN Entropy at center bond b=60 = 2.387450219578
    Eigs at center bond b=60: 0.2356 0.1979 0.1718 0.1641 0.0282 0.0273 0.0159 0.0155 0.0138 0.0124 
    Largest link dim during sweep 83/1000 was 1037
    Largest truncation error: 7.060235270278601e-07
    Energy after sweep 83/1000 is -210.206139224722
    Sweep 83/1000 CPU time = 11m, 19s (Wall time = 11m, 37s)
    Energy change:-1.546332174484633e-05

    vN Entropy at center bond b=60 = 2.388727770136
    Eigs at center bond b=60: 0.2333 0.1961 0.1741 0.1659 0.0283 0.0272 0.0158 0.0153 0.0140 0.0126 
    Largest link dim during sweep 84/1000 was 1036
    Largest truncation error: 7.075342574694406e-07
    Energy after sweep 84/1000 is -210.206150788478
    Sweep 84/1000 CPU time = 11m, 20s (Wall time = 11m, 38s)
    Energy change:-1.156375657274111e-05

    vN Entropy at center bond b=60 = 2.389797358220
    Eigs at center bond b=60: 0.2311 0.1944 0.1762 0.1676 0.0283 0.0272 0.0157 0.0151 0.0141 0.0127 
    Largest link dim during sweep 85/1000 was 1036
    Largest truncation error: 7.09855933669956e-07
    Energy after sweep 85/1000 is -210.206162336758
    Sweep 85/1000 CPU time = 11m, 17s (Wall time = 11m, 36s)
    Energy change:-1.154827936034053e-05

    vN Entropy at center bond b=60 = 2.390692657538
    Eigs at center bond b=60: 0.2292 0.1928 0.1782 0.1692 0.0283 0.0272 0.0156 0.0150 0.0142 0.0129 
    Largest link dim during sweep 86/1000 was 1036
    Largest truncation error: 7.100165052061055e-07
    Energy after sweep 86/1000 is -210.206169846810
    Sweep 86/1000 CPU time = 11m, 16s (Wall time = 11m, 35s)
    Energy change:-7.510052569159598e-06

    Energy has converged -> stop the DMRG.
Final energy=0
Time=33946 sec
Nup =25 Ndown = 24L = 40 W = 3
