1_Dn 4_Up 7_Dn 10_Up 13_Dn 16_Up 19_Dn 22_Up 25_Dn 28_Up 31_Dn 34_Up 37_Dn 40_Up 43_Dn 46_Up 2_Up 5_Dn 8_Up 11_Dn 14_Up 17_Dn 20_Up 23_Dn 26_Up 29_Dn 32_Up 35_Dn 38_Up 41_Dn 44_Up 3_Dn 6_Up 9_Dn 12_Up 15_Dn 18_Up 21_Dn 24_Up 27_Dn 30_Up 33_Dn 36_Up 39_Dn 42_Up 45_Dn 47_Up Initial energy=0
    vN Entropy at center bond b=60 = 0.001340590365
    Eigs at center bond b=60: 0.9999 
    Largest link dim during sweep 1/1000 was 10
    Largest truncation error: 0.004141289008490694
    Energy after sweep 1/1000 is -178.810225828294
    Sweep 1/1000 CPU time = 0.473s (Wall time = 0.477s)
    Energy change:-178.8102258282942

    vN Entropy at center bond b=60 = 0.279891313637
    Eigs at center bond b=60: 0.9195 0.0805 
    Largest link dim during sweep 2/1000 was 20
    Largest truncation error: 0.002776472408079419
    Energy after sweep 2/1000 is -185.421351190371
    Sweep 2/1000 CPU time = 1.849s (Wall time = 1.949s)
    Energy change:-6.611125362076706

    vN Entropy at center bond b=60 = 0.133207169162
    Eigs at center bond b=60: 0.9717 0.0275 
    Largest link dim during sweep 3/1000 was 50
    Largest truncation error: 0.0009158472122747674
    Energy after sweep 3/1000 is -189.169364676233
    Sweep 3/1000 CPU time = 3.557s (Wall time = 3.875s)
    Energy change:-3.748013485861946

    vN Entropy at center bond b=60 = 0.472609858696
    Eigs at center bond b=60: 0.8864 0.0750 0.0175 0.0151 0.0039 
    Largest link dim during sweep 4/1000 was 100
    Largest truncation error: 0.0001440555667595187
    Energy after sweep 4/1000 is -190.504764638608
    Sweep 4/1000 CPU time = 6.639s (Wall time = 7.241s)
    Energy change:-1.33539996237522

    vN Entropy at center bond b=60 = 0.931802453797
    Eigs at center bond b=60: 0.5979 0.3333 0.0325 0.0305 0.0018 0.0017 
    Largest link dim during sweep 5/1000 was 200
    Largest truncation error: 4.222595214872556e-05
    Energy after sweep 5/1000 is -191.635211438437
    Sweep 5/1000 CPU time = 13.96s (Wall time = 15.10s)
    Energy change:-1.130446799829116

    vN Entropy at center bond b=60 = 0.499894316949
    Eigs at center bond b=60: 0.9053 0.0248 0.0228 0.0115 0.0113 0.0079 0.0069 0.0066 
    Largest link dim during sweep 6/1000 was 400
    Largest truncation error: 2.049903470564572e-05
    Energy after sweep 6/1000 is -192.552699144999
    Sweep 6/1000 CPU time = 42.84s (Wall time = 45.37s)
    Energy change:-0.9174877065619853

    vN Entropy at center bond b=60 = 0.999892590546
    Eigs at center bond b=60: 0.5380 0.3822 0.0355 0.0352 0.0021 0.0021 0.0011 0.0011 0.0010 
    Largest link dim during sweep 7/1000 was 1000
    Largest truncation error: 3.008881845664246e-06
    Energy after sweep 7/1000 is -193.445064067523
    Sweep 7/1000 CPU time = 2m, 47.3s (Wall time = 2m, 53.2s)
    Energy change:-0.8923649225241661

    vN Entropy at center bond b=60 = 0.596264191549
    Eigs at center bond b=60: 0.8825 0.0315 0.0295 0.0123 0.0123 0.0093 0.0089 0.0088 
    Largest link dim during sweep 8/1000 was 1572
    Largest truncation error: 9.202219173520968e-07
    Energy after sweep 8/1000 is -194.149259336613
    Sweep 8/1000 CPU time = 4m, 27.8s (Wall time = 4m, 35.6s)
    Energy change:-0.7041952690897233

    vN Entropy at center bond b=60 = 1.030713640416
    Eigs at center bond b=60: 0.5015 0.4142 0.0362 0.0361 0.0024 0.0024 0.0023 0.0014 0.0013 
    Largest link dim during sweep 9/1000 was 1289
    Largest truncation error: 8.774049777677047e-07
    Energy after sweep 9/1000 is -194.833827171418
    Sweep 9/1000 CPU time = 4m, 25.5s (Wall time = 4m, 33.1s)
    Energy change:-0.6845678348051081

    vN Entropy at center bond b=60 = 0.735991879841
    Eigs at center bond b=60: 0.8098 0.1223 0.0220 0.0219 0.0067 0.0042 0.0035 0.0035 0.0016 0.0016 
    Largest link dim during sweep 10/1000 was 1477
    Largest truncation error: 8.509381798225058e-07
    Energy after sweep 10/1000 is -195.358479905843
    Sweep 10/1000 CPU time = 4m, 15.1s (Wall time = 4m, 22.1s)
    Energy change:-0.5246527344245635

    vN Entropy at center bond b=60 = 0.744902295371
    Eigs at center bond b=60: 0.8261 0.0911 0.0216 0.0215 0.0137 0.0093 0.0049 0.0049 0.0016 0.0016 
    Largest link dim during sweep 11/1000 was 1509
    Largest truncation error: 8.576560148344592e-07
    Energy after sweep 11/1000 is -195.924712268763
    Sweep 11/1000 CPU time = 3m, 44.6s (Wall time = 3m, 50.8s)
    Energy change:-0.566232362920033

    vN Entropy at center bond b=60 = 1.031866122902
    Eigs at center bond b=60: 0.5266 0.3892 0.0355 0.0354 0.0028 0.0027 0.0014 0.0013 0.0013 0.0012 
    Largest link dim during sweep 12/1000 was 1585
    Largest truncation error: 8.669574677684066e-07
    Energy after sweep 12/1000 is -196.583894168598
    Sweep 12/1000 CPU time = 3m, 36.2s (Wall time = 3m, 41.4s)
    Energy change:-0.6591818998347492

    vN Entropy at center bond b=60 = 0.729242543859
    Eigs at center bond b=60: 0.8421 0.0710 0.0200 0.0156 0.0156 0.0094 0.0089 0.0089 0.0016 0.0016 
    Largest link dim during sweep 13/1000 was 1479
    Largest truncation error: 8.751455538528675e-07
    Energy after sweep 13/1000 is -197.101180174768
    Sweep 13/1000 CPU time = 3m, 29.7s (Wall time = 3m, 35.7s)
    Energy change:-0.517286006170167

    vN Entropy at center bond b=60 = 0.939766160093
    Eigs at center bond b=60: 0.7117 0.2001 0.0293 0.0293 0.0071 0.0070 0.0028 0.0028 0.0027 0.0026 
    Largest link dim during sweep 14/1000 was 1419
    Largest truncation error: 8.445043944187521e-07
    Energy after sweep 14/1000 is -197.528556912020
    Sweep 14/1000 CPU time = 3m, 7.1s (Wall time = 3m, 10.9s)
    Energy change:-0.4273767372524162

    vN Entropy at center bond b=60 = 1.029201382160
    Eigs at center bond b=60: 0.5848 0.3302 0.0331 0.0330 0.0030 0.0030 0.0030 0.0013 0.0013 0.0013 
    Largest link dim during sweep 15/1000 was 1219
    Largest truncation error: 8.594499619950383e-07
    Energy after sweep 15/1000 is -197.986945625635
    Sweep 15/1000 CPU time = 2m, 48.2s (Wall time = 2m, 51.9s)
    Energy change:-0.4583887136143971

    vN Entropy at center bond b=60 = 0.818056797627
    Eigs at center bond b=60: 0.8209 0.0684 0.0359 0.0147 0.0145 0.0122 0.0114 0.0114 0.0017 0.0017 
    Largest link dim during sweep 16/1000 was 1297
    Largest truncation error: 8.878710450070113e-07
    Energy after sweep 16/1000 is -198.454040471378
    Sweep 16/1000 CPU time = 2m, 29.9s (Wall time = 2m, 33.9s)
    Energy change:-0.4670948457439579

    vN Entropy at center bond b=60 = 0.972036377991
    Eigs at center bond b=60: 0.7022 0.2052 0.0288 0.0285 0.0093 0.0082 0.0035 0.0033 0.0029 0.0029 
    Largest link dim during sweep 17/1000 was 1014
    Largest truncation error: 8.300249337041938e-07
    Energy after sweep 17/1000 is -198.812951846105
    Sweep 17/1000 CPU time = 2m, 16.8s (Wall time = 2m, 18.9s)
    Energy change:-0.3589113747266595

    vN Entropy at center bond b=60 = 1.068905691565
    Eigs at center bond b=60: 0.4940 0.4183 0.0347 0.0342 0.0033 0.0033 0.0022 0.0017 0.0014 0.0014 
    Largest link dim during sweep 18/1000 was 1106
    Largest truncation error: 8.941328616778545e-07
    Energy after sweep 18/1000 is -199.101608806995
    Sweep 18/1000 CPU time = 2m, 3.2s (Wall time = 2m, 4.3s)
    Energy change:-0.2886569608895968

    vN Entropy at center bond b=60 = 0.886412285807
    Eigs at center bond b=60: 0.7682 0.1420 0.0233 0.0223 0.0128 0.0086 0.0057 0.0056 0.0025 0.0024 
    Largest link dim during sweep 19/1000 was 1226
    Largest truncation error: 7.899483129431429e-07
    Energy after sweep 19/1000 is -199.607003673139
    Sweep 19/1000 CPU time = 2m, 9.9s (Wall time = 2m, 11.8s)
    Energy change:-0.5053948661442007

    vN Entropy at center bond b=60 = 0.955855460633
    Eigs at center bond b=60: 0.7373 0.1633 0.0261 0.0254 0.0155 0.0098 0.0056 0.0048 0.0029 0.0029 
    Largest link dim during sweep 20/1000 was 1067
    Largest truncation error: 8.098241033766066e-07
    Energy after sweep 20/1000 is -200.033379159851
    Sweep 20/1000 CPU time = 2m, 24.4s (Wall time = 2m, 27.7s)
    Energy change:-0.4263754867120895

    vN Entropy at center bond b=60 = 1.099301845686
    Eigs at center bond b=60: 0.5013 0.4068 0.0344 0.0327 0.0038 0.0037 0.0028 0.0025 0.0015 0.0015 
    Largest link dim during sweep 21/1000 was 888
    Largest truncation error: 7.804879260749229e-07
    Energy after sweep 21/1000 is -200.318084175908
    Sweep 21/1000 CPU time = 2m, 10.1s (Wall time = 2m, 12.0s)
    Energy change:-0.284705016056904

    vN Entropy at center bond b=60 = 0.955738345037
    Eigs at center bond b=60: 0.7660 0.1199 0.0281 0.0219 0.0191 0.0129 0.0091 0.0087 0.0026 0.0026 
    Largest link dim during sweep 22/1000 was 1063
    Largest truncation error: 7.826880421932703e-07
    Energy after sweep 22/1000 is -200.614422679311
    Sweep 22/1000 CPU time = 1m, 58.5s (Wall time = 1m, 59.2s)
    Energy change:-0.2963385034026373

    vN Entropy at center bond b=60 = 1.076380859945
    Eigs at center bond b=60: 0.6770 0.2124 0.0276 0.0262 0.0184 0.0107 0.0062 0.0050 0.0037 0.0037 
    Largest link dim during sweep 23/1000 was 1113
    Largest truncation error: 7.832036974756448e-07
    Energy after sweep 23/1000 is -200.867519233296
    Sweep 23/1000 CPU time = 2m, 3.4s (Wall time = 2m, 4.7s)
    Energy change:-0.2530965539855856

    vN Entropy at center bond b=60 = 1.154611116883
    Eigs at center bond b=60: 0.5140 0.3864 0.0323 0.0299 0.0046 0.0045 0.0039 0.0037 0.0034 0.0027 
    Largest link dim during sweep 24/1000 was 1087
    Largest truncation error: 7.809318946922391e-07
    Energy after sweep 24/1000 is -201.092678179568
    Sweep 24/1000 CPU time = 1m, 58.1s (Wall time = 1m, 59.2s)
    Energy change:-0.2251589462720176

    vN Entropy at center bond b=60 = 1.106818599847
    Eigs at center bond b=60: 0.7162 0.1427 0.0444 0.0215 0.0192 0.0140 0.0104 0.0101 0.0036 0.0035 
    Largest link dim during sweep 25/1000 was 1045
    Largest truncation error: 7.70709577219798e-07
    Energy after sweep 25/1000 is -201.272592822533
    Sweep 25/1000 CPU time = 1m, 50.3s (Wall time = 1m, 51.1s)
    Energy change:-0.1799146429644054

    vN Entropy at center bond b=60 = 1.167949198555
    Eigs at center bond b=60: 0.6814 0.1742 0.0445 0.0223 0.0215 0.0142 0.0102 0.0087 0.0041 0.0041 
    Largest link dim during sweep 26/1000 was 805
    Largest truncation error: 7.444077274690435e-07
    Energy after sweep 26/1000 is -201.418793173348
    Sweep 26/1000 CPU time = 1m, 43.2s (Wall time = 1m, 43.7s)
    Energy change:-0.1462003508156897

    vN Entropy at center bond b=60 = 1.258018722605
    Eigs at center bond b=60: 0.4844 0.3991 0.0285 0.0271 0.0113 0.0077 0.0055 0.0054 0.0041 0.0040 
    Largest link dim during sweep 27/1000 was 774
    Largest truncation error: 7.148396834399834e-07
    Energy after sweep 27/1000 is -201.543456078162
    Sweep 27/1000 CPU time = 1m, 36.9s (Wall time = 1m, 37.3s)
    Energy change:-0.1246629048135617

    vN Entropy at center bond b=60 = 1.265170577813
    Eigs at center bond b=60: 0.5846 0.2847 0.0257 0.0245 0.0241 0.0105 0.0059 0.0058 0.0054 0.0053 
    Largest link dim during sweep 28/1000 was 758
    Largest truncation error: 6.883342229875785e-07
    Energy after sweep 28/1000 is -201.653893778926
    Sweep 28/1000 CPU time = 1m, 37.8s (Wall time = 1m, 38.2s)
    Energy change:-0.1104377007639812

    vN Entropy at center bond b=60 = 1.271028068204
    Eigs at center bond b=60: 0.6633 0.1496 0.0794 0.0188 0.0173 0.0154 0.0127 0.0125 0.0052 0.0043 
    Largest link dim during sweep 29/1000 was 816
    Largest truncation error: 6.955011255734485e-07
    Energy after sweep 29/1000 is -201.762634745991
    Sweep 29/1000 CPU time = 1m, 48.0s (Wall time = 1m, 48.5s)
    Energy change:-0.1087409670649038

    vN Entropy at center bond b=60 = 1.311969224665
    Eigs at center bond b=60: 0.6221 0.2107 0.0576 0.0212 0.0208 0.0139 0.0102 0.0093 0.0054 0.0054 
    Largest link dim during sweep 30/1000 was 606
    Largest truncation error: 7.018073288711184e-07
    Energy after sweep 30/1000 is -201.852338989866
    Sweep 30/1000 CPU time = 1m, 48.8s (Wall time = 1m, 49.2s)
    Energy change:-0.08970424387564435

    vN Entropy at center bond b=60 = 1.353283176379
    Eigs at center bond b=60: 0.4801 0.3842 0.0253 0.0247 0.0199 0.0090 0.0068 0.0066 0.0066 0.0047 
    Largest link dim during sweep 31/1000 was 547
    Largest truncation error: 7.311005578119583e-07
    Energy after sweep 31/1000 is -201.941639555027
    Sweep 31/1000 CPU time = 1m, 54.8s (Wall time = 1m, 55.2s)
    Energy change:-0.08930056516095419

    vN Entropy at center bond b=60 = 1.362820268381
    Eigs at center bond b=60: 0.5676 0.2798 0.0365 0.0226 0.0221 0.0106 0.0072 0.0071 0.0066 0.0065 
    Largest link dim during sweep 32/1000 was 649
    Largest truncation error: 7.084897144307803e-07
    Energy after sweep 32/1000 is -201.995903293157
    Sweep 32/1000 CPU time = 2m, 18.4s (Wall time = 2m, 19.0s)
    Energy change:-0.0542637381294071

    vN Entropy at center bond b=60 = 1.379486533774
    Eigs at center bond b=60: 0.6271 0.1572 0.0995 0.0169 0.0164 0.0141 0.0134 0.0132 0.0074 0.0052 
    Largest link dim during sweep 33/1000 was 577
    Largest truncation error: 7.219380442538714e-07
    Energy after sweep 33/1000 is -202.029485109796
    Sweep 33/1000 CPU time = 2m, 25.8s (Wall time = 2m, 26.4s)
    Energy change:-0.03358181663887194

    vN Entropy at center bond b=60 = 1.414187704792
    Eigs at center bond b=60: 0.6023 0.1917 0.0877 0.0186 0.0184 0.0143 0.0116 0.0112 0.0073 0.0058 
    Largest link dim during sweep 34/1000 was 576
    Largest truncation error: 7.028373631097482e-07
    Energy after sweep 34/1000 is -202.051769000557
    Sweep 34/1000 CPU time = 2m, 31.9s (Wall time = 2m, 32.9s)
    Energy change:-0.022283890761571

    vN Entropy at center bond b=60 = 1.450374167425
    Eigs at center bond b=60: 0.5279 0.3005 0.0479 0.0219 0.0215 0.0126 0.0075 0.0073 0.0069 0.0069 
    Largest link dim during sweep 35/1000 was 608
    Largest truncation error: 7.133844712381426e-07
    Energy after sweep 35/1000 is -202.067355026211
    Sweep 35/1000 CPU time = 2m, 45.8s (Wall time = 2m, 47.5s)
    Energy change:-0.01558602565430078

    vN Entropy at center bond b=60 = 1.476969741082
    Eigs at center bond b=60: 0.4442 0.3936 0.0280 0.0228 0.0224 0.0145 0.0105 0.0072 0.0072 0.0071 
    Largest link dim during sweep 36/1000 was 659
    Largest truncation error: 7.310488716479415e-07
    Energy after sweep 36/1000 is -202.076951854311
    Sweep 36/1000 CPU time = 3m, 6.3s (Wall time = 3m, 9.5s)
    Energy change:-0.009596828099461163

    vN Entropy at center bond b=60 = 1.505383726983
    Eigs at center bond b=60: 0.4581 0.3719 0.0296 0.0221 0.0216 0.0182 0.0105 0.0089 0.0071 0.0071 
    Largest link dim during sweep 37/1000 was 685
    Largest truncation error: 7.237252654061608e-07
    Energy after sweep 37/1000 is -202.082546296239
    Sweep 37/1000 CPU time = 3m, 23.2s (Wall time = 3m, 27.9s)
    Energy change:-0.005594441927712523

    vN Entropy at center bond b=60 = 1.532976501733
    Eigs at center bond b=60: 0.4959 0.3179 0.0482 0.0210 0.0204 0.0133 0.0130 0.0077 0.0073 0.0072 
    Largest link dim during sweep 38/1000 was 702
    Largest truncation error: 7.212966493769677e-07
    Energy after sweep 38/1000 is -202.085468858634
    Sweep 38/1000 CPU time = 3m, 39.5s (Wall time = 3m, 44.9s)
    Energy change:-0.002922562395355044

    vN Entropy at center bond b=60 = 1.555016353271
    Eigs at center bond b=60: 0.5127 0.2855 0.0638 0.0201 0.0194 0.0152 0.0104 0.0086 0.0084 0.0070 
    Largest link dim during sweep 39/1000 was 720
    Largest truncation error: 7.171474626326584e-07
    Energy after sweep 39/1000 is -202.086682841573
    Sweep 39/1000 CPU time = 3m, 47.2s (Wall time = 3m, 52.8s)
    Energy change:-0.001213982938992331

    vN Entropy at center bond b=60 = 1.568759941295
    Eigs at center bond b=60: 0.5198 0.2681 0.0738 0.0197 0.0188 0.0163 0.0094 0.0092 0.0092 0.0067 
    Largest link dim during sweep 40/1000 was 735
    Largest truncation error: 7.075179134622455e-07
    Energy after sweep 40/1000 is -202.087174295274
    Sweep 40/1000 CPU time = 3m, 45.6s (Wall time = 3m, 50.9s)
    Energy change:-0.0004914537010165532

    vN Entropy at center bond b=60 = 1.576118878604
    Eigs at center bond b=60: 0.5233 0.2587 0.0793 0.0196 0.0185 0.0168 0.0098 0.0095 0.0085 0.0067 
    Largest link dim during sweep 41/1000 was 746
    Largest truncation error: 7.206827210606606e-07
    Energy after sweep 41/1000 is -202.087488219338
    Sweep 41/1000 CPU time = 3m, 43.7s (Wall time = 3m, 49.1s)
    Energy change:-0.0003139240640166463

    vN Entropy at center bond b=60 = 1.581206852125
    Eigs at center bond b=60: 0.5256 0.2525 0.0828 0.0197 0.0183 0.0172 0.0102 0.0098 0.0081 0.0068 
    Largest link dim during sweep 42/1000 was 759
    Largest truncation error: 7.203033107901024e-07
    Energy after sweep 42/1000 is -202.087762550509
    Sweep 42/1000 CPU time = 3m, 46.8s (Wall time = 3m, 52.4s)
    Energy change:-0.0002743311709707541

    vN Entropy at center bond b=60 = 1.585729112537
    Eigs at center bond b=60: 0.5272 0.2479 0.0851 0.0200 0.0181 0.0173 0.0105 0.0099 0.0078 0.0068 
    Largest link dim during sweep 43/1000 was 773
    Largest truncation error: 7.223088886031962e-07
    Energy after sweep 43/1000 is -202.088025785663
    Sweep 43/1000 CPU time = 3m, 52.1s (Wall time = 3m, 57.8s)
    Energy change:-0.0002632351540228228

    vN Entropy at center bond b=60 = 1.590514037941
    Eigs at center bond b=60: 0.5285 0.2440 0.0869 0.0203 0.0180 0.0175 0.0109 0.0100 0.0075 0.0068 
    Largest link dim during sweep 44/1000 was 787
    Largest truncation error: 7.23379664653251e-07
    Energy after sweep 44/1000 is -202.088279797278
    Sweep 44/1000 CPU time = 3m, 57.9s (Wall time = 4m, 3.8s)
    Energy change:-0.000254011615396621

    vN Entropy at center bond b=60 = 1.596022674147
    Eigs at center bond b=60: 0.5295 0.2404 0.0883 0.0209 0.0178 0.0176 0.0114 0.0101 0.0073 0.0068 
    Largest link dim during sweep 45/1000 was 804
    Largest truncation error: 7.156556877064237e-07
    Energy after sweep 45/1000 is -202.088536591481
    Sweep 45/1000 CPU time = 4m, 4.8s (Wall time = 4m, 10.4s)
    Energy change:-0.0002567942021869385

    vN Entropy at center bond b=60 = 1.602560138198
    Eigs at center bond b=60: 0.5304 0.2367 0.0897 0.0215 0.0177 0.0176 0.0120 0.0102 0.0071 0.0067 
    Largest link dim during sweep 46/1000 was 824
    Largest truncation error: 7.277642918992669e-07
    Energy after sweep 46/1000 is -202.088791864928
    Sweep 46/1000 CPU time = 4m, 14.2s (Wall time = 4m, 20.3s)
    Energy change:-0.0002552734470100404

    vN Entropy at center bond b=60 = 1.610150051315
    Eigs at center bond b=60: 0.5311 0.2330 0.0908 0.0223 0.0178 0.0175 0.0128 0.0103 0.0069 0.0067 
    Largest link dim during sweep 47/1000 was 841
    Largest truncation error: 7.185418185304589e-07
    Energy after sweep 47/1000 is -202.089047679322
    Sweep 47/1000 CPU time = 4m, 23.1s (Wall time = 4m, 29.3s)
    Energy change:-0.0002558143940518676

    vN Entropy at center bond b=60 = 1.618747502515
    Eigs at center bond b=60: 0.5316 0.2291 0.0920 0.0233 0.0178 0.0173 0.0137 0.0103 0.0067 0.0066 
    Largest link dim during sweep 48/1000 was 858
    Largest truncation error: 7.22670768885157e-07
    Energy after sweep 48/1000 is -202.089299741413
    Sweep 48/1000 CPU time = 4m, 32.7s (Wall time = 4m, 39.3s)
    Energy change:-0.0002520620911923288

    vN Entropy at center bond b=60 = 1.628327121081
    Eigs at center bond b=60: 0.5319 0.2251 0.0930 0.0245 0.0179 0.0171 0.0149 0.0104 0.0066 0.0064 
    Largest link dim during sweep 49/1000 was 872
    Largest truncation error: 7.123540971585713e-07
    Energy after sweep 49/1000 is -202.089545801913
    Sweep 49/1000 CPU time = 4m, 41.4s (Wall time = 4m, 48.4s)
    Energy change:-0.0002460605002170269

    vN Entropy at center bond b=60 = 1.638820059888
    Eigs at center bond b=60: 0.5320 0.2209 0.0940 0.0258 0.0180 0.0169 0.0164 0.0104 0.0066 0.0062 
    Largest link dim during sweep 50/1000 was 887
    Largest truncation error: 7.043508807372972e-07
    Energy after sweep 50/1000 is -202.089791973671
    Sweep 50/1000 CPU time = 4m, 53.2s (Wall time = 5m, 0.3s)
    Energy change:-0.0002461717579365086

    vN Entropy at center bond b=60 = 1.649994920610
    Eigs at center bond b=60: 0.5319 0.2166 0.0950 0.0273 0.0181 0.0180 0.0167 0.0105 0.0065 0.0060 
    Largest link dim during sweep 51/1000 was 900
    Largest truncation error: 7.239144687835304e-07
    Energy after sweep 51/1000 is -202.090027873024
    Sweep 51/1000 CPU time = 5m, 2.2s (Wall time = 5m, 9.8s)
    Energy change:-0.0002358993525888309

    vN Entropy at center bond b=60 = 1.661653081069
    Eigs at center bond b=60: 0.5316 0.2122 0.0959 0.0290 0.0201 0.0180 0.0164 0.0105 0.0064 0.0058 
    Largest link dim during sweep 52/1000 was 913
    Largest truncation error: 7.092000666806456e-07
    Energy after sweep 52/1000 is -202.090252105694
    Sweep 52/1000 CPU time = 5m, 11.5s (Wall time = 5m, 19.6s)
    Energy change:-0.0002242326700354624

    vN Entropy at center bond b=60 = 1.673572151263
    Eigs at center bond b=60: 0.5311 0.2078 0.0967 0.0308 0.0223 0.0181 0.0162 0.0105 0.0064 0.0056 
    Largest link dim during sweep 53/1000 was 921
    Largest truncation error: 7.001625582589457e-07
    Energy after sweep 53/1000 is -202.090462654806
    Sweep 53/1000 CPU time = 5m, 19.7s (Wall time = 5m, 28.1s)
    Energy change:-0.00021054911260876

    vN Entropy at center bond b=60 = 1.685635920564
    Eigs at center bond b=60: 0.5303 0.2033 0.0975 0.0327 0.0248 0.0181 0.0159 0.0105 0.0063 0.0053 
    Largest link dim during sweep 54/1000 was 930
    Largest truncation error: 7.241978179705724e-07
    Energy after sweep 54/1000 is -202.090660944154
    Sweep 54/1000 CPU time = 5m, 28.9s (Wall time = 5m, 38.0s)
    Energy change:-0.000198289347821401

    vN Entropy at center bond b=60 = 1.697766399695
    Eigs at center bond b=60: 0.5294 0.1989 0.0982 0.0347 0.0274 0.0181 0.0157 0.0105 0.0062 0.0052 
    Largest link dim during sweep 55/1000 was 939
    Largest truncation error: 7.140372980449102e-07
    Energy after sweep 55/1000 is -202.090849106041
    Sweep 55/1000 CPU time = 5m, 34.5s (Wall time = 5m, 43.8s)
    Energy change:-0.0001881618873369462

    vN Entropy at center bond b=60 = 1.709751290148
    Eigs at center bond b=60: 0.5283 0.1946 0.0988 0.0368 0.0302 0.0181 0.0154 0.0105 0.0061 0.0051 
    Largest link dim during sweep 56/1000 was 943
    Largest truncation error: 7.258307153157371e-07
    Energy after sweep 56/1000 is -202.091021134655
    Sweep 56/1000 CPU time = 5m, 40.2s (Wall time = 5m, 49.8s)
    Energy change:-0.0001720286138322535

    vN Entropy at center bond b=60 = 1.721438245717
    Eigs at center bond b=60: 0.5270 0.1904 0.0993 0.0389 0.0331 0.0181 0.0152 0.0105 0.0060 0.0050 
    Largest link dim during sweep 57/1000 was 948
    Largest truncation error: 7.227696476449268e-07
    Energy after sweep 57/1000 is -202.091181294142
    Sweep 57/1000 CPU time = 5m, 46.8s (Wall time = 5m, 56.3s)
    Energy change:-0.0001601594869669043

    vN Entropy at center bond b=60 = 1.732939559856
    Eigs at center bond b=60: 0.5255 0.1862 0.0998 0.0410 0.0362 0.0181 0.0149 0.0105 0.0059 0.0049 
    Largest link dim during sweep 58/1000 was 951
    Largest truncation error: 7.232673509312443e-07
    Energy after sweep 58/1000 is -202.091332052655
    Sweep 58/1000 CPU time = 5m, 52.7s (Wall time = 6m, 2.7s)
    Energy change:-0.0001507585129161271

    vN Entropy at center bond b=60 = 1.744281395653
    Eigs at center bond b=60: 0.5239 0.1822 0.1002 0.0431 0.0393 0.0181 0.0147 0.0104 0.0058 0.0048 
    Largest link dim during sweep 59/1000 was 954
    Largest truncation error: 7.130394037870269e-07
    Energy after sweep 59/1000 is -202.091470674948
    Sweep 59/1000 CPU time = 5m, 57.3s (Wall time = 6m, 7.2s)
    Energy change:-0.0001386222925816583

    vN Entropy at center bond b=60 = 1.755438655324
    Eigs at center bond b=60: 0.5222 0.1783 0.1005 0.0453 0.0426 0.0181 0.0144 0.0104 0.0057 0.0051 
    Largest link dim during sweep 60/1000 was 957
    Largest truncation error: 7.081036026813259e-07
    Energy after sweep 60/1000 is -202.091602129059
    Sweep 60/1000 CPU time = 6m, 3.0s (Wall time = 6m, 13.5s)
    Energy change:-0.0001314541111980816

    vN Entropy at center bond b=60 = 1.766419303161
    Eigs at center bond b=60: 0.5203 0.1746 0.1008 0.0474 0.0459 0.0181 0.0142 0.0104 0.0056 0.0053 
    Largest link dim during sweep 61/1000 was 959
    Largest truncation error: 7.245840050923122e-07
    Energy after sweep 61/1000 is -202.091724060527
    Sweep 61/1000 CPU time = 6m, 8.7s (Wall time = 6m, 19.3s)
    Energy change:-0.0001219314683567063

    vN Entropy at center bond b=60 = 1.777171582919
    Eigs at center bond b=60: 0.5183 0.1710 0.1010 0.0494 0.0492 0.0181 0.0140 0.0103 0.0055 0.0055 
    Largest link dim during sweep 62/1000 was 962
    Largest truncation error: 7.168396353243481e-07
    Energy after sweep 62/1000 is -202.091838464473
    Sweep 62/1000 CPU time = 6m, 10.8s (Wall time = 6m, 21.3s)
    Energy change:-0.0001144039459575197

    vN Entropy at center bond b=60 = 1.787609033563
    Eigs at center bond b=60: 0.5162 0.1675 0.1011 0.0525 0.0515 0.0181 0.0138 0.0103 0.0057 0.0054 
    Largest link dim during sweep 63/1000 was 963
    Largest truncation error: 7.090079998281826e-07
    Energy after sweep 63/1000 is -202.091944521645
    Sweep 63/1000 CPU time = 6m, 16.5s (Wall time = 6m, 27.3s)
    Energy change:-0.0001060571715925107

    vN Entropy at center bond b=60 = 1.797786640224
    Eigs at center bond b=60: 0.5140 0.1641 0.1012 0.0559 0.0534 0.0180 0.0135 0.0103 0.0059 0.0053 
    Largest link dim during sweep 64/1000 was 964
    Largest truncation error: 7.03791868809519e-07
    Energy after sweep 64/1000 is -202.092037171305
    Sweep 64/1000 CPU time = 6m, 21.0s (Wall time = 6m, 31.8s)
    Energy change:-9.26496598765425e-05

    vN Entropy at center bond b=60 = 1.807813668099
    Eigs at center bond b=60: 0.5118 0.1609 0.1013 0.0593 0.0554 0.0180 0.0133 0.0102 0.0061 0.0052 
    Largest link dim during sweep 65/1000 was 964
    Largest truncation error: 7.24343329423671e-07
    Energy after sweep 65/1000 is -202.092132922797
    Sweep 65/1000 CPU time = 6m, 24.2s (Wall time = 6m, 35.2s)
    Energy change:-9.575149201168642e-05

    vN Entropy at center bond b=60 = 1.817712385449
    Eigs at center bond b=60: 0.5094 0.1578 0.1013 0.0627 0.0572 0.0180 0.0131 0.0102 0.0063 0.0051 
    Largest link dim during sweep 66/1000 was 964
    Largest truncation error: 7.142945793057721e-07
    Energy after sweep 66/1000 is -202.092218589882
    Sweep 66/1000 CPU time = 6m, 28.5s (Wall time = 6m, 39.4s)
    Energy change:-8.566708487478536e-05

    vN Entropy at center bond b=60 = 1.827492304595
    Eigs at center bond b=60: 0.5070 0.1548 0.1013 0.0661 0.0591 0.0179 0.0129 0.0101 0.0065 0.0050 
    Largest link dim during sweep 67/1000 was 965
    Largest truncation error: 7.076417975365199e-07
    Energy after sweep 67/1000 is -202.092304472803
    Sweep 67/1000 CPU time = 6m, 34.0s (Wall time = 6m, 44.9s)
    Energy change:-8.588292124045438e-05

    vN Entropy at center bond b=60 = 1.837168760922
    Eigs at center bond b=60: 0.5045 0.1519 0.1012 0.0695 0.0608 0.0179 0.0127 0.0101 0.0067 0.0051 
    Largest link dim during sweep 68/1000 was 965
    Largest truncation error: 7.035599580274762e-07
    Energy after sweep 68/1000 is -202.092387442515
    Sweep 68/1000 CPU time = 6m, 36.7s (Wall time = 6m, 48.6s)
    Energy change:-8.296971253685115e-05

    vN Entropy at center bond b=60 = 1.846758924394
    Eigs at center bond b=60: 0.5019 0.1492 0.1011 0.0729 0.0625 0.0179 0.0125 0.0100 0.0069 0.0051 
    Largest link dim during sweep 69/1000 was 965
    Largest truncation error: 6.956633569640828e-07
    Energy after sweep 69/1000 is -202.092463354740
    Sweep 69/1000 CPU time = 6m, 39.4s (Wall time = 6m, 50.8s)
    Energy change:-7.591222475866743e-05

    vN Entropy at center bond b=60 = 1.856237404373
    Eigs at center bond b=60: 0.4993 0.1465 0.1010 0.0763 0.0642 0.0178 0.0124 0.0100 0.0071 0.0051 
    Largest link dim during sweep 70/1000 was 965
    Largest truncation error: 7.256647336443864e-07
    Energy after sweep 70/1000 is -202.092536807137
    Sweep 70/1000 CPU time = 6m, 44.0s (Wall time = 6m, 55.1s)
    Energy change:-7.345239731648689e-05

    vN Entropy at center bond b=60 = 1.865687891831
    Eigs at center bond b=60: 0.4966 0.1439 0.1008 0.0798 0.0658 0.0178 0.0122 0.0099 0.0073 0.0051 
    Largest link dim during sweep 71/1000 was 965
    Largest truncation error: 7.203740829429705e-07
    Energy after sweep 71/1000 is -202.092606929019
    Sweep 71/1000 CPU time = 6m, 47.5s (Wall time = 6m, 58.5s)
    Energy change:-7.012188160615551e-05

    vN Entropy at center bond b=60 = 1.875114565107
    Eigs at center bond b=60: 0.4938 0.1414 0.1006 0.0832 0.0673 0.0177 0.0120 0.0098 0.0074 0.0051 
    Largest link dim during sweep 72/1000 was 965
    Largest truncation error: 7.291848286791674e-07
    Energy after sweep 72/1000 is -202.092672294589
    Sweep 72/1000 CPU time = 6m, 50.5s (Wall time = 7m, 2.1s)
    Energy change:-6.53655700091349e-05

    vN Entropy at center bond b=60 = 1.884465427402
    Eigs at center bond b=60: 0.4909 0.1390 0.1003 0.0866 0.0688 0.0176 0.0118 0.0098 0.0076 0.0051 
    Largest link dim during sweep 73/1000 was 964
    Largest truncation error: 7.286369186044612e-07
    Energy after sweep 73/1000 is -202.092736283799
    Sweep 73/1000 CPU time = 6m, 55.2s (Wall time = 7m, 7.3s)
    Energy change:-6.398921027539473e-05

    vN Entropy at center bond b=60 = 1.893663936520
    Eigs at center bond b=60: 0.4881 0.1366 0.1000 0.0901 0.0702 0.0176 0.0117 0.0097 0.0077 0.0051 
    Largest link dim during sweep 74/1000 was 964
    Largest truncation error: 7.281274366742597e-07
    Energy after sweep 74/1000 is -202.092796234572
    Sweep 74/1000 CPU time = 6m, 57.6s (Wall time = 7m, 9.7s)
    Energy change:-5.995077299303375e-05

    vN Entropy at center bond b=60 = 1.902751559884
    Eigs at center bond b=60: 0.4851 0.1344 0.0997 0.0935 0.0716 0.0175 0.0115 0.0096 0.0079 0.0057 
    Largest link dim during sweep 75/1000 was 964
    Largest truncation error: 7.279079860446019e-07
    Energy after sweep 75/1000 is -202.092854247440
    Sweep 75/1000 CPU time = 7m, 0.1s (Wall time = 7m, 11.3s)
    Energy change:-5.801286729933963e-05

    vN Entropy at center bond b=60 = 1.911718879216
    Eigs at center bond b=60: 0.4822 0.1322 0.0994 0.0969 0.0729 0.0174 0.0113 0.0096 0.0080 0.0063 
    Largest link dim during sweep 76/1000 was 963
    Largest truncation error: 7.272461288852285e-07
    Energy after sweep 76/1000 is -202.092909214617
    Sweep 76/1000 CPU time = 7m, 5.8s (Wall time = 7m, 17.7s)
    Energy change:-5.496717776054538e-05

    vN Entropy at center bond b=60 = 1.920550632327
    Eigs at center bond b=60: 0.4792 0.1301 0.1003 0.0991 0.0742 0.0174 0.0112 0.0095 0.0081 0.0070 
    Largest link dim during sweep 77/1000 was 963
    Largest truncation error: 7.268528973674462e-07
    Energy after sweep 77/1000 is -202.092965589010
    Sweep 77/1000 CPU time = 7m, 7.5s (Wall time = 7m, 18.9s)
    Energy change:-5.637439249994713e-05

    vN Entropy at center bond b=60 = 1.929249157838
    Eigs at center bond b=60: 0.4762 0.1281 0.1037 0.0987 0.0754 0.0173 0.0110 0.0095 0.0083 0.0077 
    Largest link dim during sweep 78/1000 was 962
    Largest truncation error: 7.297528890349635e-07
    Energy after sweep 78/1000 is -202.093017588832
    Sweep 78/1000 CPU time = 7m, 9.1s (Wall time = 7m, 20.3s)
    Energy change:-5.199982172143791e-05

    vN Entropy at center bond b=60 = 1.937794227648
    Eigs at center bond b=60: 0.4731 0.1261 0.1071 0.0983 0.0766 0.0172 0.0109 0.0094 0.0085 0.0084 
    Largest link dim during sweep 79/1000 was 963
    Largest truncation error: 7.29448369363842e-07
    Energy after sweep 79/1000 is -202.093064796911
    Sweep 79/1000 CPU time = 7m, 15.2s (Wall time = 7m, 26.8s)
    Energy change:-4.720807984881503e-05

    vN Entropy at center bond b=60 = 1.946141148020
    Eigs at center bond b=60: 0.4700 0.1242 0.1104 0.0979 0.0778 0.0171 0.0108 0.0093 0.0093 0.0085 
    Largest link dim during sweep 80/1000 was 962
    Largest truncation error: 7.291326501834882e-07
    Energy after sweep 80/1000 is -202.093111420692
    Sweep 80/1000 CPU time = 7m, 16.5s (Wall time = 7m, 28.3s)
    Energy change:-4.662378015041213e-05

    vN Entropy at center bond b=60 = 1.954297248524
    Eigs at center bond b=60: 0.4670 0.1223 0.1138 0.0974 0.0789 0.0171 0.0106 0.0100 0.0093 0.0086 
    Largest link dim during sweep 81/1000 was 962
    Largest truncation error: 7.288439317596843e-07
    Energy after sweep 81/1000 is -202.093155173682
    Sweep 81/1000 CPU time = 7m, 19.1s (Wall time = 7m, 31.1s)
    Energy change:-4.375299025127788e-05

    vN Entropy at center bond b=60 = 1.962206689604
    Eigs at center bond b=60: 0.4639 0.1205 0.1170 0.0970 0.0799 0.0170 0.0109 0.0105 0.0092 0.0087 
    Largest link dim during sweep 82/1000 was 961
    Largest truncation error: 7.285614954549275e-07
    Energy after sweep 82/1000 is -202.093194770037
    Sweep 82/1000 CPU time = 7m, 23.1s (Wall time = 7m, 34.9s)
    Energy change:-3.959635532169159e-05

    vN Entropy at center bond b=60 = 1.969858558751
    Eigs at center bond b=60: 0.4609 0.1203 0.1188 0.0965 0.0809 0.0169 0.0117 0.0104 0.0091 0.0088 
    Largest link dim during sweep 83/1000 was 961
    Largest truncation error: 7.2823935180737e-07
    Energy after sweep 83/1000 is -202.093232734210
    Sweep 83/1000 CPU time = 7m, 23.2s (Wall time = 7m, 35.5s)
    Energy change:-3.796417263401963e-05

    vN Entropy at center bond b=60 = 1.977253328106
    Eigs at center bond b=60: 0.4579 0.1234 0.1171 0.0961 0.0819 0.0168 0.0125 0.0102 0.0091 0.0089 
    Largest link dim during sweep 84/1000 was 961
    Largest truncation error: 7.280685605047146e-07
    Energy after sweep 84/1000 is -202.093269305271
    Sweep 84/1000 CPU time = 7m, 28.3s (Wall time = 7m, 40.4s)
    Energy change:-3.657106145737998e-05

    vN Entropy at center bond b=60 = 1.984392166536
    Eigs at center bond b=60: 0.4550 0.1265 0.1155 0.0956 0.0828 0.0167 0.0134 0.0101 0.0090 0.0090 
    Largest link dim during sweep 85/1000 was 960
    Largest truncation error: 7.279102647607904e-07
    Energy after sweep 85/1000 is -202.093300636227
    Sweep 85/1000 CPU time = 7m, 30.4s (Wall time = 7m, 43.6s)
    Energy change:-3.1330955721387e-05

    vN Entropy at center bond b=60 = 1.991249385190
    Eigs at center bond b=60: 0.4521 0.1296 0.1140 0.0952 0.0837 0.0167 0.0142 0.0100 0.0091 0.0089 
    Largest link dim during sweep 86/1000 was 960
    Largest truncation error: 7.29336490109415e-07
    Energy after sweep 86/1000 is -202.093332117612
    Sweep 86/1000 CPU time = 7m, 31.8s (Wall time = 7m, 44.4s)
    Energy change:-3.148138543451751e-05

    vN Entropy at center bond b=60 = 1.997857402362
    Eigs at center bond b=60: 0.4492 0.1326 0.1125 0.0947 0.0846 0.0166 0.0150 0.0099 0.0091 0.0089 
    Largest link dim during sweep 87/1000 was 959
    Largest truncation error: 7.246046271089622e-07
    Energy after sweep 87/1000 is -202.093362926304
    Sweep 87/1000 CPU time = 7m, 35.7s (Wall time = 7m, 48.5s)
    Energy change:-3.080869154814536e-05

    vN Entropy at center bond b=60 = 2.004242503666
    Eigs at center bond b=60: 0.4463 0.1355 0.1111 0.0942 0.0854 0.0165 0.0159 0.0098 0.0092 0.0088 
    Largest link dim during sweep 88/1000 was 959
    Largest truncation error: 7.242270808866674e-07
    Energy after sweep 88/1000 is -202.093392382132
    Sweep 88/1000 CPU time = 7m, 38.3s (Wall time = 7m, 51.4s)
    Energy change:-2.945582758684395e-05

    vN Entropy at center bond b=60 = 2.010365236587
    Eigs at center bond b=60: 0.4436 0.1383 0.1097 0.0938 0.0861 0.0167 0.0164 0.0097 0.0093 0.0088 
    Largest link dim during sweep 89/1000 was 959
    Largest truncation error: 7.242535840459788e-07
    Energy after sweep 89/1000 is -202.093420899634
    Sweep 89/1000 CPU time = 7m, 38.8s (Wall time = 7m, 52.4s)
    Energy change:-2.851750204513337e-05

    vN Entropy at center bond b=60 = 2.016280775762
    Eigs at center bond b=60: 0.4408 0.1411 0.1084 0.0933 0.0869 0.0176 0.0163 0.0096 0.0093 0.0087 
    Largest link dim during sweep 90/1000 was 959
    Largest truncation error: 7.243907023515166e-07
    Energy after sweep 90/1000 is -202.093446103978
    Sweep 90/1000 CPU time = 7m, 41.7s (Wall time = 7m, 54.7s)
    Energy change:-2.520434478014977e-05

    vN Entropy at center bond b=60 = 2.021966974182
    Eigs at center bond b=60: 0.4382 0.1438 0.1071 0.0929 0.0876 0.0184 0.0163 0.0095 0.0094 0.0086 
    Largest link dim during sweep 91/1000 was 958
    Largest truncation error: 7.168025839830717e-07
    Energy after sweep 91/1000 is -202.093471508064
    Sweep 91/1000 CPU time = 7m, 42.6s (Wall time = 7m, 55.6s)
    Energy change:-2.540408584650322e-05

    vN Entropy at center bond b=60 = 2.027373535118
    Eigs at center bond b=60: 0.4355 0.1465 0.1058 0.0925 0.0883 0.0193 0.0162 0.0094 0.0094 0.0086 
    Largest link dim during sweep 92/1000 was 957
    Largest truncation error: 7.135942751210677e-07
    Energy after sweep 92/1000 is -202.093495262096
    Sweep 92/1000 CPU time = 7m, 44.0s (Wall time = 7m, 56.5s)
    Energy change:-2.375403175847168e-05

    vN Entropy at center bond b=60 = 2.032560336278
    Eigs at center bond b=60: 0.4330 0.1490 0.1047 0.0920 0.0889 0.0201 0.0161 0.0095 0.0093 0.0085 
    Largest link dim during sweep 93/1000 was 957
    Largest truncation error: 7.138126062761702e-07
    Energy after sweep 93/1000 is -202.093516369829
    Sweep 93/1000 CPU time = 7m, 48.0s (Wall time = 7m, 59.9s)
    Energy change:-2.110773311869707e-05

    vN Entropy at center bond b=60 = 2.037503316619
    Eigs at center bond b=60: 0.4305 0.1515 0.1035 0.0916 0.0895 0.0209 0.0160 0.0095 0.0092 0.0085 
    Largest link dim during sweep 94/1000 was 956
    Largest truncation error: 7.140385507419975e-07
    Energy after sweep 94/1000 is -202.093537259649
    Sweep 94/1000 CPU time = 7m, 47.3s (Wall time = 8m, 0.6s)
    Energy change:-2.088981960923775e-05

    vN Entropy at center bond b=60 = 2.042220664077
    Eigs at center bond b=60: 0.4281 0.1540 0.1024 0.0912 0.0901 0.0217 0.0160 0.0095 0.0091 0.0084 
    Largest link dim during sweep 95/1000 was 955
    Largest truncation error: 7.143259783953204e-07
    Energy after sweep 95/1000 is -202.093556914666
    Sweep 95/1000 CPU time = 7m, 51.7s (Wall time = 8m, 5.3s)
    Energy change:-1.965501741096887e-05

    vN Entropy at center bond b=60 = 2.046731508414
    Eigs at center bond b=60: 0.4257 0.1563 0.1014 0.0907 0.0907 0.0225 0.0159 0.0096 0.0090 0.0084 
    Largest link dim during sweep 96/1000 was 954
    Largest truncation error: 7.292630753982602e-07
    Energy after sweep 96/1000 is -202.093574213023
    Sweep 96/1000 CPU time = 7m, 52.1s (Wall time = 8m, 5.3s)
    Energy change:-1.729835736341556e-05

    vN Entropy at center bond b=60 = 2.051048190532
    Eigs at center bond b=60: 0.4234 0.1586 0.1004 0.0912 0.0903 0.0232 0.0158 0.0096 0.0089 0.0083 
    Largest link dim during sweep 97/1000 was 954
    Largest truncation error: 7.27928463603283e-07
    Energy after sweep 97/1000 is -202.093590401889
    Sweep 97/1000 CPU time = 7m, 51.5s (Wall time = 8m, 5.2s)
    Energy change:-1.618886560095234e-05

    vN Entropy at center bond b=60 = 2.055150273711
    Eigs at center bond b=60: 0.4212 0.1608 0.0994 0.0917 0.0899 0.0240 0.0158 0.0096 0.0088 0.0083 
    Largest link dim during sweep 98/1000 was 953
    Largest truncation error: 7.246250444813715e-07
    Energy after sweep 98/1000 is -202.093604802580
    Sweep 98/1000 CPU time = 7m, 54.0s (Wall time = 8m, 7.6s)
    Energy change:-1.4400690616867e-05

    vN Entropy at center bond b=60 = 2.059056973538
    Eigs at center bond b=60: 0.4190 0.1630 0.0985 0.0922 0.0895 0.0247 0.0157 0.0097 0.0088 0.0082 
    Largest link dim during sweep 99/1000 was 954
    Largest truncation error: 7.223537083730682e-07
    Energy after sweep 99/1000 is -202.093619540650
    Sweep 99/1000 CPU time = 7m, 55.6s (Wall time = 8m, 9.2s)
    Energy change:-1.473807068919086e-05

    vN Entropy at center bond b=60 = 2.062766143955
    Eigs at center bond b=60: 0.4169 0.1650 0.0976 0.0927 0.0892 0.0254 0.0156 0.0097 0.0087 0.0082 
    Largest link dim during sweep 100/1000 was 952
    Largest truncation error: 7.158841511287641e-07
    Energy after sweep 100/1000 is -202.093633787992
    Sweep 100/1000 CPU time = 7m, 56.1s (Wall time = 8m, 9.5s)
    Energy change:-1.424734190891286e-05

    vN Entropy at center bond b=60 = 2.066300379708
    Eigs at center bond b=60: 0.4149 0.1670 0.0967 0.0931 0.0888 0.0261 0.0156 0.0097 0.0086 0.0082 
    Largest link dim during sweep 101/1000 was 951
    Largest truncation error: 7.163156566027141e-07
    Energy after sweep 101/1000 is -202.093646788402
    Sweep 101/1000 CPU time = 7m, 57.9s (Wall time = 8m, 12.1s)
    Energy change:-1.300040935348079e-05

    vN Entropy at center bond b=60 = 2.069645970263
    Eigs at center bond b=60: 0.4129 0.1689 0.0959 0.0935 0.0884 0.0268 0.0155 0.0097 0.0086 0.0081 
    Largest link dim during sweep 102/1000 was 951
    Largest truncation error: 7.168133848900178e-07
    Energy after sweep 102/1000 is -202.093659187077
    Sweep 102/1000 CPU time = 7m, 57.4s (Wall time = 8m, 11.1s)
    Energy change:-1.239867572166986e-05

    vN Entropy at center bond b=60 = 2.072835049237
    Eigs at center bond b=60: 0.4110 0.1708 0.0951 0.0939 0.0881 0.0275 0.0154 0.0097 0.0085 0.0081 
    Largest link dim during sweep 103/1000 was 950
    Largest truncation error: 7.173149161698275e-07
    Energy after sweep 103/1000 is -202.093670275096
    Sweep 103/1000 CPU time = 8m, 0.0s (Wall time = 8m, 13.6s)
    Energy change:-1.108801882310217e-05

    vN Entropy at center bond b=60 = 2.075884554848
    Eigs at center bond b=60: 0.4092 0.1726 0.0944 0.0943 0.0878 0.0281 0.0154 0.0098 0.0085 0.0080 
    Largest link dim during sweep 104/1000 was 949
    Largest truncation error: 7.178116870240623e-07
    Energy after sweep 104/1000 is -202.093680176605
    Sweep 104/1000 CPU time = 7m, 59.4s (Wall time = 8m, 13.4s)
    Energy change:-9.901508434495554e-06

    Energy has converged -> stop the DMRG.
Final energy=0
Time=31511 sec
Nup =24 Ndown = 23L = 40 W = 3
