1_Dn 5_Up 9_Dn 13_Up 17_Dn 2_Up 6_Dn 10_Up 14_Dn 18_Up 3_Dn 7_Up 11_Dn 15_Up 19_Dn 4_Up 8_Dn 12_Up 16_Dn 20_Up 21_Up Initial energy=0
    vN Entropy at center bond b=80 = -0.000000000000
    Eigs at center bond b=80: 1.0000 
    Largest link dim during sweep 1/1000 was 10
    Largest truncation error: 0.0003702673377176006
    Energy after sweep 1/1000 is -79.075732541254
    Sweep 1/1000 CPU time = 0.247s (Wall time = 0.250s)
    Energy change:-79.0757325412541

    vN Entropy at center bond b=80 = -0.000000000000
    Eigs at center bond b=80: 1.0000 
    Largest link dim during sweep 2/1000 was 20
    Largest truncation error: 0.003134457233005324
    Energy after sweep 2/1000 is -81.849739071347
    Sweep 2/1000 CPU time = 0.822s (Wall time = 0.829s)
    Energy change:-2.77400653009245

    vN Entropy at center bond b=80 = -0.000000000000
    Eigs at center bond b=80: 1.0000 
    Largest link dim during sweep 3/1000 was 50
    Largest truncation error: 0.001486919417866052
    Energy after sweep 3/1000 is -84.288879941713
    Sweep 3/1000 CPU time = 1.662s (Wall time = 1.779s)
    Energy change:-2.439140870366273

    vN Entropy at center bond b=80 = 0.000912933602
    Eigs at center bond b=80: 0.9999 
    Largest link dim during sweep 4/1000 was 100
    Largest truncation error: 0.0007300160261626907
    Energy after sweep 4/1000 is -86.004778048892
    Sweep 4/1000 CPU time = 3.244s (Wall time = 3.533s)
    Energy change:-1.715898107178703

    vN Entropy at center bond b=80 = 0.080165803787
    Eigs at center bond b=80: 0.9845 0.0155 
    Largest link dim during sweep 5/1000 was 200
    Largest truncation error: 0.000204476468420285
    Energy after sweep 5/1000 is -87.340611948046
    Sweep 5/1000 CPU time = 8.008s (Wall time = 8.749s)
    Energy change:-1.335833899154636

    vN Entropy at center bond b=80 = 0.388826834045
    Eigs at center bond b=80: 0.8687 0.1313 
    Largest link dim during sweep 6/1000 was 400
    Largest truncation error: 4.479058949892089e-05
    Energy after sweep 6/1000 is -88.454438748052
    Sweep 6/1000 CPU time = 28.08s (Wall time = 29.72s)
    Energy change:-1.113826800005469

    vN Entropy at center bond b=80 = 0.651893436878
    Eigs at center bond b=80: 0.6426 0.3574 
    Largest link dim during sweep 7/1000 was 1000
    Largest truncation error: 2.772286708947014e-06
    Energy after sweep 7/1000 is -89.433064120428
    Sweep 7/1000 CPU time = 2m, 41.6s (Wall time = 2m, 46.7s)
    Energy change:-0.9786253723760012

    vN Entropy at center bond b=80 = 0.678895659425
    Eigs at center bond b=80: 0.5842 0.4158 
    Largest link dim during sweep 8/1000 was 1383
    Largest truncation error: 8.897561694275617e-07
    Energy after sweep 8/1000 is -90.221201402458
    Sweep 8/1000 CPU time = 6m, 11.5s (Wall time = 6m, 21.6s)
    Energy change:-0.7881372820302062

    vN Entropy at center bond b=80 = 0.560012724473
    Eigs at center bond b=80: 0.7521 0.2479 
    Largest link dim during sweep 9/1000 was 1312
    Largest truncation error: 9.65528553580701e-07
    Energy after sweep 9/1000 is -90.827557035994
    Sweep 9/1000 CPU time = 5m, 9.3s (Wall time = 5m, 17.9s)
    Energy change:-0.6063556335364808

    vN Entropy at center bond b=80 = 0.392856327787
    Eigs at center bond b=80: 0.8666 0.1334 
    Largest link dim during sweep 10/1000 was 1159
    Largest truncation error: 9.647475250353473e-07
    Energy after sweep 10/1000 is -91.323357289363
    Sweep 10/1000 CPU time = 3m, 37.5s (Wall time = 3m, 43.5s)
    Energy change:-0.4958002533689552

    vN Entropy at center bond b=80 = 0.225029190514
    Eigs at center bond b=80: 0.9407 0.0593 
    Largest link dim during sweep 11/1000 was 936
    Largest truncation error: 8.64354963668964e-07
    Energy after sweep 11/1000 is -91.751856125673
    Sweep 11/1000 CPU time = 2m, 34.9s (Wall time = 2m, 39.3s)
    Energy change:-0.4284988363098137

    vN Entropy at center bond b=80 = 0.106072166032
    Eigs at center bond b=80: 0.9791 0.0200 
    Largest link dim during sweep 12/1000 was 817
    Largest truncation error: 9.298132409871528e-07
    Energy after sweep 12/1000 is -92.174172402464
    Sweep 12/1000 CPU time = 2m, 0.6s (Wall time = 2m, 4.0s)
    Energy change:-0.4223162767906956

    vN Entropy at center bond b=80 = 0.207704017405
    Eigs at center bond b=80: 0.9638 0.0152 0.0071 0.0070 0.0058 
    Largest link dim during sweep 13/1000 was 672
    Largest truncation error: 9.530429968414651e-07
    Energy after sweep 13/1000 is -92.470987423319
    Sweep 13/1000 CPU time = 1m, 35.9s (Wall time = 1m, 37.8s)
    Energy change:-0.2968150208554761

    vN Entropy at center bond b=80 = 0.766603394357
    Eigs at center bond b=80: 0.7505 0.1912 0.0261 0.0250 0.0023 0.0023 0.0012 
    Largest link dim during sweep 14/1000 was 622
    Largest truncation error: 9.107469865697671e-07
    Energy after sweep 14/1000 is -92.729102264864
    Sweep 14/1000 CPU time = 1m, 19.2s (Wall time = 1m, 20.1s)
    Energy change:-0.2581148415447387

    vN Entropy at center bond b=80 = 0.916713944299
    Eigs at center bond b=80: 0.6206 0.3149 0.0283 0.0276 0.0028 0.0027 
    Largest link dim during sweep 15/1000 was 562
    Largest truncation error: 9.0498447872791e-07
    Energy after sweep 15/1000 is -92.974933719279
    Sweep 15/1000 CPU time = 1m, 5.0s (Wall time = 1m, 5.2s)
    Energy change:-0.2458314544150255

    vN Entropy at center bond b=80 = 0.631615580490
    Eigs at center bond b=80: 0.8638 0.0673 0.0196 0.0120 0.0117 0.0070 0.0066 0.0065 0.0013 0.0013 
    Largest link dim during sweep 16/1000 was 533
    Largest truncation error: 8.633338707156718e-07
    Energy after sweep 16/1000 is -93.199096377055
    Sweep 16/1000 CPU time = 56.21s (Wall time = 56.36s)
    Energy change:-0.2241626577764038

    vN Entropy at center bond b=80 = 0.884162240530
    Eigs at center bond b=80: 0.7264 0.1977 0.0254 0.0253 0.0069 0.0057 0.0028 0.0027 0.0022 0.0021 
    Largest link dim during sweep 17/1000 was 490
    Largest truncation error: 8.800691611945233e-07
    Energy after sweep 17/1000 is -93.391062177633
    Sweep 17/1000 CPU time = 45.33s (Wall time = 45.44s)
    Energy change:-0.1919658005772504

    vN Entropy at center bond b=80 = 0.990380637166
    Eigs at center bond b=80: 0.5647 0.3611 0.0306 0.0305 0.0034 0.0034 0.0013 0.0013 
    Largest link dim during sweep 18/1000 was 415
    Largest truncation error: 9.032932374802984e-07
    Energy after sweep 18/1000 is -93.566649203171
    Sweep 18/1000 CPU time = 36.08s (Wall time = 36.18s)
    Energy change:-0.1755870255382916

    vN Entropy at center bond b=80 = 0.744668411724
    Eigs at center bond b=80: 0.8235 0.1006 0.0161 0.0160 0.0160 0.0084 0.0059 0.0059 0.0020 0.0020 
    Largest link dim during sweep 19/1000 was 338
    Largest truncation error: 8.793238195898296e-07
    Energy after sweep 19/1000 is -93.722864640275
    Sweep 19/1000 CPU time = 30.69s (Wall time = 30.77s)
    Energy change:-0.1562154371040521

    vN Entropy at center bond b=80 = 0.861155919852
    Eigs at center bond b=80: 0.7710 0.1433 0.0216 0.0216 0.0166 0.0083 0.0043 0.0043 0.0026 0.0026 
    Largest link dim during sweep 20/1000 was 278
    Largest truncation error: 9.391433844118623e-07
    Energy after sweep 20/1000 is -93.860515801590
    Sweep 20/1000 CPU time = 25.35s (Wall time = 25.41s)
    Energy change:-0.1376511613148352

    vN Entropy at center bond b=80 = 1.043081816614
    Eigs at center bond b=80: 0.4913 0.4279 0.0315 0.0315 0.0037 0.0037 0.0032 0.0019 
    Largest link dim during sweep 21/1000 was 246
    Largest truncation error: 9.035208585896704e-07
    Energy after sweep 21/1000 is -93.973941969108
    Sweep 21/1000 CPU time = 22.51s (Wall time = 22.57s)
    Energy change:-0.1134261675181989

    vN Entropy at center bond b=80 = 0.904496068988
    Eigs at center bond b=80: 0.7056 0.2218 0.0249 0.0249 0.0049 0.0031 0.0030 0.0030 0.0021 0.0021 
    Largest link dim during sweep 22/1000 was 217
    Largest truncation error: 8.647198445670014e-07
    Energy after sweep 22/1000 is -94.071826947873
    Sweep 22/1000 CPU time = 20.74s (Wall time = 20.80s)
    Energy change:-0.09788497876496649

    vN Entropy at center bond b=80 = 0.782779790617
    Eigs at center bond b=80: 0.8255 0.0739 0.0371 0.0127 0.0127 0.0097 0.0097 0.0096 0.0017 0.0017 
    Largest link dim during sweep 23/1000 was 197
    Largest truncation error: 8.433908122694934e-07
    Energy after sweep 23/1000 is -94.156887834736
    Sweep 23/1000 CPU time = 19.39s (Wall time = 19.44s)
    Energy change:-0.08506088686280577

    vN Entropy at center bond b=80 = 0.921241849366
    Eigs at center bond b=80: 0.7386 0.1723 0.0228 0.0228 0.0166 0.0088 0.0041 0.0041 0.0028 0.0028 
    Largest link dim during sweep 24/1000 was 181
    Largest truncation error: 8.882264539938596e-07
    Energy after sweep 24/1000 is -94.236153083862
    Sweep 24/1000 CPU time = 18.47s (Wall time = 18.52s)
    Energy change:-0.07926524912620891

    vN Entropy at center bond b=80 = 1.059212220304
    Eigs at center bond b=80: 0.4898 0.4287 0.0299 0.0299 0.0044 0.0036 0.0036 0.0027 0.0014 
    Largest link dim during sweep 25/1000 was 165
    Largest truncation error: 8.416081908907859e-07
    Energy after sweep 25/1000 is -94.303490977702
    Sweep 25/1000 CPU time = 17.82s (Wall time = 17.87s)
    Energy change:-0.06733789384043121

    vN Entropy at center bond b=80 = 0.988336589035
    Eigs at center bond b=80: 0.6576 0.2624 0.0251 0.0251 0.0065 0.0061 0.0031 0.0031 0.0024 0.0024 
    Largest link dim during sweep 26/1000 was 155
    Largest truncation error: 8.658641436632776e-07
    Energy after sweep 26/1000 is -94.355831750373
    Sweep 26/1000 CPU time = 17.63s (Wall time = 17.68s)
    Energy change:-0.05234077267090242

    vN Entropy at center bond b=80 = 0.915495095861
    Eigs at center bond b=80: 0.7674 0.1290 0.0328 0.0168 0.0168 0.0122 0.0075 0.0075 0.0022 0.0022 
    Largest link dim during sweep 27/1000 was 146
    Largest truncation error: 8.401425649207969e-07
    Energy after sweep 27/1000 is -94.400661503189
    Sweep 27/1000 CPU time = 17.78s (Wall time = 17.83s)
    Energy change:-0.0448297528152608

    vN Entropy at center bond b=80 = 0.937008894409
    Eigs at center bond b=80: 0.7725 0.0922 0.0623 0.0148 0.0142 0.0141 0.0102 0.0101 0.0018 0.0018 
    Largest link dim during sweep 28/1000 was 142
    Largest truncation error: 8.509553028172326e-07
    Energy after sweep 28/1000 is -94.436824436612
    Sweep 28/1000 CPU time = 18.19s (Wall time = 18.24s)
    Energy change:-0.03616293342366816

    vN Entropy at center bond b=80 = 0.996332235157
    Eigs at center bond b=80: 0.7241 0.1664 0.0331 0.0195 0.0194 0.0145 0.0066 0.0063 0.0024 0.0024 
    Largest link dim during sweep 29/1000 was 139
    Largest truncation error: 8.686597468703383e-07
    Energy after sweep 29/1000 is -94.472284821149
    Sweep 29/1000 CPU time = 18.74s (Wall time = 18.80s)
    Energy change:-0.03546038453681888

    vN Entropy at center bond b=80 = 1.051925369141
    Eigs at center bond b=80: 0.6586 0.2433 0.0236 0.0229 0.0183 0.0129 0.0050 0.0039 0.0028 0.0028 
    Largest link dim during sweep 30/1000 was 145
    Largest truncation error: 8.599963337443904e-07
    Energy after sweep 30/1000 is -94.512840899021
    Sweep 30/1000 CPU time = 19.38s (Wall time = 19.43s)
    Energy change:-0.04055607787196891

    vN Entropy at center bond b=80 = 1.103791321732
    Eigs at center bond b=80: 0.5853 0.3193 0.0285 0.0248 0.0105 0.0098 0.0049 0.0030 0.0029 0.0023 
    Largest link dim during sweep 31/1000 was 158
    Largest truncation error: 8.247272894102136e-07
    Energy after sweep 31/1000 is -94.550657591723
    Sweep 31/1000 CPU time = 20.21s (Wall time = 20.27s)
    Energy change:-0.03781669270186683

    vN Entropy at center bond b=80 = 1.162689408680
    Eigs at center bond b=80: 0.5107 0.3854 0.0383 0.0252 0.0083 0.0057 0.0053 0.0038 0.0033 0.0030 
    Largest link dim during sweep 32/1000 was 172
    Largest truncation error: 9.252479517290508e-07
    Energy after sweep 32/1000 is -94.571839205152
    Sweep 32/1000 CPU time = 21.02s (Wall time = 21.07s)
    Energy change:-0.02118161342860958

    vN Entropy at center bond b=80 = 1.226056598382
    Eigs at center bond b=80: 0.4407 0.4354 0.0565 0.0243 0.0065 0.0064 0.0059 0.0053 0.0031 0.0029 
    Largest link dim during sweep 33/1000 was 174
    Largest truncation error: 8.809696751876451e-07
    Energy after sweep 33/1000 is -94.582290866749
    Sweep 33/1000 CPU time = 22.23s (Wall time = 22.29s)
    Energy change:-0.01045166159765643

    vN Entropy at center bond b=80 = 1.293854632484
    Eigs at center bond b=80: 0.4670 0.3783 0.0840 0.0226 0.0077 0.0069 0.0065 0.0053 0.0036 0.0028 
    Largest link dim during sweep 34/1000 was 184
    Largest truncation error: 8.401267170857393e-07
    Energy after sweep 34/1000 is -94.588023869538
    Sweep 34/1000 CPU time = 23.71s (Wall time = 23.78s)
    Energy change:-0.005733002788900876

    vN Entropy at center bond b=80 = 1.360356848711
    Eigs at center bond b=80: 0.4811 0.3274 0.1147 0.0207 0.0086 0.0074 0.0074 0.0070 0.0048 0.0044 
    Largest link dim during sweep 35/1000 was 192
    Largest truncation error: 8.180431922474267e-07
    Energy after sweep 35/1000 is -94.592730583146
    Sweep 35/1000 CPU time = 24.96s (Wall time = 25.03s)
    Energy change:-0.00470671360787378

    vN Entropy at center bond b=80 = 1.422991372596
    Eigs at center bond b=80: 0.4810 0.2885 0.1443 0.0189 0.0154 0.0090 0.0079 0.0071 0.0058 0.0038 
    Largest link dim during sweep 36/1000 was 194
    Largest truncation error: 8.015792016440026e-07
    Energy after sweep 36/1000 is -94.594884075886
    Sweep 36/1000 CPU time = 25.99s (Wall time = 26.06s)
    Energy change:-0.002153492739736862

    vN Entropy at center bond b=80 = 1.475108924305
    Eigs at center bond b=80: 0.4730 0.2601 0.1701 0.0249 0.0175 0.0091 0.0082 0.0072 0.0065 0.0033 
    Largest link dim during sweep 37/1000 was 196
    Largest truncation error: 8.216333626013236e-07
    Energy after sweep 37/1000 is -94.596168625216
    Sweep 37/1000 CPU time = 26.51s (Wall time = 26.58s)
    Energy change:-0.001284549330662799

    vN Entropy at center bond b=80 = 1.516401299502
    Eigs at center bond b=80: 0.4616 0.2388 0.1921 0.0347 0.0163 0.0090 0.0083 0.0073 0.0070 0.0036 
    Largest link dim during sweep 38/1000 was 198
    Largest truncation error: 7.624762550230862e-07
    Energy after sweep 38/1000 is -94.597085168540
    Sweep 38/1000 CPU time = 26.40s (Wall time = 26.47s)
    Energy change:-0.0009165433240383436

    vN Entropy at center bond b=80 = 1.548598173030
    Eigs at center bond b=80: 0.4493 0.2221 0.2109 0.0440 0.0153 0.0089 0.0082 0.0074 0.0073 0.0041 
    Largest link dim during sweep 39/1000 was 196
    Largest truncation error: 8.028247718498687e-07
    Energy after sweep 39/1000 is -94.597652362182
    Sweep 39/1000 CPU time = 26.63s (Wall time = 26.69s)
    Energy change:-0.0005671936414159973

    vN Entropy at center bond b=80 = 1.571809540690
    Eigs at center bond b=80: 0.4379 0.2266 0.2093 0.0522 0.0145 0.0088 0.0082 0.0075 0.0075 0.0044 
    Largest link dim during sweep 40/1000 was 194
    Largest truncation error: 8.231378253518638e-07
    Energy after sweep 40/1000 is -94.598080557628
    Sweep 40/1000 CPU time = 26.86s (Wall time = 26.94s)
    Energy change:-0.0004281954464175897

    vN Entropy at center bond b=80 = 1.590593190144
    Eigs at center bond b=80: 0.4268 0.2404 0.1987 0.0597 0.0139 0.0086 0.0080 0.0076 0.0075 0.0048 
    Largest link dim during sweep 41/1000 was 195
    Largest truncation error: 8.339663910358054e-07
    Energy after sweep 41/1000 is -94.598438861860
    Sweep 41/1000 CPU time = 26.90s (Wall time = 26.97s)
    Energy change:-0.0003583042312413909

    vN Entropy at center bond b=80 = 1.604896845408
    Eigs at center bond b=80: 0.4170 0.2520 0.1899 0.0665 0.0133 0.0085 0.0079 0.0076 0.0076 0.0053 
    Largest link dim during sweep 42/1000 was 193
    Largest truncation error: 8.410651985047769e-07
    Energy after sweep 42/1000 is -94.598667588653
    Sweep 42/1000 CPU time = 27.05s (Wall time = 27.12s)
    Energy change:-0.0002287267937788329

    vN Entropy at center bond b=80 = 1.615408515114
    Eigs at center bond b=80: 0.4087 0.2614 0.1830 0.0720 0.0129 0.0083 0.0078 0.0077 0.0076 0.0057 
    Largest link dim during sweep 43/1000 was 192
    Largest truncation error: 9.093067113854267e-07
    Energy after sweep 43/1000 is -94.598841653479
    Sweep 43/1000 CPU time = 27.05s (Wall time = 27.12s)
    Energy change:-0.0001740648261687738

    vN Entropy at center bond b=80 = 1.623699528669
    Eigs at center bond b=80: 0.4012 0.2697 0.1771 0.0769 0.0125 0.0082 0.0077 0.0077 0.0076 0.0060 
    Largest link dim during sweep 44/1000 was 193
    Largest truncation error: 8.483845235392813e-07
    Energy after sweep 44/1000 is -94.599045573667
    Sweep 44/1000 CPU time = 27.16s (Wall time = 27.24s)
    Energy change:-0.0002039201872747753

    vN Entropy at center bond b=80 = 1.630950562954
    Eigs at center bond b=80: 0.3939 0.2776 0.1717 0.0817 0.0121 0.0081 0.0078 0.0076 0.0076 0.0064 
    Largest link dim during sweep 45/1000 was 193
    Largest truncation error: 8.443028207260887e-07
    Energy after sweep 45/1000 is -94.599264414761
    Sweep 45/1000 CPU time = 27.45s (Wall time = 27.53s)
    Energy change:-0.0002188410945649366

    vN Entropy at center bond b=80 = 1.637043941782
    Eigs at center bond b=80: 0.3871 0.2847 0.1668 0.0861 0.0118 0.0080 0.0078 0.0075 0.0075 0.0067 
    Largest link dim during sweep 46/1000 was 193
    Largest truncation error: 8.419608532051556e-07
    Energy after sweep 46/1000 is -94.599391657825
    Sweep 46/1000 CPU time = 27.38s (Wall time = 27.46s)
    Energy change:-0.000127243063275273

    vN Entropy at center bond b=80 = 1.641840283296
    Eigs at center bond b=80: 0.3813 0.2906 0.1627 0.0899 0.0116 0.0079 0.0078 0.0075 0.0074 0.0070 
    Largest link dim during sweep 47/1000 was 193
    Largest truncation error: 8.39339349949687e-07
    Energy after sweep 47/1000 is -94.599528297396
    Sweep 47/1000 CPU time = 27.49s (Wall time = 27.56s)
    Energy change:-0.0001366395718207514

    vN Entropy at center bond b=80 = 1.645787252594
    Eigs at center bond b=80: 0.3764 0.2956 0.1591 0.0933 0.0113 0.0079 0.0078 0.0075 0.0073 0.0072 
    Largest link dim during sweep 48/1000 was 192
    Largest truncation error: 8.368575210677804e-07
    Energy after sweep 48/1000 is -94.599597204313
    Sweep 48/1000 CPU time = 27.63s (Wall time = 27.71s)
    Energy change:-6.890691662420068e-05

    vN Entropy at center bond b=80 = 1.648604948640
    Eigs at center bond b=80: 0.3725 0.2995 0.1564 0.0959 0.0111 0.0080 0.0077 0.0075 0.0074 0.0073 
    Largest link dim during sweep 49/1000 was 193
    Largest truncation error: 8.349885487931165e-07
    Energy after sweep 49/1000 is -94.599652821875
    Sweep 49/1000 CPU time = 27.71s (Wall time = 27.79s)
    Energy change:-5.561756248084748e-05

    vN Entropy at center bond b=80 = 1.650651086676
    Eigs at center bond b=80: 0.3694 0.3026 0.1543 0.0979 0.0110 0.0080 0.0076 0.0075 0.0075 0.0072 
    Largest link dim during sweep 50/1000 was 192
    Largest truncation error: 8.340788120905155e-07
    Energy after sweep 50/1000 is -94.599686262307
    Sweep 50/1000 CPU time = 27.82s (Wall time = 27.89s)
    Energy change:-3.344043129516194e-05

    vN Entropy at center bond b=80 = 1.652034401257
    Eigs at center bond b=80: 0.3671 0.3050 0.1526 0.0995 0.0109 0.0080 0.0076 0.0076 0.0075 0.0072 
    Largest link dim during sweep 51/1000 was 192
    Largest truncation error: 8.333123552826686e-07
    Energy after sweep 51/1000 is -94.599711355365
    Sweep 51/1000 CPU time = 27.87s (Wall time = 27.94s)
    Energy change:-2.509305792841587e-05

    vN Entropy at center bond b=80 = 1.653001680484
    Eigs at center bond b=80: 0.3652 0.3069 0.1513 0.1007 0.0108 0.0081 0.0077 0.0075 0.0075 0.0072 
    Largest link dim during sweep 52/1000 was 192
    Largest truncation error: 8.340748949432542e-07
    Energy after sweep 52/1000 is -94.599734353358
    Sweep 52/1000 CPU time = 27.75s (Wall time = 27.83s)
    Energy change:-2.299799284344317e-05

    vN Entropy at center bond b=80 = 1.653823708192
    Eigs at center bond b=80: 0.3635 0.3087 0.1501 0.1017 0.0107 0.0081 0.0078 0.0075 0.0075 0.0071 
    Largest link dim during sweep 53/1000 was 192
    Largest truncation error: 8.347888707041836e-07
    Energy after sweep 53/1000 is -94.599783290646
    Sweep 53/1000 CPU time = 27.72s (Wall time = 27.80s)
    Energy change:-4.89372879712846e-05

    vN Entropy at center bond b=80 = 1.654659314333
    Eigs at center bond b=80: 0.3620 0.3102 0.1490 0.1028 0.0107 0.0081 0.0078 0.0075 0.0075 0.0071 
    Largest link dim during sweep 54/1000 was 192
    Largest truncation error: 8.355957203739761e-07
    Energy after sweep 54/1000 is -94.599826709775
    Sweep 54/1000 CPU time = 27.90s (Wall time = 27.98s)
    Energy change:-4.341912955396765e-05

    vN Entropy at center bond b=80 = 1.655458485814
    Eigs at center bond b=80: 0.3604 0.3117 0.1480 0.1038 0.0106 0.0081 0.0079 0.0075 0.0074 0.0071 
    Largest link dim during sweep 55/1000 was 192
    Largest truncation error: 8.362955894708454e-07
    Energy after sweep 55/1000 is -94.599856847321
    Sweep 55/1000 CPU time = 27.93s (Wall time = 28.00s)
    Energy change:-3.013754619018982e-05

    vN Entropy at center bond b=80 = 1.656305331146
    Eigs at center bond b=80: 0.3590 0.3130 0.1470 0.1049 0.0105 0.0081 0.0080 0.0075 0.0074 0.0071 
    Largest link dim during sweep 56/1000 was 193
    Largest truncation error: 8.368874489332527e-07
    Energy after sweep 56/1000 is -94.599896029477
    Sweep 56/1000 CPU time = 28.01s (Wall time = 28.09s)
    Energy change:-3.918215600151598e-05

    vN Entropy at center bond b=80 = 1.657077813871
    Eigs at center bond b=80: 0.3576 0.3143 0.1461 0.1059 0.0105 0.0081 0.0081 0.0075 0.0074 0.0071 
    Largest link dim during sweep 57/1000 was 192
    Largest truncation error: 8.375067436155145e-07
    Energy after sweep 57/1000 is -94.599909318609
    Sweep 57/1000 CPU time = 28.03s (Wall time = 28.11s)
    Energy change:-1.32891314308381e-05

    vN Entropy at center bond b=80 = 1.657666252006
    Eigs at center bond b=80: 0.3565 0.3153 0.1454 0.1066 0.0104 0.0081 0.0081 0.0075 0.0073 0.0070 
    Largest link dim during sweep 58/1000 was 192
    Largest truncation error: 8.380834378266692e-07
    Energy after sweep 58/1000 is -94.599916502488
    Sweep 58/1000 CPU time = 28.04s (Wall time = 28.11s)
    Energy change:-7.183879020544737e-06

    Energy has converged -> stop the DMRG.
Final energy=0
Time=2789 sec
Nup =11 Ndown = 10L = 40 W = 4
