1_Dn 5_Up 9_Dn 13_Up 17_Dn 21_Up 25_Dn 29_Up 33_Dn 37_Up 2_Up 6_Dn 10_Up 14_Dn 18_Up 22_Dn 26_Up 30_Dn 34_Up 38_Dn 3_Dn 7_Up 11_Dn 15_Up 19_Dn 23_Up 27_Dn 31_Up 35_Dn 39_Up 4_Up 8_Dn 12_Up 16_Dn 20_Up 24_Dn 28_Up 32_Dn 36_Up 40_Dn 41_Up 42_Up 43_Up Initial energy=0
    vN Entropy at center bond b=80 = 0.002874227251
    Eigs at center bond b=80: 0.9997 
    Largest link dim during sweep 1/1000 was 10
    Largest truncation error: 0.0008165997277966271
    Energy after sweep 1/1000 is -159.183492636210
    Sweep 1/1000 CPU time = 0.444s (Wall time = 0.454s)
    Energy change:-159.1834926362095

    vN Entropy at center bond b=80 = 0.571629061141
    Eigs at center bond b=80: 0.7421 0.2578 
    Largest link dim during sweep 2/1000 was 20
    Largest truncation error: 0.00365133957372948
    Energy after sweep 2/1000 is -164.635953009823
    Sweep 2/1000 CPU time = 1.517s (Wall time = 1.526s)
    Energy change:-5.452460373613661

    vN Entropy at center bond b=80 = 0.419274749383
    Eigs at center bond b=80: 0.8936 0.0648 0.0393 0.0024 
    Largest link dim during sweep 3/1000 was 50
    Largest truncation error: 0.001403408786408815
    Energy after sweep 3/1000 is -168.945523936066
    Sweep 3/1000 CPU time = 3.049s (Wall time = 3.262s)
    Energy change:-4.309570926243197

    vN Entropy at center bond b=80 = 0.702818092139
    Eigs at center bond b=80: 0.6028 0.3921 0.0031 0.0020 
    Largest link dim during sweep 4/1000 was 100
    Largest truncation error: 0.000500731167586651
    Energy after sweep 4/1000 is -171.574802572297
    Sweep 4/1000 CPU time = 5.690s (Wall time = 6.184s)
    Energy change:-2.629278636230652

    vN Entropy at center bond b=80 = 0.543300638939
    Eigs at center bond b=80: 0.8524 0.0785 0.0621 0.0069 
    Largest link dim during sweep 5/1000 was 200
    Largest truncation error: 0.0001776142842691745
    Energy after sweep 5/1000 is -173.794969283684
    Sweep 5/1000 CPU time = 13.74s (Wall time = 15.02s)
    Energy change:-2.220166711387009

    vN Entropy at center bond b=80 = 0.655816819486
    Eigs at center bond b=80: 0.7239 0.2613 0.0108 0.0041 
    Largest link dim during sweep 6/1000 was 400
    Largest truncation error: 7.298315642499954e-05
    Energy after sweep 6/1000 is -175.220499434375
    Sweep 6/1000 CPU time = 51.06s (Wall time = 54.15s)
    Energy change:-1.425530150690548

    vN Entropy at center bond b=80 = 0.715368056377
    Eigs at center bond b=80: 0.5210 0.4755 0.0018 0.0017 
    Largest link dim during sweep 7/1000 was 1000
    Largest truncation error: 1.39941687259419e-05
    Energy after sweep 7/1000 is -176.408300621950
    Sweep 7/1000 CPU time = 6m, 35.2s (Wall time = 6m, 46.7s)
    Energy change:-1.187801187575332

    vN Entropy at center bond b=80 = 0.665255387828
    Eigs at center bond b=80: 0.6334 0.3655 
    Largest link dim during sweep 8/1000 was 1800
    Largest truncation error: 2.56711417816033e-06
    Energy after sweep 8/1000 is -177.468029411348
    Sweep 8/1000 CPU time = 28m, 17s (Wall time = 28m, 53s)
    Energy change:-1.059728789397695

    vN Entropy at center bond b=80 = 0.511118957876
    Eigs at center bond b=80: 0.8037 0.1939 0.0014 
    Largest link dim during sweep 9/1000 was 1800
    Largest truncation error: 3.939414489161612e-06
    Energy after sweep 9/1000 is -178.371045528805
    Sweep 9/1000 CPU time = 39m, 2s (Wall time = 39m, 47s)
    Energy change:-0.9030161174570424

    vN Entropy at center bond b=80 = 0.537729996581
    Eigs at center bond b=80: 0.8729 0.0745 0.0234 0.0180 0.0066 0.0013 0.0012 
    Largest link dim during sweep 10/1000 was 1800
    Largest truncation error: 4.299012599138746e-06
    Energy after sweep 10/1000 is -179.062766638226
    Sweep 10/1000 CPU time = 38m, 39s (Wall time = 39m, 24s)
    Energy change:-0.6917211094217635

    vN Entropy at center bond b=80 = 1.087585501596
    Eigs at center bond b=80: 0.6167 0.2506 0.0781 0.0252 0.0158 0.0042 0.0028 0.0025 0.0016 
    Largest link dim during sweep 11/1000 was 1800
    Largest truncation error: 5.305875212275169e-06
    Energy after sweep 11/1000 is -179.682724034352
    Sweep 11/1000 CPU time = 37m, 25s (Wall time = 38m, 8s)
    Energy change:-0.6199573961251303

    vN Entropy at center bond b=80 = 1.056981622109
    Eigs at center bond b=80: 0.6418 0.2322 0.0800 0.0232 0.0038 0.0034 0.0029 0.0027 0.0023 0.0017 
    Largest link dim during sweep 12/1000 was 1800
    Largest truncation error: 3.645170714775509e-06
    Energy after sweep 12/1000 is -180.241092778726
    Sweep 12/1000 CPU time = 36m, 26s (Wall time = 37m, 9s)
    Energy change:-0.5583687443746612

    vN Entropy at center bond b=80 = 0.904752089243
    Eigs at center bond b=80: 0.8014 0.0451 0.0444 0.0434 0.0241 0.0110 0.0097 0.0084 0.0018 0.0016 
    Largest link dim during sweep 13/1000 was 1800
    Largest truncation error: 2.820684837535811e-06
    Energy after sweep 13/1000 is -180.876567747709
    Sweep 13/1000 CPU time = 33m, 37s (Wall time = 34m, 17s)
    Energy change:-0.6354749689826917

    vN Entropy at center bond b=80 = 1.166532830057
    Eigs at center bond b=80: 0.5911 0.2734 0.0685 0.0270 0.0128 0.0051 0.0043 0.0042 0.0038 0.0034 
    Largest link dim during sweep 14/1000 was 1800
    Largest truncation error: 2.097968272032494e-06
    Energy after sweep 14/1000 is -181.441403740064
    Sweep 14/1000 CPU time = 31m, 50s (Wall time = 32m, 27s)
    Energy change:-0.5648359923555688

    vN Entropy at center bond b=80 = 1.130528507959
    Eigs at center bond b=80: 0.6196 0.2433 0.0815 0.0241 0.0041 0.0039 0.0037 0.0037 0.0033 0.0023 
    Largest link dim during sweep 15/1000 was 1800
    Largest truncation error: 1.131535347342287e-06
    Energy after sweep 15/1000 is -181.986527042073
    Sweep 15/1000 CPU time = 29m, 30s (Wall time = 30m, 6s)
    Energy change:-0.5451233020089887

    vN Entropy at center bond b=80 = 1.038605347869
    Eigs at center bond b=80: 0.7638 0.0531 0.0526 0.0489 0.0334 0.0113 0.0099 0.0094 0.0023 0.0020 
    Largest link dim during sweep 16/1000 was 1800
    Largest truncation error: 8.251120598566698e-07
    Energy after sweep 16/1000 is -182.483642816138
    Sweep 16/1000 CPU time = 28m, 10s (Wall time = 28m, 42s)
    Energy change:-0.4971157740649517

    vN Entropy at center bond b=80 = 1.240459992387
    Eigs at center bond b=80: 0.5896 0.2438 0.0886 0.0243 0.0190 0.0065 0.0061 0.0050 0.0042 0.0036 
    Largest link dim during sweep 17/1000 was 1800
    Largest truncation error: 8.037645253013676e-07
    Energy after sweep 17/1000 is -182.967524583533
    Sweep 17/1000 CPU time = 26m, 38s (Wall time = 27m, 8s)
    Energy change:-0.4838817673948768

    vN Entropy at center bond b=80 = 1.253369651249
    Eigs at center bond b=80: 0.5482 0.2773 0.1127 0.0235 0.0049 0.0047 0.0043 0.0037 0.0036 0.0035 
    Largest link dim during sweep 18/1000 was 1798
    Largest truncation error: 7.772751844571031e-07
    Energy after sweep 18/1000 is -183.425739506640
    Sweep 18/1000 CPU time = 24m, 23s (Wall time = 24m, 50s)
    Energy change:-0.4582149231064818

    vN Entropy at center bond b=80 = 1.149724743517
    Eigs at center bond b=80: 0.7209 0.0821 0.0783 0.0359 0.0323 0.0115 0.0092 0.0083 0.0027 0.0025 
    Largest link dim during sweep 19/1000 was 1800
    Largest truncation error: 7.883988137486582e-07
    Energy after sweep 19/1000 is -183.833921455247
    Sweep 19/1000 CPU time = 22m, 46s (Wall time = 23m, 10s)
    Energy change:-0.4081819486073357

    vN Entropy at center bond b=80 = 1.290678033551
    Eigs at center bond b=80: 0.6142 0.1837 0.1035 0.0334 0.0203 0.0117 0.0075 0.0051 0.0043 0.0034 
    Largest link dim during sweep 20/1000 was 1800
    Largest truncation error: 1.339642429532646e-06
    Energy after sweep 20/1000 is -184.390694796471
    Sweep 20/1000 CPU time = 21m, 56s (Wall time = 22m, 18s)
    Energy change:-0.5567733412237033

    vN Entropy at center bond b=80 = 1.342824855777
    Eigs at center bond b=80: 0.5130 0.2760 0.1411 0.0214 0.0080 0.0055 0.0049 0.0047 0.0039 0.0038 
    Largest link dim during sweep 21/1000 was 1800
    Largest truncation error: 4.000386427314546e-06
    Energy after sweep 21/1000 is -184.910738006977
    Sweep 21/1000 CPU time = 24m, 49s (Wall time = 25m, 15s)
    Energy change:-0.5200432105058326

    vN Entropy at center bond b=80 = 1.258794381533
    Eigs at center bond b=80: 0.6924 0.0793 0.0659 0.0536 0.0519 0.0105 0.0098 0.0097 0.0032 0.0029 
    Largest link dim during sweep 22/1000 was 1800
    Largest truncation error: 1.583794423901068e-06
    Energy after sweep 22/1000 is -185.365676042563
    Sweep 22/1000 CPU time = 22m, 28s (Wall time = 22m, 50s)
    Energy change:-0.4549380355859682

    vN Entropy at center bond b=80 = 1.393704218481
    Eigs at center bond b=80: 0.5355 0.2524 0.1153 0.0271 0.0214 0.0090 0.0064 0.0064 0.0051 0.0045 
    Largest link dim during sweep 23/1000 was 1800
    Largest truncation error: 9.042778746270518e-07
    Energy after sweep 23/1000 is -185.738214077527
    Sweep 23/1000 CPU time = 18m, 6s (Wall time = 18m, 21s)
    Energy change:-0.3725380349645491

    vN Entropy at center bond b=80 = 1.433183299929
    Eigs at center bond b=80: 0.5139 0.2611 0.1343 0.0198 0.0125 0.0086 0.0067 0.0061 0.0054 0.0045 
    Largest link dim during sweep 24/1000 was 1378
    Largest truncation error: 8.229691692779961e-07
    Energy after sweep 24/1000 is -186.028840049644
    Sweep 24/1000 CPU time = 15m, 25s (Wall time = 15m, 35s)
    Energy change:-0.2906259721173114

    vN Entropy at center bond b=80 = 1.413775458654
    Eigs at center bond b=80: 0.6354 0.1041 0.0915 0.0524 0.0505 0.0111 0.0100 0.0088 0.0043 0.0042 
    Largest link dim during sweep 25/1000 was 1527
    Largest truncation error: 7.219512669186746e-07
    Energy after sweep 25/1000 is -186.245728791855
    Sweep 25/1000 CPU time = 12m, 24s (Wall time = 12m, 31s)
    Energy change:-0.2168887422101591

    vN Entropy at center bond b=80 = 1.480413557226
    Eigs at center bond b=80: 0.5772 0.1617 0.1136 0.0570 0.0231 0.0160 0.0090 0.0073 0.0053 0.0043 
    Largest link dim during sweep 26/1000 was 1502
    Largest truncation error: 8.002510202024247e-07
    Energy after sweep 26/1000 is -186.418994675415
    Sweep 26/1000 CPU time = 11m, 29s (Wall time = 11m, 35s)
    Energy change:-0.1732658835602763

    vN Entropy at center bond b=80 = 1.581311137375
    Eigs at center bond b=80: 0.3822 0.3406 0.1697 0.0223 0.0182 0.0085 0.0082 0.0061 0.0048 0.0047 
    Largest link dim during sweep 27/1000 was 1650
    Largest truncation error: 8.342059589400023e-07
    Energy after sweep 27/1000 is -186.568484429926
    Sweep 27/1000 CPU time = 11m, 13s (Wall time = 11m, 18s)
    Energy change:-0.1494897545113645

    vN Entropy at center bond b=80 = 1.588133491423
    Eigs at center bond b=80: 0.4959 0.2045 0.1704 0.0335 0.0180 0.0149 0.0078 0.0070 0.0070 0.0051 
    Largest link dim during sweep 28/1000 was 1558
    Largest truncation error: 7.269321620824705e-07
    Energy after sweep 28/1000 is -186.681288629975
    Sweep 28/1000 CPU time = 11m, 42s (Wall time = 11m, 48s)
    Energy change:-0.1128042000485152

    vN Entropy at center bond b=80 = 1.592184023268
    Eigs at center bond b=80: 0.5567 0.1382 0.0929 0.0859 0.0557 0.0107 0.0088 0.0077 0.0050 0.0041 
    Largest link dim during sweep 29/1000 was 1574
    Largest truncation error: 7.213235034087136e-07
    Energy after sweep 29/1000 is -186.779400093729
    Sweep 29/1000 CPU time = 10m, 52s (Wall time = 10m, 56s)
    Energy change:-0.09811146375415092

    vN Entropy at center bond b=80 = 1.641777192574
    Eigs at center bond b=80: 0.5033 0.1711 0.1401 0.0854 0.0279 0.0119 0.0099 0.0077 0.0069 0.0039 
    Largest link dim during sweep 30/1000 was 1375
    Largest truncation error: 7.971992561179808e-07
    Energy after sweep 30/1000 is -186.866379175378
    Sweep 30/1000 CPU time = 10m, 24s (Wall time = 10m, 27s)
    Energy change:-0.0869790816489342

    vN Entropy at center bond b=80 = 1.699187256299
    Eigs at center bond b=80: 0.3724 0.2614 0.2293 0.0430 0.0136 0.0118 0.0097 0.0084 0.0077 0.0066 
    Largest link dim during sweep 31/1000 was 1382
    Largest truncation error: 7.350961332428735e-07
    Energy after sweep 31/1000 is -186.938376945490
    Sweep 31/1000 CPU time = 10m, 14s (Wall time = 10m, 16s)
    Energy change:-0.0719977701118637

    vN Entropy at center bond b=80 = 1.726647222143
    Eigs at center bond b=80: 0.3887 0.2478 0.2130 0.0492 0.0161 0.0121 0.0114 0.0096 0.0074 0.0064 
    Largest link dim during sweep 32/1000 was 1225
    Largest truncation error: 7.382355226520517e-07
    Energy after sweep 32/1000 is -187.001039589415
    Sweep 32/1000 CPU time = 10m, 33s (Wall time = 10m, 35s)
    Energy change:-0.06266264392527887

    vN Entropy at center bond b=80 = 1.739235163097
    Eigs at center bond b=80: 0.4455 0.2201 0.1137 0.1088 0.0347 0.0105 0.0078 0.0070 0.0057 0.0049 
    Largest link dim during sweep 33/1000 was 1162
    Largest truncation error: 6.88714378219932e-07
    Energy after sweep 33/1000 is -187.060748799358
    Sweep 33/1000 CPU time = 11m, 42s (Wall time = 11m, 45s)
    Energy change:-0.05970920994343487

    vN Entropy at center bond b=80 = 1.757023838472
    Eigs at center bond b=80: 0.4423 0.1972 0.1507 0.0909 0.0421 0.0114 0.0095 0.0076 0.0066 0.0052 
    Largest link dim during sweep 34/1000 was 1003
    Largest truncation error: 7.150473877965465e-07
    Energy after sweep 34/1000 is -187.129406069833
    Sweep 34/1000 CPU time = 14m, 37s (Wall time = 14m, 44s)
    Energy change:-0.06865727047454584

    vN Entropy at center bond b=80 = 1.781960259802
    Eigs at center bond b=80: 0.3686 0.2654 0.1782 0.0866 0.0137 0.0135 0.0098 0.0096 0.0091 0.0078 
    Largest link dim during sweep 35/1000 was 1058
    Largest truncation error: 6.884184772263156e-07
    Energy after sweep 35/1000 is -187.172657456978
    Sweep 35/1000 CPU time = 17m, 6s (Wall time = 17m, 26s)
    Energy change:-0.04325138714543186

    vN Entropy at center bond b=80 = 1.803565689843
    Eigs at center bond b=80: 0.3018 0.2797 0.2574 0.0421 0.0306 0.0150 0.0100 0.0069 0.0058 0.0057 
    Largest link dim during sweep 36/1000 was 1204
    Largest truncation error: 6.790338160242207e-07
    Energy after sweep 36/1000 is -187.211261359647
    Sweep 36/1000 CPU time = 20m, 36s (Wall time = 21m, 13s)
    Energy change:-0.03860390266848412

    vN Entropy at center bond b=80 = 1.838725914775
    Eigs at center bond b=80: 0.3621 0.2987 0.1464 0.0695 0.0186 0.0169 0.0126 0.0088 0.0082 0.0069 
    Largest link dim during sweep 37/1000 was 1285
    Largest truncation error: 7.888101442660954e-07
    Energy after sweep 37/1000 is -187.239105280863
    Sweep 37/1000 CPU time = 26m, 53s (Wall time = 27m, 36s)
    Energy change:-0.02784392121589008

    vN Entropy at center bond b=80 = 1.913428815741
    Eigs at center bond b=80: 0.3842 0.2652 0.1218 0.0819 0.0387 0.0123 0.0106 0.0093 0.0077 0.0076 
    Largest link dim during sweep 38/1000 was 1366
    Largest truncation error: 7.080286103050035e-07
    Energy after sweep 38/1000 is -187.261290114135
    Sweep 38/1000 CPU time = 34m, 24s (Wall time = 35m, 17s)
    Energy change:-0.02218483327195031

    vN Entropy at center bond b=80 = 2.046990620943
    Eigs at center bond b=80: 0.3729 0.2048 0.1752 0.0682 0.0512 0.0163 0.0112 0.0099 0.0098 0.0066 
    Largest link dim during sweep 39/1000 was 1531
    Largest truncation error: 7.354241885435564e-07
    Energy after sweep 39/1000 is -187.287897642073
    Sweep 39/1000 CPU time = 47m, 48s (Wall time = 48m, 55s)
    Energy change:-0.0266075279380118

    vN Entropy at center bond b=80 = 2.188679206421
    Eigs at center bond b=80: 0.3610 0.1954 0.1250 0.1234 0.0355 0.0214 0.0118 0.0109 0.0108 0.0104 
    Largest link dim during sweep 40/1000 was 1799
    Largest truncation error: 6.755903221579999e-07
    Energy after sweep 40/1000 is -187.328253428751
    Sweep 40/1000 CPU time = 1h, 9m, 49s (Wall time = 1h, 11m, 13s)
    Energy change:-0.04035578667816253

    vN Entropy at center bond b=80 = 2.243081502699
    Eigs at center bond b=80: 0.3140 0.2164 0.1954 0.0710 0.0231 0.0207 0.0170 0.0141 0.0107 0.0093 
    Largest link dim during sweep 41/1000 was 1800
    Largest truncation error: 8.342998389508538e-07
    Energy after sweep 41/1000 is -187.364045477380
    Sweep 41/1000 CPU time = 1h, 37m, 58s (Wall time = 1h, 39m, 46s)
    Energy change:-0.03579204862910501

    vN Entropy at center bond b=80 = 2.258200536258
    Eigs at center bond b=80: 0.2612 0.2385 0.2336 0.0481 0.0409 0.0193 0.0143 0.0139 0.0113 0.0099 
    Largest link dim during sweep 42/1000 was 1800
    Largest truncation error: 1.315427170530784e-06
    Energy after sweep 42/1000 is -187.381958197036
    Sweep 42/1000 CPU time = 1h, 51m, 40s (Wall time = 1h, 53m, 42s)
    Energy change:-0.01791271965623764

    vN Entropy at center bond b=80 = 2.274303351754
    Eigs at center bond b=80: 0.3004 0.2341 0.1728 0.0774 0.0366 0.0199 0.0156 0.0135 0.0121 0.0102 
    Largest link dim during sweep 43/1000 was 1800
    Largest truncation error: 1.504199198237777e-06
    Energy after sweep 43/1000 is -187.393234455776
    Sweep 43/1000 CPU time = 1h, 58m, 21s (Wall time = 2h, 30s)
    Energy change:-0.01127625873985494

    vN Entropy at center bond b=80 = 2.302172245064
    Eigs at center bond b=80: 0.3263 0.1990 0.1465 0.1122 0.0281 0.0228 0.0128 0.0126 0.0120 0.0112 
    Largest link dim during sweep 44/1000 was 1800
    Largest truncation error: 1.130371769444612e-06
    Energy after sweep 44/1000 is -187.401861734853
    Sweep 44/1000 CPU time = 2h, 7m, 25s (Wall time = 2h, 9m, 43s)
    Energy change:-0.008627279076563354

    vN Entropy at center bond b=80 = 2.289831636480
    Eigs at center bond b=80: 0.3326 0.2131 0.1584 0.0754 0.0231 0.0221 0.0221 0.0131 0.0117 0.0114 
    Largest link dim during sweep 45/1000 was 1800
    Largest truncation error: 1.082569876304458e-06
    Energy after sweep 45/1000 is -187.407507715507
    Sweep 45/1000 CPU time = 2h, 9m, 50s (Wall time = 2h, 12m, 11s)
    Energy change:-0.005645980653895322

    vN Entropy at center bond b=80 = 2.252697631059
    Eigs at center bond b=80: 0.3280 0.2714 0.1222 0.0514 0.0325 0.0203 0.0194 0.0160 0.0117 0.0117 
    Largest link dim during sweep 46/1000 was 1800
    Largest truncation error: 9.704070447674608e-07
    Energy after sweep 46/1000 is -187.411650629516
    Sweep 46/1000 CPU time = 2h, 10m, 43s (Wall time = 2h, 13m, 9s)
    Energy change:-0.004142914009634069

    vN Entropy at center bond b=80 = 2.202697779361
    Eigs at center bond b=80: 0.3220 0.3171 0.0915 0.0426 0.0350 0.0189 0.0186 0.0166 0.0120 0.0115 
    Largest link dim during sweep 47/1000 was 1800
    Largest truncation error: 1.020758321856475e-06
    Energy after sweep 47/1000 is -187.414525038188
    Sweep 47/1000 CPU time = 2h, 11m, 25s (Wall time = 2h, 13m, 49s)
    Energy change:-0.002874408671345918

    vN Entropy at center bond b=80 = 2.163553210315
    Eigs at center bond b=80: 0.3552 0.3058 0.0722 0.0501 0.0258 0.0211 0.0175 0.0147 0.0121 0.0110 
    Largest link dim during sweep 48/1000 was 1800
    Largest truncation error: 9.774402777415706e-07
    Energy after sweep 48/1000 is -187.416308277699
    Sweep 48/1000 CPU time = 2h, 8m, 35s (Wall time = 2h, 10m, 58s)
    Energy change:-0.001783239511553347

    vN Entropy at center bond b=80 = 2.134960927132
    Eigs at center bond b=80: 0.3784 0.2952 0.0594 0.0558 0.0231 0.0200 0.0168 0.0132 0.0121 0.0110 
    Largest link dim during sweep 49/1000 was 1800
    Largest truncation error: 9.358562505362411e-07
    Energy after sweep 49/1000 is -187.417483783523
    Sweep 49/1000 CPU time = 2h, 5m, 15s (Wall time = 2h, 7m, 33s)
    Energy change:-0.001175505824335232

    vN Entropy at center bond b=80 = 2.114931316553
    Eigs at center bond b=80: 0.3953 0.2855 0.0605 0.0504 0.0247 0.0162 0.0160 0.0121 0.0120 0.0116 
    Largest link dim during sweep 50/1000 was 1800
    Largest truncation error: 8.763751471284763e-07
    Energy after sweep 50/1000 is -187.418300556225
    Sweep 50/1000 CPU time = 2h, 2m, 16s (Wall time = 2h, 4m, 29s)
    Energy change:-0.0008167727014551929

    vN Entropy at center bond b=80 = 2.102705731291
    Eigs at center bond b=80: 0.4072 0.2771 0.0642 0.0442 0.0262 0.0157 0.0132 0.0125 0.0121 0.0120 
    Largest link dim during sweep 51/1000 was 1800
    Largest truncation error: 8.312852512099728e-07
    Energy after sweep 51/1000 is -187.418847971005
    Sweep 51/1000 CPU time = 1h, 59m, 38s (Wall time = 2h, 1m, 47s)
    Energy change:-0.0005474147798167905
