1_Dn 5_Up 9_Dn 13_Up 17_Dn 21_Up 25_Dn 29_Up 33_Dn 2_Up 6_Dn 10_Up 14_Dn 18_Up 22_Dn 26_Up 30_Dn 34_Up 3_Dn 7_Up 11_Dn 15_Up 19_Dn 23_Up 27_Dn 31_Up 35_Dn 4_Up 8_Dn 12_Up 16_Dn 20_Up 24_Dn 28_Up 32_Dn 36_Up 37_Up 38_Up 39_Up Initial energy=0
    vN Entropy at center bond b=80 = -0.000000000000
    Eigs at center bond b=80: 1.0000 
    Largest link dim during sweep 1/1000 was 10
    Largest truncation error: 0.0007894562646737354
    Energy after sweep 1/1000 is -143.271443709435
    Sweep 1/1000 CPU time = 0.384s (Wall time = 0.395s)
    Energy change:-143.271443709435

    vN Entropy at center bond b=80 = 0.001005105338
    Eigs at center bond b=80: 0.9999 
    Largest link dim during sweep 2/1000 was 20
    Largest truncation error: 0.00364997442330548
    Energy after sweep 2/1000 is -148.227920070835
    Sweep 2/1000 CPU time = 1.374s (Wall time = 1.381s)
    Energy change:-4.956476361400235

    vN Entropy at center bond b=80 = 0.385059393875
    Eigs at center bond b=80: 0.8707 0.1293 
    Largest link dim during sweep 3/1000 was 50
    Largest truncation error: 0.001352420927146927
    Energy after sweep 3/1000 is -153.057831543445
    Sweep 3/1000 CPU time = 2.807s (Wall time = 3.019s)
    Energy change:-4.829911472609894

    vN Entropy at center bond b=80 = 0.600465402384
    Eigs at center bond b=80: 0.7466 0.2470 0.0042 0.0023 
    Largest link dim during sweep 4/1000 was 100
    Largest truncation error: 0.0004878315962102133
    Energy after sweep 4/1000 is -155.399850203152
    Sweep 4/1000 CPU time = 5.234s (Wall time = 5.682s)
    Energy change:-2.342018659706554

    vN Entropy at center bond b=80 = 0.524461348974
    Eigs at center bond b=80: 0.8431 0.1261 0.0267 0.0041 
    Largest link dim during sweep 5/1000 was 200
    Largest truncation error: 0.0001822249998260325
    Energy after sweep 5/1000 is -157.059477380988
    Sweep 5/1000 CPU time = 12.90s (Wall time = 14.06s)
    Energy change:-1.6596271778362

    vN Entropy at center bond b=80 = 0.714394730264
    Eigs at center bond b=80: 0.5122 0.4848 0.0012 0.0012 
    Largest link dim during sweep 6/1000 was 400
    Largest truncation error: 7.569567466017701e-05
    Energy after sweep 6/1000 is -158.606545717523
    Sweep 6/1000 CPU time = 50.21s (Wall time = 53.08s)
    Energy change:-1.547068336535176

    vN Entropy at center bond b=80 = 0.586590507573
    Eigs at center bond b=80: 0.8287 0.1178 0.0456 0.0078 
    Largest link dim during sweep 7/1000 was 1000
    Largest truncation error: 1.201477591959792e-05
    Energy after sweep 7/1000 is -160.113089441203
    Sweep 7/1000 CPU time = 6m, 13.6s (Wall time = 6m, 24.9s)
    Energy change:-1.506543723679954

    vN Entropy at center bond b=80 = 0.705152254218
    Eigs at center bond b=80: 0.6175 0.3754 0.0042 0.0028 
    Largest link dim during sweep 8/1000 was 1800
    Largest truncation error: 4.17778292634694e-06
    Energy after sweep 8/1000 is -161.120931354118
    Sweep 8/1000 CPU time = 25m, 19s (Wall time = 25m, 53s)
    Energy change:-1.007841912915154

    vN Entropy at center bond b=80 = 0.702398631802
    Eigs at center bond b=80: 0.5520 0.4459 0.0012 
    Largest link dim during sweep 9/1000 was 1800
    Largest truncation error: 1.808746668672973e-05
    Energy after sweep 9/1000 is -161.767700223983
    Sweep 9/1000 CPU time = 32m, 42s (Wall time = 33m, 23s)
    Energy change:-0.6467688698648431

    vN Entropy at center bond b=80 = 0.589951922716
    Eigs at center bond b=80: 0.7384 0.2595 
    Largest link dim during sweep 10/1000 was 1800
    Largest truncation error: 5.270390118553856e-06
    Energy after sweep 10/1000 is -162.414725085630
    Sweep 10/1000 CPU time = 32m, 25s (Wall time = 33m, 4s)
    Energy change:-0.6470248616469121

    vN Entropy at center bond b=80 = 0.556965815726
    Eigs at center bond b=80: 0.8409 0.1285 0.0178 0.0056 0.0030 0.0013 0.0013 
    Largest link dim during sweep 11/1000 was 1800
    Largest truncation error: 1.570376079250922e-05
    Energy after sweep 11/1000 is -162.978370555737
    Sweep 11/1000 CPU time = 32m, 26s (Wall time = 33m, 5s)
    Energy change:-0.5636454701071898

    vN Entropy at center bond b=80 = 0.914180928834
    Eigs at center bond b=80: 0.7561 0.1029 0.0664 0.0452 0.0165 0.0042 0.0025 0.0018 0.0016 0.0015 
    Largest link dim during sweep 12/1000 was 1800
    Largest truncation error: 3.454812425143444e-06
    Energy after sweep 12/1000 is -163.715354661287
    Sweep 12/1000 CPU time = 32m, 10s (Wall time = 32m, 49s)
    Energy change:-0.7369841055494817

    vN Entropy at center bond b=80 = 1.196041729270
    Eigs at center bond b=80: 0.4284 0.4190 0.1013 0.0273 0.0078 0.0052 0.0033 0.0030 0.0012 
    Largest link dim during sweep 13/1000 was 1800
    Largest truncation error: 2.350609169961979e-06
    Energy after sweep 13/1000 is -164.398029538711
    Sweep 13/1000 CPU time = 32m, 32s (Wall time = 33m, 12s)
    Energy change:-0.6826748774248017

    vN Entropy at center bond b=80 = 0.987522396981
    Eigs at center bond b=80: 0.7214 0.1442 0.0843 0.0177 0.0069 0.0051 0.0039 0.0035 0.0026 0.0024 
    Largest link dim during sweep 14/1000 was 1800
    Largest truncation error: 2.838291763295827e-06
    Energy after sweep 14/1000 is -164.937756540703
    Sweep 14/1000 CPU time = 29m, 44s (Wall time = 30m, 19s)
    Energy change:-0.5397270019911389

    vN Entropy at center bond b=80 = 0.962919018581
    Eigs at center bond b=80: 0.7804 0.0706 0.0413 0.0377 0.0272 0.0141 0.0088 0.0056 0.0030 0.0020 
    Largest link dim during sweep 15/1000 was 1800
    Largest truncation error: 8.10643701474401e-07
    Energy after sweep 15/1000 is -165.458011624144
    Sweep 15/1000 CPU time = 25m, 39s (Wall time = 26m, 9s)
    Energy change:-0.5202550834415263

    vN Entropy at center bond b=80 = 1.222690490671
    Eigs at center bond b=80: 0.5430 0.3010 0.0900 0.0263 0.0136 0.0056 0.0046 0.0036 0.0032 0.0028 
    Largest link dim during sweep 16/1000 was 1742
    Largest truncation error: 8.034653656628013e-07
    Energy after sweep 16/1000 is -165.935368806082
    Sweep 16/1000 CPU time = 21m, 59s (Wall time = 22m, 24s)
    Energy change:-0.4773571819382028

    vN Entropy at center bond b=80 = 1.179281940463
    Eigs at center bond b=80: 0.6051 0.2208 0.1189 0.0215 0.0058 0.0049 0.0039 0.0031 0.0028 0.0024 
    Largest link dim during sweep 17/1000 was 1708
    Largest truncation error: 7.862455500965623e-07
    Energy after sweep 17/1000 is -166.452814933214
    Sweep 17/1000 CPU time = 19m, 31s (Wall time = 19m, 53s)
    Energy change:-0.5174461271313646

    vN Entropy at center bond b=80 = 1.068646013264
    Eigs at center bond b=80: 0.7472 0.0775 0.0485 0.0463 0.0374 0.0092 0.0085 0.0082 0.0027 0.0022 
    Largest link dim during sweep 18/1000 was 1800
    Largest truncation error: 1.268233205242222e-06
    Energy after sweep 18/1000 is -167.070486323927
    Sweep 18/1000 CPU time = 20m, 8s (Wall time = 20m, 30s)
    Energy change:-0.6176713907136673

    vN Entropy at center bond b=80 = 1.269138433047
    Eigs at center bond b=80: 0.5723 0.2300 0.1221 0.0228 0.0221 0.0056 0.0054 0.0048 0.0036 0.0030 
    Largest link dim during sweep 19/1000 was 1799
    Largest truncation error: 8.892799062656184e-07
    Energy after sweep 19/1000 is -167.520361539546
    Sweep 19/1000 CPU time = 19m, 58s (Wall time = 20m, 23s)
    Energy change:-0.4498752156187038

    vN Entropy at center bond b=80 = 1.264230056154
    Eigs at center bond b=80: 0.5309 0.2699 0.1420 0.0226 0.0057 0.0051 0.0039 0.0037 0.0032 0.0024 
    Largest link dim during sweep 20/1000 was 1738
    Largest truncation error: 7.994842618743741e-07
    Energy after sweep 20/1000 is -167.862952984813
    Sweep 20/1000 CPU time = 14m, 49s (Wall time = 15m, 5s)
    Energy change:-0.3425914452671464

    vN Entropy at center bond b=80 = 1.180893390544
    Eigs at center bond b=80: 0.7056 0.0956 0.0601 0.0586 0.0333 0.0094 0.0090 0.0080 0.0025 0.0025 
    Largest link dim during sweep 21/1000 was 1586
    Largest truncation error: 8.179658839253101e-07
    Energy after sweep 21/1000 is -168.245722019288
    Sweep 21/1000 CPU time = 11m, 60s (Wall time = 12m, 10s)
    Energy change:-0.3827690344751034

    vN Entropy at center bond b=80 = 1.331596140661
    Eigs at center bond b=80: 0.5627 0.2117 0.1378 0.0289 0.0208 0.0075 0.0064 0.0055 0.0040 0.0032 
    Largest link dim during sweep 22/1000 was 1345
    Largest truncation error: 7.483420838965131e-07
    Energy after sweep 22/1000 is -168.587912777262
    Sweep 22/1000 CPU time = 12m, 3s (Wall time = 12m, 13s)
    Energy change:-0.3421907579741514

    vN Entropy at center bond b=80 = 1.349922129479
    Eigs at center bond b=80: 0.5112 0.2617 0.1573 0.0207 0.0111 0.0051 0.0049 0.0045 0.0035 0.0035 
    Largest link dim during sweep 23/1000 was 1134
    Largest truncation error: 7.382097067709194e-07
    Energy after sweep 23/1000 is -168.906820469792
    Sweep 23/1000 CPU time = 10m, 1s (Wall time = 10m, 9s)
    Energy change:-0.3189076925293932

    vN Entropy at center bond b=80 = 1.294802570564
    Eigs at center bond b=80: 0.6712 0.0972 0.0671 0.0659 0.0447 0.0096 0.0094 0.0090 0.0030 0.0026 
    Largest link dim during sweep 24/1000 was 1280
    Largest truncation error: 7.471354410223034e-07
    Energy after sweep 24/1000 is -169.185253975771
    Sweep 24/1000 CPU time = 9m, 59.0s (Wall time = 10m, 5s)
    Energy change:-0.2784335059787395

    vN Entropy at center bond b=80 = 1.406625311727
    Eigs at center bond b=80: 0.5527 0.2025 0.1389 0.0377 0.0189 0.0109 0.0072 0.0055 0.0053 0.0037 
    Largest link dim during sweep 25/1000 was 1379
    Largest truncation error: 8.640314672124482e-07
    Energy after sweep 25/1000 is -169.403914336831
    Sweep 25/1000 CPU time = 9m, 51.8s (Wall time = 9m, 57.7s)
    Energy change:-0.2186603610604436

    vN Entropy at center bond b=80 = 1.470406506832
    Eigs at center bond b=80: 0.4284 0.3100 0.1781 0.0195 0.0107 0.0107 0.0058 0.0052 0.0039 0.0037 
    Largest link dim during sweep 26/1000 was 1239
    Largest truncation error: 7.034663103064906e-07
    Energy after sweep 26/1000 is -169.592093976377
    Sweep 26/1000 CPU time = 8m, 46.9s (Wall time = 8m, 51.6s)
    Energy change:-0.1881796395463766

    vN Entropy at center bond b=80 = 1.447800440165
    Eigs at center bond b=80: 0.5865 0.1528 0.1189 0.0572 0.0245 0.0121 0.0088 0.0053 0.0039 0.0035 
    Largest link dim during sweep 27/1000 was 1382
    Largest truncation error: 7.940790526844096e-07
    Energy after sweep 27/1000 is -169.756600314044
    Sweep 27/1000 CPU time = 8m, 0.8s (Wall time = 8m, 5.1s)
    Energy change:-0.1645063376668077

    vN Entropy at center bond b=80 = 1.502392103733
    Eigs at center bond b=80: 0.5692 0.1448 0.1101 0.0847 0.0301 0.0123 0.0097 0.0053 0.0052 0.0047 
    Largest link dim during sweep 28/1000 was 1125
    Largest truncation error: 8.451268004314529e-07
    Energy after sweep 28/1000 is -169.913607633175
    Sweep 28/1000 CPU time = 7m, 19.4s (Wall time = 7m, 23.0s)
    Energy change:-0.1570073191305994

    vN Entropy at center bond b=80 = 1.582600423380
    Eigs at center bond b=80: 0.3888 0.3035 0.2015 0.0274 0.0171 0.0075 0.0072 0.0067 0.0051 0.0044 
    Largest link dim during sweep 29/1000 was 1192
    Largest truncation error: 7.192554150963138e-07
    Energy after sweep 29/1000 is -170.033643195638
    Sweep 29/1000 CPU time = 7m, 6.3s (Wall time = 7m, 9.3s)
    Energy change:-0.1200355624632152

    vN Entropy at center bond b=80 = 1.602209325263
    Eigs at center bond b=80: 0.4865 0.1941 0.1874 0.0389 0.0171 0.0137 0.0077 0.0069 0.0062 0.0055 
    Largest link dim during sweep 30/1000 was 1061
    Largest truncation error: 7.731766476577601e-07
    Energy after sweep 30/1000 is -170.120928277341
    Sweep 30/1000 CPU time = 7m, 4.2s (Wall time = 7m, 6.6s)
    Energy change:-0.08728508170335658

    vN Entropy at center bond b=80 = 1.626796390995
    Eigs at center bond b=80: 0.5436 0.1416 0.1064 0.0692 0.0658 0.0110 0.0083 0.0074 0.0061 0.0053 
    Largest link dim during sweep 31/1000 was 876
    Largest truncation error: 8.094112059836057e-07
    Energy after sweep 31/1000 is -170.181403738628
    Sweep 31/1000 CPU time = 7m, 12.6s (Wall time = 7m, 14.2s)
    Energy change:-0.0604754612867282

    vN Entropy at center bond b=80 = 1.694719057016
    Eigs at center bond b=80: 0.4729 0.1834 0.1557 0.0866 0.0229 0.0120 0.0099 0.0092 0.0085 0.0037 
    Largest link dim during sweep 32/1000 was 843
    Largest truncation error: 8.76439959266368e-07
    Energy after sweep 32/1000 is -170.224979161707
    Sweep 32/1000 CPU time = 7m, 46.7s (Wall time = 7m, 48.3s)
    Energy change:-0.04357542307874951

    vN Entropy at center bond b=80 = 1.753492899158
    Eigs at center bond b=80: 0.3477 0.2641 0.2399 0.0467 0.0129 0.0121 0.0113 0.0089 0.0071 0.0068 
    Largest link dim during sweep 33/1000 was 880
    Largest truncation error: 7.556335315548019e-07
    Energy after sweep 33/1000 is -170.254311299034
    Sweep 33/1000 CPU time = 8m, 51.1s (Wall time = 8m, 53.6s)
    Energy change:-0.02933213732751483

    vN Entropy at center bond b=80 = 1.788929482619
    Eigs at center bond b=80: 0.3520 0.2678 0.2253 0.0354 0.0238 0.0128 0.0118 0.0111 0.0075 0.0069 
    Largest link dim during sweep 34/1000 was 896
    Largest truncation error: 7.544090903298785e-07
    Energy after sweep 34/1000 is -170.275612545530
    Sweep 34/1000 CPU time = 10m, 13s (Wall time = 10m, 21s)
    Energy change:-0.0213012464953124

    vN Entropy at center bond b=80 = 1.824016283841
    Eigs at center bond b=80: 0.3935 0.2698 0.1341 0.0791 0.0254 0.0122 0.0115 0.0102 0.0082 0.0076 
    Largest link dim during sweep 35/1000 was 952
    Largest truncation error: 7.070185869519548e-07
    Energy after sweep 35/1000 is -170.291414621836
    Sweep 35/1000 CPU time = 12m, 10s (Wall time = 12m, 31s)
    Energy change:-0.01580207630598807

    vN Entropy at center bond b=80 = 1.870471159731
    Eigs at center bond b=80: 0.3862 0.2544 0.1428 0.0752 0.0437 0.0123 0.0116 0.0096 0.0072 0.0067 
    Largest link dim during sweep 36/1000 was 1007
    Largest truncation error: 7.077465650888939e-07
    Energy after sweep 36/1000 is -170.304052530575
    Sweep 36/1000 CPU time = 14m, 53s (Wall time = 15m, 21s)
    Energy change:-0.01263790873929338

    vN Entropy at center bond b=80 = 1.921587799938
    Eigs at center bond b=80: 0.3370 0.2314 0.2262 0.0624 0.0386 0.0165 0.0115 0.0097 0.0078 0.0064 
    Largest link dim during sweep 37/1000 was 1120
    Largest truncation error: 7.576968135489924e-07
    Energy after sweep 37/1000 is -170.315275323752
    Sweep 37/1000 CPU time = 18m, 41s (Wall time = 19m, 14s)
    Energy change:-0.01122279317701214

    vN Entropy at center bond b=80 = 1.964288071733
    Eigs at center bond b=80: 0.3144 0.2645 0.2103 0.0717 0.0191 0.0183 0.0124 0.0102 0.0102 0.0068 
    Largest link dim during sweep 38/1000 was 1357
    Largest truncation error: 7.340864926795057e-07
    Energy after sweep 38/1000 is -170.326468203773
    Sweep 38/1000 CPU time = 24m, 41s (Wall time = 25m, 21s)
    Energy change:-0.01119288002146845

    vN Entropy at center bond b=80 = 2.003264141480
    Eigs at center bond b=80: 0.4092 0.1840 0.1726 0.0656 0.0377 0.0172 0.0151 0.0086 0.0080 0.0067 
    Largest link dim during sweep 39/1000 was 1353
    Largest truncation error: 7.25652527938111e-07
    Energy after sweep 39/1000 is -170.339149727316
    Sweep 39/1000 CPU time = 33m, 60s (Wall time = 34m, 51s)
    Energy change:-0.01268152354288077

    vN Entropy at center bond b=80 = 2.025587890583
    Eigs at center bond b=80: 0.4590 0.1582 0.1091 0.0790 0.0527 0.0164 0.0163 0.0115 0.0091 0.0080 
    Largest link dim during sweep 40/1000 was 1461
    Largest truncation error: 7.031829526755765e-07
    Energy after sweep 40/1000 is -170.349467482786
    Sweep 40/1000 CPU time = 41m, 45s (Wall time = 42m, 45s)
    Energy change:-0.01031775546951508

    vN Entropy at center bond b=80 = 2.057572903656
    Eigs at center bond b=80: 0.4696 0.1347 0.1211 0.0741 0.0426 0.0174 0.0168 0.0162 0.0115 0.0092 
    Largest link dim during sweep 41/1000 was 1608
    Largest truncation error: 7.676458116748811e-07
    Energy after sweep 41/1000 is -170.357469979910
    Sweep 41/1000 CPU time = 47m, 36s (Wall time = 48m, 42s)
    Energy change:-0.00800249712403911

    vN Entropy at center bond b=80 = 2.128758582701
    Eigs at center bond b=80: 0.4533 0.1564 0.1134 0.0596 0.0392 0.0226 0.0169 0.0165 0.0139 0.0118 
    Largest link dim during sweep 42/1000 was 1642
    Largest truncation error: 7.466507193440834e-07
    Energy after sweep 42/1000 is -170.363825289606
    Sweep 42/1000 CPU time = 54m, 4s (Wall time = 55m, 18s)
    Energy change:-0.00635530969597653

    vN Entropy at center bond b=80 = 2.251045862954
    Eigs at center bond b=80: 0.4178 0.1839 0.0918 0.0589 0.0439 0.0264 0.0194 0.0168 0.0146 0.0140 
    Largest link dim during sweep 43/1000 was 1789
    Largest truncation error: 7.391703968139862e-07
    Energy after sweep 43/1000 is -170.370386476353
    Sweep 43/1000 CPU time = 1h, 5m, 58s (Wall time = 1h, 7m, 25s)
    Energy change:-0.006561186747177317

    vN Entropy at center bond b=80 = 2.400370861762
    Eigs at center bond b=80: 0.3673 0.2090 0.0673 0.0666 0.0564 0.0281 0.0237 0.0168 0.0152 0.0147 
    Largest link dim during sweep 44/1000 was 1800
    Largest truncation error: 7.523301584505151e-07
    Energy after sweep 44/1000 is -170.379246347361
    Sweep 44/1000 CPU time = 1h, 23m, 17s (Wall time = 1h, 24m, 59s)
    Energy change:-0.008859871008240816

    vN Entropy at center bond b=80 = 2.479054214361
    Eigs at center bond b=80: 0.3179 0.2517 0.0667 0.0638 0.0416 0.0279 0.0238 0.0168 0.0167 0.0166 
    Largest link dim during sweep 45/1000 was 1800
    Largest truncation error: 9.756511082810372e-07
    Energy after sweep 45/1000 is -170.390127351807
    Sweep 45/1000 CPU time = 1h, 41m, 28s (Wall time = 1h, 43m, 26s)
    Energy change:-0.01088100444621887

    vN Entropy at center bond b=80 = 2.420502943350
    Eigs at center bond b=80: 0.3117 0.2920 0.0526 0.0505 0.0271 0.0270 0.0258 0.0194 0.0189 0.0163 
    Largest link dim during sweep 46/1000 was 1800
    Largest truncation error: 1.138415569776705e-06
    Energy after sweep 46/1000 is -170.398696982009
    Sweep 46/1000 CPU time = 1h, 52m, 29s (Wall time = 1h, 54m, 38s)
    Energy change:-0.008569630201236578

    vN Entropy at center bond b=80 = 2.297068565373
    Eigs at center bond b=80: 0.3651 0.2818 0.0371 0.0366 0.0334 0.0245 0.0209 0.0187 0.0178 0.0164 
    Largest link dim during sweep 47/1000 was 1800
    Largest truncation error: 1.033680772863134e-06
    Energy after sweep 47/1000 is -170.403624467669
    Sweep 47/1000 CPU time = 1h, 53m, 43s (Wall time = 1h, 55m, 55s)
    Energy change:-0.004927485660459752

    vN Entropy at center bond b=80 = 2.184292646782
    Eigs at center bond b=80: 0.4039 0.2736 0.0455 0.0246 0.0222 0.0220 0.0217 0.0196 0.0188 0.0149 
    Largest link dim during sweep 48/1000 was 1800
    Largest truncation error: 8.038228232538717e-07
    Energy after sweep 48/1000 is -170.406329654889
    Sweep 48/1000 CPU time = 1h, 52m, 11s (Wall time = 1h, 54m, 21s)
    Energy change:-0.002705187220300331

    vN Entropy at center bond b=80 = 2.106414598962
    Eigs at center bond b=80: 0.4287 0.2655 0.0518 0.0232 0.0222 0.0206 0.0191 0.0174 0.0150 0.0130 
    Largest link dim during sweep 49/1000 was 1800
    Largest truncation error: 6.825677015277234e-07
    Energy after sweep 49/1000 is -170.407805988075
    Sweep 49/1000 CPU time = 1h, 46m, 32s (Wall time = 1h, 48m, 34s)
    Energy change:-0.00147633318545104

    vN Entropy at center bond b=80 = 2.052919726635
    Eigs at center bond b=80: 0.4456 0.2576 0.0568 0.0237 0.0236 0.0218 0.0177 0.0138 0.0130 0.0110 
    Largest link dim during sweep 50/1000 was 1800
    Largest truncation error: 7.588837415720491e-07
    Energy after sweep 50/1000 is -170.408771133213
    Sweep 50/1000 CPU time = 1h, 41m, 53s (Wall time = 1h, 43m, 41s)
    Energy change:-0.0009651451380818798

    vN Entropy at center bond b=80 = 2.020354484111
    Eigs at center bond b=80: 0.4566 0.2506 0.0607 0.0250 0.0236 0.0226 0.0170 0.0143 0.0103 0.0102 
    Largest link dim during sweep 51/1000 was 1800
    Largest truncation error: 6.940197706462235e-07
    Energy after sweep 51/1000 is -170.409305911162
    Sweep 51/1000 CPU time = 1h, 36m, 18s (Wall time = 1h, 37m, 54s)
    Energy change:-0.0005347779487578919

    vN Entropy at center bond b=80 = 2.000932693186
    Eigs at center bond b=80: 0.4633 0.2454 0.0635 0.0261 0.0236 0.0230 0.0167 0.0147 0.0111 0.0091 
    Largest link dim during sweep 52/1000 was 1800
    Largest truncation error: 6.530452510364953e-07
    Energy after sweep 52/1000 is -170.409557186528
    Sweep 52/1000 CPU time = 1h, 30m, 40s (Wall time = 1h, 32m, 11s)
    Energy change:-0.0002512753659402733

    vN Entropy at center bond b=80 = 1.987468041952
    Eigs at center bond b=80: 0.4679 0.2416 0.0655 0.0269 0.0235 0.0231 0.0165 0.0149 0.0119 0.0086 
    Largest link dim during sweep 53/1000 was 1800
    Largest truncation error: 6.626792474431554e-07
    Energy after sweep 53/1000 is -170.409702217115
    Sweep 53/1000 CPU time = 1h, 25m, 50s (Wall time = 1h, 27m, 9s)
    Energy change:-0.0001450305876744551

    vN Entropy at center bond b=80 = 1.977375950280
    Eigs at center bond b=80: 0.4712 0.2388 0.0670 0.0277 0.0233 0.0230 0.0163 0.0151 0.0126 0.0086 
    Largest link dim during sweep 54/1000 was 1800
    Largest truncation error: 6.932420334620235e-07
    Energy after sweep 54/1000 is -170.409782814530
    Sweep 54/1000 CPU time = 1h, 22m, 0s (Wall time = 1h, 23m, 26s)
    Energy change:-8.059741486476923e-05

    vN Entropy at center bond b=80 = 1.969132945041
    Eigs at center bond b=80: 0.4737 0.2366 0.0682 0.0283 0.0232 0.0228 0.0162 0.0152 0.0133 0.0086 
    Largest link dim during sweep 55/1000 was 1800
    Largest truncation error: 6.901560856631269e-07
    Energy after sweep 55/1000 is -170.409829296705
    Sweep 55/1000 CPU time = 1h, 18m, 42s (Wall time = 1h, 20m, 4s)
    Energy change:-4.648217438329993e-05

    vN Entropy at center bond b=80 = 1.962244934128
    Eigs at center bond b=80: 0.4757 0.2350 0.0692 0.0288 0.0230 0.0225 0.0160 0.0152 0.0138 0.0086 
    Largest link dim during sweep 56/1000 was 1800
    Largest truncation error: 6.751947011934363e-07
    Energy after sweep 56/1000 is -170.409864374508
    Sweep 56/1000 CPU time = 1h, 15m, 26s (Wall time = 1h, 16m, 42s)
    Energy change:-3.507780354539136e-05

    vN Entropy at center bond b=80 = 1.956411691305
    Eigs at center bond b=80: 0.4772 0.2337 0.0700 0.0293 0.0228 0.0222 0.0159 0.0153 0.0143 0.0085 
    Largest link dim during sweep 57/1000 was 1800
    Largest truncation error: 6.739757987819068e-07
    Energy after sweep 57/1000 is -170.409889171880
    Sweep 57/1000 CPU time = 1h, 12m, 53s (Wall time = 1h, 13m, 58s)
    Energy change:-2.479737204907906e-05

    vN Entropy at center bond b=80 = 1.951441184734
    Eigs at center bond b=80: 0.4785 0.2327 0.0707 0.0298 0.0226 0.0219 0.0158 0.0153 0.0148 0.0085 
    Largest link dim during sweep 58/1000 was 1787
    Largest truncation error: 6.727911468539766e-07
    Energy after sweep 58/1000 is -170.409905897046
    Sweep 58/1000 CPU time = 1h, 10m, 57s (Wall time = 1h, 11m, 57s)
    Energy change:-1.672516600592644e-05
