1_Dn 5_Up 9_Dn 13_Up 17_Dn 21_Up 2_Up 6_Dn 10_Up 14_Dn 18_Up 22_Dn 3_Dn 7_Up 11_Dn 15_Up 19_Dn 4_Up 8_Dn 12_Up 16_Dn 20_Up 23_Up Initial energy=0
    vN Entropy at center bond b=80 = -0.000000000000
    Eigs at center bond b=80: 1.0000 
    Largest link dim during sweep 1/1000 was 10
    Largest truncation error: 0.0002752155982139256
    Energy after sweep 1/1000 is -87.846060505587
    Sweep 1/1000 CPU time = 0.305s (Wall time = 0.311s)
    Energy change:-87.84606050558716

    vN Entropy at center bond b=80 = 0.051705303429
    Eigs at center bond b=80: 0.9909 0.0091 
    Largest link dim during sweep 2/1000 was 20
    Largest truncation error: 0.003391729148618218
    Energy after sweep 2/1000 is -90.075381663945
    Sweep 2/1000 CPU time = 0.889s (Wall time = 0.897s)
    Energy change:-2.229321158357379

    vN Entropy at center bond b=80 = 0.244776366416
    Eigs at center bond b=80: 0.9334 0.0666 
    Largest link dim during sweep 3/1000 was 50
    Largest truncation error: 0.001295261832323111
    Energy after sweep 3/1000 is -92.811357833862
    Sweep 3/1000 CPU time = 1.926s (Wall time = 2.061s)
    Energy change:-2.735976169917535

    vN Entropy at center bond b=80 = 0.504907699422
    Eigs at center bond b=80: 0.7967 0.2033 
    Largest link dim during sweep 4/1000 was 100
    Largest truncation error: 0.0008502168367774406
    Energy after sweep 4/1000 is -94.604792312237
    Sweep 4/1000 CPU time = 3.715s (Wall time = 4.040s)
    Energy change:-1.793434478375303

    vN Entropy at center bond b=80 = 0.668348919260
    Eigs at center bond b=80: 0.6109 0.3891 
    Largest link dim during sweep 5/1000 was 200
    Largest truncation error: 0.0002144990008010782
    Energy after sweep 5/1000 is -95.903499929909
    Sweep 5/1000 CPU time = 8.920s (Wall time = 9.730s)
    Energy change:-1.29870761767171

    vN Entropy at center bond b=80 = 0.685349915313
    Eigs at center bond b=80: 0.5624 0.4376 
    Largest link dim during sweep 6/1000 was 400
    Largest truncation error: 4.032159983665805e-05
    Energy after sweep 6/1000 is -97.061516145475
    Sweep 6/1000 CPU time = 30.60s (Wall time = 32.32s)
    Energy change:-1.158016215566292

    vN Entropy at center bond b=80 = 0.588054663496
    Eigs at center bond b=80: 0.7251 0.2749 
    Largest link dim during sweep 7/1000 was 1000
    Largest truncation error: 2.044041946567431e-06
    Energy after sweep 7/1000 is -97.980041015324
    Sweep 7/1000 CPU time = 2m, 50.5s (Wall time = 2m, 55.7s)
    Energy change:-0.918524869849108

    vN Entropy at center bond b=80 = 0.444980743970
    Eigs at center bond b=80: 0.8368 0.1632 
    Largest link dim during sweep 8/1000 was 1422
    Largest truncation error: 9.63724251221865e-07
    Energy after sweep 8/1000 is -98.684776464940
    Sweep 8/1000 CPU time = 5m, 55.8s (Wall time = 6m, 5.3s)
    Energy change:-0.704735449615157

    vN Entropy at center bond b=80 = 0.273515602106
    Eigs at center bond b=80: 0.9221 0.0779 
    Largest link dim during sweep 9/1000 was 1442
    Largest truncation error: 9.490853819600133e-07
    Energy after sweep 9/1000 is -99.327724504781
    Sweep 9/1000 CPU time = 6m, 8.7s (Wall time = 6m, 17.4s)
    Energy change:-0.642948039841599

    vN Entropy at center bond b=80 = 0.140588284771
    Eigs at center bond b=80: 0.9684 0.0316 
    Largest link dim during sweep 10/1000 was 1467
    Largest truncation error: 9.375298516433278e-07
    Energy after sweep 10/1000 is -99.886026095453
    Sweep 10/1000 CPU time = 5m, 11.1s (Wall time = 5m, 19.1s)
    Energy change:-0.5583015906716753

    vN Entropy at center bond b=80 = 0.092307291252
    Eigs at center bond b=80: 0.9846 0.0117 0.0013 0.0011 0.0011 
    Largest link dim during sweep 11/1000 was 1151
    Largest truncation error: 8.910171772857649e-07
    Energy after sweep 11/1000 is -100.427109490696
    Sweep 11/1000 CPU time = 3m, 55.3s (Wall time = 4m, 0.2s)
    Energy change:-0.5410833952426515

    vN Entropy at center bond b=80 = 0.465716401835
    Eigs at center bond b=80: 0.8878 0.0767 0.0149 0.0148 0.0028 0.0012 0.0011 
    Largest link dim during sweep 12/1000 was 1055
    Largest truncation error: 9.202047801858719e-07
    Energy after sweep 12/1000 is -100.866690799167
    Sweep 12/1000 CPU time = 3m, 11.4s (Wall time = 3m, 14.9s)
    Energy change:-0.4395813084719009

    vN Entropy at center bond b=80 = 0.982629768803
    Eigs at center bond b=80: 0.5060 0.4221 0.0319 0.0315 0.0030 0.0030 
    Largest link dim during sweep 13/1000 was 893
    Largest truncation error: 8.834934060160246e-07
    Energy after sweep 13/1000 is -101.220751938615
    Sweep 13/1000 CPU time = 2m, 35.0s (Wall time = 2m, 39.0s)
    Energy change:-0.3540611394476372

    vN Entropy at center bond b=80 = 0.785718556900
    Eigs at center bond b=80: 0.7682 0.1692 0.0223 0.0218 0.0048 0.0027 0.0023 0.0023 0.0021 0.0021 
    Largest link dim during sweep 14/1000 was 766
    Largest truncation error: 9.406159913727488e-07
    Energy after sweep 14/1000 is -101.521543835097
    Sweep 14/1000 CPU time = 2m, 2.5s (Wall time = 2m, 3.2s)
    Energy change:-0.3007918964822096

    vN Entropy at center bond b=80 = 0.722060573312
    Eigs at center bond b=80: 0.8406 0.0716 0.0279 0.0156 0.0155 0.0087 0.0066 0.0064 0.0018 0.0017 
    Largest link dim during sweep 15/1000 was 785
    Largest truncation error: 9.400422904760866e-07
    Energy after sweep 15/1000 is -101.773889141840
    Sweep 15/1000 CPU time = 1m, 35.8s (Wall time = 1m, 36.1s)
    Energy change:-0.2523453067423276

    vN Entropy at center bond b=80 = 1.019126813697
    Eigs at center bond b=80: 0.5629 0.3565 0.0316 0.0315 0.0035 0.0035 0.0033 0.0023 
    Largest link dim during sweep 16/1000 was 684
    Largest truncation error: 8.755761780760921e-07
    Energy after sweep 16/1000 is -102.007811172481
    Sweep 16/1000 CPU time = 1m, 23.1s (Wall time = 1m, 23.3s)
    Energy change:-0.2339220306416365

    vN Entropy at center bond b=80 = 0.890333177104
    Eigs at center bond b=80: 0.7119 0.2164 0.0255 0.0254 0.0041 0.0031 0.0031 0.0027 0.0020 0.0020 
    Largest link dim during sweep 17/1000 was 563
    Largest truncation error: 9.0943913353343e-07
    Energy after sweep 17/1000 is -102.203753987953
    Sweep 17/1000 CPU time = 1m, 3.6s (Wall time = 1m, 3.8s)
    Energy change:-0.1959428154712697

    vN Entropy at center bond b=80 = 0.760266993655
    Eigs at center bond b=80: 0.8357 0.0506 0.0505 0.0123 0.0123 0.0102 0.0102 0.0090 0.0016 0.0016 
    Largest link dim during sweep 18/1000 was 494
    Largest truncation error: 8.783215658352829e-07
    Energy after sweep 18/1000 is -102.390638393125
    Sweep 18/1000 CPU time = 52.31s (Wall time = 52.45s)
    Energy change:-0.1868844051728331

    vN Entropy at center bond b=80 = 1.008756730538
    Eigs at center bond b=80: 0.6323 0.2825 0.0295 0.0295 0.0058 0.0054 0.0036 0.0036 0.0019 0.0019 
    Largest link dim during sweep 19/1000 was 386
    Largest truncation error: 8.595976665817537e-07
    Energy after sweep 19/1000 is -102.546287241394
    Sweep 19/1000 CPU time = 43.29s (Wall time = 43.41s)
    Energy change:-0.1556488482681431

    vN Entropy at center bond b=80 = 1.012202535506
    Eigs at center bond b=80: 0.5891 0.3316 0.0301 0.0301 0.0038 0.0038 0.0026 0.0015 0.0010 
    Largest link dim during sweep 20/1000 was 364
    Largest truncation error: 9.207145088741702e-07
    Energy after sweep 20/1000 is -102.687739983568
    Sweep 20/1000 CPU time = 37.55s (Wall time = 37.65s)
    Energy change:-0.141452742174252

    vN Entropy at center bond b=80 = 0.850098988965
    Eigs at center bond b=80: 0.8005 0.0981 0.0319 0.0158 0.0158 0.0096 0.0086 0.0086 0.0023 0.0023 
    Largest link dim during sweep 21/1000 was 312
    Largest truncation error: 8.347590599689456e-07
    Energy after sweep 21/1000 is -102.820823812243
    Sweep 21/1000 CPU time = 32.44s (Wall time = 32.53s)
    Energy change:-0.1330838286747706

    vN Entropy at center bond b=80 = 0.950926772042
    Eigs at center bond b=80: 0.7359 0.1674 0.0230 0.0230 0.0201 0.0088 0.0050 0.0050 0.0032 0.0032 
    Largest link dim during sweep 22/1000 was 268
    Largest truncation error: 8.262027945585587e-07
    Energy after sweep 22/1000 is -102.933613208430
    Sweep 22/1000 CPU time = 28.83s (Wall time = 28.91s)
    Energy change:-0.1127893961874946

    vN Entropy at center bond b=80 = 1.082798931274
    Eigs at center bond b=80: 0.4770 0.4368 0.0311 0.0311 0.0041 0.0041 0.0036 0.0026 0.0016 
    Largest link dim during sweep 23/1000 was 237
    Largest truncation error: 8.778277195466849e-07
    Energy after sweep 23/1000 is -103.034058422329
    Sweep 23/1000 CPU time = 26.11s (Wall time = 26.18s)
    Energy change:-0.1004452138987801

    vN Entropy at center bond b=80 = 0.966109243075
    Eigs at center bond b=80: 0.7043 0.2099 0.0238 0.0238 0.0103 0.0071 0.0038 0.0038 0.0033 0.0033 
    Largest link dim during sweep 24/1000 was 207
    Largest truncation error: 8.52828790483658e-07
    Energy after sweep 24/1000 is -103.120080947112
    Sweep 24/1000 CPU time = 24.43s (Wall time = 24.50s)
    Energy change:-0.08602252478280548

    vN Entropy at center bond b=80 = 0.908785468191
    Eigs at center bond b=80: 0.7883 0.0730 0.0652 0.0127 0.0127 0.0123 0.0123 0.0121 0.0019 0.0019 
    Largest link dim during sweep 25/1000 was 189
    Largest truncation error: 8.633152550939375e-07
    Energy after sweep 25/1000 is -103.193581783904
    Sweep 25/1000 CPU time = 23.17s (Wall time = 23.23s)
    Energy change:-0.07350083679260422

    vN Entropy at center bond b=80 = 1.015777619471
    Eigs at center bond b=80: 0.6969 0.2022 0.0234 0.0234 0.0215 0.0108 0.0049 0.0049 0.0032 0.0032 
    Largest link dim during sweep 26/1000 was 180
    Largest truncation error: 8.156863921254597e-07
    Energy after sweep 26/1000 is -103.253128614460
    Sweep 26/1000 CPU time = 22.84s (Wall time = 22.90s)
    Energy change:-0.05954683055597343

    vN Entropy at center bond b=80 = 1.098480906004
    Eigs at center bond b=80: 0.5340 0.3764 0.0285 0.0285 0.0071 0.0064 0.0037 0.0037 0.0020 0.0018 
    Largest link dim during sweep 27/1000 was 172
    Largest truncation error: 9.333705071525725e-07
    Energy after sweep 27/1000 is -103.305076066346
    Sweep 27/1000 CPU time = 22.92s (Wall time = 22.99s)
    Energy change:-0.05194745188609318

    vN Entropy at center bond b=80 = 1.099180331212
    Eigs at center bond b=80: 0.5383 0.3733 0.0278 0.0276 0.0058 0.0044 0.0042 0.0036 0.0036 0.0020 
    Largest link dim during sweep 28/1000 was 163
    Largest truncation error: 9.25539030669679e-07
    Energy after sweep 28/1000 is -103.356593925434
    Sweep 28/1000 CPU time = 23.35s (Wall time = 23.41s)
    Energy change:-0.05151785908776674

    vN Entropy at center bond b=80 = 1.065266877265
    Eigs at center bond b=80: 0.6523 0.2501 0.0247 0.0235 0.0156 0.0107 0.0041 0.0041 0.0031 0.0031 
    Largest link dim during sweep 29/1000 was 158
    Largest truncation error: 8.187475720589554e-07
    Energy after sweep 29/1000 is -103.406609803255
    Sweep 29/1000 CPU time = 24.20s (Wall time = 24.28s)
    Energy change:-0.05001587782125227

    vN Entropy at center bond b=80 = 1.046503739884
    Eigs at center bond b=80: 0.7127 0.1689 0.0337 0.0235 0.0188 0.0146 0.0072 0.0069 0.0025 0.0025 
    Largest link dim during sweep 30/1000 was 171
    Largest truncation error: 8.707094378234954e-07
    Energy after sweep 30/1000 is -103.450365514851
    Sweep 30/1000 CPU time = 25.04s (Wall time = 25.12s)
    Energy change:-0.04375571159587821

    vN Entropy at center bond b=80 = 1.065831682011
    Eigs at center bond b=80: 0.7326 0.1182 0.0558 0.0264 0.0170 0.0148 0.0112 0.0096 0.0020 0.0020 
    Largest link dim during sweep 31/1000 was 186
    Largest truncation error: 9.013094807422087e-07
    Energy after sweep 31/1000 is -103.468424222615
    Sweep 31/1000 CPU time = 26.28s (Wall time = 26.35s)
    Energy change:-0.01805870776402685

    vN Entropy at center bond b=80 = 1.122230455199
    Eigs at center bond b=80: 0.7268 0.0868 0.0759 0.0336 0.0188 0.0177 0.0118 0.0114 0.0027 0.0025 
    Largest link dim during sweep 32/1000 was 204
    Largest truncation error: 9.31989598732803e-07
    Energy after sweep 32/1000 is -103.477688445620
    Sweep 32/1000 CPU time = 28.26s (Wall time = 28.35s)
    Energy change:-0.009264223005075678

    vN Entropy at center bond b=80 = 1.204977323279
    Eigs at center bond b=80: 0.7039 0.0919 0.0668 0.0428 0.0346 0.0174 0.0125 0.0096 0.0045 0.0031 
    Largest link dim during sweep 33/1000 was 218
    Largest truncation error: 8.277855647687795e-07
    Energy after sweep 33/1000 is -103.482939992280
    Sweep 33/1000 CPU time = 30.46s (Wall time = 30.53s)
    Energy change:-0.005251546660133499

    vN Entropy at center bond b=80 = 1.294792435608
    Eigs at center bond b=80: 0.6712 0.1035 0.0587 0.0540 0.0514 0.0168 0.0129 0.0080 0.0060 0.0032 
    Largest link dim during sweep 34/1000 was 226
    Largest truncation error: 8.512128680245898e-07
    Energy after sweep 34/1000 is -103.485984732037
    Sweep 34/1000 CPU time = 32.32s (Wall time = 32.41s)
    Energy change:-0.003044739756717263

    vN Entropy at center bond b=80 = 1.376790558731
    Eigs at center bond b=80: 0.6352 0.1110 0.0876 0.0588 0.0454 0.0161 0.0129 0.0069 0.0069 0.0032 
    Largest link dim during sweep 35/1000 was 230
    Largest truncation error: 7.726053759252684e-07
    Energy after sweep 35/1000 is -103.487909249939
    Sweep 35/1000 CPU time = 33.71s (Wall time = 33.80s)
    Energy change:-0.001924517901784384

    vN Entropy at center bond b=80 = 1.446094912204
    Eigs at center bond b=80: 0.6000 0.1174 0.1149 0.0652 0.0395 0.0153 0.0126 0.0074 0.0061 0.0032 
    Largest link dim during sweep 36/1000 was 231
    Largest truncation error: 7.865918028654814e-07
    Energy after sweep 36/1000 is -103.489232197053
    Sweep 36/1000 CPU time = 34.49s (Wall time = 34.60s)
    Energy change:-0.001322947113990836

    vN Entropy at center bond b=80 = 1.499312253636
    Eigs at center bond b=80: 0.5690 0.1447 0.1165 0.0703 0.0352 0.0146 0.0122 0.0077 0.0055 0.0038 
    Largest link dim during sweep 37/1000 was 228
    Largest truncation error: 8.000216668932351e-07
    Energy after sweep 37/1000 is -103.490128934468
    Sweep 37/1000 CPU time = 35.37s (Wall time = 35.47s)
    Energy change:-0.0008967374152462071

    vN Entropy at center bond b=80 = 1.539396952455
    Eigs at center bond b=80: 0.5424 0.1690 0.1165 0.0747 0.0320 0.0139 0.0118 0.0078 0.0051 0.0044 
    Largest link dim during sweep 38/1000 was 228
    Largest truncation error: 8.776289972739204e-07
    Energy after sweep 38/1000 is -103.490753321842
    Sweep 38/1000 CPU time = 35.56s (Wall time = 35.66s)
    Energy change:-0.0006243873734632643

    vN Entropy at center bond b=80 = 1.570195362254
    Eigs at center bond b=80: 0.5191 0.1906 0.1156 0.0785 0.0295 0.0133 0.0114 0.0079 0.0049 0.0047 
    Largest link dim during sweep 39/1000 was 227
    Largest truncation error: 8.262756464166299e-07
    Energy after sweep 39/1000 is -103.491266757183
    Sweep 39/1000 CPU time = 35.13s (Wall time = 35.24s)
    Energy change:-0.0005134353408919878

    vN Entropy at center bond b=80 = 1.593528509953
    Eigs at center bond b=80: 0.4992 0.2094 0.1143 0.0817 0.0275 0.0128 0.0111 0.0080 0.0053 0.0044 
    Largest link dim during sweep 40/1000 was 227
    Largest truncation error: 9.024079948248764e-07
    Energy after sweep 40/1000 is -103.491621946441
    Sweep 40/1000 CPU time = 35.16s (Wall time = 35.26s)
    Energy change:-0.0003551892580588856

    vN Entropy at center bond b=80 = 1.611092608972
    Eigs at center bond b=80: 0.4821 0.2257 0.1130 0.0843 0.0259 0.0124 0.0108 0.0080 0.0057 0.0050 
    Largest link dim during sweep 41/1000 was 226
    Largest truncation error: 8.005220502418651e-07
    Energy after sweep 41/1000 is -103.491921495400
    Sweep 41/1000 CPU time = 35.22s (Wall time = 35.32s)
    Energy change:-0.0002995489592478862

    vN Entropy at center bond b=80 = 1.624367733223
    Eigs at center bond b=80: 0.4674 0.2399 0.1117 0.0865 0.0245 0.0120 0.0105 0.0080 0.0060 0.0058 
    Largest link dim during sweep 42/1000 was 226
    Largest truncation error: 7.934151624965412e-07
    Energy after sweep 42/1000 is -103.492140923781
    Sweep 42/1000 CPU time = 35.34s (Wall time = 35.44s)
    Energy change:-0.0002194283812144704

    vN Entropy at center bond b=80 = 1.634403665784
    Eigs at center bond b=80: 0.4549 0.2522 0.1104 0.0883 0.0234 0.0117 0.0103 0.0080 0.0065 0.0063 
    Largest link dim during sweep 43/1000 was 225
    Largest truncation error: 7.991992918805476e-07
    Energy after sweep 43/1000 is -103.492325749269
    Sweep 43/1000 CPU time = 35.35s (Wall time = 35.45s)
    Energy change:-0.0001848254875085331

    vN Entropy at center bond b=80 = 1.642453374941
    Eigs at center bond b=80: 0.4439 0.2630 0.1093 0.0899 0.0224 0.0114 0.0100 0.0080 0.0072 0.0065 
    Largest link dim during sweep 44/1000 was 225
    Largest truncation error: 7.947870103252184e-07
    Energy after sweep 44/1000 is -103.492483855653
    Sweep 44/1000 CPU time = 35.54s (Wall time = 35.64s)
    Energy change:-0.0001581063842621688

    vN Entropy at center bond b=80 = 1.648935199923
    Eigs at center bond b=80: 0.4340 0.2727 0.1082 0.0912 0.0216 0.0111 0.0099 0.0080 0.0078 0.0067 
    Largest link dim during sweep 45/1000 was 226
    Largest truncation error: 7.802718573563537e-07
    Energy after sweep 45/1000 is -103.492651324844
    Sweep 45/1000 CPU time = 35.70s (Wall time = 35.80s)
    Energy change:-0.0001674691913962079

    vN Entropy at center bond b=80 = 1.654149041627
    Eigs at center bond b=80: 0.4252 0.2814 0.1071 0.0925 0.0209 0.0109 0.0097 0.0084 0.0081 0.0069 
    Largest link dim during sweep 46/1000 was 226
    Largest truncation error: 7.826381537208486e-07
    Energy after sweep 46/1000 is -103.492774153231
    Sweep 46/1000 CPU time = 35.78s (Wall time = 35.89s)
    Energy change:-0.0001228283865657431

    vN Entropy at center bond b=80 = 1.658250575142
    Eigs at center bond b=80: 0.4177 0.2887 0.1062 0.0935 0.0203 0.0107 0.0095 0.0089 0.0081 0.0071 
    Largest link dim during sweep 47/1000 was 226
    Largest truncation error: 7.952148150835972e-07
    Energy after sweep 47/1000 is -103.492858616372
    Sweep 47/1000 CPU time = 35.86s (Wall time = 35.96s)
    Energy change:-8.446314153331969e-05

    vN Entropy at center bond b=80 = 1.661209948067
    Eigs at center bond b=80: 0.4117 0.2946 0.1055 0.0943 0.0198 0.0106 0.0094 0.0093 0.0082 0.0072 
    Largest link dim during sweep 48/1000 was 227
    Largest truncation error: 7.947930293336548e-07
    Energy after sweep 48/1000 is -103.492903986098
    Sweep 48/1000 CPU time = 35.91s (Wall time = 36.01s)
    Energy change:-4.536972583935039e-05

    vN Entropy at center bond b=80 = 1.663259231765
    Eigs at center bond b=80: 0.4071 0.2992 0.1050 0.0949 0.0194 0.0105 0.0096 0.0093 0.0082 0.0073 
    Largest link dim during sweep 49/1000 was 226
    Largest truncation error: 7.916238146738264e-07
    Energy after sweep 49/1000 is -103.492932945308
    Sweep 49/1000 CPU time = 35.83s (Wall time = 35.93s)
    Energy change:-2.895920997048052e-05

    vN Entropy at center bond b=80 = 1.664901606603
    Eigs at center bond b=80: 0.4034 0.3028 0.1046 0.0954 0.0191 0.0104 0.0099 0.0093 0.0082 0.0074 
    Largest link dim during sweep 50/1000 was 226
    Largest truncation error: 7.933507299366349e-07
    Energy after sweep 50/1000 is -103.492957763167
    Sweep 50/1000 CPU time = 35.91s (Wall time = 36.01s)
    Energy change:-2.481785843144735e-05

    vN Entropy at center bond b=80 = 1.666255654944
    Eigs at center bond b=80: 0.4002 0.3060 0.1042 0.0958 0.0188 0.0103 0.0102 0.0092 0.0083 0.0074 
    Largest link dim during sweep 51/1000 was 226
    Largest truncation error: 7.950829377154553e-07
    Energy after sweep 51/1000 is -103.493023227448
    Sweep 51/1000 CPU time = 35.98s (Wall time = 36.08s)
    Energy change:-6.546428132025994e-05

    vN Entropy at center bond b=80 = 1.667475384841
    Eigs at center bond b=80: 0.3971 0.3091 0.1037 0.0962 0.0186 0.0104 0.0102 0.0091 0.0083 0.0075 
    Largest link dim during sweep 52/1000 was 226
    Largest truncation error: 7.966189099898078e-07
    Energy after sweep 52/1000 is -103.493079874588
    Sweep 52/1000 CPU time = 36.05s (Wall time = 36.15s)
    Energy change:-5.664714048236874e-05

    vN Entropy at center bond b=80 = 1.668741328854
    Eigs at center bond b=80: 0.3939 0.3123 0.1033 0.0965 0.0183 0.0107 0.0101 0.0091 0.0083 0.0076 
    Largest link dim during sweep 53/1000 was 225
    Largest truncation error: 7.976363707692114e-07
    Energy after sweep 53/1000 is -103.493152306194
    Sweep 53/1000 CPU time = 36.19s (Wall time = 36.30s)
    Energy change:-7.243160565906237e-05

    vN Entropy at center bond b=80 = 1.669927313675
    Eigs at center bond b=80: 0.3908 0.3154 0.1029 0.0968 0.0181 0.0110 0.0100 0.0090 0.0084 0.0076 
    Largest link dim during sweep 54/1000 was 226
    Largest truncation error: 7.972281978475045e-07
    Energy after sweep 54/1000 is -103.493173855416
    Sweep 54/1000 CPU time = 36.28s (Wall time = 36.39s)
    Energy change:-2.154922198371878e-05

    vN Entropy at center bond b=80 = 1.671000653801
    Eigs at center bond b=80: 0.3880 0.3181 0.1026 0.0971 0.0179 0.0112 0.0100 0.0089 0.0084 0.0077 
    Largest link dim during sweep 55/1000 was 227
    Largest truncation error: 7.967649423604185e-07
    Energy after sweep 55/1000 is -103.493218345954
    Sweep 55/1000 CPU time = 36.45s (Wall time = 36.54s)
    Energy change:-4.449053784583157e-05

    vN Entropy at center bond b=80 = 1.671914804584
    Eigs at center bond b=80: 0.3855 0.3207 0.1022 0.0973 0.0177 0.0115 0.0099 0.0089 0.0084 0.0077 
    Largest link dim during sweep 56/1000 was 226
    Largest truncation error: 8.008492152628933e-07
    Energy after sweep 56/1000 is -103.493251001222
    Sweep 56/1000 CPU time = 36.44s (Wall time = 36.56s)
    Energy change:-3.265526861184753e-05

    vN Entropy at center bond b=80 = 1.672626667653
    Eigs at center bond b=80: 0.3834 0.3228 0.1019 0.0975 0.0176 0.0117 0.0099 0.0088 0.0085 0.0078 
    Largest link dim during sweep 57/1000 was 226
    Largest truncation error: 8.025414522938096e-07
    Energy after sweep 57/1000 is -103.493271576353
    Sweep 57/1000 CPU time = 36.60s (Wall time = 36.70s)
    Energy change:-2.057513050601756e-05

    vN Entropy at center bond b=80 = 1.673167964770
    Eigs at center bond b=80: 0.3816 0.3245 0.1017 0.0977 0.0174 0.0118 0.0098 0.0088 0.0085 0.0078 
    Largest link dim during sweep 58/1000 was 226
    Largest truncation error: 8.00576542455323e-07
    Energy after sweep 58/1000 is -103.493281440810
    Sweep 58/1000 CPU time = 36.61s (Wall time = 36.71s)
    Energy change:-9.864456657737719e-06

    Energy has converged -> stop the DMRG.
Final energy=0
Time=3611 sec
Nup =12 Ndown = 11L = 40 W = 4
