1_Dn 5_Up 9_Dn 13_Up 17_Dn 21_Up 25_Dn 29_Up 2_Up 6_Dn 10_Up 14_Dn 18_Up 22_Dn 26_Up 30_Dn 3_Dn 7_Up 11_Dn 15_Up 19_Dn 23_Up 27_Dn 4_Up 8_Dn 12_Up 16_Dn 20_Up 24_Dn 28_Up 31_Up 32_Up 33_Up 34_Up 35_Up Initial energy=0
    vN Entropy at center bond b=80 = 0.006580099365
    Eigs at center bond b=80: 0.9992 
    Largest link dim during sweep 1/1000 was 10
    Largest truncation error: 0.002543968020354994
    Energy after sweep 1/1000 is -122.838939826134
    Sweep 1/1000 CPU time = 0.395s (Wall time = 0.397s)
    Energy change:-122.8389398261344

    vN Entropy at center bond b=80 = 0.693026731255
    Eigs at center bond b=80: 0.5078 0.4922 
    Largest link dim during sweep 2/1000 was 20
    Largest truncation error: 0.003592900652501734
    Energy after sweep 2/1000 is -128.806742103241
    Sweep 2/1000 CPU time = 1.288s (Wall time = 1.295s)
    Energy change:-5.967802277106841

    vN Entropy at center bond b=80 = 0.586556606480
    Eigs at center bond b=80: 0.8355 0.0789 0.0781 0.0076 
    Largest link dim during sweep 3/1000 was 50
    Largest truncation error: 0.001527761549732598
    Energy after sweep 3/1000 is -133.790310462113
    Sweep 3/1000 CPU time = 2.690s (Wall time = 2.906s)
    Energy change:-4.983568358871679

    vN Entropy at center bond b=80 = 0.726505515037
    Eigs at center bond b=80: 0.5302 0.4644 0.0025 0.0022 
    Largest link dim during sweep 4/1000 was 100
    Largest truncation error: 0.0004731159779427956
    Energy after sweep 4/1000 is -136.325577570468
    Sweep 4/1000 CPU time = 4.910s (Wall time = 5.399s)
    Energy change:-2.535267108354674

    vN Entropy at center bond b=80 = 0.624472059431
    Eigs at center bond b=80: 0.8081 0.1411 0.0421 0.0086 
    Largest link dim during sweep 5/1000 was 200
    Largest truncation error: 0.0001833045970529434
    Energy after sweep 5/1000 is -138.219385485801
    Sweep 5/1000 CPU time = 11.61s (Wall time = 12.72s)
    Energy change:-1.893807915333468

    vN Entropy at center bond b=80 = 0.735125376923
    Eigs at center bond b=80: 0.5517 0.4404 0.0039 0.0031 
    Largest link dim during sweep 6/1000 was 400
    Largest truncation error: 7.818700704535437e-05
    Energy after sweep 6/1000 is -139.598650885671
    Sweep 6/1000 CPU time = 42.57s (Wall time = 45.08s)
    Energy change:-1.379265399870349

    vN Entropy at center bond b=80 = 0.600933596420
    Eigs at center bond b=80: 0.7969 0.1760 0.0208 0.0060 
    Largest link dim during sweep 7/1000 was 1000
    Largest truncation error: 2.855385098573342e-05
    Energy after sweep 7/1000 is -141.197201060735
    Sweep 7/1000 CPU time = 6m, 6.9s (Wall time = 6m, 17.7s)
    Energy change:-1.598550175064133

    vN Entropy at center bond b=80 = 0.701226044964
    Eigs at center bond b=80: 0.7181 0.2547 0.0200 0.0071 
    Largest link dim during sweep 8/1000 was 1800
    Largest truncation error: 2.359823040176261e-06
    Energy after sweep 8/1000 is -142.345336469559
    Sweep 8/1000 CPU time = 24m, 51s (Wall time = 25m, 24s)
    Energy change:-1.148135408823151

    vN Entropy at center bond b=80 = 0.761533075457
    Eigs at center bond b=80: 0.5000 0.4889 0.0037 0.0033 0.0023 0.0018 
    Largest link dim during sweep 9/1000 was 1800
    Largest truncation error: 3.306411480392436e-06
    Energy after sweep 9/1000 is -143.255365514577
    Sweep 9/1000 CPU time = 32m, 28s (Wall time = 33m, 8s)
    Energy change:-0.9100290450181205

    vN Entropy at center bond b=80 = 0.722640047589
    Eigs at center bond b=80: 0.6785 0.3013 0.0125 0.0057 0.0013 
    Largest link dim during sweep 10/1000 was 1800
    Largest truncation error: 1.081735786771316e-06
    Energy after sweep 10/1000 is -144.023282861818
    Sweep 10/1000 CPU time = 30m, 45s (Wall time = 31m, 21s)
    Energy change:-0.767917347241621

    vN Entropy at center bond b=80 = 0.677186932962
    Eigs at center bond b=80: 0.7726 0.1816 0.0362 0.0088 
    Largest link dim during sweep 11/1000 was 1800
    Largest truncation error: 9.754677644511837e-07
    Energy after sweep 11/1000 is -144.706311088087
    Sweep 11/1000 CPU time = 28m, 15s (Wall time = 28m, 49s)
    Energy change:-0.6830282262688172

    vN Entropy at center bond b=80 = 0.644680253946
    Eigs at center bond b=80: 0.8183 0.0999 0.0693 0.0095 0.0017 
    Largest link dim during sweep 12/1000 was 1800
    Largest truncation error: 7.633566864770068e-07
    Energy after sweep 12/1000 is -145.373683356867
    Sweep 12/1000 CPU time = 26m, 2s (Wall time = 26m, 33s)
    Energy change:-0.6673722687796158

    vN Entropy at center bond b=80 = 0.876340899236
    Eigs at center bond b=80: 0.7653 0.1169 0.0423 0.0391 0.0236 0.0085 0.0011 0.0011 
    Largest link dim during sweep 13/1000 was 1800
    Largest truncation error: 7.601822850041321e-07
    Energy after sweep 13/1000 is -146.071505300182
    Sweep 13/1000 CPU time = 22m, 36s (Wall time = 23m, 2s)
    Energy change:-0.697821943314807

    vN Entropy at center bond b=80 = 1.338398256506
    Eigs at center bond b=80: 0.4836 0.2666 0.1581 0.0619 0.0084 0.0045 0.0037 0.0029 0.0024 0.0023 
    Largest link dim during sweep 14/1000 was 1800
    Largest truncation error: 7.596319621837358e-07
    Energy after sweep 14/1000 is -146.581671460057
    Sweep 14/1000 CPU time = 20m, 54s (Wall time = 21m, 17s)
    Energy change:-0.5101661598758085

    vN Entropy at center bond b=80 = 1.293344213723
    Eigs at center bond b=80: 0.5938 0.1656 0.1212 0.0655 0.0309 0.0055 0.0040 0.0021 0.0020 0.0018 
    Largest link dim during sweep 15/1000 was 1717
    Largest truncation error: 7.862676611529378e-07
    Energy after sweep 15/1000 is -147.050435098233
    Sweep 15/1000 CPU time = 16m, 13s (Wall time = 16m, 32s)
    Energy change:-0.4687636381752895

    vN Entropy at center bond b=80 = 1.166443027634
    Eigs at center bond b=80: 0.7170 0.0988 0.0433 0.0351 0.0334 0.0252 0.0210 0.0094 0.0042 0.0015 
    Largest link dim during sweep 16/1000 was 1548
    Largest truncation error: 7.152848096627715e-07
    Energy after sweep 16/1000 is -147.480028285226
    Sweep 16/1000 CPU time = 12m, 51s (Wall time = 13m, 0s)
    Energy change:-0.4295931869936283

    vN Entropy at center bond b=80 = 1.412178632358
    Eigs at center bond b=80: 0.5062 0.2373 0.1487 0.0592 0.0099 0.0075 0.0059 0.0039 0.0028 0.0028 
    Largest link dim during sweep 17/1000 was 1486
    Largest truncation error: 7.777068046569859e-07
    Energy after sweep 17/1000 is -147.891150562409
    Sweep 17/1000 CPU time = 10m, 43s (Wall time = 10m, 48s)
    Energy change:-0.4111222771825283

    vN Entropy at center bond b=80 = 1.370094096038
    Eigs at center bond b=80: 0.5592 0.1958 0.1213 0.0690 0.0235 0.0055 0.0043 0.0029 0.0027 0.0022 
    Largest link dim during sweep 18/1000 was 1305
    Largest truncation error: 7.265322539671735e-07
    Energy after sweep 18/1000 is -148.219865429370
    Sweep 18/1000 CPU time = 8m, 34.4s (Wall time = 8m, 38.5s)
    Energy change:-0.3287148669613202

    vN Entropy at center bond b=80 = 1.230474741460
    Eigs at center bond b=80: 0.7077 0.0730 0.0521 0.0477 0.0432 0.0236 0.0214 0.0103 0.0051 0.0022 
    Largest link dim during sweep 19/1000 was 1179
    Largest truncation error: 7.748222635380815e-07
    Energy after sweep 19/1000 is -148.504763027734
    Sweep 19/1000 CPU time = 6m, 49.8s (Wall time = 6m, 52.3s)
    Energy change:-0.2848975983633864

    vN Entropy at center bond b=80 = 1.401844800901
    Eigs at center bond b=80: 0.5827 0.1665 0.1129 0.0671 0.0203 0.0119 0.0084 0.0057 0.0042 0.0031 
    Largest link dim during sweep 20/1000 was 1184
    Largest truncation error: 7.269735528746515e-07
    Energy after sweep 20/1000 is -148.801392850220
    Sweep 20/1000 CPU time = 6m, 55.2s (Wall time = 6m, 56.7s)
    Energy change:-0.2966298224859827

    vN Entropy at center bond b=80 = 1.471196544692
    Eigs at center bond b=80: 0.4475 0.3009 0.1080 0.0947 0.0099 0.0048 0.0043 0.0039 0.0038 0.0036 
    Largest link dim during sweep 21/1000 was 1084
    Largest truncation error: 7.125118776811971e-07
    Energy after sweep 21/1000 is -149.074072067511
    Sweep 21/1000 CPU time = 6m, 19.7s (Wall time = 6m, 20.7s)
    Energy change:-0.2726792172916532

    vN Entropy at center bond b=80 = 1.330684619768
    Eigs at center bond b=80: 0.6614 0.0950 0.0827 0.0591 0.0382 0.0174 0.0105 0.0101 0.0046 0.0028 
    Largest link dim during sweep 22/1000 was 1059
    Largest truncation error: 7.663595364480326e-07
    Energy after sweep 22/1000 is -149.316214808513
    Sweep 22/1000 CPU time = 6m, 4.2s (Wall time = 6m, 5.1s)
    Energy change:-0.2421427410013735

    vN Entropy at center bond b=80 = 1.393730965309
    Eigs at center bond b=80: 0.6418 0.0973 0.0725 0.0716 0.0455 0.0169 0.0164 0.0113 0.0053 0.0030 
    Largest link dim during sweep 23/1000 was 909
    Largest truncation error: 6.954612112505389e-07
    Energy after sweep 23/1000 is -149.526065171446
    Sweep 23/1000 CPU time = 5m, 3.8s (Wall time = 5m, 4.6s)
    Energy change:-0.2098503629330821

    vN Entropy at center bond b=80 = 1.534331997506
    Eigs at center bond b=80: 0.4150 0.3140 0.1354 0.0740 0.0167 0.0066 0.0045 0.0042 0.0038 0.0033 
    Largest link dim during sweep 24/1000 was 869
    Largest truncation error: 7.978575238061483e-07
    Energy after sweep 24/1000 is -149.717130876292
    Sweep 24/1000 CPU time = 4m, 51.1s (Wall time = 4m, 51.8s)
    Energy change:-0.1910657048467783

    vN Entropy at center bond b=80 = 1.458917900899
    Eigs at center bond b=80: 0.5630 0.1581 0.1554 0.0419 0.0188 0.0154 0.0092 0.0052 0.0040 0.0035 
    Largest link dim during sweep 25/1000 was 828
    Largest truncation error: 7.943362759893964e-07
    Energy after sweep 25/1000 is -149.915808508923
    Sweep 25/1000 CPU time = 5m, 0.0s (Wall time = 5m, 0.8s)
    Energy change:-0.1986776326305915

    vN Entropy at center bond b=80 = 1.456051527949
    Eigs at center bond b=80: 0.6255 0.1042 0.0873 0.0544 0.0374 0.0336 0.0134 0.0132 0.0051 0.0032 
    Largest link dim during sweep 26/1000 was 924
    Largest truncation error: 7.50669479436995e-07
    Energy after sweep 26/1000 is -150.069890052425
    Sweep 26/1000 CPU time = 6m, 31.2s (Wall time = 6m, 32.1s)
    Energy change:-0.1540815435020022

    vN Entropy at center bond b=80 = 1.589007208282
    Eigs at center bond b=80: 0.4801 0.1887 0.1823 0.0553 0.0370 0.0103 0.0077 0.0062 0.0044 0.0032 
    Largest link dim during sweep 27/1000 was 868
    Largest truncation error: 7.974018348673679e-07
    Energy after sweep 27/1000 is -150.189602786684
    Sweep 27/1000 CPU time = 7m, 4.0s (Wall time = 7m, 5.1s)
    Energy change:-0.1197127342590818

    vN Entropy at center bond b=80 = 1.631227527303
    Eigs at center bond b=80: 0.3356 0.2775 0.2725 0.0260 0.0243 0.0108 0.0084 0.0061 0.0056 0.0046 
    Largest link dim during sweep 28/1000 was 877
    Largest truncation error: 6.879732809542784e-07
    Energy after sweep 28/1000 is -150.270965939903
    Sweep 28/1000 CPU time = 7m, 17.7s (Wall time = 7m, 18.8s)
    Energy change:-0.08136315321860366

    vN Entropy at center bond b=80 = 1.648051559683
    Eigs at center bond b=80: 0.4098 0.3110 0.1345 0.0527 0.0136 0.0104 0.0103 0.0093 0.0062 0.0056 
    Largest link dim during sweep 29/1000 was 1011
    Largest truncation error: 7.422006638971025e-07
    Energy after sweep 29/1000 is -150.337935032014
    Sweep 29/1000 CPU time = 9m, 13.1s (Wall time = 9m, 14.7s)
    Energy change:-0.06696909211120783

    vN Entropy at center bond b=80 = 1.732497793469
    Eigs at center bond b=80: 0.3584 0.3296 0.1528 0.0502 0.0182 0.0143 0.0143 0.0101 0.0061 0.0052 
    Largest link dim during sweep 30/1000 was 1084
    Largest truncation error: 8.106440781380427e-07
    Energy after sweep 30/1000 is -150.401845150094
    Sweep 30/1000 CPU time = 12m, 35s (Wall time = 12m, 41s)
    Energy change:-0.06391011807960467

    vN Entropy at center bond b=80 = 1.882885938374
    Eigs at center bond b=80: 0.3007 0.2823 0.2317 0.0377 0.0334 0.0241 0.0126 0.0126 0.0110 0.0074 
    Largest link dim during sweep 31/1000 was 1113
    Largest truncation error: 6.867370136301117e-07
    Energy after sweep 31/1000 is -150.473339602029
    Sweep 31/1000 CPU time = 15m, 22s (Wall time = 15m, 38s)
    Energy change:-0.07149445193527981

    vN Entropy at center bond b=80 = 2.181793437831
    Eigs at center bond b=80: 0.3036 0.2052 0.1625 0.0970 0.0529 0.0420 0.0386 0.0138 0.0125 0.0076 
    Largest link dim during sweep 32/1000 was 1104
    Largest truncation error: 8.954941019922369e-07
    Energy after sweep 32/1000 is -150.538334035126
    Sweep 32/1000 CPU time = 18m, 0s (Wall time = 18m, 29s)
    Energy change:-0.06499443309755293

    vN Entropy at center bond b=80 = 2.319406634709
    Eigs at center bond b=80: 0.3024 0.1619 0.1222 0.1173 0.0793 0.0668 0.0276 0.0159 0.0134 0.0116 
    Largest link dim during sweep 33/1000 was 1211
    Largest truncation error: 8.123024601993885e-07
    Energy after sweep 33/1000 is -150.580152593885
    Sweep 33/1000 CPU time = 21m, 8s (Wall time = 21m, 42s)
    Energy change:-0.04181855875850715

    vN Entropy at center bond b=80 = 2.331573148211
    Eigs at center bond b=80: 0.3342 0.1884 0.0850 0.0799 0.0667 0.0580 0.0526 0.0164 0.0133 0.0131 
    Largest link dim during sweep 34/1000 was 1520
    Largest truncation error: 8.389183283659189e-07
    Energy after sweep 34/1000 is -150.618089844314
    Sweep 34/1000 CPU time = 29m, 51s (Wall time = 30m, 29s)
    Energy change:-0.03793725042928031

    vN Entropy at center bond b=80 = 2.295361604631
    Eigs at center bond b=80: 0.3502 0.1910 0.1300 0.0615 0.0481 0.0443 0.0239 0.0232 0.0200 0.0108 
    Largest link dim during sweep 35/1000 was 1502
    Largest truncation error: 8.904783169052821e-07
    Energy after sweep 35/1000 is -150.650763617872
    Sweep 35/1000 CPU time = 39m, 5s (Wall time = 39m, 57s)
    Energy change:-0.03267377355768986

    vN Entropy at center bond b=80 = 2.230989678250
    Eigs at center bond b=80: 0.3392 0.2370 0.1555 0.0357 0.0319 0.0263 0.0215 0.0194 0.0138 0.0125 
    Largest link dim during sweep 36/1000 was 1800
    Largest truncation error: 7.120480089253321e-07
    Energy after sweep 36/1000 is -150.679556758793
    Sweep 36/1000 CPU time = 50m, 58s (Wall time = 52m, 6s)
    Energy change:-0.02879314092078289

    vN Entropy at center bond b=80 = 2.110364045580
    Eigs at center bond b=80: 0.3354 0.3234 0.0917 0.0574 0.0184 0.0159 0.0145 0.0133 0.0130 0.0114 
    Largest link dim during sweep 37/1000 was 1705
    Largest truncation error: 8.355520616026214e-07
    Energy after sweep 37/1000 is -150.701365635093
    Sweep 37/1000 CPU time = 1h, 1m, 21s (Wall time = 1h, 2m, 41s)
    Energy change:-0.02180887630046868

    vN Entropy at center bond b=80 = 2.003222894891
    Eigs at center bond b=80: 0.4065 0.2875 0.0808 0.0498 0.0147 0.0139 0.0125 0.0121 0.0116 0.0114 
    Largest link dim during sweep 38/1000 was 1635
    Largest truncation error: 7.971421566066073e-07
    Energy after sweep 38/1000 is -150.716242739116
    Sweep 38/1000 CPU time = 1h, 4m, 39s (Wall time = 1h, 6m, 2s)
    Energy change:-0.01487710402301445

    vN Entropy at center bond b=80 = 1.969418519717
    Eigs at center bond b=80: 0.4435 0.2458 0.0974 0.0320 0.0215 0.0188 0.0173 0.0131 0.0122 0.0097 
    Largest link dim during sweep 39/1000 was 1581
    Largest truncation error: 7.9470288343497e-07
    Energy after sweep 39/1000 is -150.725396204505
    Sweep 39/1000 CPU time = 1h, 4m, 58s (Wall time = 1h, 6m, 20s)
    Energy change:-0.009153465388408222

    vN Entropy at center bond b=80 = 1.978072571412
    Eigs at center bond b=80: 0.4590 0.2106 0.1073 0.0319 0.0303 0.0238 0.0213 0.0141 0.0107 0.0075 
    Largest link dim during sweep 40/1000 was 1718
    Largest truncation error: 7.646240277583463e-07
    Energy after sweep 40/1000 is -150.731363950219
    Sweep 40/1000 CPU time = 1h, 3m, 59s (Wall time = 1h, 5m, 24s)
    Energy change:-0.005967745714201556

    vN Entropy at center bond b=80 = 2.015633836774
    Eigs at center bond b=80: 0.4626 0.1758 0.1127 0.0496 0.0407 0.0266 0.0181 0.0148 0.0097 0.0058 
    Largest link dim during sweep 41/1000 was 1605
    Largest truncation error: 7.669171612453876e-07
    Energy after sweep 41/1000 is -150.735769166404
    Sweep 41/1000 CPU time = 1h, 7m, 39s (Wall time = 1h, 9m, 10s)
    Energy change:-0.004405216185205063

    vN Entropy at center bond b=80 = 2.063387151870
    Eigs at center bond b=80: 0.4567 0.1501 0.1144 0.0663 0.0487 0.0316 0.0151 0.0149 0.0092 0.0077 
    Largest link dim during sweep 42/1000 was 1594
    Largest truncation error: 7.881630192690986e-07
    Energy after sweep 42/1000 is -150.738360454932
    Sweep 42/1000 CPU time = 1h, 7m, 52s (Wall time = 1h, 9m, 21s)
    Energy change:-0.002591288528407176

    vN Entropy at center bond b=80 = 2.110890753515
    Eigs at center bond b=80: 0.4467 0.1303 0.1140 0.0814 0.0554 0.0362 0.0152 0.0128 0.0118 0.0087 
    Largest link dim during sweep 43/1000 was 1568
    Largest truncation error: 7.006561565195842e-07
    Energy after sweep 43/1000 is -150.739985337688
    Sweep 43/1000 CPU time = 1h, 7m, 22s (Wall time = 1h, 8m, 50s)
    Energy change:-0.001624882755407953

    vN Entropy at center bond b=80 = 2.154715253900
    Eigs at center bond b=80: 0.4352 0.1154 0.1125 0.0941 0.0607 0.0401 0.0162 0.0151 0.0113 0.0100 
    Largest link dim during sweep 44/1000 was 1535
    Largest truncation error: 7.739436220818859e-07
    Energy after sweep 44/1000 is -150.740819203171
    Sweep 44/1000 CPU time = 1h, 5m, 11s (Wall time = 1h, 6m, 36s)
    Energy change:-0.0008338654832868997

    vN Entropy at center bond b=80 = 2.191846472551
    Eigs at center bond b=80: 0.4242 0.1105 0.1045 0.1040 0.0646 0.0434 0.0204 0.0150 0.0124 0.0102 
    Largest link dim during sweep 45/1000 was 1488
    Largest truncation error: 7.112117206116346e-07
    Energy after sweep 45/1000 is -150.741217209473
    Sweep 45/1000 CPU time = 1h, 1m, 44s (Wall time = 1h, 3m, 3s)
    Energy change:-0.0003980063015376345

    vN Entropy at center bond b=80 = 2.221929138565
    Eigs at center bond b=80: 0.4147 0.1115 0.1085 0.0966 0.0674 0.0460 0.0241 0.0148 0.0145 0.0100 
    Largest link dim during sweep 46/1000 was 1446
    Largest truncation error: 7.413512662288866e-07
    Energy after sweep 46/1000 is -150.741406062590
    Sweep 46/1000 CPU time = 58m, 26s (Wall time = 59m, 41s)
    Energy change:-0.0001888531176632569

    vN Entropy at center bond b=80 = 2.245969446807
    Eigs at center bond b=80: 0.4067 0.1172 0.1067 0.0907 0.0694 0.0481 0.0273 0.0164 0.0147 0.0105 
    Largest link dim during sweep 47/1000 was 1410
    Largest truncation error: 7.830849807958175e-07
    Energy after sweep 47/1000 is -150.741489922510
    Sweep 47/1000 CPU time = 55m, 47s (Wall time = 57m, 0s)
    Energy change:-8.385991927184477e-05

    vN Entropy at center bond b=80 = 2.265313213825
    Eigs at center bond b=80: 0.4000 0.1215 0.1052 0.0862 0.0709 0.0499 0.0300 0.0181 0.0145 0.0108 
    Largest link dim during sweep 48/1000 was 1384
    Largest truncation error: 7.852315950385544e-07
    Energy after sweep 48/1000 is -150.741534588368
    Sweep 48/1000 CPU time = 53m, 46s (Wall time = 54m, 57s)
    Energy change:-4.466585878049045e-05

    vN Entropy at center bond b=80 = 2.281104304502
    Eigs at center bond b=80: 0.3945 0.1247 0.1038 0.0827 0.0721 0.0514 0.0323 0.0194 0.0144 0.0111 
    Largest link dim during sweep 49/1000 was 1364
    Largest truncation error: 7.641755274902648e-07
    Energy after sweep 49/1000 is -150.741558001146
    Sweep 49/1000 CPU time = 52m, 21s (Wall time = 53m, 28s)
    Energy change:-2.341277817663467e-05

    vN Entropy at center bond b=80 = 2.294199174618
    Eigs at center bond b=80: 0.3899 0.1271 0.1026 0.0799 0.0730 0.0526 0.0343 0.0206 0.0143 0.0114 
    Largest link dim during sweep 50/1000 was 1355
    Largest truncation error: 7.710465126448652e-07
    Energy after sweep 50/1000 is -150.741563730496
    Sweep 50/1000 CPU time = 51m, 14s (Wall time = 52m, 17s)
    Energy change:-5.729349538796669e-06

    Energy has converged -> stop the DMRG.
Final energy=0
Time=82993 sec
Nup =20 Ndown = 15L = 40 W = 4
