1_Dn 5_Up 9_Dn 13_Up 17_Dn 2_Up 6_Dn 10_Up 14_Dn 18_Up 3_Dn 7_Up 11_Dn 15_Up 4_Up 8_Dn 12_Up 16_Dn 19_Up Initial energy=0
    vN Entropy at center bond b=80 = -0.000000000000
    Eigs at center bond b=80: 1.0000 
    Largest link dim during sweep 1/1000 was 10
    Largest truncation error: 0.0001915663195585208
    Energy after sweep 1/1000 is -72.260846484701
    Sweep 1/1000 CPU time = 0.238s (Wall time = 0.244s)
    Energy change:-72.26084648470083

    vN Entropy at center bond b=80 = -0.000000000000
    Eigs at center bond b=80: 1.0000 
    Largest link dim during sweep 2/1000 was 20
    Largest truncation error: 0.003665858494567265
    Energy after sweep 2/1000 is -74.672993411833
    Sweep 2/1000 CPU time = 0.791s (Wall time = 0.799s)
    Energy change:-2.412146927132298

    vN Entropy at center bond b=80 = -0.000000000000
    Eigs at center bond b=80: 1.0000 
    Largest link dim during sweep 3/1000 was 50
    Largest truncation error: 0.001113597499109813
    Energy after sweep 3/1000 is -76.977526270757
    Sweep 3/1000 CPU time = 1.713s (Wall time = 1.816s)
    Energy change:-2.304532858923878

    vN Entropy at center bond b=80 = 0.005653135295
    Eigs at center bond b=80: 0.9993 
    Largest link dim during sweep 4/1000 was 100
    Largest truncation error: 0.0006258743110652735
    Energy after sweep 4/1000 is -78.534431995804
    Sweep 4/1000 CPU time = 3.286s (Wall time = 3.560s)
    Energy change:-1.556905725046988

    vN Entropy at center bond b=80 = 0.165247083099
    Eigs at center bond b=80: 0.9608 0.0392 
    Largest link dim during sweep 5/1000 was 200
    Largest truncation error: 0.0001430003684107273
    Energy after sweep 5/1000 is -79.788429102174
    Sweep 5/1000 CPU time = 7.862s (Wall time = 8.536s)
    Energy change:-1.253997106370406

    vN Entropy at center bond b=80 = 0.489019740091
    Eigs at center bond b=80: 0.8081 0.1919 
    Largest link dim during sweep 6/1000 was 400
    Largest truncation error: 2.644853877122449e-05
    Energy after sweep 6/1000 is -80.780899556411
    Sweep 6/1000 CPU time = 26.35s (Wall time = 27.81s)
    Energy change:-0.9924704542366385

    vN Entropy at center bond b=80 = 0.682670139532
    Eigs at center bond b=80: 0.5723 0.4277 
    Largest link dim during sweep 7/1000 was 1000
    Largest truncation error: 2.504557562980732e-06
    Energy after sweep 7/1000 is -81.607263582565
    Sweep 7/1000 CPU time = 1m, 55.0s (Wall time = 1m, 58.8s)
    Energy change:-0.8263640261542662

    vN Entropy at center bond b=80 = 0.656035490569
    Eigs at center bond b=80: 0.6354 0.3646 
    Largest link dim during sweep 8/1000 was 1183
    Largest truncation error: 9.419486012547902e-07
    Energy after sweep 8/1000 is -82.236531186899
    Sweep 8/1000 CPU time = 3m, 27.0s (Wall time = 3m, 33.1s)
    Energy change:-0.6292676043338332

    vN Entropy at center bond b=80 = 0.501166336177
    Eigs at center bond b=80: 0.7994 0.2006 
    Largest link dim during sweep 9/1000 was 1058
    Largest truncation error: 8.710740567387468e-07
    Energy after sweep 9/1000 is -82.757387505218
    Sweep 9/1000 CPU time = 2m, 49.5s (Wall time = 2m, 54.4s)
    Energy change:-0.5208563183189483

    vN Entropy at center bond b=80 = 0.323360263957
    Eigs at center bond b=80: 0.9008 0.0992 
    Largest link dim during sweep 10/1000 was 1010
    Largest truncation error: 9.350352685339396e-07
    Energy after sweep 10/1000 is -83.152617000621
    Sweep 10/1000 CPU time = 2m, 6.6s (Wall time = 2m, 10.7s)
    Energy change:-0.3952294954029156

    vN Entropy at center bond b=80 = 0.185240874726
    Eigs at center bond b=80: 0.9545 0.0454 
    Largest link dim during sweep 11/1000 was 848
    Largest truncation error: 9.014261484002419e-07
    Energy after sweep 11/1000 is -83.474703126576
    Sweep 11/1000 CPU time = 1m, 34.7s (Wall time = 1m, 37.0s)
    Energy change:-0.3220861259546552

    vN Entropy at center bond b=80 = 0.108371189931
    Eigs at center bond b=80: 0.9808 0.0156 0.0012 0.0012 0.0010 
    Largest link dim during sweep 12/1000 was 743
    Largest truncation error: 8.713333354595255e-07
    Energy after sweep 12/1000 is -83.759119015709
    Sweep 12/1000 CPU time = 1m, 13.0s (Wall time = 1m, 13.5s)
    Energy change:-0.2844158891328448

    vN Entropy at center bond b=80 = 0.411723341644
    Eigs at center bond b=80: 0.9074 0.0601 0.0130 0.0129 0.0039 0.0010 0.0010 
    Largest link dim during sweep 13/1000 was 635
    Largest truncation error: 9.23394926976473e-07
    Energy after sweep 13/1000 is -84.006473300178
    Sweep 13/1000 CPU time = 57.16s (Wall time = 57.38s)
    Energy change:-0.2473542844696226

    vN Entropy at center bond b=80 = 0.920576822162
    Eigs at center bond b=80: 0.6163 0.3175 0.0296 0.0287 0.0027 0.0027 
    Largest link dim during sweep 14/1000 was 558
    Largest truncation error: 8.71795411812808e-07
    Energy after sweep 14/1000 is -84.212767415634
    Sweep 14/1000 CPU time = 50.86s (Wall time = 51.19s)
    Energy change:-0.2062941154561315

    vN Entropy at center bond b=80 = 0.886243836249
    Eigs at center bond b=80: 0.6698 0.2662 0.0268 0.0261 0.0026 0.0026 0.0025 
    Largest link dim during sweep 15/1000 was 452
    Largest truncation error: 8.75269648814471e-07
    Energy after sweep 15/1000 is -84.434012133985
    Sweep 15/1000 CPU time = 41.30s (Wall time = 41.41s)
    Energy change:-0.221244718350917

    vN Entropy at center bond b=80 = 0.652653448119
    Eigs at center bond b=80: 0.8608 0.0616 0.0260 0.0111 0.0108 0.0082 0.0079 0.0078 0.0012 0.0012 
    Largest link dim during sweep 16/1000 was 406
    Largest truncation error: 8.440971455363653e-07
    Energy after sweep 16/1000 is -84.616838817336
    Sweep 16/1000 CPU time = 29.70s (Wall time = 29.78s)
    Energy change:-0.1828266833512089

    vN Entropy at center bond b=80 = 0.853264930786
    Eigs at center bond b=80: 0.7487 0.1770 0.0237 0.0236 0.0085 0.0060 0.0025 0.0025 0.0025 0.0024 
    Largest link dim during sweep 17/1000 was 336
    Largest truncation error: 9.534951700954445e-07
    Energy after sweep 17/1000 is -84.763329702922
    Sweep 17/1000 CPU time = 24.26s (Wall time = 24.33s)
    Energy change:-0.1464908855853082

    vN Entropy at center bond b=80 = 1.005283807992
    Eigs at center bond b=80: 0.5066 0.4194 0.0308 0.0307 0.0033 0.0033 0.0017 
    Largest link dim during sweep 18/1000 was 274
    Largest truncation error: 8.690182812697948e-07
    Energy after sweep 18/1000 is -84.902451849498
    Sweep 18/1000 CPU time = 20.49s (Wall time = 20.54s)
    Energy change:-0.1391221465758434

    vN Entropy at center bond b=80 = 0.777608462477
    Eigs at center bond b=80: 0.7840 0.1514 0.0200 0.0199 0.0061 0.0054 0.0029 0.0029 0.0023 0.0023 
    Largest link dim during sweep 19/1000 was 239
    Largest truncation error: 9.243215940251496e-07
    Energy after sweep 19/1000 is -85.018349599416
    Sweep 19/1000 CPU time = 18.00s (Wall time = 18.05s)
    Energy change:-0.1158977499184459

    vN Entropy at center bond b=80 = 0.757796883461
    Eigs at center bond b=80: 0.8288 0.0780 0.0327 0.0148 0.0148 0.0096 0.0070 0.0070 0.0017 0.0017 
    Largest link dim during sweep 20/1000 was 197
    Largest truncation error: 9.060319416444808e-07
    Energy after sweep 20/1000 is -85.123868264349
    Sweep 20/1000 CPU time = 16.26s (Wall time = 16.31s)
    Energy change:-0.1055186649331148

    vN Entropy at center bond b=80 = 0.990363126253
    Eigs at center bond b=80: 0.6247 0.2964 0.0281 0.0281 0.0054 0.0048 0.0031 0.0031 0.0015 0.0015 
    Largest link dim during sweep 21/1000 was 169
    Largest truncation error: 8.925953564415589e-07
    Energy after sweep 21/1000 is -85.214759862281
    Sweep 21/1000 CPU time = 15.17s (Wall time = 15.21s)
    Energy change:-0.09089159793145996

    vN Entropy at center bond b=80 = 0.986939271735
    Eigs at center bond b=80: 0.5913 0.3357 0.0282 0.0282 0.0032 0.0032 0.0031 0.0016 
    Largest link dim during sweep 22/1000 was 154
    Largest truncation error: 8.364271955554112e-07
    Energy after sweep 22/1000 is -85.290806150506
    Sweep 22/1000 CPU time = 14.58s (Wall time = 14.62s)
    Energy change:-0.07604628822542736

    vN Entropy at center bond b=80 = 0.834252385098
    Eigs at center bond b=80: 0.7843 0.1339 0.0180 0.0176 0.0176 0.0094 0.0054 0.0054 0.0021 0.0021 
    Largest link dim during sweep 23/1000 was 145
    Largest truncation error: 9.008285372699327e-07
    Energy after sweep 23/1000 is -85.355385713653
    Sweep 23/1000 CPU time = 14.28s (Wall time = 14.32s)
    Energy change:-0.06457956314719127

    vN Entropy at center bond b=80 = 0.843683619189
    Eigs at center bond b=80: 0.8011 0.0893 0.0442 0.0146 0.0146 0.0117 0.0082 0.0082 0.0018 0.0018 
    Largest link dim during sweep 24/1000 was 135
    Largest truncation error: 8.326444637668903e-07
    Energy after sweep 24/1000 is -85.408949946959
    Sweep 24/1000 CPU time = 14.25s (Wall time = 14.29s)
    Energy change:-0.05356423330616167

    vN Entropy at center bond b=80 = 0.971697666928
    Eigs at center bond b=80: 0.6891 0.2251 0.0233 0.0233 0.0139 0.0096 0.0033 0.0033 0.0027 0.0027 
    Largest link dim during sweep 25/1000 was 131
    Largest truncation error: 8.774821665312207e-07
    Energy after sweep 25/1000 is -85.449912630373
    Sweep 25/1000 CPU time = 14.23s (Wall time = 14.27s)
    Energy change:-0.04096268341341158

    vN Entropy at center bond b=80 = 1.049136862053
    Eigs at center bond b=80: 0.5346 0.3860 0.0272 0.0272 0.0064 0.0045 0.0031 0.0031 0.0016 0.0013 
    Largest link dim during sweep 26/1000 was 126
    Largest truncation error: 8.351069961003653e-07
    Energy after sweep 26/1000 is -85.481516174525
    Sweep 26/1000 CPU time = 14.32s (Wall time = 14.36s)
    Energy change:-0.03160354415213362

    vN Entropy at center bond b=80 = 1.053328681938
    Eigs at center bond b=80: 0.5236 0.3983 0.0266 0.0266 0.0047 0.0041 0.0030 0.0030 0.0023 0.0016 
    Largest link dim during sweep 27/1000 was 122
    Largest truncation error: 7.957991396425754e-07
    Energy after sweep 27/1000 is -85.507685463109
    Sweep 27/1000 CPU time = 14.45s (Wall time = 14.49s)
    Energy change:-0.02616928858445533

    vN Entropy at center bond b=80 = 1.025403153132
    Eigs at center bond b=80: 0.6201 0.2989 0.0243 0.0240 0.0081 0.0074 0.0027 0.0027 0.0027 0.0022 
    Largest link dim during sweep 28/1000 was 121
    Largest truncation error: 8.12198226236917e-07
    Energy after sweep 28/1000 is -85.531827614105
    Sweep 28/1000 CPU time = 14.82s (Wall time = 14.86s)
    Energy change:-0.02414215099540229

    vN Entropy at center bond b=80 = 0.999213503523
    Eigs at center bond b=80: 0.6813 0.2302 0.0223 0.0211 0.0154 0.0112 0.0037 0.0037 0.0024 0.0024 
    Largest link dim during sweep 29/1000 was 124
    Largest truncation error: 9.03131531877946e-07
    Energy after sweep 29/1000 is -85.554586328766
    Sweep 29/1000 CPU time = 15.22s (Wall time = 15.26s)
    Energy change:-0.02275871466098067

    vN Entropy at center bond b=80 = 0.983066885694
    Eigs at center bond b=80: 0.7226 0.1760 0.0260 0.0225 0.0180 0.0137 0.0055 0.0053 0.0021 0.0021 
    Largest link dim during sweep 30/1000 was 129
    Largest truncation error: 9.665082318633924e-07
    Energy after sweep 30/1000 is -85.584829118288
    Sweep 30/1000 CPU time = 15.68s (Wall time = 15.72s)
    Energy change:-0.03024278952230475

    vN Entropy at center bond b=80 = 0.983503955539
    Eigs at center bond b=80: 0.7498 0.1269 0.0405 0.0268 0.0152 0.0145 0.0083 0.0072 0.0018 0.0017 
    Largest link dim during sweep 31/1000 was 133
    Largest truncation error: 9.146787098049398e-07
    Energy after sweep 31/1000 is -85.615105122184
    Sweep 31/1000 CPU time = 16.40s (Wall time = 16.45s)
    Energy change:-0.03027600389631857

    vN Entropy at center bond b=80 = 1.023467915237
    Eigs at center bond b=80: 0.7542 0.0875 0.0591 0.0359 0.0157 0.0144 0.0110 0.0091 0.0026 0.0019 
    Largest link dim during sweep 32/1000 was 144
    Largest truncation error: 8.844724210631658e-07
    Energy after sweep 32/1000 is -85.633016388611
    Sweep 32/1000 CPU time = 17.01s (Wall time = 17.06s)
    Energy change:-0.01791126642631014

    vN Entropy at center bond b=80 = 1.100905262860
    Eigs at center bond b=80: 0.7350 0.0782 0.0618 0.0466 0.0280 0.0155 0.0106 0.0084 0.0039 0.0028 
    Largest link dim during sweep 33/1000 was 151
    Largest truncation error: 8.639528552879817e-07
    Energy after sweep 33/1000 is -85.641634025934
    Sweep 33/1000 CPU time = 17.82s (Wall time = 17.87s)
    Energy change:-0.008617637322970495

    vN Entropy at center bond b=80 = 1.194104542554
    Eigs at center bond b=80: 0.7012 0.0949 0.0565 0.0500 0.0460 0.0149 0.0115 0.0066 0.0054 0.0027 
    Largest link dim during sweep 34/1000 was 157
    Largest truncation error: 7.920188461382819e-07
    Energy after sweep 34/1000 is -85.645845913156
    Sweep 34/1000 CPU time = 18.67s (Wall time = 18.72s)
    Energy change:-0.004211887222851374

    vN Entropy at center bond b=80 = 1.280250749752
    Eigs at center bond b=80: 0.6628 0.1071 0.0768 0.0647 0.0366 0.0141 0.0118 0.0064 0.0054 0.0026 
    Largest link dim during sweep 35/1000 was 160
    Largest truncation error: 7.861886626125596e-07
    Energy after sweep 35/1000 is -85.648298941898
    Sweep 35/1000 CPU time = 19.34s (Wall time = 19.40s)
    Energy change:-0.002453028741498997

    vN Entropy at center bond b=80 = 1.351402664191
    Eigs at center bond b=80: 0.6257 0.1148 0.1051 0.0713 0.0306 0.0133 0.0118 0.0070 0.0047 0.0029 
    Largest link dim during sweep 36/1000 was 161
    Largest truncation error: 8.265793200374356e-07
    Energy after sweep 36/1000 is -85.649898840864
    Sweep 36/1000 CPU time = 19.86s (Wall time = 19.92s)
    Energy change:-0.00159989896620516

    vN Entropy at center bond b=80 = 1.405104136148
    Eigs at center bond b=80: 0.5938 0.1308 0.1195 0.0763 0.0267 0.0127 0.0116 0.0073 0.0041 0.0035 
    Largest link dim during sweep 37/1000 was 161
    Largest truncation error: 8.153163761077633e-07
    Energy after sweep 37/1000 is -85.650822681363
    Sweep 37/1000 CPU time = 20.22s (Wall time = 20.28s)
    Energy change:-0.0009238404986433579

    vN Entropy at center bond b=80 = 1.444155675274
    Eigs at center bond b=80: 0.5679 0.1530 0.1215 0.0803 0.0240 0.0121 0.0114 0.0075 0.0040 0.0038 
    Largest link dim during sweep 38/1000 was 158
    Largest truncation error: 9.102613171801797e-07
    Energy after sweep 38/1000 is -85.651479499509
    Sweep 38/1000 CPU time = 20.26s (Wall time = 20.32s)
    Energy change:-0.0006568181463535439

    vN Entropy at center bond b=80 = 1.475982442412
    Eigs at center bond b=80: 0.5447 0.1733 0.1216 0.0845 0.0219 0.0116 0.0111 0.0076 0.0044 0.0035 
    Largest link dim during sweep 39/1000 was 161
    Largest truncation error: 8.681076755802953e-07
    Energy after sweep 39/1000 is -85.652041048061
    Sweep 39/1000 CPU time = 20.50s (Wall time = 20.55s)
    Energy change:-0.0005615485520991115

    vN Entropy at center bond b=80 = 1.500912858583
    Eigs at center bond b=80: 0.5245 0.1915 0.1212 0.0880 0.0203 0.0112 0.0108 0.0076 0.0048 0.0035 
    Largest link dim during sweep 40/1000 was 161
    Largest truncation error: 8.554406328104557e-07
    Energy after sweep 40/1000 is -85.652501882564
    Sweep 40/1000 CPU time = 20.54s (Wall time = 20.60s)
    Energy change:-0.0004608345030163719

    vN Entropy at center bond b=80 = 1.518893513050
    Eigs at center bond b=80: 0.5080 0.2066 0.1207 0.0907 0.0190 0.0109 0.0106 0.0076 0.0052 0.0037 
    Largest link dim during sweep 41/1000 was 160
    Largest truncation error: 8.525479387881826e-07
    Energy after sweep 41/1000 is -85.652722675173
    Sweep 41/1000 CPU time = 20.63s (Wall time = 20.68s)
    Energy change:-0.0002207926089567991

    vN Entropy at center bond b=80 = 1.531947283603
    Eigs at center bond b=80: 0.4950 0.2186 0.1201 0.0927 0.0180 0.0106 0.0104 0.0076 0.0054 0.0039 
    Largest link dim during sweep 42/1000 was 159
    Largest truncation error: 8.504739869565404e-07
    Energy after sweep 42/1000 is -85.652953599817
    Sweep 42/1000 CPU time = 20.90s (Wall time = 20.95s)
    Energy change:-0.0002309246434037959

    vN Entropy at center bond b=80 = 1.542464569064
    Eigs at center bond b=80: 0.4837 0.2291 0.1194 0.0946 0.0172 0.0103 0.0102 0.0076 0.0057 0.0040 
    Largest link dim during sweep 43/1000 was 158
    Largest truncation error: 8.297902972130783e-07
    Energy after sweep 43/1000 is -85.653127563821
    Sweep 43/1000 CPU time = 20.88s (Wall time = 20.94s)
    Energy change:-0.0001739640039915002

    vN Entropy at center bond b=80 = 1.551252302502
    Eigs at center bond b=80: 0.4735 0.2388 0.1185 0.0965 0.0166 0.0101 0.0100 0.0076 0.0059 0.0041 
    Largest link dim during sweep 44/1000 was 156
    Largest truncation error: 8.154454544212996e-07
    Energy after sweep 44/1000 is -85.653338288155
    Sweep 44/1000 CPU time = 20.89s (Wall time = 20.94s)
    Energy change:-0.0002107243342948095

    vN Entropy at center bond b=80 = 1.558717536965
    Eigs at center bond b=80: 0.4640 0.2478 0.1174 0.0982 0.0160 0.0099 0.0098 0.0076 0.0061 0.0043 
    Largest link dim during sweep 45/1000 was 156
    Largest truncation error: 8.171479357139949e-07
    Energy after sweep 45/1000 is -85.653543073847
    Sweep 45/1000 CPU time = 20.93s (Wall time = 20.99s)
    Energy change:-0.0002047856922189339

    vN Entropy at center bond b=80 = 1.565061981899
    Eigs at center bond b=80: 0.4550 0.2565 0.1164 0.0997 0.0155 0.0097 0.0097 0.0076 0.0063 0.0044 
    Largest link dim during sweep 46/1000 was 155
    Largest truncation error: 7.937547647294626e-07
    Energy after sweep 46/1000 is -85.653655383051
    Sweep 46/1000 CPU time = 20.89s (Wall time = 20.95s)
    Energy change:-0.0001123092035726359

    vN Entropy at center bond b=80 = 1.569705240014
    Eigs at center bond b=80: 0.4477 0.2636 0.1155 0.1010 0.0150 0.0096 0.0096 0.0076 0.0064 0.0045 
    Largest link dim during sweep 47/1000 was 155
    Largest truncation error: 8.020773187205325e-07
    Energy after sweep 47/1000 is -85.653730273769
    Sweep 47/1000 CPU time = 20.73s (Wall time = 20.79s)
    Energy change:-7.489071839472672e-05

    vN Entropy at center bond b=80 = 1.573975507088
    Eigs at center bond b=80: 0.4409 0.2701 0.1146 0.1023 0.0146 0.0095 0.0094 0.0076 0.0066 0.0045 
    Largest link dim during sweep 48/1000 was 156
    Largest truncation error: 7.850898153680672e-07
    Energy after sweep 48/1000 is -85.653889970089
    Sweep 48/1000 CPU time = 20.94s (Wall time = 21.00s)
    Energy change:-0.0001596963201251356

    vN Entropy at center bond b=80 = 1.578316974218
    Eigs at center bond b=80: 0.4341 0.2767 0.1136 0.1036 0.0142 0.0093 0.0093 0.0076 0.0068 0.0046 
    Largest link dim during sweep 49/1000 was 156
    Largest truncation error: 8.146109027359399e-07
    Energy after sweep 49/1000 is -85.653998446677
    Sweep 49/1000 CPU time = 20.98s (Wall time = 21.04s)
    Energy change:-0.0001084765872718663

    vN Entropy at center bond b=80 = 1.582235589554
    Eigs at center bond b=80: 0.4281 0.2824 0.1127 0.1046 0.0139 0.0092 0.0092 0.0076 0.0069 0.0047 
    Largest link dim during sweep 50/1000 was 157
    Largest truncation error: 7.884584384253769e-07
    Energy after sweep 50/1000 is -85.654106208763
    Sweep 50/1000 CPU time = 20.94s (Wall time = 21.00s)
    Energy change:-0.0001077620866283269

    vN Entropy at center bond b=80 = 1.585384250338
    Eigs at center bond b=80: 0.4227 0.2876 0.1120 0.1055 0.0136 0.0091 0.0091 0.0076 0.0070 0.0047 
    Largest link dim during sweep 51/1000 was 157
    Largest truncation error: 7.803472918500422e-07
    Energy after sweep 51/1000 is -85.654173286995
    Sweep 51/1000 CPU time = 21.16s (Wall time = 21.23s)
    Energy change:-6.70782319502905e-05

    vN Entropy at center bond b=80 = 1.587575742531
    Eigs at center bond b=80: 0.4184 0.2918 0.1114 0.1062 0.0134 0.0091 0.0090 0.0076 0.0071 0.0048 
    Largest link dim during sweep 52/1000 was 157
    Largest truncation error: 7.801520187581107e-07
    Energy after sweep 52/1000 is -85.654214217527
    Sweep 52/1000 CPU time = 21.50s (Wall time = 21.55s)
    Energy change:-4.093053188114482e-05

    vN Entropy at center bond b=80 = 1.589163427262
    Eigs at center bond b=80: 0.4151 0.2950 0.1110 0.1066 0.0132 0.0090 0.0089 0.0075 0.0072 0.0049 
    Largest link dim during sweep 53/1000 was 157
    Largest truncation error: 7.80659529127947e-07
    Energy after sweep 53/1000 is -85.654242831963
    Sweep 53/1000 CPU time = 21.44s (Wall time = 21.50s)
    Energy change:-2.861443620361115e-05

    vN Entropy at center bond b=80 = 1.590496798343
    Eigs at center bond b=80: 0.4123 0.2978 0.1108 0.1070 0.0130 0.0089 0.0089 0.0075 0.0072 0.0050 
    Largest link dim during sweep 54/1000 was 158
    Largest truncation error: 7.826184850448452e-07
    Energy after sweep 54/1000 is -85.654282580045
    Sweep 54/1000 CPU time = 21.51s (Wall time = 21.57s)
    Energy change:-3.974808164741717e-05

    vN Entropy at center bond b=80 = 1.591528825510
    Eigs at center bond b=80: 0.4099 0.3001 0.1106 0.1072 0.0129 0.0089 0.0088 0.0076 0.0072 0.0051 
    Largest link dim during sweep 55/1000 was 158
    Largest truncation error: 7.867224614803875e-07
    Energy after sweep 55/1000 is -85.654286772261
    Sweep 55/1000 CPU time = 21.37s (Wall time = 21.43s)
    Energy change:-4.192215683929135e-06

    Energy has converged -> stop the DMRG.
Final energy=0
Time=1764 sec
Nup =10 Ndown = 9L = 40 W = 4
