1_Dn 4_Up 7_Dn 10_Up 13_Dn 16_Up 19_Dn 22_Up 25_Dn 28_Up 31_Dn 34_Up 37_Dn 40_Up 43_Dn 46_Up 49_Dn 2_Up 5_Dn 8_Up 11_Dn 14_Up 17_Dn 20_Up 23_Dn 26_Up 29_Dn 32_Up 35_Dn 38_Up 41_Dn 44_Up 47_Dn 50_Up 3_Dn 6_Up 9_Dn 12_Up 15_Dn 18_Up 21_Dn 24_Up 27_Dn 30_Up 33_Dn 36_Up 39_Dn 42_Up 45_Dn 48_Up 51_Up Initial energy=0
    vN Entropy at center bond b=60 = -0.000000000000
    Eigs at center bond b=60: 1.0000 
    Largest link dim during sweep 1/1000 was 10
    Largest truncation error: 0.004141283188196996
    Energy after sweep 1/1000 is -194.277145193600
    Sweep 1/1000 CPU time = 0.509s (Wall time = 0.511s)
    Energy change:-194.2771451936

    vN Entropy at center bond b=60 = 0.000067914514
    Eigs at center bond b=60: 1.0000 
    Largest link dim during sweep 2/1000 was 20
    Largest truncation error: 0.002774958265394071
    Energy after sweep 2/1000 is -201.107529234853
    Sweep 2/1000 CPU time = 1.944s (Wall time = 2.079s)
    Energy change:-6.830384041253126

    vN Entropy at center bond b=60 = 0.121753951696
    Eigs at center bond b=60: 0.9792 0.0119 0.0046 0.0042 
    Largest link dim during sweep 3/1000 was 50
    Largest truncation error: 0.0009180391007990555
    Energy after sweep 3/1000 is -205.007051686147
    Sweep 3/1000 CPU time = 3.717s (Wall time = 4.051s)
    Energy change:-3.899522451294189

    vN Entropy at center bond b=60 = 0.967006530153
    Eigs at center bond b=60: 0.5142 0.4142 0.0333 0.0332 0.0018 0.0015 
    Largest link dim during sweep 4/1000 was 100
    Largest truncation error: 0.0001763598968639199
    Energy after sweep 4/1000 is -206.506009180358
    Sweep 4/1000 CPU time = 6.913s (Wall time = 7.634s)
    Energy change:-1.498957494211169

    vN Entropy at center bond b=60 = 0.553235248741
    Eigs at center bond b=60: 0.8923 0.0298 0.0267 0.0117 0.0114 0.0082 0.0082 0.0077 
    Largest link dim during sweep 5/1000 was 200
    Largest truncation error: 4.068967295927526e-05
    Energy after sweep 5/1000 is -207.663652419558
    Sweep 5/1000 CPU time = 15.06s (Wall time = 16.27s)
    Energy change:-1.157643239199928

    vN Entropy at center bond b=60 = 0.961026290788
    Eigs at center bond b=60: 0.6118 0.3098 0.0344 0.0344 0.0024 0.0024 0.0012 0.0012 
    Largest link dim during sweep 6/1000 was 400
    Largest truncation error: 1.134381516808833e-05
    Energy after sweep 6/1000 is -208.743794169810
    Sweep 6/1000 CPU time = 47.20s (Wall time = 50.02s)
    Energy change:-1.080141750251926

    vN Entropy at center bond b=60 = 0.632342409582
    Eigs at center bond b=60: 0.8732 0.0421 0.0229 0.0157 0.0157 0.0089 0.0075 0.0075 0.0013 0.0013 
    Largest link dim during sweep 7/1000 was 1000
    Largest truncation error: 1.374029504582665e-06
    Energy after sweep 7/1000 is -209.477992859945
    Sweep 7/1000 CPU time = 2m, 57.2s (Wall time = 3m, 3.2s)
    Energy change:-0.7341986901343205

    vN Entropy at center bond b=60 = 1.043714973543
    Eigs at center bond b=60: 0.4648 0.4489 0.0368 0.0368 0.0029 0.0029 0.0015 0.0014 0.0014 
    Largest link dim during sweep 8/1000 was 1600
    Largest truncation error: 8.470271570607191e-07
    Energy after sweep 8/1000 is -210.177635106808
    Sweep 8/1000 CPU time = 5m, 4.7s (Wall time = 5m, 13.3s)
    Energy change:-0.699642246862993

    vN Entropy at center bond b=60 = 0.667445279869
    Eigs at center bond b=60: 0.8522 0.0772 0.0171 0.0171 0.0095 0.0075 0.0063 0.0063 0.0015 0.0015 
    Largest link dim during sweep 9/1000 was 1540
    Largest truncation error: 8.473405254970915e-07
    Energy after sweep 9/1000 is -210.840142168031
    Sweep 9/1000 CPU time = 5m, 2.3s (Wall time = 5m, 10.9s)
    Energy change:-0.6625070612232093

    vN Entropy at center bond b=60 = 0.936395884734
    Eigs at center bond b=60: 0.6981 0.2162 0.0314 0.0314 0.0060 0.0041 0.0026 0.0026 0.0020 0.0020 
    Largest link dim during sweep 10/1000 was 1317
    Largest truncation error: 8.551754134575226e-07
    Energy after sweep 10/1000 is -211.418305518460
    Sweep 10/1000 CPU time = 4m, 45.6s (Wall time = 4m, 54.1s)
    Energy change:-0.5781633504294348

    vN Entropy at center bond b=60 = 0.964980069675
    Eigs at center bond b=60: 0.6409 0.2789 0.0325 0.0325 0.0027 0.0027 0.0027 0.0012 0.0012 0.0011 
    Largest link dim during sweep 11/1000 was 1406
    Largest truncation error: 8.577436059619144e-07
    Energy after sweep 11/1000 is -211.938957721629
    Sweep 11/1000 CPU time = 4m, 26.9s (Wall time = 4m, 33.1s)
    Energy change:-0.5206522031686802

    vN Entropy at center bond b=60 = 0.708536783280
    Eigs at center bond b=60: 0.8529 0.0512 0.0277 0.0134 0.0129 0.0129 0.0110 0.0110 0.0012 0.0012 
    Largest link dim during sweep 12/1000 was 1536
    Largest truncation error: 8.374397431805141e-07
    Energy after sweep 12/1000 is -212.381329545893
    Sweep 12/1000 CPU time = 4m, 38.1s (Wall time = 4m, 44.7s)
    Energy change:-0.442371824264427

    vN Entropy at center bond b=60 = 0.924815456808
    Eigs at center bond b=60: 0.7123 0.2015 0.0299 0.0299 0.0081 0.0056 0.0025 0.0024 0.0022 0.0022 
    Largest link dim during sweep 13/1000 was 1595
    Largest truncation error: 8.510295125091201e-07
    Energy after sweep 13/1000 is -212.763304765885
    Sweep 13/1000 CPU time = 4m, 52.1s (Wall time = 4m, 59.7s)
    Energy change:-0.3819752199918014

    vN Entropy at center bond b=60 = 1.004353372621
    Eigs at center bond b=60: 0.5540 0.3646 0.0352 0.0351 0.0025 0.0025 0.0015 0.0012 0.0012 
    Largest link dim during sweep 14/1000 was 1427
    Largest truncation error: 8.323022944007708e-07
    Energy after sweep 14/1000 is -213.497281813081
    Sweep 14/1000 CPU time = 4m, 48.9s (Wall time = 4m, 56.3s)
    Energy change:-0.7339770471957365

    vN Entropy at center bond b=60 = 0.662745212848
    Eigs at center bond b=60: 0.8675 0.0383 0.0292 0.0131 0.0130 0.0106 0.0105 0.0101 0.0012 0.0012 
    Largest link dim during sweep 15/1000 was 1383
    Largest truncation error: 8.484713992318292e-07
    Energy after sweep 15/1000 is -214.077922649491
    Sweep 15/1000 CPU time = 4m, 44.8s (Wall time = 4m, 52.3s)
    Energy change:-0.5806408364101117

    vN Entropy at center bond b=60 = 1.043600976174
    Eigs at center bond b=60: 0.5779 0.3323 0.0349 0.0346 0.0041 0.0032 0.0032 0.0026 0.0014 0.0014 
    Largest link dim during sweep 16/1000 was 1661
    Largest truncation error: 8.314269258809333e-07
    Energy after sweep 16/1000 is -214.563894040689
    Sweep 16/1000 CPU time = 4m, 13.8s (Wall time = 4m, 21.0s)
    Energy change:-0.4859713911981203

    vN Entropy at center bond b=60 = 0.908251543852
    Eigs at center bond b=60: 0.7332 0.1836 0.0270 0.0263 0.0064 0.0054 0.0034 0.0034 0.0028 0.0027 
    Largest link dim during sweep 17/1000 was 1383
    Largest truncation error: 8.124814493351425e-07
    Energy after sweep 17/1000 is -215.031777099935
    Sweep 17/1000 CPU time = 4m, 14.1s (Wall time = 4m, 21.1s)
    Energy change:-0.4678830592455654

    vN Entropy at center bond b=60 = 0.893279397353
    Eigs at center bond b=60: 0.7884 0.1012 0.0289 0.0207 0.0204 0.0126 0.0084 0.0078 0.0023 0.0023 
    Largest link dim during sweep 18/1000 was 1418
    Largest truncation error: 8.067064875534924e-07
    Energy after sweep 18/1000 is -215.380908602381
    Sweep 18/1000 CPU time = 4m, 1.8s (Wall time = 4m, 7.7s)
    Energy change:-0.3491315024458288

    vN Entropy at center bond b=60 = 1.101139299641
    Eigs at center bond b=60: 0.4690 0.4391 0.0342 0.0333 0.0040 0.0039 0.0035 0.0024 0.0015 0.0015 
    Largest link dim during sweep 19/1000 was 1281
    Largest truncation error: 8.019252085862221e-07
    Energy after sweep 19/1000 is -215.744384661856
    Sweep 19/1000 CPU time = 3m, 44.1s (Wall time = 3m, 49.6s)
    Energy change:-0.3634760594754596

    vN Entropy at center bond b=60 = 0.980293787527
    Eigs at center bond b=60: 0.7514 0.1372 0.0244 0.0219 0.0209 0.0120 0.0080 0.0079 0.0031 0.0031 
    Largest link dim during sweep 20/1000 was 1515
    Largest truncation error: 8.841850042461139e-07
    Energy after sweep 20/1000 is -216.097036160610
    Sweep 20/1000 CPU time = 3m, 34.5s (Wall time = 3m, 39.4s)
    Energy change:-0.3526514987537439

    vN Entropy at center bond b=60 = 1.050696478193
    Eigs at center bond b=60: 0.7188 0.1610 0.0286 0.0235 0.0230 0.0122 0.0079 0.0071 0.0037 0.0037 
    Largest link dim during sweep 21/1000 was 1065
    Largest truncation error: 7.75877000157486e-07
    Energy after sweep 21/1000 is -216.501055028248
    Sweep 21/1000 CPU time = 3m, 14.8s (Wall time = 3m, 20.1s)
    Energy change:-0.4040188676380865

    vN Entropy at center bond b=60 = 1.169254487877
    Eigs at center bond b=60: 0.4759 0.4236 0.0311 0.0303 0.0055 0.0054 0.0034 0.0031 0.0030 0.0029 
    Largest link dim during sweep 22/1000 was 1276
    Largest truncation error: 7.589464599551005e-07
    Energy after sweep 22/1000 is -216.774193408593
    Sweep 22/1000 CPU time = 3m, 3.0s (Wall time = 3m, 5.7s)
    Energy change:-0.273138380345074

    vN Entropy at center bond b=60 = 1.115319067372
    Eigs at center bond b=60: 0.6976 0.1753 0.0302 0.0231 0.0220 0.0104 0.0080 0.0079 0.0047 0.0045 
    Largest link dim during sweep 23/1000 was 1081
    Largest truncation error: 8.235138332293145e-07
    Energy after sweep 23/1000 is -216.989894055302
    Sweep 23/1000 CPU time = 2m, 50.8s (Wall time = 2m, 54.6s)
    Energy change:-0.2157006467095641

    vN Entropy at center bond b=60 = 1.107375189602
    Eigs at center bond b=60: 0.7237 0.1274 0.0515 0.0195 0.0191 0.0124 0.0112 0.0102 0.0046 0.0043 
    Largest link dim during sweep 24/1000 was 956
    Largest truncation error: 7.503523688652729e-07
    Energy after sweep 24/1000 is -217.166662421929
    Sweep 24/1000 CPU time = 2m, 32.7s (Wall time = 2m, 36.4s)
    Energy change:-0.1767683666261632

    vN Entropy at center bond b=60 = 1.206252692331
    Eigs at center bond b=60: 0.5406 0.3485 0.0291 0.0282 0.0105 0.0068 0.0060 0.0059 0.0037 0.0032 
    Largest link dim during sweep 25/1000 was 900
    Largest truncation error: 7.256076735521731e-07
    Energy after sweep 25/1000 is -217.334035445514
    Sweep 25/1000 CPU time = 2m, 24.0s (Wall time = 2m, 27.0s)
    Energy change:-0.167373023585526

    vN Entropy at center bond b=60 = 1.208092432123
    Eigs at center bond b=60: 0.5815 0.3038 0.0277 0.0263 0.0128 0.0067 0.0059 0.0058 0.0042 0.0042 
    Largest link dim during sweep 26/1000 was 900
    Largest truncation error: 7.005407329675701e-07
    Energy after sweep 26/1000 is -217.456372543130
    Sweep 26/1000 CPU time = 2m, 22.1s (Wall time = 2m, 24.8s)
    Energy change:-0.1223370976154854

    vN Entropy at center bond b=60 = 1.200429093736
    Eigs at center bond b=60: 0.6943 0.1352 0.0662 0.0188 0.0173 0.0130 0.0124 0.0121 0.0060 0.0045 
    Largest link dim during sweep 27/1000 was 916
    Largest truncation error: 7.229905613236111e-07
    Energy after sweep 27/1000 is -217.565364773579
    Sweep 27/1000 CPU time = 2m, 23.3s (Wall time = 2m, 25.9s)
    Energy change:-0.1089922304489903

    vN Entropy at center bond b=60 = 1.261746108266
    Eigs at center bond b=60: 0.6458 0.1957 0.0514 0.0218 0.0211 0.0127 0.0100 0.0090 0.0056 0.0054 
    Largest link dim during sweep 28/1000 was 843
    Largest truncation error: 7.239404696950177e-07
    Energy after sweep 28/1000 is -217.668843796186
    Sweep 28/1000 CPU time = 2m, 20.7s (Wall time = 2m, 23.0s)
    Energy change:-0.103479022607246

    vN Entropy at center bond b=60 = 1.324040492924
    Eigs at center bond b=60: 0.4793 0.3916 0.0264 0.0254 0.0166 0.0078 0.0068 0.0067 0.0053 0.0044 
    Largest link dim during sweep 29/1000 was 913
    Largest truncation error: 7.274450144202054e-07
    Energy after sweep 29/1000 is -217.762752859167
    Sweep 29/1000 CPU time = 2m, 26.7s (Wall time = 2m, 28.7s)
    Energy change:-0.09390906298159507

    vN Entropy at center bond b=60 = 1.337658929481
    Eigs at center bond b=60: 0.5517 0.3079 0.0259 0.0242 0.0233 0.0096 0.0067 0.0066 0.0060 0.0059 
    Largest link dim during sweep 30/1000 was 1101
    Largest truncation error: 7.336963509842248e-07
    Energy after sweep 30/1000 is -217.861679216572
    Sweep 30/1000 CPU time = 2m, 45.4s (Wall time = 2m, 47.7s)
    Energy change:-0.09892635740476408

    vN Entropy at center bond b=60 = 1.351225863549
    Eigs at center bond b=60: 0.6340 0.1669 0.0848 0.0180 0.0173 0.0138 0.0126 0.0123 0.0071 0.0054 
    Largest link dim during sweep 31/1000 was 841
    Largest truncation error: 7.183967639742988e-07
    Energy after sweep 31/1000 is -217.936800160368
    Sweep 31/1000 CPU time = 2m, 51.3s (Wall time = 2m, 53.5s)
    Energy change:-0.07512094379580958

    vN Entropy at center bond b=60 = 1.380085044944
    Eigs at center bond b=60: 0.6180 0.1791 0.0872 0.0186 0.0183 0.0138 0.0120 0.0115 0.0074 0.0056 
    Largest link dim during sweep 32/1000 was 789
    Largest truncation error: 7.192319501810533e-07
    Energy after sweep 32/1000 is -217.994323037573
    Sweep 32/1000 CPU time = 2m, 49.5s (Wall time = 2m, 51.4s)
    Energy change:-0.05752287720460458

    vN Entropy at center bond b=60 = 1.408619254707
    Eigs at center bond b=60: 0.5466 0.2893 0.0453 0.0224 0.0220 0.0115 0.0076 0.0073 0.0069 0.0068 
    Largest link dim during sweep 33/1000 was 811
    Largest truncation error: 6.949136873900916e-07
    Energy after sweep 33/1000 is -218.042090098864
    Sweep 33/1000 CPU time = 2m, 52.4s (Wall time = 2m, 54.6s)
    Energy change:-0.04776706129160857

    vN Entropy at center bond b=60 = 1.434047902734
    Eigs at center bond b=60: 0.4325 0.4168 0.0237 0.0232 0.0205 0.0138 0.0082 0.0075 0.0075 0.0067 
    Largest link dim during sweep 34/1000 was 817
    Largest truncation error: 7.276324155048396e-07
    Energy after sweep 34/1000 is -218.087127939777
    Sweep 34/1000 CPU time = 3m, 8.2s (Wall time = 3m, 11.7s)
    Energy change:-0.04503784091269836

    vN Entropy at center bond b=60 = 1.442161278707
    Eigs at center bond b=60: 0.5336 0.3002 0.0402 0.0218 0.0214 0.0108 0.0076 0.0073 0.0072 0.0071 
    Largest link dim during sweep 35/1000 was 752
    Largest truncation error: 7.047037399807984e-07
    Energy after sweep 35/1000 is -218.146226299077
    Sweep 35/1000 CPU time = 3m, 47.3s (Wall time = 3m, 52.5s)
    Energy change:-0.05909835930017948

    vN Entropy at center bond b=60 = 1.451721065807
    Eigs at center bond b=60: 0.5938 0.1931 0.0896 0.0178 0.0174 0.0135 0.0118 0.0117 0.0083 0.0063 
    Largest link dim during sweep 36/1000 was 776
    Largest truncation error: 7.185314903638637e-07
    Energy after sweep 36/1000 is -218.195343483446
    Sweep 36/1000 CPU time = 4m, 4.7s (Wall time = 4m, 10.4s)
    Energy change:-0.04911718436935075

    vN Entropy at center bond b=60 = 1.483486673318
    Eigs at center bond b=60: 0.5771 0.2059 0.0913 0.0182 0.0181 0.0135 0.0113 0.0110 0.0087 0.0066 
    Largest link dim during sweep 37/1000 was 837
    Largest truncation error: 6.973475022376491e-07
    Energy after sweep 37/1000 is -218.228040961162
    Sweep 37/1000 CPU time = 4m, 33.0s (Wall time = 4m, 40.2s)
    Energy change:-0.03269747771531684

    vN Entropy at center bond b=60 = 1.519981083418
    Eigs at center bond b=60: 0.4939 0.3253 0.0463 0.0212 0.0209 0.0115 0.0091 0.0079 0.0079 0.0072 
    Largest link dim during sweep 38/1000 was 917
    Largest truncation error: 6.947675053171053e-07
    Energy after sweep 38/1000 is -218.247675140731
    Sweep 38/1000 CPU time = 4m, 51.6s (Wall time = 4m, 58.7s)
    Energy change:-0.01963417956949343

    vN Entropy at center bond b=60 = 1.545084896143
    Eigs at center bond b=60: 0.4127 0.4111 0.0267 0.0220 0.0216 0.0212 0.0096 0.0082 0.0082 0.0081 
    Largest link dim during sweep 39/1000 was 846
    Largest truncation error: 6.960656175203214e-07
    Energy after sweep 39/1000 is -218.259556527950
    Sweep 39/1000 CPU time = 5m, 16.2s (Wall time = 5m, 24.2s)
    Energy change:-0.0118813872183523

    vN Entropy at center bond b=60 = 1.571659402788
    Eigs at center bond b=60: 0.4719 0.3395 0.0417 0.0208 0.0202 0.0166 0.0111 0.0081 0.0079 0.0079 
    Largest link dim during sweep 40/1000 was 878
    Largest truncation error: 6.925666705140648e-07
    Energy after sweep 40/1000 is -218.267424841484
    Sweep 40/1000 CPU time = 5m, 46.8s (Wall time = 5m, 55.6s)
    Energy change:-0.007868313534658

    vN Entropy at center bond b=60 = 1.603467695816
    Eigs at center bond b=60: 0.5059 0.2826 0.0663 0.0195 0.0187 0.0137 0.0111 0.0092 0.0086 0.0081 
    Largest link dim during sweep 41/1000 was 986
    Largest truncation error: 6.834246669622627e-07
    Energy after sweep 41/1000 is -218.272448379156
    Sweep 41/1000 CPU time = 6m, 36.4s (Wall time = 6m, 46.4s)
    Energy change:-0.005023537671519307

    vN Entropy at center bond b=60 = 1.632809943036
    Eigs at center bond b=60: 0.5196 0.2470 0.0866 0.0186 0.0175 0.0152 0.0115 0.0100 0.0086 0.0084 
    Largest link dim during sweep 42/1000 was 1016
    Largest truncation error: 6.922995170436467e-07
    Energy after sweep 42/1000 is -218.275911307624
    Sweep 42/1000 CPU time = 7m, 29.3s (Wall time = 7m, 40.3s)
    Energy change:-0.003462928468167092

    vN Entropy at center bond b=60 = 1.662721888544
    Eigs at center bond b=60: 0.5240 0.2241 0.1015 0.0180 0.0165 0.0162 0.0142 0.0109 0.0088 0.0071 
    Largest link dim during sweep 43/1000 was 1078
    Largest truncation error: 6.94873016118155e-07
    Energy after sweep 43/1000 is -218.278499607539
    Sweep 43/1000 CPU time = 8m, 19.2s (Wall time = 8m, 32.0s)
    Energy change:-0.002588299914862091

    vN Entropy at center bond b=60 = 1.697756574355
    Eigs at center bond b=60: 0.5235 0.2072 0.1125 0.0183 0.0176 0.0166 0.0157 0.0115 0.0089 0.0070 
    Largest link dim during sweep 44/1000 was 1162
    Largest truncation error: 6.963757917356134e-07
    Energy after sweep 44/1000 is -218.280824676524
    Sweep 44/1000 CPU time = 9m, 24.4s (Wall time = 9m, 38.6s)
    Energy change:-0.002325068984845302

    vN Entropy at center bond b=60 = 1.740254505555
    Eigs at center bond b=60: 0.5194 0.1930 0.1211 0.0248 0.0174 0.0168 0.0149 0.0118 0.0089 0.0069 
    Largest link dim during sweep 45/1000 was 1250
    Largest truncation error: 6.999155456103153e-07
    Energy after sweep 45/1000 is -218.282803361074
    Sweep 45/1000 CPU time = 10m, 48s (Wall time = 11m, 4s)
    Energy change:-0.001978684550664411

    vN Entropy at center bond b=60 = 1.791429244710
    Eigs at center bond b=60: 0.5115 0.1796 0.1285 0.0347 0.0172 0.0168 0.0140 0.0121 0.0089 0.0068 
    Largest link dim during sweep 46/1000 was 1240
    Largest truncation error: 7.002730315288464e-07
    Energy after sweep 46/1000 is -218.284478985785
    Sweep 46/1000 CPU time = 11m, 52s (Wall time = 12m, 10s)
    Energy change:-0.001675624710799184

    vN Entropy at center bond b=60 = 1.844980693900
    Eigs at center bond b=60: 0.5008 0.1674 0.1344 0.0471 0.0174 0.0166 0.0132 0.0122 0.0091 0.0089 
    Largest link dim during sweep 47/1000 was 1269
    Largest truncation error: 6.867676106566842e-07
    Energy after sweep 47/1000 is -218.285772151428
    Sweep 47/1000 CPU time = 12m, 56s (Wall time = 13m, 16s)
    Energy change:-0.001293165642408667

    vN Entropy at center bond b=60 = 1.900162223131
    Eigs at center bond b=60: 0.4873 0.1556 0.1392 0.0622 0.0185 0.0162 0.0124 0.0121 0.0114 0.0088 
    Largest link dim during sweep 48/1000 was 1265
    Largest truncation error: 6.971933124842468e-07
    Energy after sweep 48/1000 is -218.286866566655
    Sweep 48/1000 CPU time = 13m, 41s (Wall time = 14m, 2s)
    Energy change:-0.001094415227015588

    vN Entropy at center bond b=60 = 1.952914802141
    Eigs at center bond b=60: 0.4720 0.1444 0.1429 0.0791 0.0214 0.0158 0.0123 0.0120 0.0116 0.0087 
    Largest link dim during sweep 49/1000 was 1282
    Largest truncation error: 6.970322339184713e-07
    Energy after sweep 49/1000 is -218.287707524374
    Sweep 49/1000 CPU time = 14m, 40s (Wall time = 15m, 2s)
    Energy change:-0.0008409577197880935

    vN Entropy at center bond b=60 = 1.998123126238
    Eigs at center bond b=60: 0.4568 0.1451 0.1346 0.0958 0.0252 0.0154 0.0124 0.0118 0.0109 0.0085 
    Largest link dim during sweep 50/1000 was 1286
    Largest truncation error: 6.994782686424374e-07
    Energy after sweep 50/1000 is -218.288336657850
    Sweep 50/1000 CPU time = 14m, 51s (Wall time = 15m, 15s)
    Energy change:-0.0006291334757975164

    vN Entropy at center bond b=60 = 2.036684721748
    Eigs at center bond b=60: 0.4421 0.1461 0.1261 0.1119 0.0293 0.0150 0.0121 0.0116 0.0103 0.0085 
    Largest link dim during sweep 51/1000 was 1264
    Largest truncation error: 7.002365512287919e-07
    Energy after sweep 51/1000 is -218.288810972642
    Sweep 51/1000 CPU time = 14m, 50s (Wall time = 15m, 14s)
    Energy change:-0.0004743147917736223

    vN Entropy at center bond b=60 = 2.069542992953
    Eigs at center bond b=60: 0.4281 0.1463 0.1273 0.1187 0.0335 0.0146 0.0118 0.0113 0.0105 0.0097 
    Largest link dim during sweep 52/1000 was 1241
    Largest truncation error: 6.959668619550662e-07
    Energy after sweep 52/1000 is -218.289194884398
    Sweep 52/1000 CPU time = 14m, 43s (Wall time = 15m, 6s)
    Energy change:-0.0003839117562449701

    vN Entropy at center bond b=60 = 2.097597744805
    Eigs at center bond b=60: 0.4146 0.1459 0.1420 0.1120 0.0375 0.0141 0.0126 0.0114 0.0111 0.0092 
    Largest link dim during sweep 53/1000 was 1224
    Largest truncation error: 6.941685340334662e-07
    Energy after sweep 53/1000 is -218.289514649201
    Sweep 53/1000 CPU time = 14m, 41s (Wall time = 15m, 4s)
    Energy change:-0.0003197648023558486

    vN Entropy at center bond b=60 = 2.121530490395
    Eigs at center bond b=60: 0.4018 0.1558 0.1450 0.1060 0.0413 0.0147 0.0137 0.0110 0.0108 0.0087 
    Largest link dim during sweep 54/1000 was 1209
    Largest truncation error: 6.998390458378853e-07
    Energy after sweep 54/1000 is -218.289785063932
    Sweep 54/1000 CPU time = 14m, 41s (Wall time = 15m, 3s)
    Energy change:-0.0002704147316592298

    vN Entropy at center bond b=60 = 2.141982048105
    Eigs at center bond b=60: 0.3897 0.1688 0.1438 0.1007 0.0450 0.0169 0.0134 0.0106 0.0106 0.0083 
    Largest link dim during sweep 55/1000 was 1197
    Largest truncation error: 6.894046950849404e-07
    Energy after sweep 55/1000 is -218.290024256635
    Sweep 55/1000 CPU time = 14m, 39s (Wall time = 15m, 2s)
    Energy change:-0.0002391927023666085

    vN Entropy at center bond b=60 = 2.159472485395
    Eigs at center bond b=60: 0.3781 0.1812 0.1424 0.0958 0.0485 0.0191 0.0130 0.0103 0.0103 0.0081 
    Largest link dim during sweep 56/1000 was 1187
    Largest truncation error: 6.944470550746088e-07
    Energy after sweep 56/1000 is -218.290235645758
    Sweep 56/1000 CPU time = 14m, 42s (Wall time = 15m, 6s)
    Energy change:-0.0002113891237911503

    vN Entropy at center bond b=60 = 2.174352538896
    Eigs at center bond b=60: 0.3672 0.1928 0.1408 0.0914 0.0518 0.0213 0.0127 0.0100 0.0100 0.0084 
    Largest link dim during sweep 57/1000 was 1175
    Largest truncation error: 6.88983760274483e-07
    Energy after sweep 57/1000 is -218.290423890789
    Sweep 57/1000 CPU time = 14m, 44s (Wall time = 15m, 7s)
    Energy change:-0.0001882450303014593

    vN Entropy at center bond b=60 = 2.187036812165
    Eigs at center bond b=60: 0.3568 0.2038 0.1391 0.0874 0.0549 0.0235 0.0123 0.0098 0.0097 0.0086 
    Largest link dim during sweep 58/1000 was 1168
    Largest truncation error: 7.020612468415371e-07
    Energy after sweep 58/1000 is -218.290595064196
    Sweep 58/1000 CPU time = 14m, 45s (Wall time = 15m, 9s)
    Energy change:-0.0001711734074376636

    vN Entropy at center bond b=60 = 2.197862587361
    Eigs at center bond b=60: 0.3469 0.2142 0.1373 0.0837 0.0579 0.0257 0.0120 0.0096 0.0094 0.0088 
    Largest link dim during sweep 59/1000 was 1161
    Largest truncation error: 7.002280609237209e-07
    Energy after sweep 59/1000 is -218.290750881397
    Sweep 59/1000 CPU time = 14m, 51s (Wall time = 15m, 15s)
    Energy change:-0.0001558172012039449

    vN Entropy at center bond b=60 = 2.207046621749
    Eigs at center bond b=60: 0.3375 0.2240 0.1355 0.0803 0.0607 0.0279 0.0117 0.0093 0.0091 0.0091 
    Largest link dim during sweep 60/1000 was 1160
    Largest truncation error: 6.978872585702455e-07
    Energy after sweep 60/1000 is -218.290897165257
    Sweep 60/1000 CPU time = 14m, 55s (Wall time = 15m, 19s)
    Energy change:-0.0001462838593511151

    vN Entropy at center bond b=60 = 2.214835444349
    Eigs at center bond b=60: 0.3285 0.2334 0.1336 0.0771 0.0633 0.0301 0.0114 0.0093 0.0091 0.0088 
    Largest link dim during sweep 61/1000 was 1161
    Largest truncation error: 6.981624963949046e-07
    Energy after sweep 61/1000 is -218.291030063510
    Sweep 61/1000 CPU time = 14m, 59s (Wall time = 15m, 23s)
    Energy change:-0.0001328982536676904

    vN Entropy at center bond b=60 = 2.221389856352
    Eigs at center bond b=60: 0.3198 0.2424 0.1317 0.0742 0.0658 0.0323 0.0112 0.0095 0.0089 0.0086 
    Largest link dim during sweep 62/1000 was 1164
    Largest truncation error: 6.870991921172043e-07
    Energy after sweep 62/1000 is -218.291151166068
    Sweep 62/1000 CPU time = 15m, 3s (Wall time = 15m, 26s)
    Energy change:-0.0001211025579834768

    vN Entropy at center bond b=60 = 2.226772613020
    Eigs at center bond b=60: 0.3116 0.2508 0.1298 0.0715 0.0682 0.0344 0.0109 0.0097 0.0087 0.0083 
    Largest link dim during sweep 63/1000 was 1166
    Largest truncation error: 6.860036175901189e-07
    Energy after sweep 63/1000 is -218.291253141283
    Sweep 63/1000 CPU time = 15m, 8s (Wall time = 15m, 31s)
    Energy change:-0.0001019752142781272

    vN Entropy at center bond b=60 = 2.231099873993
    Eigs at center bond b=60: 0.3039 0.2588 0.1279 0.0704 0.0690 0.0365 0.0107 0.0100 0.0085 0.0084 
    Largest link dim during sweep 64/1000 was 1168
    Largest truncation error: 6.927650573307189e-07
    Energy after sweep 64/1000 is -218.291341106973
    Sweep 64/1000 CPU time = 15m, 11s (Wall time = 15m, 35s)
    Energy change:-8.796568994284826e-05

    vN Entropy at center bond b=60 = 2.234469676191
    Eigs at center bond b=60: 0.2966 0.2662 0.1261 0.0724 0.0667 0.0385 0.0104 0.0101 0.0085 0.0083 
    Largest link dim during sweep 65/1000 was 1168
    Largest truncation error: 6.996863767780781e-07
    Energy after sweep 65/1000 is -218.291409749270
    Sweep 65/1000 CPU time = 15m, 10s (Wall time = 15m, 34s)
    Energy change:-6.864229740699557e-05

    vN Entropy at center bond b=60 = 2.236996082829
    Eigs at center bond b=60: 0.2899 0.2730 0.1244 0.0743 0.0646 0.0404 0.0103 0.0103 0.0086 0.0082 
    Largest link dim during sweep 66/1000 was 1168
    Largest truncation error: 6.949134883235237e-07
    Energy after sweep 66/1000 is -218.291469754526
    Sweep 66/1000 CPU time = 15m, 10s (Wall time = 15m, 34s)
    Energy change:-6.000525590366124e-05

    vN Entropy at center bond b=60 = 2.238804171910
    Eigs at center bond b=60: 0.2838 0.2793 0.1229 0.0760 0.0627 0.0421 0.0105 0.0101 0.0086 0.0080 
    Largest link dim during sweep 67/1000 was 1169
    Largest truncation error: 6.997555351627876e-07
    Energy after sweep 67/1000 is -218.291517350923
    Sweep 67/1000 CPU time = 15m, 13s (Wall time = 15m, 36s)
    Energy change:-4.759639725193665e-05

    vN Entropy at center bond b=60 = 2.240031468736
    Eigs at center bond b=60: 0.2850 0.2781 0.1214 0.0776 0.0609 0.0437 0.0107 0.0099 0.0086 0.0079 
    Largest link dim during sweep 68/1000 was 1169
    Largest truncation error: 7.016276611282552e-07
    Energy after sweep 68/1000 is -218.291551188796
    Sweep 68/1000 CPU time = 15m, 13s (Wall time = 15m, 37s)
    Energy change:-3.383787256439064e-05

    vN Entropy at center bond b=60 = 2.240775192545
    Eigs at center bond b=60: 0.2902 0.2731 0.1201 0.0790 0.0594 0.0452 0.0108 0.0098 0.0086 0.0077 
    Largest link dim during sweep 69/1000 was 1169
    Largest truncation error: 6.914903472064628e-07
    Energy after sweep 69/1000 is -218.291577823766
    Sweep 69/1000 CPU time = 15m, 2s (Wall time = 15m, 26s)
    Energy change:-2.663497070898302e-05

    vN Entropy at center bond b=60 = 2.241151538492
    Eigs at center bond b=60: 0.2948 0.2685 0.1189 0.0802 0.0580 0.0466 0.0109 0.0098 0.0086 0.0076 
    Largest link dim during sweep 70/1000 was 1169
    Largest truncation error: 6.979194303782776e-07
    Energy after sweep 70/1000 is -218.291598222840
    Sweep 70/1000 CPU time = 15m, 1s (Wall time = 15m, 24s)
    Energy change:-2.039907388962092e-05

    vN Entropy at center bond b=60 = 2.241267295188
    Eigs at center bond b=60: 0.2989 0.2644 0.1178 0.0813 0.0568 0.0478 0.0110 0.0097 0.0086 0.0075 
    Largest link dim during sweep 71/1000 was 1169
    Largest truncation error: 6.97096629473618e-07
    Energy after sweep 71/1000 is -218.291618500065
    Sweep 71/1000 CPU time = 14m, 55s (Wall time = 15m, 19s)
    Energy change:-2.027722518960218e-05

    vN Entropy at center bond b=60 = 2.241185948714
    Eigs at center bond b=60: 0.3026 0.2607 0.1168 0.0823 0.0557 0.0489 0.0111 0.0097 0.0085 0.0074 
    Largest link dim during sweep 72/1000 was 1168
    Largest truncation error: 7.018314779974627e-07
    Energy after sweep 72/1000 is -218.291631001640
    Sweep 72/1000 CPU time = 14m, 45s (Wall time = 15m, 7s)
    Energy change:-1.250157416166076e-05

    vN Entropy at center bond b=60 = 2.240961991806
    Eigs at center bond b=60: 0.3059 0.2574 0.1160 0.0832 0.0548 0.0498 0.0112 0.0097 0.0085 0.0073 
    Largest link dim during sweep 73/1000 was 1168
    Largest truncation error: 7.006204417143345e-07
    Energy after sweep 73/1000 is -218.291640163268
    Sweep 73/1000 CPU time = 14m, 45s (Wall time = 15m, 8s)
    Energy change:-9.161628554466006e-06

    Energy has converged -> stop the DMRG.
Final energy=0
Time=35843 sec
Nup =26 Ndown = 25L = 40 W = 3
