1_Dn 5_Up 9_Dn 13_Up 17_Dn 21_Up 25_Dn 29_Up 33_Dn 2_Up 6_Dn 10_Up 14_Dn 18_Up 22_Dn 26_Up 30_Dn 34_Up 3_Dn 7_Up 11_Dn 15_Up 19_Dn 23_Up 27_Dn 31_Up 35_Dn 4_Up 8_Dn 12_Up 16_Dn 20_Up 24_Dn 28_Up 32_Dn 36_Up 37_Up Initial energy=0
    vN Entropy at center bond b=80 = 0.001629576882
    Eigs at center bond b=80: 0.9998 
    Largest link dim during sweep 1/1000 was 10
    Largest truncation error: 0.0003672246097478137
    Energy after sweep 1/1000 is -141.311316427298
    Sweep 1/1000 CPU time = 0.402s (Wall time = 0.410s)
    Energy change:-141.3113164272979

    vN Entropy at center bond b=80 = 0.246176178712
    Eigs at center bond b=80: 0.9329 0.0671 
    Largest link dim during sweep 2/1000 was 20
    Largest truncation error: 0.003648357241883174
    Energy after sweep 2/1000 is -143.921307026166
    Sweep 2/1000 CPU time = 1.313s (Wall time = 1.319s)
    Energy change:-2.609990598867626

    vN Entropy at center bond b=80 = 0.513185690648
    Eigs at center bond b=80: 0.7906 0.2094 
    Largest link dim during sweep 3/1000 was 50
    Largest truncation error: 0.001399761264335086
    Energy after sweep 3/1000 is -148.326789800082
    Sweep 3/1000 CPU time = 2.792s (Wall time = 2.966s)
    Energy change:-4.40548277391693

    vN Entropy at center bond b=80 = 0.691593429893
    Eigs at center bond b=80: 0.5279 0.4721 
    Largest link dim during sweep 4/1000 was 100
    Largest truncation error: 0.0005210999003511094
    Energy after sweep 4/1000 is -150.747369559140
    Sweep 4/1000 CPU time = 5.516s (Wall time = 6.053s)
    Energy change:-2.420579759057489

    vN Entropy at center bond b=80 = 0.606004271175
    Eigs at center bond b=80: 0.7056 0.2944 
    Largest link dim during sweep 5/1000 was 200
    Largest truncation error: 0.0002267963693509967
    Energy after sweep 5/1000 is -152.207613602642
    Sweep 5/1000 CPU time = 12.60s (Wall time = 13.73s)
    Energy change:-1.460244043501831

    vN Entropy at center bond b=80 = 0.430051955926
    Eigs at center bond b=80: 0.8457 0.1543 
    Largest link dim during sweep 6/1000 was 400
    Largest truncation error: 8.728392738823578e-05
    Energy after sweep 6/1000 is -153.504037972665
    Sweep 6/1000 CPU time = 44.01s (Wall time = 46.53s)
    Energy change:-1.296424370023118

    vN Entropy at center bond b=80 = 0.223206064104
    Eigs at center bond b=80: 0.9414 0.0585 
    Largest link dim during sweep 7/1000 was 1000
    Largest truncation error: 7.194549176483918e-06
    Energy after sweep 7/1000 is -154.702764973039
    Sweep 7/1000 CPU time = 5m, 14.4s (Wall time = 5m, 23.3s)
    Energy change:-1.198727000374532

    vN Entropy at center bond b=80 = 0.107852710272
    Eigs at center bond b=80: 0.9791 0.0194 
    Largest link dim during sweep 8/1000 was 1800
    Largest truncation error: 9.2676747988165e-06
    Energy after sweep 8/1000 is -155.595613857317
    Sweep 8/1000 CPU time = 23m, 36s (Wall time = 24m, 6s)
    Energy change:-0.8928488842779529

    vN Entropy at center bond b=80 = 0.311032371419
    Eigs at center bond b=80: 0.9379 0.0346 0.0104 0.0102 0.0053 
    Largest link dim during sweep 9/1000 was 1800
    Largest truncation error: 4.504030714474019e-06
    Energy after sweep 9/1000 is -156.394299793905
    Sweep 9/1000 CPU time = 32m, 35s (Wall time = 33m, 11s)
    Energy change:-0.7986859365877592

    vN Entropy at center bond b=80 = 0.957546957671
    Eigs at center bond b=80: 0.5609 0.3693 0.0314 0.0306 0.0029 0.0028 
    Largest link dim during sweep 10/1000 was 1800
    Largest truncation error: 7.341215872076504e-06
    Energy after sweep 10/1000 is -157.113040801568
    Sweep 10/1000 CPU time = 31m, 32s (Wall time = 32m, 7s)
    Energy change:-0.718741007662743

    vN Entropy at center bond b=80 = 0.744937817086
    Eigs at center bond b=80: 0.7873 0.1536 0.0212 0.0208 0.0037 0.0023 0.0023 0.0022 0.0022 0.0022 
    Largest link dim during sweep 11/1000 was 1800
    Largest truncation error: 8.94632838762033e-06
    Energy after sweep 11/1000 is -157.787593208150
    Sweep 11/1000 CPU time = 29m, 30s (Wall time = 30m, 2s)
    Energy change:-0.6745524065819097

    vN Entropy at center bond b=80 = 0.754132379212
    Eigs at center bond b=80: 0.8200 0.0999 0.0194 0.0193 0.0172 0.0071 0.0047 0.0045 0.0022 0.0022 
    Largest link dim during sweep 12/1000 was 1800
    Largest truncation error: 7.904749520573879e-06
    Energy after sweep 12/1000 is -158.366934971845
    Sweep 12/1000 CPU time = 27m, 29s (Wall time = 27m, 60s)
    Energy change:-0.5793417636953677

    vN Entropy at center bond b=80 = 1.032825786315
    Eigs at center bond b=80: 0.4614 0.4578 0.0334 0.0333 0.0038 0.0037 0.0017 
    Largest link dim during sweep 13/1000 was 1800
    Largest truncation error: 5.830222498193092e-06
    Energy after sweep 13/1000 is -159.015355581633
    Sweep 13/1000 CPU time = 24m, 21s (Wall time = 24m, 48s)
    Energy change:-0.6484206097875358

    vN Entropy at center bond b=80 = 0.750598814986
    Eigs at center bond b=80: 0.8141 0.1152 0.0185 0.0184 0.0096 0.0059 0.0048 0.0048 0.0024 0.0024 
    Largest link dim during sweep 14/1000 was 1800
    Largest truncation error: 1.394344592057131e-06
    Energy after sweep 14/1000 is -159.612778672993
    Sweep 14/1000 CPU time = 22m, 55s (Wall time = 23m, 21s)
    Energy change:-0.5974230913606959

    vN Entropy at center bond b=80 = 0.847436713553
    Eigs at center bond b=80: 0.7772 0.1382 0.0232 0.0232 0.0137 0.0065 0.0039 0.0039 0.0029 0.0029 
    Largest link dim during sweep 15/1000 was 1800
    Largest truncation error: 1.233721571000366e-06
    Energy after sweep 15/1000 is -160.282588405324
    Sweep 15/1000 CPU time = 20m, 52s (Wall time = 21m, 14s)
    Energy change:-0.669809732331089

    vN Entropy at center bond b=80 = 1.044964902114
    Eigs at center bond b=80: 0.5192 0.3975 0.0330 0.0330 0.0042 0.0042 0.0016 0.0012 
    Largest link dim during sweep 16/1000 was 1800
    Largest truncation error: 1.822645909678497e-06
    Energy after sweep 16/1000 is -160.750628029803
    Sweep 16/1000 CPU time = 19m, 58s (Wall time = 20m, 19s)
    Energy change:-0.4680396244789051

    vN Entropy at center bond b=80 = 0.800287643391
    Eigs at center bond b=80: 0.8067 0.1113 0.0181 0.0181 0.0155 0.0066 0.0064 0.0064 0.0027 0.0027 
    Largest link dim during sweep 17/1000 was 1800
    Largest truncation error: 9.194785139649e-07
    Energy after sweep 17/1000 is -161.102110748822
    Sweep 17/1000 CPU time = 16m, 27s (Wall time = 16m, 41s)
    Energy change:-0.3514827190184633

    vN Entropy at center bond b=80 = 0.890536284417
    Eigs at center bond b=80: 0.7674 0.1398 0.0229 0.0229 0.0179 0.0079 0.0048 0.0048 0.0031 0.0031 
    Largest link dim during sweep 18/1000 was 1799
    Largest truncation error: 8.559960003583665e-07
    Energy after sweep 18/1000 is -161.410719226079
    Sweep 18/1000 CPU time = 13m, 6s (Wall time = 13m, 14s)
    Energy change:-0.3086084772569109

    vN Entropy at center bond b=80 = 1.075233432013
    Eigs at center bond b=80: 0.4666 0.4472 0.0324 0.0324 0.0043 0.0043 0.0028 0.0017 0.0014 
    Largest link dim during sweep 19/1000 was 1800
    Largest truncation error: 9.638162261506636e-07
    Energy after sweep 19/1000 is -161.717536495114
    Sweep 19/1000 CPU time = 12m, 5s (Wall time = 12m, 12s)
    Energy change:-0.3068172690351787

    vN Entropy at center bond b=80 = 0.896923593661
    Eigs at center bond b=80: 0.7587 0.1549 0.0213 0.0213 0.0134 0.0071 0.0052 0.0052 0.0032 0.0032 
    Largest link dim during sweep 20/1000 was 1797
    Largest truncation error: 2.49712931903913e-06
    Energy after sweep 20/1000 is -162.129736307473
    Sweep 20/1000 CPU time = 13m, 26s (Wall time = 13m, 34s)
    Energy change:-0.4121998123587787

    vN Entropy at center bond b=80 = 0.952540801697
    Eigs at center bond b=80: 0.7518 0.1425 0.0264 0.0219 0.0219 0.0093 0.0063 0.0063 0.0033 0.0033 
    Largest link dim during sweep 21/1000 was 1800
    Largest truncation error: 8.920810377240274e-07
    Energy after sweep 21/1000 is -162.484622301391
    Sweep 21/1000 CPU time = 11m, 46s (Wall time = 11m, 52s)
    Energy change:-0.3548859939183444

    vN Entropy at center bond b=80 = 1.096271023044
    Eigs at center bond b=80: 0.4858 0.4250 0.0318 0.0318 0.0048 0.0048 0.0029 0.0022 0.0018 
    Largest link dim during sweep 22/1000 was 1318
    Largest truncation error: 8.228836610699982e-07
    Energy after sweep 22/1000 is -162.815837711797
    Sweep 22/1000 CPU time = 9m, 6.9s (Wall time = 9m, 10.9s)
    Energy change:-0.3312154104056901

    vN Entropy at center bond b=80 = 0.955862721132
    Eigs at center bond b=80: 0.7597 0.1331 0.0271 0.0191 0.0191 0.0093 0.0081 0.0081 0.0034 0.0034 
    Largest link dim during sweep 23/1000 was 1542
    Largest truncation error: 7.752482746825126e-07
    Energy after sweep 23/1000 is -163.108698656150
    Sweep 23/1000 CPU time = 6m, 49.9s (Wall time = 6m, 52.1s)
    Energy change:-0.292860944352924

    vN Entropy at center bond b=80 = 1.048207297293
    Eigs at center bond b=80: 0.7036 0.1841 0.0253 0.0241 0.0241 0.0092 0.0060 0.0060 0.0042 0.0042 
    Largest link dim during sweep 24/1000 was 1371
    Largest truncation error: 8.985192355462176e-07
    Energy after sweep 24/1000 is -163.368799294207
    Sweep 24/1000 CPU time = 5m, 24.6s (Wall time = 5m, 26.0s)
    Energy change:-0.2601006380569117

    vN Entropy at center bond b=80 = 1.137651175537
    Eigs at center bond b=80: 0.4922 0.4128 0.0305 0.0304 0.0055 0.0055 0.0033 0.0031 0.0026 0.0018 
    Largest link dim during sweep 25/1000 was 985
    Largest truncation error: 7.782949410470547e-07
    Energy after sweep 25/1000 is -163.632651959371
    Sweep 25/1000 CPU time = 4m, 40.6s (Wall time = 4m, 41.5s)
    Energy change:-0.2638526651647624

    vN Entropy at center bond b=80 = 1.052347671386
    Eigs at center bond b=80: 0.7273 0.1501 0.0344 0.0199 0.0198 0.0094 0.0087 0.0087 0.0041 0.0041 
    Largest link dim during sweep 26/1000 was 1025
    Largest truncation error: 7.570267396030213e-07
    Energy after sweep 26/1000 is -163.830686776734
    Sweep 26/1000 CPU time = 3m, 58.1s (Wall time = 3m, 58.7s)
    Energy change:-0.1980348173624122

    vN Entropy at center bond b=80 = 1.104135712981
    Eigs at center bond b=80: 0.7040 0.1629 0.0412 0.0216 0.0216 0.0103 0.0084 0.0082 0.0045 0.0045 
    Largest link dim during sweep 27/1000 was 946
    Largest truncation error: 7.896917654051805e-07
    Energy after sweep 27/1000 is -163.969078443748
    Sweep 27/1000 CPU time = 3m, 24.7s (Wall time = 3m, 25.2s)
    Energy change:-0.1383916670139342

    vN Entropy at center bond b=80 = 1.205985308719
    Eigs at center bond b=80: 0.4632 0.4307 0.0290 0.0289 0.0078 0.0060 0.0059 0.0053 0.0028 0.0027 
    Largest link dim during sweep 28/1000 was 949
    Largest truncation error: 8.160567179261158e-07
    Energy after sweep 28/1000 is -164.091602519863
    Sweep 28/1000 CPU time = 2m, 58.0s (Wall time = 2m, 58.4s)
    Energy change:-0.1225240761152406

    vN Entropy at center bond b=80 = 1.191506422324
    Eigs at center bond b=80: 0.6459 0.2261 0.0295 0.0232 0.0229 0.0090 0.0070 0.0070 0.0054 0.0054 
    Largest link dim during sweep 29/1000 was 843
    Largest truncation error: 7.498612188877957e-07
    Energy after sweep 29/1000 is -164.183315497894
    Sweep 29/1000 CPU time = 2m, 41.7s (Wall time = 2m, 42.0s)
    Energy change:-0.09171297803132461

    vN Entropy at center bond b=80 = 1.218114376182
    Eigs at center bond b=80: 0.6871 0.1142 0.0971 0.0162 0.0162 0.0141 0.0137 0.0124 0.0057 0.0041 
    Largest link dim during sweep 30/1000 was 805
    Largest truncation error: 8.37187257693976e-07
    Energy after sweep 30/1000 is -164.257228982415
    Sweep 30/1000 CPU time = 2m, 46.1s (Wall time = 2m, 46.5s)
    Energy change:-0.07391348452026136

    vN Entropy at center bond b=80 = 1.282296153518
    Eigs at center bond b=80: 0.5920 0.2663 0.0364 0.0242 0.0240 0.0105 0.0072 0.0067 0.0061 0.0060 
    Largest link dim during sweep 31/1000 was 691
    Largest truncation error: 8.556347603778926e-07
    Energy after sweep 31/1000 is -164.312741624435
    Sweep 31/1000 CPU time = 2m, 48.1s (Wall time = 2m, 48.5s)
    Energy change:-0.05551264202085804

    vN Entropy at center bond b=80 = 1.326273637201
    Eigs at center bond b=80: 0.4477 0.4244 0.0263 0.0259 0.0122 0.0095 0.0069 0.0068 0.0066 0.0050 
    Largest link dim during sweep 32/1000 was 590
    Largest truncation error: 8.817285459729891e-07
    Energy after sweep 32/1000 is -164.352195859305
    Sweep 32/1000 CPU time = 2m, 58.7s (Wall time = 2m, 59.2s)
    Energy change:-0.03945423486973709

    vN Entropy at center bond b=80 = 1.345050829782
    Eigs at center bond b=80: 0.5733 0.2764 0.0369 0.0232 0.0227 0.0099 0.0072 0.0071 0.0064 0.0063 
    Largest link dim during sweep 33/1000 was 554
    Largest truncation error: 8.194831370966847e-07
    Energy after sweep 33/1000 is -164.380686965784
    Sweep 33/1000 CPU time = 2m, 58.3s (Wall time = 2m, 58.7s)
    Energy change:-0.02849110647935049

    vN Entropy at center bond b=80 = 1.375092770852
    Eigs at center bond b=80: 0.6229 0.1683 0.0942 0.0179 0.0173 0.0134 0.0130 0.0129 0.0072 0.0053 
    Largest link dim during sweep 34/1000 was 498
    Largest truncation error: 8.161084956298517e-07
    Energy after sweep 34/1000 is -164.397692543748
    Sweep 34/1000 CPU time = 3m, 16.2s (Wall time = 3m, 16.7s)
    Energy change:-0.01700557796314683

    vN Entropy at center bond b=80 = 1.428880159886
    Eigs at center bond b=80: 0.5998 0.1772 0.1044 0.0180 0.0177 0.0149 0.0132 0.0125 0.0072 0.0054 
    Largest link dim during sweep 35/1000 was 531
    Largest truncation error: 8.774265517175607e-07
    Energy after sweep 35/1000 is -164.406033701789
    Sweep 35/1000 CPU time = 3m, 31.9s (Wall time = 3m, 32.4s)
    Energy change:-0.008341158041361041

    vN Entropy at center bond b=80 = 1.464381211098
    Eigs at center bond b=80: 0.5651 0.2338 0.0782 0.0201 0.0197 0.0150 0.0108 0.0101 0.0067 0.0060 
    Largest link dim during sweep 36/1000 was 568
    Largest truncation error: 7.59415481438092e-07
    Energy after sweep 36/1000 is -164.409219760936
    Sweep 36/1000 CPU time = 3m, 49.5s (Wall time = 3m, 50.1s)
    Energy change:-0.003186059147054721

    vN Entropy at center bond b=80 = 1.484453353380
    Eigs at center bond b=80: 0.5426 0.2640 0.0670 0.0210 0.0205 0.0149 0.0098 0.0090 0.0064 0.0063 
    Largest link dim during sweep 37/1000 was 572
    Largest truncation error: 7.8048992085065e-07
    Energy after sweep 37/1000 is -164.410403951689
    Sweep 37/1000 CPU time = 4m, 5.3s (Wall time = 4m, 5.9s)
    Energy change:-0.001184190752894665

    vN Entropy at center bond b=80 = 1.494545727225
    Eigs at center bond b=80: 0.5309 0.2788 0.0617 0.0214 0.0207 0.0147 0.0094 0.0085 0.0067 0.0064 
    Largest link dim during sweep 38/1000 was 573
    Largest truncation error: 7.823164716239017e-07
    Energy after sweep 38/1000 is -164.410892836042
    Sweep 38/1000 CPU time = 3m, 58.8s (Wall time = 3m, 59.4s)
    Energy change:-0.000488884353018193

    vN Entropy at center bond b=80 = 1.499623425031
    Eigs at center bond b=80: 0.5249 0.2862 0.0589 0.0216 0.0209 0.0145 0.0093 0.0082 0.0075 0.0064 
    Largest link dim during sweep 39/1000 was 573
    Largest truncation error: 7.26174807597301e-07
    Energy after sweep 39/1000 is -164.411192122291
    Sweep 39/1000 CPU time = 3m, 52.1s (Wall time = 3m, 52.6s)
    Energy change:-0.000299286248576891

    vN Entropy at center bond b=80 = 1.502686545575
    Eigs at center bond b=80: 0.5218 0.2900 0.0574 0.0218 0.0209 0.0144 0.0093 0.0081 0.0079 0.0065 
    Largest link dim during sweep 40/1000 was 573
    Largest truncation error: 7.482581197796444e-07
    Energy after sweep 40/1000 is -164.411415810916
    Sweep 40/1000 CPU time = 3m, 50.4s (Wall time = 3m, 51.0s)
    Energy change:-0.0002236886250273074

    vN Entropy at center bond b=80 = 1.505011373118
    Eigs at center bond b=80: 0.5201 0.2919 0.0565 0.0220 0.0209 0.0144 0.0094 0.0081 0.0080 0.0065 
    Largest link dim during sweep 41/1000 was 571
    Largest truncation error: 7.627729272971232e-07
    Energy after sweep 41/1000 is -164.411605787673
    Sweep 41/1000 CPU time = 3m, 49.3s (Wall time = 3m, 49.8s)
    Energy change:-0.0001899767575821443

    vN Entropy at center bond b=80 = 1.507030068583
    Eigs at center bond b=80: 0.5191 0.2930 0.0559 0.0221 0.0209 0.0143 0.0096 0.0083 0.0079 0.0065 
    Largest link dim during sweep 42/1000 was 569
    Largest truncation error: 7.696465344668001e-07
    Energy after sweep 42/1000 is -164.411768774790
    Sweep 42/1000 CPU time = 3m, 48.7s (Wall time = 3m, 49.3s)
    Energy change:-0.0001629871171360264

    vN Entropy at center bond b=80 = 1.508918719941
    Eigs at center bond b=80: 0.5185 0.2935 0.0554 0.0223 0.0209 0.0143 0.0097 0.0084 0.0078 0.0066 
    Largest link dim during sweep 43/1000 was 565
    Largest truncation error: 7.756343218765835e-07
    Energy after sweep 43/1000 is -164.411906203911
    Sweep 43/1000 CPU time = 3m, 48.9s (Wall time = 3m, 49.5s)
    Energy change:-0.0001374291207127953

    vN Entropy at center bond b=80 = 1.510699792184
    Eigs at center bond b=80: 0.5182 0.2937 0.0551 0.0225 0.0209 0.0143 0.0099 0.0084 0.0078 0.0066 
    Largest link dim during sweep 44/1000 was 563
    Largest truncation error: 7.799120809237e-07
    Energy after sweep 44/1000 is -164.412029774223
    Sweep 44/1000 CPU time = 3m, 48.7s (Wall time = 3m, 49.3s)
    Energy change:-0.0001235703120414655

    vN Entropy at center bond b=80 = 1.512438196249
    Eigs at center bond b=80: 0.5180 0.2937 0.0548 0.0227 0.0209 0.0142 0.0101 0.0084 0.0078 0.0066 
    Largest link dim during sweep 45/1000 was 565
    Largest truncation error: 7.785458875188326e-07
    Energy after sweep 45/1000 is -164.412138309438
    Sweep 45/1000 CPU time = 3m, 47.9s (Wall time = 3m, 48.5s)
    Energy change:-0.000108535215019856

    vN Entropy at center bond b=80 = 1.514150098018
    Eigs at center bond b=80: 0.5178 0.2936 0.0545 0.0229 0.0209 0.0142 0.0102 0.0084 0.0077 0.0066 
    Largest link dim during sweep 46/1000 was 563
    Largest truncation error: 7.812579576056986e-07
    Energy after sweep 46/1000 is -164.412235615072
    Sweep 46/1000 CPU time = 3m, 48.0s (Wall time = 3m, 48.5s)
    Energy change:-9.730563377274848e-05

    vN Entropy at center bond b=80 = 1.515869603773
    Eigs at center bond b=80: 0.5177 0.2935 0.0543 0.0231 0.0209 0.0142 0.0104 0.0084 0.0077 0.0066 
    Largest link dim during sweep 47/1000 was 564
    Largest truncation error: 7.839912596808134e-07
    Energy after sweep 47/1000 is -164.412319642161
    Sweep 47/1000 CPU time = 3m, 48.5s (Wall time = 3m, 49.0s)
    Energy change:-8.402708888866073e-05

    vN Entropy at center bond b=80 = 1.517608210858
    Eigs at center bond b=80: 0.5176 0.2933 0.0541 0.0233 0.0208 0.0142 0.0106 0.0084 0.0077 0.0067 
    Largest link dim during sweep 48/1000 was 566
    Largest truncation error: 7.865010685762046e-07
    Energy after sweep 48/1000 is -164.412401698499
    Sweep 48/1000 CPU time = 3m, 48.7s (Wall time = 3m, 49.2s)
    Energy change:-8.205633810121071e-05

    vN Entropy at center bond b=80 = 1.519388360092
    Eigs at center bond b=80: 0.5174 0.2932 0.0538 0.0236 0.0208 0.0142 0.0108 0.0084 0.0077 0.0067 
    Largest link dim during sweep 49/1000 was 565
    Largest truncation error: 7.888443347937761e-07
    Energy after sweep 49/1000 is -164.412482312508
    Sweep 49/1000 CPU time = 3m, 49.0s (Wall time = 3m, 49.5s)
    Energy change:-8.061400930614582e-05

    vN Entropy at center bond b=80 = 1.521256796911
    Eigs at center bond b=80: 0.5172 0.2930 0.0536 0.0239 0.0208 0.0141 0.0110 0.0084 0.0076 0.0067 
    Largest link dim during sweep 50/1000 was 567
    Largest truncation error: 7.911347515191055e-07
    Energy after sweep 50/1000 is -164.412556012082
    Sweep 50/1000 CPU time = 3m, 49.4s (Wall time = 3m, 50.0s)
    Energy change:-7.369957376113234e-05

    vN Entropy at center bond b=80 = 1.523194908147
    Eigs at center bond b=80: 0.5170 0.2929 0.0534 0.0242 0.0208 0.0141 0.0112 0.0084 0.0076 0.0067 
    Largest link dim during sweep 51/1000 was 567
    Largest truncation error: 7.933454143572527e-07
    Energy after sweep 51/1000 is -164.412627639803
    Sweep 51/1000 CPU time = 3m, 49.9s (Wall time = 3m, 50.5s)
    Energy change:-7.162772146784846e-05

    vN Entropy at center bond b=80 = 1.525117362472
    Eigs at center bond b=80: 0.5168 0.2927 0.0531 0.0246 0.0207 0.0141 0.0113 0.0084 0.0076 0.0067 
    Largest link dim during sweep 52/1000 was 567
    Largest truncation error: 7.952799582258894e-07
    Energy after sweep 52/1000 is -164.412690162576
    Sweep 52/1000 CPU time = 3m, 50.5s (Wall time = 3m, 51.1s)
    Energy change:-6.252277259477523e-05

    vN Entropy at center bond b=80 = 1.527028629890
    Eigs at center bond b=80: 0.5166 0.2926 0.0529 0.0249 0.0207 0.0141 0.0115 0.0084 0.0075 0.0067 
    Largest link dim during sweep 53/1000 was 567
    Largest truncation error: 7.846364067261573e-07
    Energy after sweep 53/1000 is -164.412744080670
    Sweep 53/1000 CPU time = 3m, 50.8s (Wall time = 3m, 51.4s)
    Energy change:-5.391809386878776e-05

    vN Entropy at center bond b=80 = 1.528970962606
    Eigs at center bond b=80: 0.5163 0.2925 0.0526 0.0253 0.0207 0.0141 0.0117 0.0084 0.0075 0.0067 
    Largest link dim during sweep 54/1000 was 566
    Largest truncation error: 7.865264926733084e-07
    Energy after sweep 54/1000 is -164.412797988285
    Sweep 54/1000 CPU time = 3m, 53.2s (Wall time = 3m, 53.8s)
    Energy change:-5.390761484136419e-05

    vN Entropy at center bond b=80 = 1.530896854314
    Eigs at center bond b=80: 0.5161 0.2923 0.0524 0.0257 0.0207 0.0141 0.0118 0.0084 0.0075 0.0067 
    Largest link dim during sweep 55/1000 was 566
    Largest truncation error: 7.881612837497142e-07
    Energy after sweep 55/1000 is -164.412843357771
    Sweep 55/1000 CPU time = 3m, 54.0s (Wall time = 3m, 54.5s)
    Energy change:-4.53694861164422e-05

    vN Entropy at center bond b=80 = 1.532836741432
    Eigs at center bond b=80: 0.5158 0.2922 0.0522 0.0260 0.0207 0.0140 0.0120 0.0084 0.0075 0.0068 
    Largest link dim during sweep 56/1000 was 565
    Largest truncation error: 7.896225434128e-07
    Energy after sweep 56/1000 is -164.412886746751
    Sweep 56/1000 CPU time = 3m, 48.7s (Wall time = 3m, 49.3s)
    Energy change:-4.338897977618217e-05

    vN Entropy at center bond b=80 = 1.534767366458
    Eigs at center bond b=80: 0.5156 0.2921 0.0520 0.0264 0.0206 0.0140 0.0122 0.0084 0.0074 0.0068 
    Largest link dim during sweep 57/1000 was 565
    Largest truncation error: 7.909815733135363e-07
    Energy after sweep 57/1000 is -164.412929900086
    Sweep 57/1000 CPU time = 3m, 46.7s (Wall time = 3m, 47.2s)
    Energy change:-4.315333569593349e-05

    vN Entropy at center bond b=80 = 1.536692703770
    Eigs at center bond b=80: 0.5153 0.2920 0.0517 0.0268 0.0206 0.0140 0.0123 0.0084 0.0074 0.0068 
    Largest link dim during sweep 58/1000 was 563
    Largest truncation error: 7.922136427923274e-07
    Energy after sweep 58/1000 is -164.412968548705
    Sweep 58/1000 CPU time = 3m, 47.5s (Wall time = 3m, 48.0s)
    Energy change:-3.864861884039783e-05

    vN Entropy at center bond b=80 = 1.538603677014
    Eigs at center bond b=80: 0.5150 0.2918 0.0515 0.0272 0.0206 0.0140 0.0125 0.0084 0.0074 0.0068 
    Largest link dim during sweep 59/1000 was 564
    Largest truncation error: 7.933726514902138e-07
    Energy after sweep 59/1000 is -164.413000373093
    Sweep 59/1000 CPU time = 3m, 48.0s (Wall time = 3m, 48.5s)
    Energy change:-3.182438823046141e-05

    vN Entropy at center bond b=80 = 1.540523960800
    Eigs at center bond b=80: 0.5147 0.2917 0.0513 0.0276 0.0206 0.0140 0.0126 0.0084 0.0074 0.0068 
    Largest link dim during sweep 60/1000 was 565
    Largest truncation error: 7.943869937863151e-07
    Energy after sweep 60/1000 is -164.413035877344
    Sweep 60/1000 CPU time = 3m, 48.6s (Wall time = 3m, 49.2s)
    Energy change:-3.550425114440259e-05

    vN Entropy at center bond b=80 = 1.542450946797
    Eigs at center bond b=80: 0.5144 0.2916 0.0511 0.0281 0.0206 0.0140 0.0128 0.0083 0.0073 0.0068 
    Largest link dim during sweep 61/1000 was 565
    Largest truncation error: 7.953412149103931e-07
    Energy after sweep 61/1000 is -164.413069993849
    Sweep 61/1000 CPU time = 3m, 52.6s (Wall time = 3m, 53.2s)
    Energy change:-3.411650490647844e-05

    vN Entropy at center bond b=80 = 1.544350559226
    Eigs at center bond b=80: 0.5140 0.2915 0.0509 0.0285 0.0205 0.0139 0.0129 0.0083 0.0073 0.0068 
    Largest link dim during sweep 62/1000 was 565
    Largest truncation error: 6.799963502883746e-07
    Energy after sweep 62/1000 is -164.413103123764
    Sweep 62/1000 CPU time = 3m, 43.7s (Wall time = 3m, 44.3s)
    Energy change:-3.312991415782562e-05

    vN Entropy at center bond b=80 = 1.546191422792
    Eigs at center bond b=80: 0.5137 0.2914 0.0507 0.0289 0.0205 0.0139 0.0130 0.0083 0.0073 0.0068 
    Largest link dim during sweep 63/1000 was 565
    Largest truncation error: 6.793955587770141e-07
    Energy after sweep 63/1000 is -164.413131944372
    Sweep 63/1000 CPU time = 3m, 45.5s (Wall time = 3m, 46.1s)
    Energy change:-2.882060852016366e-05

    vN Entropy at center bond b=80 = 1.548036813410
    Eigs at center bond b=80: 0.5133 0.2913 0.0505 0.0294 0.0205 0.0139 0.0132 0.0083 0.0072 0.0068 
    Largest link dim during sweep 64/1000 was 565
    Largest truncation error: 6.790240183973341e-07
    Energy after sweep 64/1000 is -164.413157192308
    Sweep 64/1000 CPU time = 3m, 44.1s (Wall time = 3m, 44.6s)
    Energy change:-2.524793632119327e-05

    vN Entropy at center bond b=80 = 1.549874627336
    Eigs at center bond b=80: 0.5130 0.2913 0.0503 0.0298 0.0205 0.0139 0.0133 0.0083 0.0072 0.0068 
    Largest link dim during sweep 65/1000 was 565
    Largest truncation error: 6.795730694452688e-07
    Energy after sweep 65/1000 is -164.413184146524
    Sweep 65/1000 CPU time = 3m, 43.9s (Wall time = 3m, 44.4s)
    Energy change:-2.695421537168841e-05

    vN Entropy at center bond b=80 = 1.551713168771
    Eigs at center bond b=80: 0.5126 0.2912 0.0501 0.0303 0.0204 0.0139 0.0134 0.0083 0.0072 0.0068 
    Largest link dim during sweep 66/1000 was 564
    Largest truncation error: 6.850784355616267e-07
    Energy after sweep 66/1000 is -164.413205881360
    Sweep 66/1000 CPU time = 3m, 45.4s (Wall time = 3m, 46.3s)
    Energy change:-2.173483645151464e-05

    vN Entropy at center bond b=80 = 1.553573058020
    Eigs at center bond b=80: 0.5122 0.2911 0.0499 0.0307 0.0204 0.0139 0.0135 0.0083 0.0072 0.0068 
    Largest link dim during sweep 67/1000 was 564
    Largest truncation error: 6.742101450537545e-07
    Energy after sweep 67/1000 is -164.413231859234
    Sweep 67/1000 CPU time = 3m, 45.2s (Wall time = 3m, 45.8s)
    Energy change:-2.597787400304696e-05

    vN Entropy at center bond b=80 = 1.555432104756
    Eigs at center bond b=80: 0.5118 0.2911 0.0497 0.0312 0.0204 0.0139 0.0137 0.0083 0.0071 0.0068 
    Largest link dim during sweep 68/1000 was 564
    Largest truncation error: 6.812011649565597e-07
    Energy after sweep 68/1000 is -164.413256080105
    Sweep 68/1000 CPU time = 3m, 45.3s (Wall time = 3m, 45.9s)
    Energy change:-2.422087035824916e-05

    vN Entropy at center bond b=80 = 1.557318664023
    Eigs at center bond b=80: 0.5114 0.2910 0.0495 0.0317 0.0204 0.0138 0.0138 0.0083 0.0071 0.0068 
    Largest link dim during sweep 69/1000 was 564
    Largest truncation error: 6.725854829021128e-07
    Energy after sweep 69/1000 is -164.413280052518
    Sweep 69/1000 CPU time = 3m, 44.3s (Wall time = 3m, 44.8s)
    Energy change:-2.397241343032874e-05

    vN Entropy at center bond b=80 = 1.559263621652
    Eigs at center bond b=80: 0.5110 0.2910 0.0493 0.0322 0.0204 0.0139 0.0138 0.0083 0.0071 0.0068 
    Largest link dim during sweep 70/1000 was 564
    Largest truncation error: 6.717026255354733e-07
    Energy after sweep 70/1000 is -164.413303329799
    Sweep 70/1000 CPU time = 3m, 50.4s (Wall time = 3m, 50.9s)
    Energy change:-2.327728140016916e-05

    vN Entropy at center bond b=80 = 1.561211746232
    Eigs at center bond b=80: 0.5105 0.2910 0.0491 0.0327 0.0203 0.0140 0.0138 0.0083 0.0071 0.0068 
    Largest link dim during sweep 71/1000 was 565
    Largest truncation error: 6.819256451524558e-07
    Energy after sweep 71/1000 is -164.413324742432
    Sweep 71/1000 CPU time = 3m, 53.5s (Wall time = 3m, 54.1s)
    Energy change:-2.141263232147139e-05

    vN Entropy at center bond b=80 = 1.563177948681
    Eigs at center bond b=80: 0.5100 0.2910 0.0489 0.0332 0.0203 0.0141 0.0138 0.0082 0.0070 0.0068 
    Largest link dim during sweep 72/1000 was 565
    Largest truncation error: 6.816311499701157e-07
    Energy after sweep 72/1000 is -164.413346829805
    Sweep 72/1000 CPU time = 3m, 48.8s (Wall time = 3m, 49.3s)
    Energy change:-2.208737373621261e-05

    vN Entropy at center bond b=80 = 1.565167334310
    Eigs at center bond b=80: 0.5096 0.2910 0.0487 0.0337 0.0203 0.0142 0.0138 0.0082 0.0070 0.0068 
    Largest link dim during sweep 73/1000 was 566
    Largest truncation error: 6.782695338564117e-07
    Energy after sweep 73/1000 is -164.413364640440
    Sweep 73/1000 CPU time = 3m, 48.5s (Wall time = 3m, 49.1s)
    Energy change:-1.781063434691532e-05

    vN Entropy at center bond b=80 = 1.567148184229
    Eigs at center bond b=80: 0.5091 0.2910 0.0485 0.0342 0.0203 0.0143 0.0138 0.0082 0.0070 0.0068 
    Largest link dim during sweep 74/1000 was 565
    Largest truncation error: 6.751570984601605e-07
    Energy after sweep 74/1000 is -164.413385856276
    Sweep 74/1000 CPU time = 3m, 49.5s (Wall time = 3m, 50.1s)
    Energy change:-2.121583631264912e-05

    vN Entropy at center bond b=80 = 1.569078042027
    Eigs at center bond b=80: 0.5086 0.2909 0.0483 0.0347 0.0203 0.0144 0.0137 0.0082 0.0070 0.0068 
    Largest link dim during sweep 75/1000 was 564
    Largest truncation error: 6.717383941906356e-07
    Energy after sweep 75/1000 is -164.413405026079
    Sweep 75/1000 CPU time = 3m, 47.6s (Wall time = 3m, 48.1s)
    Energy change:-1.916980244232036e-05

    vN Entropy at center bond b=80 = 1.571013468030
    Eigs at center bond b=80: 0.5081 0.2909 0.0481 0.0352 0.0202 0.0145 0.0137 0.0082 0.0069 0.0068 
    Largest link dim during sweep 76/1000 was 565
    Largest truncation error: 6.717514218916395e-07
    Energy after sweep 76/1000 is -164.413424007469
    Sweep 76/1000 CPU time = 3m, 47.5s (Wall time = 3m, 48.1s)
    Energy change:-1.898139046829783e-05

    vN Entropy at center bond b=80 = 1.572900720467
    Eigs at center bond b=80: 0.5077 0.2909 0.0480 0.0357 0.0202 0.0146 0.0137 0.0082 0.0069 0.0068 
    Largest link dim during sweep 77/1000 was 564
    Largest truncation error: 7.251222923665894e-07
    Energy after sweep 77/1000 is -164.413438378382
    Sweep 77/1000 CPU time = 3m, 48.0s (Wall time = 3m, 48.6s)
    Energy change:-1.437091282241454e-05

    vN Entropy at center bond b=80 = 1.574738137569
    Eigs at center bond b=80: 0.5072 0.2909 0.0478 0.0362 0.0202 0.0147 0.0137 0.0082 0.0069 0.0068 
    Largest link dim during sweep 78/1000 was 565
    Largest truncation error: 7.200277434316027e-07
    Energy after sweep 78/1000 is -164.413453388803
    Sweep 78/1000 CPU time = 3m, 49.2s (Wall time = 3m, 49.8s)
    Energy change:-1.501042089557814e-05

    vN Entropy at center bond b=80 = 1.576584905799
    Eigs at center bond b=80: 0.5067 0.2909 0.0476 0.0367 0.0202 0.0148 0.0137 0.0082 0.0069 0.0068 
    Largest link dim during sweep 79/1000 was 564
    Largest truncation error: 7.181535473422506e-07
    Energy after sweep 79/1000 is -164.413469487545
    Sweep 79/1000 CPU time = 3m, 49.4s (Wall time = 3m, 49.9s)
    Energy change:-1.609874243513332e-05

    vN Entropy at center bond b=80 = 1.578416612325
    Eigs at center bond b=80: 0.5062 0.2909 0.0474 0.0372 0.0201 0.0149 0.0137 0.0082 0.0069 0.0068 
    Largest link dim during sweep 80/1000 was 565
    Largest truncation error: 7.165403285971538e-07
    Energy after sweep 80/1000 is -164.413485971185
    Sweep 80/1000 CPU time = 3m, 50.4s (Wall time = 3m, 50.9s)
    Energy change:-1.648363999606772e-05

    vN Entropy at center bond b=80 = 1.580187246050
    Eigs at center bond b=80: 0.5057 0.2909 0.0472 0.0377 0.0201 0.0150 0.0137 0.0082 0.0068 0.0068 
    Largest link dim during sweep 81/1000 was 565
    Largest truncation error: 7.148244338951698e-07
    Energy after sweep 81/1000 is -164.413498373317
    Sweep 81/1000 CPU time = 3m, 49.5s (Wall time = 3m, 50.1s)
    Energy change:-1.240213146047608e-05

    vN Entropy at center bond b=80 = 1.581905429848
    Eigs at center bond b=80: 0.5053 0.2909 0.0471 0.0382 0.0201 0.0151 0.0136 0.0082 0.0068 0.0068 
    Largest link dim during sweep 82/1000 was 565
    Largest truncation error: 7.130868666637963e-07
    Energy after sweep 82/1000 is -164.413509632241
    Sweep 82/1000 CPU time = 3m, 50.3s (Wall time = 3m, 50.9s)
    Energy change:-1.125892396203199e-05

    vN Entropy at center bond b=80 = 1.583582996258
    Eigs at center bond b=80: 0.5048 0.2909 0.0469 0.0387 0.0201 0.0151 0.0136 0.0082 0.0068 0.0068 
    Largest link dim during sweep 83/1000 was 565
    Largest truncation error: 7.112543156267732e-07
    Energy after sweep 83/1000 is -164.413522781712
    Sweep 83/1000 CPU time = 3m, 51.0s (Wall time = 3m, 51.6s)
    Energy change:-1.314947144237522e-05

    vN Entropy at center bond b=80 = 1.585284349861
    Eigs at center bond b=80: 0.5043 0.2909 0.0467 0.0391 0.0201 0.0152 0.0136 0.0082 0.0068 0.0068 
    Largest link dim during sweep 84/1000 was 566
    Largest truncation error: 7.095531339636813e-07
    Energy after sweep 84/1000 is -164.413536156380
    Sweep 84/1000 CPU time = 3m, 50.9s (Wall time = 3m, 51.5s)
    Energy change:-1.337466798645437e-05

    vN Entropy at center bond b=80 = 1.586958733409
    Eigs at center bond b=80: 0.5039 0.2909 0.0466 0.0396 0.0200 0.0153 0.0136 0.0081 0.0068 0.0067 
    Largest link dim during sweep 85/1000 was 567
    Largest truncation error: 7.079360511405467e-07
    Energy after sweep 85/1000 is -164.413546862271
    Sweep 85/1000 CPU time = 3m, 56.8s (Wall time = 3m, 57.3s)
    Energy change:-1.070589132723399e-05

    vN Entropy at center bond b=80 = 1.588586076525
    Eigs at center bond b=80: 0.5034 0.2908 0.0464 0.0401 0.0200 0.0154 0.0136 0.0081 0.0068 0.0067 
    Largest link dim during sweep 86/1000 was 566
    Largest truncation error: 7.063859929045161e-07
    Energy after sweep 86/1000 is -164.413556143105
    Sweep 86/1000 CPU time = 4m, 2.0s (Wall time = 4m, 2.6s)
    Energy change:-9.280833495495244e-06

    Energy has converged -> stop the DMRG.
Final energy=0
Time=33876 sec
Nup =19 Ndown = 18L = 40 W = 4
