1_Dn 5_Up 9_Dn 13_Up 17_Dn 21_Up 25_Dn 29_Up 2_Up 6_Dn 10_Up 14_Dn 18_Up 22_Dn 26_Up 30_Dn 3_Dn 7_Up 11_Dn 15_Up 19_Dn 23_Up 27_Dn 4_Up 8_Dn 12_Up 16_Dn 20_Up 24_Dn 28_Up 31_Up Initial energy=0
    vN Entropy at center bond b=80 = 0.025736268087
    Eigs at center bond b=80: 0.9961 0.0039 
    Largest link dim during sweep 1/1000 was 10
    Largest truncation error: 0.0002484660946286017
    Energy after sweep 1/1000 is -118.438269332355
    Sweep 1/1000 CPU time = 0.354s (Wall time = 0.359s)
    Energy change:-118.4382693323546

    vN Entropy at center bond b=80 = 0.342393493870
    Eigs at center bond b=80: 0.8920 0.1080 
    Largest link dim during sweep 2/1000 was 20
    Largest truncation error: 0.003626291314613772
    Energy after sweep 2/1000 is -121.192193742305
    Sweep 2/1000 CPU time = 1.114s (Wall time = 1.123s)
    Energy change:-2.753924409950301

    vN Entropy at center bond b=80 = 0.530777512936
    Eigs at center bond b=80: 0.7769 0.2231 
    Largest link dim during sweep 3/1000 was 50
    Largest truncation error: 0.001420137323995141
    Energy after sweep 3/1000 is -124.636001085899
    Sweep 3/1000 CPU time = 2.329s (Wall time = 2.480s)
    Energy change:-3.443807343594315

    vN Entropy at center bond b=80 = 0.676767966796
    Eigs at center bond b=80: 0.5902 0.4098 
    Largest link dim during sweep 4/1000 was 100
    Largest truncation error: 0.000699894419410843
    Energy after sweep 4/1000 is -126.738433788828
    Sweep 4/1000 CPU time = 4.620s (Wall time = 5.005s)
    Energy change:-2.102432702929306

    vN Entropy at center bond b=80 = 0.670527963134
    Eigs at center bond b=80: 0.6059 0.3941 
    Largest link dim during sweep 5/1000 was 200
    Largest truncation error: 0.0002854398471088636
    Energy after sweep 5/1000 is -128.115676949473
    Sweep 5/1000 CPU time = 10.74s (Wall time = 11.70s)
    Energy change:-1.377243160644667

    vN Entropy at center bond b=80 = 0.558276312176
    Eigs at center bond b=80: 0.7537 0.2463 
    Largest link dim during sweep 6/1000 was 400
    Largest truncation error: 6.35614752312173e-05
    Energy after sweep 6/1000 is -129.393971164115
    Sweep 6/1000 CPU time = 38.14s (Wall time = 40.25s)
    Energy change:-1.278294214642102

    vN Entropy at center bond b=80 = 0.374008073788
    Eigs at center bond b=80: 0.8764 0.1236 
    Largest link dim during sweep 7/1000 was 1000
    Largest truncation error: 6.4555704168415e-06
    Energy after sweep 7/1000 is -130.443847339008
    Sweep 7/1000 CPU time = 4m, 9.9s (Wall time = 4m, 17.1s)
    Energy change:-1.049876174893228

    vN Entropy at center bond b=80 = 0.222369706423
    Eigs at center bond b=80: 0.9417 0.0583 
    Largest link dim during sweep 8/1000 was 1800
    Largest truncation error: 9.152937251814679e-07
    Energy after sweep 8/1000 is -131.265441270323
    Sweep 8/1000 CPU time = 13m, 53s (Wall time = 14m, 12s)
    Energy change:-0.8215939313140552

    vN Entropy at center bond b=80 = 0.101664977603
    Eigs at center bond b=80: 0.9798 0.0197 
    Largest link dim during sweep 9/1000 was 1800
    Largest truncation error: 1.506242798885436e-06
    Energy after sweep 9/1000 is -132.007455134297
    Sweep 9/1000 CPU time = 19m, 45s (Wall time = 20m, 10s)
    Energy change:-0.7420138639747336

    vN Entropy at center bond b=80 = 0.194714249015
    Eigs at center bond b=80: 0.9664 0.0139 0.0071 0.0068 0.0051 
    Largest link dim during sweep 10/1000 was 1800
    Largest truncation error: 5.571738814345573e-06
    Energy after sweep 10/1000 is -132.581992217170
    Sweep 10/1000 CPU time = 19m, 0s (Wall time = 19m, 24s)
    Energy change:-0.5745370828730643

    vN Entropy at center bond b=80 = 0.733260318084
    Eigs at center bond b=80: 0.7727 0.1687 0.0262 0.0257 0.0023 0.0022 
    Largest link dim during sweep 11/1000 was 1800
    Largest truncation error: 9.97306466711839e-07
    Energy after sweep 11/1000 is -133.266453791431
    Sweep 11/1000 CPU time = 17m, 44s (Wall time = 18m, 6s)
    Energy change:-0.6844615742604958

    vN Entropy at center bond b=80 = 0.982645334826
    Eigs at center bond b=80: 0.5374 0.3884 0.0328 0.0323 0.0033 0.0033 
    Largest link dim during sweep 12/1000 was 1800
    Largest truncation error: 1.040001870419819e-06
    Energy after sweep 12/1000 is -133.872335117794
    Sweep 12/1000 CPU time = 15m, 34s (Wall time = 15m, 54s)
    Energy change:-0.6058813263627485

    vN Entropy at center bond b=80 = 0.679962326596
    Eigs at center bond b=80: 0.8353 0.1033 0.0172 0.0167 0.0071 0.0051 0.0042 0.0042 0.0020 0.0019 
    Largest link dim during sweep 13/1000 was 1638
    Largest truncation error: 9.303455738646655e-07
    Energy after sweep 13/1000 is -134.429116301015
    Sweep 13/1000 CPU time = 13m, 5s (Wall time = 13m, 22s)
    Energy change:-0.556781183221176

    vN Entropy at center bond b=80 = 0.820289287982
    Eigs at center bond b=80: 0.7832 0.1370 0.0229 0.0228 0.0122 0.0063 0.0035 0.0034 0.0027 0.0027 
    Largest link dim during sweep 14/1000 was 1469
    Largest truncation error: 8.601422114744899e-07
    Energy after sweep 14/1000 is -134.870039254396
    Sweep 14/1000 CPU time = 9m, 43.2s (Wall time = 9m, 56.0s)
    Energy change:-0.4409229533808343

    vN Entropy at center bond b=80 = 1.018949846269
    Eigs at center bond b=80: 0.5094 0.4115 0.0330 0.0329 0.0037 0.0037 0.0015 
    Largest link dim during sweep 15/1000 was 1402
    Largest truncation error: 9.227025140760919e-07
    Energy after sweep 15/1000 is -135.253123277320
    Sweep 15/1000 CPU time = 7m, 7.4s (Wall time = 7m, 17.4s)
    Energy change:-0.3830840229239527

    vN Entropy at center bond b=80 = 0.705037199142
    Eigs at center bond b=80: 0.8243 0.1132 0.0180 0.0180 0.0056 0.0050 0.0041 0.0040 0.0022 0.0022 
    Largest link dim during sweep 16/1000 was 1210
    Largest truncation error: 9.134026015577855e-07
    Energy after sweep 16/1000 is -135.594072071259
    Sweep 16/1000 CPU time = 5m, 52.2s (Wall time = 5m, 59.3s)
    Energy change:-0.3409487939395035

    vN Entropy at center bond b=80 = 0.810798628819
    Eigs at center bond b=80: 0.7984 0.1168 0.0210 0.0210 0.0169 0.0078 0.0045 0.0045 0.0025 0.0025 
    Largest link dim during sweep 17/1000 was 1504
    Largest truncation error: 8.346319125242965e-07
    Energy after sweep 17/1000 is -136.001490316790
    Sweep 17/1000 CPU time = 5m, 22.8s (Wall time = 5m, 26.9s)
    Energy change:-0.4074182455312609

    vN Entropy at center bond b=80 = 1.031493041659
    Eigs at center bond b=80: 0.5266 0.3926 0.0324 0.0323 0.0040 0.0040 0.0018 
    Largest link dim during sweep 18/1000 was 1173
    Largest truncation error: 8.454754653585068e-07
    Energy after sweep 18/1000 is -136.376791438952
    Sweep 18/1000 CPU time = 5m, 8.3s (Wall time = 5m, 11.6s)
    Energy change:-0.3753011221614884

    vN Entropy at center bond b=80 = 0.791843410590
    Eigs at center bond b=80: 0.8105 0.1073 0.0174 0.0174 0.0166 0.0075 0.0065 0.0065 0.0025 0.0025 
    Largest link dim during sweep 19/1000 was 1138
    Largest truncation error: 8.452447122073484e-07
    Energy after sweep 19/1000 is -136.699331863061
    Sweep 19/1000 CPU time = 5m, 0.1s (Wall time = 5m, 3.0s)
    Energy change:-0.3225404241093202

    vN Entropy at center bond b=80 = 0.959650940444
    Eigs at center bond b=80: 0.7204 0.1863 0.0254 0.0254 0.0145 0.0077 0.0040 0.0040 0.0035 0.0035 
    Largest link dim during sweep 20/1000 was 1136
    Largest truncation error: 8.429647388375331e-07
    Energy after sweep 20/1000 is -136.976807290097
    Sweep 20/1000 CPU time = 3m, 57.2s (Wall time = 3m, 59.2s)
    Energy change:-0.2774754270359665

    vN Entropy at center bond b=80 = 1.065186703058
    Eigs at center bond b=80: 0.5365 0.3778 0.0316 0.0316 0.0044 0.0044 0.0023 0.0021 0.0011 
    Largest link dim during sweep 21/1000 was 1122
    Largest truncation error: 8.098841676437515e-07
    Energy after sweep 21/1000 is -137.225550551502
    Sweep 21/1000 CPU time = 3m, 32.6s (Wall time = 3m, 34.2s)
    Energy change:-0.2487432614047975

    vN Entropy at center bond b=80 = 0.897233023112
    Eigs at center bond b=80: 0.7853 0.1094 0.0301 0.0172 0.0172 0.0094 0.0088 0.0088 0.0028 0.0028 
    Largest link dim during sweep 22/1000 was 863
    Largest truncation error: 8.372045841441277e-07
    Energy after sweep 22/1000 is -137.457892855358
    Sweep 22/1000 CPU time = 2m, 47.7s (Wall time = 2m, 48.3s)
    Energy change:-0.2323423038561145

    vN Entropy at center bond b=80 = 1.008006983762
    Eigs at center bond b=80: 0.7111 0.1860 0.0247 0.0247 0.0199 0.0082 0.0051 0.0051 0.0039 0.0039 
    Largest link dim during sweep 23/1000 was 781
    Largest truncation error: 8.080839461371131e-07
    Energy after sweep 23/1000 is -137.640438647305
    Sweep 23/1000 CPU time = 2m, 13.7s (Wall time = 2m, 14.1s)
    Energy change:-0.1825457919468363

    vN Entropy at center bond b=80 = 1.108769729460
    Eigs at center bond b=80: 0.4937 0.4153 0.0313 0.0313 0.0050 0.0050 0.0028 0.0023 0.0022 0.0013 
    Largest link dim during sweep 24/1000 was 590
    Largest truncation error: 8.221570148710046e-07
    Energy after sweep 24/1000 is -137.824296814473
    Sweep 24/1000 CPU time = 1m, 53.1s (Wall time = 1m, 53.4s)
    Energy change:-0.1838581671681254

    vN Entropy at center bond b=80 = 0.986238327325
    Eigs at center bond b=80: 0.7455 0.1454 0.0270 0.0200 0.0200 0.0087 0.0078 0.0077 0.0036 0.0036 
    Largest link dim during sweep 25/1000 was 647
    Largest truncation error: 7.97623772181351e-07
    Energy after sweep 25/1000 is -137.977785042420
    Sweep 25/1000 CPU time = 1m, 40.1s (Wall time = 1m, 40.4s)
    Energy change:-0.1534882279466103

    vN Entropy at center bond b=80 = 1.033941666499
    Eigs at center bond b=80: 0.7213 0.1619 0.0314 0.0223 0.0223 0.0097 0.0069 0.0069 0.0039 0.0039 
    Largest link dim during sweep 26/1000 was 549
    Largest truncation error: 8.597020120792727e-07
    Energy after sweep 26/1000 is -138.119363727205
    Sweep 26/1000 CPU time = 1m, 31.1s (Wall time = 1m, 31.4s)
    Energy change:-0.141578684785685

    vN Entropy at center bond b=80 = 1.144363791853
    Eigs at center bond b=80: 0.4873 0.4161 0.0303 0.0303 0.0056 0.0052 0.0052 0.0048 0.0018 0.0017 
    Largest link dim during sweep 27/1000 was 545
    Largest truncation error: 7.918839026531306e-07
    Energy after sweep 27/1000 is -138.254032059974
    Sweep 27/1000 CPU time = 1m, 20.7s (Wall time = 1m, 20.9s)
    Energy change:-0.134668332768797

    vN Entropy at center bond b=80 = 1.093303997269
    Eigs at center bond b=80: 0.6540 0.2428 0.0251 0.0250 0.0148 0.0074 0.0047 0.0047 0.0046 0.0046 
    Largest link dim during sweep 28/1000 was 463
    Largest truncation error: 8.886331383650266e-07
    Energy after sweep 28/1000 is -138.363661275153
    Sweep 28/1000 CPU time = 1m, 12.6s (Wall time = 1m, 12.8s)
    Energy change:-0.1096292151789839

    vN Entropy at center bond b=80 = 1.078437199609
    Eigs at center bond b=80: 0.7349 0.0915 0.0844 0.0144 0.0144 0.0142 0.0139 0.0127 0.0032 0.0029 
    Largest link dim during sweep 29/1000 was 409
    Largest truncation error: 8.996854941460228e-07
    Energy after sweep 29/1000 is -138.437996029830
    Sweep 29/1000 CPU time = 1m, 7.6s (Wall time = 1m, 7.7s)
    Energy change:-0.07433475467689732

    vN Entropy at center bond b=80 = 1.167761182255
    Eigs at center bond b=80: 0.6439 0.2303 0.0314 0.0241 0.0239 0.0112 0.0068 0.0063 0.0046 0.0046 
    Largest link dim during sweep 30/1000 was 371
    Largest truncation error: 8.454737995190058e-07
    Energy after sweep 30/1000 is -138.487336902297
    Sweep 30/1000 CPU time = 1m, 6.5s (Wall time = 1m, 6.7s)
    Energy change:-0.04934087246661534

    vN Entropy at center bond b=80 = 1.231527861829
    Eigs at center bond b=80: 0.4826 0.4061 0.0282 0.0275 0.0107 0.0075 0.0054 0.0053 0.0038 0.0037 
    Largest link dim during sweep 31/1000 was 356
    Largest truncation error: 7.696737461197865e-07
    Energy after sweep 31/1000 is -138.517339369020
    Sweep 31/1000 CPU time = 1m, 8.0s (Wall time = 1m, 8.2s)
    Energy change:-0.03000246672334583

    vN Entropy at center bond b=80 = 1.252777343043
    Eigs at center bond b=80: 0.5328 0.3485 0.0277 0.0257 0.0148 0.0082 0.0052 0.0051 0.0050 0.0044 
    Largest link dim during sweep 32/1000 was 322
    Largest truncation error: 8.061114605554788e-07
    Energy after sweep 32/1000 is -138.534675784503
    Sweep 32/1000 CPU time = 1m, 11.6s (Wall time = 1m, 11.8s)
    Energy change:-0.01733641548318587

    vN Entropy at center bond b=80 = 1.278256652742
    Eigs at center bond b=80: 0.6004 0.2574 0.0358 0.0261 0.0224 0.0129 0.0070 0.0069 0.0048 0.0046 
    Largest link dim during sweep 33/1000 was 328
    Largest truncation error: 8.866981424770634e-07
    Energy after sweep 33/1000 is -138.543746260807
    Sweep 33/1000 CPU time = 1m, 17.9s (Wall time = 1m, 18.1s)
    Energy change:-0.009070476303548958

    vN Entropy at center bond b=80 = 1.312339280388
    Eigs at center bond b=80: 0.6229 0.2080 0.0571 0.0268 0.0198 0.0160 0.0098 0.0091 0.0043 0.0042 
    Largest link dim during sweep 34/1000 was 354
    Largest truncation error: 8.01786734566459e-07
    Energy after sweep 34/1000 is -138.548591890812
    Sweep 34/1000 CPU time = 1m, 22.7s (Wall time = 1m, 22.9s)
    Energy change:-0.004845630005320345

    vN Entropy at center bond b=80 = 1.341874295480
    Eigs at center bond b=80: 0.6285 0.1831 0.0697 0.0294 0.0182 0.0174 0.0121 0.0102 0.0040 0.0038 
    Largest link dim during sweep 35/1000 was 372
    Largest truncation error: 8.508508491774795e-07
    Energy after sweep 35/1000 is -138.551139760362
    Sweep 35/1000 CPU time = 1m, 27.6s (Wall time = 1m, 27.8s)
    Energy change:-0.002547869550085125

    vN Entropy at center bond b=80 = 1.370052720912
    Eigs at center bond b=80: 0.6289 0.1680 0.0761 0.0329 0.0178 0.0172 0.0154 0.0107 0.0038 0.0036 
    Largest link dim during sweep 36/1000 was 389
    Largest truncation error: 8.340812685492575e-07
    Energy after sweep 36/1000 is -138.552680178790
    Sweep 36/1000 CPU time = 1m, 31.8s (Wall time = 1m, 32.1s)
    Energy change:-0.001540418428334078

    vN Entropy at center bond b=80 = 1.399464595501
    Eigs at center bond b=80: 0.6264 0.1573 0.0795 0.0367 0.0203 0.0180 0.0164 0.0109 0.0037 0.0034 
    Largest link dim during sweep 37/1000 was 397
    Largest truncation error: 8.941246863213533e-07
    Energy after sweep 37/1000 is -138.553713264393
    Sweep 37/1000 CPU time = 1m, 35.1s (Wall time = 1m, 35.5s)
    Energy change:-0.001033085602330175

    vN Entropy at center bond b=80 = 1.430738139520
    Eigs at center bond b=80: 0.6215 0.1488 0.0817 0.0404 0.0272 0.0180 0.0157 0.0110 0.0039 0.0039 
    Largest link dim during sweep 38/1000 was 405
    Largest truncation error: 8.966033758544978e-07
    Energy after sweep 38/1000 is -138.554484035893
    Sweep 38/1000 CPU time = 1m, 36.9s (Wall time = 1m, 37.1s)
    Energy change:-0.0007707715002993609

    vN Entropy at center bond b=80 = 1.461023095601
    Eigs at center bond b=80: 0.6153 0.1418 0.0830 0.0437 0.0352 0.0179 0.0150 0.0110 0.0045 0.0042 
    Largest link dim during sweep 39/1000 was 408
    Largest truncation error: 8.869368908607185e-07
    Energy after sweep 39/1000 is -138.555037219984
    Sweep 39/1000 CPU time = 1m, 38.2s (Wall time = 1m, 38.4s)
    Energy change:-0.000553184091387493

    vN Entropy at center bond b=80 = 1.490158715691
    Eigs at center bond b=80: 0.6082 0.1359 0.0841 0.0467 0.0438 0.0178 0.0145 0.0109 0.0050 0.0045 
    Largest link dim during sweep 40/1000 was 407
    Largest truncation error: 8.695215634631544e-07
    Energy after sweep 40/1000 is -138.555469024063
    Sweep 40/1000 CPU time = 1m, 39.1s (Wall time = 1m, 39.3s)
    Energy change:-0.000431804078488085

    vN Entropy at center bond b=80 = 1.518076072962
    Eigs at center bond b=80: 0.6006 0.1306 0.0849 0.0527 0.0494 0.0177 0.0140 0.0109 0.0053 0.0047 
    Largest link dim during sweep 41/1000 was 404
    Largest truncation error: 8.912730835857572e-07
    Energy after sweep 41/1000 is -138.555838810475
    Sweep 41/1000 CPU time = 1m, 38.7s (Wall time = 1m, 38.9s)
    Energy change:-0.0003697864122216288

    vN Entropy at center bond b=80 = 1.543841423563
    Eigs at center bond b=80: 0.5929 0.1260 0.0856 0.0616 0.0517 0.0176 0.0136 0.0108 0.0055 0.0049 
    Largest link dim during sweep 42/1000 was 404
    Largest truncation error: 9.038432437209488e-07
    Energy after sweep 42/1000 is -138.556117728339
    Sweep 42/1000 CPU time = 1m, 38.9s (Wall time = 1m, 39.1s)
    Energy change:-0.0002789178634543532

    vN Entropy at center bond b=80 = 1.567829507167
    Eigs at center bond b=80: 0.5850 0.1217 0.0861 0.0706 0.0538 0.0174 0.0132 0.0107 0.0058 0.0050 
    Largest link dim during sweep 43/1000 was 402
    Largest truncation error: 9.150987929749014e-07
    Energy after sweep 43/1000 is -138.556389282039
    Sweep 43/1000 CPU time = 1m, 38.8s (Wall time = 1m, 39.1s)
    Energy change:-0.0002715536999744472

    vN Entropy at center bond b=80 = 1.590468653594
    Eigs at center bond b=80: 0.5771 0.1178 0.0865 0.0795 0.0557 0.0172 0.0128 0.0106 0.0059 0.0051 
    Largest link dim during sweep 44/1000 was 402
    Largest truncation error: 8.398148858337818e-07
    Energy after sweep 44/1000 is -138.556606161606
    Sweep 44/1000 CPU time = 1m, 39.6s (Wall time = 1m, 39.9s)
    Energy change:-0.000216879567574324

    vN Entropy at center bond b=80 = 1.611377267724
    Eigs at center bond b=80: 0.5692 0.1142 0.0881 0.0869 0.0575 0.0171 0.0125 0.0105 0.0061 0.0051 
    Largest link dim during sweep 45/1000 was 403
    Largest truncation error: 8.397532105109599e-07
    Energy after sweep 45/1000 is -138.556812252579
    Sweep 45/1000 CPU time = 1m, 39.8s (Wall time = 1m, 40.1s)
    Energy change:-0.000206090972454831

    vN Entropy at center bond b=80 = 1.630430996889
    Eigs at center bond b=80: 0.5617 0.1110 0.0964 0.0872 0.0590 0.0169 0.0121 0.0104 0.0062 0.0052 
    Largest link dim during sweep 46/1000 was 404
    Largest truncation error: 8.397272660572038e-07
    Energy after sweep 46/1000 is -138.556964985210
    Sweep 46/1000 CPU time = 1m, 40.5s (Wall time = 1m, 40.8s)
    Energy change:-0.0001527326312782407

    vN Entropy at center bond b=80 = 1.647014126457
    Eigs at center bond b=80: 0.5546 0.1080 0.1041 0.0874 0.0604 0.0168 0.0119 0.0103 0.0063 0.0052 
    Largest link dim during sweep 47/1000 was 403
    Largest truncation error: 8.397807559302839e-07
    Energy after sweep 47/1000 is -138.557115281663
    Sweep 47/1000 CPU time = 1m, 41.6s (Wall time = 1m, 41.8s)
    Energy change:-0.0001502964532846818

    vN Entropy at center bond b=80 = 1.662735176188
    Eigs at center bond b=80: 0.5477 0.1116 0.1053 0.0876 0.0616 0.0166 0.0116 0.0102 0.0063 0.0052 
    Largest link dim during sweep 48/1000 was 404
    Largest truncation error: 8.397945267315387e-07
    Energy after sweep 48/1000 is -138.557257461955
    Sweep 48/1000 CPU time = 1m, 41.9s (Wall time = 1m, 42.1s)
    Energy change:-0.0001421802917320747

    vN Entropy at center bond b=80 = 1.677826708468
    Eigs at center bond b=80: 0.5408 0.1190 0.1027 0.0878 0.0627 0.0165 0.0113 0.0101 0.0064 0.0052 
    Largest link dim during sweep 49/1000 was 406
    Largest truncation error: 8.397999375962597e-07
    Energy after sweep 49/1000 is -138.557395794025
    Sweep 49/1000 CPU time = 1m, 43.1s (Wall time = 1m, 43.3s)
    Energy change:-0.0001383320698948864

    vN Entropy at center bond b=80 = 1.691979485894
    Eigs at center bond b=80: 0.5339 0.1263 0.1002 0.0879 0.0638 0.0163 0.0111 0.0100 0.0065 0.0057 
    Largest link dim during sweep 50/1000 was 407
    Largest truncation error: 8.398500674470821e-07
    Energy after sweep 50/1000 is -138.557522465614
    Sweep 50/1000 CPU time = 1m, 43.4s (Wall time = 1m, 43.6s)
    Energy change:-0.0001266715892143111

    vN Entropy at center bond b=80 = 1.705290637739
    Eigs at center bond b=80: 0.5273 0.1333 0.0979 0.0880 0.0647 0.0161 0.0108 0.0099 0.0065 0.0065 
    Largest link dim during sweep 51/1000 was 407
    Largest truncation error: 8.398409368753208e-07
    Energy after sweep 51/1000 is -138.557627141842
    Sweep 51/1000 CPU time = 1m, 44.2s (Wall time = 1m, 44.4s)
    Energy change:-0.000104676228460221

    vN Entropy at center bond b=80 = 1.717512882178
    Eigs at center bond b=80: 0.5209 0.1401 0.0957 0.0880 0.0656 0.0160 0.0106 0.0098 0.0073 0.0066 
    Largest link dim during sweep 52/1000 was 407
    Largest truncation error: 8.398408942417573e-07
    Energy after sweep 52/1000 is -138.557725152457
    Sweep 52/1000 CPU time = 1m, 45.6s (Wall time = 1m, 45.9s)
    Energy change:-9.801061457892501e-05

    vN Entropy at center bond b=80 = 1.728604914589
    Eigs at center bond b=80: 0.5148 0.1464 0.0937 0.0880 0.0664 0.0158 0.0104 0.0097 0.0081 0.0066 
    Largest link dim during sweep 53/1000 was 406
    Largest truncation error: 8.398421807906334e-07
    Energy after sweep 53/1000 is -138.557805371219
    Sweep 53/1000 CPU time = 1m, 44.9s (Wall time = 1m, 45.2s)
    Energy change:-8.021876180919207e-05

    vN Entropy at center bond b=80 = 1.738523797686
    Eigs at center bond b=80: 0.5091 0.1523 0.0919 0.0880 0.0672 0.0157 0.0102 0.0096 0.0089 0.0067 
    Largest link dim during sweep 54/1000 was 409
    Largest truncation error: 8.398264838244948e-07
    Energy after sweep 54/1000 is -138.557888516806
    Sweep 54/1000 CPU time = 1m, 45.9s (Wall time = 1m, 46.2s)
    Energy change:-8.314558689903606e-05

    vN Entropy at center bond b=80 = 1.747873654062
    Eigs at center bond b=80: 0.5037 0.1580 0.0902 0.0880 0.0679 0.0156 0.0101 0.0096 0.0095 0.0067 
    Largest link dim during sweep 55/1000 was 410
    Largest truncation error: 8.397848203709934e-07
    Energy after sweep 55/1000 is -138.557970864127
    Sweep 55/1000 CPU time = 1m, 46.7s (Wall time = 1m, 47.0s)
    Energy change:-8.234732172240911e-05

    vN Entropy at center bond b=80 = 1.756602940878
    Eigs at center bond b=80: 0.4984 0.1635 0.0885 0.0879 0.0685 0.0154 0.0104 0.0099 0.0094 0.0067 
    Largest link dim during sweep 56/1000 was 410
    Largest truncation error: 8.396843504317471e-07
    Energy after sweep 56/1000 is -138.558042625498
    Sweep 56/1000 CPU time = 1m, 47.4s (Wall time = 1m, 47.6s)
    Energy change:-7.176137091846613e-05

    vN Entropy at center bond b=80 = 1.764770876096
    Eigs at center bond b=80: 0.4932 0.1688 0.0879 0.0870 0.0691 0.0153 0.0112 0.0097 0.0094 0.0068 
    Largest link dim during sweep 57/1000 was 411
    Largest truncation error: 8.395616016729481e-07
    Energy after sweep 57/1000 is -138.558119748005
    Sweep 57/1000 CPU time = 1m, 47.8s (Wall time = 1m, 48.1s)
    Energy change:-7.712250621239036e-05

    vN Entropy at center bond b=80 = 1.772441282542
    Eigs at center bond b=80: 0.4883 0.1740 0.0878 0.0855 0.0696 0.0152 0.0119 0.0096 0.0093 0.0068 
    Largest link dim during sweep 58/1000 was 413
    Largest truncation error: 8.394170495183253e-07
    Energy after sweep 58/1000 is -138.558181317382
    Sweep 58/1000 CPU time = 1m, 49.5s (Wall time = 1m, 49.7s)
    Energy change:-6.156937749324243e-05

    vN Entropy at center bond b=80 = 1.779471907732
    Eigs at center bond b=80: 0.4836 0.1788 0.0877 0.0841 0.0701 0.0151 0.0127 0.0094 0.0092 0.0069 
    Largest link dim during sweep 59/1000 was 415
    Largest truncation error: 8.39293401486306e-07
    Energy after sweep 59/1000 is -138.558238109254
    Sweep 59/1000 CPU time = 1m, 49.5s (Wall time = 1m, 49.8s)
    Energy change:-5.679187208329495e-05

    vN Entropy at center bond b=80 = 1.786102329631
    Eigs at center bond b=80: 0.4790 0.1835 0.0876 0.0828 0.0706 0.0150 0.0135 0.0093 0.0091 0.0069 
    Largest link dim during sweep 60/1000 was 415
    Largest truncation error: 8.392347720425219e-07
    Energy after sweep 60/1000 is -138.558305686361
    Sweep 60/1000 CPU time = 1m, 50.8s (Wall time = 1m, 51.0s)
    Energy change:-6.757710727356425e-05

    vN Entropy at center bond b=80 = 1.792430916539
    Eigs at center bond b=80: 0.4745 0.1881 0.0875 0.0815 0.0710 0.0148 0.0142 0.0092 0.0091 0.0069 
    Largest link dim during sweep 61/1000 was 416
    Largest truncation error: 8.391254386308569e-07
    Energy after sweep 61/1000 is -138.558358051093
    Sweep 61/1000 CPU time = 1m, 50.8s (Wall time = 1m, 51.1s)
    Energy change:-5.236473123204632e-05

    vN Entropy at center bond b=80 = 1.798306080350
    Eigs at center bond b=80: 0.4702 0.1925 0.0874 0.0803 0.0714 0.0150 0.0147 0.0090 0.0090 0.0070 
    Largest link dim during sweep 62/1000 was 418
    Largest truncation error: 8.390228139173458e-07
    Energy after sweep 62/1000 is -138.558403826743
    Sweep 62/1000 CPU time = 1m, 52.0s (Wall time = 1m, 52.3s)
    Energy change:-4.577565067620526e-05

    vN Entropy at center bond b=80 = 1.803578980964
    Eigs at center bond b=80: 0.4662 0.1967 0.0872 0.0792 0.0718 0.0157 0.0146 0.0089 0.0089 0.0071 
    Largest link dim during sweep 63/1000 was 418
    Largest truncation error: 8.38982452951011e-07
    Energy after sweep 63/1000 is -138.558444569483
    Sweep 63/1000 CPU time = 1m, 52.6s (Wall time = 1m, 52.9s)
    Energy change:-4.074273994092437e-05

    vN Entropy at center bond b=80 = 1.808332342764
    Eigs at center bond b=80: 0.4624 0.2006 0.0871 0.0781 0.0722 0.0163 0.0145 0.0089 0.0088 0.0071 
    Largest link dim during sweep 64/1000 was 418
    Largest truncation error: 8.390423017396706e-07
    Energy after sweep 64/1000 is -138.558478430956
    Sweep 64/1000 CPU time = 1m, 51.4s (Wall time = 1m, 51.7s)
    Energy change:-3.386147298556352e-05

    vN Entropy at center bond b=80 = 1.812706165395
    Eigs at center bond b=80: 0.4588 0.2042 0.0870 0.0771 0.0725 0.0170 0.0144 0.0088 0.0087 0.0072 
    Largest link dim during sweep 65/1000 was 419
    Largest truncation error: 8.38813574394635e-07
    Energy after sweep 65/1000 is -138.558516061482
    Sweep 65/1000 CPU time = 1m, 52.3s (Wall time = 1m, 52.5s)
    Energy change:-3.763052606586825e-05

    vN Entropy at center bond b=80 = 1.816710170062
    Eigs at center bond b=80: 0.4554 0.2076 0.0869 0.0762 0.0728 0.0175 0.0143 0.0088 0.0086 0.0072 
    Largest link dim during sweep 66/1000 was 419
    Largest truncation error: 8.386431896109493e-07
    Energy after sweep 66/1000 is -138.558549139106
    Sweep 66/1000 CPU time = 1m, 52.6s (Wall time = 1m, 52.9s)
    Energy change:-3.307762347048993e-05

    vN Entropy at center bond b=80 = 1.820357856249
    Eigs at center bond b=80: 0.4523 0.2109 0.0868 0.0753 0.0731 0.0181 0.0143 0.0087 0.0085 0.0073 
    Largest link dim during sweep 67/1000 was 420
    Largest truncation error: 8.384975545367464e-07
    Energy after sweep 67/1000 is -138.558583777538
    Sweep 67/1000 CPU time = 1m, 53.9s (Wall time = 1m, 54.2s)
    Energy change:-3.463843253825871e-05

    vN Entropy at center bond b=80 = 1.823801731498
    Eigs at center bond b=80: 0.4492 0.2140 0.0867 0.0745 0.0734 0.0187 0.0142 0.0087 0.0084 0.0074 
    Largest link dim during sweep 68/1000 was 420
    Largest truncation error: 8.384029423010102e-07
    Energy after sweep 68/1000 is -138.558617332189
    Sweep 68/1000 CPU time = 1m, 53.1s (Wall time = 1m, 53.4s)
    Energy change:-3.355465025833837e-05

    vN Entropy at center bond b=80 = 1.827068829756
    Eigs at center bond b=80: 0.4462 0.2170 0.0866 0.0737 0.0737 0.0192 0.0141 0.0086 0.0083 0.0074 
    Largest link dim during sweep 69/1000 was 420
    Largest truncation error: 8.381528055909556e-07
    Energy after sweep 69/1000 is -138.558647407652
    Sweep 69/1000 CPU time = 1m, 54.5s (Wall time = 1m, 54.8s)
    Energy change:-3.007546328603894e-05

    vN Entropy at center bond b=80 = 1.830192765315
    Eigs at center bond b=80: 0.4434 0.2199 0.0865 0.0739 0.0729 0.0198 0.0140 0.0086 0.0083 0.0075 
    Largest link dim during sweep 70/1000 was 420
    Largest truncation error: 8.378655814698227e-07
    Energy after sweep 70/1000 is -138.558681589645
    Sweep 70/1000 CPU time = 1m, 56.3s (Wall time = 1m, 56.6s)
    Energy change:-3.418199327143157e-05

    vN Entropy at center bond b=80 = 1.833132305822
    Eigs at center bond b=80: 0.4406 0.2228 0.0864 0.0741 0.0722 0.0203 0.0139 0.0085 0.0082 0.0076 
    Largest link dim during sweep 71/1000 was 421
    Largest truncation error: 8.375785685361107e-07
    Energy after sweep 71/1000 is -138.558714309276
    Sweep 71/1000 CPU time = 1m, 58.0s (Wall time = 1m, 58.3s)
    Energy change:-3.271963106499243e-05

    vN Entropy at center bond b=80 = 1.835833436266
    Eigs at center bond b=80: 0.4379 0.2254 0.0863 0.0743 0.0715 0.0208 0.0139 0.0085 0.0081 0.0076 
    Largest link dim during sweep 72/1000 was 421
    Largest truncation error: 8.373445505024023e-07
    Energy after sweep 72/1000 is -138.558733017084
    Sweep 72/1000 CPU time = 1m, 58.3s (Wall time = 1m, 58.6s)
    Energy change:-1.870780823765017e-05

    vN Entropy at center bond b=80 = 1.838316392577
    Eigs at center bond b=80: 0.4355 0.2279 0.0862 0.0745 0.0708 0.0213 0.0138 0.0084 0.0081 0.0077 
    Largest link dim during sweep 73/1000 was 421
    Largest truncation error: 8.372298761802226e-07
    Energy after sweep 73/1000 is -138.558758221806
    Sweep 73/1000 CPU time = 1m, 57.1s (Wall time = 1m, 57.4s)
    Energy change:-2.520472119726946e-05

    vN Entropy at center bond b=80 = 1.840618954795
    Eigs at center bond b=80: 0.4332 0.2303 0.0861 0.0747 0.0702 0.0217 0.0137 0.0084 0.0080 0.0077 
    Largest link dim during sweep 74/1000 was 421
    Largest truncation error: 8.371160005197327e-07
    Energy after sweep 74/1000 is -138.558788879793
    Sweep 74/1000 CPU time = 1m, 54.8s (Wall time = 1m, 55.1s)
    Energy change:-3.065798784973595e-05

    vN Entropy at center bond b=80 = 1.842845361922
    Eigs at center bond b=80: 0.4308 0.2326 0.0860 0.0749 0.0697 0.0222 0.0137 0.0084 0.0079 0.0078 
    Largest link dim during sweep 75/1000 was 421
    Largest truncation error: 8.369297881210599e-07
    Energy after sweep 75/1000 is -138.558809857700
    Sweep 75/1000 CPU time = 1m, 55.9s (Wall time = 1m, 56.2s)
    Energy change:-2.097790604693728e-05

    vN Entropy at center bond b=80 = 1.844940192934
    Eigs at center bond b=80: 0.4286 0.2349 0.0858 0.0751 0.0691 0.0226 0.0136 0.0083 0.0079 0.0079 
    Largest link dim during sweep 76/1000 was 422
    Largest truncation error: 8.367121682154325e-07
    Energy after sweep 76/1000 is -138.558835892838
    Sweep 76/1000 CPU time = 1m, 55.9s (Wall time = 1m, 56.2s)
    Energy change:-2.603513846111127e-05

    vN Entropy at center bond b=80 = 1.847013287991
    Eigs at center bond b=80: 0.4264 0.2371 0.0857 0.0753 0.0685 0.0231 0.0136 0.0083 0.0079 0.0078 
    Largest link dim during sweep 77/1000 was 422
    Largest truncation error: 8.365204446021417e-07
    Energy after sweep 77/1000 is -138.558862175296
    Sweep 77/1000 CPU time = 1m, 56.4s (Wall time = 1m, 56.7s)
    Energy change:-2.628245803748541e-05

    vN Entropy at center bond b=80 = 1.849083071857
    Eigs at center bond b=80: 0.4242 0.2393 0.0856 0.0754 0.0680 0.0235 0.0135 0.0083 0.0080 0.0077 
    Largest link dim during sweep 78/1000 was 422
    Largest truncation error: 8.363312655261281e-07
    Energy after sweep 78/1000 is -138.558883529206
    Sweep 78/1000 CPU time = 1m, 56.5s (Wall time = 1m, 56.8s)
    Energy change:-2.135391017077382e-05

    vN Entropy at center bond b=80 = 1.851031940879
    Eigs at center bond b=80: 0.4220 0.2415 0.0855 0.0756 0.0674 0.0240 0.0134 0.0082 0.0081 0.0077 
    Largest link dim during sweep 79/1000 was 423
    Largest truncation error: 8.361157694656529e-07
    Energy after sweep 79/1000 is -138.558899791109
    Sweep 79/1000 CPU time = 1m, 57.8s (Wall time = 1m, 58.1s)
    Energy change:-1.626190277193018e-05

    vN Entropy at center bond b=80 = 1.852856045694
    Eigs at center bond b=80: 0.4199 0.2436 0.0854 0.0757 0.0669 0.0244 0.0134 0.0082 0.0081 0.0076 
    Largest link dim during sweep 80/1000 was 423
    Largest truncation error: 8.359094864828301e-07
    Energy after sweep 80/1000 is -138.558916701810
    Sweep 80/1000 CPU time = 1m, 56.7s (Wall time = 1m, 57.0s)
    Energy change:-1.69107013618941e-05

    vN Entropy at center bond b=80 = 1.854571203805
    Eigs at center bond b=80: 0.4179 0.2456 0.0853 0.0759 0.0664 0.0248 0.0133 0.0082 0.0082 0.0076 
    Largest link dim during sweep 81/1000 was 423
    Largest truncation error: 8.356827735166169e-07
    Energy after sweep 81/1000 is -138.558936668473
    Sweep 81/1000 CPU time = 1m, 56.9s (Wall time = 1m, 57.1s)
    Energy change:-1.99666631317541e-05

    vN Entropy at center bond b=80 = 1.856174007656
    Eigs at center bond b=80: 0.4160 0.2475 0.0852 0.0760 0.0659 0.0252 0.0133 0.0082 0.0081 0.0075 
    Largest link dim during sweep 82/1000 was 424
    Largest truncation error: 8.354813857477421e-07
    Energy after sweep 82/1000 is -138.558951293588
    Sweep 82/1000 CPU time = 1m, 56.8s (Wall time = 1m, 57.1s)
    Energy change:-1.462511502836605e-05

    vN Entropy at center bond b=80 = 1.857632444298
    Eigs at center bond b=80: 0.4143 0.2493 0.0851 0.0761 0.0655 0.0256 0.0132 0.0083 0.0081 0.0075 
    Largest link dim during sweep 83/1000 was 424
    Largest truncation error: 8.352881603665966e-07
    Energy after sweep 83/1000 is -138.558969182594
    Sweep 83/1000 CPU time = 1m, 57.1s (Wall time = 1m, 57.4s)
    Energy change:-1.788900590327103e-05

    vN Entropy at center bond b=80 = 1.858973282818
    Eigs at center bond b=80: 0.4126 0.2510 0.0850 0.0762 0.0651 0.0260 0.0132 0.0083 0.0081 0.0074 
    Largest link dim during sweep 84/1000 was 424
    Largest truncation error: 8.350797048400987e-07
    Energy after sweep 84/1000 is -138.558980460465
    Sweep 84/1000 CPU time = 1m, 57.7s (Wall time = 1m, 58.0s)
    Energy change:-1.127787029986393e-05

    vN Entropy at center bond b=80 = 1.860192901927
    Eigs at center bond b=80: 0.4110 0.2525 0.0850 0.0763 0.0647 0.0263 0.0131 0.0084 0.0080 0.0074 
    Largest link dim during sweep 85/1000 was 424
    Largest truncation error: 8.348448691507878e-07
    Energy after sweep 85/1000 is -138.558996831342
    Sweep 85/1000 CPU time = 1m, 57.4s (Wall time = 1m, 57.7s)
    Energy change:-1.637087714811969e-05

    vN Entropy at center bond b=80 = 1.861378766557
    Eigs at center bond b=80: 0.4095 0.2541 0.0849 0.0764 0.0643 0.0266 0.0131 0.0084 0.0080 0.0074 
    Largest link dim during sweep 86/1000 was 424
    Largest truncation error: 8.346696882144969e-07
    Energy after sweep 86/1000 is -138.559014932389
    Sweep 86/1000 CPU time = 1m, 57.6s (Wall time = 1m, 57.9s)
    Energy change:-1.810104728861006e-05

    vN Entropy at center bond b=80 = 1.862544215707
    Eigs at center bond b=80: 0.4080 0.2556 0.0848 0.0766 0.0640 0.0269 0.0131 0.0085 0.0080 0.0073 
    Largest link dim during sweep 87/1000 was 424
    Largest truncation error: 8.345333726105824e-07
    Energy after sweep 87/1000 is -138.559019606933
    Sweep 87/1000 CPU time = 1m, 57.7s (Wall time = 1m, 58.0s)
    Energy change:-4.674543959026778e-06

    Energy has converged -> stop the DMRG.
Final energy=0
Time=16148 sec
Nup =16 Ndown = 15L = 40 W = 4
