1_Dn 5_Up 9_Dn 13_Up 17_Dn 21_Up 25_Dn 2_Up 6_Dn 10_Up 14_Dn 18_Up 22_Dn 26_Up 3_Dn 7_Up 11_Dn 15_Up 19_Dn 23_Up 4_Up 8_Dn 12_Up 16_Dn 20_Up 24_Dn 27_Up Initial energy=0
    vN Entropy at center bond b=80 = -0.000000000000
    Eigs at center bond b=80: 1.0000 
    Largest link dim during sweep 1/1000 was 10
    Largest truncation error: 0.0004368345073840998
    Energy after sweep 1/1000 is -102.877067905094
    Sweep 1/1000 CPU time = 0.305s (Wall time = 0.308s)
    Energy change:-102.8770679050942

    vN Entropy at center bond b=80 = -0.000000000000
    Eigs at center bond b=80: 1.0000 
    Largest link dim during sweep 2/1000 was 20
    Largest truncation error: 0.0036666338076908
    Energy after sweep 2/1000 is -105.580803470166
    Sweep 2/1000 CPU time = 1.069s (Wall time = 1.075s)
    Energy change:-2.703735565071923

    vN Entropy at center bond b=80 = -0.000000000000
    Eigs at center bond b=80: 1.0000 
    Largest link dim during sweep 3/1000 was 50
    Largest truncation error: 0.001115624451509808
    Energy after sweep 3/1000 is -108.673007764342
    Sweep 3/1000 CPU time = 2.267s (Wall time = 2.475s)
    Energy change:-3.092204294175971

    vN Entropy at center bond b=80 = 0.034661025455
    Eigs at center bond b=80: 0.9944 0.0056 
    Largest link dim during sweep 4/1000 was 100
    Largest truncation error: 0.0005510564181124283
    Energy after sweep 4/1000 is -110.560679404849
    Sweep 4/1000 CPU time = 4.466s (Wall time = 4.867s)
    Energy change:-1.887671640506994

    vN Entropy at center bond b=80 = 0.360159828987
    Eigs at center bond b=80: 0.8834 0.1166 
    Largest link dim during sweep 5/1000 was 200
    Largest truncation error: 0.0002329734667528684
    Energy after sweep 5/1000 is -111.952943901506
    Sweep 5/1000 CPU time = 10.52s (Wall time = 11.51s)
    Energy change:-1.392264496657035

    vN Entropy at center bond b=80 = 0.657915349464
    Eigs at center bond b=80: 0.6319 0.3681 
    Largest link dim during sweep 6/1000 was 400
    Largest truncation error: 5.311239689652482e-05
    Energy after sweep 6/1000 is -113.218198544539
    Sweep 6/1000 CPU time = 36.25s (Wall time = 38.34s)
    Energy change:-1.265254643032392

    vN Entropy at center bond b=80 = 0.655576651628
    Eigs at center bond b=80: 0.6362 0.3638 
    Largest link dim during sweep 7/1000 was 1000
    Largest truncation error: 3.119214563154493e-06
    Energy after sweep 7/1000 is -114.218071923298
    Sweep 7/1000 CPU time = 3m, 43.5s (Wall time = 3m, 50.6s)
    Energy change:-0.9998733787596166

    vN Entropy at center bond b=80 = 0.494922030534
    Eigs at center bond b=80: 0.8039 0.1961 
    Largest link dim during sweep 8/1000 was 1779
    Largest truncation error: 9.256912551913854e-07
    Energy after sweep 8/1000 is -115.025438467897
    Sweep 8/1000 CPU time = 10m, 29s (Wall time = 10m, 45s)
    Energy change:-0.8073665445985512

    vN Entropy at center bond b=80 = 0.295478588299
    Eigs at center bond b=80: 0.9130 0.0870 
    Largest link dim during sweep 9/1000 was 1800
    Largest truncation error: 9.215021555157955e-07
    Energy after sweep 9/1000 is -115.830861811370
    Sweep 9/1000 CPU time = 13m, 44s (Wall time = 14m, 3s)
    Energy change:-0.8054233434731941

    vN Entropy at center bond b=80 = 0.134677474835
    Eigs at center bond b=80: 0.9712 0.0280 
    Largest link dim during sweep 10/1000 was 1713
    Largest truncation error: 8.8261870267468e-07
    Energy after sweep 10/1000 is -116.401459883215
    Sweep 10/1000 CPU time = 11m, 21s (Wall time = 11m, 37s)
    Energy change:-0.5705980718448558

    vN Entropy at center bond b=80 = 0.219756857631
    Eigs at center bond b=80: 0.9613 0.0157 0.0075 0.0075 0.0071 
    Largest link dim during sweep 11/1000 was 1539
    Largest truncation error: 8.384438313231065e-07
    Energy after sweep 11/1000 is -116.915645650562
    Sweep 11/1000 CPU time = 8m, 33.9s (Wall time = 8m, 45.1s)
    Energy change:-0.5141857673470724

    vN Entropy at center bond b=80 = 0.801422456499
    Eigs at center bond b=80: 0.7306 0.2078 0.0275 0.0263 0.0024 0.0024 0.0012 
    Largest link dim during sweep 12/1000 was 1366
    Largest truncation error: 9.35423223666235e-07
    Energy after sweep 12/1000 is -117.355168458164
    Sweep 12/1000 CPU time = 6m, 25.3s (Wall time = 6m, 33.3s)
    Energy change:-0.4395228076024722

    vN Entropy at center bond b=80 = 0.918679709911
    Eigs at center bond b=80: 0.6343 0.2994 0.0283 0.0275 0.0028 0.0028 0.0019 
    Largest link dim during sweep 13/1000 was 1199
    Largest truncation error: 9.28489990744924e-07
    Energy after sweep 13/1000 is -117.800220951760
    Sweep 13/1000 CPU time = 4m, 59.1s (Wall time = 5m, 7.1s)
    Energy change:-0.4450524935959095

    vN Entropy at center bond b=80 = 0.640979278786
    Eigs at center bond b=80: 0.8654 0.0574 0.0252 0.0108 0.0104 0.0084 0.0083 0.0083 0.0012 0.0012 
    Largest link dim during sweep 14/1000 was 1180
    Largest truncation error: 9.54743289480076e-07
    Energy after sweep 14/1000 is -118.261740641618
    Sweep 14/1000 CPU time = 4m, 23.0s (Wall time = 4m, 29.7s)
    Energy change:-0.4615196898581786

    vN Entropy at center bond b=80 = 0.914422057568
    Eigs at center bond b=80: 0.7006 0.2221 0.0273 0.0272 0.0055 0.0052 0.0029 0.0029 0.0018 0.0017 
    Largest link dim during sweep 15/1000 was 916
    Largest truncation error: 8.532915682689835e-07
    Energy after sweep 15/1000 is -118.618320886875
    Sweep 15/1000 CPU time = 3m, 42.0s (Wall time = 3m, 47.1s)
    Energy change:-0.3565802452569358

    vN Entropy at center bond b=80 = 0.965030989203
    Eigs at center bond b=80: 0.6004 0.3267 0.0303 0.0302 0.0033 0.0033 0.0011 
    Largest link dim during sweep 16/1000 was 848
    Largest truncation error: 8.885878057120316e-07
    Energy after sweep 16/1000 is -118.949875049793
    Sweep 16/1000 CPU time = 2m, 57.3s (Wall time = 3m, 1.6s)
    Energy change:-0.3315541629174703

    vN Entropy at center bond b=80 = 0.709468578591
    Eigs at center bond b=80: 0.8467 0.0675 0.0266 0.0127 0.0127 0.0087 0.0087 0.0085 0.0017 0.0017 
    Largest link dim during sweep 17/1000 was 745
    Largest truncation error: 9.082442894588899e-07
    Energy after sweep 17/1000 is -119.242278375997
    Sweep 17/1000 CPU time = 2m, 14.4s (Wall time = 2m, 16.1s)
    Energy change:-0.2924033262037824

    vN Entropy at center bond b=80 = 0.961584155359
    Eigs at center bond b=80: 0.6861 0.2292 0.0279 0.0279 0.0076 0.0061 0.0034 0.0034 0.0024 0.0024 
    Largest link dim during sweep 18/1000 was 720
    Largest truncation error: 8.919783688926487e-07
    Energy after sweep 18/1000 is -119.502424950572
    Sweep 18/1000 CPU time = 1m, 55.4s (Wall time = 1m, 55.9s)
    Energy change:-0.2601465745750176

    vN Entropy at center bond b=80 = 0.997713017212
    Eigs at center bond b=80: 0.5982 0.3238 0.0303 0.0303 0.0038 0.0038 0.0022 0.0014 
    Largest link dim during sweep 19/1000 was 587
    Largest truncation error: 8.597465993269054e-07
    Energy after sweep 19/1000 is -119.722233332965
    Sweep 19/1000 CPU time = 1m, 28.7s (Wall time = 1m, 29.0s)
    Energy change:-0.2198083823929693

    vN Entropy at center bond b=80 = 0.784572047079
    Eigs at center bond b=80: 0.8217 0.0877 0.0252 0.0150 0.0150 0.0089 0.0083 0.0083 0.0022 0.0021 
    Largest link dim during sweep 20/1000 was 665
    Largest truncation error: 8.863519001939018e-07
    Energy after sweep 20/1000 is -119.947056632436
    Sweep 20/1000 CPU time = 1m, 27.6s (Wall time = 1m, 27.8s)
    Energy change:-0.2248232994711685

    vN Entropy at center bond b=80 = 0.946166677810
    Eigs at center bond b=80: 0.7263 0.1819 0.0252 0.0252 0.0140 0.0077 0.0039 0.0039 0.0034 0.0034 
    Largest link dim during sweep 21/1000 was 508
    Largest truncation error: 8.568763782457926e-07
    Energy after sweep 21/1000 is -120.130201171835
    Sweep 21/1000 CPU time = 1m, 15.0s (Wall time = 1m, 15.2s)
    Energy change:-0.1831445393997058

    vN Entropy at center bond b=80 = 1.069287258057
    Eigs at center bond b=80: 0.4855 0.4293 0.0321 0.0321 0.0043 0.0043 0.0027 0.0016 0.0014 
    Largest link dim during sweep 22/1000 was 486
    Largest truncation error: 8.373658822235011e-07
    Energy after sweep 22/1000 is -120.286089729556
    Sweep 22/1000 CPU time = 1m, 8.6s (Wall time = 1m, 8.8s)
    Energy change:-0.1558885577202602

    vN Entropy at center bond b=80 = 0.890998412636
    Eigs at center bond b=80: 0.7717 0.1364 0.0195 0.0195 0.0192 0.0086 0.0065 0.0065 0.0029 0.0029 
    Largest link dim during sweep 23/1000 was 467
    Largest truncation error: 8.169848287124207e-07
    Energy after sweep 23/1000 is -120.440060000686
    Sweep 23/1000 CPU time = 1m, 1.0s (Wall time = 1m, 1.1s)
    Energy change:-0.1539702711305324

    vN Entropy at center bond b=80 = 0.962375107796
    Eigs at center bond b=80: 0.7474 0.1455 0.0279 0.0215 0.0215 0.0099 0.0064 0.0064 0.0032 0.0032 
    Largest link dim during sweep 24/1000 was 444
    Largest truncation error: 8.154716343954831e-07
    Energy after sweep 24/1000 is -120.568499111243
    Sweep 24/1000 CPU time = 52.44s (Wall time = 52.58s)
    Energy change:-0.1284391105562719

    vN Entropy at center bond b=80 = 1.106246810485
    Eigs at center bond b=80: 0.4997 0.4095 0.0307 0.0307 0.0048 0.0044 0.0044 0.0044 0.0016 0.0014 
    Largest link dim during sweep 25/1000 was 377
    Largest truncation error: 8.274865271816913e-07
    Energy after sweep 25/1000 is -120.678138663105
    Sweep 25/1000 CPU time = 46.25s (Wall time = 46.37s)
    Energy change:-0.1096395518625428

    vN Entropy at center bond b=80 = 1.034629181236
    Eigs at center bond b=80: 0.6645 0.2436 0.0256 0.0255 0.0099 0.0069 0.0040 0.0039 0.0037 0.0037 
    Largest link dim during sweep 26/1000 was 325
    Largest truncation error: 8.249500421390421e-07
    Energy after sweep 26/1000 is -120.775607967366
    Sweep 26/1000 CPU time = 41.71s (Wall time = 41.82s)
    Energy change:-0.09746930426112499

    vN Entropy at center bond b=80 = 0.974956313061
    Eigs at center bond b=80: 0.7676 0.0930 0.0591 0.0146 0.0145 0.0121 0.0121 0.0119 0.0025 0.0025 
    Largest link dim during sweep 27/1000 was 281
    Largest truncation error: 8.19582000773806e-07
    Energy after sweep 27/1000 is -120.866602282596
    Sweep 27/1000 CPU time = 39.07s (Wall time = 39.17s)
    Energy change:-0.09099431522977852

    vN Entropy at center bond b=80 = 1.051354672204
    Eigs at center bond b=80: 0.7030 0.1824 0.0299 0.0227 0.0227 0.0110 0.0064 0.0064 0.0036 0.0036 
    Largest link dim during sweep 28/1000 was 250
    Largest truncation error: 8.33300687617035e-07
    Energy after sweep 28/1000 is -120.956266134581
    Sweep 28/1000 CPU time = 37.81s (Wall time = 37.91s)
    Energy change:-0.08966385198465332

    vN Entropy at center bond b=80 = 1.145523248380
    Eigs at center bond b=80: 0.5263 0.3755 0.0288 0.0287 0.0085 0.0072 0.0045 0.0045 0.0024 0.0023 
    Largest link dim during sweep 29/1000 was 244
    Largest truncation error: 8.806209970731934e-07
    Energy after sweep 29/1000 is -121.027945307114
    Sweep 29/1000 CPU time = 37.38s (Wall time = 37.48s)
    Energy change:-0.07167917253303813

    vN Entropy at center bond b=80 = 1.146765606818
    Eigs at center bond b=80: 0.5593 0.3412 0.0279 0.0270 0.0085 0.0071 0.0043 0.0042 0.0039 0.0027 
    Largest link dim during sweep 30/1000 was 225
    Largest truncation error: 8.895267187966885e-07
    Energy after sweep 30/1000 is -121.069220436036
    Sweep 30/1000 CPU time = 37.66s (Wall time = 37.76s)
    Energy change:-0.04127512892235075

    vN Entropy at center bond b=80 = 1.138373829414
    Eigs at center bond b=80: 0.6551 0.2258 0.0269 0.0252 0.0223 0.0124 0.0062 0.0061 0.0037 0.0036 
    Largest link dim during sweep 31/1000 was 217
    Largest truncation error: 9.104486104113441e-07
    Energy after sweep 31/1000 is -121.091106909480
    Sweep 31/1000 CPU time = 39.32s (Wall time = 39.41s)
    Energy change:-0.02188647344409844

    vN Entropy at center bond b=80 = 1.161870937588
    Eigs at center bond b=80: 0.6868 0.1636 0.0511 0.0253 0.0184 0.0163 0.0098 0.0091 0.0031 0.0030 
    Largest link dim during sweep 32/1000 was 246
    Largest truncation error: 8.908564800410727e-07
    Energy after sweep 32/1000 is -121.102917630356
    Sweep 32/1000 CPU time = 42.41s (Wall time = 42.52s)
    Energy change:-0.01181072087561574

    vN Entropy at center bond b=80 = 1.202775673209
    Eigs at center bond b=80: 0.6910 0.1291 0.0706 0.0293 0.0181 0.0156 0.0139 0.0110 0.0027 0.0026 
    Largest link dim during sweep 33/1000 was 266
    Largest truncation error: 8.709192373798221e-07
    Energy after sweep 33/1000 is -121.109717771059
    Sweep 33/1000 CPU time = 45.73s (Wall time = 45.85s)
    Energy change:-0.006800140702978297

    vN Entropy at center bond b=80 = 1.254333447715
    Eigs at center bond b=80: 0.6842 0.1077 0.0831 0.0353 0.0214 0.0186 0.0136 0.0120 0.0031 0.0030 
    Largest link dim during sweep 34/1000 was 282
    Largest truncation error: 8.309259967450697e-07
    Energy after sweep 34/1000 is -121.113766874665
    Sweep 34/1000 CPU time = 49.62s (Wall time = 49.75s)
    Energy change:-0.004049103605851201

    vN Entropy at center bond b=80 = 1.316586891682
    Eigs at center bond b=80: 0.6692 0.0927 0.0914 0.0419 0.0350 0.0185 0.0124 0.0121 0.0046 0.0036 
    Largest link dim during sweep 35/1000 was 293
    Largest truncation error: 8.88564390636079e-07
    Energy after sweep 35/1000 is -121.116341374149
    Sweep 35/1000 CPU time = 53.31s (Wall time = 53.44s)
    Energy change:-0.002574499484651938

    vN Entropy at center bond b=80 = 1.380280086325
    Eigs at center bond b=80: 0.6491 0.0970 0.0820 0.0534 0.0479 0.0181 0.0125 0.0109 0.0056 0.0039 
    Largest link dim during sweep 36/1000 was 297
    Largest truncation error: 9.08225579170236e-07
    Energy after sweep 36/1000 is -121.118027018655
    Sweep 36/1000 CPU time = 55.89s (Wall time = 56.03s)
    Energy change:-0.001685644506267181

    vN Entropy at center bond b=80 = 1.440071903721
    Eigs at center bond b=80: 0.6268 0.1006 0.0741 0.0739 0.0531 0.0177 0.0124 0.0100 0.0063 0.0041 
    Largest link dim during sweep 37/1000 was 301
    Largest truncation error: 9.359659864333213e-07
    Energy after sweep 37/1000 is -121.119142172086
    Sweep 37/1000 CPU time = 57.29s (Wall time = 57.44s)
    Energy change:-0.00111515343036217

    vN Entropy at center bond b=80 = 1.491165837993
    Eigs at center bond b=80: 0.6051 0.1025 0.0945 0.0678 0.0576 0.0172 0.0122 0.0093 0.0068 0.0042 
    Largest link dim during sweep 38/1000 was 301
    Largest truncation error: 7.876175997784242e-07
    Energy after sweep 38/1000 is -121.119939476716
    Sweep 38/1000 CPU time = 57.96s (Wall time = 58.11s)
    Energy change:-0.0007973046300833175

    vN Entropy at center bond b=80 = 1.533144429222
    Eigs at center bond b=80: 0.5851 0.1136 0.1035 0.0630 0.0613 0.0167 0.0120 0.0087 0.0070 0.0042 
    Largest link dim during sweep 39/1000 was 302
    Largest truncation error: 8.061253451844222e-07
    Energy after sweep 39/1000 is -121.120522251703
    Sweep 39/1000 CPU time = 58.14s (Wall time = 58.29s)
    Energy change:-0.0005827749872224786

    vN Entropy at center bond b=80 = 1.568094952094
    Eigs at center bond b=80: 0.5668 0.1312 0.1037 0.0645 0.0590 0.0162 0.0117 0.0082 0.0072 0.0042 
    Largest link dim during sweep 40/1000 was 300
    Largest truncation error: 8.082570589869574e-07
    Energy after sweep 40/1000 is -121.120982178411
    Sweep 40/1000 CPU time = 58.52s (Wall time = 58.67s)
    Energy change:-0.0004599267081886182

    vN Entropy at center bond b=80 = 1.596291994053
    Eigs at center bond b=80: 0.5506 0.1470 0.1037 0.0671 0.0558 0.0158 0.0115 0.0078 0.0074 0.0041 
    Largest link dim during sweep 41/1000 was 305
    Largest truncation error: 8.400891282448563e-07
    Energy after sweep 41/1000 is -121.121347885300
    Sweep 41/1000 CPU time = 59.22s (Wall time = 59.37s)
    Energy change:-0.0003657068886155912

    vN Entropy at center bond b=80 = 1.619682780377
    Eigs at center bond b=80: 0.5358 0.1613 0.1034 0.0693 0.0530 0.0154 0.0112 0.0074 0.0074 0.0045 
    Largest link dim during sweep 42/1000 was 304
    Largest truncation error: 8.294351255385036e-07
    Energy after sweep 42/1000 is -121.121640848950
    Sweep 42/1000 CPU time = 59.62s (Wall time = 59.77s)
    Energy change:-0.0002929636498549826

    vN Entropy at center bond b=80 = 1.639658211909
    Eigs at center bond b=80: 0.5222 0.1748 0.1030 0.0713 0.0506 0.0150 0.0110 0.0075 0.0071 0.0055 
    Largest link dim during sweep 43/1000 was 305
    Largest truncation error: 8.268049191813657e-07
    Energy after sweep 43/1000 is -121.121940541208
    Sweep 43/1000 CPU time = 59.91s (Wall time = 1m, 0.1s)
    Energy change:-0.0002996922579399097

    vN Entropy at center bond b=80 = 1.657788954365
    Eigs at center bond b=80: 0.5089 0.1878 0.1023 0.0731 0.0483 0.0146 0.0108 0.0075 0.0068 0.0065 
    Largest link dim during sweep 44/1000 was 309
    Largest truncation error: 8.254491811038048e-07
    Energy after sweep 44/1000 is -121.122193618503
    Sweep 44/1000 CPU time = 1m, 0.5s (Wall time = 1m, 0.7s)
    Energy change:-0.0002530772949711491

    vN Entropy at center bond b=80 = 1.673421045447
    Eigs at center bond b=80: 0.4965 0.2000 0.1017 0.0747 0.0464 0.0143 0.0105 0.0076 0.0076 0.0066 
    Largest link dim during sweep 45/1000 was 311
    Largest truncation error: 8.420475411695677e-07
    Energy after sweep 45/1000 is -121.122435823775
    Sweep 45/1000 CPU time = 1m, 0.6s (Wall time = 1m, 0.8s)
    Energy change:-0.000242205271845819

    vN Entropy at center bond b=80 = 1.686725674840
    Eigs at center bond b=80: 0.4850 0.2114 0.1010 0.0762 0.0446 0.0140 0.0103 0.0086 0.0076 0.0063 
    Largest link dim during sweep 46/1000 was 313
    Largest truncation error: 8.418960131657692e-07
    Energy after sweep 46/1000 is -121.122613009590
    Sweep 46/1000 CPU time = 1m, 0.4s (Wall time = 1m, 0.6s)
    Energy change:-0.0001771858149623995

    vN Entropy at center bond b=80 = 1.697651399101
    Eigs at center bond b=80: 0.4746 0.2216 0.1003 0.0775 0.0430 0.0137 0.0102 0.0095 0.0077 0.0061 
    Largest link dim during sweep 47/1000 was 312
    Largest truncation error: 8.412820944670777e-07
    Energy after sweep 47/1000 is -121.122770522607
    Sweep 47/1000 CPU time = 1m, 0.9s (Wall time = 1m, 1.1s)
    Energy change:-0.0001575130170436978

    vN Entropy at center bond b=80 = 1.706994062857
    Eigs at center bond b=80: 0.4651 0.2310 0.0996 0.0786 0.0416 0.0134 0.0105 0.0100 0.0077 0.0059 
    Largest link dim during sweep 48/1000 was 311
    Largest truncation error: 8.40693099536235e-07
    Energy after sweep 48/1000 is -121.122896266046
    Sweep 48/1000 CPU time = 1m, 1.4s (Wall time = 1m, 1.6s)
    Energy change:-0.0001257434392556434

    vN Entropy at center bond b=80 = 1.714930363034
    Eigs at center bond b=80: 0.4565 0.2395 0.0989 0.0795 0.0404 0.0132 0.0114 0.0098 0.0078 0.0058 
    Largest link dim during sweep 49/1000 was 311
    Largest truncation error: 8.39847210911723e-07
    Energy after sweep 49/1000 is -121.123009328408
    Sweep 49/1000 CPU time = 1m, 1.9s (Wall time = 1m, 2.1s)
    Energy change:-0.0001130623622458415

    vN Entropy at center bond b=80 = 1.721580920348
    Eigs at center bond b=80: 0.4489 0.2471 0.0983 0.0803 0.0393 0.0130 0.0122 0.0097 0.0078 0.0059 
    Largest link dim during sweep 50/1000 was 310
    Largest truncation error: 8.389045677233057e-07
    Energy after sweep 50/1000 is -121.123111982947
    Sweep 50/1000 CPU time = 1m, 2.0s (Wall time = 1m, 2.2s)
    Energy change:-0.0001026545392193157

    vN Entropy at center bond b=80 = 1.727383879535
    Eigs at center bond b=80: 0.4417 0.2543 0.0977 0.0811 0.0383 0.0130 0.0128 0.0096 0.0079 0.0060 
    Largest link dim during sweep 51/1000 was 310
    Largest truncation error: 8.382492663671719e-07
    Energy after sweep 51/1000 is -121.123232256924
    Sweep 51/1000 CPU time = 1m, 2.4s (Wall time = 1m, 2.6s)
    Energy change:-0.0001202739766910099

    vN Entropy at center bond b=80 = 1.732478619091
    Eigs at center bond b=80: 0.4350 0.2609 0.0971 0.0819 0.0373 0.0137 0.0126 0.0094 0.0080 0.0062 
    Largest link dim during sweep 52/1000 was 312
    Largest truncation error: 8.378370509467904e-07
    Energy after sweep 52/1000 is -121.123308663107
    Sweep 52/1000 CPU time = 1m, 2.7s (Wall time = 1m, 2.8s)
    Energy change:-7.640618314042058e-05

    vN Entropy at center bond b=80 = 1.736650841185
    Eigs at center bond b=80: 0.4292 0.2667 0.0965 0.0825 0.0365 0.0144 0.0124 0.0093 0.0081 0.0063 
    Largest link dim during sweep 53/1000 was 311
    Largest truncation error: 9.396920591899881e-07
    Energy after sweep 53/1000 is -121.123372317515
    Sweep 53/1000 CPU time = 1m, 2.9s (Wall time = 1m, 3.0s)
    Energy change:-6.365440742683859e-05

    vN Entropy at center bond b=80 = 1.740113095088
    Eigs at center bond b=80: 0.4239 0.2720 0.0961 0.0830 0.0358 0.0150 0.0123 0.0092 0.0082 0.0064 
    Largest link dim during sweep 54/1000 was 311
    Largest truncation error: 9.231356996499278e-07
    Energy after sweep 54/1000 is -121.123441718218
    Sweep 54/1000 CPU time = 1m, 3.0s (Wall time = 1m, 3.2s)
    Energy change:-6.940070380778707e-05

    vN Entropy at center bond b=80 = 1.743226240702
    Eigs at center bond b=80: 0.4188 0.2771 0.0956 0.0835 0.0352 0.0156 0.0121 0.0091 0.0082 0.0065 
    Largest link dim during sweep 55/1000 was 311
    Largest truncation error: 9.207002162851682e-07
    Energy after sweep 55/1000 is -121.123527305236
    Sweep 55/1000 CPU time = 1m, 3.3s (Wall time = 1m, 3.4s)
    Energy change:-8.558701738081709e-05

    vN Entropy at center bond b=80 = 1.746118603892
    Eigs at center bond b=80: 0.4140 0.2819 0.0950 0.0840 0.0346 0.0161 0.0120 0.0090 0.0083 0.0066 
    Largest link dim during sweep 56/1000 was 311
    Largest truncation error: 9.188308697961694e-07
    Energy after sweep 56/1000 is -121.123594690216
    Sweep 56/1000 CPU time = 1m, 3.7s (Wall time = 1m, 3.9s)
    Energy change:-6.738497995684156e-05

    vN Entropy at center bond b=80 = 1.748540378305
    Eigs at center bond b=80: 0.4098 0.2861 0.0946 0.0844 0.0340 0.0167 0.0119 0.0090 0.0084 0.0067 
    Largest link dim during sweep 57/1000 was 311
    Largest truncation error: 9.175165928309917e-07
    Energy after sweep 57/1000 is -121.123641013823
    Sweep 57/1000 CPU time = 1m, 3.9s (Wall time = 1m, 4.1s)
    Energy change:-4.632360700895788e-05

    vN Entropy at center bond b=80 = 1.750502597457
    Eigs at center bond b=80: 0.4061 0.2898 0.0942 0.0848 0.0335 0.0171 0.0118 0.0089 0.0085 0.0068 
    Largest link dim during sweep 58/1000 was 311
    Largest truncation error: 9.164543366390078e-07
    Energy after sweep 58/1000 is -121.123670222686
    Sweep 58/1000 CPU time = 1m, 4.0s (Wall time = 1m, 4.2s)
    Energy change:-2.920886376500675e-05

    vN Entropy at center bond b=80 = 1.752092125695
    Eigs at center bond b=80: 0.4029 0.2930 0.0939 0.0851 0.0331 0.0175 0.0117 0.0088 0.0085 0.0068 
    Largest link dim during sweep 59/1000 was 311
    Largest truncation error: 9.155359088379094e-07
    Energy after sweep 59/1000 is -121.123692778163
    Sweep 59/1000 CPU time = 1m, 4.3s (Wall time = 1m, 4.5s)
    Energy change:-2.255547703100547e-05

    vN Entropy at center bond b=80 = 1.753346113310
    Eigs at center bond b=80: 0.4002 0.2957 0.0936 0.0853 0.0328 0.0178 0.0116 0.0088 0.0086 0.0069 
    Largest link dim during sweep 60/1000 was 310
    Largest truncation error: 9.150503514337341e-07
    Energy after sweep 60/1000 is -121.123717743416
    Sweep 60/1000 CPU time = 1m, 4.3s (Wall time = 1m, 4.4s)
    Energy change:-2.496525249284787e-05

    vN Entropy at center bond b=80 = 1.754412738287
    Eigs at center bond b=80: 0.3978 0.2981 0.0933 0.0856 0.0325 0.0181 0.0115 0.0087 0.0087 0.0069 
    Largest link dim during sweep 61/1000 was 310
    Largest truncation error: 9.143045044610344e-07
    Energy after sweep 61/1000 is -121.123737363931
    Sweep 61/1000 CPU time = 1m, 4.5s (Wall time = 1m, 4.7s)
    Energy change:-1.962051499049267e-05

    vN Entropy at center bond b=80 = 1.755356269987
    Eigs at center bond b=80: 0.3956 0.3002 0.0931 0.0858 0.0322 0.0184 0.0115 0.0087 0.0087 0.0070 
    Largest link dim during sweep 62/1000 was 310
    Largest truncation error: 9.136040320927168e-07
    Energy after sweep 62/1000 is -121.123760829298
    Sweep 62/1000 CPU time = 1m, 4.9s (Wall time = 1m, 5.1s)
    Energy change:-2.346536726349768e-05

    vN Entropy at center bond b=80 = 1.756274205249
    Eigs at center bond b=80: 0.3936 0.3022 0.0929 0.0860 0.0319 0.0187 0.0114 0.0088 0.0086 0.0070 
    Largest link dim during sweep 63/1000 was 310
    Largest truncation error: 9.127596799445625e-07
    Energy after sweep 63/1000 is -121.123784356936
    Sweep 63/1000 CPU time = 1m, 5.0s (Wall time = 1m, 5.2s)
    Energy change:-2.35276375661897e-05

    vN Entropy at center bond b=80 = 1.757042570903
    Eigs at center bond b=80: 0.3917 0.3041 0.0927 0.0862 0.0317 0.0189 0.0114 0.0088 0.0086 0.0070 
    Largest link dim during sweep 64/1000 was 310
    Largest truncation error: 9.115306047574159e-07
    Energy after sweep 64/1000 is -121.123803293350
    Sweep 64/1000 CPU time = 1m, 5.1s (Wall time = 1m, 5.3s)
    Energy change:-1.893641470473995e-05

    vN Entropy at center bond b=80 = 1.757814951625
    Eigs at center bond b=80: 0.3900 0.3058 0.0926 0.0863 0.0314 0.0192 0.0113 0.0089 0.0086 0.0071 
    Largest link dim during sweep 65/1000 was 310
    Largest truncation error: 9.098458344983544e-07
    Energy after sweep 65/1000 is -121.123814933748
    Sweep 65/1000 CPU time = 1m, 5.2s (Wall time = 1m, 5.4s)
    Energy change:-1.164039728962507e-05

    vN Entropy at center bond b=80 = 1.758463963315
    Eigs at center bond b=80: 0.3884 0.3073 0.0924 0.0864 0.0312 0.0194 0.0113 0.0089 0.0085 0.0071 
    Largest link dim during sweep 66/1000 was 310
    Largest truncation error: 9.075178993354548e-07
    Energy after sweep 66/1000 is -121.123831991397
    Sweep 66/1000 CPU time = 1m, 5.2s (Wall time = 1m, 5.4s)
    Energy change:-1.7057649159824e-05

    vN Entropy at center bond b=80 = 1.758975484076
    Eigs at center bond b=80: 0.3871 0.3087 0.0922 0.0866 0.0310 0.0196 0.0112 0.0089 0.0085 0.0071 
    Largest link dim during sweep 67/1000 was 310
    Largest truncation error: 9.087409552156894e-07
    Energy after sweep 67/1000 is -121.123842130455
    Sweep 67/1000 CPU time = 1m, 5.1s (Wall time = 1m, 5.3s)
    Energy change:-1.01390579203553e-05

    vN Entropy at center bond b=80 = 1.759403554043
    Eigs at center bond b=80: 0.3858 0.3099 0.0921 0.0867 0.0309 0.0198 0.0112 0.0090 0.0085 0.0071 
    Largest link dim during sweep 68/1000 was 310
    Largest truncation error: 9.087007672209596e-07
    Energy after sweep 68/1000 is -121.123853404009
    Sweep 68/1000 CPU time = 1m, 5.3s (Wall time = 1m, 5.4s)
    Energy change:-1.127355407959385e-05

    vN Entropy at center bond b=80 = 1.759806715922
    Eigs at center bond b=80: 0.3848 0.3110 0.0920 0.0868 0.0308 0.0199 0.0112 0.0090 0.0085 0.0072 
    Largest link dim during sweep 69/1000 was 310
    Largest truncation error: 9.085286000556436e-07
    Energy after sweep 69/1000 is -121.123858344442
    Sweep 69/1000 CPU time = 1m, 4.7s (Wall time = 1m, 4.8s)
    Energy change:-4.940433058209237e-06

    Energy has converged -> stop the DMRG.
Final energy=0
Time=7655 sec
Nup =14 Ndown = 13L = 40 W = 4
