1_Dn 5_Up 9_Dn 13_Up 17_Dn 21_Up 25_Dn 29_Up 33_Dn 37_Up 41_Dn 45_Up 49_Dn 2_Up 6_Dn 10_Up 14_Dn 18_Up 22_Dn 26_Up 30_Dn 34_Up 38_Dn 42_Up 46_Dn 50_Up 3_Dn 7_Up 11_Dn 15_Up 19_Dn 23_Up 27_Dn 31_Up 35_Dn 39_Up 43_Dn 47_Up 4_Up 8_Dn 12_Up 16_Dn 20_Up 24_Dn 28_Up 32_Dn 36_Up 40_Dn 44_Up 48_Dn 51_Up Initial energy=0
    vN Entropy at center bond b=80 = -0.000000000000
    Eigs at center bond b=80: 1.0000 
    Largest link dim during sweep 1/1000 was 10
    Largest truncation error: 0.0003108793072677762
    Energy after sweep 1/1000 is -193.492003310243
    Sweep 1/1000 CPU time = 0.492s (Wall time = 0.500s)
    Energy change:-193.4920033102429

    vN Entropy at center bond b=80 = -0.000000000000
    Eigs at center bond b=80: 1.0000 
    Largest link dim during sweep 2/1000 was 20
    Largest truncation error: 0.003649484407423539
    Energy after sweep 2/1000 is -198.429457733956
    Sweep 2/1000 CPU time = 1.892s (Wall time = 1.905s)
    Energy change:-4.937454423712808

    vN Entropy at center bond b=80 = 0.249271115873
    Eigs at center bond b=80: 0.9317 0.0683 
    Largest link dim during sweep 3/1000 was 50
    Largest truncation error: 0.001359832097468131
    Energy after sweep 3/1000 is -203.227071877951
    Sweep 3/1000 CPU time = 3.936s (Wall time = 4.241s)
    Energy change:-4.797614143995787

    vN Entropy at center bond b=80 = 0.693082281255
    Eigs at center bond b=80: 0.5057 0.4943 
    Largest link dim during sweep 4/1000 was 100
    Largest truncation error: 0.000914808459995043
    Energy after sweep 4/1000 is -206.225786866425
    Sweep 4/1000 CPU time = 7.274s (Wall time = 7.945s)
    Energy change:-2.998714988473864

    vN Entropy at center bond b=80 = 0.485538438200
    Eigs at center bond b=80: 0.8105 0.1895 
    Largest link dim during sweep 5/1000 was 200
    Largest truncation error: 0.0002493125790075088
    Energy after sweep 5/1000 is -208.154052752855
    Sweep 5/1000 CPU time = 17.11s (Wall time = 18.79s)
    Energy change:-1.928265886430012

    vN Entropy at center bond b=80 = 0.196182619891
    Eigs at center bond b=80: 0.9530 0.0459 
    Largest link dim during sweep 6/1000 was 400
    Largest truncation error: 7.521286277297199e-05
    Energy after sweep 6/1000 is -209.583195737863
    Sweep 6/1000 CPU time = 1m, 4.9s (Wall time = 1m, 8.9s)
    Energy change:-1.429142985007218

    vN Entropy at center bond b=80 = 0.340310344605
    Eigs at center bond b=80: 0.9320 0.0344 0.0124 0.0110 0.0082 
    Largest link dim during sweep 7/1000 was 1000
    Largest truncation error: 1.715301367070548e-05
    Energy after sweep 7/1000 is -210.715977528576
    Sweep 7/1000 CPU time = 8m, 25.9s (Wall time = 8m, 41.1s)
    Energy change:-1.132781790713267

    vN Entropy at center bond b=80 = 0.995227025431
    Eigs at center bond b=80: 0.4973 0.4269 0.0346 0.0323 0.0032 0.0031 
    Largest link dim during sweep 8/1000 was 1800
    Largest truncation error: 3.760548369815144e-06
    Energy after sweep 8/1000 is -211.652649617818
    Sweep 8/1000 CPU time = 36m, 20s (Wall time = 37m, 10s)
    Energy change:-0.9366720892419664

    vN Entropy at center bond b=80 = 0.666006994633
    Eigs at center bond b=80: 0.8404 0.0991 0.0173 0.0165 0.0057 0.0057 0.0043 0.0043 0.0020 0.0019 
    Largest link dim during sweep 9/1000 was 1800
    Largest truncation error: 5.094391771732062e-06
    Energy after sweep 9/1000 is -212.441707665261
    Sweep 9/1000 CPU time = 49m, 37s (Wall time = 50m, 39s)
    Energy change:-0.7890580474428646

    vN Entropy at center bond b=80 = 0.814484806677
    Eigs at center bond b=80: 0.7845 0.1362 0.0241 0.0239 0.0102 0.0060 0.0033 0.0031 0.0028 0.0028 
    Largest link dim during sweep 10/1000 was 1800
    Largest truncation error: 4.504971038481976e-06
    Energy after sweep 10/1000 is -213.215794183838
    Sweep 10/1000 CPU time = 48m, 13s (Wall time = 49m, 13s)
    Energy change:-0.7740865185771497

    vN Entropy at center bond b=80 = 0.964754546142
    Eigs at center bond b=80: 0.6139 0.3093 0.0323 0.0321 0.0038 0.0038 
    Largest link dim during sweep 11/1000 was 1800
    Largest truncation error: 4.478703792394976e-06
    Energy after sweep 11/1000 is -214.085405532496
    Sweep 11/1000 CPU time = 45m, 15s (Wall time = 46m, 9s)
    Energy change:-0.8696113486577417

    vN Entropy at center bond b=80 = 0.698521396006
    Eigs at center bond b=80: 0.8562 0.0419 0.0404 0.0129 0.0129 0.0096 0.0096 0.0067 0.0019 0.0019 
    Largest link dim during sweep 12/1000 was 1800
    Largest truncation error: 1.248677712042152e-05
    Energy after sweep 12/1000 is -214.751128578472
    Sweep 12/1000 CPU time = 41m, 27s (Wall time = 42m, 19s)
    Energy change:-0.6657230459764492

    vN Entropy at center bond b=80 = 1.067802972106
    Eigs at center bond b=80: 0.5156 0.3957 0.0340 0.0340 0.0046 0.0046 0.0028 0.0022 
    Largest link dim during sweep 13/1000 was 1800
    Largest truncation error: 5.929593982208497e-06
    Energy after sweep 13/1000 is -215.365402792811
    Sweep 13/1000 CPU time = 38m, 23s (Wall time = 39m, 8s)
    Energy change:-0.6142742143389057

    vN Entropy at center bond b=80 = 0.886408150598
    Eigs at center bond b=80: 0.7757 0.1330 0.0205 0.0205 0.0156 0.0075 0.0064 0.0064 0.0034 0.0034 
    Largest link dim during sweep 14/1000 was 1800
    Largest truncation error: 4.564541443628012e-06
    Energy after sweep 14/1000 is -215.954226079900
    Sweep 14/1000 CPU time = 36m, 39s (Wall time = 37m, 23s)
    Energy change:-0.5888232870892409

    vN Entropy at center bond b=80 = 1.000253412600
    Eigs at center bond b=80: 0.7200 0.1767 0.0254 0.0254 0.0180 0.0070 0.0050 0.0050 0.0045 0.0045 
    Largest link dim during sweep 15/1000 was 1800
    Largest truncation error: 2.66936626932965e-06
    Energy after sweep 15/1000 is -216.511145866121
    Sweep 15/1000 CPU time = 35m, 38s (Wall time = 36m, 20s)
    Energy change:-0.556919786220476

    vN Entropy at center bond b=80 = 1.117163248660
    Eigs at center bond b=80: 0.5277 0.3781 0.0315 0.0315 0.0058 0.0058 0.0024 0.0020 0.0019 0.0018 
    Largest link dim during sweep 16/1000 was 1800
    Largest truncation error: 7.327554692495759e-06
    Energy after sweep 16/1000 is -217.322457873730
    Sweep 16/1000 CPU time = 36m, 51s (Wall time = 37m, 35s)
    Energy change:-0.811312007609132

    vN Entropy at center bond b=80 = 0.989258863601
    Eigs at center bond b=80: 0.7705 0.0909 0.0521 0.0156 0.0156 0.0122 0.0122 0.0090 0.0046 0.0034 
    Largest link dim during sweep 17/1000 was 1800
    Largest truncation error: 9.177539183906933e-06
    Energy after sweep 17/1000 is -217.928491039546
    Sweep 17/1000 CPU time = 44m, 54s (Wall time = 45m, 47s)
    Energy change:-0.6060331658158873

    vN Entropy at center bond b=80 = 1.106600812663
    Eigs at center bond b=80: 0.6325 0.2630 0.0281 0.0281 0.0126 0.0063 0.0056 0.0056 0.0037 0.0037 
    Largest link dim during sweep 18/1000 was 1800
    Largest truncation error: 6.977661659962695e-06
    Energy after sweep 18/1000 is -218.403673039763
    Sweep 18/1000 CPU time = 42m, 32s (Wall time = 43m, 20s)
    Energy change:-0.4751820002177567

    vN Entropy at center bond b=80 = 1.117684451467
    Eigs at center bond b=80: 0.5722 0.3315 0.0297 0.0297 0.0057 0.0057 0.0041 0.0037 0.0023 0.0023 
    Largest link dim during sweep 19/1000 was 1800
    Largest truncation error: 5.995108527530095e-06
    Energy after sweep 19/1000 is -218.835948497098
    Sweep 19/1000 CPU time = 40m, 55s (Wall time = 41m, 40s)
    Energy change:-0.4322754573350664

    vN Entropy at center bond b=80 = 1.013034067369
    Eigs at center bond b=80: 0.7591 0.1023 0.0513 0.0164 0.0164 0.0117 0.0117 0.0103 0.0039 0.0035 
    Largest link dim during sweep 20/1000 was 1800
    Largest truncation error: 6.629096473476901e-06
    Energy after sweep 20/1000 is -219.318084514296
    Sweep 20/1000 CPU time = 37m, 5s (Wall time = 37m, 44s)
    Energy change:-0.4821360171976323

    vN Entropy at center bond b=80 = 1.135657600840
    Eigs at center bond b=80: 0.6243 0.2657 0.0277 0.0277 0.0155 0.0066 0.0060 0.0060 0.0043 0.0043 
    Largest link dim during sweep 21/1000 was 1800
    Largest truncation error: 2.280187016026719e-06
    Energy after sweep 21/1000 is -219.814107593204
    Sweep 21/1000 CPU time = 36m, 60s (Wall time = 37m, 40s)
    Energy change:-0.4960230789075126

    vN Entropy at center bond b=80 = 1.151608446673
    Eigs at center bond b=80: 0.5782 0.3193 0.0285 0.0285 0.0064 0.0064 0.0061 0.0041 0.0034 0.0029 
    Largest link dim during sweep 22/1000 was 1800
    Largest truncation error: 1.900605317558462e-06
    Energy after sweep 22/1000 is -220.189634054850
    Sweep 22/1000 CPU time = 33m, 42s (Wall time = 34m, 19s)
    Energy change:-0.375526461646416

    vN Entropy at center bond b=80 = 1.094745969421
    Eigs at center bond b=80: 0.7309 0.1206 0.0538 0.0176 0.0176 0.0115 0.0115 0.0094 0.0058 0.0043 
    Largest link dim during sweep 23/1000 was 1800
    Largest truncation error: 1.878328688080791e-06
    Energy after sweep 23/1000 is -220.501932323827
    Sweep 23/1000 CPU time = 28m, 52s (Wall time = 29m, 25s)
    Energy change:-0.3122982689771163

    vN Entropy at center bond b=80 = 1.154967101334
    Eigs at center bond b=80: 0.6742 0.1938 0.0349 0.0231 0.0231 0.0090 0.0075 0.0075 0.0055 0.0055 
    Largest link dim during sweep 24/1000 was 1800
    Largest truncation error: 3.690923795422769e-06
    Energy after sweep 24/1000 is -220.760858577873
    Sweep 24/1000 CPU time = 24m, 46s (Wall time = 25m, 8s)
    Energy change:-0.2589262540460595

    vN Entropy at center bond b=80 = 1.211874544883
    Eigs at center bond b=80: 0.4705 0.4228 0.0290 0.0289 0.0065 0.0065 0.0055 0.0040 0.0039 0.0033 
    Largest link dim during sweep 25/1000 was 1800
    Largest truncation error: 2.545327031777342e-06
    Energy after sweep 25/1000 is -221.067605185651
    Sweep 25/1000 CPU time = 21m, 34s (Wall time = 21m, 51s)
    Energy change:-0.3067466077775123

    vN Entropy at center bond b=80 = 1.171207316217
    Eigs at center bond b=80: 0.6896 0.1658 0.0447 0.0200 0.0199 0.0099 0.0099 0.0093 0.0064 0.0054 
    Largest link dim during sweep 26/1000 was 1800
    Largest truncation error: 1.266536878711987e-06
    Energy after sweep 26/1000 is -221.538735467734
    Sweep 26/1000 CPU time = 25m, 2s (Wall time = 25m, 25s)
    Energy change:-0.4711302820828678

    vN Entropy at center bond b=80 = 1.243285222750
    Eigs at center bond b=80: 0.6310 0.2262 0.0378 0.0238 0.0238 0.0085 0.0075 0.0075 0.0068 0.0066 
    Largest link dim during sweep 27/1000 was 1800
    Largest truncation error: 7.639867131715001e-07
    Energy after sweep 27/1000 is -221.880800983537
    Sweep 27/1000 CPU time = 31m, 23s (Wall time = 32m, 1s)
    Energy change:-0.3420655158031138

    vN Entropy at center bond b=80 = 1.300042000374
    Eigs at center bond b=80: 0.4979 0.3780 0.0269 0.0268 0.0106 0.0080 0.0080 0.0062 0.0050 0.0045 
    Largest link dim during sweep 28/1000 was 1800
    Largest truncation error: 8.947617195326868e-07
    Energy after sweep 28/1000 is -222.141229127010
    Sweep 28/1000 CPU time = 26m, 18s (Wall time = 26m, 48s)
    Energy change:-0.2604281434733196

    vN Entropy at center bond b=80 = 1.292112764138
    Eigs at center bond b=80: 0.6535 0.1714 0.0638 0.0193 0.0192 0.0113 0.0113 0.0092 0.0091 0.0063 
    Largest link dim during sweep 29/1000 was 1522
    Largest truncation error: 8.487025732100436e-07
    Energy after sweep 29/1000 is -222.319537888113
    Sweep 29/1000 CPU time = 20m, 4s (Wall time = 20m, 27s)
    Energy change:-0.1783087611032954

    vN Entropy at center bond b=80 = 1.334949895953
    Eigs at center bond b=80: 0.6247 0.1986 0.0631 0.0210 0.0209 0.0101 0.0100 0.0095 0.0090 0.0068 
    Largest link dim during sweep 30/1000 was 1236
    Largest truncation error: 8.139843537928191e-07
    Energy after sweep 30/1000 is -222.467209550419
    Sweep 30/1000 CPU time = 14m, 35s (Wall time = 14m, 46s)
    Energy change:-0.1476716623058678

    vN Entropy at center bond b=80 = 1.365283417080
    Eigs at center bond b=80: 0.5017 0.3576 0.0255 0.0254 0.0231 0.0083 0.0083 0.0067 0.0064 0.0049 
    Largest link dim during sweep 31/1000 was 1191
    Largest truncation error: 8.820650459253218e-07
    Energy after sweep 31/1000 is -222.601565568187
    Sweep 31/1000 CPU time = 13m, 13s (Wall time = 13m, 18s)
    Energy change:-0.1343560177676579

    vN Entropy at center bond b=80 = 1.381247873393
    Eigs at center bond b=80: 0.5206 0.3347 0.0245 0.0244 0.0227 0.0084 0.0084 0.0070 0.0069 0.0063 
    Largest link dim during sweep 32/1000 was 1141
    Largest truncation error: 6.669935156786435e-07
    Energy after sweep 32/1000 is -222.731327553542
    Sweep 32/1000 CPU time = 12m, 19s (Wall time = 12m, 22s)
    Energy change:-0.1297619853555716

    vN Entropy at center bond b=80 = 1.392181433280
    Eigs at center bond b=80: 0.6137 0.1947 0.0716 0.0193 0.0192 0.0112 0.0112 0.0100 0.0096 0.0070 
    Largest link dim during sweep 33/1000 was 1098
    Largest truncation error: 6.977920189246362e-07
    Energy after sweep 33/1000 is -222.853651488116
    Sweep 33/1000 CPU time = 11m, 48s (Wall time = 11m, 51s)
    Energy change:-0.1223239345731315

    vN Entropy at center bond b=80 = 1.417571483565
    Eigs at center bond b=80: 0.6124 0.1729 0.0932 0.0185 0.0185 0.0124 0.0123 0.0106 0.0104 0.0067 
    Largest link dim during sweep 34/1000 was 1657
    Largest truncation error: 7.39138990778456e-07
    Energy after sweep 34/1000 is -222.982429685313
    Sweep 34/1000 CPU time = 12m, 44s (Wall time = 12m, 48s)
    Energy change:-0.1287781971973914

    vN Entropy at center bond b=80 = 1.452425914963
    Eigs at center bond b=80: 0.4944 0.3449 0.0321 0.0239 0.0239 0.0091 0.0090 0.0081 0.0077 0.0063 
    Largest link dim during sweep 35/1000 was 1320
    Largest truncation error: 7.637897250048529e-07
    Energy after sweep 35/1000 is -223.108389553819
    Sweep 35/1000 CPU time = 15m, 33s (Wall time = 15m, 40s)
    Energy change:-0.1259598685060439

    vN Entropy at center bond b=80 = 1.468334991730
    Eigs at center bond b=80: 0.4976 0.3401 0.0276 0.0235 0.0234 0.0104 0.0093 0.0092 0.0084 0.0066 
    Largest link dim during sweep 36/1000 was 1080
    Largest truncation error: 6.896720949815654e-07
    Energy after sweep 36/1000 is -223.205545290771
    Sweep 36/1000 CPU time = 13m, 47s (Wall time = 13m, 52s)
    Energy change:-0.09715573695174839

    vN Entropy at center bond b=80 = 1.480819855452
    Eigs at center bond b=80: 0.5865 0.2020 0.0813 0.0189 0.0188 0.0116 0.0116 0.0116 0.0098 0.0078 
    Largest link dim during sweep 37/1000 was 976
    Largest truncation error: 7.126948825891583e-07
    Energy after sweep 37/1000 is -223.292690898495
    Sweep 37/1000 CPU time = 13m, 24s (Wall time = 13m, 27s)
    Energy change:-0.08714560772423852

    vN Entropy at center bond b=80 = 1.505228208235
    Eigs at center bond b=80: 0.5865 0.1748 0.1072 0.0179 0.0177 0.0130 0.0128 0.0121 0.0106 0.0073 
    Largest link dim during sweep 38/1000 was 971
    Largest truncation error: 7.226305356514184e-07
    Energy after sweep 38/1000 is -223.368946855499
    Sweep 38/1000 CPU time = 13m, 58s (Wall time = 14m, 0s)
    Energy change:-0.07625595700361032

    vN Entropy at center bond b=80 = 1.525583842204
    Eigs at center bond b=80: 0.5023 0.3148 0.0454 0.0231 0.0224 0.0098 0.0093 0.0093 0.0088 0.0073 
    Largest link dim during sweep 39/1000 was 1613
    Largest truncation error: 7.105430924544515e-07
    Energy after sweep 39/1000 is -223.464488698806
    Sweep 39/1000 CPU time = 18m, 44s (Wall time = 19m, 1s)
    Energy change:-0.0955418433075863

    vN Entropy at center bond b=80 = 1.545959287760
    Eigs at center bond b=80: 0.4628 0.3603 0.0277 0.0243 0.0228 0.0159 0.0098 0.0097 0.0087 0.0068 
    Largest link dim during sweep 40/1000 was 1203
    Largest truncation error: 7.254851461715817e-07
    Energy after sweep 40/1000 is -223.569737171064
    Sweep 40/1000 CPU time = 22m, 58s (Wall time = 23m, 29s)
    Energy change:-0.1052484722573581

    vN Entropy at center bond b=80 = 1.560337274209
    Eigs at center bond b=80: 0.5712 0.1895 0.0980 0.0198 0.0176 0.0133 0.0128 0.0125 0.0101 0.0081 
    Largest link dim during sweep 41/1000 was 1265
    Largest truncation error: 7.267892331581742e-07
    Energy after sweep 41/1000 is -223.636331883125
    Sweep 41/1000 CPU time = 27m, 20s (Wall time = 27m, 59s)
    Energy change:-0.06659471206168632

    vN Entropy at center bond b=80 = 1.588734276834
    Eigs at center bond b=80: 0.5566 0.2028 0.0965 0.0190 0.0183 0.0144 0.0134 0.0117 0.0105 0.0088 
    Largest link dim during sweep 42/1000 was 1319
    Largest truncation error: 6.999815889303936e-07
    Energy after sweep 42/1000 is -223.679274921586
    Sweep 42/1000 CPU time = 30m, 11s (Wall time = 30m, 52s)
    Energy change:-0.04294303846074854

    vN Entropy at center bond b=80 = 1.626272415928
    Eigs at center bond b=80: 0.4782 0.3193 0.0482 0.0226 0.0212 0.0112 0.0108 0.0102 0.0102 0.0092 
    Largest link dim during sweep 43/1000 was 1402
    Largest truncation error: 7.122237660098078e-07
    Energy after sweep 43/1000 is -223.708275474683
    Sweep 43/1000 CPU time = 34m, 33s (Wall time = 35m, 29s)
    Energy change:-0.02900055309692107

    vN Entropy at center bond b=80 = 1.670925012130
    Eigs at center bond b=80: 0.4140 0.3849 0.0254 0.0251 0.0233 0.0212 0.0116 0.0106 0.0090 0.0085 
    Largest link dim during sweep 44/1000 was 1475
    Largest truncation error: 6.658562489874086e-07
    Energy after sweep 44/1000 is -223.727403411571
    Sweep 44/1000 CPU time = 39m, 30s (Wall time = 40m, 27s)
    Energy change:-0.01912793688859438

    vN Entropy at center bond b=80 = 1.722909636293
    Eigs at center bond b=80: 0.4756 0.2997 0.0523 0.0221 0.0195 0.0138 0.0117 0.0116 0.0115 0.0100 
    Largest link dim during sweep 45/1000 was 1620
    Largest truncation error: 7.136389968932208e-07
    Energy after sweep 45/1000 is -223.739495192956
    Sweep 45/1000 CPU time = 45m, 15s (Wall time = 46m, 20s)
    Energy change:-0.01209178138412881

    vN Entropy at center bond b=80 = 1.779773220220
    Eigs at center bond b=80: 0.5018 0.2368 0.0836 0.0204 0.0186 0.0173 0.0133 0.0112 0.0111 0.0103 
    Largest link dim during sweep 46/1000 was 1654
    Largest truncation error: 6.624700419684886e-07
    Energy after sweep 46/1000 is -223.746976898486
    Sweep 46/1000 CPU time = 50m, 45s (Wall time = 51m, 54s)
    Energy change:-0.007481705530381078

    vN Entropy at center bond b=80 = 1.870708457022
    Eigs at center bond b=80: 0.5004 0.1822 0.1213 0.0327 0.0187 0.0145 0.0139 0.0128 0.0124 0.0103 
    Largest link dim during sweep 47/1000 was 1800
    Largest truncation error: 6.917176419893026e-07
    Energy after sweep 47/1000 is -223.752612017296
    Sweep 47/1000 CPU time = 1h, 2m, 15s (Wall time = 1h, 3m, 32s)
    Energy change:-0.005635118809806272

    vN Entropy at center bond b=80 = 1.948207707780
    Eigs at center bond b=80: 0.4854 0.1510 0.1446 0.0493 0.0187 0.0139 0.0133 0.0133 0.0126 0.0111 
    Largest link dim during sweep 48/1000 was 1800
    Largest truncation error: 6.600054955449599e-07
    Energy after sweep 48/1000 is -223.755700192619
    Sweep 48/1000 CPU time = 1h, 10m, 16s (Wall time = 1h, 11m, 45s)
    Energy change:-0.00308817532280159

    vN Entropy at center bond b=80 = 2.023207650290
    Eigs at center bond b=80: 0.4648 0.1588 0.1292 0.0697 0.0220 0.0136 0.0135 0.0133 0.0124 0.0111 
    Largest link dim during sweep 49/1000 was 1800
    Largest truncation error: 6.635375699109634e-07
    Energy after sweep 49/1000 is -223.757858481412
    Sweep 49/1000 CPU time = 1h, 16m, 49s (Wall time = 1h, 18m, 24s)
    Energy change:-0.002158288793140173

    vN Entropy at center bond b=80 = 2.093167369017
    Eigs at center bond b=80: 0.4421 0.1654 0.1131 0.0925 0.0281 0.0134 0.0132 0.0129 0.0122 0.0099 
    Largest link dim during sweep 50/1000 was 1800
    Largest truncation error: 6.695182460153706e-07
    Energy after sweep 50/1000 is -223.759300436262
    Sweep 50/1000 CPU time = 1h, 23m, 18s (Wall time = 1h, 25m, 1s)
    Energy change:-0.001441954849923377

    vN Entropy at center bond b=80 = 2.150678178954
    Eigs at center bond b=80: 0.4209 0.1669 0.1144 0.1014 0.0346 0.0130 0.0128 0.0125 0.0117 0.0089 
    Largest link dim during sweep 51/1000 was 1800
    Largest truncation error: 6.902323191975286e-07
    Energy after sweep 51/1000 is -223.760275852623
    Sweep 51/1000 CPU time = 1h, 25m, 0s (Wall time = 1h, 26m, 47s)
    Energy change:-0.0009754163616264577

    vN Entropy at center bond b=80 = 2.198429905821
    Eigs at center bond b=80: 0.4009 0.1654 0.1353 0.0922 0.0414 0.0125 0.0124 0.0120 0.0111 0.0085 
    Largest link dim during sweep 52/1000 was 1800
    Largest truncation error: 6.955456463581947e-07
    Energy after sweep 52/1000 is -223.761019591590
    Sweep 52/1000 CPU time = 1h, 25m, 55s (Wall time = 1h, 27m, 42s)
    Energy change:-0.0007437389670030825

    vN Entropy at center bond b=80 = 2.237175402146
    Eigs at center bond b=80: 0.3824 0.1623 0.1549 0.0846 0.0479 0.0120 0.0120 0.0116 0.0106 0.0101 
    Largest link dim during sweep 53/1000 was 1800
    Largest truncation error: 6.985109759343536e-07
    Energy after sweep 53/1000 is -223.761593909198
    Sweep 53/1000 CPU time = 1h, 26m, 50s (Wall time = 1h, 28m, 39s)
    Energy change:-0.0005743176074020084

    vN Entropy at center bond b=80 = 2.267612097337
    Eigs at center bond b=80: 0.3656 0.1724 0.1585 0.0785 0.0540 0.0130 0.0117 0.0116 0.0111 0.0101 
    Largest link dim during sweep 54/1000 was 1800
    Largest truncation error: 7.007871069556221e-07
    Energy after sweep 54/1000 is -223.762042732735
    Sweep 54/1000 CPU time = 1h, 27m, 10s (Wall time = 1h, 29m, 0s)
    Energy change:-0.0004488235369706217

    vN Entropy at center bond b=80 = 2.291465121618
    Eigs at center bond b=80: 0.3504 0.1882 0.1545 0.0733 0.0596 0.0158 0.0114 0.0111 0.0107 0.0097 
    Largest link dim during sweep 55/1000 was 1800
    Largest truncation error: 7.017557609395003e-07
    Energy after sweep 55/1000 is -223.762405877149
    Sweep 55/1000 CPU time = 1h, 27m, 15s (Wall time = 1h, 29m, 7s)
    Energy change:-0.0003631444145639762

    vN Entropy at center bond b=80 = 2.310196394120
    Eigs at center bond b=80: 0.3366 0.2025 0.1504 0.0689 0.0648 0.0186 0.0112 0.0107 0.0103 0.0093 
    Largest link dim during sweep 56/1000 was 1800
    Largest truncation error: 7.009808447779769e-07
    Energy after sweep 56/1000 is -223.762710627078
    Sweep 56/1000 CPU time = 1h, 27m, 17s (Wall time = 1h, 29m, 6s)
    Energy change:-0.0003047499289436928

    vN Entropy at center bond b=80 = 2.324788839301
    Eigs at center bond b=80: 0.3240 0.2155 0.1464 0.0695 0.0651 0.0212 0.0109 0.0103 0.0100 0.0090 
    Largest link dim during sweep 57/1000 was 1800
    Largest truncation error: 7.027855104069147e-07
    Energy after sweep 57/1000 is -223.762960471947
    Sweep 57/1000 CPU time = 1h, 27m, 25s (Wall time = 1h, 29m, 15s)
    Energy change:-0.0002498448690460009

    vN Entropy at center bond b=80 = 2.335938195583
    Eigs at center bond b=80: 0.3126 0.2272 0.1426 0.0738 0.0618 0.0237 0.0107 0.0100 0.0097 0.0087 
    Largest link dim during sweep 58/1000 was 1800
    Largest truncation error: 7.039042948094235e-07
    Energy after sweep 58/1000 is -223.763165575185
    Sweep 58/1000 CPU time = 1h, 27m, 42s (Wall time = 1h, 29m, 30s)
    Energy change:-0.0002051032375049999
