1_Dn 5_Up 9_Dn 13_Up 17_Dn 21_Up 25_Dn 29_Up 33_Dn 37_Up 41_Dn 2_Up 6_Dn 10_Up 14_Dn 18_Up 22_Dn 26_Up 30_Dn 34_Up 38_Dn 42_Up 3_Dn 7_Up 11_Dn 15_Up 19_Dn 23_Up 27_Dn 31_Up 35_Dn 39_Up 4_Up 8_Dn 12_Up 16_Dn 20_Up 24_Dn 28_Up 32_Dn 36_Up 40_Dn 43_Up Initial energy=0
    vN Entropy at center bond b=80 = -0.000000000000
    Eigs at center bond b=80: 1.0000 
    Largest link dim during sweep 1/1000 was 10
    Largest truncation error: 0.0003444603350491304
    Energy after sweep 1/1000 is -164.105804391707
    Sweep 1/1000 CPU time = 0.436s (Wall time = 0.441s)
    Energy change:-164.1058043917075

    vN Entropy at center bond b=80 = -0.000000000000
    Eigs at center bond b=80: 1.0000 
    Largest link dim during sweep 2/1000 was 20
    Largest truncation error: 0.003650290378092121
    Energy after sweep 2/1000 is -167.715555741673
    Sweep 2/1000 CPU time = 1.649s (Wall time = 1.660s)
    Energy change:-3.609751349965762

    vN Entropy at center bond b=80 = 0.109635622495
    Eigs at center bond b=80: 0.9770 0.0230 
    Largest link dim during sweep 3/1000 was 50
    Largest truncation error: 0.001399547118935613
    Energy after sweep 3/1000 is -172.036768763742
    Sweep 3/1000 CPU time = 3.501s (Wall time = 3.780s)
    Energy change:-4.32121302206869

    vN Entropy at center bond b=80 = 0.597196376781
    Eigs at center bond b=80: 0.7155 0.2845 
    Largest link dim during sweep 4/1000 was 100
    Largest truncation error: 0.0005316988646598372
    Energy after sweep 4/1000 is -174.744466615735
    Sweep 4/1000 CPU time = 6.646s (Wall time = 7.283s)
    Energy change:-2.707697851993544

    vN Entropy at center bond b=80 = 0.646714724974
    Eigs at center bond b=80: 0.6512 0.3488 
    Largest link dim during sweep 5/1000 was 200
    Largest truncation error: 0.0002124959996913591
    Energy after sweep 5/1000 is -176.166545745750
    Sweep 5/1000 CPU time = 15.40s (Wall time = 16.78s)
    Energy change:-1.422079130014339

    vN Entropy at center bond b=80 = 0.415703830118
    Eigs at center bond b=80: 0.8540 0.1460 
    Largest link dim during sweep 6/1000 was 400
    Largest truncation error: 7.267189110129666e-05
    Energy after sweep 6/1000 is -177.513502898536
    Sweep 6/1000 CPU time = 55.55s (Wall time = 58.78s)
    Energy change:-1.346957152785819

    vN Entropy at center bond b=80 = 0.179297049386
    Eigs at center bond b=80: 0.9577 0.0416 
    Largest link dim during sweep 7/1000 was 1000
    Largest truncation error: 1.209922324027841e-05
    Energy after sweep 7/1000 is -178.636360085922
    Sweep 7/1000 CPU time = 6m, 24.4s (Wall time = 6m, 35.7s)
    Energy change:-1.122857187386444

    vN Entropy at center bond b=80 = 0.244876822196
    Eigs at center bond b=80: 0.9557 0.0171 0.0096 0.0086 0.0081 
    Largest link dim during sweep 8/1000 was 1800
    Largest truncation error: 6.043238892318446e-06
    Energy after sweep 8/1000 is -179.452288856237
    Sweep 8/1000 CPU time = 25m, 15s (Wall time = 25m, 48s)
    Energy change:-0.8159287703150824

    vN Entropy at center bond b=80 = 0.889217006545
    Eigs at center bond b=80: 0.6695 0.2598 0.0322 0.0302 0.0028 0.0027 
    Largest link dim during sweep 9/1000 was 1800
    Largest truncation error: 2.192053777593667e-06
    Energy after sweep 9/1000 is -180.132301075964
    Sweep 9/1000 CPU time = 35m, 23s (Wall time = 36m, 3s)
    Energy change:-0.6800122197268479

    vN Entropy at center bond b=80 = 0.826247530057
    Eigs at center bond b=80: 0.7405 0.1946 0.0243 0.0235 0.0044 0.0025 0.0025 0.0019 0.0019 0.0017 
    Largest link dim during sweep 10/1000 was 1800
    Largest truncation error: 8.746204581106696e-06
    Energy after sweep 10/1000 is -180.821720240360
    Sweep 10/1000 CPU time = 36m, 14s (Wall time = 36m, 56s)
    Energy change:-0.6894191643959005

    vN Entropy at center bond b=80 = 0.726043385304
    Eigs at center bond b=80: 0.8371 0.0783 0.0228 0.0175 0.0174 0.0081 0.0058 0.0056 0.0020 0.0020 
    Largest link dim during sweep 11/1000 was 1800
    Largest truncation error: 3.866179209967002e-06
    Energy after sweep 11/1000 is -181.690009351741
    Sweep 11/1000 CPU time = 36m, 25s (Wall time = 37m, 7s)
    Energy change:-0.8682891113807614

    vN Entropy at center bond b=80 = 1.042736480478
    Eigs at center bond b=80: 0.4974 0.4189 0.0339 0.0338 0.0040 0.0040 0.0024 0.0014 
    Largest link dim during sweep 12/1000 was 1800
    Largest truncation error: 3.67989736758983e-06
    Energy after sweep 12/1000 is -182.458558954087
    Sweep 12/1000 CPU time = 36m, 40s (Wall time = 37m, 21s)
    Energy change:-0.7685496023467238

    vN Entropy at center bond b=80 = 0.794861146946
    Eigs at center bond b=80: 0.7834 0.1472 0.0218 0.0217 0.0048 0.0046 0.0034 0.0034 0.0029 0.0029 
    Largest link dim during sweep 13/1000 was 1800
    Largest truncation error: 2.081108705164582e-06
    Energy after sweep 13/1000 is -183.121036960946
    Sweep 13/1000 CPU time = 33m, 55s (Wall time = 34m, 31s)
    Energy change:-0.6624780068587768

    vN Entropy at center bond b=80 = 0.807175146829
    Eigs at center bond b=80: 0.8059 0.1059 0.0209 0.0209 0.0186 0.0071 0.0051 0.0051 0.0028 0.0028 
    Largest link dim during sweep 14/1000 was 1800
    Largest truncation error: 5.097750995065553e-06
    Energy after sweep 14/1000 is -183.765301358454
    Sweep 14/1000 CPU time = 31m, 9s (Wall time = 31m, 42s)
    Energy change:-0.6442643975078397

    vN Entropy at center bond b=80 = 1.062208389468
    Eigs at center bond b=80: 0.4580 0.4559 0.0339 0.0339 0.0045 0.0045 0.0020 0.0012 
    Largest link dim during sweep 15/1000 was 1800
    Largest truncation error: 1.91041005840063e-06
    Energy after sweep 15/1000 is -184.431987468843
    Sweep 15/1000 CPU time = 28m, 45s (Wall time = 29m, 15s)
    Energy change:-0.6666861103885253

    vN Entropy at center bond b=80 = 0.831844684610
    Eigs at center bond b=80: 0.7924 0.1245 0.0197 0.0197 0.0129 0.0061 0.0060 0.0060 0.0031 0.0031 
    Largest link dim during sweep 16/1000 was 1800
    Largest truncation error: 2.443020274758298e-06
    Energy after sweep 16/1000 is -185.175109175266
    Sweep 16/1000 CPU time = 29m, 37s (Wall time = 30m, 6s)
    Energy change:-0.7431217064233238

    vN Entropy at center bond b=80 = 0.931027381023
    Eigs at center bond b=80: 0.7468 0.1581 0.0248 0.0248 0.0156 0.0069 0.0045 0.0044 0.0038 0.0038 
    Largest link dim during sweep 17/1000 was 1800
    Largest truncation error: 4.888361798803951e-06
    Energy after sweep 17/1000 is -185.663171534629
    Sweep 17/1000 CPU time = 31m, 29s (Wall time = 32m, 3s)
    Energy change:-0.488062359363397

    vN Entropy at center bond b=80 = 1.088008783562
    Eigs at center bond b=80: 0.5173 0.3931 0.0325 0.0325 0.0049 0.0049 0.0021 0.0019 0.0012 0.0011 
    Largest link dim during sweep 18/1000 was 1800
    Largest truncation error: 1.327619150068072e-06
    Energy after sweep 18/1000 is -186.056390631236
    Sweep 18/1000 CPU time = 28m, 53s (Wall time = 29m, 25s)
    Energy change:-0.3932190966063445

    vN Entropy at center bond b=80 = 0.928116576871
    Eigs at center bond b=80: 0.7732 0.1206 0.0274 0.0187 0.0187 0.0088 0.0083 0.0083 0.0033 0.0033 
    Largest link dim during sweep 19/1000 was 1800
    Largest truncation error: 2.486198357044402e-06
    Energy after sweep 19/1000 is -186.394727513369
    Sweep 19/1000 CPU time = 24m, 7s (Wall time = 24m, 33s)
    Energy change:-0.3383368821329213

    vN Entropy at center bond b=80 = 1.019445715223
    Eigs at center bond b=80: 0.6971 0.2019 0.0257 0.0257 0.0170 0.0078 0.0045 0.0045 0.0041 0.0041 
    Largest link dim during sweep 20/1000 was 1800
    Largest truncation error: 1.413374142669929e-06
    Energy after sweep 20/1000 is -186.747404858589
    Sweep 20/1000 CPU time = 20m, 36s (Wall time = 20m, 56s)
    Energy change:-0.3526773452202008

    vN Entropy at center bond b=80 = 1.087454235623
    Eigs at center bond b=80: 0.5628 0.3471 0.0303 0.0303 0.0049 0.0049 0.0033 0.0026 0.0020 0.0016 
    Largest link dim during sweep 21/1000 was 1800
    Largest truncation error: 1.733278094138267e-06
    Energy after sweep 21/1000 is -187.185866864391
    Sweep 21/1000 CPU time = 23m, 19s (Wall time = 23m, 41s)
    Energy change:-0.4384620058024495

    vN Entropy at center bond b=80 = 0.956647543248
    Eigs at center bond b=80: 0.7734 0.1030 0.0422 0.0163 0.0163 0.0107 0.0107 0.0101 0.0031 0.0031 
    Largest link dim during sweep 22/1000 was 1800
    Largest truncation error: 8.027156368530193e-07
    Energy after sweep 22/1000 is -187.541136484435
    Sweep 22/1000 CPU time = 20m, 33s (Wall time = 20m, 53s)
    Energy change:-0.3552696200437708

    vN Entropy at center bond b=80 = 1.066473076254
    Eigs at center bond b=80: 0.6806 0.2108 0.0258 0.0258 0.0205 0.0085 0.0051 0.0051 0.0044 0.0044 
    Largest link dim during sweep 23/1000 was 1791
    Largest truncation error: 7.619881877593837e-07
    Energy after sweep 23/1000 is -187.843661835829
    Sweep 23/1000 CPU time = 15m, 45s (Wall time = 15m, 55s)
    Energy change:-0.3025253513941664

    vN Entropy at center bond b=80 = 1.126060450268
    Eigs at center bond b=80: 0.4918 0.4147 0.0309 0.0309 0.0053 0.0053 0.0032 0.0028 0.0023 0.0016 
    Largest link dim during sweep 24/1000 was 1512
    Largest truncation error: 8.006267185241771e-07
    Energy after sweep 24/1000 is -188.119063402695
    Sweep 24/1000 CPU time = 11m, 58s (Wall time = 12m, 4s)
    Energy change:-0.2754015668654404

    vN Entropy at center bond b=80 = 1.025901553304
    Eigs at center bond b=80: 0.7033 0.1968 0.0236 0.0235 0.0150 0.0078 0.0055 0.0055 0.0044 0.0044 
    Largest link dim during sweep 25/1000 was 1494
    Largest truncation error: 8.753571496782317e-07
    Energy after sweep 25/1000 is -188.406516610013
    Sweep 25/1000 CPU time = 12m, 29s (Wall time = 12m, 34s)
    Energy change:-0.2874532073188334

    vN Entropy at center bond b=80 = 1.012851231490
    Eigs at center bond b=80: 0.7597 0.0887 0.0648 0.0164 0.0163 0.0120 0.0118 0.0114 0.0032 0.0031 
    Largest link dim during sweep 26/1000 was 1500
    Largest truncation error: 7.887970823198282e-07
    Energy after sweep 26/1000 is -188.637482022908
    Sweep 26/1000 CPU time = 9m, 59.1s (Wall time = 10m, 2s)
    Energy change:-0.230965412895074

    vN Entropy at center bond b=80 = 1.121139247825
    Eigs at center bond b=80: 0.6322 0.2582 0.0275 0.0273 0.0175 0.0079 0.0051 0.0051 0.0047 0.0044 
    Largest link dim during sweep 27/1000 was 1431
    Largest truncation error: 7.485891568470464e-07
    Energy after sweep 27/1000 is -188.840487939290
    Sweep 27/1000 CPU time = 8m, 44.0s (Wall time = 8m, 45.8s)
    Energy change:-0.2030059163817839

    vN Entropy at center bond b=80 = 1.143744011151
    Eigs at center bond b=80: 0.5180 0.3854 0.0302 0.0296 0.0058 0.0057 0.0033 0.0032 0.0028 0.0021 
    Largest link dim during sweep 28/1000 was 1288
    Largest truncation error: 8.721773053072738e-07
    Energy after sweep 28/1000 is -189.079240272888
    Sweep 28/1000 CPU time = 9m, 4.6s (Wall time = 9m, 6.8s)
    Energy change:-0.2387523335975175

    vN Entropy at center bond b=80 = 1.119417344738
    Eigs at center bond b=80: 0.7226 0.1188 0.0630 0.0172 0.0166 0.0126 0.0125 0.0109 0.0050 0.0042 
    Largest link dim during sweep 29/1000 was 1115
    Largest truncation error: 8.225687397670207e-07
    Energy after sweep 29/1000 is -189.319970594910
    Sweep 29/1000 CPU time = 9m, 14.9s (Wall time = 9m, 18.1s)
    Energy change:-0.2407303220221024

    vN Entropy at center bond b=80 = 1.246728458420
    Eigs at center bond b=80: 0.5745 0.2992 0.0265 0.0263 0.0230 0.0078 0.0067 0.0066 0.0054 0.0051 
    Largest link dim during sweep 30/1000 was 994
    Largest truncation error: 8.496860218275889e-07
    Energy after sweep 30/1000 is -189.493834812989
    Sweep 30/1000 CPU time = 7m, 48.2s (Wall time = 7m, 49.4s)
    Energy change:-0.173864218079018

    vN Entropy at center bond b=80 = 1.282178693903
    Eigs at center bond b=80: 0.5611 0.3115 0.0256 0.0253 0.0180 0.0073 0.0072 0.0063 0.0056 0.0049 
    Largest link dim during sweep 31/1000 was 866
    Largest truncation error: 8.205950542360093e-07
    Energy after sweep 31/1000 is -189.621884690331
    Sweep 31/1000 CPU time = 6m, 31.8s (Wall time = 6m, 32.7s)
    Energy change:-0.1280498773424767

    vN Entropy at center bond b=80 = 1.308447308664
    Eigs at center bond b=80: 0.6592 0.1281 0.1014 0.0160 0.0158 0.0147 0.0146 0.0106 0.0088 0.0052 
    Largest link dim during sweep 32/1000 was 885
    Largest truncation error: 8.200453505491864e-07
    Energy after sweep 32/1000 is -189.721274238320
    Sweep 32/1000 CPU time = 5m, 51.3s (Wall time = 5m, 52.2s)
    Energy change:-0.09938954798846567

    vN Entropy at center bond b=80 = 1.365634973868
    Eigs at center bond b=80: 0.5714 0.2699 0.0432 0.0235 0.0233 0.0091 0.0076 0.0076 0.0075 0.0075 
    Largest link dim during sweep 33/1000 was 926
    Largest truncation error: 8.569263743610994e-07
    Energy after sweep 33/1000 is -189.801295312961
    Sweep 33/1000 CPU time = 5m, 59.4s (Wall time = 6m, 0.3s)
    Energy change:-0.08002107464142227

    vN Entropy at center bond b=80 = 1.401153877932
    Eigs at center bond b=80: 0.4652 0.3913 0.0251 0.0249 0.0151 0.0126 0.0084 0.0084 0.0058 0.0055 
    Largest link dim during sweep 34/1000 was 992
    Largest truncation error: 7.706039147570414e-07
    Energy after sweep 34/1000 is -189.860742448400
    Sweep 34/1000 CPU time = 6m, 15.4s (Wall time = 6m, 16.3s)
    Energy change:-0.05944713543902935

    vN Entropy at center bond b=80 = 1.420814213067
    Eigs at center bond b=80: 0.5862 0.2319 0.0590 0.0207 0.0205 0.0097 0.0096 0.0096 0.0093 0.0074 
    Largest link dim during sweep 35/1000 was 813
    Largest truncation error: 7.771470077706169e-07
    Energy after sweep 35/1000 is -189.908729815785
    Sweep 35/1000 CPU time = 7m, 2.7s (Wall time = 7m, 3.7s)
    Energy change:-0.04798736738445086

    vN Entropy at center bond b=80 = 1.452367824077
    Eigs at center bond b=80: 0.6043 0.1555 0.1162 0.0170 0.0169 0.0138 0.0137 0.0117 0.0103 0.0062 
    Largest link dim during sweep 36/1000 was 803
    Largest truncation error: 6.866154371827645e-07
    Energy after sweep 36/1000 is -189.943786556206
    Sweep 36/1000 CPU time = 7m, 37.6s (Wall time = 7m, 38.7s)
    Energy change:-0.03505674042168039

    vN Entropy at center bond b=80 = 1.487574253446
    Eigs at center bond b=80: 0.5383 0.2745 0.0585 0.0217 0.0216 0.0108 0.0089 0.0086 0.0085 0.0081 
    Largest link dim during sweep 37/1000 was 763
    Largest truncation error: 6.866296852563869e-07
    Energy after sweep 37/1000 is -189.963527818709
    Sweep 37/1000 CPU time = 8m, 13.1s (Wall time = 8m, 14.3s)
    Energy change:-0.01974126250232189

    vN Entropy at center bond b=80 = 1.514881671130
    Eigs at center bond b=80: 0.4443 0.3850 0.0309 0.0231 0.0230 0.0139 0.0091 0.0087 0.0086 0.0068 
    Largest link dim during sweep 38/1000 was 808
    Largest truncation error: 6.871729816619035e-07
    Energy after sweep 38/1000 is -189.976967311527
    Sweep 38/1000 CPU time = 9m, 6.3s (Wall time = 9m, 7.6s)
    Energy change:-0.0134394928180086

    vN Entropy at center bond b=80 = 1.548463231871
    Eigs at center bond b=80: 0.4666 0.3524 0.0349 0.0223 0.0220 0.0171 0.0091 0.0085 0.0085 0.0076 
    Largest link dim during sweep 39/1000 was 864
    Largest truncation error: 6.867064815395162e-07
    Energy after sweep 39/1000 is -189.985617347983
    Sweep 39/1000 CPU time = 10m, 26s (Wall time = 10m, 27s)
    Energy change:-0.008650036456344878

    vN Entropy at center bond b=80 = 1.579792872659
    Eigs at center bond b=80: 0.5087 0.2862 0.0621 0.0207 0.0202 0.0121 0.0107 0.0089 0.0089 0.0087 
    Largest link dim during sweep 40/1000 was 952
    Largest truncation error: 7.25100316099603e-07
    Energy after sweep 40/1000 is -189.990666709751
    Sweep 40/1000 CPU time = 11m, 42s (Wall time = 11m, 44s)
    Energy change:-0.005049361767930804

    vN Entropy at center bond b=80 = 1.608526768855
    Eigs at center bond b=80: 0.5242 0.2461 0.0862 0.0195 0.0187 0.0140 0.0111 0.0105 0.0095 0.0077 
    Largest link dim during sweep 41/1000 was 1039
    Largest truncation error: 6.527425075569617e-07
    Energy after sweep 41/1000 is -189.994020367785
    Sweep 41/1000 CPU time = 13m, 1s (Wall time = 13m, 5s)
    Energy change:-0.00335365803402965

    vN Entropy at center bond b=80 = 1.632468195550
    Eigs at center bond b=80: 0.5290 0.2216 0.1038 0.0190 0.0176 0.0151 0.0130 0.0116 0.0098 0.0074 
    Largest link dim during sweep 42/1000 was 1080
    Largest truncation error: 7.092896442240096e-07
    Energy after sweep 42/1000 is -189.996554341546
    Sweep 42/1000 CPU time = 14m, 25s (Wall time = 14m, 32s)
    Energy change:-0.002533973761444486

    vN Entropy at center bond b=80 = 1.656237371185
    Eigs at center bond b=80: 0.5294 0.2054 0.1163 0.0189 0.0167 0.0156 0.0150 0.0123 0.0101 0.0073 
    Largest link dim during sweep 43/1000 was 1151
    Largest truncation error: 6.756104663110688e-07
    Energy after sweep 43/1000 is -189.998559191065
    Sweep 43/1000 CPU time = 15m, 51s (Wall time = 16m, 3s)
    Energy change:-0.002004849518215224

    vN Entropy at center bond b=80 = 1.684110905467
    Eigs at center bond b=80: 0.5269 0.1935 0.1258 0.0191 0.0176 0.0161 0.0157 0.0128 0.0103 0.0073 
    Largest link dim during sweep 44/1000 was 1139
    Largest truncation error: 6.53755670825169e-07
    Energy after sweep 44/1000 is -190.000166998182
    Sweep 44/1000 CPU time = 17m, 21s (Wall time = 17m, 43s)
    Energy change:-0.001607807117324001

    vN Entropy at center bond b=80 = 1.717154179562
    Eigs at center bond b=80: 0.5222 0.1843 0.1332 0.0209 0.0194 0.0157 0.0155 0.0131 0.0106 0.0074 
    Largest link dim during sweep 45/1000 was 1211
    Largest truncation error: 6.631353867825896e-07
    Energy after sweep 45/1000 is -190.001403627756
    Sweep 45/1000 CPU time = 18m, 20s (Wall time = 18m, 49s)
    Energy change:-0.001236629573611481

    vN Entropy at center bond b=80 = 1.755477468794
    Eigs at center bond b=80: 0.5154 0.1768 0.1391 0.0253 0.0198 0.0156 0.0149 0.0133 0.0109 0.0075 
    Largest link dim during sweep 46/1000 was 1208
    Largest truncation error: 6.561488818783197e-07
    Energy after sweep 46/1000 is -190.002373880848
    Sweep 46/1000 CPU time = 19m, 22s (Wall time = 19m, 53s)
    Energy change:-0.0009702530927029329

    vN Entropy at center bond b=80 = 1.797428877789
    Eigs at center bond b=80: 0.5070 0.1705 0.1437 0.0308 0.0203 0.0153 0.0144 0.0133 0.0112 0.0076 
    Largest link dim during sweep 47/1000 was 1222
    Largest truncation error: 6.615588175408604e-07
    Energy after sweep 47/1000 is -190.003119982868
    Sweep 47/1000 CPU time = 20m, 5s (Wall time = 20m, 37s)
    Energy change:-0.0007461020194625689

    vN Entropy at center bond b=80 = 1.841294880858
    Eigs at center bond b=80: 0.4975 0.1649 0.1472 0.0374 0.0209 0.0150 0.0140 0.0133 0.0114 0.0076 
    Largest link dim during sweep 48/1000 was 1221
    Largest truncation error: 6.4650800635871e-07
    Energy after sweep 48/1000 is -190.003718593983
    Sweep 48/1000 CPU time = 20m, 32s (Wall time = 21m, 5s)
    Energy change:-0.0005986111154641094

    vN Entropy at center bond b=80 = 1.886017714848
    Eigs at center bond b=80: 0.4869 0.1598 0.1500 0.0451 0.0216 0.0147 0.0135 0.0132 0.0116 0.0077 
    Largest link dim during sweep 49/1000 was 1203
    Largest truncation error: 6.621940044683834e-07
    Energy after sweep 49/1000 is -190.004224087462
    Sweep 49/1000 CPU time = 20m, 57s (Wall time = 21m, 30s)
    Energy change:-0.0005054934783572662

    vN Entropy at center bond b=80 = 1.929837071092
    Eigs at center bond b=80: 0.4757 0.1549 0.1522 0.0535 0.0224 0.0144 0.0131 0.0130 0.0118 0.0088 
    Largest link dim during sweep 50/1000 was 1214
    Largest truncation error: 7.499531142656988e-07
    Energy after sweep 50/1000 is -190.004621802621
    Sweep 50/1000 CPU time = 21m, 32s (Wall time = 22m, 6s)
    Energy change:-0.0003977151591811889

    vN Entropy at center bond b=80 = 1.970176339354
    Eigs at center bond b=80: 0.4646 0.1538 0.1503 0.0623 0.0235 0.0140 0.0129 0.0127 0.0119 0.0099 
    Largest link dim during sweep 51/1000 was 1220
    Largest truncation error: 6.973390654945179e-07
    Energy after sweep 51/1000 is -190.004941273101
    Sweep 51/1000 CPU time = 21m, 46s (Wall time = 22m, 20s)
    Energy change:-0.0003194704798943349

    vN Entropy at center bond b=80 = 2.006814360262
    Eigs at center bond b=80: 0.4538 0.1550 0.1461 0.0710 0.0248 0.0137 0.0127 0.0123 0.0121 0.0107 
    Largest link dim during sweep 52/1000 was 1218
    Largest truncation error: 6.697432472036386e-07
    Energy after sweep 52/1000 is -190.005209120176
    Sweep 52/1000 CPU time = 21m, 57s (Wall time = 22m, 31s)
    Energy change:-0.0002678470757473406

    vN Entropy at center bond b=80 = 2.039969691397
    Eigs at center bond b=80: 0.4434 0.1558 0.1421 0.0797 0.0262 0.0134 0.0125 0.0121 0.0119 0.0113 
    Largest link dim during sweep 53/1000 was 1217
    Largest truncation error: 6.602997927727864e-07
    Energy after sweep 53/1000 is -190.005444654300
    Sweep 53/1000 CPU time = 22m, 6s (Wall time = 22m, 41s)
    Energy change:-0.000235534123277148

    vN Entropy at center bond b=80 = 2.069905972836
    Eigs at center bond b=80: 0.4334 0.1563 0.1384 0.0883 0.0278 0.0130 0.0125 0.0123 0.0122 0.0118 
    Largest link dim during sweep 54/1000 was 1216
    Largest truncation error: 6.543433831738463e-07
    Energy after sweep 54/1000 is -190.005646823158
    Sweep 54/1000 CPU time = 22m, 16s (Wall time = 22m, 51s)
    Energy change:-0.0002021688585784887

    vN Entropy at center bond b=80 = 2.096918930647
    Eigs at center bond b=80: 0.4237 0.1566 0.1349 0.0967 0.0295 0.0142 0.0128 0.0123 0.0121 0.0120 
    Largest link dim during sweep 55/1000 was 1216
    Largest truncation error: 6.495868176516533e-07
    Energy after sweep 55/1000 is -190.005834880110
    Sweep 55/1000 CPU time = 22m, 33s (Wall time = 23m, 8s)
    Energy change:-0.0001880569517709318

    vN Entropy at center bond b=80 = 2.121369615501
    Eigs at center bond b=80: 0.4144 0.1566 0.1316 0.1049 0.0313 0.0159 0.0125 0.0123 0.0122 0.0119 
    Largest link dim during sweep 56/1000 was 1216
    Largest truncation error: 6.638573568443402e-07
    Energy after sweep 56/1000 is -190.006006035749
    Sweep 56/1000 CPU time = 22m, 50s (Wall time = 23m, 25s)
    Energy change:-0.0001711556393502178

    vN Entropy at center bond b=80 = 2.143458368237
    Eigs at center bond b=80: 0.4055 0.1565 0.1284 0.1128 0.0332 0.0175 0.0123 0.0122 0.0122 0.0117 
    Largest link dim during sweep 57/1000 was 1215
    Largest truncation error: 6.544899612817586e-07
    Energy after sweep 57/1000 is -190.006160296970
    Sweep 57/1000 CPU time = 23m, 4s (Wall time = 23m, 39s)
    Energy change:-0.0001542612201603788

    vN Entropy at center bond b=80 = 2.163355560718
    Eigs at center bond b=80: 0.3970 0.1563 0.1254 0.1206 0.0350 0.0191 0.0123 0.0122 0.0120 0.0116 
    Largest link dim during sweep 58/1000 was 1214
    Largest truncation error: 6.509111529236332e-07
    Energy after sweep 58/1000 is -190.006299739000
    Sweep 58/1000 CPU time = 23m, 16s (Wall time = 23m, 53s)
    Energy change:-0.0001394420302176513

    vN Entropy at center bond b=80 = 2.181280876340
    Eigs at center bond b=80: 0.3888 0.1560 0.1281 0.1226 0.0368 0.0207 0.0123 0.0122 0.0117 0.0114 
    Largest link dim during sweep 59/1000 was 1213
    Largest truncation error: 6.443323335599031e-07
    Energy after sweep 59/1000 is -190.006428831160
    Sweep 59/1000 CPU time = 23m, 30s (Wall time = 24m, 7s)
    Energy change:-0.0001290921600514139

    vN Entropy at center bond b=80 = 2.197404194177
    Eigs at center bond b=80: 0.3811 0.1556 0.1353 0.1199 0.0386 0.0222 0.0123 0.0121 0.0115 0.0112 
    Largest link dim during sweep 60/1000 was 1213
    Largest truncation error: 6.39862870804867e-07
    Energy after sweep 60/1000 is -190.006545241284
    Sweep 60/1000 CPU time = 23m, 43s (Wall time = 24m, 20s)
    Energy change:-0.000116410123695232

    vN Entropy at center bond b=80 = 2.211843565212
    Eigs at center bond b=80: 0.3737 0.1551 0.1422 0.1173 0.0404 0.0236 0.0123 0.0120 0.0113 0.0110 
    Largest link dim during sweep 61/1000 was 1212
    Largest truncation error: 7.725650138978423e-07
    Energy after sweep 61/1000 is -190.006650501601
    Sweep 61/1000 CPU time = 23m, 56s (Wall time = 24m, 34s)
    Energy change:-0.0001052603170705879

    vN Entropy at center bond b=80 = 2.224781197436
    Eigs at center bond b=80: 0.3667 0.1545 0.1488 0.1149 0.0420 0.0250 0.0123 0.0119 0.0111 0.0109 
    Largest link dim during sweep 62/1000 was 1214
    Largest truncation error: 7.721913601357546e-07
    Energy after sweep 62/1000 is -190.006747708154
    Sweep 62/1000 CPU time = 24m, 7s (Wall time = 24m, 45s)
    Energy change:-9.720655296518999e-05

    vN Entropy at center bond b=80 = 2.236453763876
    Eigs at center bond b=80: 0.3600 0.1552 0.1539 0.1126 0.0436 0.0264 0.0122 0.0118 0.0110 0.0107 
    Largest link dim during sweep 63/1000 was 1215
    Largest truncation error: 7.717999699641015e-07
    Energy after sweep 63/1000 is -190.006840355261
    Sweep 63/1000 CPU time = 24m, 18s (Wall time = 24m, 54s)
    Energy change:-9.264710783440933e-05

    vN Entropy at center bond b=80 = 2.246994467023
    Eigs at center bond b=80: 0.3536 0.1613 0.1533 0.1104 0.0452 0.0278 0.0122 0.0117 0.0108 0.0106 
    Largest link dim during sweep 64/1000 was 1217
    Largest truncation error: 7.714137268994682e-07
    Energy after sweep 64/1000 is -190.006926119373
    Sweep 64/1000 CPU time = 24m, 31s (Wall time = 25m, 9s)
    Energy change:-8.576411150329477e-05

    vN Entropy at center bond b=80 = 2.256485925590
    Eigs at center bond b=80: 0.3475 0.1672 0.1527 0.1083 0.0467 0.0291 0.0122 0.0116 0.0107 0.0104 
    Largest link dim during sweep 65/1000 was 1218
    Largest truncation error: 7.710678408875564e-07
    Energy after sweep 65/1000 is -190.007005931559
    Sweep 65/1000 CPU time = 24m, 42s (Wall time = 25m, 20s)
    Energy change:-7.981218647046262e-05

    vN Entropy at center bond b=80 = 2.264983915659
    Eigs at center bond b=80: 0.3417 0.1728 0.1520 0.1063 0.0482 0.0304 0.0121 0.0115 0.0106 0.0103 
    Largest link dim during sweep 66/1000 was 1219
    Largest truncation error: 7.707618807412523e-07
    Energy after sweep 66/1000 is -190.007081583717
    Sweep 66/1000 CPU time = 24m, 51s (Wall time = 25m, 27s)
    Energy change:-7.565215759086641e-05

    vN Entropy at center bond b=80 = 2.272546362631
    Eigs at center bond b=80: 0.3363 0.1781 0.1513 0.1045 0.0495 0.0316 0.0121 0.0113 0.0105 0.0102 
    Largest link dim during sweep 67/1000 was 1218
    Largest truncation error: 7.704557071106539e-07
    Energy after sweep 67/1000 is -190.007144023894
    Sweep 67/1000 CPU time = 24m, 58s (Wall time = 25m, 35s)
    Energy change:-6.244017694712056e-05

    vN Entropy at center bond b=80 = 2.279294606074
    Eigs at center bond b=80: 0.3311 0.1832 0.1507 0.1027 0.0509 0.0327 0.0121 0.0112 0.0105 0.0100 
    Largest link dim during sweep 68/1000 was 1218
    Largest truncation error: 7.701867685111192e-07
    Energy after sweep 68/1000 is -190.007201746642
    Sweep 68/1000 CPU time = 25m, 9s (Wall time = 25m, 48s)
    Energy change:-5.77227479254816e-05

    vN Entropy at center bond b=80 = 2.285263161355
    Eigs at center bond b=80: 0.3262 0.1880 0.1500 0.1010 0.0521 0.0338 0.0120 0.0111 0.0104 0.0099 
    Largest link dim during sweep 69/1000 was 1218
    Largest truncation error: 7.699264362485679e-07
    Energy after sweep 69/1000 is -190.007255560766
    Sweep 69/1000 CPU time = 25m, 18s (Wall time = 25m, 56s)
    Energy change:-5.381412384508621e-05

    vN Entropy at center bond b=80 = 2.290508429727
    Eigs at center bond b=80: 0.3217 0.1926 0.1494 0.0995 0.0533 0.0348 0.0120 0.0110 0.0104 0.0098 
    Largest link dim during sweep 70/1000 was 1217
    Largest truncation error: 7.69663212386204e-07
    Energy after sweep 70/1000 is -190.007303681541
    Sweep 70/1000 CPU time = 25m, 26s (Wall time = 26m, 5s)
    Energy change:-4.812077554561256e-05

    vN Entropy at center bond b=80 = 2.295091240261
    Eigs at center bond b=80: 0.3175 0.1968 0.1488 0.0980 0.0544 0.0358 0.0119 0.0109 0.0105 0.0097 
    Largest link dim during sweep 71/1000 was 1217
    Largest truncation error: 7.694523292655871e-07
    Energy after sweep 71/1000 is -190.007343128968
    Sweep 71/1000 CPU time = 25m, 34s (Wall time = 26m, 14s)
    Energy change:-3.944742633166243e-05

    vN Entropy at center bond b=80 = 2.299089313212
    Eigs at center bond b=80: 0.3136 0.2007 0.1482 0.0967 0.0554 0.0367 0.0119 0.0108 0.0105 0.0096 
    Largest link dim during sweep 72/1000 was 1217
    Largest truncation error: 7.691816571532139e-07
    Energy after sweep 72/1000 is -190.007380235075
    Sweep 72/1000 CPU time = 25m, 40s (Wall time = 26m, 20s)
    Energy change:-3.710610775442547e-05

    vN Entropy at center bond b=80 = 2.302593366562
    Eigs at center bond b=80: 0.3099 0.2044 0.1476 0.0954 0.0564 0.0375 0.0119 0.0107 0.0105 0.0095 
    Largest link dim during sweep 73/1000 was 1216
    Largest truncation error: 7.6879128574242e-07
    Energy after sweep 73/1000 is -190.007415632520
    Sweep 73/1000 CPU time = 25m, 45s (Wall time = 26m, 23s)
    Energy change:-3.539744454883476e-05

    vN Entropy at center bond b=80 = 2.305663041856
    Eigs at center bond b=80: 0.3065 0.2078 0.1471 0.0943 0.0573 0.0383 0.0118 0.0106 0.0106 0.0094 
    Largest link dim during sweep 74/1000 was 1216
    Largest truncation error: 7.683586809802542e-07
    Energy after sweep 74/1000 is -190.007447379355
    Sweep 74/1000 CPU time = 25m, 53s (Wall time = 26m, 33s)
    Energy change:-3.174683470774653e-05

    vN Entropy at center bond b=80 = 2.308304623123
    Eigs at center bond b=80: 0.3034 0.2110 0.1466 0.0932 0.0581 0.0390 0.0118 0.0107 0.0105 0.0094 
    Largest link dim during sweep 75/1000 was 1215
    Largest truncation error: 7.678166276479305e-07
    Energy after sweep 75/1000 is -190.007473210193
    Sweep 75/1000 CPU time = 25m, 56s (Wall time = 26m, 38s)
    Energy change:-2.583083866625202e-05

    vN Entropy at center bond b=80 = 2.310595260595
    Eigs at center bond b=80: 0.3005 0.2140 0.1462 0.0922 0.0589 0.0396 0.0118 0.0107 0.0104 0.0093 
    Largest link dim during sweep 76/1000 was 1215
    Largest truncation error: 7.676160878451319e-07
    Energy after sweep 76/1000 is -190.007494542418
    Sweep 76/1000 CPU time = 25m, 59s (Wall time = 26m, 40s)
    Energy change:-2.133222523070799e-05

    vN Entropy at center bond b=80 = 2.312573085204
    Eigs at center bond b=80: 0.2979 0.2167 0.1458 0.0913 0.0596 0.0402 0.0117 0.0108 0.0103 0.0093 
    Largest link dim during sweep 77/1000 was 1215
    Largest truncation error: 7.674305202240382e-07
    Energy after sweep 77/1000 is -190.007513813494
    Sweep 77/1000 CPU time = 26m, 4s (Wall time = 26m, 45s)
    Energy change:-1.927107570054432e-05

    vN Entropy at center bond b=80 = 2.314279725381
    Eigs at center bond b=80: 0.2954 0.2192 0.1454 0.0904 0.0602 0.0408 0.0117 0.0108 0.0103 0.0093 
    Largest link dim during sweep 78/1000 was 1216
    Largest truncation error: 7.672652712596049e-07
    Energy after sweep 78/1000 is -190.007532105814
    Sweep 78/1000 CPU time = 26m, 5s (Wall time = 26m, 46s)
    Energy change:-1.82923197371565e-05

    vN Entropy at center bond b=80 = 2.315738121769
    Eigs at center bond b=80: 0.2932 0.2216 0.1450 0.0896 0.0608 0.0413 0.0117 0.0109 0.0102 0.0093 
    Largest link dim during sweep 79/1000 was 1214
    Largest truncation error: 7.671002562297858e-07
    Energy after sweep 79/1000 is -190.007547764037
    Sweep 79/1000 CPU time = 26m, 10s (Wall time = 26m, 51s)
    Energy change:-1.565822273619233e-05

    vN Entropy at center bond b=80 = 2.316978995730
    Eigs at center bond b=80: 0.2912 0.2237 0.1447 0.0889 0.0614 0.0418 0.0117 0.0109 0.0101 0.0093 
    Largest link dim during sweep 80/1000 was 1214
    Largest truncation error: 7.669441302902825e-07
    Energy after sweep 80/1000 is -190.007562068494
    Sweep 80/1000 CPU time = 26m, 12s (Wall time = 26m, 53s)
    Energy change:-1.430445689720727e-05

    vN Entropy at center bond b=80 = 2.318038477023
    Eigs at center bond b=80: 0.2893 0.2257 0.1443 0.0882 0.0619 0.0422 0.0117 0.0110 0.0101 0.0093 
    Largest link dim during sweep 81/1000 was 1214
    Largest truncation error: 7.667842145615529e-07
    Energy after sweep 81/1000 is -190.007545642890
    Sweep 81/1000 CPU time = 26m, 13s (Wall time = 26m, 54s)
    Energy change:1.642560314962793e-05

    vN Entropy at center bond b=80 = 2.318942782782
    Eigs at center bond b=80: 0.2875 0.2276 0.1441 0.0876 0.0623 0.0426 0.0116 0.0110 0.0100 0.0093 
    Largest link dim during sweep 82/1000 was 1214
    Largest truncation error: 7.376929916452091e-07
    Energy after sweep 82/1000 is -190.007557133101
    Sweep 82/1000 CPU time = 26m, 16s (Wall time = 26m, 57s)
    Energy change:-1.149021036894737e-05

    vN Entropy at center bond b=80 = 2.319731983678
    Eigs at center bond b=80: 0.2859 0.2294 0.1438 0.0870 0.0627 0.0430 0.0116 0.0111 0.0100 0.0093 
    Largest link dim during sweep 83/1000 was 1213
    Largest truncation error: 7.222248637968107e-07
    Energy after sweep 83/1000 is -190.007568304940
    Sweep 83/1000 CPU time = 26m, 18s (Wall time = 26m, 60s)
    Energy change:-1.117183930432475e-05

    vN Entropy at center bond b=80 = 2.320402902238
    Eigs at center bond b=80: 0.2844 0.2310 0.1436 0.0864 0.0631 0.0433 0.0116 0.0111 0.0099 0.0093 
    Largest link dim during sweep 84/1000 was 1213
    Largest truncation error: 7.210116400968482e-07
    Energy after sweep 84/1000 is -190.007582290852
    Sweep 84/1000 CPU time = 26m, 21s (Wall time = 27m, 2s)
    Energy change:-1.398591183487952e-05

    vN Entropy at center bond b=80 = 2.320961085767
    Eigs at center bond b=80: 0.2830 0.2325 0.1433 0.0859 0.0635 0.0436 0.0116 0.0111 0.0099 0.0093 
    Largest link dim during sweep 85/1000 was 1213
    Largest truncation error: 7.199529995440463e-07
    Energy after sweep 85/1000 is -190.007593166140
    Sweep 85/1000 CPU time = 26m, 25s (Wall time = 27m, 6s)
    Energy change:-1.087528806920091e-05

    vN Entropy at center bond b=80 = 2.321411130263
    Eigs at center bond b=80: 0.2818 0.2339 0.1431 0.0854 0.0638 0.0439 0.0116 0.0111 0.0099 0.0093 
    Largest link dim during sweep 86/1000 was 1212
    Largest truncation error: 7.190874767324688e-07
    Energy after sweep 86/1000 is -190.007600358392
    Sweep 86/1000 CPU time = 26m, 26s (Wall time = 27m, 8s)
    Energy change:-7.192251928245241e-06

    Energy has converged -> stop the DMRG.
Final energy=0
Time=103377 sec
Nup =22 Ndown = 21L = 40 W = 4
