1_Dn 5_Up 9_Dn 13_Up 17_Dn 21_Up 25_Dn 29_Up 33_Dn 2_Up 6_Dn 10_Up 14_Dn 18_Up 22_Dn 26_Up 30_Dn 34_Up 3_Dn 7_Up 11_Dn 15_Up 19_Dn 23_Up 27_Dn 31_Up 35_Dn 4_Up 8_Dn 12_Up 16_Dn 20_Up 24_Dn 28_Up 32_Dn 36_Up 37_Up 38_Up 39_Up 40_Up Initial energy=0
    vN Entropy at center bond b=80 = 0.001781506470
    Eigs at center bond b=80: 0.9998 
    Largest link dim during sweep 1/1000 was 10
    Largest truncation error: 0.0009130798545654357
    Energy after sweep 1/1000 is -144.401444238465
    Sweep 1/1000 CPU time = 0.425s (Wall time = 0.432s)
    Energy change:-144.4014442384651

    vN Entropy at center bond b=80 = 0.096569050250
    Eigs at center bond b=80: 0.9808 0.0188 
    Largest link dim during sweep 2/1000 was 20
    Largest truncation error: 0.003650776147583212
    Energy after sweep 2/1000 is -150.648968956040
    Sweep 2/1000 CPU time = 1.402s (Wall time = 1.412s)
    Energy change:-6.247524717574578

    vN Entropy at center bond b=80 = 0.438835334325
    Eigs at center bond b=80: 0.8821 0.0864 0.0293 0.0021 
    Largest link dim during sweep 3/1000 was 50
    Largest truncation error: 0.001373328034564696
    Energy after sweep 3/1000 is -155.206915669348
    Sweep 3/1000 CPU time = 2.752s (Wall time = 2.987s)
    Energy change:-4.557946713308667

    vN Entropy at center bond b=80 = 0.635627355747
    Eigs at center bond b=80: 0.7401 0.2467 0.0081 0.0046 
    Largest link dim during sweep 4/1000 was 100
    Largest truncation error: 0.0008193870619091793
    Energy after sweep 4/1000 is -157.891214952597
    Sweep 4/1000 CPU time = 5.197s (Wall time = 5.687s)
    Energy change:-2.684299283248919

    vN Entropy at center bond b=80 = 0.537753387669
    Eigs at center bond b=80: 0.8523 0.0902 0.0512 0.0063 
    Largest link dim during sweep 5/1000 was 200
    Largest truncation error: 0.0002484576873027274
    Energy after sweep 5/1000 is -159.371330051340
    Sweep 5/1000 CPU time = 12.93s (Wall time = 14.16s)
    Energy change:-1.480115098742942

    vN Entropy at center bond b=80 = 0.606877291067
    Eigs at center bond b=80: 0.7974 0.1709 0.0259 0.0058 
    Largest link dim during sweep 6/1000 was 400
    Largest truncation error: 8.131496866918574e-05
    Energy after sweep 6/1000 is -160.944211178735
    Sweep 6/1000 CPU time = 48.89s (Wall time = 51.81s)
    Energy change:-1.572881127394965

    vN Entropy at center bond b=80 = 0.680387391678
    Eigs at center bond b=80: 0.6356 0.3609 0.0011 
    Largest link dim during sweep 7/1000 was 1000
    Largest truncation error: 1.012053206152291e-05
    Energy after sweep 7/1000 is -162.662461879835
    Sweep 7/1000 CPU time = 7m, 1.9s (Wall time = 7m, 13.6s)
    Energy change:-1.718250701099805

    vN Entropy at center bond b=80 = 0.605885160661
    Eigs at center bond b=80: 0.8208 0.1220 0.0496 0.0075 
    Largest link dim during sweep 8/1000 was 1800
    Largest truncation error: 3.4482515511884e-06
    Energy after sweep 8/1000 is -163.832124416750
    Sweep 8/1000 CPU time = 28m, 43s (Wall time = 29m, 20s)
    Energy change:-1.169662536914501

    vN Entropy at center bond b=80 = 0.623230106680
    Eigs at center bond b=80: 0.7957 0.1657 0.0318 0.0068 
    Largest link dim during sweep 9/1000 was 1800
    Largest truncation error: 7.098642088558748e-06
    Energy after sweep 9/1000 is -164.810091995203
    Sweep 9/1000 CPU time = 39m, 10s (Wall time = 39m, 57s)
    Energy change:-0.9779675784535016

    vN Entropy at center bond b=80 = 0.704482155945
    Eigs at center bond b=80: 0.6622 0.3248 0.0085 0.0044 
    Largest link dim during sweep 10/1000 was 1800
    Largest truncation error: 3.079306406583434e-06
    Energy after sweep 10/1000 is -165.544227525892
    Sweep 10/1000 CPU time = 37m, 14s (Wall time = 37m, 58s)
    Energy change:-0.7341355306890307

    vN Entropy at center bond b=80 = 0.779804723849
    Eigs at center bond b=80: 0.4995 0.4856 0.0082 0.0023 0.0021 0.0019 
    Largest link dim during sweep 11/1000 was 1800
    Largest truncation error: 3.522342589000239e-06
    Energy after sweep 11/1000 is -166.209763620005
    Sweep 11/1000 CPU time = 35m, 23s (Wall time = 36m, 5s)
    Energy change:-0.6655360941128663

    vN Entropy at center bond b=80 = 1.096928454422
    Eigs at center bond b=80: 0.5395 0.3070 0.1288 0.0088 0.0063 0.0031 0.0015 0.0012 
    Largest link dim during sweep 12/1000 was 1800
    Largest truncation error: 2.504115007544464e-06
    Energy after sweep 12/1000 is -166.767886801737
    Sweep 12/1000 CPU time = 33m, 21s (Wall time = 34m, 0s)
    Energy change:-0.5581231817316166

    vN Entropy at center bond b=80 = 1.360852008170
    Eigs at center bond b=80: 0.4126 0.3613 0.0991 0.0952 0.0085 0.0081 0.0049 0.0043 0.0010 0.0010 
    Largest link dim during sweep 13/1000 was 1800
    Largest truncation error: 1.314660460939804e-06
    Energy after sweep 13/1000 is -167.296452716539
    Sweep 13/1000 CPU time = 32m, 18s (Wall time = 32m, 56s)
    Energy change:-0.5285659148020443

    vN Entropy at center bond b=80 = 1.338810811042
    Eigs at center bond b=80: 0.4468 0.3134 0.1790 0.0149 0.0133 0.0099 0.0055 0.0030 0.0030 0.0028 
    Largest link dim during sweep 14/1000 was 1800
    Largest truncation error: 8.015314919290989e-07
    Energy after sweep 14/1000 is -167.944522647134
    Sweep 14/1000 CPU time = 30m, 17s (Wall time = 30m, 52s)
    Energy change:-0.648069930595085

    vN Entropy at center bond b=80 = 1.346183413159
    Eigs at center bond b=80: 0.4894 0.2957 0.1361 0.0360 0.0093 0.0075 0.0044 0.0042 0.0030 0.0023 
    Largest link dim during sweep 15/1000 was 1800
    Largest truncation error: 8.03146034492495e-07
    Energy after sweep 15/1000 is -168.455416654939
    Sweep 15/1000 CPU time = 29m, 2s (Wall time = 29m, 36s)
    Energy change:-0.5108940078052058

    vN Entropy at center bond b=80 = 1.414094838670
    Eigs at center bond b=80: 0.4225 0.3415 0.1116 0.0830 0.0090 0.0079 0.0055 0.0048 0.0037 0.0018 
    Largest link dim during sweep 16/1000 was 1800
    Largest truncation error: 1.545727332759666e-06
    Energy after sweep 16/1000 is -169.123384227779
    Sweep 16/1000 CPU time = 26m, 17s (Wall time = 26m, 46s)
    Energy change:-0.6679675728405812

    vN Entropy at center bond b=80 = 1.361862603491
    Eigs at center bond b=80: 0.4167 0.3051 0.2199 0.0167 0.0118 0.0060 0.0057 0.0031 0.0028 0.0022 
    Largest link dim during sweep 17/1000 was 1800
    Largest truncation error: 1.146584007977347e-06
    Energy after sweep 17/1000 is -169.650772029110
    Sweep 17/1000 CPU time = 28m, 28s (Wall time = 28m, 58s)
    Energy change:-0.5273878013309741

    vN Entropy at center bond b=80 = 1.358968984116
    Eigs at center bond b=80: 0.4968 0.2971 0.1114 0.0511 0.0083 0.0058 0.0053 0.0045 0.0029 0.0029 
    Largest link dim during sweep 18/1000 was 1800
    Largest truncation error: 7.092037572131842e-07
    Energy after sweep 18/1000 is -170.125187363920
    Sweep 18/1000 CPU time = 23m, 1s (Wall time = 23m, 24s)
    Energy change:-0.4744153348099758

    vN Entropy at center bond b=80 = 1.440612702922
    Eigs at center bond b=80: 0.4333 0.3279 0.1066 0.0856 0.0084 0.0082 0.0060 0.0056 0.0050 0.0021 
    Largest link dim during sweep 19/1000 was 1605
    Largest truncation error: 7.587274086261824e-07
    Energy after sweep 19/1000 is -170.458276804506
    Sweep 19/1000 CPU time = 17m, 41s (Wall time = 18m, 2s)
    Energy change:-0.3330894405853826

    vN Entropy at center bond b=80 = 1.452250700111
    Eigs at center bond b=80: 0.4369 0.2528 0.2264 0.0247 0.0161 0.0101 0.0072 0.0045 0.0038 0.0034 
    Largest link dim during sweep 20/1000 was 1384
    Largest truncation error: 7.429572401325436e-07
    Energy after sweep 20/1000 is -170.739966842616
    Sweep 20/1000 CPU time = 12m, 42s (Wall time = 12m, 56s)
    Energy change:-0.2816900381104972

    vN Entropy at center bond b=80 = 1.466887119108
    Eigs at center bond b=80: 0.3864 0.3795 0.1077 0.0747 0.0101 0.0060 0.0050 0.0040 0.0039 0.0036 
    Largest link dim during sweep 21/1000 was 1385
    Largest truncation error: 6.841858581568862e-07
    Energy after sweep 21/1000 is -171.026992122205
    Sweep 21/1000 CPU time = 12m, 23s (Wall time = 12m, 37s)
    Energy change:-0.2870252795888746

    vN Entropy at center bond b=80 = 1.502736003181
    Eigs at center bond b=80: 0.3746 0.3185 0.2117 0.0338 0.0151 0.0132 0.0063 0.0038 0.0038 0.0031 
    Largest link dim during sweep 22/1000 was 1237
    Largest truncation error: 7.671776868454756e-07
    Energy after sweep 22/1000 is -171.306204990440
    Sweep 22/1000 CPU time = 10m, 37s (Wall time = 10m, 47s)
    Energy change:-0.2792128682345663

    vN Entropy at center bond b=80 = 1.457756734996
    Eigs at center bond b=80: 0.5082 0.2383 0.1240 0.0700 0.0124 0.0083 0.0083 0.0061 0.0045 0.0031 
    Largest link dim during sweep 23/1000 was 1170
    Largest truncation error: 7.170035982587663e-07
    Energy after sweep 23/1000 is -171.561647767701
    Sweep 23/1000 CPU time = 9m, 29.2s (Wall time = 9m, 34.0s)
    Energy change:-0.2554427772608108

    vN Entropy at center bond b=80 = 1.465209586957
    Eigs at center bond b=80: 0.5196 0.2418 0.0943 0.0764 0.0139 0.0119 0.0086 0.0064 0.0049 0.0043 
    Largest link dim during sweep 24/1000 was 1083
    Largest truncation error: 7.110530763180351e-07
    Energy after sweep 24/1000 is -171.800625019642
    Sweep 24/1000 CPU time = 7m, 57.6s (Wall time = 7m, 59.0s)
    Energy change:-0.2389772519415203

    vN Entropy at center bond b=80 = 1.534640466782
    Eigs at center bond b=80: 0.3330 0.2883 0.2861 0.0237 0.0189 0.0130 0.0052 0.0043 0.0033 0.0031 
    Largest link dim during sweep 25/1000 was 1060
    Largest truncation error: 8.693013719775442e-07
    Energy after sweep 25/1000 is -172.090177220926
    Sweep 25/1000 CPU time = 7m, 50.9s (Wall time = 7m, 52.0s)
    Energy change:-0.2895522012836977

    vN Entropy at center bond b=80 = 1.488929292085
    Eigs at center bond b=80: 0.5130 0.2227 0.1244 0.0716 0.0216 0.0081 0.0052 0.0050 0.0037 0.0029 
    Largest link dim during sweep 26/1000 was 1048
    Largest truncation error: 7.794183759926435e-07
    Energy after sweep 26/1000 is -172.339869583786
    Sweep 26/1000 CPU time = 8m, 25.4s (Wall time = 8m, 26.7s)
    Energy change:-0.2496923628606851

    vN Entropy at center bond b=80 = 1.486742191081
    Eigs at center bond b=80: 0.5642 0.1774 0.1081 0.0563 0.0296 0.0124 0.0114 0.0112 0.0047 0.0041 
    Largest link dim during sweep 27/1000 was 1076
    Largest truncation error: 7.438485640124624e-07
    Energy after sweep 27/1000 is -172.564948229539
    Sweep 27/1000 CPU time = 8m, 30.3s (Wall time = 8m, 31.5s)
    Energy change:-0.2250786457523475

    vN Entropy at center bond b=80 = 1.583951734628
    Eigs at center bond b=80: 0.4149 0.2523 0.2183 0.0343 0.0226 0.0074 0.0073 0.0051 0.0047 0.0045 
    Largest link dim during sweep 28/1000 was 1104
    Largest truncation error: 8.213349812264535e-07
    Energy after sweep 28/1000 is -172.708741200881
    Sweep 28/1000 CPU time = 9m, 29.4s (Wall time = 9m, 30.8s)
    Energy change:-0.1437929713421227

    vN Entropy at center bond b=80 = 1.604267503982
    Eigs at center bond b=80: 0.4218 0.2287 0.2266 0.0382 0.0272 0.0074 0.0071 0.0059 0.0046 0.0042 
    Largest link dim during sweep 29/1000 was 1054
    Largest truncation error: 6.490994609992977e-07
    Energy after sweep 29/1000 is -172.812545085864
    Sweep 29/1000 CPU time = 9m, 4.7s (Wall time = 9m, 6.0s)
    Energy change:-0.1038038849826535

    vN Entropy at center bond b=80 = 1.599029409170
    Eigs at center bond b=80: 0.5543 0.1352 0.1004 0.0963 0.0286 0.0246 0.0144 0.0069 0.0047 0.0043 
    Largest link dim during sweep 30/1000 was 1077
    Largest truncation error: 7.773842515917228e-07
    Energy after sweep 30/1000 is -172.894485641080
    Sweep 30/1000 CPU time = 8m, 48.7s (Wall time = 8m, 50.0s)
    Energy change:-0.08194055521678933

    vN Entropy at center bond b=80 = 1.659470299138
    Eigs at center bond b=80: 0.5423 0.1503 0.1145 0.0566 0.0389 0.0183 0.0174 0.0156 0.0044 0.0038 
    Largest link dim during sweep 31/1000 was 1043
    Largest truncation error: 8.743984888904711e-07
    Energy after sweep 31/1000 is -172.960267385532
    Sweep 31/1000 CPU time = 10m, 5s (Wall time = 10m, 6s)
    Energy change:-0.06578174445147056

    vN Entropy at center bond b=80 = 1.760259454324
    Eigs at center bond b=80: 0.4362 0.2433 0.1612 0.0283 0.0201 0.0177 0.0137 0.0132 0.0112 0.0067 
    Largest link dim during sweep 32/1000 was 1039
    Largest truncation error: 7.063080218481196e-07
    Energy after sweep 32/1000 is -173.014791551252
    Sweep 32/1000 CPU time = 12m, 1s (Wall time = 12m, 3s)
    Energy change:-0.05452416572055085

    vN Entropy at center bond b=80 = 1.873248134716
    Eigs at center bond b=80: 0.3675 0.2398 0.2120 0.0427 0.0263 0.0182 0.0111 0.0093 0.0077 0.0073 
    Largest link dim during sweep 33/1000 was 938
    Largest truncation error: 7.622230639226936e-07
    Energy after sweep 33/1000 is -173.113735459980
    Sweep 33/1000 CPU time = 15m, 21s (Wall time = 15m, 30s)
    Energy change:-0.09894390872764802

    vN Entropy at center bond b=80 = 1.851771233521
    Eigs at center bond b=80: 0.4399 0.2118 0.1110 0.1028 0.0247 0.0151 0.0144 0.0120 0.0096 0.0064 
    Largest link dim during sweep 34/1000 was 1021
    Largest truncation error: 7.686388450441412e-07
    Energy after sweep 34/1000 is -173.190873998846
    Sweep 34/1000 CPU time = 18m, 18s (Wall time = 18m, 45s)
    Energy change:-0.07713853886556876

    vN Entropy at center bond b=80 = 1.880418852929
    Eigs at center bond b=80: 0.4558 0.1705 0.1433 0.0655 0.0541 0.0165 0.0136 0.0094 0.0078 0.0073 
    Largest link dim during sweep 35/1000 was 1200
    Largest truncation error: 8.222947968128846e-07
    Energy after sweep 35/1000 is -173.223353142805
    Sweep 35/1000 CPU time = 24m, 21s (Wall time = 24m, 58s)
    Energy change:-0.03247914395961971

    vN Entropy at center bond b=80 = 1.933692270115
    Eigs at center bond b=80: 0.4268 0.2100 0.1237 0.0849 0.0305 0.0169 0.0145 0.0121 0.0089 0.0074 
    Largest link dim during sweep 36/1000 was 1371
    Largest truncation error: 7.928043958267387e-07
    Energy after sweep 36/1000 is -173.244888944094
    Sweep 36/1000 CPU time = 32m, 32s (Wall time = 33m, 19s)
    Energy change:-0.02153580128884869

    vN Entropy at center bond b=80 = 2.046877950840
    Eigs at center bond b=80: 0.3645 0.2273 0.1816 0.0486 0.0220 0.0194 0.0173 0.0163 0.0143 0.0102 
    Largest link dim during sweep 37/1000 was 1523
    Largest truncation error: 7.173843977062931e-07
    Energy after sweep 37/1000 is -173.264421696430
    Sweep 37/1000 CPU time = 45m, 5s (Wall time = 46m, 6s)
    Energy change:-0.01953275233614704

    vN Entropy at center bond b=80 = 2.273605615083
    Eigs at center bond b=80: 0.2574 0.2520 0.2065 0.0438 0.0329 0.0295 0.0253 0.0230 0.0174 0.0121 
    Largest link dim during sweep 38/1000 was 1759
    Largest truncation error: 8.745196607511787e-07
    Energy after sweep 38/1000 is -173.289984178551
    Sweep 38/1000 CPU time = 1h, 4m, 39s (Wall time = 1h, 5m, 58s)
    Energy change:-0.02556248212098922

    vN Entropy at center bond b=80 = 2.486632116031
    Eigs at center bond b=80: 0.2807 0.1833 0.1205 0.0771 0.0699 0.0668 0.0269 0.0261 0.0258 0.0127 
    Largest link dim during sweep 39/1000 was 1800
    Largest truncation error: 7.50819562204957e-07
    Energy after sweep 39/1000 is -173.324146453377
    Sweep 39/1000 CPU time = 1h, 26m, 2s (Wall time = 1h, 27m, 38s)
    Energy change:-0.034162274826258

    vN Entropy at center bond b=80 = 2.586083475325
    Eigs at center bond b=80: 0.2267 0.1696 0.1259 0.1085 0.0805 0.0612 0.0539 0.0222 0.0192 0.0147 
    Largest link dim during sweep 40/1000 was 1800
    Largest truncation error: 7.045131621649339e-07
    Energy after sweep 40/1000 is -173.345237565616
    Sweep 40/1000 CPU time = 1h, 36m, 13s (Wall time = 1h, 37m, 58s)
    Energy change:-0.02109111223879268

    vN Entropy at center bond b=80 = 2.666183695663
    Eigs at center bond b=80: 0.1660 0.1557 0.1546 0.1219 0.0911 0.0641 0.0548 0.0315 0.0234 0.0173 
    Largest link dim during sweep 41/1000 was 1800
    Largest truncation error: 7.01618120611048e-07
    Energy after sweep 41/1000 is -173.356725867374
    Sweep 41/1000 CPU time = 1h, 33m, 42s (Wall time = 1h, 35m, 28s)
    Energy change:-0.01148830175736748

    vN Entropy at center bond b=80 = 2.693460627135
    Eigs at center bond b=80: 0.1927 0.1301 0.1136 0.1121 0.1091 0.1001 0.0476 0.0358 0.0189 0.0136 
    Largest link dim during sweep 42/1000 was 1800
    Largest truncation error: 7.46317583336671e-07
    Energy after sweep 42/1000 is -173.365231634478
    Sweep 42/1000 CPU time = 1h, 39m, 21s (Wall time = 1h, 41m, 14s)
    Energy change:-0.008505767104651341

    vN Entropy at center bond b=80 = 2.657967426544
    Eigs at center bond b=80: 0.2069 0.1836 0.1140 0.1020 0.0943 0.0614 0.0437 0.0338 0.0162 0.0113 
    Largest link dim during sweep 43/1000 was 1800
    Largest truncation error: 7.575051687818475e-07
    Energy after sweep 43/1000 is -173.372077258126
    Sweep 43/1000 CPU time = 1h, 49m, 12s (Wall time = 1h, 51m, 13s)
    Energy change:-0.006845623647450338

    vN Entropy at center bond b=80 = 2.579514948863
    Eigs at center bond b=80: 0.2557 0.2103 0.1074 0.0771 0.0733 0.0455 0.0376 0.0236 0.0236 0.0128 
    Largest link dim during sweep 44/1000 was 1800
    Largest truncation error: 7.114402775971128e-07
    Energy after sweep 44/1000 is -173.377520517693
    Sweep 44/1000 CPU time = 1h, 57m, 31s (Wall time = 1h, 59m, 40s)
    Energy change:-0.00544325956681746

    vN Entropy at center bond b=80 = 2.474874569375
    Eigs at center bond b=80: 0.3215 0.2075 0.0950 0.0567 0.0541 0.0429 0.0295 0.0247 0.0227 0.0163 
    Largest link dim during sweep 45/1000 was 1800
    Largest truncation error: 8.143526820827062e-07
    Energy after sweep 45/1000 is -173.381976560619
    Sweep 45/1000 CPU time = 2h, 4m, 12s (Wall time = 2h, 6m, 29s)
    Energy change:-0.004456042926051396

    vN Entropy at center bond b=80 = 2.363246700355
    Eigs at center bond b=80: 0.3764 0.2009 0.0804 0.0412 0.0401 0.0387 0.0377 0.0330 0.0144 0.0137 
    Largest link dim during sweep 46/1000 was 1800
    Largest truncation error: 7.78068181562659e-07
    Energy after sweep 46/1000 is -173.385630477400
    Sweep 46/1000 CPU time = 2h, 8m, 5s (Wall time = 2h, 10m, 29s)
    Energy change:-0.003653916781843236

    vN Entropy at center bond b=80 = 2.264473002524
    Eigs at center bond b=80: 0.4161 0.1937 0.0674 0.0559 0.0339 0.0321 0.0308 0.0279 0.0157 0.0134 
    Largest link dim during sweep 47/1000 was 1800
    Largest truncation error: 7.219902108433306e-07
    Energy after sweep 47/1000 is -173.388457474570
    Sweep 47/1000 CPU time = 2h, 10m, 1s (Wall time = 2h, 12m, 26s)
    Energy change:-0.002826997169620427

    vN Entropy at center bond b=80 = 2.171937884994
    Eigs at center bond b=80: 0.4480 0.1849 0.0741 0.0552 0.0332 0.0262 0.0226 0.0193 0.0170 0.0146 
    Largest link dim during sweep 48/1000 was 1800
    Largest truncation error: 7.672969734755219e-07
    Energy after sweep 48/1000 is -173.390777918256
    Sweep 48/1000 CPU time = 2h, 12m, 34s (Wall time = 2h, 15m, 2s)
    Energy change:-0.002320443685874807

    vN Entropy at center bond b=80 = 2.105863937350
    Eigs at center bond b=80: 0.4681 0.1770 0.0887 0.0464 0.0317 0.0219 0.0182 0.0176 0.0154 0.0140 
    Largest link dim during sweep 49/1000 was 1800
    Largest truncation error: 7.558752583902604e-07
    Energy after sweep 49/1000 is -173.392324453350
    Sweep 49/1000 CPU time = 2h, 13m, 36s (Wall time = 2h, 16m, 6s)
    Energy change:-0.001546535093609691

    vN Entropy at center bond b=80 = 2.063044004158
    Eigs at center bond b=80: 0.4800 0.1706 0.0996 0.0405 0.0302 0.0192 0.0190 0.0159 0.0145 0.0130 
    Largest link dim during sweep 50/1000 was 1800
    Largest truncation error: 7.622778774942748e-07
    Energy after sweep 50/1000 is -173.393238568293
    Sweep 50/1000 CPU time = 2h, 10m, 26s (Wall time = 2h, 12m, 53s)
    Energy change:-0.0009141149430149653

    vN Entropy at center bond b=80 = 2.034402914298
    Eigs at center bond b=80: 0.4877 0.1649 0.1084 0.0362 0.0288 0.0200 0.0168 0.0162 0.0146 0.0125 
    Largest link dim during sweep 51/1000 was 1800
    Largest truncation error: 6.986517240403722e-07
    Energy after sweep 51/1000 is -173.393791965769
    Sweep 51/1000 CPU time = 2h, 7m, 46s (Wall time = 2h, 10m, 9s)
    Energy change:-0.0005533974767217842

    vN Entropy at center bond b=80 = 2.016511654754
    Eigs at center bond b=80: 0.4923 0.1604 0.1148 0.0333 0.0278 0.0207 0.0164 0.0159 0.0153 0.0111 
    Largest link dim during sweep 52/1000 was 1800
    Largest truncation error: 6.975796423079682e-07
    Energy after sweep 52/1000 is -173.394106932065
    Sweep 52/1000 CPU time = 2h, 4m, 18s (Wall time = 2h, 6m, 34s)
    Energy change:-0.0003149662955479471

    vN Entropy at center bond b=80 = 2.004774495085
    Eigs at center bond b=80: 0.4953 0.1566 0.1198 0.0311 0.0270 0.0213 0.0171 0.0165 0.0142 0.0102 
    Largest link dim during sweep 53/1000 was 1800
    Largest truncation error: 7.035559496977467e-07
    Energy after sweep 53/1000 is -173.394294431113
    Sweep 53/1000 CPU time = 2h, 2m, 11s (Wall time = 2h, 4m, 23s)
    Energy change:-0.00018749904819515

    vN Entropy at center bond b=80 = 1.997466123780
    Eigs at center bond b=80: 0.4971 0.1537 0.1235 0.0295 0.0263 0.0218 0.0181 0.0166 0.0134 0.0095 
    Largest link dim during sweep 54/1000 was 1800
    Largest truncation error: 7.096223348061164e-07
    Energy after sweep 54/1000 is -173.394395821830
    Sweep 54/1000 CPU time = 2h, 1m, 16s (Wall time = 2h, 3m, 26s)
    Energy change:-0.0001013907173046391

    vN Entropy at center bond b=80 = 1.992835961097
    Eigs at center bond b=80: 0.4983 0.1513 0.1264 0.0283 0.0259 0.0222 0.0189 0.0166 0.0129 0.0090 
    Largest link dim during sweep 55/1000 was 1800
    Largest truncation error: 7.13680172401642e-07
    Energy after sweep 55/1000 is -173.394452043984
    Sweep 55/1000 CPU time = 1h, 57m, 57s (Wall time = 2h, 3s)
    Energy change:-5.622215397238506e-05

    vN Entropy at center bond b=80 = 1.989926711377
    Eigs at center bond b=80: 0.4991 0.1495 0.1285 0.0274 0.0255 0.0225 0.0196 0.0166 0.0124 0.0090 
    Largest link dim during sweep 56/1000 was 1800
    Largest truncation error: 7.164941644706017e-07
    Energy after sweep 56/1000 is -173.394485200046
    Sweep 56/1000 CPU time = 1h, 56m, 20s (Wall time = 1h, 58m, 25s)
    Energy change:-3.315606207365818e-05

    vN Entropy at center bond b=80 = 1.987972806881
    Eigs at center bond b=80: 0.4996 0.1480 0.1302 0.0267 0.0252 0.0227 0.0201 0.0167 0.0121 0.0093 
    Largest link dim during sweep 57/1000 was 1800
    Largest truncation error: 7.261771220710544e-07
    Energy after sweep 57/1000 is -173.394506652820
    Sweep 57/1000 CPU time = 1h, 55m, 5s (Wall time = 1h, 57m, 13s)
    Energy change:-2.145277389331568e-05

    vN Entropy at center bond b=80 = 1.986699337145
    Eigs at center bond b=80: 0.4999 0.1468 0.1315 0.0262 0.0250 0.0229 0.0206 0.0167 0.0118 0.0095 
    Largest link dim during sweep 58/1000 was 1797
    Largest truncation error: 7.087960377451237e-07
    Energy after sweep 58/1000 is -173.394517979483
    Sweep 58/1000 CPU time = 1h, 54m, 15s (Wall time = 1h, 56m, 22s)
    Energy change:-1.132666321268516e-05

    vN Entropy at center bond b=80 = 1.985877819802
    Eigs at center bond b=80: 0.5001 0.1458 0.1325 0.0257 0.0248 0.0231 0.0210 0.0167 0.0116 0.0096 
    Largest link dim during sweep 59/1000 was 1791
    Largest truncation error: 7.138870033370023e-07
    Energy after sweep 59/1000 is -173.394527047053
    Sweep 59/1000 CPU time = 1h, 53m, 30s (Wall time = 1h, 55m, 39s)
    Energy change:-9.067569976650702e-06

    Energy has converged -> stop the DMRG.
Final energy=0
Time=192485 sec
Nup =22 Ndown = 18L = 40 W = 4
