1_Dn 5_Up 9_Dn 13_Up 17_Dn 21_Up 25_Dn 29_Up 33_Dn 37_Up 2_Up 6_Dn 10_Up 14_Dn 18_Up 22_Dn 26_Up 30_Dn 34_Up 38_Dn 3_Dn 7_Up 11_Dn 15_Up 19_Dn 23_Up 27_Dn 31_Up 35_Dn 39_Up 4_Up 8_Dn 12_Up 16_Dn 20_Up 24_Dn 28_Up 32_Dn 36_Up 40_Dn 41_Up Initial energy=0
    vN Entropy at center bond b=80 = 0.000952273619
    Eigs at center bond b=80: 0.9999 
    Largest link dim during sweep 1/1000 was 10
    Largest truncation error: 0.0003123941383627863
    Energy after sweep 1/1000 is -156.691592026717
    Sweep 1/1000 CPU time = 0.451s (Wall time = 0.455s)
    Energy change:-156.6915920267174

    vN Entropy at center bond b=80 = 0.233123195533
    Eigs at center bond b=80: 0.9377 0.0623 
    Largest link dim during sweep 2/1000 was 20
    Largest truncation error: 0.003649387504823806
    Energy after sweep 2/1000 is -159.578847742430
    Sweep 2/1000 CPU time = 1.524s (Wall time = 1.533s)
    Energy change:-2.887255715712485

    vN Entropy at center bond b=80 = 0.542688104882
    Eigs at center bond b=80: 0.7672 0.2328 
    Largest link dim during sweep 3/1000 was 50
    Largest truncation error: 0.001367609287103983
    Energy after sweep 3/1000 is -163.795795915494
    Sweep 3/1000 CPU time = 3.196s (Wall time = 3.422s)
    Energy change:-4.216948173064168

    vN Entropy at center bond b=80 = 0.692461818225
    Eigs at center bond b=80: 0.5185 0.4815 
    Largest link dim during sweep 4/1000 was 100
    Largest truncation error: 0.0008465573586508853
    Energy after sweep 4/1000 is -166.536764244797
    Sweep 4/1000 CPU time = 6.104s (Wall time = 6.660s)
    Energy change:-2.74096832930249

    vN Entropy at center bond b=80 = 0.579914987744
    Eigs at center bond b=80: 0.7333 0.2667 
    Largest link dim during sweep 5/1000 was 200
    Largest truncation error: 0.00025278208227575
    Energy after sweep 5/1000 is -168.181070298782
    Sweep 5/1000 CPU time = 14.19s (Wall time = 15.52s)
    Energy change:-1.644306053985105

    vN Entropy at center bond b=80 = 0.393312928448
    Eigs at center bond b=80: 0.8663 0.1337 
    Largest link dim during sweep 6/1000 was 400
    Largest truncation error: 8.900171360558812e-05
    Energy after sweep 6/1000 is -169.498183809557
    Sweep 6/1000 CPU time = 52.44s (Wall time = 55.48s)
    Energy change:-1.317113510774902

    vN Entropy at center bond b=80 = 0.195863251137
    Eigs at center bond b=80: 0.9511 0.0489 
    Largest link dim during sweep 7/1000 was 1000
    Largest truncation error: 1.374189739419026e-05
    Energy after sweep 7/1000 is -170.605197172271
    Sweep 7/1000 CPU time = 6m, 18.2s (Wall time = 6m, 29.3s)
    Energy change:-1.107013362714497

    vN Entropy at center bond b=80 = 0.114664024151
    Eigs at center bond b=80: 0.9802 0.0147 0.0018 0.0016 0.0015 
    Largest link dim during sweep 8/1000 was 1800
    Largest truncation error: 4.012955582078426e-06
    Energy after sweep 8/1000 is -171.514964014073
    Sweep 8/1000 CPU time = 23m, 40s (Wall time = 24m, 10s)
    Energy change:-0.9097668418017406

    vN Entropy at center bond b=80 = 0.557619184232
    Eigs at center bond b=80: 0.8528 0.1037 0.0192 0.0191 0.0020 0.0014 
    Largest link dim during sweep 9/1000 was 1800
    Largest truncation error: 4.062768721841372e-06
    Energy after sweep 9/1000 is -172.337729781077
    Sweep 9/1000 CPU time = 34m, 15s (Wall time = 34m, 55s)
    Energy change:-0.8227657670037445

    vN Entropy at center bond b=80 = 0.976209577950
    Eigs at center bond b=80: 0.5425 0.3840 0.0326 0.0324 0.0032 0.0031 
    Largest link dim during sweep 10/1000 was 1800
    Largest truncation error: 1.455205627982053e-05
    Energy after sweep 10/1000 is -173.043851240602
    Sweep 10/1000 CPU time = 35m, 9s (Wall time = 35m, 49s)
    Energy change:-0.7061214595257752

    vN Entropy at center bond b=80 = 0.656177671282
    Eigs at center bond b=80: 0.8458 0.0938 0.0164 0.0161 0.0070 0.0051 0.0047 0.0046 0.0019 0.0019 
    Largest link dim during sweep 11/1000 was 1800
    Largest truncation error: 3.726632103552041e-06
    Energy after sweep 11/1000 is -173.786646269147
    Sweep 11/1000 CPU time = 34m, 19s (Wall time = 34m, 59s)
    Energy change:-0.7427950285448901

    vN Entropy at center bond b=80 = 0.853564529321
    Eigs at center bond b=80: 0.7606 0.1590 0.0254 0.0253 0.0091 0.0055 0.0030 0.0030 0.0029 0.0028 
    Largest link dim during sweep 12/1000 was 1800
    Largest truncation error: 4.918581510242051e-06
    Energy after sweep 12/1000 is -174.501330338213
    Sweep 12/1000 CPU time = 34m, 8s (Wall time = 34m, 47s)
    Energy change:-0.7146840690658394

    vN Entropy at center bond b=80 = 0.971233869920
    Eigs at center bond b=80: 0.6075 0.3167 0.0312 0.0311 0.0037 0.0037 0.0011 
    Largest link dim during sweep 13/1000 was 1800
    Largest truncation error: 8.362135878001503e-06
    Energy after sweep 13/1000 is -175.140591130348
    Sweep 13/1000 CPU time = 32m, 37s (Wall time = 33m, 14s)
    Energy change:-0.6392607921348485

    vN Entropy at center bond b=80 = 0.709717918956
    Eigs at center bond b=80: 0.8514 0.0497 0.0377 0.0114 0.0114 0.0106 0.0106 0.0087 0.0015 0.0015 
    Largest link dim during sweep 14/1000 was 1800
    Largest truncation error: 4.195168094680782e-06
    Energy after sweep 14/1000 is -175.817904315817
    Sweep 14/1000 CPU time = 31m, 28s (Wall time = 32m, 5s)
    Energy change:-0.6773131854691599

    vN Entropy at center bond b=80 = 1.038093657297
    Eigs at center bond b=80: 0.5863 0.3268 0.0322 0.0322 0.0041 0.0041 0.0040 0.0037 0.0013 0.0013 
    Largest link dim during sweep 15/1000 was 1800
    Largest truncation error: 2.471362668602948e-06
    Energy after sweep 15/1000 is -176.326195808932
    Sweep 15/1000 CPU time = 27m, 5s (Wall time = 27m, 37s)
    Energy change:-0.5082914931150242

    vN Entropy at center bond b=80 = 0.929362314580
    Eigs at center bond b=80: 0.7094 0.2111 0.0259 0.0259 0.0045 0.0045 0.0037 0.0037 0.0028 0.0028 
    Largest link dim during sweep 16/1000 was 1800
    Largest truncation error: 1.366107882517401e-06
    Energy after sweep 16/1000 is -177.031301409373
    Sweep 16/1000 CPU time = 26m, 3s (Wall time = 26m, 31s)
    Energy change:-0.7051056004405893

    vN Entropy at center bond b=80 = 0.859340649346
    Eigs at center bond b=80: 0.8011 0.0927 0.0319 0.0186 0.0186 0.0086 0.0076 0.0076 0.0029 0.0029 
    Largest link dim during sweep 17/1000 was 1800
    Largest truncation error: 1.332757341053562e-06
    Energy after sweep 17/1000 is -177.539652969001
    Sweep 17/1000 CPU time = 26m, 50s (Wall time = 27m, 19s)
    Energy change:-0.5083515596280108

    vN Entropy at center bond b=80 = 1.090373169017
    Eigs at center bond b=80: 0.5066 0.4030 0.0326 0.0326 0.0048 0.0048 0.0035 0.0030 0.0011 0.0011 
    Largest link dim during sweep 18/1000 was 1797
    Largest truncation error: 8.636924532243473e-07
    Energy after sweep 18/1000 is -177.913629995629
    Sweep 18/1000 CPU time = 20m, 10s (Wall time = 20m, 31s)
    Energy change:-0.3739770266284381

    vN Entropy at center bond b=80 = 0.934230732812
    Eigs at center bond b=80: 0.7464 0.1621 0.0221 0.0221 0.0140 0.0071 0.0055 0.0055 0.0036 0.0036 
    Largest link dim during sweep 19/1000 was 1451
    Largest truncation error: 8.300247915686721e-07
    Energy after sweep 19/1000 is -178.294817990761
    Sweep 19/1000 CPU time = 15m, 7s (Wall time = 15m, 20s)
    Energy change:-0.3811879951322794

    vN Entropy at center bond b=80 = 0.968968158619
    Eigs at center bond b=80: 0.7560 0.1299 0.0318 0.0211 0.0211 0.0093 0.0074 0.0074 0.0036 0.0036 
    Largest link dim during sweep 20/1000 was 1326
    Largest truncation error: 8.328128491281151e-07
    Energy after sweep 20/1000 is -178.648728764474
    Sweep 20/1000 CPU time = 12m, 7s (Wall time = 12m, 14s)
    Energy change:-0.3539107737129541

    vN Entropy at center bond b=80 = 1.128340629452
    Eigs at center bond b=80: 0.4774 0.4282 0.0315 0.0315 0.0053 0.0053 0.0038 0.0037 0.0016 0.0013 
    Largest link dim during sweep 21/1000 was 1191
    Largest truncation error: 7.984420277908478e-07
    Energy after sweep 21/1000 is -178.946485402791
    Sweep 21/1000 CPU time = 9m, 28.1s (Wall time = 9m, 33.0s)
    Energy change:-0.297756638316514

    vN Entropy at center bond b=80 = 1.027203987793
    Eigs at center bond b=80: 0.7197 0.1716 0.0235 0.0219 0.0219 0.0088 0.0068 0.0068 0.0040 0.0040 
    Largest link dim during sweep 22/1000 was 1172
    Largest truncation error: 7.969292625642241e-07
    Energy after sweep 22/1000 is -179.241209433491
    Sweep 22/1000 CPU time = 8m, 19.7s (Wall time = 8m, 23.8s)
    Energy change:-0.2947240307003369

    vN Entropy at center bond b=80 = 1.053016436321
    Eigs at center bond b=80: 0.7266 0.1447 0.0411 0.0206 0.0206 0.0104 0.0084 0.0084 0.0039 0.0039 
    Largest link dim during sweep 23/1000 was 1607
    Largest truncation error: 9.366874902095776e-07
    Energy after sweep 23/1000 is -179.652538959464
    Sweep 23/1000 CPU time = 8m, 52.9s (Wall time = 8m, 57.1s)
    Energy change:-0.411329525973116

    vN Entropy at center bond b=80 = 1.161923707481
    Eigs at center bond b=80: 0.4629 0.4380 0.0304 0.0304 0.0059 0.0059 0.0048 0.0039 0.0021 0.0016 
    Largest link dim during sweep 24/1000 was 1752
    Largest truncation error: 9.628591728344702e-07
    Energy after sweep 24/1000 is -180.018563083762
    Sweep 24/1000 CPU time = 11m, 39s (Wall time = 11m, 46s)
    Energy change:-0.3660241242980078

    vN Entropy at center bond b=80 = 1.086129403667
    Eigs at center bond b=80: 0.7027 0.1778 0.0288 0.0218 0.0217 0.0088 0.0075 0.0075 0.0046 0.0046 
    Largest link dim during sweep 25/1000 was 1452
    Largest truncation error: 7.628068442086491e-07
    Energy after sweep 25/1000 is -180.313045871968
    Sweep 25/1000 CPU time = 10m, 52s (Wall time = 10m, 58s)
    Energy change:-0.29448278820567

    vN Entropy at center bond b=80 = 1.112745500304
    Eigs at center bond b=80: 0.7050 0.1577 0.0443 0.0211 0.0211 0.0103 0.0088 0.0087 0.0045 0.0045 
    Largest link dim during sweep 26/1000 was 1617
    Largest truncation error: 8.138803694193157e-07
    Energy after sweep 26/1000 is -180.534155026948
    Sweep 26/1000 CPU time = 8m, 30.8s (Wall time = 8m, 34.1s)
    Energy change:-0.2211091549795299

    vN Entropy at center bond b=80 = 1.205570618679
    Eigs at center bond b=80: 0.4965 0.3961 0.0290 0.0289 0.0091 0.0062 0.0062 0.0055 0.0026 0.0026 
    Largest link dim during sweep 27/1000 was 1443
    Largest truncation error: 8.811916768272458e-07
    Energy after sweep 27/1000 is -180.705139102016
    Sweep 27/1000 CPU time = 7m, 6.9s (Wall time = 7m, 9.0s)
    Energy change:-0.1709840750687306

    vN Entropy at center bond b=80 = 1.195179806361
    Eigs at center bond b=80: 0.6124 0.2696 0.0253 0.0251 0.0193 0.0073 0.0058 0.0058 0.0053 0.0052 
    Largest link dim during sweep 28/1000 was 1197
    Largest truncation error: 7.745249859663073e-07
    Energy after sweep 28/1000 is -180.836244169249
    Sweep 28/1000 CPU time = 5m, 57.2s (Wall time = 5m, 58.5s)
    Energy change:-0.131105067232653

    vN Entropy at center bond b=80 = 1.195970921257
    Eigs at center bond b=80: 0.6956 0.1148 0.0898 0.0158 0.0155 0.0142 0.0142 0.0120 0.0056 0.0040 
    Largest link dim during sweep 29/1000 was 1187
    Largest truncation error: 7.368264234556556e-07
    Energy after sweep 29/1000 is -180.943325870731
    Sweep 29/1000 CPU time = 4m, 57.1s (Wall time = 4m, 57.8s)
    Energy change:-0.1070817014818601

    vN Entropy at center bond b=80 = 1.263403555528
    Eigs at center bond b=80: 0.6207 0.2317 0.0439 0.0230 0.0228 0.0110 0.0082 0.0078 0.0056 0.0056 
    Largest link dim during sweep 30/1000 was 973
    Largest truncation error: 8.001009236806145e-07
    Energy after sweep 30/1000 is -181.037024264169
    Sweep 30/1000 CPU time = 4m, 33.0s (Wall time = 4m, 33.7s)
    Energy change:-0.09369839343838748

    vN Entropy at center bond b=80 = 1.307117418446
    Eigs at center bond b=80: 0.4827 0.3910 0.0265 0.0262 0.0167 0.0077 0.0066 0.0066 0.0051 0.0041 
    Largest link dim during sweep 31/1000 was 1099
    Largest truncation error: 7.845438885702225e-07
    Energy after sweep 31/1000 is -181.132009819196
    Sweep 31/1000 CPU time = 4m, 43.6s (Wall time = 4m, 44.3s)
    Energy change:-0.09498555502688077

    vN Entropy at center bond b=80 = 1.321082362516
    Eigs at center bond b=80: 0.5503 0.3133 0.0247 0.0247 0.0242 0.0084 0.0066 0.0065 0.0056 0.0055 
    Largest link dim during sweep 32/1000 was 1066
    Largest truncation error: 9.043479762867019e-07
    Energy after sweep 32/1000 is -181.230049612745
    Sweep 32/1000 CPU time = 5m, 5.7s (Wall time = 5m, 6.5s)
    Energy change:-0.09803979354859393

    vN Entropy at center bond b=80 = 1.344112847160
    Eigs at center bond b=80: 0.6379 0.1541 0.0956 0.0174 0.0169 0.0135 0.0134 0.0126 0.0074 0.0053 
    Largest link dim during sweep 33/1000 was 779
    Largest truncation error: 7.561051560959369e-07
    Energy after sweep 33/1000 is -181.326296417493
    Sweep 33/1000 CPU time = 5m, 13.8s (Wall time = 5m, 14.6s)
    Energy change:-0.09624680474786373

    vN Entropy at center bond b=80 = 1.389962552308
    Eigs at center bond b=80: 0.5777 0.2492 0.0568 0.0221 0.0218 0.0112 0.0090 0.0087 0.0073 0.0067 
    Largest link dim during sweep 34/1000 was 864
    Largest truncation error: 7.593813987944315e-07
    Energy after sweep 34/1000 is -181.387970937238
    Sweep 34/1000 CPU time = 5m, 45.0s (Wall time = 5m, 45.8s)
    Energy change:-0.06167451974559413

    vN Entropy at center bond b=80 = 1.424639451271
    Eigs at center bond b=80: 0.4461 0.4044 0.0247 0.0244 0.0221 0.0113 0.0079 0.0078 0.0078 0.0053 
    Largest link dim during sweep 35/1000 was 707
    Largest truncation error: 7.608832939920238e-07
    Energy after sweep 35/1000 is -181.428797666433
    Sweep 35/1000 CPU time = 6m, 0.2s (Wall time = 6m, 1.1s)
    Energy change:-0.04082672919517449

    vN Entropy at center bond b=80 = 1.448198207121
    Eigs at center bond b=80: 0.5209 0.3144 0.0368 0.0230 0.0226 0.0094 0.0088 0.0076 0.0076 0.0069 
    Largest link dim during sweep 36/1000 was 660
    Largest truncation error: 7.403378921414901e-07
    Energy after sweep 36/1000 is -181.455459163498
    Sweep 36/1000 CPU time = 6m, 16.8s (Wall time = 6m, 17.8s)
    Energy change:-0.02666149706473675

    vN Entropy at center bond b=80 = 1.470105444959
    Eigs at center bond b=80: 0.5787 0.2142 0.0813 0.0193 0.0189 0.0124 0.0112 0.0111 0.0087 0.0067 
    Largest link dim during sweep 37/1000 was 691
    Largest truncation error: 7.4456495638926e-07
    Energy after sweep 37/1000 is -181.472132954913
    Sweep 37/1000 CPU time = 6m, 41.5s (Wall time = 6m, 42.4s)
    Energy change:-0.01667379141454717

    vN Entropy at center bond b=80 = 1.498849935739
    Eigs at center bond b=80: 0.5858 0.1450 0.1422 0.0154 0.0154 0.0153 0.0150 0.0139 0.0092 0.0055 
    Largest link dim during sweep 38/1000 was 756
    Largest truncation error: 7.632706162594336e-07
    Energy after sweep 38/1000 is -181.482495519866
    Sweep 38/1000 CPU time = 7m, 27.2s (Wall time = 7m, 28.3s)
    Energy change:-0.01036256495387988

    vN Entropy at center bond b=80 = 1.527572594231
    Eigs at center bond b=80: 0.5634 0.2025 0.1039 0.0183 0.0181 0.0143 0.0124 0.0120 0.0089 0.0065 
    Largest link dim during sweep 39/1000 was 792
    Largest truncation error: 7.634464193886128e-07
    Energy after sweep 39/1000 is -181.488133502881
    Sweep 39/1000 CPU time = 8m, 6.1s (Wall time = 8m, 8.4s)
    Energy change:-0.005637983014963766

    vN Entropy at center bond b=80 = 1.555187714727
    Eigs at center bond b=80: 0.5334 0.2507 0.0808 0.0199 0.0195 0.0143 0.0104 0.0100 0.0083 0.0071 
    Largest link dim during sweep 40/1000 was 832
    Largest truncation error: 7.519432270841989e-07
    Energy after sweep 40/1000 is -181.490665458173
    Sweep 40/1000 CPU time = 8m, 27.3s (Wall time = 8m, 30.6s)
    Energy change:-0.002531955291971144

    vN Entropy at center bond b=80 = 1.573981842613
    Eigs at center bond b=80: 0.5114 0.2801 0.0689 0.0207 0.0201 0.0142 0.0094 0.0089 0.0087 0.0079 
    Largest link dim during sweep 41/1000 was 850
    Largest truncation error: 6.961037995292238e-07
    Energy after sweep 41/1000 is -181.491774205828
    Sweep 41/1000 CPU time = 8m, 33.8s (Wall time = 8m, 37.5s)
    Energy change:-0.001108747654654962

    vN Entropy at center bond b=80 = 1.584558127440
    Eigs at center bond b=80: 0.4982 0.2966 0.0624 0.0213 0.0204 0.0140 0.0109 0.0089 0.0082 0.0075 
    Largest link dim during sweep 42/1000 was 866
    Largest truncation error: 7.114692402838322e-07
    Energy after sweep 42/1000 is -181.492453867575
    Sweep 42/1000 CPU time = 8m, 31.2s (Wall time = 8m, 34.8s)
    Energy change:-0.0006796617470570254

    vN Entropy at center bond b=80 = 1.591947177365
    Eigs at center bond b=80: 0.4895 0.3070 0.0581 0.0219 0.0205 0.0138 0.0124 0.0087 0.0078 0.0076 
    Largest link dim during sweep 43/1000 was 886
    Largest truncation error: 7.188405680126554e-07
    Energy after sweep 43/1000 is -181.493028458444
    Sweep 43/1000 CPU time = 8m, 43.2s (Wall time = 8m, 46.8s)
    Energy change:-0.000574590869206304

    vN Entropy at center bond b=80 = 1.598874009091
    Eigs at center bond b=80: 0.4830 0.3143 0.0549 0.0227 0.0206 0.0136 0.0135 0.0087 0.0076 0.0075 
    Largest link dim during sweep 44/1000 was 916
    Largest truncation error: 7.225686591573978e-07
    Energy after sweep 44/1000 is -181.493575948354
    Sweep 44/1000 CPU time = 9m, 1.2s (Wall time = 9m, 5.4s)
    Energy change:-0.0005474899097919206

    vN Entropy at center bond b=80 = 1.606606402853
    Eigs at center bond b=80: 0.4774 0.3200 0.0522 0.0237 0.0207 0.0144 0.0134 0.0088 0.0077 0.0074 
    Largest link dim during sweep 45/1000 was 942
    Largest truncation error: 7.173385811231945e-07
    Energy after sweep 45/1000 is -181.494118848596
    Sweep 45/1000 CPU time = 9m, 22.4s (Wall time = 9m, 28.5s)
    Energy change:-0.0005429002414985007

    vN Entropy at center bond b=80 = 1.615863845163
    Eigs at center bond b=80: 0.4721 0.3247 0.0497 0.0252 0.0207 0.0152 0.0132 0.0090 0.0078 0.0077 
    Largest link dim during sweep 46/1000 was 966
    Largest truncation error: 7.099829879056199e-07
    Energy after sweep 46/1000 is -181.494664488250
    Sweep 46/1000 CPU time = 9m, 49.6s (Wall time = 9m, 58.9s)
    Energy change:-0.0005456396546037467

    vN Entropy at center bond b=80 = 1.626772574914
    Eigs at center bond b=80: 0.4668 0.3287 0.0472 0.0270 0.0206 0.0160 0.0130 0.0094 0.0079 0.0079 
    Largest link dim during sweep 47/1000 was 989
    Largest truncation error: 7.619760815540822e-07
    Energy after sweep 47/1000 is -181.495171229755
    Sweep 47/1000 CPU time = 10m, 14s (Wall time = 10m, 28s)
    Energy change:-0.0005067415043242818

    vN Entropy at center bond b=80 = 1.639006264093
    Eigs at center bond b=80: 0.4614 0.3322 0.0449 0.0293 0.0206 0.0166 0.0128 0.0098 0.0081 0.0079 
    Largest link dim during sweep 48/1000 was 1014
    Largest truncation error: 7.189495820520301e-07
    Energy after sweep 48/1000 is -181.495655937736
    Sweep 48/1000 CPU time = 10m, 45s (Wall time = 11m, 3s)
    Energy change:-0.0004847079819398914

    vN Entropy at center bond b=80 = 1.652162219873
    Eigs at center bond b=80: 0.4560 0.3353 0.0426 0.0321 0.0205 0.0172 0.0125 0.0104 0.0083 0.0080 
    Largest link dim during sweep 49/1000 was 1036
    Largest truncation error: 7.147649676330979e-07
    Energy after sweep 49/1000 is -181.496099825229
    Sweep 49/1000 CPU time = 11m, 12s (Wall time = 11m, 29s)
    Energy change:-0.0004438874928212044

    vN Entropy at center bond b=80 = 1.666122573161
    Eigs at center bond b=80: 0.4506 0.3377 0.0404 0.0353 0.0204 0.0178 0.0123 0.0110 0.0084 0.0081 
    Largest link dim during sweep 50/1000 was 1055
    Largest truncation error: 6.852449647450863e-07
    Energy after sweep 50/1000 is -181.496513972752
    Sweep 50/1000 CPU time = 11m, 38s (Wall time = 11m, 58s)
    Energy change:-0.0004141475230596825

    vN Entropy at center bond b=80 = 1.680600736487
    Eigs at center bond b=80: 0.4452 0.3396 0.0389 0.0383 0.0202 0.0182 0.0121 0.0117 0.0085 0.0081 
    Largest link dim during sweep 51/1000 was 1064
    Largest truncation error: 6.716011071044306e-07
    Energy after sweep 51/1000 is -181.496891708242
    Sweep 51/1000 CPU time = 12m, 2s (Wall time = 12m, 22s)
    Energy change:-0.0003777354895078133

    vN Entropy at center bond b=80 = 1.694995636351
    Eigs at center bond b=80: 0.4399 0.3411 0.0428 0.0364 0.0201 0.0186 0.0125 0.0119 0.0086 0.0082 
    Largest link dim during sweep 52/1000 was 1071
    Largest truncation error: 6.839304194570047e-07
    Energy after sweep 52/1000 is -181.497219375092
    Sweep 52/1000 CPU time = 12m, 24s (Wall time = 12m, 42s)
    Energy change:-0.0003276668503531255

    vN Entropy at center bond b=80 = 1.709220348120
    Eigs at center bond b=80: 0.4348 0.3421 0.0468 0.0347 0.0199 0.0189 0.0132 0.0116 0.0086 0.0082 
    Largest link dim during sweep 53/1000 was 1076
    Largest truncation error: 6.716657836562307e-07
    Energy after sweep 53/1000 is -181.497505477435
    Sweep 53/1000 CPU time = 12m, 38s (Wall time = 12m, 58s)
    Energy change:-0.0002861023428408771

    vN Entropy at center bond b=80 = 1.723121283992
    Eigs at center bond b=80: 0.4300 0.3427 0.0508 0.0331 0.0198 0.0192 0.0139 0.0114 0.0087 0.0083 
    Largest link dim during sweep 54/1000 was 1076
    Largest truncation error: 6.668605693352218e-07
    Energy after sweep 54/1000 is -181.497748848709
    Sweep 54/1000 CPU time = 12m, 50s (Wall time = 13m, 10s)
    Energy change:-0.0002433712742231364

    vN Entropy at center bond b=80 = 1.736631333938
    Eigs at center bond b=80: 0.4254 0.3429 0.0549 0.0317 0.0196 0.0194 0.0146 0.0113 0.0087 0.0083 
    Largest link dim during sweep 55/1000 was 1077
    Largest truncation error: 6.619324978665917e-07
    Energy after sweep 55/1000 is -181.497964482789
    Sweep 55/1000 CPU time = 13m, 0s (Wall time = 13m, 20s)
    Energy change:-0.0002156340796091172

    vN Entropy at center bond b=80 = 1.749968509312
    Eigs at center bond b=80: 0.4211 0.3428 0.0590 0.0304 0.0195 0.0194 0.0153 0.0111 0.0087 0.0083 
    Largest link dim during sweep 56/1000 was 1076
    Largest truncation error: 6.571172846820199e-07
    Energy after sweep 56/1000 is -181.498153522993
    Sweep 56/1000 CPU time = 13m, 7s (Wall time = 13m, 28s)
    Energy change:-0.0001890402039350647

    vN Entropy at center bond b=80 = 1.763095145154
    Eigs at center bond b=80: 0.4169 0.3425 0.0630 0.0292 0.0196 0.0192 0.0160 0.0109 0.0087 0.0083 
    Largest link dim during sweep 57/1000 was 1075
    Largest truncation error: 6.554279533031822e-07
    Energy after sweep 57/1000 is -181.498322701818
    Sweep 57/1000 CPU time = 13m, 15s (Wall time = 13m, 36s)
    Energy change:-0.0001691788254163384

    vN Entropy at center bond b=80 = 1.776163323441
    Eigs at center bond b=80: 0.4129 0.3419 0.0669 0.0281 0.0197 0.0191 0.0166 0.0108 0.0087 0.0083 
    Largest link dim during sweep 58/1000 was 1075
    Largest truncation error: 6.539258068472204e-07
    Energy after sweep 58/1000 is -181.498478141919
    Sweep 58/1000 CPU time = 13m, 22s (Wall time = 13m, 43s)
    Energy change:-0.0001554401008831974

    vN Entropy at center bond b=80 = 1.789274692493
    Eigs at center bond b=80: 0.4089 0.3411 0.0708 0.0271 0.0198 0.0189 0.0172 0.0106 0.0087 0.0083 
    Largest link dim during sweep 59/1000 was 1074
    Largest truncation error: 6.466957510156738e-07
    Energy after sweep 59/1000 is -181.498618159679
    Sweep 59/1000 CPU time = 13m, 31s (Wall time = 13m, 51s)
    Energy change:-0.0001400177599464314

    vN Entropy at center bond b=80 = 1.802388302359
    Eigs at center bond b=80: 0.4051 0.3401 0.0746 0.0262 0.0199 0.0187 0.0178 0.0105 0.0087 0.0083 
    Largest link dim during sweep 60/1000 was 1073
    Largest truncation error: 6.828076487096828e-07
    Energy after sweep 60/1000 is -181.498744246722
    Sweep 60/1000 CPU time = 13m, 38s (Wall time = 13m, 60s)
    Energy change:-0.0001260870429575789

    vN Entropy at center bond b=80 = 1.815548614392
    Eigs at center bond b=80: 0.4013 0.3390 0.0783 0.0254 0.0199 0.0186 0.0183 0.0104 0.0087 0.0083 
    Largest link dim during sweep 61/1000 was 1071
    Largest truncation error: 6.815321382989217e-07
    Energy after sweep 61/1000 is -181.498867901619
    Sweep 61/1000 CPU time = 13m, 49s (Wall time = 14m, 12s)
    Energy change:-0.0001236548972656237

    vN Entropy at center bond b=80 = 1.828955433225
    Eigs at center bond b=80: 0.3976 0.3377 0.0820 0.0246 0.0200 0.0188 0.0184 0.0102 0.0087 0.0083 
    Largest link dim during sweep 62/1000 was 1069
    Largest truncation error: 6.765225976243955e-07
    Energy after sweep 62/1000 is -181.498985619394
    Sweep 62/1000 CPU time = 13m, 57s (Wall time = 14m, 20s)
    Energy change:-0.0001177177742874846

    vN Entropy at center bond b=80 = 1.842434124764
    Eigs at center bond b=80: 0.3939 0.3363 0.0857 0.0239 0.0200 0.0193 0.0182 0.0101 0.0089 0.0087 
    Largest link dim during sweep 63/1000 was 1065
    Largest truncation error: 6.84596111784324e-07
    Energy after sweep 63/1000 is -181.499093567379
    Sweep 63/1000 CPU time = 14m, 5s (Wall time = 14m, 28s)
    Energy change:-0.000107947984929524

    vN Entropy at center bond b=80 = 1.855956386863
    Eigs at center bond b=80: 0.3902 0.3347 0.0892 0.0232 0.0200 0.0197 0.0181 0.0103 0.0100 0.0087 
    Largest link dim during sweep 64/1000 was 1063
    Largest truncation error: 6.79760204716702e-07
    Energy after sweep 64/1000 is -181.499198824430
    Sweep 64/1000 CPU time = 14m, 14s (Wall time = 14m, 37s)
    Energy change:-0.0001052570514161744

    vN Entropy at center bond b=80 = 1.869695971349
    Eigs at center bond b=80: 0.3865 0.3330 0.0928 0.0226 0.0201 0.0200 0.0179 0.0118 0.0099 0.0089 
    Largest link dim during sweep 65/1000 was 1062
    Largest truncation error: 6.784561750949364e-07
    Energy after sweep 65/1000 is -181.499305582778
    Sweep 65/1000 CPU time = 14m, 23s (Wall time = 14m, 46s)
    Energy change:-0.0001067583478686629

    vN Entropy at center bond b=80 = 1.883427096093
    Eigs at center bond b=80: 0.3829 0.3312 0.0963 0.0220 0.0205 0.0200 0.0177 0.0135 0.0098 0.0091 
    Largest link dim during sweep 66/1000 was 1061
    Largest truncation error: 6.774853535210991e-07
    Energy after sweep 66/1000 is -181.499397353192
    Sweep 66/1000 CPU time = 14m, 30s (Wall time = 14m, 54s)
    Energy change:-9.177041465591174e-05

    vN Entropy at center bond b=80 = 1.896949148121
    Eigs at center bond b=80: 0.3793 0.3293 0.0996 0.0215 0.0209 0.0200 0.0175 0.0153 0.0097 0.0093 
    Largest link dim during sweep 67/1000 was 1060
    Largest truncation error: 6.76637735576325e-07
    Energy after sweep 67/1000 is -181.499486129538
    Sweep 67/1000 CPU time = 14m, 39s (Wall time = 15m, 2s)
    Energy change:-8.877634562054482e-05

    vN Entropy at center bond b=80 = 1.910257402453
    Eigs at center bond b=80: 0.3757 0.3274 0.1029 0.0212 0.0209 0.0200 0.0174 0.0171 0.0096 0.0095 
    Largest link dim during sweep 68/1000 was 1059
    Largest truncation error: 6.758474378746535e-07
    Energy after sweep 68/1000 is -181.499567399706
    Sweep 68/1000 CPU time = 14m, 47s (Wall time = 15m, 10s)
    Energy change:-8.127016837988776e-05

    vN Entropy at center bond b=80 = 1.923329393322
    Eigs at center bond b=80: 0.3722 0.3254 0.1061 0.0216 0.0205 0.0200 0.0190 0.0172 0.0096 0.0095 
    Largest link dim during sweep 69/1000 was 1059
    Largest truncation error: 6.749712824965476e-07
    Energy after sweep 69/1000 is -181.499644018045
    Sweep 69/1000 CPU time = 14m, 55s (Wall time = 15m, 19s)
    Energy change:-7.66183385678687e-05

    vN Entropy at center bond b=80 = 1.936117910212
    Eigs at center bond b=80: 0.3688 0.3234 0.1092 0.0219 0.0210 0.0200 0.0200 0.0170 0.0098 0.0094 
    Largest link dim during sweep 70/1000 was 1058
    Largest truncation error: 6.85485407045768e-07
    Energy after sweep 70/1000 is -181.499717762306
    Sweep 70/1000 CPU time = 15m, 2s (Wall time = 15m, 26s)
    Energy change:-7.37442613285566e-05

    vN Entropy at center bond b=80 = 1.948596692524
    Eigs at center bond b=80: 0.3654 0.3213 0.1123 0.0230 0.0221 0.0200 0.0196 0.0169 0.0099 0.0093 
    Largest link dim during sweep 71/1000 was 1056
    Largest truncation error: 6.759451597225638e-07
    Energy after sweep 71/1000 is -181.499790343851
    Sweep 71/1000 CPU time = 15m, 11s (Wall time = 15m, 34s)
    Energy change:-7.258154437295161e-05

    vN Entropy at center bond b=80 = 1.960738745855
    Eigs at center bond b=80: 0.3620 0.3192 0.1153 0.0251 0.0224 0.0200 0.0191 0.0167 0.0100 0.0092 
    Largest link dim during sweep 72/1000 was 1055
    Largest truncation error: 6.72732133710596e-07
    Energy after sweep 72/1000 is -181.499853346292
    Sweep 72/1000 CPU time = 15m, 22s (Wall time = 15m, 45s)
    Energy change:-6.300244166368429e-05

    vN Entropy at center bond b=80 = 1.972495722728
    Eigs at center bond b=80: 0.3587 0.3171 0.1182 0.0272 0.0226 0.0200 0.0187 0.0166 0.0102 0.0092 
    Largest link dim during sweep 73/1000 was 1052
    Largest truncation error: 6.721753564996502e-07
    Energy after sweep 73/1000 is -181.499913584586
    Sweep 73/1000 CPU time = 15m, 28s (Wall time = 15m, 51s)
    Energy change:-6.023829362789002e-05

    vN Entropy at center bond b=80 = 1.983985457141
    Eigs at center bond b=80: 0.3555 0.3150 0.1210 0.0294 0.0228 0.0199 0.0184 0.0164 0.0103 0.0091 
    Largest link dim during sweep 74/1000 was 1050
    Largest truncation error: 6.852483237519279e-07
    Energy after sweep 74/1000 is -181.499977619520
    Sweep 74/1000 CPU time = 15m, 36s (Wall time = 16m, 3s)
    Energy change:-6.403493418360995e-05

    vN Entropy at center bond b=80 = 1.995218025779
    Eigs at center bond b=80: 0.3522 0.3129 0.1238 0.0316 0.0231 0.0199 0.0180 0.0163 0.0104 0.0090 
    Largest link dim during sweep 75/1000 was 1048
    Largest truncation error: 6.822355050508495e-07
    Energy after sweep 75/1000 is -181.500033578170
    Sweep 75/1000 CPU time = 15m, 42s (Wall time = 16m, 8s)
    Energy change:-5.595865022200996e-05

    vN Entropy at center bond b=80 = 2.005993504920
    Eigs at center bond b=80: 0.3491 0.3108 0.1265 0.0338 0.0232 0.0199 0.0177 0.0161 0.0104 0.0089 
    Largest link dim during sweep 76/1000 was 1047
    Largest truncation error: 6.795095856490662e-07
    Energy after sweep 76/1000 is -181.500086336986
    Sweep 76/1000 CPU time = 15m, 49s (Wall time = 16m, 15s)
    Energy change:-5.275881565580676e-05

    vN Entropy at center bond b=80 = 2.016354471496
    Eigs at center bond b=80: 0.3460 0.3087 0.1291 0.0360 0.0234 0.0199 0.0173 0.0160 0.0105 0.0088 
    Largest link dim during sweep 77/1000 was 1047
    Largest truncation error: 6.77061160657379e-07
    Energy after sweep 77/1000 is -181.500134397053
    Sweep 77/1000 CPU time = 15m, 54s (Wall time = 16m, 21s)
    Energy change:-4.806006694479947e-05

    vN Entropy at center bond b=80 = 2.026244508269
    Eigs at center bond b=80: 0.3431 0.3066 0.1316 0.0382 0.0236 0.0198 0.0170 0.0158 0.0106 0.0088 
    Largest link dim during sweep 78/1000 was 1046
    Largest truncation error: 6.718926756980118e-07
    Energy after sweep 78/1000 is -181.500178345202
    Sweep 78/1000 CPU time = 16m, 3s (Wall time = 16m, 29s)
    Energy change:-4.394814880015474e-05

    vN Entropy at center bond b=80 = 2.035722288068
    Eigs at center bond b=80: 0.3402 0.3045 0.1340 0.0403 0.0238 0.0198 0.0167 0.0157 0.0106 0.0087 
    Largest link dim during sweep 79/1000 was 1046
    Largest truncation error: 7.64864754564891e-07
    Energy after sweep 79/1000 is -181.500216070043
    Sweep 79/1000 CPU time = 16m, 6s (Wall time = 16m, 32s)
    Energy change:-3.772484109276775e-05

    vN Entropy at center bond b=80 = 2.044812840447
    Eigs at center bond b=80: 0.3374 0.3025 0.1363 0.0425 0.0239 0.0198 0.0165 0.0156 0.0107 0.0086 
    Largest link dim during sweep 80/1000 was 1047
    Largest truncation error: 7.485399382948602e-07
    Energy after sweep 80/1000 is -181.500257051763
    Sweep 80/1000 CPU time = 16m, 12s (Wall time = 16m, 39s)
    Energy change:-4.098171976352205e-05

    vN Entropy at center bond b=80 = 2.053506801143
    Eigs at center bond b=80: 0.3347 0.3005 0.1386 0.0446 0.0241 0.0197 0.0162 0.0154 0.0107 0.0085 
    Largest link dim during sweep 81/1000 was 1046
    Largest truncation error: 7.477148541604063e-07
    Energy after sweep 81/1000 is -181.500296103056
    Sweep 81/1000 CPU time = 16m, 18s (Wall time = 16m, 44s)
    Energy change:-3.905129307213429e-05

    vN Entropy at center bond b=80 = 2.061756614963
    Eigs at center bond b=80: 0.3320 0.2985 0.1408 0.0467 0.0242 0.0197 0.0160 0.0153 0.0108 0.0085 
    Largest link dim during sweep 82/1000 was 1046
    Largest truncation error: 7.461925487569022e-07
    Energy after sweep 82/1000 is -181.500331612694
    Sweep 82/1000 CPU time = 16m, 23s (Wall time = 16m, 51s)
    Energy change:-3.550963776888238e-05

    vN Entropy at center bond b=80 = 2.069568637112
    Eigs at center bond b=80: 0.3295 0.2966 0.1429 0.0488 0.0243 0.0196 0.0157 0.0152 0.0108 0.0084 
    Largest link dim during sweep 83/1000 was 1047
    Largest truncation error: 7.445747398622967e-07
    Energy after sweep 83/1000 is -181.500366528033
    Sweep 83/1000 CPU time = 16m, 28s (Wall time = 16m, 56s)
    Energy change:-3.491533990995777e-05

    vN Entropy at center bond b=80 = 2.076973682031
    Eigs at center bond b=80: 0.3270 0.2948 0.1449 0.0508 0.0244 0.0196 0.0155 0.0151 0.0109 0.0084 
    Largest link dim during sweep 84/1000 was 1047
    Largest truncation error: 7.434412183130857e-07
    Energy after sweep 84/1000 is -181.500395530336
    Sweep 84/1000 CPU time = 16m, 31s (Wall time = 16m, 57s)
    Energy change:-2.900230288105377e-05

    vN Entropy at center bond b=80 = 2.083979718931
    Eigs at center bond b=80: 0.3246 0.2930 0.1468 0.0527 0.0245 0.0196 0.0153 0.0149 0.0109 0.0083 
    Largest link dim during sweep 85/1000 was 1050
    Largest truncation error: 7.42471056946987e-07
    Energy after sweep 85/1000 is -181.500422644536
    Sweep 85/1000 CPU time = 16m, 34s (Wall time = 17m, 2s)
    Energy change:-2.711419963929984e-05

    vN Entropy at center bond b=80 = 2.090606170093
    Eigs at center bond b=80: 0.3223 0.2912 0.1487 0.0546 0.0246 0.0195 0.0151 0.0148 0.0109 0.0083 
    Largest link dim during sweep 86/1000 was 1050
    Largest truncation error: 7.432692489442254e-07
    Energy after sweep 86/1000 is -181.500448537107
    Sweep 86/1000 CPU time = 16m, 40s (Wall time = 17m, 8s)
    Energy change:-2.589257141494272e-05

    vN Entropy at center bond b=80 = 2.096866456945
    Eigs at center bond b=80: 0.3201 0.2895 0.1505 0.0564 0.0247 0.0195 0.0149 0.0147 0.0109 0.0083 
    Largest link dim during sweep 87/1000 was 1050
    Largest truncation error: 7.427485520545182e-07
    Energy after sweep 87/1000 is -181.500472689652
    Sweep 87/1000 CPU time = 16m, 42s (Wall time = 17m, 10s)
    Energy change:-2.415254445509163e-05

    vN Entropy at center bond b=80 = 2.102770170298
    Eigs at center bond b=80: 0.3180 0.2879 0.1522 0.0582 0.0248 0.0195 0.0147 0.0146 0.0110 0.0083 
    Largest link dim during sweep 88/1000 was 1050
    Largest truncation error: 7.419843799810817e-07
    Energy after sweep 88/1000 is -181.500496576925
    Sweep 88/1000 CPU time = 16m, 46s (Wall time = 17m, 15s)
    Energy change:-2.388727361335441e-05

    vN Entropy at center bond b=80 = 2.108347589808
    Eigs at center bond b=80: 0.3160 0.2863 0.1539 0.0599 0.0249 0.0194 0.0145 0.0145 0.0110 0.0083 
    Largest link dim during sweep 89/1000 was 1050
    Largest truncation error: 7.414340475149224e-07
    Energy after sweep 89/1000 is -181.500517563552
    Sweep 89/1000 CPU time = 16m, 47s (Wall time = 17m, 15s)
    Energy change:-2.098662687899377e-05

    vN Entropy at center bond b=80 = 2.113605292068
    Eigs at center bond b=80: 0.3140 0.2848 0.1555 0.0616 0.0250 0.0194 0.0144 0.0143 0.0110 0.0083 
    Largest link dim during sweep 90/1000 was 1050
    Largest truncation error: 7.406941827933186e-07
    Energy after sweep 90/1000 is -181.500536788408
    Sweep 90/1000 CPU time = 16m, 53s (Wall time = 17m, 21s)
    Energy change:-1.922485520822192e-05

    vN Entropy at center bond b=80 = 2.118519669519
    Eigs at center bond b=80: 0.3122 0.2834 0.1570 0.0631 0.0251 0.0194 0.0143 0.0142 0.0110 0.0083 
    Largest link dim during sweep 91/1000 was 1050
    Largest truncation error: 7.399257599069973e-07
    Energy after sweep 91/1000 is -181.500554581079
    Sweep 91/1000 CPU time = 16m, 54s (Wall time = 17m, 22s)
    Energy change:-1.77926715139165e-05

    vN Entropy at center bond b=80 = 2.123114078270
    Eigs at center bond b=80: 0.3104 0.2820 0.1584 0.0646 0.0251 0.0193 0.0143 0.0140 0.0110 0.0084 
    Largest link dim during sweep 92/1000 was 1050
    Largest truncation error: 7.392708217983644e-07
    Energy after sweep 92/1000 is -181.500572563555
    Sweep 92/1000 CPU time = 16m, 58s (Wall time = 17m, 26s)
    Energy change:-1.798247612327941e-05

    vN Entropy at center bond b=80 = 2.127417256388
    Eigs at center bond b=80: 0.3088 0.2807 0.1597 0.0661 0.0252 0.0193 0.0142 0.0139 0.0110 0.0084 
    Largest link dim during sweep 93/1000 was 1050
    Largest truncation error: 7.390158841836652e-07
    Energy after sweep 93/1000 is -181.500586409859
    Sweep 93/1000 CPU time = 17m, 1s (Wall time = 17m, 29s)
    Energy change:-1.384630419920541e-05

    vN Entropy at center bond b=80 = 2.131447233488
    Eigs at center bond b=80: 0.3072 0.2794 0.1610 0.0674 0.0253 0.0193 0.0141 0.0138 0.0110 0.0084 
    Largest link dim during sweep 94/1000 was 1051
    Largest truncation error: 7.266697590135116e-07
    Energy after sweep 94/1000 is -181.500600564193
    Sweep 94/1000 CPU time = 16m, 59s (Wall time = 17m, 27s)
    Energy change:-1.415433411011691e-05

    vN Entropy at center bond b=80 = 2.135249651217
    Eigs at center bond b=80: 0.3057 0.2782 0.1622 0.0687 0.0253 0.0192 0.0140 0.0136 0.0110 0.0084 
    Largest link dim during sweep 95/1000 was 1050
    Largest truncation error: 7.284087638131779e-07
    Energy after sweep 95/1000 is -181.500615785737
    Sweep 95/1000 CPU time = 17m, 3s (Wall time = 17m, 32s)
    Energy change:-1.522154397548547e-05

    vN Entropy at center bond b=80 = 2.138862303685
    Eigs at center bond b=80: 0.3042 0.2771 0.1633 0.0700 0.0254 0.0192 0.0140 0.0135 0.0110 0.0084 
    Largest link dim during sweep 96/1000 was 1051
    Largest truncation error: 7.288693125890949e-07
    Energy after sweep 96/1000 is -181.500631580621
    Sweep 96/1000 CPU time = 17m, 5s (Wall time = 17m, 34s)
    Energy change:-1.579488338165902e-05

    vN Entropy at center bond b=80 = 2.142291957400
    Eigs at center bond b=80: 0.3029 0.2760 0.1644 0.0712 0.0254 0.0192 0.0139 0.0134 0.0110 0.0084 
    Largest link dim during sweep 97/1000 was 1050
    Largest truncation error: 7.255266211611514e-07
    Energy after sweep 97/1000 is -181.500646823462
    Sweep 97/1000 CPU time = 17m, 9s (Wall time = 17m, 38s)
    Energy change:-1.524284135712151e-05

    vN Entropy at center bond b=80 = 2.145546088269
    Eigs at center bond b=80: 0.3015 0.2749 0.1655 0.0724 0.0255 0.0192 0.0138 0.0133 0.0110 0.0084 
    Largest link dim during sweep 98/1000 was 1053
    Largest truncation error: 7.216766469928076e-07
    Energy after sweep 98/1000 is -181.500658827510
    Sweep 98/1000 CPU time = 17m, 10s (Wall time = 17m, 39s)
    Energy change:-1.200404804535538e-05

    vN Entropy at center bond b=80 = 2.148610563621
    Eigs at center bond b=80: 0.3003 0.2739 0.1665 0.0735 0.0255 0.0192 0.0138 0.0132 0.0110 0.0084 
    Largest link dim during sweep 99/1000 was 1050
    Largest truncation error: 7.20241427140249e-07
    Energy after sweep 99/1000 is -181.500670545751
    Sweep 99/1000 CPU time = 17m, 12s (Wall time = 17m, 41s)
    Energy change:-1.171824041534819e-05

    vN Entropy at center bond b=80 = 2.151499913282
    Eigs at center bond b=80: 0.2991 0.2729 0.1675 0.0746 0.0256 0.0191 0.0137 0.0131 0.0110 0.0084 
    Largest link dim during sweep 100/1000 was 1050
    Largest truncation error: 7.193696736092887e-07
    Energy after sweep 100/1000 is -181.500683029523
    Sweep 100/1000 CPU time = 17m, 12s (Wall time = 17m, 41s)
    Energy change:-1.248377191132022e-05

    vN Entropy at center bond b=80 = 2.154235142886
    Eigs at center bond b=80: 0.2979 0.2720 0.1684 0.0756 0.0256 0.0191 0.0137 0.0130 0.0110 0.0085 
    Largest link dim during sweep 101/1000 was 1049
    Largest truncation error: 7.187808996973785e-07
    Energy after sweep 101/1000 is -181.500691089161
    Sweep 101/1000 CPU time = 17m, 14s (Wall time = 17m, 42s)
    Energy change:-8.059638901158905e-06

    Energy has converged -> stop the DMRG.
Final energy=0
Time=85118 sec
Nup =21 Ndown = 20L = 40 W = 4
