1_Dn 5_Up 9_Dn 13_Up 17_Dn 21_Up 25_Dn 29_Up 2_Up 6_Dn 10_Up 14_Dn 18_Up 22_Dn 26_Up 30_Dn 3_Dn 7_Up 11_Dn 15_Up 19_Dn 23_Up 27_Dn 31_Up 4_Up 8_Dn 12_Up 16_Dn 20_Up 24_Dn 28_Up 32_Dn 33_Up Initial energy=0
    vN Entropy at center bond b=80 = -0.000000000000
    Eigs at center bond b=80: 1.0000 
    Largest link dim during sweep 1/1000 was 10
    Largest truncation error: 0.001026022202693186
    Energy after sweep 1/1000 is -125.364453783015
    Sweep 1/1000 CPU time = 0.360s (Wall time = 0.364s)
    Energy change:-125.3644537830147

    vN Entropy at center bond b=80 = -0.000000000000
    Eigs at center bond b=80: 1.0000 
    Largest link dim during sweep 2/1000 was 20
    Largest truncation error: 0.003649842455777119
    Energy after sweep 2/1000 is -128.632919282949
    Sweep 2/1000 CPU time = 1.278s (Wall time = 1.286s)
    Energy change:-3.268465499934749

    vN Entropy at center bond b=80 = -0.000000000000
    Eigs at center bond b=80: 1.0000 
    Largest link dim during sweep 3/1000 was 50
    Largest truncation error: 0.001367598493199424
    Energy after sweep 3/1000 is -132.214985642652
    Sweep 3/1000 CPU time = 2.652s (Wall time = 2.795s)
    Energy change:-3.582066359702736

    vN Entropy at center bond b=80 = 0.001297771818
    Eigs at center bond b=80: 0.9999 
    Largest link dim during sweep 4/1000 was 100
    Largest truncation error: 0.000838233347046891
    Energy after sweep 4/1000 is -134.514064654287
    Sweep 4/1000 CPU time = 5.170s (Wall time = 5.636s)
    Energy change:-2.299079011634547

    vN Entropy at center bond b=80 = 0.224045404628
    Eigs at center bond b=80: 0.9411 0.0589 
    Largest link dim during sweep 5/1000 was 200
    Largest truncation error: 0.0002650609086835257
    Energy after sweep 5/1000 is -136.078072460959
    Sweep 5/1000 CPU time = 11.46s (Wall time = 12.50s)
    Energy change:-1.564007806671896

    vN Entropy at center bond b=80 = 0.661924194352
    Eigs at center bond b=80: 0.6243 0.3757 
    Largest link dim during sweep 6/1000 was 400
    Largest truncation error: 6.786814852686966e-05
    Energy after sweep 6/1000 is -137.343743439791
    Sweep 6/1000 CPU time = 39.65s (Wall time = 41.75s)
    Energy change:-1.265670978831878

    vN Entropy at center bond b=80 = 0.614414758160
    Eigs at center bond b=80: 0.6958 0.3042 
    Largest link dim during sweep 7/1000 was 1000
    Largest truncation error: 1.084947895628642e-05
    Energy after sweep 7/1000 is -138.400543850296
    Sweep 7/1000 CPU time = 4m, 31.3s (Wall time = 4m, 39.2s)
    Energy change:-1.056800410505588

    vN Entropy at center bond b=80 = 0.342815774717
    Eigs at center bond b=80: 0.8918 0.1081 
    Largest link dim during sweep 8/1000 was 1800
    Largest truncation error: 1.458061790136516e-06
    Energy after sweep 8/1000 is -139.220197067615
    Sweep 8/1000 CPU time = 14m, 49s (Wall time = 15m, 9s)
    Energy change:-0.8196532173187734

    vN Entropy at center bond b=80 = 0.163744808079
    Eigs at center bond b=80: 0.9634 0.0353 
    Largest link dim during sweep 9/1000 was 1800
    Largest truncation error: 1.536076263993455e-06
    Energy after sweep 9/1000 is -139.848213818215
    Sweep 9/1000 CPU time = 20m, 49s (Wall time = 21m, 14s)
    Energy change:-0.6280167505997838

    vN Entropy at center bond b=80 = 0.283816755218
    Eigs at center bond b=80: 0.9464 0.0252 0.0097 0.0090 0.0081 
    Largest link dim during sweep 10/1000 was 1800
    Largest truncation error: 3.747023746583038e-06
    Energy after sweep 10/1000 is -140.629223695507
    Sweep 10/1000 CPU time = 21m, 45s (Wall time = 22m, 11s)
    Energy change:-0.7810098772925755

    vN Entropy at center bond b=80 = 0.897225732216
    Eigs at center bond b=80: 0.6498 0.2830 0.0307 0.0287 0.0026 0.0026 
    Largest link dim during sweep 11/1000 was 1800
    Largest truncation error: 1.023611604818739e-06
    Energy after sweep 11/1000 is -141.334996609779
    Sweep 11/1000 CPU time = 22m, 50s (Wall time = 23m, 17s)
    Energy change:-0.7057729142720746

    vN Entropy at center bond b=80 = 0.824505759568
    Eigs at center bond b=80: 0.7238 0.2150 0.0251 0.0244 0.0027 0.0025 0.0025 
    Largest link dim during sweep 12/1000 was 1800
    Largest truncation error: 8.607335398517616e-07
    Energy after sweep 12/1000 is -142.017092280926
    Sweep 12/1000 CPU time = 20m, 48s (Wall time = 21m, 11s)
    Energy change:-0.6820956711464135

    vN Entropy at center bond b=80 = 0.671780286618
    Eigs at center bond b=80: 0.8580 0.0550 0.0308 0.0137 0.0137 0.0084 0.0071 0.0069 0.0015 0.0015 
    Largest link dim during sweep 13/1000 was 1800
    Largest truncation error: 9.458959918379572e-07
    Energy after sweep 13/1000 is -142.543200373442
    Sweep 13/1000 CPU time = 17m, 9s (Wall time = 17m, 28s)
    Energy change:-0.5261080925163526

    vN Entropy at center bond b=80 = 1.001269676720
    Eigs at center bond b=80: 0.5995 0.3196 0.0314 0.0313 0.0038 0.0034 0.0034 0.0028 0.0010 
    Largest link dim during sweep 14/1000 was 1500
    Largest truncation error: 9.65031233799043e-07
    Energy after sweep 14/1000 is -142.937709830446
    Sweep 14/1000 CPU time = 12m, 6s (Wall time = 12m, 19s)
    Energy change:-0.3945094570037497

    vN Entropy at center bond b=80 = 0.888985224228
    Eigs at center bond b=80: 0.6910 0.2404 0.0270 0.0269 0.0031 0.0031 0.0027 
    Largest link dim during sweep 15/1000 was 1404
    Largest truncation error: 9.274612665092003e-07
    Energy after sweep 15/1000 is -143.343493003571
    Sweep 15/1000 CPU time = 10m, 11s (Wall time = 10m, 23s)
    Energy change:-0.4057831731252008

    vN Entropy at center bond b=80 = 0.673603364638
    Eigs at center bond b=80: 0.8601 0.0491 0.0340 0.0104 0.0104 0.0101 0.0101 0.0083 0.0013 0.0013 
    Largest link dim during sweep 16/1000 was 1800
    Largest truncation error: 8.563014313531823e-07
    Energy after sweep 16/1000 is -143.800476353272
    Sweep 16/1000 CPU time = 10m, 2s (Wall time = 10m, 15s)
    Energy change:-0.4569833497006641

    vN Entropy at center bond b=80 = 0.975243946442
    Eigs at center bond b=80: 0.6543 0.2633 0.0298 0.0298 0.0048 0.0046 0.0035 0.0035 0.0016 0.0016 
    Largest link dim during sweep 17/1000 was 1608
    Largest truncation error: 9.104036713082577e-07
    Energy after sweep 17/1000 is -144.282164427106
    Sweep 17/1000 CPU time = 10m, 51s (Wall time = 11m, 5s)
    Energy change:-0.4816880738341354

    vN Entropy at center bond b=80 = 0.918053857280
    Eigs at center bond b=80: 0.6912 0.2350 0.0268 0.0268 0.0037 0.0033 0.0033 0.0022 0.0017 0.0017 
    Largest link dim during sweep 18/1000 was 1570
    Largest truncation error: 8.514413197558801e-07
    Energy after sweep 18/1000 is -144.715809200931
    Sweep 18/1000 CPU time = 8m, 38.0s (Wall time = 8m, 49.0s)
    Energy change:-0.4336447738250513

    vN Entropy at center bond b=80 = 0.807188777855
    Eigs at center bond b=80: 0.8205 0.0709 0.0403 0.0154 0.0154 0.0097 0.0088 0.0088 0.0021 0.0021 
    Largest link dim during sweep 19/1000 was 1539
    Largest truncation error: 8.234556301918797e-07
    Energy after sweep 19/1000 is -145.090817929686
    Sweep 19/1000 CPU time = 7m, 40.0s (Wall time = 7m, 48.0s)
    Energy change:-0.3750087287550059

    vN Entropy at center bond b=80 = 1.056163893470
    Eigs at center bond b=80: 0.5643 0.3480 0.0317 0.0317 0.0045 0.0041 0.0041 0.0040 0.0014 0.0014 
    Largest link dim during sweep 20/1000 was 1144
    Largest truncation error: 8.407540316561494e-07
    Energy after sweep 20/1000 is -145.436362241063
    Sweep 20/1000 CPU time = 6m, 23.5s (Wall time = 6m, 28.3s)
    Energy change:-0.3455443113768411

    vN Entropy at center bond b=80 = 0.943566748948
    Eigs at center bond b=80: 0.7035 0.2154 0.0258 0.0257 0.0052 0.0051 0.0037 0.0037 0.0029 0.0029 
    Largest link dim during sweep 21/1000 was 1143
    Largest truncation error: 8.288858460915531e-07
    Energy after sweep 21/1000 is -145.717271102567
    Sweep 21/1000 CPU time = 5m, 9.1s (Wall time = 5m, 10.6s)
    Energy change:-0.2809088615041162

    vN Entropy at center bond b=80 = 0.877225117069
    Eigs at center bond b=80: 0.8003 0.0792 0.0456 0.0163 0.0163 0.0100 0.0096 0.0096 0.0025 0.0025 
    Largest link dim during sweep 22/1000 was 1025
    Largest truncation error: 8.165254990113316e-07
    Energy after sweep 22/1000 is -145.959827409771
    Sweep 22/1000 CPU time = 4m, 26.5s (Wall time = 4m, 27.3s)
    Energy change:-0.2425563072037846

    vN Entropy at center bond b=80 = 1.091251529498
    Eigs at center bond b=80: 0.5503 0.3575 0.0313 0.0312 0.0054 0.0048 0.0047 0.0047 0.0018 0.0018 
    Largest link dim during sweep 23/1000 was 948
    Largest truncation error: 8.243808216519544e-07
    Energy after sweep 23/1000 is -146.180245041935
    Sweep 23/1000 CPU time = 3m, 40.7s (Wall time = 3m, 41.2s)
    Energy change:-0.2204176321640716

    vN Entropy at center bond b=80 = 1.007003486999
    Eigs at center bond b=80: 0.6864 0.2229 0.0254 0.0254 0.0092 0.0061 0.0041 0.0041 0.0039 0.0039 
    Largest link dim during sweep 24/1000 was 903
    Largest truncation error: 8.041378868116473e-07
    Energy after sweep 24/1000 is -146.375380258115
    Sweep 24/1000 CPU time = 3m, 5.0s (Wall time = 3m, 5.4s)
    Energy change:-0.1951352161801481

    vN Entropy at center bond b=80 = 0.974757440642
    Eigs at center bond b=80: 0.7653 0.1027 0.0503 0.0176 0.0176 0.0112 0.0099 0.0099 0.0030 0.0030 
    Largest link dim during sweep 25/1000 was 770
    Largest truncation error: 8.702547612093793e-07
    Energy after sweep 25/1000 is -146.560558420149
    Sweep 25/1000 CPU time = 2m, 35.8s (Wall time = 2m, 36.1s)
    Energy change:-0.1851781620344184

    vN Entropy at center bond b=80 = 1.123358072451
    Eigs at center bond b=80: 0.5474 0.3555 0.0300 0.0299 0.0080 0.0061 0.0048 0.0048 0.0024 0.0024 
    Largest link dim during sweep 26/1000 was 794
    Largest truncation error: 9.677268122238521e-07
    Energy after sweep 26/1000 is -146.730813663565
    Sweep 26/1000 CPU time = 2m, 16.2s (Wall time = 2m, 16.5s)
    Energy change:-0.1702552434158235

    vN Entropy at center bond b=80 = 1.080871432453
    Eigs at center bond b=80: 0.6688 0.2270 0.0245 0.0244 0.0165 0.0079 0.0051 0.0051 0.0045 0.0045 
    Largest link dim during sweep 27/1000 was 582
    Largest truncation error: 7.539094732995793e-07
    Energy after sweep 27/1000 is -146.904694381055
    Sweep 27/1000 CPU time = 1m, 56.8s (Wall time = 1m, 57.1s)
    Energy change:-0.173880717489709

    vN Entropy at center bond b=80 = 1.078764995436
    Eigs at center bond b=80: 0.7332 0.1074 0.0696 0.0169 0.0169 0.0120 0.0120 0.0117 0.0034 0.0034 
    Largest link dim during sweep 28/1000 was 634
    Largest truncation error: 8.072675952450751e-07
    Energy after sweep 28/1000 is -147.012275827072
    Sweep 28/1000 CPU time = 1m, 41.7s (Wall time = 1m, 41.9s)
    Energy change:-0.1075814460168658

    vN Entropy at center bond b=80 = 1.179377423043
    Eigs at center bond b=80: 0.5908 0.2955 0.0269 0.0267 0.0189 0.0088 0.0052 0.0052 0.0047 0.0044 
    Largest link dim during sweep 29/1000 was 560
    Largest truncation error: 8.343444170335588e-07
    Energy after sweep 29/1000 is -147.086061327290
    Sweep 29/1000 CPU time = 1m, 36.8s (Wall time = 1m, 37.1s)
    Energy change:-0.07378550021815045

    vN Entropy at center bond b=80 = 1.213053308190
    Eigs at center bond b=80: 0.5173 0.3743 0.0279 0.0274 0.0081 0.0056 0.0056 0.0055 0.0046 0.0045 
    Largest link dim during sweep 30/1000 was 487
    Largest truncation error: 8.663132528062119e-07
    Energy after sweep 30/1000 is -147.134422893273
    Sweep 30/1000 CPU time = 1m, 31.7s (Wall time = 1m, 31.9s)
    Energy change:-0.04836156598349817

    vN Entropy at center bond b=80 = 1.212156289974
    Eigs at center bond b=80: 0.6475 0.2140 0.0390 0.0226 0.0215 0.0115 0.0081 0.0080 0.0048 0.0047 
    Largest link dim during sweep 31/1000 was 419
    Largest truncation error: 8.323575689493912e-07
    Energy after sweep 31/1000 is -147.166325122602
    Sweep 31/1000 CPU time = 1m, 32.7s (Wall time = 1m, 32.9s)
    Energy change:-0.03190222932852294

    vN Entropy at center bond b=80 = 1.249566525791
    Eigs at center bond b=80: 0.6721 0.1232 0.1015 0.0169 0.0153 0.0149 0.0145 0.0143 0.0046 0.0037 
    Largest link dim during sweep 32/1000 was 387
    Largest truncation error: 7.542852940915746e-07
    Energy after sweep 32/1000 is -147.186446217591
    Sweep 32/1000 CPU time = 1m, 37.3s (Wall time = 1m, 37.6s)
    Energy change:-0.02012109498934933

    vN Entropy at center bond b=80 = 1.298755952882
    Eigs at center bond b=80: 0.6394 0.1779 0.0755 0.0196 0.0190 0.0154 0.0130 0.0108 0.0045 0.0045 
    Largest link dim during sweep 33/1000 was 375
    Largest truncation error: 7.411929327768503e-07
    Energy after sweep 33/1000 is -147.197356448762
    Sweep 33/1000 CPU time = 1m, 44.5s (Wall time = 1m, 44.8s)
    Energy change:-0.01091023117115242

    vN Entropy at center bond b=80 = 1.350792347020
    Eigs at center bond b=80: 0.5879 0.2478 0.0516 0.0230 0.0214 0.0149 0.0108 0.0081 0.0052 0.0051 
    Largest link dim during sweep 34/1000 was 411
    Largest truncation error: 8.755899159021573e-07
    Energy after sweep 34/1000 is -147.203398182689
    Sweep 34/1000 CPU time = 1m, 54.7s (Wall time = 1m, 55.0s)
    Energy change:-0.006041733926764437

    vN Entropy at center bond b=80 = 1.385324323138
    Eigs at center bond b=80: 0.5527 0.2878 0.0407 0.0253 0.0223 0.0142 0.0100 0.0067 0.0055 0.0053 
    Largest link dim during sweep 35/1000 was 433
    Largest truncation error: 7.838742664124284e-07
    Energy after sweep 35/1000 is -147.206063816735
    Sweep 35/1000 CPU time = 2m, 2.0s (Wall time = 2m, 2.3s)
    Energy change:-0.002665634045655452

    vN Entropy at center bond b=80 = 1.408362847280
    Eigs at center bond b=80: 0.5336 0.3065 0.0355 0.0280 0.0225 0.0137 0.0100 0.0060 0.0056 0.0056 
    Largest link dim during sweep 36/1000 was 452
    Largest truncation error: 7.749523796873503e-07
    Energy after sweep 36/1000 is -147.207403458210
    Sweep 36/1000 CPU time = 2m, 4.5s (Wall time = 2m, 4.8s)
    Energy change:-0.001339641475425424

    vN Entropy at center bond b=80 = 1.426659002533
    Eigs at center bond b=80: 0.5220 0.3156 0.0325 0.0313 0.0225 0.0134 0.0103 0.0064 0.0059 0.0056 
    Largest link dim during sweep 37/1000 was 460
    Largest truncation error: 8.209759829590995e-07
    Energy after sweep 37/1000 is -147.208248978046
    Sweep 37/1000 CPU time = 2m, 7.5s (Wall time = 2m, 7.8s)
    Energy change:-0.0008455198360195482

    vN Entropy at center bond b=80 = 1.444081975418
    Eigs at center bond b=80: 0.5134 0.3206 0.0353 0.0305 0.0224 0.0131 0.0106 0.0068 0.0062 0.0056 
    Largest link dim during sweep 38/1000 was 462
    Largest truncation error: 7.427002663107605e-07
    Energy after sweep 38/1000 is -147.208855852808
    Sweep 38/1000 CPU time = 2m, 11.0s (Wall time = 2m, 11.3s)
    Energy change:-0.0006068747616723158

    vN Entropy at center bond b=80 = 1.461059372107
    Eigs at center bond b=80: 0.5063 0.3234 0.0397 0.0290 0.0222 0.0129 0.0109 0.0070 0.0063 0.0056 
    Largest link dim during sweep 39/1000 was 463
    Largest truncation error: 8.116380654118227e-07
    Energy after sweep 39/1000 is -147.209310896342
    Sweep 39/1000 CPU time = 2m, 13.0s (Wall time = 2m, 13.3s)
    Energy change:-0.0004550435337762337

    vN Entropy at center bond b=80 = 1.477855502323
    Eigs at center bond b=80: 0.4999 0.3252 0.0442 0.0278 0.0221 0.0127 0.0112 0.0071 0.0064 0.0055 
    Largest link dim during sweep 40/1000 was 463
    Largest truncation error: 8.312379850539299e-07
    Energy after sweep 40/1000 is -147.209672720530
    Sweep 40/1000 CPU time = 2m, 13.4s (Wall time = 2m, 13.7s)
    Energy change:-0.0003618241880758433

    vN Entropy at center bond b=80 = 1.494726653309
    Eigs at center bond b=80: 0.4937 0.3263 0.0489 0.0268 0.0219 0.0125 0.0115 0.0071 0.0065 0.0055 
    Largest link dim during sweep 41/1000 was 462
    Largest truncation error: 8.370726148455915e-07
    Energy after sweep 41/1000 is -147.209989865580
    Sweep 41/1000 CPU time = 2m, 9.5s (Wall time = 2m, 9.9s)
    Energy change:-0.000317145050473755

    vN Entropy at center bond b=80 = 1.512247265731
    Eigs at center bond b=80: 0.4874 0.3271 0.0537 0.0259 0.0217 0.0123 0.0117 0.0071 0.0065 0.0059 
    Largest link dim during sweep 42/1000 was 461
    Largest truncation error: 8.410140406788788e-07
    Energy after sweep 42/1000 is -147.210249467624
    Sweep 42/1000 CPU time = 2m, 10.5s (Wall time = 2m, 10.8s)
    Energy change:-0.0002596020437692914

    vN Entropy at center bond b=80 = 1.529287898905
    Eigs at center bond b=80: 0.4813 0.3276 0.0585 0.0251 0.0215 0.0121 0.0119 0.0071 0.0065 0.0064 
    Largest link dim during sweep 43/1000 was 459
    Largest truncation error: 8.448708755947698e-07
    Energy after sweep 43/1000 is -147.210455442492
    Sweep 43/1000 CPU time = 2m, 11.3s (Wall time = 2m, 11.6s)
    Energy change:-0.0002059748683223006

    vN Entropy at center bond b=80 = 1.545705182911
    Eigs at center bond b=80: 0.4755 0.3277 0.0632 0.0244 0.0213 0.0121 0.0120 0.0071 0.0068 0.0067 
    Largest link dim during sweep 44/1000 was 458
    Largest truncation error: 7.462309369649037e-07
    Energy after sweep 44/1000 is -147.210640511999
    Sweep 44/1000 CPU time = 2m, 11.7s (Wall time = 2m, 12.0s)
    Energy change:-0.0001850695072107555

    vN Entropy at center bond b=80 = 1.561280541438
    Eigs at center bond b=80: 0.4698 0.3277 0.0677 0.0237 0.0211 0.0123 0.0118 0.0084 0.0071 0.0071 
    Largest link dim during sweep 45/1000 was 459
    Largest truncation error: 7.466515453670466e-07
    Energy after sweep 45/1000 is -147.210797822033
    Sweep 45/1000 CPU time = 2m, 12.0s (Wall time = 2m, 12.4s)
    Energy change:-0.0001573100331313526

    vN Entropy at center bond b=80 = 1.576655261905
    Eigs at center bond b=80: 0.4641 0.3276 0.0722 0.0231 0.0209 0.0124 0.0117 0.0101 0.0073 0.0071 
    Largest link dim during sweep 46/1000 was 458
    Largest truncation error: 7.470390822059946e-07
    Energy after sweep 46/1000 is -147.210961735379
    Sweep 46/1000 CPU time = 2m, 14.2s (Wall time = 2m, 14.5s)
    Energy change:-0.0001639133460571429

    vN Entropy at center bond b=80 = 1.591749070895
    Eigs at center bond b=80: 0.4584 0.3274 0.0766 0.0225 0.0207 0.0125 0.0120 0.0115 0.0076 0.0071 
    Largest link dim during sweep 47/1000 was 460
    Largest truncation error: 7.450912198078583e-07
    Energy after sweep 47/1000 is -147.211093307995
    Sweep 47/1000 CPU time = 2m, 13.8s (Wall time = 2m, 14.1s)
    Energy change:-0.0001315726162829378

    vN Entropy at center bond b=80 = 1.606020253898
    Eigs at center bond b=80: 0.4530 0.3271 0.0807 0.0220 0.0205 0.0139 0.0126 0.0114 0.0078 0.0071 
    Largest link dim during sweep 48/1000 was 461
    Largest truncation error: 7.448514761200938e-07
    Energy after sweep 48/1000 is -147.211219726165
    Sweep 48/1000 CPU time = 2m, 14.3s (Wall time = 2m, 14.6s)
    Energy change:-0.0001264181699411893

    vN Entropy at center bond b=80 = 1.619873462121
    Eigs at center bond b=80: 0.4476 0.3267 0.0847 0.0214 0.0203 0.0159 0.0126 0.0112 0.0080 0.0072 
    Largest link dim during sweep 49/1000 was 462
    Largest truncation error: 7.478530103756975e-07
    Energy after sweep 49/1000 is -147.211327576905
    Sweep 49/1000 CPU time = 2m, 15.3s (Wall time = 2m, 15.6s)
    Energy change:-0.00010785074042019

    vN Entropy at center bond b=80 = 1.632921779469
    Eigs at center bond b=80: 0.4425 0.3263 0.0885 0.0210 0.0201 0.0180 0.0127 0.0111 0.0081 0.0072 
    Largest link dim during sweep 50/1000 was 463
    Largest truncation error: 7.504786265076649e-07
    Energy after sweep 50/1000 is -147.211422494568
    Sweep 50/1000 CPU time = 2m, 16.7s (Wall time = 2m, 17.1s)
    Energy change:-9.49176624374104e-05

    vN Entropy at center bond b=80 = 1.645417876020
    Eigs at center bond b=80: 0.4375 0.3258 0.0922 0.0205 0.0201 0.0199 0.0127 0.0110 0.0083 0.0072 
    Largest link dim during sweep 51/1000 was 463
    Largest truncation error: 7.528484463665638e-07
    Energy after sweep 51/1000 is -147.211513935353
    Sweep 51/1000 CPU time = 2m, 16.9s (Wall time = 2m, 17.2s)
    Energy change:-9.144078518374954e-05

    vN Entropy at center bond b=80 = 1.657572590044
    Eigs at center bond b=80: 0.4326 0.3253 0.0958 0.0223 0.0201 0.0197 0.0128 0.0109 0.0084 0.0073 
    Largest link dim during sweep 52/1000 was 464
    Largest truncation error: 7.55044006116857e-07
    Energy after sweep 52/1000 is -147.211608051522
    Sweep 52/1000 CPU time = 2m, 17.7s (Wall time = 2m, 18.0s)
    Energy change:-9.41161686967007e-05

    vN Entropy at center bond b=80 = 1.669163701727
    Eigs at center bond b=80: 0.4278 0.3246 0.0992 0.0245 0.0197 0.0195 0.0128 0.0107 0.0085 0.0073 
    Largest link dim during sweep 53/1000 was 467
    Largest truncation error: 7.570384550059262e-07
    Energy after sweep 53/1000 is -147.211685407424
    Sweep 53/1000 CPU time = 2m, 17.8s (Wall time = 2m, 18.1s)
    Energy change:-7.735590250490532e-05

    vN Entropy at center bond b=80 = 1.679953281194
    Eigs at center bond b=80: 0.4233 0.3240 0.1025 0.0266 0.0193 0.0193 0.0128 0.0106 0.0086 0.0074 
    Largest link dim during sweep 54/1000 was 469
    Largest truncation error: 7.587940246569608e-07
    Energy after sweep 54/1000 is -147.211758561391
    Sweep 54/1000 CPU time = 2m, 18.0s (Wall time = 2m, 18.4s)
    Energy change:-7.315396663898355e-05

    vN Entropy at center bond b=80 = 1.690200788376
    Eigs at center bond b=80: 0.4189 0.3232 0.1057 0.0288 0.0192 0.0190 0.0128 0.0105 0.0087 0.0074 
    Largest link dim during sweep 55/1000 was 469
    Largest truncation error: 7.61959281320667e-07
    Energy after sweep 55/1000 is -147.211824471263
    Sweep 55/1000 CPU time = 2m, 19.1s (Wall time = 2m, 19.5s)
    Energy change:-6.590987183585639e-05

    vN Entropy at center bond b=80 = 1.700010709160
    Eigs at center bond b=80: 0.4147 0.3225 0.1087 0.0309 0.0190 0.0186 0.0128 0.0104 0.0088 0.0074 
    Largest link dim during sweep 56/1000 was 470
    Largest truncation error: 7.638225716133686e-07
    Energy after sweep 56/1000 is -147.211896454505
    Sweep 56/1000 CPU time = 2m, 19.6s (Wall time = 2m, 19.9s)
    Energy change:-7.198324252044586e-05

    vN Entropy at center bond b=80 = 1.709520200245
    Eigs at center bond b=80: 0.4106 0.3218 0.1116 0.0331 0.0188 0.0183 0.0129 0.0103 0.0089 0.0075 
    Largest link dim during sweep 57/1000 was 471
    Largest truncation error: 7.652914752377054e-07
    Energy after sweep 57/1000 is -147.211953077202
    Sweep 57/1000 CPU time = 2m, 21.0s (Wall time = 2m, 21.4s)
    Energy change:-5.662269666117936e-05

    vN Entropy at center bond b=80 = 1.718382174701
    Eigs at center bond b=80: 0.4067 0.3211 0.1144 0.0351 0.0187 0.0180 0.0129 0.0102 0.0089 0.0075 
    Largest link dim during sweep 58/1000 was 473
    Largest truncation error: 7.666201275765831e-07
    Energy after sweep 58/1000 is -147.212000492670
    Sweep 58/1000 CPU time = 2m, 21.7s (Wall time = 2m, 22.0s)
    Energy change:-4.741546837294663e-05

    vN Entropy at center bond b=80 = 1.726618984321
    Eigs at center bond b=80: 0.4029 0.3203 0.1170 0.0372 0.0185 0.0177 0.0129 0.0101 0.0090 0.0076 
    Largest link dim during sweep 59/1000 was 473
    Largest truncation error: 7.678394125889622e-07
    Energy after sweep 59/1000 is -147.212050061012
    Sweep 59/1000 CPU time = 2m, 22.1s (Wall time = 2m, 22.5s)
    Energy change:-4.956834183644787e-05

    vN Entropy at center bond b=80 = 1.734447176799
    Eigs at center bond b=80: 0.3993 0.3196 0.1195 0.0392 0.0184 0.0175 0.0129 0.0100 0.0090 0.0076 
    Largest link dim during sweep 60/1000 was 477
    Largest truncation error: 7.689727618511423e-07
    Energy after sweep 60/1000 is -147.212101532363
    Sweep 60/1000 CPU time = 2m, 22.6s (Wall time = 2m, 23.0s)
    Energy change:-5.147135138372505e-05

    vN Entropy at center bond b=80 = 1.741963870108
    Eigs at center bond b=80: 0.3958 0.3189 0.1219 0.0411 0.0182 0.0172 0.0129 0.0099 0.0090 0.0077 
    Largest link dim during sweep 61/1000 was 478
    Largest truncation error: 7.700601852098708e-07
    Energy after sweep 61/1000 is -147.212146389740
    Sweep 61/1000 CPU time = 2m, 23.5s (Wall time = 2m, 23.8s)
    Energy change:-4.485737676418466e-05

    vN Entropy at center bond b=80 = 1.749168248501
    Eigs at center bond b=80: 0.3925 0.3182 0.1242 0.0431 0.0181 0.0170 0.0128 0.0099 0.0091 0.0077 
    Largest link dim during sweep 62/1000 was 478
    Largest truncation error: 7.710464304950549e-07
    Energy after sweep 62/1000 is -147.212198284613
    Sweep 62/1000 CPU time = 2m, 23.8s (Wall time = 2m, 24.1s)
    Energy change:-5.189487328038922e-05

    vN Entropy at center bond b=80 = 1.756209902585
    Eigs at center bond b=80: 0.3892 0.3174 0.1264 0.0451 0.0180 0.0167 0.0128 0.0098 0.0091 0.0078 
    Largest link dim during sweep 63/1000 was 478
    Largest truncation error: 7.71908803227969e-07
    Energy after sweep 63/1000 is -147.212237336546
    Sweep 63/1000 CPU time = 2m, 24.4s (Wall time = 2m, 24.7s)
    Energy change:-3.905193290165698e-05

    vN Entropy at center bond b=80 = 1.762778988417
    Eigs at center bond b=80: 0.3860 0.3166 0.1286 0.0470 0.0179 0.0165 0.0128 0.0097 0.0091 0.0078 
    Largest link dim during sweep 64/1000 was 479
    Largest truncation error: 7.72678202095732e-07
    Energy after sweep 64/1000 is -147.212274132460
    Sweep 64/1000 CPU time = 2m, 25.3s (Wall time = 2m, 25.7s)
    Energy change:-3.679591367244939e-05

    vN Entropy at center bond b=80 = 1.768828304539
    Eigs at center bond b=80: 0.3831 0.3158 0.1306 0.0488 0.0177 0.0163 0.0128 0.0096 0.0092 0.0078 
    Largest link dim during sweep 65/1000 was 479
    Largest truncation error: 7.733541170767282e-07
    Energy after sweep 65/1000 is -147.212302812948
    Sweep 65/1000 CPU time = 2m, 25.5s (Wall time = 2m, 25.8s)
    Energy change:-2.868048764526065e-05

    vN Entropy at center bond b=80 = 1.774595662345
    Eigs at center bond b=80: 0.3803 0.3150 0.1326 0.0505 0.0176 0.0161 0.0128 0.0096 0.0092 0.0079 
    Largest link dim during sweep 66/1000 was 479
    Largest truncation error: 7.737736947509471e-07
    Energy after sweep 66/1000 is -147.212341949792
    Sweep 66/1000 CPU time = 2m, 25.9s (Wall time = 2m, 26.3s)
    Energy change:-3.913684440703946e-05

    vN Entropy at center bond b=80 = 1.780416177476
    Eigs at center bond b=80: 0.3775 0.3142 0.1345 0.0523 0.0175 0.0159 0.0128 0.0095 0.0092 0.0079 
    Largest link dim during sweep 67/1000 was 479
    Largest truncation error: 7.743681632458591e-07
    Energy after sweep 67/1000 is -147.212387600354
    Sweep 67/1000 CPU time = 2m, 28.0s (Wall time = 2m, 28.4s)
    Energy change:-4.565056218552854e-05

    vN Entropy at center bond b=80 = 1.786395491260
    Eigs at center bond b=80: 0.3746 0.3134 0.1363 0.0542 0.0174 0.0157 0.0128 0.0094 0.0092 0.0079 
    Largest link dim during sweep 68/1000 was 480
    Largest truncation error: 7.74987919061849e-07
    Energy after sweep 68/1000 is -147.212424332357
    Sweep 68/1000 CPU time = 2m, 32.3s (Wall time = 2m, 32.6s)
    Energy change:-3.673200251341768e-05

    vN Entropy at center bond b=80 = 1.792124575741
    Eigs at center bond b=80: 0.3717 0.3126 0.1382 0.0561 0.0173 0.0155 0.0128 0.0093 0.0093 0.0080 
    Largest link dim during sweep 69/1000 was 481
    Largest truncation error: 7.756692468750346e-07
    Energy after sweep 69/1000 is -147.212457836133
    Sweep 69/1000 CPU time = 2m, 32.5s (Wall time = 2m, 32.9s)
    Energy change:-3.350377579636188e-05

    vN Entropy at center bond b=80 = 1.797686057182
    Eigs at center bond b=80: 0.3690 0.3117 0.1399 0.0580 0.0172 0.0153 0.0128 0.0093 0.0093 0.0080 
    Largest link dim during sweep 70/1000 was 482
    Largest truncation error: 7.763301311836129e-07
    Energy after sweep 70/1000 is -147.212494777103
    Sweep 70/1000 CPU time = 2m, 33.4s (Wall time = 2m, 33.8s)
    Energy change:-3.694096994877327e-05

    vN Entropy at center bond b=80 = 1.803079953547
    Eigs at center bond b=80: 0.3663 0.3109 0.1417 0.0599 0.0170 0.0152 0.0127 0.0093 0.0092 0.0081 
    Largest link dim during sweep 71/1000 was 483
    Largest truncation error: 7.769506065196736e-07
    Energy after sweep 71/1000 is -147.212524853452
    Sweep 71/1000 CPU time = 2m, 30.6s (Wall time = 2m, 31.0s)
    Energy change:-3.007634956020411e-05

    vN Entropy at center bond b=80 = 1.808184648380
    Eigs at center bond b=80: 0.3636 0.3101 0.1434 0.0617 0.0169 0.0150 0.0127 0.0093 0.0091 0.0081 
    Largest link dim during sweep 72/1000 was 483
    Largest truncation error: 7.775118557847523e-07
    Energy after sweep 72/1000 is -147.212553200021
    Sweep 72/1000 CPU time = 2m, 29.5s (Wall time = 2m, 29.9s)
    Energy change:-2.834656902450661e-05

    vN Entropy at center bond b=80 = 1.812952005267
    Eigs at center bond b=80: 0.3611 0.3093 0.1451 0.0635 0.0168 0.0148 0.0127 0.0093 0.0091 0.0081 
    Largest link dim during sweep 73/1000 was 483
    Largest truncation error: 7.78075777860502e-07
    Energy after sweep 73/1000 is -147.212575952528
    Sweep 73/1000 CPU time = 2m, 30.4s (Wall time = 2m, 30.8s)
    Energy change:-2.275250699312892e-05

    vN Entropy at center bond b=80 = 1.817461871892
    Eigs at center bond b=80: 0.3586 0.3085 0.1467 0.0651 0.0167 0.0147 0.0127 0.0093 0.0090 0.0082 
    Largest link dim during sweep 74/1000 was 484
    Largest truncation error: 7.785837535966241e-07
    Energy after sweep 74/1000 is -147.212604655593
    Sweep 74/1000 CPU time = 2m, 31.7s (Wall time = 2m, 32.1s)
    Energy change:-2.870306482805063e-05

    vN Entropy at center bond b=80 = 1.821750760869
    Eigs at center bond b=80: 0.3563 0.3077 0.1483 0.0668 0.0166 0.0145 0.0127 0.0093 0.0090 0.0082 
    Largest link dim during sweep 75/1000 was 484
    Largest truncation error: 7.790925142236387e-07
    Energy after sweep 75/1000 is -147.212623569497
    Sweep 75/1000 CPU time = 2m, 31.5s (Wall time = 2m, 31.9s)
    Energy change:-1.891390442665397e-05

    vN Entropy at center bond b=80 = 1.825771882321
    Eigs at center bond b=80: 0.3540 0.3070 0.1498 0.0683 0.0165 0.0144 0.0127 0.0093 0.0089 0.0082 
    Largest link dim during sweep 76/1000 was 485
    Largest truncation error: 7.794186356625727e-07
    Energy after sweep 76/1000 is -147.212640010982
    Sweep 76/1000 CPU time = 2m, 31.7s (Wall time = 2m, 32.2s)
    Energy change:-1.644148483137542e-05

    vN Entropy at center bond b=80 = 1.829513761699
    Eigs at center bond b=80: 0.3519 0.3063 0.1512 0.0698 0.0165 0.0142 0.0127 0.0093 0.0088 0.0083 
    Largest link dim during sweep 77/1000 was 485
    Largest truncation error: 7.797959092897458e-07
    Energy after sweep 77/1000 is -147.212660573082
    Sweep 77/1000 CPU time = 2m, 32.0s (Wall time = 2m, 32.4s)
    Energy change:-2.056210027490124e-05

    vN Entropy at center bond b=80 = 1.833022229291
    Eigs at center bond b=80: 0.3499 0.3056 0.1526 0.0712 0.0164 0.0141 0.0126 0.0093 0.0088 0.0083 
    Largest link dim during sweep 78/1000 was 486
    Largest truncation error: 7.802026294369049e-07
    Energy after sweep 78/1000 is -147.212673845635
    Sweep 78/1000 CPU time = 2m, 32.3s (Wall time = 2m, 32.7s)
    Energy change:-1.327255219507606e-05

    vN Entropy at center bond b=80 = 1.836275222861
    Eigs at center bond b=80: 0.3479 0.3050 0.1539 0.0725 0.0163 0.0140 0.0126 0.0093 0.0087 0.0083 
    Largest link dim during sweep 79/1000 was 487
    Largest truncation error: 7.841542805346817e-07
    Energy after sweep 79/1000 is -147.212683837123
    Sweep 79/1000 CPU time = 2m, 32.6s (Wall time = 2m, 33.0s)
    Energy change:-9.991487985416825e-06

    Energy has converged -> stop the DMRG.
Final energy=0
Time=20046 sec
Nup =17 Ndown = 16L = 40 W = 4
