1_Dn 4_Up 7_Dn 10_Up 13_Dn 16_Up 19_Dn 22_Up 25_Dn 28_Up 31_Dn 34_Up 37_Dn 2_Up 5_Dn 8_Up 11_Dn 14_Up 17_Dn 20_Up 23_Dn 26_Up 29_Dn 32_Up 35_Dn 38_Up 3_Dn 6_Up 9_Dn 12_Up 15_Dn 18_Up 21_Dn 24_Up 27_Dn 30_Up 33_Dn 36_Up 39_Up Initial energy=0
    vN Entropy at center bond b=60 = -0.000000000000
    Eigs at center bond b=60: 1.0000 
    Largest link dim during sweep 1/1000 was 10
    Largest truncation error: 0.004141288297546914
    Energy after sweep 1/1000 is -148.167699166612
    Sweep 1/1000 CPU time = 0.414s (Wall time = 0.418s)
    Energy change:-148.167699166612

    vN Entropy at center bond b=60 = 0.056787140975
    Eigs at center bond b=60: 0.9898 0.0102 
    Largest link dim during sweep 2/1000 was 20
    Largest truncation error: 0.00278814703780211
    Energy after sweep 2/1000 is -153.794487530066
    Sweep 2/1000 CPU time = 1.671s (Wall time = 1.759s)
    Energy change:-5.626788363453727

    vN Entropy at center bond b=60 = 0.681633030723
    Eigs at center bond b=60: 0.5757 0.4243 
    Largest link dim during sweep 3/1000 was 50
    Largest truncation error: 0.0009002564559369585
    Energy after sweep 3/1000 is -156.894489616830
    Sweep 3/1000 CPU time = 3.256s (Wall time = 3.575s)
    Energy change:-3.100002086764192

    vN Entropy at center bond b=60 = 0.550392562436
    Eigs at center bond b=60: 0.7606 0.2394 
    Largest link dim during sweep 4/1000 was 100
    Largest truncation error: 0.0001779413981320896
    Energy after sweep 4/1000 is -158.196200820236
    Sweep 4/1000 CPU time = 5.948s (Wall time = 6.458s)
    Energy change:-1.301711203406171

    vN Entropy at center bond b=60 = 0.237343425328
    Eigs at center bond b=60: 0.9375 0.0620 
    Largest link dim during sweep 5/1000 was 200
    Largest truncation error: 4.427575046170292e-05
    Energy after sweep 5/1000 is -159.332379498536
    Sweep 5/1000 CPU time = 12.37s (Wall time = 13.27s)
    Energy change:-1.136178678300212

    vN Entropy at center bond b=60 = 0.355816993376
    Eigs at center bond b=60: 0.9272 0.0397 0.0127 0.0106 0.0077 
    Largest link dim during sweep 6/1000 was 400
    Largest truncation error: 1.105922043010431e-05
    Energy after sweep 6/1000 is -160.423136480552
    Sweep 6/1000 CPU time = 36.60s (Wall time = 38.76s)
    Energy change:-1.090756982015733

    vN Entropy at center bond b=60 = 0.975800320387
    Eigs at center bond b=60: 0.4979 0.4305 0.0338 0.0318 0.0017 0.0016 
    Largest link dim during sweep 7/1000 was 1000
    Largest truncation error: 1.106278858201794e-06
    Energy after sweep 7/1000 is -161.186658351372
    Sweep 7/1000 CPU time = 1m, 55.9s (Wall time = 1m, 59.9s)
    Energy change:-0.7635218708199432

    vN Entropy at center bond b=60 = 0.569280210714
    Eigs at center bond b=60: 0.8792 0.0621 0.0130 0.0122 0.0101 0.0079 0.0060 0.0060 
    Largest link dim during sweep 8/1000 was 1236
    Largest truncation error: 8.727192949738403e-07
    Energy after sweep 8/1000 is -161.938813568483
    Sweep 8/1000 CPU time = 2m, 51.7s (Wall time = 2m, 56.7s)
    Energy change:-0.7521552171107544

    vN Entropy at center bond b=60 = 0.913863231940
    Eigs at center bond b=60: 0.6776 0.2460 0.0313 0.0311 0.0040 0.0021 0.0018 0.0018 0.0010 
    Largest link dim during sweep 9/1000 was 1357
    Largest truncation error: 8.739341923714081e-07
    Energy after sweep 9/1000 is -162.571900411886
    Sweep 9/1000 CPU time = 2m, 40.3s (Wall time = 2m, 45.1s)
    Energy change:-0.6330868434036461

    vN Entropy at center bond b=60 = 0.797892032261
    Eigs at center bond b=60: 0.7406 0.1973 0.0265 0.0264 0.0022 0.0016 0.0016 
    Largest link dim during sweep 10/1000 was 1112
    Largest truncation error: 8.872399730013289e-07
    Energy after sweep 10/1000 is -163.055342515084
    Sweep 10/1000 CPU time = 2m, 14.4s (Wall time = 2m, 18.4s)
    Energy change:-0.4834421031977456

    vN Entropy at center bond b=60 = 0.600801931178
    Eigs at center bond b=60: 0.8763 0.0495 0.0206 0.0140 0.0140 0.0091 0.0063 0.0062 
    Largest link dim during sweep 11/1000 was 1192
    Largest truncation error: 8.765472693298285e-07
    Energy after sweep 11/1000 is -163.687254201269
    Sweep 11/1000 CPU time = 1m, 52.5s (Wall time = 1m, 55.1s)
    Energy change:-0.6319116861849636

    vN Entropy at center bond b=60 = 1.010056715807
    Eigs at center bond b=60: 0.5395 0.3792 0.0350 0.0349 0.0025 0.0022 0.0022 0.0012 0.0011 
    Largest link dim during sweep 12/1000 was 1032
    Largest truncation error: 8.7989419170453e-07
    Energy after sweep 12/1000 is -164.150926234010
    Sweep 12/1000 CPU time = 1m, 48.6s (Wall time = 1m, 51.6s)
    Energy change:-0.4636720327407318

    vN Entropy at center bond b=60 = 0.752528920689
    Eigs at center bond b=60: 0.7909 0.1445 0.0230 0.0230 0.0050 0.0028 0.0025 0.0025 0.0016 0.0016 
    Largest link dim during sweep 13/1000 was 950
    Largest truncation error: 8.697530248350539e-07
    Energy after sweep 13/1000 is -164.602130038290
    Sweep 13/1000 CPU time = 1m, 28.8s (Wall time = 1m, 31.4s)
    Energy change:-0.4512038042804818

    vN Entropy at center bond b=60 = 0.671956303023
    Eigs at center bond b=60: 0.8566 0.0611 0.0211 0.0166 0.0166 0.0094 0.0065 0.0065 0.0012 0.0012 
    Largest link dim during sweep 14/1000 was 1119
    Largest truncation error: 8.531489103794066e-07
    Energy after sweep 14/1000 is -165.252018836959
    Sweep 14/1000 CPU time = 1m, 43.2s (Wall time = 1m, 46.2s)
    Energy change:-0.6498887986684281

    vN Entropy at center bond b=60 = 1.032904818316
    Eigs at center bond b=60: 0.4964 0.4200 0.0355 0.0354 0.0025 0.0025 0.0024 0.0012 0.0011 
    Largest link dim during sweep 15/1000 was 969
    Largest truncation error: 8.432436747872194e-07
    Energy after sweep 15/1000 is -165.756329056622
    Sweep 15/1000 CPU time = 1m, 47.4s (Wall time = 1m, 50.6s)
    Energy change:-0.5043102196628979

    vN Entropy at center bond b=60 = 0.749799542222
    Eigs at center bond b=60: 0.8099 0.1191 0.0209 0.0209 0.0076 0.0061 0.0043 0.0043 0.0017 0.0017 
    Largest link dim during sweep 16/1000 was 867
    Largest truncation error: 8.543245315071623e-07
    Energy after sweep 16/1000 is -166.205251107186
    Sweep 16/1000 CPU time = 1m, 29.4s (Wall time = 1m, 32.0s)
    Energy change:-0.4489220505646756

    vN Entropy at center bond b=60 = 0.831767880728
    Eigs at center bond b=60: 0.7847 0.1294 0.0240 0.0240 0.0125 0.0094 0.0043 0.0043 0.0019 0.0019 
    Largest link dim during sweep 17/1000 was 785
    Largest truncation error: 8.538063645218242e-07
    Energy after sweep 17/1000 is -166.611048411510
    Sweep 17/1000 CPU time = 1m, 16.4s (Wall time = 1m, 18.3s)
    Energy change:-0.4057973043233858

    vN Entropy at center bond b=60 = 1.042969743874
    Eigs at center bond b=60: 0.5200 0.3958 0.0343 0.0341 0.0027 0.0027 0.0021 0.0019 0.0012 0.0012 
    Largest link dim during sweep 18/1000 was 846
    Largest truncation error: 8.209885087208599e-07
    Energy after sweep 18/1000 is -166.948085514070
    Sweep 18/1000 CPU time = 1m, 7.9s (Wall time = 1m, 8.9s)
    Energy change:-0.3370371025601457

    vN Entropy at center bond b=60 = 0.818114503448
    Eigs at center bond b=60: 0.8012 0.1107 0.0197 0.0193 0.0168 0.0106 0.0067 0.0067 0.0018 0.0018 
    Largest link dim during sweep 19/1000 was 764
    Largest truncation error: 8.199141631704179e-07
    Energy after sweep 19/1000 is -167.264751020882
    Sweep 19/1000 CPU time = 1m, 0.8s (Wall time = 1m, 1.5s)
    Energy change:-0.3166655068121429

    vN Entropy at center bond b=60 = 0.874705546695
    Eigs at center bond b=60: 0.7804 0.1220 0.0221 0.0218 0.0207 0.0120 0.0066 0.0061 0.0019 0.0019 
    Largest link dim during sweep 20/1000 was 907
    Largest truncation error: 8.363731045129952e-07
    Energy after sweep 20/1000 is -167.544642513640
    Sweep 20/1000 CPU time = 1m, 2.0s (Wall time = 1m, 2.7s)
    Energy change:-0.2798914927581961

    vN Entropy at center bond b=60 = 1.056482427666
    Eigs at center bond b=60: 0.5617 0.3493 0.0340 0.0328 0.0055 0.0031 0.0027 0.0027 0.0017 0.0014 
    Largest link dim during sweep 21/1000 was 859
    Largest truncation error: 8.241685607794874e-07
    Energy after sweep 21/1000 is -167.762717441126
    Sweep 21/1000 CPU time = 1m, 4.1s (Wall time = 1m, 5.3s)
    Energy change:-0.2180749274859011

    vN Entropy at center bond b=60 = 1.014506132157
    Eigs at center bond b=60: 0.6190 0.2955 0.0338 0.0305 0.0045 0.0025 0.0025 0.0021 0.0015 0.0015 
    Largest link dim during sweep 22/1000 was 799
    Largest truncation error: 8.701817127990254e-07
    Energy after sweep 22/1000 is -167.963802402239
    Sweep 22/1000 CPU time = 58.27s (Wall time = 59.16s)
    Energy change:-0.2010849611131391

    vN Entropy at center bond b=60 = 0.845420695667
    Eigs at center bond b=60: 0.8047 0.0915 0.0263 0.0217 0.0165 0.0125 0.0092 0.0084 0.0015 0.0015 
    Largest link dim during sweep 23/1000 was 808
    Largest truncation error: 8.174269454884865e-07
    Energy after sweep 23/1000 is -168.158751713438
    Sweep 23/1000 CPU time = 58.60s (Wall time = 59.40s)
    Energy change:-0.1949493111987408

    vN Entropy at center bond b=60 = 1.001044224545
    Eigs at center bond b=60: 0.7094 0.1872 0.0309 0.0257 0.0135 0.0112 0.0072 0.0041 0.0022 0.0022 
    Largest link dim during sweep 24/1000 was 619
    Largest truncation error: 8.006737079352592e-07
    Energy after sweep 24/1000 is -168.475273062280
    Sweep 24/1000 CPU time = 59.20s (Wall time = 59.81s)
    Energy change:-0.3165213488417749

    vN Entropy at center bond b=60 = 1.098214725819
    Eigs at center bond b=60: 0.5376 0.3670 0.0392 0.0313 0.0035 0.0031 0.0030 0.0029 0.0016 0.0014 
    Largest link dim during sweep 25/1000 was 772
    Largest truncation error: 7.828194107056691e-07
    Energy after sweep 25/1000 is -168.686790190972
    Sweep 25/1000 CPU time = 58.78s (Wall time = 59.03s)
    Energy change:-0.211517128692094

    vN Entropy at center bond b=60 = 0.980567423660
    Eigs at center bond b=60: 0.7540 0.1302 0.0273 0.0249 0.0194 0.0136 0.0090 0.0077 0.0022 0.0022 
    Largest link dim during sweep 26/1000 was 650
    Largest truncation error: 8.287190900562703e-07
    Energy after sweep 26/1000 is -168.848835294800
    Sweep 26/1000 CPU time = 54.57s (Wall time = 54.84s)
    Energy change:-0.1620451038282056

    vN Entropy at center bond b=60 = 1.044018214973
    Eigs at center bond b=60: 0.7407 0.1225 0.0384 0.0252 0.0198 0.0161 0.0141 0.0084 0.0023 0.0023 
    Largest link dim during sweep 27/1000 was 573
    Largest truncation error: 7.924769224822923e-07
    Energy after sweep 27/1000 is -168.968803391133
    Sweep 27/1000 CPU time = 49.52s (Wall time = 49.65s)
    Energy change:-0.1199680963334231

    vN Entropy at center bond b=60 = 1.181035124735
    Eigs at center bond b=60: 0.5541 0.3322 0.0391 0.0289 0.0094 0.0091 0.0052 0.0035 0.0034 0.0027 
    Largest link dim during sweep 28/1000 was 586
    Largest truncation error: 7.697817008564197e-07
    Energy after sweep 28/1000 is -169.078584117673
    Sweep 28/1000 CPU time = 48.28s (Wall time = 48.41s)
    Energy change:-0.1097807265398387

    vN Entropy at center bond b=60 = 1.193714169103
    Eigs at center bond b=60: 0.5623 0.3232 0.0397 0.0273 0.0077 0.0073 0.0039 0.0037 0.0036 0.0034 
    Largest link dim during sweep 29/1000 was 449
    Largest truncation error: 7.824482873548763e-07
    Energy after sweep 29/1000 is -169.159821786439
    Sweep 29/1000 CPU time = 48.05s (Wall time = 48.18s)
    Energy change:-0.08123766876605032

    vN Entropy at center bond b=60 = 1.173578732129
    Eigs at center bond b=60: 0.6852 0.1693 0.0360 0.0316 0.0201 0.0158 0.0109 0.0084 0.0031 0.0030 
    Largest link dim during sweep 30/1000 was 410
    Largest truncation error: 7.685281834944359e-07
    Energy after sweep 30/1000 is -169.216503294133
    Sweep 30/1000 CPU time = 48.26s (Wall time = 48.40s)
    Energy change:-0.0566815076937246

    vN Entropy at center bond b=60 = 1.217022236502
    Eigs at center bond b=60: 0.6964 0.1044 0.0841 0.0221 0.0220 0.0193 0.0157 0.0127 0.0027 0.0026 
    Largest link dim during sweep 31/1000 was 462
    Largest truncation error: 7.564840599933711e-07
    Energy after sweep 31/1000 is -169.257891999378
    Sweep 31/1000 CPU time = 50.96s (Wall time = 51.10s)
    Energy change:-0.04138870524525373

    vN Entropy at center bond b=60 = 1.285286100852
    Eigs at center bond b=60: 0.6343 0.2034 0.0422 0.0328 0.0213 0.0173 0.0143 0.0077 0.0037 0.0035 
    Largest link dim during sweep 32/1000 was 389
    Largest truncation error: 7.243094652111345e-07
    Energy after sweep 32/1000 is -169.294209947802
    Sweep 32/1000 CPU time = 57.80s (Wall time = 57.95s)
    Energy change:-0.03631794842337399

    vN Entropy at center bond b=60 = 1.342579350560
    Eigs at center bond b=60: 0.5371 0.3156 0.0407 0.0244 0.0212 0.0133 0.0089 0.0045 0.0043 0.0041 
    Largest link dim during sweep 33/1000 was 416
    Largest truncation error: 7.345641982489867e-07
    Energy after sweep 33/1000 is -169.320411587082
    Sweep 33/1000 CPU time = 1m, 4.0s (Wall time = 1m, 4.2s)
    Energy change:-0.02620163928031616

    vN Entropy at center bond b=60 = 1.391518636946
    Eigs at center bond b=60: 0.4316 0.4198 0.0444 0.0246 0.0103 0.0094 0.0092 0.0084 0.0051 0.0046 
    Largest link dim during sweep 34/1000 was 434
    Largest truncation error: 7.064604585542646e-07
    Energy after sweep 34/1000 is -169.343591210474
    Sweep 34/1000 CPU time = 1m, 13.2s (Wall time = 1m, 13.3s)
    Energy change:-0.0231796233922239

    vN Entropy at center bond b=60 = 1.425169424560
    Eigs at center bond b=60: 0.5279 0.3064 0.0426 0.0264 0.0225 0.0141 0.0094 0.0061 0.0054 0.0048 
    Largest link dim during sweep 35/1000 was 479
    Largest truncation error: 7.255068425627347e-07
    Energy after sweep 35/1000 is -169.357009397419
    Sweep 35/1000 CPU time = 1m, 23.7s (Wall time = 1m, 23.9s)
    Energy change:-0.01341818694493213

    vN Entropy at center bond b=60 = 1.462967897927
    Eigs at center bond b=60: 0.5676 0.2400 0.0471 0.0406 0.0200 0.0178 0.0161 0.0077 0.0045 0.0043 
    Largest link dim during sweep 36/1000 was 470
    Largest truncation error: 7.179344156054659e-07
    Energy after sweep 36/1000 is -169.361347819498
    Sweep 36/1000 CPU time = 1m, 32.8s (Wall time = 1m, 33.1s)
    Energy change:-0.004338422078660642

    vN Entropy at center bond b=60 = 1.500005592867
    Eigs at center bond b=60: 0.5769 0.2080 0.0617 0.0403 0.0229 0.0196 0.0183 0.0090 0.0044 0.0039 
    Largest link dim during sweep 37/1000 was 486
    Largest truncation error: 7.162306754719649e-07
    Energy after sweep 37/1000 is -169.362726275669
    Sweep 37/1000 CPU time = 1m, 36.8s (Wall time = 1m, 37.2s)
    Energy change:-0.001378456170868958

    vN Entropy at center bond b=60 = 1.532284095705
    Eigs at center bond b=60: 0.5764 0.1916 0.0696 0.0412 0.0296 0.0204 0.0174 0.0096 0.0046 0.0041 
    Largest link dim during sweep 38/1000 was 492
    Largest truncation error: 7.193335581167701e-07
    Energy after sweep 38/1000 is -169.363262187340
    Sweep 38/1000 CPU time = 1m, 37.2s (Wall time = 1m, 37.6s)
    Energy change:-0.0005359116712213563

    vN Entropy at center bond b=60 = 1.559857413386
    Eigs at center bond b=60: 0.5731 0.1818 0.0736 0.0426 0.0364 0.0207 0.0167 0.0098 0.0048 0.0045 
    Largest link dim during sweep 39/1000 was 493
    Largest truncation error: 7.327966294192861e-07
    Energy after sweep 39/1000 is -169.363601456638
    Sweep 39/1000 CPU time = 1m, 36.7s (Wall time = 1m, 37.2s)
    Energy change:-0.0003392692980241918

    vN Entropy at center bond b=60 = 1.584587180592
    Eigs at center bond b=60: 0.5687 0.1749 0.0757 0.0442 0.0432 0.0207 0.0163 0.0099 0.0050 0.0048 
    Largest link dim during sweep 40/1000 was 496
    Largest truncation error: 7.292117462954898e-07
    Energy after sweep 40/1000 is -169.363861982355
    Sweep 40/1000 CPU time = 1m, 36.8s (Wall time = 1m, 37.1s)
    Energy change:-0.000260525716811344

    vN Entropy at center bond b=60 = 1.607803345548
    Eigs at center bond b=60: 0.5638 0.1695 0.0769 0.0500 0.0458 0.0207 0.0158 0.0099 0.0051 0.0051 
    Largest link dim during sweep 41/1000 was 497
    Largest truncation error: 7.055180857558934e-07
    Energy after sweep 41/1000 is -169.364086601260
    Sweep 41/1000 CPU time = 1m, 37.1s (Wall time = 1m, 37.5s)
    Energy change:-0.0002246189048378255

    vN Entropy at center bond b=60 = 1.629953632126
    Eigs at center bond b=60: 0.5584 0.1647 0.0777 0.0569 0.0473 0.0207 0.0155 0.0098 0.0053 0.0053 
    Largest link dim during sweep 42/1000 was 499
    Largest truncation error: 7.061641324325126e-07
    Energy after sweep 42/1000 is -169.364282659948
    Sweep 42/1000 CPU time = 1m, 37.6s (Wall time = 1m, 38.0s)
    Energy change:-0.000196058688118228

    vN Entropy at center bond b=60 = 1.650964893077
    Eigs at center bond b=60: 0.5529 0.1605 0.0782 0.0637 0.0488 0.0206 0.0151 0.0097 0.0055 0.0054 
    Largest link dim during sweep 43/1000 was 499
    Largest truncation error: 7.045002841759592e-07
    Energy after sweep 43/1000 is -169.364448483136
    Sweep 43/1000 CPU time = 1m, 38.1s (Wall time = 1m, 38.5s)
    Energy change:-0.0001658231884675843

    vN Entropy at center bond b=60 = 1.670855667671
    Eigs at center bond b=60: 0.5473 0.1566 0.0786 0.0706 0.0502 0.0205 0.0148 0.0097 0.0056 0.0055 
    Largest link dim during sweep 44/1000 was 500
    Largest truncation error: 7.007149658533828e-07
    Energy after sweep 44/1000 is -169.364601205663
    Sweep 44/1000 CPU time = 1m, 38.8s (Wall time = 1m, 39.2s)
    Energy change:-0.0001527225273321164

    vN Entropy at center bond b=60 = 1.689804367570
    Eigs at center bond b=60: 0.5415 0.1529 0.0789 0.0774 0.0515 0.0204 0.0145 0.0096 0.0057 0.0056 
    Largest link dim during sweep 45/1000 was 502
    Largest truncation error: 7.320252155642997e-07
    Energy after sweep 45/1000 is -169.364743446873
    Sweep 45/1000 CPU time = 1m, 39.6s (Wall time = 1m, 40.0s)
    Energy change:-0.0001422412097156212

    vN Entropy at center bond b=60 = 1.708069174247
    Eigs at center bond b=60: 0.5357 0.1494 0.0842 0.0792 0.0527 0.0203 0.0142 0.0095 0.0058 0.0057 
    Largest link dim during sweep 46/1000 was 502
    Largest truncation error: 7.181576654819532e-07
    Energy after sweep 46/1000 is -169.364871308922
    Sweep 46/1000 CPU time = 1m, 40.4s (Wall time = 1m, 40.9s)
    Energy change:-0.0001278620483731174

    vN Entropy at center bond b=60 = 1.725418804268
    Eigs at center bond b=60: 0.5298 0.1461 0.0910 0.0794 0.0538 0.0201 0.0139 0.0094 0.0059 0.0058 
    Largest link dim during sweep 47/1000 was 502
    Largest truncation error: 7.119464018985812e-07
    Energy after sweep 47/1000 is -169.364985921089
    Sweep 47/1000 CPU time = 1m, 41.0s (Wall time = 1m, 41.5s)
    Energy change:-0.0001146121677777501

    vN Entropy at center bond b=60 = 1.741620307959
    Eigs at center bond b=60: 0.5241 0.1429 0.0975 0.0796 0.0548 0.0200 0.0137 0.0094 0.0067 0.0060 
    Largest link dim during sweep 48/1000 was 503
    Largest truncation error: 7.080959069243179e-07
    Energy after sweep 48/1000 is -169.365086619209
    Sweep 48/1000 CPU time = 1m, 41.7s (Wall time = 1m, 42.1s)
    Energy change:-0.0001006981192119838

    vN Entropy at center bond b=60 = 1.756842883820
    Eigs at center bond b=60: 0.5184 0.1400 0.1040 0.0797 0.0558 0.0199 0.0134 0.0093 0.0077 0.0061 
    Largest link dim during sweep 49/1000 was 505
    Largest truncation error: 7.068080805933752e-07
    Energy after sweep 49/1000 is -169.365181199862
    Sweep 49/1000 CPU time = 1m, 42.3s (Wall time = 1m, 42.7s)
    Energy change:-9.458065352418998e-05

    vN Entropy at center bond b=60 = 1.771239682485
    Eigs at center bond b=60: 0.5128 0.1371 0.1102 0.0798 0.0567 0.0197 0.0132 0.0092 0.0087 0.0062 
    Largest link dim during sweep 50/1000 was 505
    Largest truncation error: 7.004146565225795e-07
    Energy after sweep 50/1000 is -169.365273213046
    Sweep 50/1000 CPU time = 1m, 43.0s (Wall time = 1m, 43.4s)
    Energy change:-9.201318377449752e-05

    vN Entropy at center bond b=60 = 1.784948695302
    Eigs at center bond b=60: 0.5072 0.1344 0.1164 0.0799 0.0575 0.0196 0.0129 0.0097 0.0091 0.0062 
    Largest link dim during sweep 51/1000 was 507
    Largest truncation error: 6.956066176631751e-07
    Energy after sweep 51/1000 is -169.365361418940
    Sweep 51/1000 CPU time = 1m, 44.2s (Wall time = 1m, 44.6s)
    Energy change:-8.820589428637504e-05

    vN Entropy at center bond b=60 = 1.797992533611
    Eigs at center bond b=60: 0.5017 0.1317 0.1225 0.0800 0.0583 0.0195 0.0127 0.0108 0.0090 0.0063 
    Largest link dim during sweep 52/1000 was 507
    Largest truncation error: 6.921177566537051e-07
    Energy after sweep 52/1000 is -169.365440091158
    Sweep 52/1000 CPU time = 1m, 45.0s (Wall time = 1m, 45.4s)
    Energy change:-7.867221805213376e-05

    vN Entropy at center bond b=60 = 1.810342367232
    Eigs at center bond b=60: 0.4962 0.1292 0.1285 0.0800 0.0590 0.0193 0.0125 0.0119 0.0090 0.0063 
    Largest link dim during sweep 53/1000 was 510
    Largest truncation error: 6.886837181965312e-07
    Energy after sweep 53/1000 is -169.365513263363
    Sweep 53/1000 CPU time = 1m, 45.6s (Wall time = 1m, 46.1s)
    Energy change:-7.31722044235994e-05

    vN Entropy at center bond b=60 = 1.821900966972
    Eigs at center bond b=60: 0.4909 0.1343 0.1268 0.0801 0.0597 0.0192 0.0130 0.0123 0.0089 0.0064 
    Largest link dim during sweep 54/1000 was 512
    Largest truncation error: 6.854292370626277e-07
    Energy after sweep 54/1000 is -169.365575735146
    Sweep 54/1000 CPU time = 1m, 46.2s (Wall time = 1m, 46.7s)
    Energy change:-6.247178339435777e-05

    vN Entropy at center bond b=60 = 1.832683090871
    Eigs at center bond b=60: 0.4857 0.1399 0.1245 0.0801 0.0603 0.0190 0.0141 0.0121 0.0088 0.0065 
    Largest link dim during sweep 55/1000 was 512
    Largest truncation error: 6.765874271241265e-07
    Energy after sweep 55/1000 is -169.365641092968
    Sweep 55/1000 CPU time = 1m, 46.9s (Wall time = 1m, 47.3s)
    Energy change:-6.535782236483101e-05

    vN Entropy at center bond b=60 = 1.842804077924
    Eigs at center bond b=60: 0.4807 0.1453 0.1223 0.0800 0.0609 0.0189 0.0152 0.0119 0.0087 0.0066 
    Largest link dim during sweep 56/1000 was 512
    Largest truncation error: 6.748958679297126e-07
    Energy after sweep 56/1000 is -169.365698811194
    Sweep 56/1000 CPU time = 1m, 47.7s (Wall time = 1m, 48.2s)
    Energy change:-5.77182259746678e-05

    vN Entropy at center bond b=60 = 1.852412581766
    Eigs at center bond b=60: 0.4757 0.1506 0.1202 0.0800 0.0615 0.0187 0.0163 0.0117 0.0087 0.0068 
    Largest link dim during sweep 57/1000 was 514
    Largest truncation error: 6.749637311162503e-07
    Energy after sweep 57/1000 is -169.365759011354
    Sweep 57/1000 CPU time = 1m, 48.3s (Wall time = 1m, 48.7s)
    Energy change:-6.020016010666041e-05

    vN Entropy at center bond b=60 = 1.861584791125
    Eigs at center bond b=60: 0.4708 0.1558 0.1182 0.0800 0.0620 0.0186 0.0174 0.0115 0.0086 0.0070 
    Largest link dim during sweep 58/1000 was 516
    Largest truncation error: 6.750529202291887e-07
    Energy after sweep 58/1000 is -169.365814955059
    Sweep 58/1000 CPU time = 1m, 48.7s (Wall time = 1m, 49.2s)
    Energy change:-5.594370406925009e-05

    vN Entropy at center bond b=60 = 1.870236082295
    Eigs at center bond b=60: 0.4660 0.1609 0.1162 0.0799 0.0625 0.0185 0.0185 0.0113 0.0085 0.0072 
    Largest link dim during sweep 59/1000 was 516
    Largest truncation error: 6.751581051766711e-07
    Energy after sweep 59/1000 is -169.365867764164
    Sweep 59/1000 CPU time = 1m, 49.3s (Wall time = 1m, 49.9s)
    Energy change:-5.28091055969071e-05

    vN Entropy at center bond b=60 = 1.878388740123
    Eigs at center bond b=60: 0.4613 0.1658 0.1143 0.0798 0.0630 0.0196 0.0183 0.0112 0.0084 0.0074 
    Largest link dim during sweep 60/1000 was 517
    Largest truncation error: 6.753373577584004e-07
    Energy after sweep 60/1000 is -169.365913427073
    Sweep 60/1000 CPU time = 1m, 50.2s (Wall time = 1m, 50.7s)
    Energy change:-4.566290860452682e-05

    vN Entropy at center bond b=60 = 1.886050986553
    Eigs at center bond b=60: 0.4567 0.1706 0.1125 0.0797 0.0634 0.0208 0.0182 0.0110 0.0084 0.0076 
    Largest link dim during sweep 61/1000 was 517
    Largest truncation error: 6.755489892822912e-07
    Energy after sweep 61/1000 is -169.365959494724
    Sweep 61/1000 CPU time = 1m, 50.8s (Wall time = 1m, 51.3s)
    Energy change:-4.606765128301049e-05

    vN Entropy at center bond b=60 = 1.893247625114
    Eigs at center bond b=60: 0.4523 0.1753 0.1108 0.0796 0.0638 0.0219 0.0181 0.0108 0.0083 0.0078 
    Largest link dim during sweep 62/1000 was 518
    Largest truncation error: 6.758318356905469e-07
    Energy after sweep 62/1000 is -169.365999689623
    Sweep 62/1000 CPU time = 1m, 51.1s (Wall time = 1m, 51.6s)
    Energy change:-4.019489892925776e-05

    vN Entropy at center bond b=60 = 1.900015806329
    Eigs at center bond b=60: 0.4479 0.1798 0.1091 0.0795 0.0642 0.0230 0.0179 0.0107 0.0082 0.0080 
    Largest link dim during sweep 63/1000 was 518
    Largest truncation error: 7.077229548020541e-07
    Energy after sweep 63/1000 is -169.366039671998
    Sweep 63/1000 CPU time = 1m, 51.6s (Wall time = 1m, 52.2s)
    Energy change:-3.998237539803995e-05

    vN Entropy at center bond b=60 = 1.906315421719
    Eigs at center bond b=60: 0.4437 0.1842 0.1075 0.0794 0.0646 0.0240 0.0178 0.0105 0.0082 0.0082 
    Largest link dim during sweep 64/1000 was 519
    Largest truncation error: 7.356011853190561e-07
    Energy after sweep 64/1000 is -169.366072707660
    Sweep 64/1000 CPU time = 1m, 52.2s (Wall time = 1m, 52.8s)
    Energy change:-3.303566131762636e-05

    vN Entropy at center bond b=60 = 1.912209305363
    Eigs at center bond b=60: 0.4397 0.1884 0.1060 0.0793 0.0649 0.0251 0.0177 0.0104 0.0084 0.0081 
    Largest link dim during sweep 65/1000 was 520
    Largest truncation error: 7.153885027613275e-07
    Energy after sweep 65/1000 is -169.366108848749
    Sweep 65/1000 CPU time = 1m, 52.5s (Wall time = 1m, 53.0s)
    Energy change:-3.614108911165204e-05

    vN Entropy at center bond b=60 = 1.917764932513
    Eigs at center bond b=60: 0.4357 0.1925 0.1045 0.0792 0.0652 0.0261 0.0175 0.0103 0.0086 0.0080 
    Largest link dim during sweep 66/1000 was 520
    Largest truncation error: 7.116018692230584e-07
    Energy after sweep 66/1000 is -169.366144993715
    Sweep 66/1000 CPU time = 1m, 52.8s (Wall time = 1m, 53.3s)
    Energy change:-3.614496642967424e-05

    vN Entropy at center bond b=60 = 1.923049169758
    Eigs at center bond b=60: 0.4319 0.1965 0.1030 0.0791 0.0655 0.0272 0.0174 0.0101 0.0087 0.0080 
    Largest link dim during sweep 67/1000 was 521
    Largest truncation error: 7.101877523273761e-07
    Energy after sweep 67/1000 is -169.366178945076
    Sweep 67/1000 CPU time = 1m, 53.3s (Wall time = 1m, 53.9s)
    Energy change:-3.395136104700214e-05

    vN Entropy at center bond b=60 = 1.928079928128
    Eigs at center bond b=60: 0.4281 0.2004 0.1017 0.0789 0.0658 0.0282 0.0173 0.0100 0.0089 0.0079 
    Largest link dim during sweep 68/1000 was 521
    Largest truncation error: 7.087993536220935e-07
    Energy after sweep 68/1000 is -169.366211216951
    Sweep 68/1000 CPU time = 1m, 53.8s (Wall time = 1m, 54.4s)
    Energy change:-3.227187482934823e-05

    vN Entropy at center bond b=60 = 1.932856067422
    Eigs at center bond b=60: 0.4243 0.2042 0.1003 0.0788 0.0661 0.0292 0.0172 0.0099 0.0091 0.0079 
    Largest link dim during sweep 69/1000 was 522
    Largest truncation error: 7.069721192227437e-07
    Energy after sweep 69/1000 is -169.366240922647
    Sweep 69/1000 CPU time = 1m, 54.2s (Wall time = 1m, 54.8s)
    Energy change:-2.970569610738494e-05

    vN Entropy at center bond b=60 = 1.937343827416
    Eigs at center bond b=60: 0.4207 0.2079 0.0990 0.0786 0.0664 0.0302 0.0171 0.0098 0.0092 0.0078 
    Largest link dim during sweep 70/1000 was 523
    Largest truncation error: 7.057396144171717e-07
    Energy after sweep 70/1000 is -169.366272849317
    Sweep 70/1000 CPU time = 1m, 54.8s (Wall time = 1m, 55.4s)
    Energy change:-3.192667028883989e-05

    vN Entropy at center bond b=60 = 1.941616704775
    Eigs at center bond b=60: 0.4172 0.2115 0.0978 0.0785 0.0666 0.0313 0.0169 0.0097 0.0094 0.0077 
    Largest link dim during sweep 71/1000 was 523
    Largest truncation error: 7.048231430921851e-07
    Energy after sweep 71/1000 is -169.366300517601
    Sweep 71/1000 CPU time = 1m, 55.4s (Wall time = 1m, 56.0s)
    Energy change:-2.766828362155138e-05

    vN Entropy at center bond b=60 = 1.945653587827
    Eigs at center bond b=60: 0.4137 0.2150 0.0966 0.0783 0.0669 0.0323 0.0168 0.0095 0.0095 0.0077 
    Largest link dim during sweep 72/1000 was 523
    Largest truncation error: 7.039941023524879e-07
    Energy after sweep 72/1000 is -169.366325941404
    Sweep 72/1000 CPU time = 1m, 55.5s (Wall time = 1m, 56.2s)
    Energy change:-2.542380278214296e-05

    vN Entropy at center bond b=60 = 1.949468908899
    Eigs at center bond b=60: 0.4103 0.2184 0.0954 0.0782 0.0671 0.0332 0.0167 0.0096 0.0094 0.0076 
    Largest link dim during sweep 73/1000 was 524
    Largest truncation error: 7.033790364608804e-07
    Energy after sweep 73/1000 is -169.366353330873
    Sweep 73/1000 CPU time = 1m, 56.0s (Wall time = 1m, 56.6s)
    Energy change:-2.738946866998049e-05

    vN Entropy at center bond b=60 = 1.953059609268
    Eigs at center bond b=60: 0.4070 0.2217 0.0943 0.0780 0.0673 0.0342 0.0166 0.0098 0.0093 0.0076 
    Largest link dim during sweep 74/1000 was 524
    Largest truncation error: 7.026695033682258e-07
    Energy after sweep 74/1000 is -169.366377639423
    Sweep 74/1000 CPU time = 1m, 56.5s (Wall time = 1m, 57.1s)
    Energy change:-2.430855045076896e-05

    vN Entropy at center bond b=60 = 1.956376402464
    Eigs at center bond b=60: 0.4039 0.2249 0.0932 0.0779 0.0675 0.0351 0.0165 0.0099 0.0092 0.0075 
    Largest link dim during sweep 75/1000 was 525
    Largest truncation error: 7.041657008939751e-07
    Energy after sweep 75/1000 is -169.366396860492
    Sweep 75/1000 CPU time = 1m, 56.6s (Wall time = 1m, 57.2s)
    Energy change:-1.922106881124819e-05

    vN Entropy at center bond b=60 = 1.959452119602
    Eigs at center bond b=60: 0.4008 0.2280 0.0922 0.0777 0.0677 0.0360 0.0164 0.0100 0.0091 0.0075 
    Largest link dim during sweep 76/1000 was 526
    Largest truncation error: 7.098720753059046e-07
    Energy after sweep 76/1000 is -169.366418303903
    Sweep 76/1000 CPU time = 1m, 57.0s (Wall time = 1m, 57.5s)
    Energy change:-2.144341138432537e-05

    vN Entropy at center bond b=60 = 1.962331816449
    Eigs at center bond b=60: 0.3979 0.2310 0.0912 0.0776 0.0679 0.0369 0.0163 0.0101 0.0090 0.0074 
    Largest link dim during sweep 77/1000 was 526
    Largest truncation error: 7.133686588118797e-07
    Energy after sweep 77/1000 is -169.366439651196
    Sweep 77/1000 CPU time = 1m, 57.4s (Wall time = 1m, 57.8s)
    Energy change:-2.134729271574543e-05

    vN Entropy at center bond b=60 = 1.965084940533
    Eigs at center bond b=60: 0.3950 0.2339 0.0902 0.0774 0.0681 0.0378 0.0162 0.0103 0.0090 0.0074 
    Largest link dim during sweep 78/1000 was 527
    Largest truncation error: 7.169338451579666e-07
    Energy after sweep 78/1000 is -169.366458705293
    Sweep 78/1000 CPU time = 1m, 57.8s (Wall time = 1m, 58.3s)
    Energy change:-1.905409752112064e-05

    vN Entropy at center bond b=60 = 1.967686976634
    Eigs at center bond b=60: 0.3922 0.2367 0.0893 0.0772 0.0683 0.0386 0.0161 0.0104 0.0089 0.0073 
    Largest link dim during sweep 79/1000 was 527
    Largest truncation error: 7.192608272769767e-07
    Energy after sweep 79/1000 is -169.366475998750
    Sweep 79/1000 CPU time = 1m, 58.0s (Wall time = 1m, 58.7s)
    Energy change:-1.729345652279335e-05

    vN Entropy at center bond b=60 = 1.970134627895
    Eigs at center bond b=60: 0.3895 0.2394 0.0884 0.0771 0.0684 0.0395 0.0160 0.0105 0.0088 0.0073 
    Largest link dim during sweep 80/1000 was 529
    Largest truncation error: 7.186915510032676e-07
    Energy after sweep 80/1000 is -169.366496792740
    Sweep 80/1000 CPU time = 1m, 58.5s (Wall time = 1m, 59.1s)
    Energy change:-2.079398973364732e-05

    vN Entropy at center bond b=60 = 1.972468766021
    Eigs at center bond b=60: 0.3868 0.2421 0.0875 0.0769 0.0686 0.0403 0.0159 0.0106 0.0087 0.0073 
    Largest link dim during sweep 81/1000 was 528
    Largest truncation error: 7.202368812662199e-07
    Energy after sweep 81/1000 is -169.366519648973
    Sweep 81/1000 CPU time = 1m, 58.7s (Wall time = 1m, 59.2s)
    Energy change:-2.285623310172014e-05

    vN Entropy at center bond b=60 = 1.974718416099
    Eigs at center bond b=60: 0.3841 0.2448 0.0866 0.0768 0.0687 0.0411 0.0158 0.0107 0.0086 0.0072 
    Largest link dim during sweep 82/1000 was 529
    Largest truncation error: 7.309610154226015e-07
    Energy after sweep 82/1000 is -169.366540905045
    Sweep 82/1000 CPU time = 1m, 59.2s (Wall time = 1m, 59.9s)
    Energy change:-2.125607241509897e-05

    vN Entropy at center bond b=60 = 1.976841131747
    Eigs at center bond b=60: 0.3815 0.2473 0.0858 0.0766 0.0689 0.0419 0.0157 0.0108 0.0085 0.0072 
    Largest link dim during sweep 83/1000 was 530
    Largest truncation error: 7.342426164464404e-07
    Energy after sweep 83/1000 is -169.366554426717
    Sweep 83/1000 CPU time = 1m, 59.5s (Wall time = 2m, 0.2s)
    Energy change:-1.352167146251304e-05

    vN Entropy at center bond b=60 = 1.978815640810
    Eigs at center bond b=60: 0.3790 0.2499 0.0850 0.0765 0.0690 0.0427 0.0157 0.0109 0.0085 0.0071 
    Largest link dim during sweep 84/1000 was 530
    Largest truncation error: 7.369794770319476e-07
    Energy after sweep 84/1000 is -169.366568045910
    Sweep 84/1000 CPU time = 1m, 59.8s (Wall time = 2m, 0.4s)
    Energy change:-1.36191933961527e-05

    vN Entropy at center bond b=60 = 1.980671848478
    Eigs at center bond b=60: 0.3766 0.2523 0.0842 0.0763 0.0691 0.0435 0.0156 0.0110 0.0084 0.0071 
    Largest link dim during sweep 85/1000 was 531
    Largest truncation error: 7.330983111192337e-07
    Energy after sweep 85/1000 is -169.366584594328
    Sweep 85/1000 CPU time = 2m, 0.1s (Wall time = 2m, 0.7s)
    Energy change:-1.65484175624897e-05

    vN Entropy at center bond b=60 = 1.982409179680
    Eigs at center bond b=60: 0.3742 0.2547 0.0834 0.0761 0.0693 0.0443 0.0155 0.0111 0.0083 0.0070 
    Largest link dim during sweep 86/1000 was 531
    Largest truncation error: 7.052926413149469e-07
    Energy after sweep 86/1000 is -169.366596627970
    Sweep 86/1000 CPU time = 2m, 0.3s (Wall time = 2m, 0.9s)
    Energy change:-1.203364288926423e-05

    vN Entropy at center bond b=60 = 1.984032567897
    Eigs at center bond b=60: 0.3719 0.2570 0.0827 0.0760 0.0694 0.0450 0.0154 0.0112 0.0083 0.0070 
    Largest link dim during sweep 87/1000 was 531
    Largest truncation error: 7.002378787339021e-07
    Energy after sweep 87/1000 is -169.366608686158
    Sweep 87/1000 CPU time = 2m, 0.6s (Wall time = 2m, 1.3s)
    Energy change:-1.205818736593756e-05

    vN Entropy at center bond b=60 = 1.985545246356
    Eigs at center bond b=60: 0.3697 0.2591 0.0820 0.0758 0.0695 0.0457 0.0153 0.0113 0.0082 0.0070 
    Largest link dim during sweep 88/1000 was 531
    Largest truncation error: 7.069208338410098e-07
    Energy after sweep 88/1000 is -169.366619202703
    Sweep 88/1000 CPU time = 2m, 1.1s (Wall time = 2m, 1.7s)
    Energy change:-1.051654504635735e-05

    vN Entropy at center bond b=60 = 1.986955241156
    Eigs at center bond b=60: 0.3676 0.2613 0.0813 0.0757 0.0696 0.0464 0.0152 0.0113 0.0081 0.0069 
    Largest link dim during sweep 89/1000 was 531
    Largest truncation error: 6.910872350603797e-07
    Energy after sweep 89/1000 is -169.366631795707
    Sweep 89/1000 CPU time = 2m, 1.1s (Wall time = 2m, 1.7s)
    Energy change:-1.25930041861011e-05

    vN Entropy at center bond b=60 = 1.988275133512
    Eigs at center bond b=60: 0.3655 0.2633 0.0806 0.0756 0.0697 0.0471 0.0152 0.0114 0.0081 0.0069 
    Largest link dim during sweep 90/1000 was 532
    Largest truncation error: 6.907391756842979e-07
    Energy after sweep 90/1000 is -169.366641921323
    Sweep 90/1000 CPU time = 2m, 1.3s (Wall time = 2m, 1.9s)
    Energy change:-1.012561571656079e-05

    vN Entropy at center bond b=60 = 1.989481442548
    Eigs at center bond b=60: 0.3635 0.2653 0.0800 0.0754 0.0698 0.0477 0.0151 0.0115 0.0080 0.0069 
    Largest link dim during sweep 91/1000 was 532
    Largest truncation error: 6.903736940386436e-07
    Energy after sweep 91/1000 is -169.366648681147
    Sweep 91/1000 CPU time = 2m, 1.5s (Wall time = 2m, 2.0s)
    Energy change:-6.759823719448832e-06

    Energy has converged -> stop the DMRG.
Final energy=0
Time=8644 sec
Nup =20 Ndown = 19L = 40 W = 3
