1_Dn 4_Up 7_Dn 10_Up 13_Dn 16_Up 19_Dn 22_Up 25_Dn 28_Up 31_Dn 34_Up 37_Dn 40_Up 43_Dn 46_Up 49_Dn 52_Up 2_Up 5_Dn 8_Up 11_Dn 14_Up 17_Dn 20_Up 23_Dn 26_Up 29_Dn 32_Up 35_Dn 38_Up 41_Dn 44_Up 47_Dn 50_Up 3_Dn 6_Up 9_Dn 12_Up 15_Dn 18_Up 21_Dn 24_Up 27_Dn 30_Up 33_Dn 36_Up 39_Dn 42_Up 45_Dn 48_Up 51_Dn 53_Up Initial energy=0
    vN Entropy at center bond b=60 = 0.000483383147
    Eigs at center bond b=60: 1.0000 
    Largest link dim during sweep 1/1000 was 10
    Largest truncation error: 0.004141279789149129
    Energy after sweep 1/1000 is -201.739609184678
    Sweep 1/1000 CPU time = 0.523s (Wall time = 0.525s)
    Energy change:-201.7396091846778

    vN Entropy at center bond b=60 = 0.076549571645
    Eigs at center bond b=60: 0.9856 0.0142 
    Largest link dim during sweep 2/1000 was 20
    Largest truncation error: 0.002774743853543584
    Energy after sweep 2/1000 is -209.048082396357
    Sweep 2/1000 CPU time = 2.095s (Wall time = 2.243s)
    Energy change:-7.308473211678944

    vN Entropy at center bond b=60 = 0.744368455957
    Eigs at center bond b=60: 0.7582 0.1830 0.0292 0.0261 0.0011 
    Largest link dim during sweep 3/1000 was 50
    Largest truncation error: 0.0009189267756389274
    Energy after sweep 3/1000 is -213.177451917419
    Sweep 3/1000 CPU time = 3.984s (Wall time = 4.364s)
    Energy change:-4.129369521062472

    vN Entropy at center bond b=60 = 0.652861214538
    Eigs at center bond b=60: 0.8188 0.1291 0.0224 0.0213 0.0018 0.0013 0.0013 0.0013 0.0013 
    Largest link dim during sweep 4/1000 was 100
    Largest truncation error: 0.0001570881638984485
    Energy after sweep 4/1000 is -214.563297792762
    Sweep 4/1000 CPU time = 7.384s (Wall time = 8.123s)
    Energy change:-1.385845875342454

    vN Entropy at center bond b=60 = 0.725728415506
    Eigs at center bond b=60: 0.8129 0.1128 0.0283 0.0281 0.0049 0.0037 0.0018 0.0017 0.0016 0.0016 
    Largest link dim during sweep 5/1000 was 200
    Largest truncation error: 4.271862753681593e-05
    Energy after sweep 5/1000 is -215.676532061977
    Sweep 5/1000 CPU time = 15.80s (Wall time = 17.12s)
    Energy change:-1.113234269215241

    vN Entropy at center bond b=60 = 0.822190997184
    Eigs at center bond b=60: 0.7475 0.1821 0.0283 0.0282 0.0022 0.0022 0.0019 0.0017 0.0016 0.0010 
    Largest link dim during sweep 6/1000 was 400
    Largest truncation error: 1.02854831911909e-05
    Energy after sweep 6/1000 is -216.540580724026
    Sweep 6/1000 CPU time = 48.56s (Wall time = 51.50s)
    Energy change:-0.8640486620494414

    vN Entropy at center bond b=60 = 0.718127201209
    Eigs at center bond b=60: 0.8340 0.0877 0.0221 0.0220 0.0111 0.0066 0.0044 0.0044 0.0019 0.0019 
    Largest link dim during sweep 7/1000 was 1000
    Largest truncation error: 2.512561963413147e-06
    Energy after sweep 7/1000 is -217.297161558068
    Sweep 7/1000 CPU time = 3m, 15.4s (Wall time = 3m, 22.1s)
    Energy change:-0.7565808340415856

    vN Entropy at center bond b=60 = 1.044918550039
    Eigs at center bond b=60: 0.4728 0.4407 0.0368 0.0368 0.0030 0.0030 0.0013 0.0013 0.0013 
    Largest link dim during sweep 8/1000 was 1300
    Largest truncation error: 8.714258841911925e-07
    Energy after sweep 8/1000 is -217.880002517652
    Sweep 8/1000 CPU time = 5m, 48.4s (Wall time = 5m, 58.6s)
    Energy change:-0.5828409595836774

    vN Entropy at center bond b=60 = 0.681889773360
    Eigs at center bond b=60: 0.8403 0.0928 0.0195 0.0195 0.0054 0.0050 0.0050 0.0048 0.0017 0.0017 
    Largest link dim during sweep 9/1000 was 1452
    Largest truncation error: 8.780584096466776e-07
    Energy after sweep 9/1000 is -218.408742266537
    Sweep 9/1000 CPU time = 5m, 50.9s (Wall time = 5m, 59.5s)
    Energy change:-0.5287397488853856

    vN Entropy at center bond b=60 = 0.779138123799
    Eigs at center bond b=60: 0.8040 0.1155 0.0251 0.0251 0.0083 0.0069 0.0036 0.0035 0.0022 0.0022 
    Largest link dim during sweep 10/1000 was 1327
    Largest truncation error: 8.52911670422994e-07
    Energy after sweep 10/1000 is -219.054918897685
    Sweep 10/1000 CPU time = 5m, 36.4s (Wall time = 5m, 44.4s)
    Energy change:-0.6461766311477675

    vN Entropy at center bond b=60 = 1.029534680930
    Eigs at center bond b=60: 0.5641 0.3491 0.0357 0.0357 0.0035 0.0035 0.0015 0.0015 0.0012 
    Largest link dim during sweep 11/1000 was 1455
    Largest truncation error: 8.532617814669136e-07
    Energy after sweep 11/1000 is -219.615009491571
    Sweep 11/1000 CPU time = 5m, 46.3s (Wall time = 5m, 54.2s)
    Energy change:-0.5600905938859739

    vN Entropy at center bond b=60 = 0.687264275958
    Eigs at center bond b=60: 0.8568 0.0606 0.0168 0.0148 0.0148 0.0091 0.0091 0.0090 0.0016 0.0016 
    Largest link dim during sweep 12/1000 was 1528
    Largest truncation error: 8.454312428762667e-07
    Energy after sweep 12/1000 is -220.166090744473
    Sweep 12/1000 CPU time = 5m, 41.1s (Wall time = 5m, 50.4s)
    Energy change:-0.5510812529019233

    vN Entropy at center bond b=60 = 0.827710359020
    Eigs at center bond b=60: 0.7841 0.1303 0.0269 0.0269 0.0083 0.0077 0.0033 0.0033 0.0024 0.0024 
    Largest link dim during sweep 13/1000 was 1292
    Largest truncation error: 8.534501478900176e-07
    Energy after sweep 13/1000 is -220.572440846056
    Sweep 13/1000 CPU time = 4m, 55.1s (Wall time = 5m, 3.6s)
    Energy change:-0.4063501015830298

    vN Entropy at center bond b=60 = 1.047926216545
    Eigs at center bond b=60: 0.4977 0.4144 0.0369 0.0368 0.0030 0.0030 0.0027 0.0013 0.0013 
    Largest link dim during sweep 14/1000 was 1590
    Largest truncation error: 8.529355689960438e-07
    Energy after sweep 14/1000 is -220.925711951846
    Sweep 14/1000 CPU time = 4m, 34.5s (Wall time = 4m, 41.3s)
    Energy change:-0.353271105790725

    vN Entropy at center bond b=60 = 0.760714083449
    Eigs at center bond b=60: 0.8027 0.1263 0.0230 0.0228 0.0053 0.0041 0.0037 0.0037 0.0021 0.0021 
    Largest link dim during sweep 15/1000 was 1508
    Largest truncation error: 8.474641840695913e-07
    Energy after sweep 15/1000 is -221.636137243174
    Sweep 15/1000 CPU time = 5m, 13.1s (Wall time = 5m, 20.7s)
    Energy change:-0.7104252913278231

    vN Entropy at center bond b=60 = 0.905349559530
    Eigs at center bond b=60: 0.7512 0.1574 0.0276 0.0274 0.0095 0.0070 0.0037 0.0036 0.0032 0.0032 
    Largest link dim during sweep 16/1000 was 1248
    Largest truncation error: 8.548881245507677e-07
    Energy after sweep 16/1000 is -222.162822169332
    Sweep 16/1000 CPU time = 5m, 25.8s (Wall time = 5m, 35.0s)
    Energy change:-0.5266849261575146

    vN Entropy at center bond b=60 = 1.085709063883
    Eigs at center bond b=60: 0.5118 0.3972 0.0345 0.0342 0.0042 0.0042 0.0017 0.0016 0.0016 0.0016 
    Largest link dim during sweep 17/1000 was 1181
    Largest truncation error: 8.887152353966262e-07
    Energy after sweep 17/1000 is -222.541162230555
    Sweep 17/1000 CPU time = 4m, 51.9s (Wall time = 4m, 59.4s)
    Energy change:-0.378340061222957

    vN Entropy at center bond b=60 = 0.872445726138
    Eigs at center bond b=60: 0.7956 0.1029 0.0221 0.0195 0.0191 0.0100 0.0083 0.0082 0.0026 0.0026 
    Largest link dim during sweep 18/1000 was 1369
    Largest truncation error: 8.332420183793117e-07
    Energy after sweep 18/1000 is -222.942152519353
    Sweep 18/1000 CPU time = 4m, 32.5s (Wall time = 4m, 39.1s)
    Energy change:-0.4009902887984538

    vN Entropy at center bond b=60 = 0.954082915808
    Eigs at center bond b=60: 0.7422 0.1579 0.0256 0.0254 0.0149 0.0095 0.0052 0.0050 0.0035 0.0035 
    Largest link dim during sweep 19/1000 was 1612
    Largest truncation error: 8.18881831527401e-07
    Energy after sweep 19/1000 is -223.330001978018
    Sweep 19/1000 CPU time = 4m, 37.2s (Wall time = 4m, 44.8s)
    Energy change:-0.3878494586651016

    vN Entropy at center bond b=60 = 1.105435284554
    Eigs at center bond b=60: 0.4553 0.4520 0.0341 0.0335 0.0044 0.0044 0.0030 0.0018 0.0016 0.0016 
    Largest link dim during sweep 20/1000 was 1423
    Largest truncation error: 8.104922947694193e-07
    Energy after sweep 20/1000 is -223.623171007078
    Sweep 20/1000 CPU time = 4m, 23.1s (Wall time = 4m, 30.0s)
    Energy change:-0.2931690290594702

    vN Entropy at center bond b=60 = 0.940084264575
    Eigs at center bond b=60: 0.7660 0.1293 0.0221 0.0208 0.0200 0.0104 0.0075 0.0074 0.0031 0.0031 
    Largest link dim during sweep 21/1000 was 1496
    Largest truncation error: 8.216865373836534e-07
    Energy after sweep 21/1000 is -223.989286275189
    Sweep 21/1000 CPU time = 4m, 28.0s (Wall time = 4m, 34.5s)
    Energy change:-0.3661152681108319

    vN Entropy at center bond b=60 = 0.997416355173
    Eigs at center bond b=60: 0.7373 0.1530 0.0247 0.0241 0.0204 0.0098 0.0066 0.0059 0.0042 0.0041 
    Largest link dim during sweep 22/1000 was 1349
    Largest truncation error: 8.240392128140156e-07
    Energy after sweep 22/1000 is -224.309438745444
    Sweep 22/1000 CPU time = 4m, 12.6s (Wall time = 4m, 19.0s)
    Energy change:-0.3201524702557208

    vN Entropy at center bond b=60 = 1.144254999073
    Eigs at center bond b=60: 0.4612 0.4409 0.0333 0.0319 0.0053 0.0053 0.0033 0.0028 0.0018 0.0018 
    Largest link dim during sweep 23/1000 was 1317
    Largest truncation error: 7.905890102931364e-07
    Energy after sweep 23/1000 is -224.555386004920
    Sweep 23/1000 CPU time = 3m, 35.4s (Wall time = 3m, 38.9s)
    Energy change:-0.2459472594755709

    vN Entropy at center bond b=60 = 1.074589168259
    Eigs at center bond b=60: 0.7059 0.1786 0.0246 0.0232 0.0205 0.0088 0.0068 0.0066 0.0048 0.0047 
    Largest link dim during sweep 24/1000 was 1116
    Largest truncation error: 7.933126810417447e-07
    Energy after sweep 24/1000 is -224.826522563433
    Sweep 24/1000 CPU time = 3m, 52.5s (Wall time = 3m, 58.0s)
    Energy change:-0.2711365585128647

    vN Entropy at center bond b=60 = 1.099371018407
    Eigs at center bond b=60: 0.7258 0.1325 0.0434 0.0205 0.0199 0.0113 0.0104 0.0094 0.0050 0.0049 
    Largest link dim during sweep 25/1000 was 1222
    Largest truncation error: 7.493572823534941e-07
    Energy after sweep 25/1000 is -225.052545891484
    Sweep 25/1000 CPU time = 3m, 40.4s (Wall time = 3m, 45.2s)
    Energy change:-0.2260233280513546

    vN Entropy at center bond b=60 = 1.234198910203
    Eigs at center bond b=60: 0.4643 0.4246 0.0295 0.0287 0.0073 0.0072 0.0055 0.0041 0.0035 0.0033 
    Largest link dim during sweep 26/1000 was 1218
    Largest truncation error: 7.26785529729357e-07
    Energy after sweep 26/1000 is -225.261155782989
    Sweep 26/1000 CPU time = 3m, 46.1s (Wall time = 3m, 51.4s)
    Energy change:-0.2086098915050627

    vN Entropy at center bond b=60 = 1.209595215743
    Eigs at center bond b=60: 0.6662 0.1920 0.0362 0.0224 0.0215 0.0092 0.0084 0.0082 0.0076 0.0059 
    Largest link dim during sweep 27/1000 was 1116
    Largest truncation error: 7.088938790683298e-07
    Energy after sweep 27/1000 is -225.425212844259
    Sweep 27/1000 CPU time = 3m, 31.3s (Wall time = 3m, 36.0s)
    Energy change:-0.1640570612700856

    vN Entropy at center bond b=60 = 1.230994476412
    Eigs at center bond b=60: 0.6751 0.1637 0.0540 0.0201 0.0198 0.0108 0.0104 0.0098 0.0074 0.0062 
    Largest link dim during sweep 28/1000 was 1037
    Largest truncation error: 7.159000009664124e-07
    Energy after sweep 28/1000 is -225.566854654420
    Sweep 28/1000 CPU time = 3m, 20.2s (Wall time = 3m, 24.7s)
    Energy change:-0.1416418101609622

    vN Entropy at center bond b=60 = 1.311867393826
    Eigs at center bond b=60: 0.4773 0.3972 0.0265 0.0261 0.0124 0.0078 0.0077 0.0061 0.0051 0.0041 
    Largest link dim during sweep 29/1000 was 1013
    Largest truncation error: 7.278175935402218e-07
    Energy after sweep 29/1000 is -225.690963182757
    Sweep 29/1000 CPU time = 3m, 14.4s (Wall time = 3m, 18.8s)
    Energy change:-0.1241085283370467

    vN Entropy at center bond b=60 = 1.306829914369
    Eigs at center bond b=60: 0.5945 0.2630 0.0306 0.0231 0.0228 0.0086 0.0071 0.0071 0.0070 0.0069 
    Largest link dim during sweep 30/1000 was 1178
    Largest truncation error: 7.351954378985752e-07
    Energy after sweep 30/1000 is -225.798137992748
    Sweep 30/1000 CPU time = 3m, 12.0s (Wall time = 3m, 16.1s)
    Energy change:-0.1071748099911929

    vN Entropy at center bond b=60 = 1.314656872768
    Eigs at center bond b=60: 0.6600 0.1229 0.1040 0.0154 0.0151 0.0145 0.0144 0.0119 0.0088 0.0051 
    Largest link dim during sweep 31/1000 was 968
    Largest truncation error: 7.19696890415995e-07
    Energy after sweep 31/1000 is -225.895844932546
    Sweep 31/1000 CPU time = 3m, 14.3s (Wall time = 3m, 17.9s)
    Energy change:-0.09770693979780276

    vN Entropy at center bond b=60 = 1.360168863210
    Eigs at center bond b=60: 0.5893 0.2485 0.0467 0.0219 0.0217 0.0103 0.0081 0.0079 0.0077 0.0073 
    Largest link dim during sweep 32/1000 was 852
    Largest truncation error: 7.30483148897275e-07
    Energy after sweep 32/1000 is -225.973615850280
    Sweep 32/1000 CPU time = 3m, 20.0s (Wall time = 3m, 23.6s)
    Energy change:-0.07777091773348843

    vN Entropy at center bond b=60 = 1.388030343302
    Eigs at center bond b=60: 0.4327 0.4280 0.0245 0.0243 0.0147 0.0103 0.0085 0.0084 0.0061 0.0049 
    Largest link dim during sweep 33/1000 was 954
    Largest truncation error: 7.136485609838024e-07
    Energy after sweep 33/1000 is -226.063506616639
    Sweep 33/1000 CPU time = 3m, 47.4s (Wall time = 3m, 52.5s)
    Energy change:-0.08989076635972992

    vN Entropy at center bond b=60 = 1.395552661168
    Eigs at center bond b=60: 0.5837 0.2485 0.0469 0.0207 0.0206 0.0097 0.0086 0.0084 0.0084 0.0076 
    Largest link dim during sweep 34/1000 was 878
    Largest truncation error: 7.14046128735287e-07
    Energy after sweep 34/1000 is -226.139988465332
    Sweep 34/1000 CPU time = 3m, 54.2s (Wall time = 3m, 59.5s)
    Energy change:-0.07648184869290731

    vN Entropy at center bond b=60 = 1.421814605091
    Eigs at center bond b=60: 0.6167 0.1574 0.1040 0.0168 0.0167 0.0127 0.0126 0.0116 0.0103 0.0065 
    Largest link dim during sweep 35/1000 was 805
    Largest truncation error: 7.117836928304696e-07
    Energy after sweep 35/1000 is -226.195994497539
    Sweep 35/1000 CPU time = 4m, 7.8s (Wall time = 4m, 14.5s)
    Energy change:-0.05600603220634071

    vN Entropy at center bond b=60 = 1.455355679413
    Eigs at center bond b=60: 0.5311 0.2982 0.0448 0.0216 0.0215 0.0098 0.0083 0.0083 0.0082 0.0072 
    Largest link dim during sweep 36/1000 was 814
    Largest truncation error: 7.08878121265448e-07
    Energy after sweep 36/1000 is -226.232437558479
    Sweep 36/1000 CPU time = 4m, 15.0s (Wall time = 4m, 22.5s)
    Energy change:-0.03644306094054173

    vN Entropy at center bond b=60 = 1.473071654831
    Eigs at center bond b=60: 0.4338 0.4083 0.0226 0.0225 0.0191 0.0168 0.0088 0.0088 0.0071 0.0063 
    Largest link dim during sweep 37/1000 was 925
    Largest truncation error: 6.968314382732314e-07
    Energy after sweep 37/1000 is -226.259613329741
    Sweep 37/1000 CPU time = 4m, 37.9s (Wall time = 4m, 46.5s)
    Energy change:-0.02717577126199444

    vN Entropy at center bond b=60 = 1.487281292574
    Eigs at center bond b=60: 0.5207 0.3058 0.0403 0.0210 0.0208 0.0094 0.0093 0.0084 0.0083 0.0082 
    Largest link dim during sweep 38/1000 was 823
    Largest truncation error: 6.916172910660413e-07
    Energy after sweep 38/1000 is -226.279153362262
    Sweep 38/1000 CPU time = 5m, 2.4s (Wall time = 5m, 11.1s)
    Energy change:-0.01954003252123471

    vN Entropy at center bond b=60 = 1.503971563477
    Eigs at center bond b=60: 0.5682 0.2240 0.0767 0.0183 0.0181 0.0117 0.0105 0.0104 0.0097 0.0075 
    Largest link dim during sweep 39/1000 was 889
    Largest truncation error: 6.889394543236242e-07
    Energy after sweep 39/1000 is -226.294971316569
    Sweep 39/1000 CPU time = 5m, 31.1s (Wall time = 5m, 40.5s)
    Energy change:-0.01581795430629995

    vN Entropy at center bond b=60 = 1.527832874481
    Eigs at center bond b=60: 0.5809 0.1608 0.1266 0.0154 0.0150 0.0140 0.0137 0.0131 0.0103 0.0064 
    Largest link dim during sweep 40/1000 was 937
    Largest truncation error: 6.839403568521726e-07
    Energy after sweep 40/1000 is -226.307309321424
    Sweep 40/1000 CPU time = 6m, 8.0s (Wall time = 6m, 17.6s)
    Energy change:-0.01233800485556458

    vN Entropy at center bond b=60 = 1.557847498138
    Eigs at center bond b=60: 0.5664 0.1815 0.1174 0.0171 0.0162 0.0136 0.0128 0.0122 0.0101 0.0067 
    Largest link dim during sweep 41/1000 was 996
    Largest truncation error: 6.901476741547461e-07
    Energy after sweep 41/1000 is -226.317510770517
    Sweep 41/1000 CPU time = 6m, 49.0s (Wall time = 6m, 59.9s)
    Energy change:-0.01020144909247733

    vN Entropy at center bond b=60 = 1.603274807761
    Eigs at center bond b=60: 0.5268 0.2483 0.0821 0.0204 0.0181 0.0137 0.0103 0.0095 0.0091 0.0076 
    Largest link dim during sweep 42/1000 was 1028
    Largest truncation error: 6.874516878971418e-07
    Energy after sweep 42/1000 is -226.325902472669
    Sweep 42/1000 CPU time = 8m, 13.1s (Wall time = 8m, 25.8s)
    Energy change:-0.008391702151897107

    vN Entropy at center bond b=60 = 1.640930260757
    Eigs at center bond b=60: 0.4913 0.2931 0.0628 0.0235 0.0189 0.0134 0.0111 0.0090 0.0082 0.0080 
    Largest link dim during sweep 43/1000 was 1100
    Largest truncation error: 6.866561388586702e-07
    Energy after sweep 43/1000 is -226.331410711088
    Sweep 43/1000 CPU time = 9m, 28.8s (Wall time = 9m, 42.8s)
    Energy change:-0.005508238419650979

    vN Entropy at center bond b=60 = 1.678823688399
    Eigs at center bond b=60: 0.4608 0.3238 0.0505 0.0278 0.0191 0.0162 0.0129 0.0083 0.0081 0.0079 
    Largest link dim during sweep 44/1000 was 1234
    Largest truncation error: 6.873702036939281e-07
    Energy after sweep 44/1000 is -226.335403103025
    Sweep 44/1000 CPU time = 10m, 58s (Wall time = 11m, 14s)
    Energy change:-0.003992391937174489

    vN Entropy at center bond b=60 = 1.720943236990
    Eigs at center bond b=60: 0.4358 0.3427 0.0422 0.0341 0.0207 0.0190 0.0123 0.0088 0.0083 0.0082 
    Largest link dim during sweep 45/1000 was 1258
    Largest truncation error: 6.831472424183276e-07
    Energy after sweep 45/1000 is -226.338308272013
    Sweep 45/1000 CPU time = 12m, 59s (Wall time = 13m, 18s)
    Energy change:-0.002905168987354045

    vN Entropy at center bond b=60 = 1.769755779363
    Eigs at center bond b=60: 0.4146 0.3529 0.0429 0.0361 0.0242 0.0187 0.0117 0.0096 0.0089 0.0081 
    Largest link dim during sweep 46/1000 was 1316
    Largest truncation error: 6.824400559877122e-07
    Energy after sweep 46/1000 is -226.340464402583
    Sweep 46/1000 CPU time = 14m, 14s (Wall time = 14m, 36s)
    Energy change:-0.002156130569687775

    vN Entropy at center bond b=60 = 1.823983601947
    Eigs at center bond b=60: 0.3960 0.3566 0.0538 0.0315 0.0267 0.0182 0.0112 0.0100 0.0099 0.0081 
    Largest link dim during sweep 47/1000 was 1332
    Largest truncation error: 6.698514928379041e-07
    Energy after sweep 47/1000 is -226.342127297491
    Sweep 47/1000 CPU time = 15m, 36s (Wall time = 15m, 59s)
    Energy change:-0.001662894908008639

    vN Entropy at center bond b=60 = 1.882072168248
    Eigs at center bond b=60: 0.3788 0.3556 0.0663 0.0285 0.0278 0.0176 0.0112 0.0107 0.0102 0.0080 
    Largest link dim during sweep 48/1000 was 1368
    Largest truncation error: 6.843493146955417e-07
    Energy after sweep 48/1000 is -226.343379325669
    Sweep 48/1000 CPU time = 16m, 42s (Wall time = 17m, 6s)
    Energy change:-0.001252028178612363

    vN Entropy at center bond b=60 = 1.943895225095
    Eigs at center bond b=60: 0.3619 0.3506 0.0806 0.0297 0.0246 0.0170 0.0128 0.0128 0.0103 0.0102 
    Largest link dim during sweep 49/1000 was 1424
    Largest truncation error: 6.795488662652451e-07
    Energy after sweep 49/1000 is -226.344403311302
    Sweep 49/1000 CPU time = 17m, 60s (Wall time = 18m, 27s)
    Energy change:-0.00102398563254269

    vN Entropy at center bond b=60 = 1.999720271637
    Eigs at center bond b=60: 0.3470 0.3437 0.0940 0.0304 0.0222 0.0188 0.0163 0.0143 0.0102 0.0097 
    Largest link dim during sweep 50/1000 was 1411
    Largest truncation error: 6.779102457810782e-07
    Energy after sweep 50/1000 is -226.345134340697
    Sweep 50/1000 CPU time = 18m, 15s (Wall time = 18m, 43s)
    Energy change:-0.0007310293954958524

    vN Entropy at center bond b=60 = 2.051474984865
    Eigs at center bond b=60: 0.3353 0.3331 0.1071 0.0307 0.0258 0.0202 0.0158 0.0157 0.0101 0.0095 
    Largest link dim during sweep 51/1000 was 1373
    Largest truncation error: 6.76530922534674e-07
    Energy after sweep 51/1000 is -226.345739105066
    Sweep 51/1000 CPU time = 18m, 16s (Wall time = 18m, 43s)
    Energy change:-0.0006047643691431404

    vN Entropy at center bond b=60 = 2.099131066351
    Eigs at center bond b=60: 0.3258 0.3197 0.1200 0.0336 0.0307 0.0185 0.0171 0.0151 0.0099 0.0098 
    Largest link dim during sweep 52/1000 was 1341
    Largest truncation error: 6.807350469060118e-07
    Energy after sweep 52/1000 is -226.346237028595
    Sweep 52/1000 CPU time = 18m, 29s (Wall time = 18m, 57s)
    Energy change:-0.0004979235289397366

    vN Entropy at center bond b=60 = 2.143054866523
    Eigs at center bond b=60: 0.3156 0.3067 0.1326 0.0422 0.0306 0.0184 0.0170 0.0145 0.0101 0.0098 
    Largest link dim during sweep 53/1000 was 1314
    Largest truncation error: 6.727131526014685e-07
    Energy after sweep 53/1000 is -226.346668037449
    Sweep 53/1000 CPU time = 18m, 44s (Wall time = 19m, 13s)
    Energy change:-0.0004310088538943546

    vN Entropy at center bond b=60 = 2.180545703333
    Eigs at center bond b=60: 0.3054 0.2945 0.1445 0.0508 0.0303 0.0196 0.0157 0.0139 0.0102 0.0097 
    Largest link dim during sweep 54/1000 was 1316
    Largest truncation error: 6.707473829851891e-07
    Energy after sweep 54/1000 is -226.347030472042
    Sweep 54/1000 CPU time = 18m, 49s (Wall time = 19m, 18s)
    Energy change:-0.0003624345923469718

    vN Entropy at center bond b=60 = 2.212580144830
    Eigs at center bond b=60: 0.2953 0.2830 0.1558 0.0596 0.0300 0.0207 0.0145 0.0133 0.0103 0.0096 
    Largest link dim during sweep 55/1000 was 1315
    Largest truncation error: 6.797134612814379e-07
    Energy after sweep 55/1000 is -226.347347050216
    Sweep 55/1000 CPU time = 18m, 56s (Wall time = 19m, 25s)
    Energy change:-0.0003165781741358842

    vN Entropy at center bond b=60 = 2.239670505391
    Eigs at center bond b=60: 0.2855 0.2722 0.1665 0.0682 0.0296 0.0217 0.0136 0.0128 0.0103 0.0096 
    Largest link dim during sweep 56/1000 was 1311
    Largest truncation error: 6.779452322687417e-07
    Energy after sweep 56/1000 is -226.347628473607
    Sweep 56/1000 CPU time = 19m, 4s (Wall time = 19m, 33s)
    Energy change:-0.0002814233912999953

    vN Entropy at center bond b=60 = 2.262770377785
    Eigs at center bond b=60: 0.2758 0.2619 0.1767 0.0768 0.0291 0.0225 0.0127 0.0123 0.0103 0.0097 
    Largest link dim during sweep 57/1000 was 1311
    Largest truncation error: 6.770101046734416e-07
    Energy after sweep 57/1000 is -226.347891442910
    Sweep 57/1000 CPU time = 19m, 20s (Wall time = 19m, 49s)
    Energy change:-0.0002629693030371527

    vN Entropy at center bond b=60 = 2.281916850992
    Eigs at center bond b=60: 0.2665 0.2521 0.1864 0.0853 0.0286 0.0234 0.0119 0.0118 0.0103 0.0098 
    Largest link dim during sweep 58/1000 was 1310
    Largest truncation error: 6.739578316967717e-07
    Energy after sweep 58/1000 is -226.348126628326
    Sweep 58/1000 CPU time = 19m, 30s (Wall time = 19m, 59s)
    Energy change:-0.0002351854155620003

    vN Entropy at center bond b=60 = 2.297625207161
    Eigs at center bond b=60: 0.2576 0.2428 0.1956 0.0935 0.0280 0.0241 0.0114 0.0112 0.0102 0.0100 
    Largest link dim during sweep 59/1000 was 1306
    Largest truncation error: 6.7964887496796e-07
    Energy after sweep 59/1000 is -226.348335023956
    Sweep 59/1000 CPU time = 19m, 37s (Wall time = 20m, 5s)
    Energy change:-0.0002083956304943513

    vN Entropy at center bond b=60 = 2.310520551034
    Eigs at center bond b=60: 0.2490 0.2340 0.2043 0.1016 0.0275 0.0248 0.0109 0.0105 0.0102 0.0101 
    Largest link dim during sweep 60/1000 was 1304
    Largest truncation error: 6.736179025134379e-07
    Energy after sweep 60/1000 is -226.348514779466
    Sweep 60/1000 CPU time = 19m, 47s (Wall time = 20m, 17s)
    Energy change:-0.0001797555098619341

    vN Entropy at center bond b=60 = 2.320567988408
    Eigs at center bond b=60: 0.2409 0.2257 0.2124 0.1092 0.0270 0.0254 0.0105 0.0105 0.0100 0.0099 
    Largest link dim during sweep 61/1000 was 1300
    Largest truncation error: 6.79904137533074e-07
    Energy after sweep 61/1000 is -226.348657110357
    Sweep 61/1000 CPU time = 19m, 51s (Wall time = 20m, 21s)
    Energy change:-0.0001423308908385934

    vN Entropy at center bond b=60 = 2.328037043279
    Eigs at center bond b=60: 0.2336 0.2198 0.2182 0.1163 0.0265 0.0260 0.0107 0.0104 0.0102 0.0100 
    Largest link dim during sweep 62/1000 was 1294
    Largest truncation error: 6.742559491784592e-07
    Energy after sweep 62/1000 is -226.348761580195
    Sweep 62/1000 CPU time = 19m, 49s (Wall time = 20m, 19s)
    Energy change:-0.0001044698383338982

    vN Entropy at center bond b=60 = 2.333394211071
    Eigs at center bond b=60: 0.2269 0.2264 0.2115 0.1228 0.0265 0.0260 0.0109 0.0109 0.0099 0.0099 
    Largest link dim during sweep 63/1000 was 1289
    Largest truncation error: 6.691427689337993e-07
    Energy after sweep 63/1000 is -226.348837838362
    Sweep 63/1000 CPU time = 19m, 37s (Wall time = 20m, 5s)
    Energy change:-7.62581665298967e-05

    vN Entropy at center bond b=60 = 2.337116092295
    Eigs at center bond b=60: 0.2323 0.2210 0.2055 0.1285 0.0269 0.0256 0.0113 0.0111 0.0099 0.0096 
    Largest link dim during sweep 64/1000 was 1284
    Largest truncation error: 6.816977767062717e-07
    Energy after sweep 64/1000 is -226.348894717395
    Sweep 64/1000 CPU time = 19m, 23s (Wall time = 19m, 52s)
    Energy change:-5.687903345119594e-05

    vN Entropy at center bond b=60 = 2.339618411520
    Eigs at center bond b=60: 0.2374 0.2159 0.2003 0.1336 0.0273 0.0252 0.0117 0.0113 0.0098 0.0093 
    Largest link dim during sweep 65/1000 was 1278
    Largest truncation error: 6.774021560837606e-07
    Energy after sweep 65/1000 is -226.348935778171
    Sweep 65/1000 CPU time = 19m, 8s (Wall time = 19m, 37s)
    Energy change:-4.106077565779742e-05

    vN Entropy at center bond b=60 = 2.341224515445
    Eigs at center bond b=60: 0.2418 0.2113 0.1958 0.1380 0.0276 0.0249 0.0121 0.0115 0.0098 0.0091 
    Largest link dim during sweep 66/1000 was 1274
    Largest truncation error: 6.800333762094843e-07
    Energy after sweep 66/1000 is -226.348964285826
    Sweep 66/1000 CPU time = 19m, 1s (Wall time = 19m, 30s)
    Energy change:-2.850765540074462e-05

    vN Entropy at center bond b=60 = 2.342190041963
    Eigs at center bond b=60: 0.2456 0.2074 0.1919 0.1419 0.0279 0.0246 0.0124 0.0117 0.0098 0.0089 
    Largest link dim during sweep 67/1000 was 1270
    Largest truncation error: 6.722530414492762e-07
    Energy after sweep 67/1000 is -226.348984763587
    Sweep 67/1000 CPU time = 18m, 59s (Wall time = 19m, 28s)
    Energy change:-2.047776123959011e-05

    vN Entropy at center bond b=60 = 2.342722202997
    Eigs at center bond b=60: 0.2490 0.2040 0.1885 0.1453 0.0281 0.0244 0.0126 0.0118 0.0098 0.0088 
    Largest link dim during sweep 68/1000 was 1268
    Largest truncation error: 6.761704956537937e-07
    Energy after sweep 68/1000 is -226.348998501509
    Sweep 68/1000 CPU time = 18m, 53s (Wall time = 19m, 22s)
    Energy change:-1.373792184722333e-05

    vN Entropy at center bond b=60 = 2.342960812080
    Eigs at center bond b=60: 0.2518 0.2010 0.1855 0.1482 0.0283 0.0242 0.0129 0.0119 0.0098 0.0086 
    Largest link dim during sweep 69/1000 was 1263
    Largest truncation error: 6.741533595503438e-07
    Energy after sweep 69/1000 is -226.349009264143
    Sweep 69/1000 CPU time = 18m, 51s (Wall time = 19m, 20s)
    Energy change:-1.076263390586973e-05

    vN Entropy at center bond b=60 = 2.343011203635
    Eigs at center bond b=60: 0.2543 0.1985 0.1830 0.1507 0.0285 0.0240 0.0131 0.0120 0.0098 0.0085 
    Largest link dim during sweep 70/1000 was 1260
    Largest truncation error: 6.807494395716135e-07
    Energy after sweep 70/1000 is -226.349015883419
    Sweep 70/1000 CPU time = 18m, 46s (Wall time = 19m, 14s)
    Energy change:-6.619276035735311e-06

    Energy has converged -> stop the DMRG.
Final energy=0
Time=41014 sec
Nup =27 Ndown = 26L = 40 W = 3
