1_Dn 5_Up 9_Dn 13_Up 17_Dn 21_Up 25_Dn 29_Up 2_Up 6_Dn 10_Up 14_Dn 18_Up 22_Dn 26_Up 30_Dn 3_Dn 7_Up 11_Dn 15_Up 19_Dn 23_Up 27_Dn 31_Up 4_Up 8_Dn 12_Up 16_Dn 20_Up 24_Dn 28_Up 32_Dn 33_Up 34_Up 35_Up 36_Up 37_Up Initial energy=0
    vN Entropy at center bond b=80 = -0.000000000000
    Eigs at center bond b=80: 1.0000 
    Largest link dim during sweep 1/1000 was 10
    Largest truncation error: 0.0008583500329417395
    Energy after sweep 1/1000 is -130.166927394063
    Sweep 1/1000 CPU time = 0.416s (Wall time = 0.419s)
    Energy change:-130.1669273940627

    vN Entropy at center bond b=80 = 0.328411079758
    Eigs at center bond b=80: 0.8985 0.1015 
    Largest link dim during sweep 2/1000 was 20
    Largest truncation error: 0.00383586482071215
    Energy after sweep 2/1000 is -136.982755759287
    Sweep 2/1000 CPU time = 1.440s (Wall time = 1.448s)
    Energy change:-6.815828365224604

    vN Entropy at center bond b=80 = 0.661191377511
    Eigs at center bond b=80: 0.6588 0.3382 0.0016 0.0015 
    Largest link dim during sweep 3/1000 was 50
    Largest truncation error: 0.001357813693340972
    Energy after sweep 3/1000 is -140.745137946041
    Sweep 3/1000 CPU time = 2.776s (Wall time = 3.005s)
    Energy change:-3.762382186753655

    vN Entropy at center bond b=80 = 0.539415595289
    Eigs at center bond b=80: 0.8454 0.1103 0.0389 0.0054 
    Largest link dim during sweep 4/1000 was 100
    Largest truncation error: 0.000738745068708064
    Energy after sweep 4/1000 is -144.032151979788
    Sweep 4/1000 CPU time = 5.150s (Wall time = 5.669s)
    Energy change:-3.287014033747027

    vN Entropy at center bond b=80 = 0.596799758777
    Eigs at center bond b=80: 0.7946 0.1816 0.0171 0.0064 
    Largest link dim during sweep 5/1000 was 200
    Largest truncation error: 0.0002108510196005967
    Energy after sweep 5/1000 is -145.967029573824
    Sweep 5/1000 CPU time = 12.39s (Wall time = 13.62s)
    Energy change:-1.934877594036237

    vN Entropy at center bond b=80 = 0.703592066045
    Eigs at center bond b=80: 0.6680 0.3182 0.0088 0.0047 
    Largest link dim during sweep 6/1000 was 400
    Largest truncation error: 9.066923572872526e-05
    Energy after sweep 6/1000 is -147.528526693340
    Sweep 6/1000 CPU time = 45.49s (Wall time = 48.31s)
    Energy change:-1.56149711951565

    vN Entropy at center bond b=80 = 0.580858576741
    Eigs at center bond b=80: 0.8255 0.1316 0.0356 0.0071 
    Largest link dim during sweep 7/1000 was 1000
    Largest truncation error: 8.147205327399958e-06
    Energy after sweep 7/1000 is -149.294459893160
    Sweep 7/1000 CPU time = 6m, 16.1s (Wall time = 6m, 27.0s)
    Energy change:-1.765933199820068

    vN Entropy at center bond b=80 = 0.724209948382
    Eigs at center bond b=80: 0.6604 0.3217 0.0117 0.0056 
    Largest link dim during sweep 8/1000 was 1800
    Largest truncation error: 2.923828777529399e-06
    Energy after sweep 8/1000 is -150.548141604555
    Sweep 8/1000 CPU time = 30m, 25s (Wall time = 31m, 4s)
    Energy change:-1.253681711394592

    vN Entropy at center bond b=80 = 0.743662435349
    Eigs at center bond b=80: 0.5674 0.4229 0.0030 0.0028 0.0022 0.0017 
    Largest link dim during sweep 9/1000 was 1800
    Largest truncation error: 2.470047763806137e-06
    Energy after sweep 9/1000 is -151.485764472564
    Sweep 9/1000 CPU time = 41m, 20s (Wall time = 42m, 9s)
    Energy change:-0.9376228680096403

    vN Entropy at center bond b=80 = 0.699858647653
    Eigs at center bond b=80: 0.7053 0.2737 0.0139 0.0056 0.0011 
    Largest link dim during sweep 10/1000 was 1800
    Largest truncation error: 6.658033016517457e-06
    Energy after sweep 10/1000 is -152.212168668374
    Sweep 10/1000 CPU time = 38m, 14s (Wall time = 39m, 1s)
    Energy change:-0.7264041958097778

    vN Entropy at center bond b=80 = 0.639843144933
    Eigs at center bond b=80: 0.7978 0.1556 0.0377 0.0079 
    Largest link dim during sweep 11/1000 was 1800
    Largest truncation error: 4.640111872562265e-06
    Energy after sweep 11/1000 is -152.946570281390
    Sweep 11/1000 CPU time = 35m, 35s (Wall time = 36m, 19s)
    Energy change:-0.7344016130155637

    vN Entropy at center bond b=80 = 0.713810324571
    Eigs at center bond b=80: 0.8161 0.0780 0.0729 0.0117 0.0107 0.0086 
    Largest link dim during sweep 12/1000 was 1800
    Largest truncation error: 1.747679699631874e-06
    Energy after sweep 12/1000 is -153.794566905140
    Sweep 12/1000 CPU time = 33m, 26s (Wall time = 34m, 7s)
    Energy change:-0.8479966237502481

    vN Entropy at center bond b=80 = 1.193427016621
    Eigs at center bond b=80: 0.6123 0.1608 0.1452 0.0482 0.0163 0.0059 0.0027 0.0021 0.0018 0.0018 
    Largest link dim during sweep 13/1000 was 1800
    Largest truncation error: 7.829081005315353e-07
    Energy after sweep 13/1000 is -154.374511267700
    Sweep 13/1000 CPU time = 28m, 43s (Wall time = 29m, 19s)
    Energy change:-0.5799443625601555

    vN Entropy at center bond b=80 = 1.347379772719
    Eigs at center bond b=80: 0.5204 0.2332 0.1410 0.0631 0.0200 0.0043 0.0040 0.0024 0.0022 0.0020 
    Largest link dim during sweep 14/1000 was 1799
    Largest truncation error: 7.220192676948146e-07
    Energy after sweep 14/1000 is -154.927943839025
    Sweep 14/1000 CPU time = 23m, 60s (Wall time = 24m, 29s)
    Energy change:-0.5534325713246631

    vN Entropy at center bond b=80 = 1.141184281825
    Eigs at center bond b=80: 0.7159 0.0857 0.0705 0.0453 0.0394 0.0096 0.0095 0.0086 0.0030 0.0023 
    Largest link dim during sweep 15/1000 was 1799
    Largest truncation error: 7.419641996395831e-07
    Energy after sweep 15/1000 is -155.405819985018
    Sweep 15/1000 CPU time = 20m, 56s (Wall time = 21m, 21s)
    Energy change:-0.4778761459936618

    vN Entropy at center bond b=80 = 1.317271927460
    Eigs at center bond b=80: 0.6126 0.1494 0.1292 0.0420 0.0184 0.0156 0.0075 0.0055 0.0037 0.0030 
    Largest link dim during sweep 16/1000 was 1799
    Largest truncation error: 7.566826285285285e-07
    Energy after sweep 16/1000 is -155.765487492116
    Sweep 16/1000 CPU time = 16m, 31s (Wall time = 16m, 51s)
    Energy change:-0.3596675070980666

    vN Entropy at center bond b=80 = 1.454005960669
    Eigs at center bond b=80: 0.3971 0.3385 0.1533 0.0680 0.0099 0.0044 0.0038 0.0035 0.0031 0.0030 
    Largest link dim during sweep 17/1000 was 1800
    Largest truncation error: 7.21602648536753e-07
    Energy after sweep 17/1000 is -156.131727351502
    Sweep 17/1000 CPU time = 16m, 41s (Wall time = 16m, 59s)
    Energy change:-0.3662398593854448

    vN Entropy at center bond b=80 = 1.263026137739
    Eigs at center bond b=80: 0.6671 0.0972 0.0858 0.0606 0.0481 0.0083 0.0076 0.0048 0.0037 0.0032 
    Largest link dim during sweep 18/1000 was 1800
    Largest truncation error: 9.765065414058082e-07
    Energy after sweep 18/1000 is -156.576808166696
    Sweep 18/1000 CPU time = 16m, 7s (Wall time = 16m, 24s)
    Energy change:-0.445080815194558

    vN Entropy at center bond b=80 = 1.297449643364
    Eigs at center bond b=80: 0.6607 0.1193 0.0863 0.0378 0.0271 0.0249 0.0128 0.0094 0.0048 0.0023 
    Largest link dim during sweep 19/1000 was 1800
    Largest truncation error: 6.893874991946555e-07
    Energy after sweep 19/1000 is -156.942257793617
    Sweep 19/1000 CPU time = 16m, 14s (Wall time = 16m, 32s)
    Energy change:-0.3654496269209062

    vN Entropy at center bond b=80 = 1.479929094294
    Eigs at center bond b=80: 0.3931 0.3425 0.1485 0.0683 0.0068 0.0060 0.0048 0.0042 0.0040 0.0036 
    Largest link dim during sweep 20/1000 was 1799
    Largest truncation error: 7.835832384984378e-07
    Energy after sweep 20/1000 is -157.319404178611
    Sweep 20/1000 CPU time = 14m, 37s (Wall time = 14m, 52s)
    Energy change:-0.3771463849934662

    vN Entropy at center bond b=80 = 1.352130945985
    Eigs at center bond b=80: 0.6213 0.1267 0.1080 0.0591 0.0430 0.0083 0.0054 0.0037 0.0032 0.0031 
    Largest link dim during sweep 21/1000 was 1720
    Largest truncation error: 7.707117465753676e-07
    Energy after sweep 21/1000 is -157.599257728221
    Sweep 21/1000 CPU time = 12m, 42s (Wall time = 12m, 54s)
    Energy change:-0.2798535496100953

    vN Entropy at center bond b=80 = 1.343588508141
    Eigs at center bond b=80: 0.6658 0.1077 0.0606 0.0410 0.0326 0.0303 0.0248 0.0115 0.0052 0.0022 
    Largest link dim during sweep 22/1000 was 1597
    Largest truncation error: 8.180326603515421e-07
    Energy after sweep 22/1000 is -157.829973198768
    Sweep 22/1000 CPU time = 10m, 45s (Wall time = 10m, 52s)
    Energy change:-0.2307154705468406

    vN Entropy at center bond b=80 = 1.512141597172
    Eigs at center bond b=80: 0.4808 0.2493 0.1385 0.0661 0.0125 0.0089 0.0078 0.0042 0.0039 0.0036 
    Largest link dim during sweep 23/1000 was 1519
    Largest truncation error: 6.710768085930095e-07
    Energy after sweep 23/1000 is -158.015699820271
    Sweep 23/1000 CPU time = 8m, 49.2s (Wall time = 8m, 52.0s)
    Energy change:-0.1857266215030222

    vN Entropy at center bond b=80 = 1.500103912032
    Eigs at center bond b=80: 0.5176 0.2226 0.1021 0.0880 0.0205 0.0074 0.0043 0.0042 0.0041 0.0038 
    Largest link dim during sweep 24/1000 was 1361
    Largest truncation error: 7.572595155808115e-07
    Energy after sweep 24/1000 is -158.204096008433
    Sweep 24/1000 CPU time = 7m, 54.2s (Wall time = 7m, 55.6s)
    Energy change:-0.1883961881621872

    vN Entropy at center bond b=80 = 1.427409488360
    Eigs at center bond b=80: 0.6550 0.0755 0.0690 0.0519 0.0434 0.0303 0.0286 0.0135 0.0054 0.0032 
    Largest link dim during sweep 25/1000 was 1110
    Largest truncation error: 7.645365217987724e-07
    Energy after sweep 25/1000 is -158.354314062057
    Sweep 25/1000 CPU time = 7m, 17.5s (Wall time = 7m, 18.5s)
    Energy change:-0.1502180536240303

    vN Entropy at center bond b=80 = 1.525826553330
    Eigs at center bond b=80: 0.5924 0.1262 0.0815 0.0701 0.0508 0.0179 0.0134 0.0123 0.0048 0.0045 
    Largest link dim during sweep 26/1000 was 1066
    Largest truncation error: 6.564039413141437e-07
    Energy after sweep 26/1000 is -158.488012954471
    Sweep 26/1000 CPU time = 6m, 36.0s (Wall time = 6m, 36.9s)
    Energy change:-0.133698892414202

    vN Entropy at center bond b=80 = 1.649852546521
    Eigs at center bond b=80: 0.3993 0.2975 0.1517 0.0610 0.0281 0.0095 0.0081 0.0048 0.0047 0.0046 
    Largest link dim during sweep 27/1000 was 990
    Largest truncation error: 6.476975301599015e-07
    Energy after sweep 27/1000 is -158.607665427956
    Sweep 27/1000 CPU time = 7m, 0.6s (Wall time = 7m, 1.7s)
    Energy change:-0.1196524734848481

    vN Entropy at center bond b=80 = 1.752354666857
    Eigs at center bond b=80: 0.4192 0.2133 0.2082 0.0378 0.0190 0.0155 0.0141 0.0130 0.0125 0.0082 
    Largest link dim during sweep 28/1000 was 871
    Largest truncation error: 7.130818690858036e-07
    Energy after sweep 28/1000 is -158.712956312141
    Sweep 28/1000 CPU time = 7m, 9.8s (Wall time = 7m, 10.9s)
    Energy change:-0.1052908841849671

    vN Entropy at center bond b=80 = 2.038803264088
    Eigs at center bond b=80: 0.3550 0.2985 0.0626 0.0577 0.0368 0.0355 0.0236 0.0233 0.0199 0.0155 
    Largest link dim during sweep 29/1000 was 878
    Largest truncation error: 7.2427084057639e-07
    Energy after sweep 29/1000 is -158.849914411897
    Sweep 29/1000 CPU time = 7m, 47.4s (Wall time = 7m, 48.5s)
    Energy change:-0.136958099756157

    vN Entropy at center bond b=80 = 2.234237551448
    Eigs at center bond b=80: 0.2579 0.2565 0.0984 0.0949 0.0922 0.0563 0.0367 0.0182 0.0140 0.0109 
    Largest link dim during sweep 30/1000 was 1074
    Largest truncation error: 8.20882403531983e-07
    Energy after sweep 30/1000 is -158.948136602639
    Sweep 30/1000 CPU time = 11m, 40s (Wall time = 11m, 44s)
    Energy change:-0.09822219074237637

    vN Entropy at center bond b=80 = 2.306715556616
    Eigs at center bond b=80: 0.2031 0.1946 0.1611 0.1559 0.0771 0.0540 0.0487 0.0294 0.0097 0.0050 
    Largest link dim during sweep 31/1000 was 1063
    Largest truncation error: 7.524864088022394e-07
    Energy after sweep 31/1000 is -159.009060281466
    Sweep 31/1000 CPU time = 14m, 23s (Wall time = 14m, 32s)
    Energy change:-0.06092367882638428

    vN Entropy at center bond b=80 = 2.283230489772
    Eigs at center bond b=80: 0.3043 0.2449 0.0966 0.0797 0.0475 0.0375 0.0330 0.0313 0.0305 0.0146 
    Largest link dim during sweep 32/1000 was 1233
    Largest truncation error: 8.059731704624113e-07
    Energy after sweep 32/1000 is -159.067777407002
    Sweep 32/1000 CPU time = 19m, 43s (Wall time = 20m, 12s)
    Energy change:-0.05871712553638986

    vN Entropy at center bond b=80 = 2.264946494545
    Eigs at center bond b=80: 0.3593 0.2144 0.0922 0.0545 0.0520 0.0384 0.0244 0.0203 0.0194 0.0164 
    Largest link dim during sweep 33/1000 was 1310
    Largest truncation error: 8.121296553359072e-07
    Energy after sweep 33/1000 is -159.142586440788
    Sweep 33/1000 CPU time = 26m, 22s (Wall time = 27m, 2s)
    Energy change:-0.07480903378626635

    vN Entropy at center bond b=80 = 2.292539931773
    Eigs at center bond b=80: 0.3114 0.1744 0.1473 0.1087 0.0604 0.0444 0.0229 0.0194 0.0191 0.0082 
    Largest link dim during sweep 34/1000 was 1413
    Largest truncation error: 7.909643712178834e-07
    Energy after sweep 34/1000 is -159.189295593761
    Sweep 34/1000 CPU time = 34m, 57s (Wall time = 35m, 45s)
    Energy change:-0.04670915297259626

    vN Entropy at center bond b=80 = 2.257811161614
    Eigs at center bond b=80: 0.3071 0.2474 0.1125 0.0766 0.0666 0.0331 0.0304 0.0188 0.0165 0.0074 
    Largest link dim during sweep 35/1000 was 1483
    Largest truncation error: 7.132455548457471e-07
    Energy after sweep 35/1000 is -159.214836299530
    Sweep 35/1000 CPU time = 42m, 12s (Wall time = 43m, 11s)
    Energy change:-0.02554070576920253

    vN Entropy at center bond b=80 = 2.178454975638
    Eigs at center bond b=80: 0.4113 0.1994 0.0787 0.0683 0.0369 0.0357 0.0271 0.0199 0.0181 0.0159 
    Largest link dim during sweep 36/1000 was 1571
    Largest truncation error: 8.496155236661616e-07
    Energy after sweep 36/1000 is -159.233098082105
    Sweep 36/1000 CPU time = 52m, 54s (Wall time = 54m, 7s)
    Energy change:-0.01826178257468314

    vN Entropy at center bond b=80 = 2.092133490956
    Eigs at center bond b=80: 0.4778 0.1638 0.0510 0.0492 0.0448 0.0429 0.0316 0.0187 0.0152 0.0127 
    Largest link dim during sweep 37/1000 was 1693
    Largest truncation error: 7.469656197544788e-07
    Energy after sweep 37/1000 is -159.247071251256
    Sweep 37/1000 CPU time = 1h, 5m, 37s (Wall time = 1h, 7m, 3s)
    Energy change:-0.01397316915117131

    vN Entropy at center bond b=80 = 2.025620648046
    Eigs at center bond b=80: 0.5098 0.1350 0.0779 0.0481 0.0329 0.0325 0.0302 0.0203 0.0167 0.0107 
    Largest link dim during sweep 38/1000 was 1772
    Largest truncation error: 7.378560093096153e-07
    Energy after sweep 38/1000 is -159.257981869394
    Sweep 38/1000 CPU time = 1h, 17m, 49s (Wall time = 1h, 19m, 29s)
    Energy change:-0.01091061813770011

    vN Entropy at center bond b=80 = 1.990795183517
    Eigs at center bond b=80: 0.5186 0.1109 0.1088 0.0521 0.0307 0.0268 0.0222 0.0213 0.0169 0.0098 
    Largest link dim during sweep 39/1000 was 1800
    Largest truncation error: 8.513790132251734e-07
    Energy after sweep 39/1000 is -159.266278104220
    Sweep 39/1000 CPU time = 1h, 30m, 17s (Wall time = 1h, 32m, 7s)
    Energy change:-0.008296234826644877

    vN Entropy at center bond b=80 = 1.987496953044
    Eigs at center bond b=80: 0.5133 0.1337 0.0913 0.0544 0.0427 0.0233 0.0165 0.0160 0.0151 0.0119 
    Largest link dim during sweep 40/1000 was 1800
    Largest truncation error: 7.609593164084659e-07
    Energy after sweep 40/1000 is -159.272060938644
    Sweep 40/1000 CPU time = 1h, 38m, 44s (Wall time = 1h, 40m, 44s)
    Energy change:-0.00578283442351335

    vN Entropy at center bond b=80 = 2.018593404783
    Eigs at center bond b=80: 0.4953 0.1578 0.0727 0.0581 0.0545 0.0203 0.0157 0.0149 0.0117 0.0108 
    Largest link dim during sweep 41/1000 was 1800
    Largest truncation error: 7.88575779208936e-07
    Energy after sweep 41/1000 is -159.276911286897
    Sweep 41/1000 CPU time = 1h, 50m, 47s (Wall time = 1h, 52m, 58s)
    Energy change:-0.004850348252517733

    vN Entropy at center bond b=80 = 2.074633139265
    Eigs at center bond b=80: 0.4695 0.1771 0.0733 0.0583 0.0526 0.0184 0.0181 0.0149 0.0144 0.0090 
    Largest link dim during sweep 42/1000 was 1800
    Largest truncation error: 7.123644165014633e-07
    Energy after sweep 42/1000 is -159.279894728712
    Sweep 42/1000 CPU time = 1h, 56m, 53s (Wall time = 1h, 59m, 10s)
    Energy change:-0.002983441815786136

    vN Entropy at center bond b=80 = 2.141869841294
    Eigs at center bond b=80: 0.4407 0.1916 0.0864 0.0496 0.0477 0.0213 0.0197 0.0171 0.0140 0.0129 
    Largest link dim during sweep 43/1000 was 1800
    Largest truncation error: 7.450089087093547e-07
    Energy after sweep 43/1000 is -159.281839758044
    Sweep 43/1000 CPU time = 1h, 59m, 11s (Wall time = 2h, 1m, 28s)
    Energy change:-0.001945029332063086

    vN Entropy at center bond b=80 = 2.214926483450
    Eigs at center bond b=80: 0.4109 0.2023 0.0966 0.0460 0.0397 0.0264 0.0243 0.0184 0.0161 0.0132 
    Largest link dim during sweep 44/1000 was 1800
    Largest truncation error: 7.061087591013151e-07
    Energy after sweep 44/1000 is -159.283211116525
    Sweep 44/1000 CPU time = 1h, 59m, 0s (Wall time = 2h, 1m, 20s)
    Energy change:-0.001371358480469098

    vN Entropy at center bond b=80 = 2.287853312173
    Eigs at center bond b=80: 0.3814 0.2100 0.1041 0.0423 0.0339 0.0334 0.0269 0.0243 0.0152 0.0129 
    Largest link dim during sweep 45/1000 was 1800
    Largest truncation error: 6.740875356242381e-07
    Energy after sweep 45/1000 is -159.284235426712
    Sweep 45/1000 CPU time = 1h, 58m, 36s (Wall time = 2h, 60s)
    Energy change:-0.001024310187318633

    vN Entropy at center bond b=80 = 2.358514085043
    Eigs at center bond b=80: 0.3524 0.2157 0.1092 0.0420 0.0385 0.0304 0.0293 0.0284 0.0171 0.0143 
    Largest link dim during sweep 46/1000 was 1800
    Largest truncation error: 6.750238614112702e-07
    Energy after sweep 46/1000 is -159.285098448258
    Sweep 46/1000 CPU time = 1h, 57m, 36s (Wall time = 1h, 59m, 54s)
    Energy change:-0.0008630215453706569

    vN Entropy at center bond b=80 = 2.420466719891
    Eigs at center bond b=80: 0.3260 0.2196 0.1122 0.0498 0.0362 0.0350 0.0312 0.0243 0.0213 0.0177 
    Largest link dim during sweep 47/1000 was 1800
    Largest truncation error: 6.838462930211007e-07
    Energy after sweep 47/1000 is -159.285770012152
    Sweep 47/1000 CPU time = 1h, 57m, 11s (Wall time = 1h, 59m, 28s)
    Energy change:-0.0006715638940590907

    vN Entropy at center bond b=80 = 2.471397926292
    Eigs at center bond b=80: 0.3027 0.2224 0.1139 0.0569 0.0413 0.0326 0.0319 0.0253 0.0227 0.0211 
    Largest link dim during sweep 48/1000 was 1800
    Largest truncation error: 6.936898770465817e-07
    Energy after sweep 48/1000 is -159.286284806572
    Sweep 48/1000 CPU time = 1h, 55m, 2s (Wall time = 1h, 57m, 16s)
    Energy change:-0.000514794420553244

    vN Entropy at center bond b=80 = 2.511482050562
    Eigs at center bond b=80: 0.2827 0.2246 0.1149 0.0629 0.0456 0.0336 0.0292 0.0289 0.0275 0.0185 
    Largest link dim during sweep 49/1000 was 1800
    Largest truncation error: 6.996288129589204e-07
    Energy after sweep 49/1000 is -159.286676395327
    Sweep 49/1000 CPU time = 1h, 51m, 50s (Wall time = 1h, 54m, 0s)
    Energy change:-0.000391588754894201

    vN Entropy at center bond b=80 = 2.541872868174
    Eigs at center bond b=80: 0.2659 0.2264 0.1155 0.0680 0.0491 0.0343 0.0320 0.0318 0.0269 0.0165 
    Largest link dim during sweep 50/1000 was 1800
    Largest truncation error: 7.714225860491011e-07
    Energy after sweep 50/1000 is -159.286970222524
    Sweep 50/1000 CPU time = 1h, 47m, 18s (Wall time = 1h, 49m, 20s)
    Energy change:-0.0002938271971402173

    vN Entropy at center bond b=80 = 2.564109414545
    Eigs at center bond b=80: 0.2520 0.2281 0.1160 0.0720 0.0519 0.0354 0.0348 0.0347 0.0250 0.0148 
    Largest link dim during sweep 51/1000 was 1800
    Largest truncation error: 7.643545527902279e-07
    Energy after sweep 51/1000 is -159.287183240901
    Sweep 51/1000 CPU time = 1h, 43m, 28s (Wall time = 1h, 45m, 27s)
    Energy change:-0.0002130183771384964

    vN Entropy at center bond b=80 = 2.579792526122
    Eigs at center bond b=80: 0.2406 0.2297 0.1165 0.0752 0.0540 0.0383 0.0369 0.0351 0.0235 0.0134 
    Largest link dim during sweep 52/1000 was 1800
    Largest truncation error: 7.146401920787904e-07
    Energy after sweep 52/1000 is -159.287332671821
    Sweep 52/1000 CPU time = 1h, 39m, 31s (Wall time = 1h, 41m, 22s)
    Energy change:-0.0001494309195209098

    vN Entropy at center bond b=80 = 2.590985371066
    Eigs at center bond b=80: 0.2313 0.2312 0.1171 0.0777 0.0557 0.0407 0.0388 0.0352 0.0222 0.0129 
    Largest link dim during sweep 53/1000 was 1800
    Largest truncation error: 6.686922675572457e-07
    Energy after sweep 53/1000 is -159.287465550614
    Sweep 53/1000 CPU time = 1h, 36m, 26s (Wall time = 1h, 38m, 12s)
    Energy change:-0.0001328787931242914

    vN Entropy at center bond b=80 = 2.598549420544
    Eigs at center bond b=80: 0.2328 0.2237 0.1177 0.0796 0.0569 0.0426 0.0404 0.0353 0.0211 0.0133 
    Largest link dim during sweep 54/1000 was 1800
    Largest truncation error: 6.727947547950241e-07
    Energy after sweep 54/1000 is -159.287523222881
    Sweep 54/1000 CPU time = 1h, 34m, 51s (Wall time = 1h, 36m, 40s)
    Energy change:-5.767226750208465e-05

    vN Entropy at center bond b=80 = 2.603381465220
    Eigs at center bond b=80: 0.2340 0.2179 0.1183 0.0810 0.0578 0.0440 0.0416 0.0353 0.0203 0.0137 
    Largest link dim during sweep 55/1000 was 1800
    Largest truncation error: 6.6013770295675e-07
    Energy after sweep 55/1000 is -159.287535725440
    Sweep 55/1000 CPU time = 1h, 31m, 56s (Wall time = 1h, 33m, 22s)
    Energy change:-1.250255866125372e-05

    vN Entropy at center bond b=80 = 2.606355827168
    Eigs at center bond b=80: 0.2351 0.2133 0.1188 0.0821 0.0585 0.0451 0.0425 0.0353 0.0197 0.0140 
    Largest link dim during sweep 56/1000 was 1794
    Largest truncation error: 6.581691055715841e-07
    Energy after sweep 56/1000 is -159.287522781428
    Sweep 56/1000 CPU time = 1h, 29m, 8s (Wall time = 1h, 30m, 4s)
    Energy change:1.294401243967513e-05

    vN Entropy at center bond b=80 = 2.608146787904
    Eigs at center bond b=80: 0.2360 0.2099 0.1193 0.0829 0.0590 0.0459 0.0432 0.0353 0.0192 0.0142 
    Largest link dim during sweep 57/1000 was 1781
    Largest truncation error: 6.972071931513093e-07
    Energy after sweep 57/1000 is -159.287500551695
    Sweep 57/1000 CPU time = 1h, 26m, 54s (Wall time = 1h, 27m, 34s)
    Energy change:2.22297323375642e-05

    vN Entropy at center bond b=80 = 2.609237151312
    Eigs at center bond b=80: 0.2367 0.2071 0.1197 0.0836 0.0594 0.0465 0.0438 0.0353 0.0188 0.0143 
    Largest link dim during sweep 58/1000 was 1771
    Largest truncation error: 6.919741699819063e-07
    Energy after sweep 58/1000 is -159.287477487724
    Sweep 58/1000 CPU time = 1h, 25m, 29s (Wall time = 1h, 26m, 6s)
    Energy change:2.306397121287773e-05

    vN Entropy at center bond b=80 = 2.609860751622
    Eigs at center bond b=80: 0.2373 0.2049 0.1201 0.0841 0.0597 0.0470 0.0443 0.0353 0.0185 0.0145 
    Largest link dim during sweep 59/1000 was 1762
    Largest truncation error: 6.905028529973427e-07
    Energy after sweep 59/1000 is -159.287459170572
    Sweep 59/1000 CPU time = 1h, 24m, 11s (Wall time = 1h, 24m, 49s)
    Energy change:1.831715192679439e-05

    vN Entropy at center bond b=80 = 2.610170247390
    Eigs at center bond b=80: 0.2379 0.2032 0.1204 0.0844 0.0599 0.0474 0.0446 0.0353 0.0183 0.0146 
    Largest link dim during sweep 60/1000 was 1755
    Largest truncation error: 7.741862481528542e-07
    Energy after sweep 60/1000 is -159.287440176027
    Sweep 60/1000 CPU time = 1h, 23m, 19s (Wall time = 1h, 23m, 56s)
    Energy change:1.899454503018205e-05

    vN Entropy at center bond b=80 = 2.610256808704
    Eigs at center bond b=80: 0.2384 0.2019 0.1206 0.0847 0.0600 0.0476 0.0449 0.0353 0.0181 0.0146 
    Largest link dim during sweep 61/1000 was 1747
    Largest truncation error: 7.117419681554211e-07
    Energy after sweep 61/1000 is -159.287423791038
    Sweep 61/1000 CPU time = 1h, 22m, 33s (Wall time = 1h, 23m, 9s)
    Energy change:1.638498949319001e-05

    vN Entropy at center bond b=80 = 2.610196448985
    Eigs at center bond b=80: 0.2388 0.2008 0.1209 0.0849 0.0601 0.0478 0.0452 0.0353 0.0179 0.0147 
    Largest link dim during sweep 62/1000 was 1741
    Largest truncation error: 7.088186541043961e-07
    Energy after sweep 62/1000 is -159.287411248712
    Sweep 62/1000 CPU time = 1h, 21m, 51s (Wall time = 1h, 22m, 26s)
    Energy change:1.254232549285916e-05

    vN Entropy at center bond b=80 = 2.610037096022
    Eigs at center bond b=80: 0.2392 0.2000 0.1211 0.0850 0.0602 0.0480 0.0454 0.0353 0.0178 0.0147 
    Largest link dim during sweep 63/1000 was 1735
    Largest truncation error: 7.075143440119753e-07
    Energy after sweep 63/1000 is -159.287403362998
    Sweep 63/1000 CPU time = 1h, 21m, 18s (Wall time = 1h, 21m, 51s)
    Energy change:7.885714552458012e-06

    Energy has converged -> stop the DMRG.
Final energy=0
Time=199226 sec
Nup =21 Ndown = 16L = 40 W = 4
