1_Dn 5_Up 9_Dn 13_Up 17_Dn 21_Up 25_Dn 29_Up 33_Dn 2_Up 6_Dn 10_Up 14_Dn 18_Up 22_Dn 26_Up 30_Dn 34_Up 3_Dn 7_Up 11_Dn 15_Up 19_Dn 23_Up 27_Dn 31_Up 4_Up 8_Dn 12_Up 16_Dn 20_Up 24_Dn 28_Up 32_Dn 35_Up 36_Up 37_Up Initial energy=0
    vN Entropy at center bond b=80 = -0.000000000000
    Eigs at center bond b=80: 1.0000 
    Largest link dim during sweep 1/1000 was 10
    Largest truncation error: 0.001769855380596745
    Energy after sweep 1/1000 is -136.216787376057
    Sweep 1/1000 CPU time = 0.382s (Wall time = 0.395s)
    Energy change:-136.2167873760569

    vN Entropy at center bond b=80 = 0.308572704582
    Eigs at center bond b=80: 0.9074 0.0926 
    Largest link dim during sweep 2/1000 was 20
    Largest truncation error: 0.003650868844612879
    Energy after sweep 2/1000 is -141.555842881161
    Sweep 2/1000 CPU time = 1.335s (Wall time = 1.342s)
    Energy change:-5.339055505104426

    vN Entropy at center bond b=80 = 0.675652687965
    Eigs at center bond b=80: 0.6346 0.3625 0.0016 0.0013 
    Largest link dim during sweep 3/1000 was 50
    Largest truncation error: 0.00139851852582691
    Energy after sweep 3/1000 is -144.881066538705
    Sweep 3/1000 CPU time = 2.594s (Wall time = 2.743s)
    Energy change:-3.325223657543404

    vN Entropy at center bond b=80 = 0.502813186095
    Eigs at center bond b=80: 0.8671 0.0661 0.0612 0.0055 
    Largest link dim during sweep 4/1000 was 100
    Largest truncation error: 0.0005941241025755639
    Energy after sweep 4/1000 is -147.552854178230
    Sweep 4/1000 CPU time = 4.851s (Wall time = 5.208s)
    Energy change:-2.671787639525377

    vN Entropy at center bond b=80 = 0.703517559124
    Eigs at center bond b=80: 0.5363 0.4619 
    Largest link dim during sweep 5/1000 was 200
    Largest truncation error: 0.0002186443699062681
    Energy after sweep 5/1000 is -149.481689135670
    Sweep 5/1000 CPU time = 11.84s (Wall time = 12.97s)
    Energy change:-1.928834957440301

    vN Entropy at center bond b=80 = 0.559130894342
    Eigs at center bond b=80: 0.8466 0.0796 0.0665 0.0073 
    Largest link dim during sweep 6/1000 was 400
    Largest truncation error: 8.445280073651145e-05
    Energy after sweep 6/1000 is -150.952681418707
    Sweep 6/1000 CPU time = 44.28s (Wall time = 46.87s)
    Energy change:-1.470992283036253

    vN Entropy at center bond b=80 = 0.622354267371
    Eigs at center bond b=80: 0.7701 0.2083 0.0168 0.0048 
    Largest link dim during sweep 7/1000 was 1000
    Largest truncation error: 9.675148403956505e-06
    Energy after sweep 7/1000 is -152.139169513254
    Sweep 7/1000 CPU time = 5m, 31.6s (Wall time = 5m, 41.6s)
    Energy change:-1.186488094547116

    vN Entropy at center bond b=80 = 0.706485148207
    Eigs at center bond b=80: 0.6109 0.3824 0.0041 0.0026 
    Largest link dim during sweep 8/1000 was 1800
    Largest truncation error: 3.589959556099568e-06
    Energy after sweep 8/1000 is -153.144888769365
    Sweep 8/1000 CPU time = 20m, 30s (Wall time = 20m, 59s)
    Energy change:-1.005719256111149

    vN Entropy at center bond b=80 = 0.691778637624
    Eigs at center bond b=80: 0.5809 0.4175 
    Largest link dim during sweep 9/1000 was 1800
    Largest truncation error: 1.676629202190197e-06
    Energy after sweep 9/1000 is -154.062976056717
    Sweep 9/1000 CPU time = 29m, 0s (Wall time = 29m, 37s)
    Energy change:-0.9180872873517103

    vN Entropy at center bond b=80 = 0.581737308664
    Eigs at center bond b=80: 0.7376 0.2616 
    Largest link dim during sweep 10/1000 was 1800
    Largest truncation error: 1.517748752214258e-06
    Energy after sweep 10/1000 is -154.819567085084
    Sweep 10/1000 CPU time = 27m, 59s (Wall time = 28m, 35s)
    Energy change:-0.7565910283670974

    vN Entropy at center bond b=80 = 0.497134807229
    Eigs at center bond b=80: 0.8421 0.1446 0.0091 0.0011 0.0011 
    Largest link dim during sweep 11/1000 was 1800
    Largest truncation error: 3.996489265265935e-06
    Energy after sweep 11/1000 is -155.651483744289
    Sweep 11/1000 CPU time = 26m, 38s (Wall time = 27m, 11s)
    Energy change:-0.8319166592053477

    vN Entropy at center bond b=80 = 0.832148825847
    Eigs at center bond b=80: 0.7837 0.0974 0.0564 0.0361 0.0167 0.0031 0.0017 0.0017 0.0014 0.0010 
    Largest link dim during sweep 12/1000 was 1800
    Largest truncation error: 1.938056793120463e-06
    Energy after sweep 12/1000 is -156.348723469754
    Sweep 12/1000 CPU time = 25m, 41s (Wall time = 26m, 13s)
    Energy change:-0.6972397254646978

    vN Entropy at center bond b=80 = 1.144471212336
    Eigs at center bond b=80: 0.4885 0.3805 0.0837 0.0279 0.0045 0.0039 0.0033 0.0031 
    Largest link dim during sweep 13/1000 was 1800
    Largest truncation error: 2.800140322746247e-06
    Energy after sweep 13/1000 is -156.919971696700
    Sweep 13/1000 CPU time = 22m, 59s (Wall time = 23m, 26s)
    Energy change:-0.5712482269458974

    vN Entropy at center bond b=80 = 0.852871831058
    Eigs at center bond b=80: 0.7971 0.0905 0.0542 0.0139 0.0105 0.0099 0.0076 0.0051 0.0021 0.0020 
    Largest link dim during sweep 14/1000 was 1800
    Largest truncation error: 7.915675553815475e-07
    Energy after sweep 14/1000 is -157.389443768353
    Sweep 14/1000 CPU time = 18m, 57s (Wall time = 19m, 19s)
    Energy change:-0.4694720716529162

    vN Entropy at center bond b=80 = 1.063244898899
    Eigs at center bond b=80: 0.6875 0.1935 0.0450 0.0245 0.0156 0.0092 0.0070 0.0035 0.0032 0.0029 
    Largest link dim during sweep 15/1000 was 1797
    Largest truncation error: 7.999562993535198e-07
    Energy after sweep 15/1000 is -157.879125010967
    Sweep 15/1000 CPU time = 16m, 53s (Wall time = 17m, 12s)
    Energy change:-0.4896812426147505

    vN Entropy at center bond b=80 = 1.150383303955
    Eigs at center bond b=80: 0.5578 0.3213 0.0641 0.0274 0.0042 0.0038 0.0033 0.0032 0.0028 0.0018 
    Largest link dim during sweep 16/1000 was 1645
    Largest truncation error: 7.665403268928872e-07
    Energy after sweep 16/1000 is -158.283113174209
    Sweep 16/1000 CPU time = 14m, 28s (Wall time = 14m, 43s)
    Energy change:-0.4039881632419906

    vN Entropy at center bond b=80 = 1.018284126011
    Eigs at center bond b=80: 0.7632 0.0834 0.0528 0.0333 0.0183 0.0129 0.0099 0.0089 0.0024 0.0022 
    Largest link dim during sweep 17/1000 was 1666
    Largest truncation error: 7.99368083432518e-07
    Energy after sweep 17/1000 is -158.705493090774
    Sweep 17/1000 CPU time = 13m, 43s (Wall time = 13m, 57s)
    Energy change:-0.4223799165644948

    vN Entropy at center bond b=80 = 1.185481756425
    Eigs at center bond b=80: 0.6495 0.1976 0.0651 0.0232 0.0229 0.0114 0.0077 0.0043 0.0040 0.0035 
    Largest link dim during sweep 18/1000 was 1800
    Largest truncation error: 8.441020071766617e-07
    Energy after sweep 18/1000 is -159.107172256245
    Sweep 18/1000 CPU time = 14m, 32s (Wall time = 14m, 50s)
    Energy change:-0.4016791654711369

    vN Entropy at center bond b=80 = 1.276674864519
    Eigs at center bond b=80: 0.4808 0.3535 0.1027 0.0255 0.0060 0.0049 0.0046 0.0039 0.0026 0.0026 
    Largest link dim during sweep 19/1000 was 1800
    Largest truncation error: 7.675529073186516e-07
    Energy after sweep 19/1000 is -159.436037318487
    Sweep 19/1000 CPU time = 16m, 3s (Wall time = 16m, 23s)
    Energy change:-0.3288650622424711

    vN Entropy at center bond b=80 = 1.170695169818
    Eigs at center bond b=80: 0.6982 0.1135 0.0912 0.0238 0.0217 0.0145 0.0088 0.0062 0.0032 0.0030 
    Largest link dim during sweep 20/1000 was 1800
    Largest truncation error: 1.516984701682429e-06
    Energy after sweep 20/1000 is -159.848672886744
    Sweep 20/1000 CPU time = 16m, 2s (Wall time = 16m, 19s)
    Energy change:-0.4126355682567464

    vN Entropy at center bond b=80 = 1.246519470473
    Eigs at center bond b=80: 0.6707 0.1204 0.0845 0.0491 0.0226 0.0167 0.0094 0.0046 0.0045 0.0035 
    Largest link dim during sweep 21/1000 was 1799
    Largest truncation error: 7.284736403076837e-07
    Energy after sweep 21/1000 is -160.165937153720
    Sweep 21/1000 CPU time = 12m, 36s (Wall time = 12m, 47s)
    Energy change:-0.3172642669758545

    vN Entropy at center bond b=80 = 1.378361409776
    Eigs at center bond b=80: 0.4462 0.3356 0.1434 0.0230 0.0164 0.0059 0.0048 0.0045 0.0037 0.0029 
    Largest link dim during sweep 22/1000 was 1676
    Largest truncation error: 7.482654322367945e-07
    Energy after sweep 22/1000 is -160.459376862394
    Sweep 22/1000 CPU time = 10m, 2s (Wall time = 10m, 8s)
    Energy change:-0.2934397086739295

    vN Entropy at center bond b=80 = 1.349160887184
    Eigs at center bond b=80: 0.5856 0.1667 0.1552 0.0285 0.0161 0.0097 0.0067 0.0043 0.0036 0.0032 
    Largest link dim during sweep 23/1000 was 1527
    Largest truncation error: 7.751882173160772e-07
    Energy after sweep 23/1000 is -160.711207391054
    Sweep 23/1000 CPU time = 7m, 58.4s (Wall time = 8m, 0.8s)
    Energy change:-0.251830528660264

    vN Entropy at center bond b=80 = 1.344899058665
    Eigs at center bond b=80: 0.6458 0.0977 0.0937 0.0661 0.0434 0.0108 0.0099 0.0067 0.0040 0.0029 
    Largest link dim during sweep 24/1000 was 1084
    Largest truncation error: 7.099408957911915e-07
    Energy after sweep 24/1000 is -160.965248406759
    Sweep 24/1000 CPU time = 6m, 22.8s (Wall time = 6m, 24.1s)
    Energy change:-0.2540410157050133

    vN Entropy at center bond b=80 = 1.449046374160
    Eigs at center bond b=80: 0.4876 0.2533 0.1643 0.0300 0.0195 0.0062 0.0060 0.0060 0.0055 0.0038 
    Largest link dim during sweep 25/1000 was 1038
    Largest truncation error: 8.616936491845732e-07
    Energy after sweep 25/1000 is -161.178747219179
    Sweep 25/1000 CPU time = 6m, 6.0s (Wall time = 6m, 7.2s)
    Energy change:-0.2134988124196582

    vN Entropy at center bond b=80 = 1.467051938008
    Eigs at center bond b=80: 0.4886 0.2433 0.1776 0.0178 0.0176 0.0071 0.0067 0.0055 0.0052 0.0049 
    Largest link dim during sweep 26/1000 was 965
    Largest truncation error: 9.480999446965266e-07
    Energy after sweep 26/1000 is -161.353507162587
    Sweep 26/1000 CPU time = 5m, 37.1s (Wall time = 5m, 38.1s)
    Energy change:-0.1747599434083327

    vN Entropy at center bond b=80 = 1.439375814034
    Eigs at center bond b=80: 0.6127 0.1313 0.0829 0.0697 0.0420 0.0098 0.0098 0.0076 0.0034 0.0033 
    Largest link dim during sweep 27/1000 was 1047
    Largest truncation error: 6.957943295023895e-07
    Energy after sweep 27/1000 is -161.480202762788
    Sweep 27/1000 CPU time = 5m, 10.0s (Wall time = 5m, 11.0s)
    Energy change:-0.126695600200577

    vN Entropy at center bond b=80 = 1.511343483810
    Eigs at center bond b=80: 0.5541 0.1470 0.1444 0.0699 0.0207 0.0144 0.0091 0.0064 0.0060 0.0036 
    Largest link dim during sweep 28/1000 was 915
    Largest truncation error: 6.582486310701024e-07
    Energy after sweep 28/1000 is -161.575445213501
    Sweep 28/1000 CPU time = 5m, 2.7s (Wall time = 5m, 3.7s)
    Energy change:-0.09524245071341397

    vN Entropy at center bond b=80 = 1.593536608638
    Eigs at center bond b=80: 0.3833 0.3045 0.2038 0.0287 0.0170 0.0076 0.0073 0.0063 0.0052 0.0042 
    Largest link dim during sweep 29/1000 was 882
    Largest truncation error: 7.654556747799883e-07
    Energy after sweep 29/1000 is -161.643917956480
    Sweep 29/1000 CPU time = 5m, 3.8s (Wall time = 5m, 4.8s)
    Energy change:-0.06847274297868466

    vN Entropy at center bond b=80 = 1.616231943330
    Eigs at center bond b=80: 0.4526 0.2172 0.2068 0.0320 0.0139 0.0126 0.0096 0.0072 0.0067 0.0061 
    Largest link dim during sweep 30/1000 was 726
    Largest truncation error: 8.582420825640915e-07
    Energy after sweep 30/1000 is -161.693014044595
    Sweep 30/1000 CPU time = 5m, 12.1s (Wall time = 5m, 13.2s)
    Energy change:-0.04909608811522048

    vN Entropy at center bond b=80 = 1.641278686879
    Eigs at center bond b=80: 0.5119 0.1887 0.0949 0.0924 0.0399 0.0107 0.0085 0.0059 0.0047 0.0046 
    Largest link dim during sweep 31/1000 was 751
    Largest truncation error: 7.902304085129186e-07
    Energy after sweep 31/1000 is -161.731159662165
    Sweep 31/1000 CPU time = 5m, 42.8s (Wall time = 5m, 44.0s)
    Energy change:-0.0381456175696826

    vN Entropy at center bond b=80 = 1.704816260542
    Eigs at center bond b=80: 0.4737 0.1842 0.1361 0.0951 0.0369 0.0113 0.0089 0.0086 0.0062 0.0055 
    Largest link dim during sweep 32/1000 was 831
    Largest truncation error: 7.242802035010057e-07
    Energy after sweep 32/1000 is -161.757742729045
    Sweep 32/1000 CPU time = 7m, 4.0s (Wall time = 7m, 5.3s)
    Energy change:-0.02658306687993672

    vN Entropy at center bond b=80 = 1.764939243473
    Eigs at center bond b=80: 0.3527 0.2902 0.1764 0.0839 0.0139 0.0119 0.0097 0.0090 0.0086 0.0057 
    Largest link dim during sweep 33/1000 was 893
    Largest truncation error: 7.318560740708232e-07
    Energy after sweep 33/1000 is -161.778445526536
    Sweep 33/1000 CPU time = 8m, 27.2s (Wall time = 8m, 29.7s)
    Energy change:-0.02070279749122506

    vN Entropy at center bond b=80 = 1.793102059146
    Eigs at center bond b=80: 0.3655 0.2337 0.2295 0.0520 0.0345 0.0168 0.0082 0.0063 0.0056 0.0052 
    Largest link dim during sweep 34/1000 was 954
    Largest truncation error: 7.519048133247717e-07
    Energy after sweep 34/1000 is -161.793597832135
    Sweep 34/1000 CPU time = 10m, 39s (Wall time = 10m, 46s)
    Energy change:-0.0151523055990026

    vN Entropy at center bond b=80 = 1.819866684520
    Eigs at center bond b=80: 0.4005 0.2495 0.1411 0.0831 0.0353 0.0172 0.0072 0.0071 0.0069 0.0060 
    Largest link dim during sweep 35/1000 was 1041
    Largest truncation error: 7.067735084112652e-07
    Energy after sweep 35/1000 is -161.805140771183
    Sweep 35/1000 CPU time = 13m, 29s (Wall time = 13m, 51s)
    Energy change:-0.01154293904815518

    vN Entropy at center bond b=80 = 1.846558967446
    Eigs at center bond b=80: 0.4166 0.2196 0.1582 0.0750 0.0270 0.0161 0.0123 0.0112 0.0075 0.0073 
    Largest link dim during sweep 36/1000 was 1197
    Largest truncation error: 6.980377112774418e-07
    Energy after sweep 36/1000 is -161.815274694251
    Sweep 36/1000 CPU time = 17m, 34s (Wall time = 18m, 3s)
    Energy change:-0.01013392306825267

    vN Entropy at center bond b=80 = 1.856699991077
    Eigs at center bond b=80: 0.4186 0.2372 0.1623 0.0373 0.0239 0.0186 0.0146 0.0126 0.0082 0.0077 
    Largest link dim during sweep 37/1000 was 1217
    Largest truncation error: 7.599994556445312e-07
    Energy after sweep 37/1000 is -161.825078321551
    Sweep 37/1000 CPU time = 21m, 44s (Wall time = 22m, 18s)
    Energy change:-0.009803627299277196

    vN Entropy at center bond b=80 = 1.842358846060
    Eigs at center bond b=80: 0.4058 0.3142 0.1005 0.0268 0.0209 0.0166 0.0121 0.0106 0.0103 0.0096 
    Largest link dim during sweep 38/1000 was 1221
    Largest truncation error: 7.550666440074968e-07
    Energy after sweep 38/1000 is -161.834834746573
    Sweep 38/1000 CPU time = 24m, 55s (Wall time = 25m, 34s)
    Energy change:-0.009756425022345638

    vN Entropy at center bond b=80 = 1.816926110443
    Eigs at center bond b=80: 0.3768 0.3751 0.0572 0.0361 0.0227 0.0165 0.0106 0.0096 0.0093 0.0080 
    Largest link dim during sweep 39/1000 was 1236
    Largest truncation error: 8.460151519852133e-07
    Energy after sweep 39/1000 is -161.843117412806
    Sweep 39/1000 CPU time = 26m, 12s (Wall time = 26m, 52s)
    Energy change:-0.008282666232588554

    vN Entropy at center bond b=80 = 1.804530010773
    Eigs at center bond b=80: 0.4186 0.3364 0.0450 0.0376 0.0356 0.0122 0.0114 0.0105 0.0094 0.0088 
    Largest link dim during sweep 40/1000 was 1342
    Largest truncation error: 6.81657567216522e-07
    Energy after sweep 40/1000 is -161.849002826095
    Sweep 40/1000 CPU time = 26m, 2s (Wall time = 26m, 44s)
    Energy change:-0.005885413289405506

    vN Entropy at center bond b=80 = 1.808453513671
    Eigs at center bond b=80: 0.4445 0.2991 0.0534 0.0522 0.0256 0.0132 0.0125 0.0099 0.0091 0.0088 
    Largest link dim during sweep 41/1000 was 1270
    Largest truncation error: 6.793485304717503e-07
    Energy after sweep 41/1000 is -161.852796161121
    Sweep 41/1000 CPU time = 25m, 24s (Wall time = 26m, 4s)
    Energy change:-0.003793335025761735

    vN Entropy at center bond b=80 = 1.817935881597
    Eigs at center bond b=80: 0.4583 0.2716 0.0621 0.0611 0.0214 0.0148 0.0141 0.0092 0.0089 0.0084 
    Largest link dim during sweep 42/1000 was 1219
    Largest truncation error: 7.560877779282252e-07
    Energy after sweep 42/1000 is -161.854837547872
    Sweep 42/1000 CPU time = 23m, 10s (Wall time = 23m, 48s)
    Energy change:-0.002041386751102436

    vN Entropy at center bond b=80 = 1.826686113589
    Eigs at center bond b=80: 0.4665 0.2518 0.0682 0.0680 0.0193 0.0168 0.0146 0.0087 0.0086 0.0085 
    Largest link dim during sweep 43/1000 was 1172
    Largest truncation error: 6.95405257327991e-07
    Energy after sweep 43/1000 is -161.856033294771
    Sweep 43/1000 CPU time = 21m, 1s (Wall time = 21m, 34s)
    Energy change:-0.001195746898844163

    vN Entropy at center bond b=80 = 1.832300574085
    Eigs at center bond b=80: 0.4716 0.2377 0.0744 0.0710 0.0188 0.0180 0.0148 0.0085 0.0085 0.0084 
    Largest link dim during sweep 44/1000 was 1118
    Largest truncation error: 7.702326805237667e-07
    Energy after sweep 44/1000 is -161.856782670446
    Sweep 44/1000 CPU time = 19m, 14s (Wall time = 19m, 41s)
    Energy change:-0.0007493756756105086

    vN Entropy at center bond b=80 = 1.835953090314
    Eigs at center bond b=80: 0.4754 0.2262 0.0803 0.0725 0.0213 0.0171 0.0149 0.0086 0.0083 0.0081 
    Largest link dim during sweep 45/1000 was 1074
    Largest truncation error: 6.780305688695205e-07
    Energy after sweep 45/1000 is -161.857369413615
    Sweep 45/1000 CPU time = 18m, 7s (Wall time = 18m, 25s)
    Energy change:-0.0005867431690091962

    vN Entropy at center bond b=80 = 1.837922276468
    Eigs at center bond b=80: 0.4781 0.2171 0.0854 0.0731 0.0240 0.0164 0.0150 0.0086 0.0080 0.0078 
    Largest link dim during sweep 46/1000 was 1044
    Largest truncation error: 6.95056289255222e-07
    Energy after sweep 46/1000 is -161.857806467111
    Sweep 46/1000 CPU time = 17m, 13s (Wall time = 17m, 27s)
    Energy change:-0.0004370534952613525

    vN Entropy at center bond b=80 = 1.838862075947
    Eigs at center bond b=80: 0.4801 0.2093 0.0900 0.0733 0.0270 0.0158 0.0150 0.0085 0.0078 0.0075 
    Largest link dim during sweep 47/1000 was 1029
    Largest truncation error: 6.948223130257989e-07
    Energy after sweep 47/1000 is -161.858177370260
    Sweep 47/1000 CPU time = 16m, 33s (Wall time = 16m, 46s)
    Energy change:-0.0003709031492178383

    vN Entropy at center bond b=80 = 1.839464623475
    Eigs at center bond b=80: 0.4816 0.2023 0.0942 0.0734 0.0302 0.0153 0.0151 0.0085 0.0075 0.0073 
    Largest link dim during sweep 48/1000 was 1018
    Largest truncation error: 7.194007411657272e-07
    Energy after sweep 48/1000 is -161.858506088961
    Sweep 48/1000 CPU time = 16m, 3s (Wall time = 16m, 17s)
    Energy change:-0.0003287187011267179

    vN Entropy at center bond b=80 = 1.840014287339
    Eigs at center bond b=80: 0.4826 0.1960 0.0980 0.0734 0.0337 0.0151 0.0148 0.0084 0.0072 0.0070 
    Largest link dim during sweep 49/1000 was 1008
    Largest truncation error: 7.46671007552861e-07
    Energy after sweep 49/1000 is -161.858806900358
    Sweep 49/1000 CPU time = 15m, 41s (Wall time = 15m, 51s)
    Energy change:-0.0003008113967553072

    vN Entropy at center bond b=80 = 1.840690163220
    Eigs at center bond b=80: 0.4833 0.1900 0.1015 0.0733 0.0373 0.0152 0.0144 0.0084 0.0069 0.0068 
    Largest link dim during sweep 50/1000 was 1002
    Largest truncation error: 7.62792064308147e-07
    Energy after sweep 50/1000 is -161.859092369683
    Sweep 50/1000 CPU time = 15m, 24s (Wall time = 15m, 44s)
    Energy change:-0.0002854693251777007

    vN Entropy at center bond b=80 = 1.841481480502
    Eigs at center bond b=80: 0.4836 0.1844 0.1047 0.0733 0.0410 0.0152 0.0140 0.0083 0.0066 0.0065 
    Largest link dim during sweep 51/1000 was 996
    Largest truncation error: 6.941394969809216e-07
    Energy after sweep 51/1000 is -161.859366747457
    Sweep 51/1000 CPU time = 15m, 9s (Wall time = 15m, 29s)
    Energy change:-0.0002743777739908637

    vN Entropy at center bond b=80 = 1.842291267606
    Eigs at center bond b=80: 0.4837 0.1791 0.1077 0.0734 0.0449 0.0153 0.0137 0.0083 0.0064 0.0063 
    Largest link dim during sweep 52/1000 was 992
    Largest truncation error: 6.797423943110923e-07
    Energy after sweep 52/1000 is -161.859615010265
    Sweep 52/1000 CPU time = 14m, 57s (Wall time = 15m, 14s)
    Energy change:-0.0002482628077586924

    vN Entropy at center bond b=80 = 1.843118018119
    Eigs at center bond b=80: 0.4835 0.1741 0.1105 0.0734 0.0488 0.0153 0.0133 0.0082 0.0061 0.0061 
    Largest link dim during sweep 53/1000 was 988
    Largest truncation error: 6.882865701153636e-07
    Energy after sweep 53/1000 is -161.859852224159
    Sweep 53/1000 CPU time = 14m, 46s (Wall time = 15m, 2s)
    Energy change:-0.0002372138939108481

    vN Entropy at center bond b=80 = 1.844026800030
    Eigs at center bond b=80: 0.4831 0.1692 0.1130 0.0735 0.0528 0.0154 0.0130 0.0082 0.0060 0.0060 
    Largest link dim during sweep 54/1000 was 985
    Largest truncation error: 6.805315504224657e-07
    Energy after sweep 54/1000 is -161.860078730569
    Sweep 54/1000 CPU time = 14m, 37s (Wall time = 14m, 50s)
    Energy change:-0.0002265064109110426

    vN Entropy at center bond b=80 = 1.844976972779
    Eigs at center bond b=80: 0.4825 0.1645 0.1154 0.0737 0.0569 0.0154 0.0126 0.0081 0.0060 0.0058 
    Largest link dim during sweep 55/1000 was 982
    Largest truncation error: 6.852805349716025e-07
    Energy after sweep 55/1000 is -161.860295678021
    Sweep 55/1000 CPU time = 14m, 28s (Wall time = 14m, 41s)
    Energy change:-0.0002169474517188519

    vN Entropy at center bond b=80 = 1.846007325982
    Eigs at center bond b=80: 0.4817 0.1600 0.1176 0.0739 0.0611 0.0155 0.0123 0.0081 0.0061 0.0056 
    Largest link dim during sweep 56/1000 was 977
    Largest truncation error: 6.925867660227306e-07
    Energy after sweep 56/1000 is -161.860505353204
    Sweep 56/1000 CPU time = 14m, 22s (Wall time = 14m, 35s)
    Energy change:-0.0002096751828446486

    vN Entropy at center bond b=80 = 1.847089082114
    Eigs at center bond b=80: 0.4808 0.1557 0.1196 0.0742 0.0653 0.0155 0.0120 0.0080 0.0062 0.0055 
    Largest link dim during sweep 57/1000 was 972
    Largest truncation error: 6.662258073964537e-07
    Energy after sweep 57/1000 is -161.860706671751
    Sweep 57/1000 CPU time = 14m, 15s (Wall time = 14m, 27s)
    Energy change:-0.0002013185465159495

    vN Entropy at center bond b=80 = 1.848232858235
    Eigs at center bond b=80: 0.4796 0.1515 0.1215 0.0745 0.0695 0.0155 0.0117 0.0080 0.0063 0.0054 
    Largest link dim during sweep 58/1000 was 970
    Largest truncation error: 6.755017775525178e-07
    Energy after sweep 58/1000 is -161.860902981337
    Sweep 58/1000 CPU time = 14m, 8s (Wall time = 14m, 18s)
    Energy change:-0.0001963095869541576

    vN Entropy at center bond b=80 = 1.849407071799
    Eigs at center bond b=80: 0.4784 0.1474 0.1232 0.0749 0.0738 0.0156 0.0114 0.0079 0.0063 0.0052 
    Largest link dim during sweep 59/1000 was 967
    Largest truncation error: 6.888133783874937e-07
    Energy after sweep 59/1000 is -161.861086666795
    Sweep 59/1000 CPU time = 14m, 3s (Wall time = 14m, 13s)
    Energy change:-0.0001836854578982638

    vN Entropy at center bond b=80 = 1.850589581105
    Eigs at center bond b=80: 0.4770 0.1435 0.1248 0.0781 0.0753 0.0156 0.0112 0.0079 0.0064 0.0052 
    Largest link dim during sweep 60/1000 was 968
    Largest truncation error: 6.873025207640354e-07
    Energy after sweep 60/1000 is -161.861262856138
    Sweep 60/1000 CPU time = 13m, 57s (Wall time = 14m, 6s)
    Energy change:-0.0001761893423690708

    vN Entropy at center bond b=80 = 1.851731050613
    Eigs at center bond b=80: 0.4755 0.1397 0.1262 0.0824 0.0757 0.0157 0.0109 0.0079 0.0065 0.0051 
    Largest link dim during sweep 61/1000 was 966
    Largest truncation error: 6.979179707553046e-07
    Energy after sweep 61/1000 is -161.861427344733
    Sweep 61/1000 CPU time = 13m, 51s (Wall time = 13m, 59s)
    Energy change:-0.0001644885950042863

    vN Entropy at center bond b=80 = 1.852870884949
    Eigs at center bond b=80: 0.4740 0.1360 0.1275 0.0868 0.0762 0.0157 0.0106 0.0078 0.0066 0.0051 
    Largest link dim during sweep 62/1000 was 965
    Largest truncation error: 7.277538372408677e-07
    Energy after sweep 62/1000 is -161.861590035598
    Sweep 62/1000 CPU time = 13m, 46s (Wall time = 13m, 54s)
    Energy change:-0.000162690864783599

    vN Entropy at center bond b=80 = 1.854044979974
    Eigs at center bond b=80: 0.4723 0.1325 0.1287 0.0911 0.0767 0.0157 0.0104 0.0078 0.0067 0.0050 
    Largest link dim during sweep 63/1000 was 964
    Largest truncation error: 7.329730590318595e-07
    Energy after sweep 63/1000 is -161.861743080158
    Sweep 63/1000 CPU time = 13m, 42s (Wall time = 13m, 49s)
    Energy change:-0.0001530445607045294

    vN Entropy at center bond b=80 = 1.855213128611
    Eigs at center bond b=80: 0.4705 0.1298 0.1290 0.0955 0.0773 0.0157 0.0101 0.0078 0.0068 0.0050 
    Largest link dim during sweep 64/1000 was 963
    Largest truncation error: 7.523816139395282e-07
    Energy after sweep 64/1000 is -161.861889913670
    Sweep 64/1000 CPU time = 13m, 38s (Wall time = 13m, 44s)
    Energy change:-0.00014683351145095

    vN Entropy at center bond b=80 = 1.856374805738
    Eigs at center bond b=80: 0.4686 0.1308 0.1257 0.0998 0.0779 0.0157 0.0099 0.0078 0.0069 0.0049 
    Largest link dim during sweep 65/1000 was 961
    Largest truncation error: 7.327003242281933e-07
    Energy after sweep 65/1000 is -161.862026311479
    Sweep 65/1000 CPU time = 13m, 34s (Wall time = 13m, 40s)
    Energy change:-0.0001363978093706919

    vN Entropy at center bond b=80 = 1.857464425881
    Eigs at center bond b=80: 0.4667 0.1317 0.1225 0.1040 0.0785 0.0158 0.0097 0.0077 0.0070 0.0049 
    Largest link dim during sweep 66/1000 was 958
    Largest truncation error: 6.798742103830263e-07
    Energy after sweep 66/1000 is -161.862152364855
    Sweep 66/1000 CPU time = 13m, 29s (Wall time = 13m, 35s)
    Energy change:-0.0001260533762490468

    vN Entropy at center bond b=80 = 1.858520136451
    Eigs at center bond b=80: 0.4647 0.1326 0.1194 0.1083 0.0791 0.0158 0.0095 0.0077 0.0071 0.0048 
    Largest link dim during sweep 67/1000 was 956
    Largest truncation error: 6.789114140168383e-07
    Energy after sweep 67/1000 is -161.862275497350
    Sweep 67/1000 CPU time = 13m, 26s (Wall time = 13m, 32s)
    Energy change:-0.0001231324944512835

    vN Entropy at center bond b=80 = 1.859589733035
    Eigs at center bond b=80: 0.4627 0.1333 0.1164 0.1125 0.0797 0.0158 0.0093 0.0077 0.0072 0.0048 
    Largest link dim during sweep 68/1000 was 953
    Largest truncation error: 6.831260292201571e-07
    Energy after sweep 68/1000 is -161.862399215803
    Sweep 68/1000 CPU time = 13m, 23s (Wall time = 13m, 29s)
    Energy change:-0.0001237184530964441

    vN Entropy at center bond b=80 = 1.860669266228
    Eigs at center bond b=80: 0.4606 0.1340 0.1167 0.1135 0.0803 0.0158 0.0091 0.0077 0.0074 0.0047 
    Largest link dim during sweep 69/1000 was 951
    Largest truncation error: 6.873956365756663e-07
    Energy after sweep 69/1000 is -161.862505189929
    Sweep 69/1000 CPU time = 13m, 19s (Wall time = 13m, 24s)
    Energy change:-0.0001059741258870872

    vN Entropy at center bond b=80 = 1.861721042664
    Eigs at center bond b=80: 0.4585 0.1345 0.1209 0.1107 0.0810 0.0158 0.0089 0.0076 0.0075 0.0047 
    Largest link dim during sweep 70/1000 was 948
    Largest truncation error: 6.700841441145881e-07
    Energy after sweep 70/1000 is -161.862610454666
    Sweep 70/1000 CPU time = 13m, 18s (Wall time = 13m, 23s)
    Energy change:-0.000105264737555899

    vN Entropy at center bond b=80 = 1.862728146833
    Eigs at center bond b=80: 0.4563 0.1351 0.1251 0.1080 0.0817 0.0158 0.0087 0.0076 0.0076 0.0046 
    Largest link dim during sweep 71/1000 was 947
    Largest truncation error: 6.798280861715619e-07
    Energy after sweep 71/1000 is -161.862711801900
    Sweep 71/1000 CPU time = 13m, 14s (Wall time = 13m, 19s)
    Energy change:-0.0001013472339082

    vN Entropy at center bond b=80 = 1.863693951241
    Eigs at center bond b=80: 0.4541 0.1355 0.1292 0.1054 0.0824 0.0158 0.0085 0.0077 0.0076 0.0046 
    Largest link dim during sweep 72/1000 was 948
    Largest truncation error: 6.877085168977042e-07
    Energy after sweep 72/1000 is -161.862806460530
    Sweep 72/1000 CPU time = 13m, 11s (Wall time = 13m, 16s)
    Energy change:-9.465862959245896e-05

    vN Entropy at center bond b=80 = 1.864620512539
    Eigs at center bond b=80: 0.4519 0.1359 0.1332 0.1029 0.0830 0.0158 0.0083 0.0078 0.0076 0.0045 
    Largest link dim during sweep 73/1000 was 949
    Largest truncation error: 6.923287537019584e-07
    Energy after sweep 73/1000 is -161.862894157650
    Sweep 73/1000 CPU time = 13m, 9s (Wall time = 13m, 15s)
    Energy change:-8.769712025014087e-05

    vN Entropy at center bond b=80 = 1.865571109652
    Eigs at center bond b=80: 0.4496 0.1372 0.1362 0.1004 0.0837 0.0158 0.0081 0.0079 0.0075 0.0045 
    Largest link dim during sweep 74/1000 was 949
    Largest truncation error: 6.891197816754964e-07
    Energy after sweep 74/1000 is -161.862979991045
    Sweep 74/1000 CPU time = 13m, 6s (Wall time = 13m, 13s)
    Energy change:-8.583339450751737e-05

    vN Entropy at center bond b=80 = 1.866493783114
    Eigs at center bond b=80: 0.4473 0.1411 0.1365 0.0981 0.0844 0.0158 0.0080 0.0080 0.0075 0.0044 
    Largest link dim during sweep 75/1000 was 950
    Largest truncation error: 6.986418865639754e-07
    Energy after sweep 75/1000 is -161.863054249525
    Sweep 75/1000 CPU time = 13m, 4s (Wall time = 13m, 11s)
    Energy change:-7.425848025377491e-05

    vN Entropy at center bond b=80 = 1.867355714397
    Eigs at center bond b=80: 0.4451 0.1450 0.1367 0.0958 0.0851 0.0158 0.0082 0.0078 0.0075 0.0044 
    Largest link dim during sweep 76/1000 was 949
    Largest truncation error: 7.08389862993239e-07
    Energy after sweep 76/1000 is -161.863122383328
    Sweep 76/1000 CPU time = 13m, 3s (Wall time = 13m, 11s)
    Energy change:-6.813380301196048e-05

    vN Entropy at center bond b=80 = 1.868155144372
    Eigs at center bond b=80: 0.4428 0.1488 0.1369 0.0936 0.0858 0.0158 0.0083 0.0077 0.0075 0.0044 
    Largest link dim during sweep 77/1000 was 949
    Largest truncation error: 7.171297175750111e-07
    Energy after sweep 77/1000 is -161.863192142988
    Sweep 77/1000 CPU time = 13m, 1s (Wall time = 13m, 10s)
    Energy change:-6.975965990818622e-05

    vN Entropy at center bond b=80 = 1.868874451391
    Eigs at center bond b=80: 0.4405 0.1526 0.1370 0.0915 0.0865 0.0157 0.0084 0.0075 0.0075 0.0043 
    Largest link dim during sweep 78/1000 was 949
    Largest truncation error: 7.276580971881123e-07
    Energy after sweep 78/1000 is -161.863257956562
    Sweep 78/1000 CPU time = 13m, 1s (Wall time = 13m, 8s)
    Energy change:-6.58135739968202e-05

    vN Entropy at center bond b=80 = 1.869538376095
    Eigs at center bond b=80: 0.4383 0.1563 0.1371 0.0895 0.0872 0.0157 0.0085 0.0074 0.0074 0.0043 
    Largest link dim during sweep 79/1000 was 949
    Largest truncation error: 7.359019269067354e-07
    Energy after sweep 79/1000 is -161.863317171782
    Sweep 79/1000 CPU time = 12m, 59s (Wall time = 13m, 7s)
    Energy change:-5.921522034668669e-05

    vN Entropy at center bond b=80 = 1.870189900074
    Eigs at center bond b=80: 0.4360 0.1599 0.1372 0.0878 0.0875 0.0157 0.0086 0.0074 0.0072 0.0044 
    Largest link dim during sweep 80/1000 was 948
    Largest truncation error: 7.444547588044909e-07
    Energy after sweep 80/1000 is -161.863372077599
    Sweep 80/1000 CPU time = 12m, 56s (Wall time = 13m, 5s)
    Energy change:-5.490581690992258e-05

    vN Entropy at center bond b=80 = 1.870815434284
    Eigs at center bond b=80: 0.4338 0.1634 0.1373 0.0885 0.0857 0.0157 0.0087 0.0074 0.0071 0.0047 
    Largest link dim during sweep 81/1000 was 950
    Largest truncation error: 7.521147963003624e-07
    Energy after sweep 81/1000 is -161.863426942530
    Sweep 81/1000 CPU time = 12m, 56s (Wall time = 13m, 4s)
    Energy change:-5.486493114403856e-05

    vN Entropy at center bond b=80 = 1.871394535542
    Eigs at center bond b=80: 0.4316 0.1668 0.1373 0.0892 0.0839 0.0157 0.0088 0.0074 0.0070 0.0049 
    Largest link dim during sweep 82/1000 was 948
    Largest truncation error: 7.592844574449043e-07
    Energy after sweep 82/1000 is -161.863477078896
    Sweep 82/1000 CPU time = 12m, 54s (Wall time = 13m, 2s)
    Energy change:-5.01363656724152e-05

    vN Entropy at center bond b=80 = 1.871935874718
    Eigs at center bond b=80: 0.4294 0.1702 0.1373 0.0898 0.0821 0.0156 0.0089 0.0074 0.0069 0.0052 
    Largest link dim during sweep 83/1000 was 947
    Largest truncation error: 7.679497617855926e-07
    Energy after sweep 83/1000 is -161.863525499154
    Sweep 83/1000 CPU time = 12m, 53s (Wall time = 13m, 2s)
    Energy change:-4.842025830953389e-05

    vN Entropy at center bond b=80 = 1.872483487873
    Eigs at center bond b=80: 0.4272 0.1735 0.1373 0.0905 0.0804 0.0156 0.0090 0.0074 0.0067 0.0055 
    Largest link dim during sweep 84/1000 was 946
    Largest truncation error: 7.508801189129173e-07
    Energy after sweep 84/1000 is -161.863574149050
    Sweep 84/1000 CPU time = 12m, 52s (Wall time = 13m, 0s)
    Energy change:-4.864989625730232e-05

    vN Entropy at center bond b=80 = 1.872982415123
    Eigs at center bond b=80: 0.4251 0.1768 0.1372 0.0911 0.0788 0.0156 0.0091 0.0073 0.0066 0.0057 
    Largest link dim during sweep 85/1000 was 945
    Largest truncation error: 7.476626489793379e-07
    Energy after sweep 85/1000 is -161.863609434267
    Sweep 85/1000 CPU time = 12m, 50s (Wall time = 12m, 58s)
    Energy change:-3.528521710904897e-05

    vN Entropy at center bond b=80 = 1.873478675801
    Eigs at center bond b=80: 0.4229 0.1799 0.1372 0.0917 0.0773 0.0156 0.0092 0.0073 0.0065 0.0060 
    Largest link dim during sweep 86/1000 was 945
    Largest truncation error: 7.260958934216595e-07
    Energy after sweep 86/1000 is -161.863652313543
    Sweep 86/1000 CPU time = 12m, 50s (Wall time = 12m, 58s)
    Energy change:-4.287927603741082e-05

    vN Entropy at center bond b=80 = 1.873983629283
    Eigs at center bond b=80: 0.4208 0.1831 0.1371 0.0923 0.0758 0.0155 0.0093 0.0073 0.0064 0.0063 
    Largest link dim during sweep 87/1000 was 944
    Largest truncation error: 7.277192647648578e-07
    Energy after sweep 87/1000 is -161.863691447723
    Sweep 87/1000 CPU time = 12m, 51s (Wall time = 12m, 58s)
    Energy change:-3.913417947387643e-05

    vN Entropy at center bond b=80 = 1.874469281295
    Eigs at center bond b=80: 0.4186 0.1861 0.1370 0.0929 0.0743 0.0155 0.0094 0.0073 0.0066 0.0063 
    Largest link dim during sweep 88/1000 was 944
    Largest truncation error: 7.311630225135399e-07
    Energy after sweep 88/1000 is -161.863725886001
    Sweep 88/1000 CPU time = 12m, 48s (Wall time = 12m, 56s)
    Energy change:-3.443827827709356e-05

    vN Entropy at center bond b=80 = 1.874921469164
    Eigs at center bond b=80: 0.4166 0.1891 0.1369 0.0935 0.0729 0.0155 0.0095 0.0073 0.0069 0.0062 
    Largest link dim during sweep 89/1000 was 943
    Largest truncation error: 7.330773706256598e-07
    Energy after sweep 89/1000 is -161.863761097675
    Sweep 89/1000 CPU time = 12m, 48s (Wall time = 12m, 55s)
    Energy change:-3.521167371900447e-05

    vN Entropy at center bond b=80 = 1.875344985251
    Eigs at center bond b=80: 0.4145 0.1920 0.1368 0.0940 0.0716 0.0155 0.0096 0.0072 0.0072 0.0061 
    Largest link dim during sweep 90/1000 was 943
    Largest truncation error: 7.344975914313675e-07
    Energy after sweep 90/1000 is -161.863793211617
    Sweep 90/1000 CPU time = 12m, 47s (Wall time = 12m, 54s)
    Energy change:-3.211394187019323e-05

    vN Entropy at center bond b=80 = 1.875762507303
    Eigs at center bond b=80: 0.4125 0.1949 0.1367 0.0946 0.0703 0.0154 0.0096 0.0074 0.0072 0.0060 
    Largest link dim during sweep 91/1000 was 942
    Largest truncation error: 7.358556047908759e-07
    Energy after sweep 91/1000 is -161.863823400847
    Sweep 91/1000 CPU time = 12m, 46s (Wall time = 12m, 53s)
    Energy change:-3.018923018771602e-05

    vN Entropy at center bond b=80 = 1.876138836568
    Eigs at center bond b=80: 0.4105 0.1976 0.1365 0.0951 0.0691 0.0154 0.0097 0.0077 0.0072 0.0059 
    Largest link dim during sweep 92/1000 was 942
    Largest truncation error: 7.37234294463511e-07
    Energy after sweep 92/1000 is -161.863854147202
    Sweep 92/1000 CPU time = 12m, 46s (Wall time = 12m, 52s)
    Energy change:-3.074635509392465e-05

    vN Entropy at center bond b=80 = 1.876504145739
    Eigs at center bond b=80: 0.4085 0.2003 0.1364 0.0957 0.0679 0.0154 0.0098 0.0080 0.0072 0.0058 
    Largest link dim during sweep 93/1000 was 943
    Largest truncation error: 7.385515146290374e-07
    Energy after sweep 93/1000 is -161.863883173657
    Sweep 93/1000 CPU time = 12m, 45s (Wall time = 12m, 51s)
    Energy change:-2.902645454128105e-05

    vN Entropy at center bond b=80 = 1.876878989798
    Eigs at center bond b=80: 0.4065 0.2030 0.1362 0.0962 0.0667 0.0153 0.0099 0.0083 0.0072 0.0057 
    Largest link dim during sweep 94/1000 was 943
    Largest truncation error: 7.398393344630529e-07
    Energy after sweep 94/1000 is -161.863909466112
    Sweep 94/1000 CPU time = 12m, 45s (Wall time = 12m, 50s)
    Energy change:-2.629245534535585e-05

    vN Entropy at center bond b=80 = 1.877275933369
    Eigs at center bond b=80: 0.4046 0.2056 0.1361 0.0967 0.0656 0.0153 0.0100 0.0086 0.0072 0.0057 
    Largest link dim during sweep 95/1000 was 943
    Largest truncation error: 7.410382458390353e-07
    Energy after sweep 95/1000 is -161.863934877834
    Sweep 95/1000 CPU time = 12m, 45s (Wall time = 12m, 53s)
    Energy change:-2.541172227665811e-05

    vN Entropy at center bond b=80 = 1.877641411971
    Eigs at center bond b=80: 0.4027 0.2081 0.1359 0.0973 0.0645 0.0153 0.0100 0.0089 0.0071 0.0056 
    Largest link dim during sweep 96/1000 was 943
    Largest truncation error: 7.421782564722348e-07
    Energy after sweep 96/1000 is -161.863959127529
    Sweep 96/1000 CPU time = 12m, 43s (Wall time = 12m, 52s)
    Energy change:-2.424969426328971e-05

    vN Entropy at center bond b=80 = 1.877981652615
    Eigs at center bond b=80: 0.4008 0.2106 0.1357 0.0978 0.0634 0.0152 0.0101 0.0092 0.0071 0.0055 
    Largest link dim during sweep 97/1000 was 943
    Largest truncation error: 7.435923598926861e-07
    Energy after sweep 97/1000 is -161.863981932633
    Sweep 97/1000 CPU time = 12m, 43s (Wall time = 12m, 52s)
    Energy change:-2.28051047486133e-05

    vN Entropy at center bond b=80 = 1.878287253301
    Eigs at center bond b=80: 0.3990 0.2130 0.1355 0.0983 0.0624 0.0152 0.0102 0.0095 0.0071 0.0054 
    Largest link dim during sweep 98/1000 was 944
    Largest truncation error: 7.447131320254127e-07
    Energy after sweep 98/1000 is -161.864004123799
    Sweep 98/1000 CPU time = 12m, 43s (Wall time = 12m, 51s)
    Energy change:-2.219116552737432e-05

    vN Entropy at center bond b=80 = 1.878571428457
    Eigs at center bond b=80: 0.3972 0.2154 0.1353 0.0987 0.0614 0.0152 0.0103 0.0098 0.0071 0.0054 
    Largest link dim during sweep 99/1000 was 944
    Largest truncation error: 7.457488302956317e-07
    Energy after sweep 99/1000 is -161.864024302376
    Sweep 99/1000 CPU time = 12m, 42s (Wall time = 12m, 52s)
    Energy change:-2.017857670466583e-05

    vN Entropy at center bond b=80 = 1.878858618039
    Eigs at center bond b=80: 0.3955 0.2177 0.1352 0.0992 0.0605 0.0152 0.0103 0.0101 0.0071 0.0053 
    Largest link dim during sweep 100/1000 was 943
    Largest truncation error: 7.441995531009658e-07
    Energy after sweep 100/1000 is -161.864043333591
    Sweep 100/1000 CPU time = 12m, 43s (Wall time = 12m, 55s)
    Energy change:-1.90312151460148e-05

    vN Entropy at center bond b=80 = 1.879151882543
    Eigs at center bond b=80: 0.3937 0.2199 0.1350 0.0997 0.0596 0.0151 0.0104 0.0103 0.0071 0.0052 
    Largest link dim during sweep 101/1000 was 943
    Largest truncation error: 7.43099907967858e-07
    Energy after sweep 101/1000 is -161.864060855438
    Sweep 101/1000 CPU time = 12m, 38s (Wall time = 12m, 48s)
    Energy change:-1.752184729753026e-05

    vN Entropy at center bond b=80 = 1.879415027430
    Eigs at center bond b=80: 0.3920 0.2221 0.1348 0.1001 0.0587 0.0151 0.0106 0.0105 0.0071 0.0052 
    Largest link dim during sweep 102/1000 was 942
    Largest truncation error: 7.429448717974276e-07
    Energy after sweep 102/1000 is -161.864077925706
    Sweep 102/1000 CPU time = 12m, 34s (Wall time = 12m, 41s)
    Energy change:-1.707026848407622e-05

    vN Entropy at center bond b=80 = 1.879665727710
    Eigs at center bond b=80: 0.3904 0.2242 0.1345 0.1006 0.0578 0.0151 0.0109 0.0105 0.0070 0.0052 
    Largest link dim during sweep 103/1000 was 941
    Largest truncation error: 7.432810873999001e-07
    Energy after sweep 103/1000 is -161.864093428723
    Sweep 103/1000 CPU time = 12m, 47s (Wall time = 13m, 7s)
    Energy change:-1.550301672637033e-05

    vN Entropy at center bond b=80 = 1.879944290507
    Eigs at center bond b=80: 0.3887 0.2263 0.1343 0.1010 0.0570 0.0150 0.0112 0.0106 0.0070 0.0053 
    Largest link dim during sweep 104/1000 was 941
    Largest truncation error: 7.438264098383673e-07
    Energy after sweep 104/1000 is -161.864108915406
    Sweep 104/1000 CPU time = 12m, 42s (Wall time = 12m, 60s)
    Energy change:-1.548668257100871e-05

    vN Entropy at center bond b=80 = 1.880178540065
    Eigs at center bond b=80: 0.3871 0.2284 0.1341 0.1014 0.0562 0.0150 0.0115 0.0107 0.0070 0.0053 
    Largest link dim during sweep 105/1000 was 941
    Largest truncation error: 7.444576689458723e-07
    Energy after sweep 105/1000 is -161.864124131605
    Sweep 105/1000 CPU time = 12m, 46s (Wall time = 13m, 4s)
    Energy change:-1.521619896038828e-05

    vN Entropy at center bond b=80 = 1.880414484924
    Eigs at center bond b=80: 0.3855 0.2303 0.1339 0.1018 0.0554 0.0150 0.0118 0.0107 0.0070 0.0053 
    Largest link dim during sweep 106/1000 was 940
    Largest truncation error: 7.451131863229425e-07
    Energy after sweep 106/1000 is -161.864137392817
    Sweep 106/1000 CPU time = 12m, 45s (Wall time = 13m, 0s)
    Energy change:-1.326121221723042e-05

    vN Entropy at center bond b=80 = 1.880598177484
    Eigs at center bond b=80: 0.3839 0.2323 0.1337 0.1023 0.0547 0.0149 0.0121 0.0108 0.0070 0.0054 
    Largest link dim during sweep 107/1000 was 940
    Largest truncation error: 7.457628191485709e-07
    Energy after sweep 107/1000 is -161.864148812051
    Sweep 107/1000 CPU time = 12m, 44s (Wall time = 13m, 6s)
    Energy change:-1.141923411296375e-05

    vN Entropy at center bond b=80 = 1.880756484625
    Eigs at center bond b=80: 0.3824 0.2342 0.1335 0.1026 0.0539 0.0149 0.0123 0.0109 0.0070 0.0054 
    Largest link dim during sweep 108/1000 was 939
    Largest truncation error: 7.464022224551746e-07
    Energy after sweep 108/1000 is -161.864159770675
    Sweep 108/1000 CPU time = 12m, 45s (Wall time = 13m, 9s)
    Energy change:-1.095862376132573e-05

    vN Entropy at center bond b=80 = 1.880914567691
    Eigs at center bond b=80: 0.3809 0.2361 0.1333 0.1030 0.0532 0.0149 0.0126 0.0109 0.0070 0.0054 
    Largest link dim during sweep 109/1000 was 939
    Largest truncation error: 7.470536716688401e-07
    Energy after sweep 109/1000 is -161.864171611672
    Sweep 109/1000 CPU time = 12m, 43s (Wall time = 13m, 2s)
    Energy change:-1.184099721740495e-05

    vN Entropy at center bond b=80 = 1.881044038213
    Eigs at center bond b=80: 0.3795 0.2378 0.1331 0.1034 0.0525 0.0149 0.0129 0.0110 0.0069 0.0054 
    Largest link dim during sweep 110/1000 was 940
    Largest truncation error: 7.476653276773597e-07
    Energy after sweep 110/1000 is -161.864177842743
    Sweep 110/1000 CPU time = 12m, 42s (Wall time = 13m, 5s)
    Energy change:-6.231070813100814e-06

    Energy has converged -> stop the DMRG.
Final energy=0
Time=90363 sec
Nup =20 Ndown = 17L = 40 W = 4
