1_Dn 3_Up 5_Dn 7_Up 9_Dn 11_Up 13_Dn 15_Up 17_Dn 19_Up 2_Up 4_Dn 6_Up 8_Dn 10_Up 12_Dn 14_Up 16_Dn 18_Up 20_Dn Initial energy=0
    vN Entropy at center bond b=80 = -0.000000000000
    Eigs at center bond b=80: 1.0000 
    Largest link dim during sweep 1/1000 was 10
    Largest truncation error: 0.001155236475455066
    Energy after sweep 1/1000 is -55.081842522753
    Sweep 1/1000 CPU time = 0.225s (Wall time = 0.227s)
    Energy change:-55.08184252275289

    vN Entropy at center bond b=80 = -0.000000000000
    Eigs at center bond b=80: 1.0000 
    Largest link dim during sweep 2/1000 was 20
    Largest truncation error: 0.0008010731298917303
    Energy after sweep 2/1000 is -56.270197929336
    Sweep 2/1000 CPU time = 0.694s (Wall time = 0.720s)
    Energy change:-1.188355406583113

    vN Entropy at center bond b=80 = -0.000000000000
    Eigs at center bond b=80: 1.0000 
    Largest link dim during sweep 3/1000 was 50
    Largest truncation error: 3.244547157895967e-05
    Energy after sweep 3/1000 is -56.717287721385
    Sweep 3/1000 CPU time = 1.317s (Wall time = 1.427s)
    Energy change:-0.4470897920487431

    vN Entropy at center bond b=80 = -0.000000000000
    Eigs at center bond b=80: 1.0000 
    Largest link dim during sweep 4/1000 was 100
    Largest truncation error: 3.707808734861516e-06
    Energy after sweep 4/1000 is -57.009506876129
    Sweep 4/1000 CPU time = 2.079s (Wall time = 2.305s)
    Energy change:-0.2922191547446502

    vN Entropy at center bond b=80 = -0.000000000000
    Eigs at center bond b=80: 1.0000 
    Largest link dim during sweep 5/1000 was 156
    Largest truncation error: 9.555706409377995e-07
    Energy after sweep 5/1000 is -57.273307540963
    Sweep 5/1000 CPU time = 2.649s (Wall time = 2.813s)
    Energy change:-0.2638006648337381

    vN Entropy at center bond b=80 = -0.000000000000
    Eigs at center bond b=80: 1.0000 
    Largest link dim during sweep 6/1000 was 158
    Largest truncation error: 9.792779071805488e-07
    Energy after sweep 6/1000 is -57.511153252959
    Sweep 6/1000 CPU time = 2.947s (Wall time = 3.119s)
    Energy change:-0.2378457119959165

    vN Entropy at center bond b=80 = -0.000000000000
    Eigs at center bond b=80: 1.0000 
    Largest link dim during sweep 7/1000 was 163
    Largest truncation error: 9.836874294058631e-07
    Energy after sweep 7/1000 is -57.722237869301
    Sweep 7/1000 CPU time = 3.096s (Wall time = 3.235s)
    Energy change:-0.2110846163416866

    vN Entropy at center bond b=80 = -0.000000000000
    Eigs at center bond b=80: 1.0000 
    Largest link dim during sweep 8/1000 was 178
    Largest truncation error: 8.827672456060213e-07
    Energy after sweep 8/1000 is -57.917213669432
    Sweep 8/1000 CPU time = 3.104s (Wall time = 3.243s)
    Energy change:-0.1949758001315374

    vN Entropy at center bond b=80 = -0.000000000000
    Eigs at center bond b=80: 1.0000 
    Largest link dim during sweep 9/1000 was 184
    Largest truncation error: 8.739827275503832e-07
    Energy after sweep 9/1000 is -58.079754425237
    Sweep 9/1000 CPU time = 3.182s (Wall time = 3.316s)
    Energy change:-0.1625407558052032

    vN Entropy at center bond b=80 = -0.000000000000
    Eigs at center bond b=80: 1.0000 
    Largest link dim during sweep 10/1000 was 154
    Largest truncation error: 8.839379495979231e-07
    Energy after sweep 10/1000 is -58.251263856981
    Sweep 10/1000 CPU time = 3.148s (Wall time = 3.285s)
    Energy change:-0.1715094317439068

    vN Entropy at center bond b=80 = -0.000000000000
    Eigs at center bond b=80: 1.0000 
    Largest link dim during sweep 11/1000 was 197
    Largest truncation error: 9.210657197771193e-07
    Energy after sweep 11/1000 is -58.408825005619
    Sweep 11/1000 CPU time = 3.256s (Wall time = 3.370s)
    Energy change:-0.1575611486380808

    vN Entropy at center bond b=80 = -0.000000000000
    Eigs at center bond b=80: 1.0000 
    Largest link dim during sweep 12/1000 was 144
    Largest truncation error: 9.426606849531033e-07
    Energy after sweep 12/1000 is -58.565710897160
    Sweep 12/1000 CPU time = 3.339s (Wall time = 3.470s)
    Energy change:-0.1568858915400426

    vN Entropy at center bond b=80 = -0.000000000000
    Eigs at center bond b=80: 1.0000 
    Largest link dim during sweep 13/1000 was 141
    Largest truncation error: 8.791028160416103e-07
    Energy after sweep 13/1000 is -58.695231335955
    Sweep 13/1000 CPU time = 3.329s (Wall time = 3.439s)
    Energy change:-0.1295204387956588

    vN Entropy at center bond b=80 = -0.000000000000
    Eigs at center bond b=80: 1.0000 
    Largest link dim during sweep 14/1000 was 123
    Largest truncation error: 9.414011674528717e-07
    Energy after sweep 14/1000 is -58.826196327882
    Sweep 14/1000 CPU time = 3.334s (Wall time = 3.441s)
    Energy change:-0.1309649919270299

    vN Entropy at center bond b=80 = -0.000000000000
    Eigs at center bond b=80: 1.0000 
    Largest link dim during sweep 15/1000 was 121
    Largest truncation error: 8.901501270341644e-07
    Energy after sweep 15/1000 is -58.942681310716
    Sweep 15/1000 CPU time = 3.334s (Wall time = 3.410s)
    Energy change:-0.1164849828335051

    vN Entropy at center bond b=80 = -0.000000000000
    Eigs at center bond b=80: 1.0000 
    Largest link dim during sweep 16/1000 was 104
    Largest truncation error: 9.06435112317039e-07
    Energy after sweep 16/1000 is -59.048068367180
    Sweep 16/1000 CPU time = 3.353s (Wall time = 3.419s)
    Energy change:-0.1053870564639325

    vN Entropy at center bond b=80 = -0.000000000000
    Eigs at center bond b=80: 1.0000 
    Largest link dim during sweep 17/1000 was 91
    Largest truncation error: 9.218789596939661e-07
    Energy after sweep 17/1000 is -59.139905094264
    Sweep 17/1000 CPU time = 3.420s (Wall time = 3.517s)
    Energy change:-0.09183672708409318

    vN Entropy at center bond b=80 = -0.000000000000
    Eigs at center bond b=80: 1.0000 
    Largest link dim during sweep 18/1000 was 81
    Largest truncation error: 8.78228023987396e-07
    Energy after sweep 18/1000 is -59.222025343840
    Sweep 18/1000 CPU time = 3.391s (Wall time = 3.488s)
    Energy change:-0.08212024957602182

    vN Entropy at center bond b=80 = -0.000000000000
    Eigs at center bond b=80: 1.0000 
    Largest link dim during sweep 19/1000 was 94
    Largest truncation error: 8.789792739237121e-07
    Energy after sweep 19/1000 is -59.299550517057
    Sweep 19/1000 CPU time = 3.375s (Wall time = 3.451s)
    Energy change:-0.0775251732176514

    vN Entropy at center bond b=80 = -0.000000000000
    Eigs at center bond b=80: 1.0000 
    Largest link dim during sweep 20/1000 was 88
    Largest truncation error: 9.423660192238966e-07
    Energy after sweep 20/1000 is -59.386534788683
    Sweep 20/1000 CPU time = 3.509s (Wall time = 3.588s)
    Energy change:-0.08698427162553912

    vN Entropy at center bond b=80 = -0.000000000000
    Eigs at center bond b=80: 1.0000 
    Largest link dim during sweep 21/1000 was 100
    Largest truncation error: 8.934445078019543e-07
    Energy after sweep 21/1000 is -59.457892391394
    Sweep 21/1000 CPU time = 3.466s (Wall time = 3.514s)
    Energy change:-0.07135760271153657

    vN Entropy at center bond b=80 = -0.000000000000
    Eigs at center bond b=80: 1.0000 
    Largest link dim during sweep 22/1000 was 98
    Largest truncation error: 9.635967986904852e-07
    Energy after sweep 22/1000 is -59.513034012086
    Sweep 22/1000 CPU time = 3.475s (Wall time = 3.524s)
    Energy change:-0.05514162069160733

    vN Entropy at center bond b=80 = -0.000000000000
    Eigs at center bond b=80: 1.0000 
    Largest link dim during sweep 23/1000 was 83
    Largest truncation error: 8.423216791521565e-07
    Energy after sweep 23/1000 is -59.560727920037
    Sweep 23/1000 CPU time = 3.511s (Wall time = 3.541s)
    Energy change:-0.04769390795109985

    vN Entropy at center bond b=80 = -0.000000000000
    Eigs at center bond b=80: 1.0000 
    Largest link dim during sweep 24/1000 was 81
    Largest truncation error: 9.005045384414069e-07
    Energy after sweep 24/1000 is -59.602371591856
    Sweep 24/1000 CPU time = 3.552s (Wall time = 3.578s)
    Energy change:-0.04164367181890327

    vN Entropy at center bond b=80 = -0.000000000000
    Eigs at center bond b=80: 1.0000 
    Largest link dim during sweep 25/1000 was 91
    Largest truncation error: 9.054161544517568e-07
    Energy after sweep 25/1000 is -59.641461865402
    Sweep 25/1000 CPU time = 3.585s (Wall time = 3.623s)
    Energy change:-0.03909027354581696

    vN Entropy at center bond b=80 = 0.000230289322
    Eigs at center bond b=80: 1.0000 
    Largest link dim during sweep 26/1000 was 69
    Largest truncation error: 8.774731636805117e-07
    Energy after sweep 26/1000 is -59.678297228111
    Sweep 26/1000 CPU time = 3.672s (Wall time = 3.706s)
    Energy change:-0.0368353627087572

    vN Entropy at center bond b=80 = 0.002925660824
    Eigs at center bond b=80: 0.9997 
    Largest link dim during sweep 27/1000 was 64
    Largest truncation error: 9.006098672882029e-07
    Energy after sweep 27/1000 is -59.712153801410
    Sweep 27/1000 CPU time = 3.705s (Wall time = 3.729s)
    Energy change:-0.03385657329896929

    vN Entropy at center bond b=80 = 0.028392382550
    Eigs at center bond b=80: 0.9962 0.0023 0.0010 
    Largest link dim during sweep 28/1000 was 65
    Largest truncation error: 8.523254961589585e-07
    Energy after sweep 28/1000 is -59.743496702591
    Sweep 28/1000 CPU time = 3.797s (Wall time = 3.831s)
    Energy change:-0.0313429011816595

    vN Entropy at center bond b=80 = 0.118807310426
    Eigs at center bond b=80: 0.9788 0.0163 0.0031 0.0014 
    Largest link dim during sweep 29/1000 was 61
    Largest truncation error: 9.083051725313408e-07
    Energy after sweep 29/1000 is -59.769846457149
    Sweep 29/1000 CPU time = 3.834s (Wall time = 3.858s)
    Energy change:-0.0263497545582041

    vN Entropy at center bond b=80 = 0.288175272615
    Eigs at center bond b=80: 0.9326 0.0563 0.0064 0.0038 
    Largest link dim during sweep 30/1000 was 59
    Largest truncation error: 8.879463490397798e-07
    Energy after sweep 30/1000 is -59.793505977695
    Sweep 30/1000 CPU time = 3.865s (Wall time = 3.886s)
    Energy change:-0.0236595205452943

    vN Entropy at center bond b=80 = 0.549828756059
    Eigs at center bond b=80: 0.8229 0.1570 0.0103 0.0078 0.0011 
    Largest link dim during sweep 31/1000 was 60
    Largest truncation error: 9.488672772748042e-07
    Energy after sweep 31/1000 is -59.814788970264
    Sweep 31/1000 CPU time = 3.867s (Wall time = 3.891s)
    Energy change:-0.02128299256959565

    vN Entropy at center bond b=80 = 0.729698982771
    Eigs at center bond b=80: 0.6994 0.2735 0.0133 0.0111 0.0015 0.0012 
    Largest link dim during sweep 32/1000 was 58
    Largest truncation error: 9.948776904958283e-07
    Energy after sweep 32/1000 is -59.833805892164
    Sweep 32/1000 CPU time = 3.941s (Wall time = 3.962s)
    Energy change:-0.01901692189959192

    vN Entropy at center bond b=80 = 0.835579107503
    Eigs at center bond b=80: 0.5345 0.4347 0.0141 0.0135 0.0016 0.0015 
    Largest link dim during sweep 33/1000 was 55
    Largest truncation error: 8.832507413433452e-07
    Energy after sweep 33/1000 is -59.851849488722
    Sweep 33/1000 CPU time = 3.958s (Wall time = 3.985s)
    Energy change:-0.01804359655781695

    vN Entropy at center bond b=80 = 0.811816849113
    Eigs at center bond b=80: 0.6001 0.3700 0.0137 0.0127 0.0015 0.0014 
    Largest link dim during sweep 34/1000 was 57
    Largest truncation error: 9.813240929155854e-07
    Energy after sweep 34/1000 is -59.867939045663
    Sweep 34/1000 CPU time = 4.036s (Wall time = 4.061s)
    Energy change:-0.01608955694128156

    vN Entropy at center bond b=80 = 0.692731855165
    Eigs at center bond b=80: 0.7439 0.2287 0.0121 0.0099 0.0024 0.0013 0.0011 
    Largest link dim during sweep 35/1000 was 56
    Largest truncation error: 8.735601043659787e-07
    Energy after sweep 35/1000 is -59.883276312164
    Sweep 35/1000 CPU time = 4.037s (Wall time = 4.052s)
    Energy change:-0.01533726650142597

    vN Entropy at center bond b=80 = 0.549791996288
    Eigs at center bond b=80: 0.8466 0.1256 0.0091 0.0066 0.0052 0.0032 0.0013 0.0010 
    Largest link dim during sweep 36/1000 was 54
    Largest truncation error: 8.642777457850413e-07
    Energy after sweep 36/1000 is -59.896958281114
    Sweep 36/1000 CPU time = 4.083s (Wall time = 4.100s)
    Energy change:-0.01368196894932794

    vN Entropy at center bond b=80 = 0.480741264500
    Eigs at center bond b=80: 0.8953 0.0605 0.0187 0.0086 0.0058 0.0038 0.0037 0.0018 
    Largest link dim during sweep 37/1000 was 52
    Largest truncation error: 8.696004786398171e-07
    Energy after sweep 37/1000 is -59.909790337005
    Sweep 37/1000 CPU time = 4.087s (Wall time = 4.108s)
    Energy change:-0.01283205589156466

    vN Entropy at center bond b=80 = 0.534134491510
    Eigs at center bond b=80: 0.8811 0.0643 0.0252 0.0101 0.0077 0.0046 0.0032 0.0018 
    Largest link dim during sweep 38/1000 was 53
    Largest truncation error: 8.372363930993384e-07
    Energy after sweep 38/1000 is -59.921633981075
    Sweep 38/1000 CPU time = 4.150s (Wall time = 4.164s)
    Energy change:-0.01184364406933724

    vN Entropy at center bond b=80 = 0.659178479979
    Eigs at center bond b=80: 0.8111 0.1466 0.0117 0.0091 0.0084 0.0083 0.0015 0.0013 
    Largest link dim during sweep 39/1000 was 51
    Largest truncation error: 8.689346483787772e-07
    Energy after sweep 39/1000 is -59.932793050425
    Sweep 39/1000 CPU time = 4.213s (Wall time = 4.231s)
    Energy change:-0.01115906935022792

    vN Entropy at center bond b=80 = 0.799263767008
    Eigs at center bond b=80: 0.6895 0.2712 0.0146 0.0121 0.0056 0.0029 0.0016 0.0013 
    Largest link dim during sweep 40/1000 was 52
    Largest truncation error: 8.62326199998216e-07
    Energy after sweep 40/1000 is -59.943087347992
    Sweep 40/1000 CPU time = 4.198s (Wall time = 4.212s)
    Energy change:-0.01029429756664513

    vN Entropy at center bond b=80 = 0.873927424547
    Eigs at center bond b=80: 0.5419 0.4201 0.0154 0.0147 0.0031 0.0017 0.0016 
    Largest link dim during sweep 41/1000 was 51
    Largest truncation error: 8.54067208419834e-07
    Energy after sweep 41/1000 is -59.952627309648
    Sweep 41/1000 CPU time = 4.220s (Wall time = 4.241s)
    Energy change:-0.009539961656685136

    vN Entropy at center bond b=80 = 0.852279054083
    Eigs at center bond b=80: 0.5733 0.3912 0.0151 0.0140 0.0017 0.0016 0.0016 0.0011 
    Largest link dim during sweep 42/1000 was 50
    Largest truncation error: 8.749701967728371e-07
    Energy after sweep 42/1000 is -59.961159734739
    Sweep 42/1000 CPU time = 4.254s (Wall time = 4.269s)
    Energy change:-0.008532425090393758

    vN Entropy at center bond b=80 = 0.754079420207
    Eigs at center bond b=80: 0.7081 0.2594 0.0136 0.0112 0.0031 0.0015 0.0013 
    Largest link dim during sweep 43/1000 was 49
    Largest truncation error: 8.837214339886271e-07
    Energy after sweep 43/1000 is -59.969476071837
    Sweep 43/1000 CPU time = 4.279s (Wall time = 4.303s)
    Energy change:-0.008316337098491999

    vN Entropy at center bond b=80 = 0.630900860205
    Eigs at center bond b=80: 0.8085 0.1595 0.0109 0.0081 0.0055 0.0033 0.0012 0.0012 
    Largest link dim during sweep 44/1000 was 49
    Largest truncation error: 8.77837315800097e-07
    Energy after sweep 44/1000 is -59.977143462730
    Sweep 44/1000 CPU time = 4.309s (Wall time = 4.324s)
    Energy change:-0.007667390892748926

    vN Entropy at center bond b=80 = 0.544179096681
    Eigs at center bond b=80: 0.8674 0.0928 0.0122 0.0082 0.0080 0.0054 0.0027 0.0012 
    Largest link dim during sweep 45/1000 was 48
    Largest truncation error: 8.70830446781811e-07
    Energy after sweep 45/1000 is -59.984382611850
    Sweep 45/1000 CPU time = 4.334s (Wall time = 4.348s)
    Energy change:-0.007239149120373156

    vN Entropy at center bond b=80 = 0.524839531121
    Eigs at center bond b=80: 0.8868 0.0496 0.0347 0.0105 0.0052 0.0052 0.0032 0.0028 
    Largest link dim during sweep 46/1000 was 48
    Largest truncation error: 8.445419784686405e-07
    Energy after sweep 46/1000 is -59.991029695117
    Sweep 46/1000 CPU time = 4.332s (Wall time = 4.346s)
    Energy change:-0.00664708326648622

    vN Entropy at center bond b=80 = 0.575137326681
    Eigs at center bond b=80: 0.8663 0.0779 0.0248 0.0107 0.0082 0.0051 0.0032 0.0018 
    Largest link dim during sweep 47/1000 was 47
    Largest truncation error: 8.669565086903237e-07
    Energy after sweep 47/1000 is -59.997693134227
    Sweep 47/1000 CPU time = 4.391s (Wall time = 4.406s)
    Energy change:-0.006663439110219826

    vN Entropy at center bond b=80 = 0.669990719742
    Eigs at center bond b=80: 0.8096 0.1453 0.0115 0.0110 0.0094 0.0080 0.0018 0.0012 
    Largest link dim during sweep 48/1000 was 46
    Largest truncation error: 8.607544817734055e-07
    Energy after sweep 48/1000 is -60.003809005629
    Sweep 48/1000 CPU time = 4.411s (Wall time = 4.423s)
    Energy change:-0.006115871401711104

    vN Entropy at center bond b=80 = 0.770062090337
    Eigs at center bond b=80: 0.7265 0.2329 0.0132 0.0107 0.0073 0.0052 0.0015 0.0012 
    Largest link dim during sweep 49/1000 was 46
    Largest truncation error: 8.586719913893863e-07
    Energy after sweep 49/1000 is -60.009648086050
    Sweep 49/1000 CPU time = 4.402s (Wall time = 4.418s)
    Energy change:-0.005839080420969367

    vN Entropy at center bond b=80 = 0.844758920492
    Eigs at center bond b=80: 0.6261 0.3354 0.0143 0.0128 0.0052 0.0022 0.0016 0.0014 
    Largest link dim during sweep 50/1000 was 46
    Largest truncation error: 8.810748775143074e-07
    Energy after sweep 50/1000 is -60.014874882652
    Sweep 50/1000 CPU time = 4.441s (Wall time = 4.455s)
    Energy change:-0.005226796602705974

    vN Entropy at center bond b=80 = 0.876999854477
    Eigs at center bond b=80: 0.5170 0.4460 0.0143 0.0140 0.0035 0.0016 0.0016 
    Largest link dim during sweep 51/1000 was 45
    Largest truncation error: 8.736333620773278e-07
    Energy after sweep 51/1000 is -60.020084017835
    Sweep 51/1000 CPU time = 4.423s (Wall time = 4.439s)
    Energy change:-0.005209135182816738

    vN Entropy at center bond b=80 = 0.861903000490
    Eigs at center bond b=80: 0.5531 0.4117 0.0142 0.0134 0.0022 0.0016 0.0015 0.0015 
    Largest link dim during sweep 52/1000 was 44
    Largest truncation error: 8.498628002577951e-07
    Energy after sweep 52/1000 is -60.024813298622
    Sweep 52/1000 CPU time = 4.412s (Wall time = 4.426s)
    Energy change:-0.004729280786349932

    vN Entropy at center bond b=80 = 0.811870148657
    Eigs at center bond b=80: 0.6488 0.3173 0.0135 0.0118 0.0031 0.0015 0.0013 0.0013 
    Largest link dim during sweep 53/1000 was 44
    Largest truncation error: 8.72650699309454e-07
    Energy after sweep 53/1000 is -60.029458923024
    Sweep 53/1000 CPU time = 4.428s (Wall time = 4.443s)
    Energy change:-0.004645624402009219

    vN Entropy at center bond b=80 = 0.740941698989
    Eigs at center bond b=80: 0.7316 0.2345 0.0120 0.0098 0.0051 0.0024 0.0013 0.0011 
    Largest link dim during sweep 54/1000 was 44
    Largest truncation error: 8.643580835972993e-07
    Energy after sweep 54/1000 is -60.033808268693
    Sweep 54/1000 CPU time = 4.430s (Wall time = 4.443s)
    Energy change:-0.004349345669020011

    vN Entropy at center bond b=80 = 0.672745477528
    Eigs at center bond b=80: 0.7941 0.1689 0.0102 0.0078 0.0075 0.0066 0.0015 0.0011 
    Largest link dim during sweep 55/1000 was 43
    Largest truncation error: 8.638062684372721e-07
    Energy after sweep 55/1000 is -60.037964964900
    Sweep 55/1000 CPU time = 4.463s (Wall time = 4.477s)
    Energy change:-0.004156696207544996

    vN Entropy at center bond b=80 = 0.616619433314
    Eigs at center bond b=80: 0.8380 0.1176 0.0145 0.0096 0.0082 0.0059 0.0025 0.0013 
    Largest link dim during sweep 56/1000 was 43
    Largest truncation error: 8.842270551420417e-07
    Energy after sweep 56/1000 is -60.041956776611
    Sweep 56/1000 CPU time = 4.468s (Wall time = 4.481s)
    Energy change:-0.00399181171044205

    vN Entropy at center bond b=80 = 0.586739073752
    Eigs at center bond b=80: 0.8620 0.0801 0.0279 0.0112 0.0064 0.0044 0.0038 0.0021 
    Largest link dim during sweep 57/1000 was 43
    Largest truncation error: 8.367815173437457e-07
    Energy after sweep 57/1000 is -60.045579445410
    Sweep 57/1000 CPU time = 4.441s (Wall time = 4.454s)
    Energy change:-0.003622668798939799

    vN Entropy at center bond b=80 = 0.585485472564
    Eigs at center bond b=80: 0.8676 0.0529 0.0489 0.0120 0.0054 0.0048 0.0033 0.0031 
    Largest link dim during sweep 58/1000 was 42
    Largest truncation error: 9.122136614459511e-07
    Energy after sweep 58/1000 is -60.049214342028
    Sweep 58/1000 CPU time = 4.437s (Wall time = 4.448s)
    Energy change:-0.003634896618166295

    vN Entropy at center bond b=80 = 0.612079587349
    Eigs at center bond b=80: 0.8552 0.0791 0.0342 0.0121 0.0071 0.0047 0.0035 0.0021 
    Largest link dim during sweep 59/1000 was 41
    Largest truncation error: 8.782949565558042e-07
    Energy after sweep 59/1000 is -60.052709741927
    Sweep 59/1000 CPU time = 4.432s (Wall time = 4.445s)
    Energy change:-0.003495399899577478

    vN Entropy at center bond b=80 = 0.657983436958
    Eigs at center bond b=80: 0.8270 0.1189 0.0216 0.0114 0.0088 0.0063 0.0025 0.0014 
    Largest link dim during sweep 60/1000 was 41
    Largest truncation error: 8.69698684317712e-07
    Energy after sweep 60/1000 is -60.055890851067
    Sweep 60/1000 CPU time = 4.415s (Wall time = 4.427s)
    Energy change:-0.003181109140079741

    vN Entropy at center bond b=80 = 0.713746947843
    Eigs at center bond b=80: 0.7855 0.1677 0.0133 0.0104 0.0103 0.0079 0.0017 0.0011 
    Largest link dim during sweep 61/1000 was 41
    Largest truncation error: 8.640718991286013e-07
    Energy after sweep 61/1000 is -60.059032646589
    Sweep 61/1000 CPU time = 4.424s (Wall time = 4.440s)
    Energy change:-0.003141795521308666

    vN Entropy at center bond b=80 = 0.767257593950
    Eigs at center bond b=80: 0.7352 0.2226 0.0115 0.0094 0.0089 0.0081 0.0013 0.0011 0.0011 
    Largest link dim during sweep 62/1000 was 40
    Largest truncation error: 8.758220200415308e-07
    Energy after sweep 62/1000 is -60.061967100107
    Sweep 62/1000 CPU time = 4.446s (Wall time = 4.456s)
    Energy change:-0.002934453518683711

    vN Entropy at center bond b=80 = 0.814409430932
    Eigs at center bond b=80: 0.6773 0.2835 0.0123 0.0106 0.0074 0.0049 0.0014 0.0012 
    Largest link dim during sweep 63/1000 was 40
    Largest truncation error: 8.666017230795343e-07
    Energy after sweep 63/1000 is -60.064717534512
    Sweep 63/1000 CPU time = 4.395s (Wall time = 4.406s)
    Energy change:-0.002750434404319435

    vN Entropy at center bond b=80 = 0.849606348217
    Eigs at center bond b=80: 0.6143 0.3485 0.0127 0.0116 0.0060 0.0029 0.0014 0.0013 
    Largest link dim during sweep 64/1000 was 40
    Largest truncation error: 8.63124121076426e-07
    Energy after sweep 64/1000 is -60.067455054751
    Sweep 64/1000 CPU time = 4.377s (Wall time = 4.395s)
    Energy change:-0.002737520239101343

    vN Entropy at center bond b=80 = 0.869082147253
    Eigs at center bond b=80: 0.5497 0.4147 0.0128 0.0123 0.0047 0.0017 0.0014 0.0014 
    Largest link dim during sweep 65/1000 was 40
    Largest truncation error: 8.625857600253659e-07
    Energy after sweep 65/1000 is -60.070051326987
    Sweep 65/1000 CPU time = 4.378s (Wall time = 4.394s)
    Energy change:-0.002596272236033315

    vN Entropy at center bond b=80 = 0.873011826596
    Eigs at center bond b=80: 0.4846 0.4809 0.0126 0.0125 0.0036 0.0014 0.0014 0.0014 
    Largest link dim during sweep 66/1000 was 39
    Largest truncation error: 9.887152607752008e-07
    Energy after sweep 66/1000 is -60.072412065265
    Sweep 66/1000 CPU time = 4.410s (Wall time = 4.422s)
    Energy change:-0.002360738277872088

    vN Entropy at center bond b=80 = 0.862241160911
    Eigs at center bond b=80: 0.5433 0.4231 0.0125 0.0120 0.0027 0.0023 0.0014 0.0013 
    Largest link dim during sweep 67/1000 was 39
    Largest truncation error: 8.697534980435687e-07
    Energy after sweep 67/1000 is -60.074751789031
    Sweep 67/1000 CPU time = 4.376s (Wall time = 4.391s)
    Energy change:-0.002339723765949486

    vN Entropy at center bond b=80 = 0.839761669785
    Eigs at center bond b=80: 0.6017 0.3653 0.0122 0.0112 0.0033 0.0020 0.0014 0.0013 
    Largest link dim during sweep 68/1000 was 38
    Largest truncation error: 8.59537795113918e-07
    Energy after sweep 68/1000 is -60.077111106267
    Sweep 68/1000 CPU time = 4.386s (Wall time = 4.397s)
    Energy change:-0.002359317236795277

    vN Entropy at center bond b=80 = 0.810081835188
    Eigs at center bond b=80: 0.6549 0.3118 0.0117 0.0103 0.0046 0.0017 0.0015 0.0013 0.0012 
    Largest link dim during sweep 69/1000 was 38
    Largest truncation error: 8.668777821256201e-07
    Energy after sweep 69/1000 is -60.079298453669
    Sweep 69/1000 CPU time = 4.379s (Wall time = 4.394s)
    Energy change:-0.002187347401573447

    vN Entropy at center bond b=80 = 0.774634493854
    Eigs at center bond b=80: 0.7030 0.2628 0.0109 0.0093 0.0060 0.0033 0.0012 0.0011 0.0010 
    Largest link dim during sweep 70/1000 was 38
    Largest truncation error: 8.779892875932984e-07
    Energy after sweep 70/1000 is -60.081460824578
    Sweep 70/1000 CPU time = 4.370s (Wall time = 4.383s)
    Energy change:-0.002162370908870059

    vN Entropy at center bond b=80 = 0.736832166495
    Eigs at center bond b=80: 0.7448 0.2192 0.0100 0.0083 0.0074 0.0056 0.0011 0.0011 
    Largest link dim during sweep 71/1000 was 38
    Largest truncation error: 9.783548947996424e-07
    Energy after sweep 71/1000 is -60.083370731113
    Sweep 71/1000 CPU time = 4.382s (Wall time = 4.394s)
    Energy change:-0.001909906535381367

    vN Entropy at center bond b=80 = 0.703115347507
    Eigs at center bond b=80: 0.7791 0.1815 0.0093 0.0091 0.0089 0.0072 0.0015 0.0010 
    Largest link dim during sweep 72/1000 was 38
    Largest truncation error: 8.645607435430413e-07
    Energy after sweep 72/1000 is -60.085276983773
    Sweep 72/1000 CPU time = 4.375s (Wall time = 4.389s)
    Energy change:-0.001906252659686913

    vN Entropy at center bond b=80 = 0.674203552932
    Eigs at center bond b=80: 0.8060 0.1496 0.0143 0.0102 0.0081 0.0063 0.0020 0.0011 
    Largest link dim during sweep 73/1000 was 37
    Largest truncation error: 9.573371763690142e-07
    Energy after sweep 73/1000 is -60.087136755396
    Sweep 73/1000 CPU time = 4.391s (Wall time = 4.406s)
    Energy change:-0.0018597716234936

    vN Entropy at center bond b=80 = 0.649793360724
    Eigs at center bond b=80: 0.8270 0.1223 0.0207 0.0112 0.0072 0.0054 0.0026 0.0015 
    Largest link dim during sweep 74/1000 was 37
    Largest truncation error: 8.555161606695002e-07
    Energy after sweep 74/1000 is -60.088961145958
    Sweep 74/1000 CPU time = 4.402s (Wall time = 4.413s)
    Energy change:-0.001824390561935729

    vN Entropy at center bond b=80 = 0.634412696732
    Eigs at center bond b=80: 0.8413 0.0990 0.0295 0.0122 0.0063 0.0046 0.0032 0.0019 
    Largest link dim during sweep 75/1000 was 37
    Largest truncation error: 8.561711513465511e-07
    Energy after sweep 75/1000 is -60.090786480407
    Sweep 75/1000 CPU time = 4.390s (Wall time = 4.403s)
    Energy change:-0.0018253344488528

    vN Entropy at center bond b=80 = 0.626293112297
    Eigs at center bond b=80: 0.8496 0.0797 0.0403 0.0128 0.0054 0.0039 0.0038 0.0025 
    Largest link dim during sweep 76/1000 was 37
    Largest truncation error: 9.348821578672935e-07
    Energy after sweep 76/1000 is -60.092461465140
    Sweep 76/1000 CPU time = 4.419s (Wall time = 4.432s)
    Energy change:-0.001674984732979112

    vN Entropy at center bond b=80 = 0.624126679057
    Eigs at center bond b=80: 0.8528 0.0638 0.0529 0.0131 0.0047 0.0046 0.0032 0.0031 
    Largest link dim during sweep 77/1000 was 37
    Largest truncation error: 8.601786177480463e-07
    Energy after sweep 77/1000 is -60.094102135714
    Sweep 77/1000 CPU time = 4.417s (Wall time = 4.431s)
    Energy change:-0.001640670573998193

    vN Entropy at center bond b=80 = 0.628878227849
    Eigs at center bond b=80: 0.8508 0.0678 0.0508 0.0132 0.0054 0.0039 0.0037 0.0026 
    Largest link dim during sweep 78/1000 was 37
    Largest truncation error: 8.618894530968709e-07
    Energy after sweep 78/1000 is -60.095535704317
    Sweep 78/1000 CPU time = 4.392s (Wall time = 4.406s)
    Energy change:-0.001433568603218305

    vN Entropy at center bond b=80 = 0.642502133166
    Eigs at center bond b=80: 0.8428 0.0862 0.0401 0.0130 0.0062 0.0044 0.0033 0.0022 
    Largest link dim during sweep 79/1000 was 36
    Largest truncation error: 8.697711760453291e-07
    Energy after sweep 79/1000 is -60.097051563914
    Sweep 79/1000 CPU time = 4.395s (Wall time = 4.408s)
    Energy change:-0.00151585959664402

    vN Entropy at center bond b=80 = 0.660207758500
    Eigs at center bond b=80: 0.8308 0.1064 0.0316 0.0127 0.0069 0.0051 0.0028 0.0018 
    Largest link dim during sweep 80/1000 was 35
    Largest truncation error: 8.869829213914598e-07
    Energy after sweep 80/1000 is -60.098426075697
    Sweep 80/1000 CPU time = 4.409s (Wall time = 4.421s)
    Energy change:-0.001374511782969989

    vN Entropy at center bond b=80 = 0.680713793739
    Eigs at center bond b=80: 0.8153 0.1287 0.0248 0.0121 0.0076 0.0058 0.0023 0.0014 
    Largest link dim during sweep 81/1000 was 35
    Largest truncation error: 8.819273038316649e-07
    Energy after sweep 81/1000 is -60.099825660299
    Sweep 81/1000 CPU time = 4.457s (Wall time = 4.470s)
    Energy change:-0.001399584601507797

    vN Entropy at center bond b=80 = 0.702631846419
    Eigs at center bond b=80: 0.7968 0.1524 0.0194 0.0115 0.0083 0.0065 0.0019 0.0012 
    Largest link dim during sweep 82/1000 was 35
    Largest truncation error: 8.6421799060114e-07
    Energy after sweep 82/1000 is -60.101070729054
    Sweep 82/1000 CPU time = 4.430s (Wall time = 4.446s)
    Energy change:-0.001245068755004297

    vN Entropy at center bond b=80 = 0.724934135435
    Eigs at center bond b=80: 0.7762 0.1773 0.0152 0.0107 0.0089 0.0072 0.0016 
    Largest link dim during sweep 83/1000 was 35
    Largest truncation error: 8.60284351915224e-07
    Energy after sweep 83/1000 is -60.102338924768
    Sweep 83/1000 CPU time = 4.429s (Wall time = 4.443s)
    Energy change:-0.001268195714025921

    vN Entropy at center bond b=80 = 0.748716293650
    Eigs at center bond b=80: 0.7524 0.2044 0.0119 0.0099 0.0094 0.0078 0.0013 0.0010 
    Largest link dim during sweep 84/1000 was 35
    Largest truncation error: 8.836105158854083e-07
    Energy after sweep 84/1000 is -60.103533345404
    Sweep 84/1000 CPU time = 4.443s (Wall time = 4.457s)
    Energy change:-0.001194420636707605

    vN Entropy at center bond b=80 = 0.770993783545
    Eigs at center bond b=80: 0.7270 0.2324 0.0099 0.0093 0.0091 0.0084 0.0011 0.0011 
    Largest link dim during sweep 85/1000 was 34
    Largest truncation error: 8.616488839249282e-07
    Energy after sweep 85/1000 is -60.104568474803
    Sweep 85/1000 CPU time = 4.445s (Wall time = 4.457s)
    Energy change:-0.001035129398822221

    vN Entropy at center bond b=80 = 0.791473957435
    Eigs at center bond b=80: 0.7003 0.2612 0.0102 0.0089 0.0083 0.0072 0.0011 
    Largest link dim during sweep 86/1000 was 34
    Largest truncation error: 8.551244465220391e-07
    Energy after sweep 86/1000 is -60.105428415143
    Sweep 86/1000 CPU time = 4.478s (Wall time = 4.493s)
    Energy change:-0.0008599403403479755

    vN Entropy at center bond b=80 = 0.808913068422
    Eigs at center bond b=80: 0.6735 0.2898 0.0105 0.0093 0.0075 0.0056 0.0012 0.0010 
    Largest link dim during sweep 87/1000 was 34
    Largest truncation error: 8.711171620909202e-07
    Energy after sweep 87/1000 is -60.106097566659
    Sweep 87/1000 CPU time = 4.457s (Wall time = 4.473s)
    Energy change:-0.0006691515151473482

    vN Entropy at center bond b=80 = 0.823853702923
    Eigs at center bond b=80: 0.6462 0.3186 0.0108 0.0097 0.0068 0.0044 0.0012 0.0011 
    Largest link dim during sweep 88/1000 was 35
    Largest truncation error: 8.397618978588336e-07
    Energy after sweep 88/1000 is -60.106751116376
    Sweep 88/1000 CPU time = 4.464s (Wall time = 4.478s)
    Energy change:-0.0006535497170077065

    vN Entropy at center bond b=80 = 0.835648777242
    Eigs at center bond b=80: 0.6190 0.3470 0.0109 0.0101 0.0062 0.0035 0.0012 0.0011 
    Largest link dim during sweep 89/1000 was 35
    Largest truncation error: 8.739887457811107e-07
    Energy after sweep 89/1000 is -60.107323048724
    Sweep 89/1000 CPU time = 4.473s (Wall time = 4.486s)
    Energy change:-0.0005719323482438199

    vN Entropy at center bond b=80 = 0.844972930021
    Eigs at center bond b=80: 0.5921 0.3748 0.0110 0.0103 0.0056 0.0027 0.0012 0.0011 
    Largest link dim during sweep 90/1000 was 34
    Largest truncation error: 8.408404793516441e-07
    Energy after sweep 90/1000 is -60.107838243806
    Sweep 90/1000 CPU time = 4.470s (Wall time = 4.481s)
    Energy change:-0.0005151950818387263

    vN Entropy at center bond b=80 = 0.851936834210
    Eigs at center bond b=80: 0.5658 0.4019 0.0110 0.0105 0.0050 0.0021 0.0012 0.0012 
    Largest link dim during sweep 91/1000 was 34
    Largest truncation error: 8.630424712426712e-07
    Energy after sweep 91/1000 is -60.108292329577
    Sweep 91/1000 CPU time = 4.504s (Wall time = 4.519s)
    Energy change:-0.000454085771231405

    vN Entropy at center bond b=80 = 0.856391491760
    Eigs at center bond b=80: 0.5403 0.4280 0.0110 0.0107 0.0045 0.0017 0.0012 0.0012 
    Largest link dim during sweep 92/1000 was 34
    Largest truncation error: 8.557572736213039e-07
    Energy after sweep 92/1000 is -60.108699561717
    Sweep 92/1000 CPU time = 4.496s (Wall time = 4.511s)
    Energy change:-0.0004072321396648704

    vN Entropy at center bond b=80 = 0.858297660468
    Eigs at center bond b=80: 0.5150 0.4539 0.0109 0.0108 0.0040 0.0014 0.0012 0.0012 0.0010 
    Largest link dim during sweep 93/1000 was 34
    Largest truncation error: 8.653550017372449e-07
    Energy after sweep 93/1000 is -60.109096437388
    Sweep 93/1000 CPU time = 4.505s (Wall time = 4.517s)
    Energy change:-0.0003968756714840538

    vN Entropy at center bond b=80 = 0.857939564104
    Eigs at center bond b=80: 0.4912 0.4781 0.0109 0.0108 0.0036 0.0012 0.0012 0.0012 0.0011 
    Largest link dim during sweep 94/1000 was 33
    Largest truncation error: 8.670636230468957e-07
    Energy after sweep 94/1000 is -60.109417930476
    Sweep 94/1000 CPU time = 4.530s (Wall time = 4.541s)
    Energy change:-0.0003214930877675215

    vN Entropy at center bond b=80 = 0.855335475354
    Eigs at center bond b=80: 0.5008 0.4690 0.0109 0.0107 0.0033 0.0014 0.0012 0.0012 
    Largest link dim during sweep 95/1000 was 33
    Largest truncation error: 8.615452016203605e-07
    Energy after sweep 95/1000 is -60.109680320638
    Sweep 95/1000 CPU time = 4.498s (Wall time = 4.511s)
    Energy change:-0.0002623901624474456

    vN Entropy at center bond b=80 = 0.851933054159
    Eigs at center bond b=80: 0.5216 0.4484 0.0109 0.0106 0.0030 0.0017 0.0012 0.0012 
    Largest link dim during sweep 96/1000 was 33
    Largest truncation error: 8.189127034565672e-07
    Energy after sweep 96/1000 is -60.109924704837
    Sweep 96/1000 CPU time = 4.464s (Wall time = 4.479s)
    Energy change:-0.0002443841986590201

    vN Entropy at center bond b=80 = 0.848143567786
    Eigs at center bond b=80: 0.5408 0.4294 0.0108 0.0104 0.0027 0.0021 0.0012 0.0012 
    Largest link dim during sweep 97/1000 was 33
    Largest truncation error: 8.4819029296397e-07
    Energy after sweep 97/1000 is -60.110129746808
    Sweep 97/1000 CPU time = 4.457s (Wall time = 4.470s)
    Energy change:-0.0002050419715544649

    vN Entropy at center bond b=80 = 0.843963874618
    Eigs at center bond b=80: 0.5582 0.4120 0.0108 0.0103 0.0025 0.0024 0.0012 0.0011 
    Largest link dim during sweep 98/1000 was 33
    Largest truncation error: 8.513284447883141e-07
    Energy after sweep 98/1000 is -60.110297148938
    Sweep 98/1000 CPU time = 4.452s (Wall time = 4.463s)
    Energy change:-0.0001674021298043726

    vN Entropy at center bond b=80 = 0.838582919286
    Eigs at center bond b=80: 0.5750 0.3953 0.0107 0.0101 0.0028 0.0022 0.0012 0.0011 
    Largest link dim during sweep 99/1000 was 33
    Largest truncation error: 8.623876292155043e-07
    Energy after sweep 99/1000 is -60.110509847030
    Sweep 99/1000 CPU time = 4.428s (Wall time = 4.442s)
    Energy change:-0.0002126980916372645

    vN Entropy at center bond b=80 = 0.832470423562
    Eigs at center bond b=80: 0.5910 0.3793 0.0106 0.0099 0.0032 0.0020 0.0012 0.0011 
    Largest link dim during sweep 100/1000 was 33
    Largest truncation error: 8.453853447681982e-07
    Energy after sweep 100/1000 is -60.110692260899
    Sweep 100/1000 CPU time = 4.443s (Wall time = 4.457s)
    Energy change:-0.000182413868913045

    vN Entropy at center bond b=80 = 0.825828010410
    Eigs at center bond b=80: 0.6061 0.3641 0.0105 0.0097 0.0035 0.0018 0.0012 0.0012 0.0011 
    Largest link dim during sweep 101/1000 was 33
    Largest truncation error: 8.492970411471619e-07
    Energy after sweep 101/1000 is -60.110871890893
    Sweep 101/1000 CPU time = 4.476s (Wall time = 4.492s)
    Energy change:-0.0001796299940295398

    vN Entropy at center bond b=80 = 0.818781976587
    Eigs at center bond b=80: 0.6204 0.3498 0.0104 0.0095 0.0038 0.0017 0.0014 0.0012 0.0011 
    Largest link dim during sweep 102/1000 was 33
    Largest truncation error: 8.541823461784427e-07
    Energy after sweep 102/1000 is -60.111045150161
    Sweep 102/1000 CPU time = 4.476s (Wall time = 4.493s)
    Energy change:-0.0001732592685499412

    vN Entropy at center bond b=80 = 0.811502276645
    Eigs at center bond b=80: 0.6338 0.3363 0.0103 0.0094 0.0041 0.0016 0.0015 0.0011 0.0010 
    Largest link dim during sweep 103/1000 was 33
    Largest truncation error: 8.563404470524784e-07
    Energy after sweep 103/1000 is -60.111153627912
    Sweep 103/1000 CPU time = 4.457s (Wall time = 4.473s)
    Energy change:-0.0001084777510698132

    vN Entropy at center bond b=80 = 0.804344448367
    Eigs at center bond b=80: 0.6459 0.3241 0.0101 0.0092 0.0043 0.0019 0.0014 0.0011 0.0010 
    Largest link dim during sweep 104/1000 was 33
    Largest truncation error: 8.571014555754254e-07
    Energy after sweep 104/1000 is -60.111269568047
    Sweep 104/1000 CPU time = 4.432s (Wall time = 4.449s)
    Energy change:-0.0001159401349468681

    vN Entropy at center bond b=80 = 0.797292368424
    Eigs at center bond b=80: 0.6571 0.3127 0.0100 0.0090 0.0046 0.0022 0.0013 0.0011 0.0010 
    Largest link dim during sweep 105/1000 was 33
    Largest truncation error: 8.290990726789527e-07
    Energy after sweep 105/1000 is -60.111365810272
    Sweep 105/1000 CPU time = 4.427s (Wall time = 4.444s)
    Energy change:-9.624222484205802e-05

    vN Entropy at center bond b=80 = 0.791260835868
    Eigs at center bond b=80: 0.6676 0.3019 0.0099 0.0088 0.0049 0.0026 0.0012 0.0011 
    Largest link dim during sweep 106/1000 was 33
    Largest truncation error: 8.439428505956354e-07
    Energy after sweep 106/1000 is -60.111483552447
    Sweep 106/1000 CPU time = 4.444s (Wall time = 4.458s)
    Energy change:-0.0001177421744884555

    vN Entropy at center bond b=80 = 0.785978556736
    Eigs at center bond b=80: 0.6772 0.2917 0.0098 0.0087 0.0054 0.0030 0.0011 0.0011 
    Largest link dim during sweep 107/1000 was 33
    Largest truncation error: 8.311788691562173e-07
    Energy after sweep 107/1000 is -60.111580996434
    Sweep 107/1000 CPU time = 4.447s (Wall time = 4.463s)
    Energy change:-9.744398764865991e-05

    vN Entropy at center bond b=80 = 0.781000648401
    Eigs at center bond b=80: 0.6860 0.2824 0.0097 0.0085 0.0057 0.0035 0.0011 
    Largest link dim during sweep 108/1000 was 33
    Largest truncation error: 8.529329715547064e-07
    Energy after sweep 108/1000 is -60.111659389879
    Sweep 108/1000 CPU time = 4.442s (Wall time = 4.456s)
    Energy change:-7.839344424809269e-05

    vN Entropy at center bond b=80 = 0.775973220678
    Eigs at center bond b=80: 0.6942 0.2736 0.0096 0.0084 0.0061 0.0040 0.0011 
    Largest link dim during sweep 109/1000 was 32
    Largest truncation error: 8.457368152299128e-07
    Energy after sweep 109/1000 is -60.111734902715
    Sweep 109/1000 CPU time = 4.462s (Wall time = 4.476s)
    Energy change:-7.551283648865592e-05

    vN Entropy at center bond b=80 = 0.770734280903
    Eigs at center bond b=80: 0.7021 0.2652 0.0094 0.0082 0.0064 0.0045 0.0010 
    Largest link dim during sweep 110/1000 was 32
    Largest truncation error: 8.28385317824011e-07
    Energy after sweep 110/1000 is -60.111832920690
    Sweep 110/1000 CPU time = 4.485s (Wall time = 4.496s)
    Energy change:-9.801797462927198e-05

    vN Entropy at center bond b=80 = 0.765499520024
    Eigs at center bond b=80: 0.7097 0.2570 0.0093 0.0081 0.0067 0.0050 0.0010 
    Largest link dim during sweep 111/1000 was 32
    Largest truncation error: 8.276301180262366e-07
    Energy after sweep 111/1000 is -60.111910589475
    Sweep 111/1000 CPU time = 4.506s (Wall time = 4.521s)
    Energy change:-7.766878564297031e-05

    vN Entropy at center bond b=80 = 0.760157556483
    Eigs at center bond b=80: 0.7169 0.2493 0.0092 0.0079 0.0070 0.0056 0.0010 
    Largest link dim during sweep 112/1000 was 32
    Largest truncation error: 8.294960303939199e-07
    Energy after sweep 112/1000 is -60.112004504727
    Sweep 112/1000 CPU time = 4.496s (Wall time = 4.515s)
    Energy change:-9.391525122737221e-05

    vN Entropy at center bond b=80 = 0.754952501650
    Eigs at center bond b=80: 0.7236 0.2420 0.0090 0.0078 0.0073 0.0061 0.0010 
    Largest link dim during sweep 113/1000 was 32
    Largest truncation error: 8.331333110355879e-07
    Energy after sweep 113/1000 is -60.112083935005
    Sweep 113/1000 CPU time = 4.493s (Wall time = 4.509s)
    Energy change:-7.943027803491987e-05

    vN Entropy at center bond b=80 = 0.749879858029
    Eigs at center bond b=80: 0.7300 0.2351 0.0089 0.0076 0.0075 0.0066 
    Largest link dim during sweep 114/1000 was 32
    Largest truncation error: 8.422301273535444e-07
    Energy after sweep 114/1000 is -60.112135599610
    Sweep 114/1000 CPU time = 4.507s (Wall time = 4.519s)
    Energy change:-5.166460515226845e-05

    vN Entropy at center bond b=80 = 0.744831021726
    Eigs at center bond b=80: 0.7361 0.2285 0.0088 0.0078 0.0075 0.0072 0.0010 
    Largest link dim during sweep 115/1000 was 32
    Largest truncation error: 8.355038677511392e-07
    Energy after sweep 115/1000 is -60.112206890445
    Sweep 115/1000 CPU time = 4.500s (Wall time = 4.516s)
    Energy change:-7.129083519430424e-05

    vN Entropy at center bond b=80 = 0.740001848957
    Eigs at center bond b=80: 0.7419 0.2222 0.0087 0.0080 0.0077 0.0073 0.0011 
    Largest link dim during sweep 116/1000 was 33
    Largest truncation error: 8.335696174699942e-07
    Energy after sweep 116/1000 is -60.112259792260
    Sweep 116/1000 CPU time = 4.501s (Wall time = 4.515s)
    Energy change:-5.290181504591374e-05

    vN Entropy at center bond b=80 = 0.735442255558
    Eigs at center bond b=80: 0.7471 0.2163 0.0086 0.0083 0.0082 0.0072 0.0011 
    Largest link dim during sweep 117/1000 was 32
    Largest truncation error: 8.314284603629936e-07
    Energy after sweep 117/1000 is -60.112312342937
    Sweep 117/1000 CPU time = 4.505s (Wall time = 4.517s)
    Energy change:-5.255067649301282e-05

    vN Entropy at center bond b=80 = 0.731213781691
    Eigs at center bond b=80: 0.7519 0.2110 0.0088 0.0085 0.0084 0.0071 0.0012 
    Largest link dim during sweep 118/1000 was 32
    Largest truncation error: 8.294266434634355e-07
    Energy after sweep 118/1000 is -60.112351311883
    Sweep 118/1000 CPU time = 4.492s (Wall time = 4.507s)
    Energy change:-3.896894672550388e-05

    vN Entropy at center bond b=80 = 0.727938856033
    Eigs at center bond b=80: 0.7563 0.2060 0.0094 0.0086 0.0084 0.0070 0.0012 
    Largest link dim during sweep 119/1000 was 32
    Largest truncation error: 8.257385380266858e-07
    Energy after sweep 119/1000 is -60.112395482075
    Sweep 119/1000 CPU time = 4.488s (Wall time = 4.499s)
    Energy change:-4.417019222557883e-05

    vN Entropy at center bond b=80 = 0.725189936533
    Eigs at center bond b=80: 0.7603 0.2011 0.0101 0.0089 0.0083 0.0069 0.0013 
    Largest link dim during sweep 120/1000 was 32
    Largest truncation error: 8.214727524280528e-07
    Energy after sweep 120/1000 is -60.112457735446
    Sweep 120/1000 CPU time = 4.483s (Wall time = 4.496s)
    Energy change:-6.225337089205141e-05

    vN Entropy at center bond b=80 = 0.722604776227
    Eigs at center bond b=80: 0.7641 0.1965 0.0108 0.0092 0.0082 0.0068 0.0014 
    Largest link dim during sweep 121/1000 was 32
    Largest truncation error: 8.231166445398275e-07
    Energy after sweep 121/1000 is -60.112503965979
    Sweep 121/1000 CPU time = 4.501s (Wall time = 4.513s)
    Energy change:-4.623053236230135e-05

    vN Entropy at center bond b=80 = 0.720434701205
    Eigs at center bond b=80: 0.7675 0.1922 0.0115 0.0095 0.0081 0.0067 0.0014 
    Largest link dim during sweep 122/1000 was 32
    Largest truncation error: 8.161517532112112e-07
    Energy after sweep 122/1000 is -60.112542065785
    Sweep 122/1000 CPU time = 4.515s (Wall time = 4.528s)
    Energy change:-3.809980588442841e-05

    vN Entropy at center bond b=80 = 0.718451300631
    Eigs at center bond b=80: 0.7707 0.1882 0.0123 0.0097 0.0080 0.0066 0.0015 
    Largest link dim during sweep 123/1000 was 32
    Largest truncation error: 8.190445612749322e-07
    Energy after sweep 123/1000 is -60.112568760204
    Sweep 123/1000 CPU time = 4.523s (Wall time = 4.538s)
    Energy change:-2.669441915514881e-05

    vN Entropy at center bond b=80 = 0.716458062799
    Eigs at center bond b=80: 0.7737 0.1843 0.0130 0.0099 0.0079 0.0065 0.0015 
    Largest link dim during sweep 124/1000 was 32
    Largest truncation error: 8.285345382688111e-07
    Energy after sweep 124/1000 is -60.112583275975
    Sweep 124/1000 CPU time = 4.516s (Wall time = 4.529s)
    Energy change:-1.451577072231203e-05

    vN Entropy at center bond b=80 = 0.714393216523
    Eigs at center bond b=80: 0.7766 0.1806 0.0137 0.0101 0.0078 0.0064 0.0016 
    Largest link dim during sweep 125/1000 was 32
    Largest truncation error: 8.126670161263399e-07
    Energy after sweep 125/1000 is -60.112621188774
    Sweep 125/1000 CPU time = 4.505s (Wall time = 4.517s)
    Energy change:-3.791279924314495e-05

    vN Entropy at center bond b=80 = 0.712357620978
    Eigs at center bond b=80: 0.7794 0.1771 0.0144 0.0102 0.0077 0.0063 0.0016 
    Largest link dim during sweep 126/1000 was 32
    Largest truncation error: 8.294595427571595e-07
    Energy after sweep 126/1000 is -60.112650118242
    Sweep 126/1000 CPU time = 4.521s (Wall time = 4.533s)
    Energy change:-2.892946774579741e-05

    vN Entropy at center bond b=80 = 0.710317538402
    Eigs at center bond b=80: 0.7820 0.1737 0.0151 0.0104 0.0077 0.0062 0.0017 
    Largest link dim during sweep 127/1000 was 32
    Largest truncation error: 8.211334884043332e-07
    Energy after sweep 127/1000 is -60.112666024362
    Sweep 127/1000 CPU time = 4.525s (Wall time = 4.541s)
    Energy change:-1.590612063750996e-05

    vN Entropy at center bond b=80 = 0.708279671514
    Eigs at center bond b=80: 0.7846 0.1704 0.0158 0.0105 0.0076 0.0061 0.0017 0.0010 
    Largest link dim during sweep 128/1000 was 32
    Largest truncation error: 8.30128024367291e-07
    Energy after sweep 128/1000 is -60.112685376973
    Sweep 128/1000 CPU time = 4.526s (Wall time = 4.539s)
    Energy change:-1.935261134633492e-05

    vN Entropy at center bond b=80 = 0.706348685069
    Eigs at center bond b=80: 0.7869 0.1675 0.0164 0.0107 0.0075 0.0061 0.0018 0.0011 
    Largest link dim during sweep 129/1000 was 32
    Largest truncation error: 8.198449606286642e-07
    Energy after sweep 129/1000 is -60.112704745343
    Sweep 129/1000 CPU time = 4.523s (Wall time = 4.538s)
    Energy change:-1.936836971339062e-05

    vN Entropy at center bond b=80 = 0.704470795728
    Eigs at center bond b=80: 0.7890 0.1647 0.0170 0.0108 0.0074 0.0060 0.0018 0.0011 
    Largest link dim during sweep 130/1000 was 32
    Largest truncation error: 8.218514420945498e-07
    Energy after sweep 130/1000 is -60.112732879597
    Sweep 130/1000 CPU time = 4.529s (Wall time = 4.542s)
    Energy change:-2.813425393100033e-05

    vN Entropy at center bond b=80 = 0.702612903167
    Eigs at center bond b=80: 0.7911 0.1620 0.0176 0.0109 0.0074 0.0059 0.0019 0.0011 
    Largest link dim during sweep 131/1000 was 32
    Largest truncation error: 8.145909327142295e-07
    Energy after sweep 131/1000 is -60.112748827642
    Sweep 131/1000 CPU time = 4.528s (Wall time = 4.543s)
    Energy change:-1.594804478344258e-05

    vN Entropy at center bond b=80 = 0.700763296871
    Eigs at center bond b=80: 0.7931 0.1594 0.0182 0.0110 0.0073 0.0059 0.0019 0.0012 
    Largest link dim during sweep 132/1000 was 31
    Largest truncation error: 8.095700026210229e-07
    Energy after sweep 132/1000 is -60.112763300638
    Sweep 132/1000 CPU time = 4.524s (Wall time = 4.538s)
    Energy change:-1.4472995978565e-05

    vN Entropy at center bond b=80 = 0.698967379075
    Eigs at center bond b=80: 0.7950 0.1569 0.0188 0.0111 0.0072 0.0058 0.0019 0.0012 
    Largest link dim during sweep 133/1000 was 31
    Largest truncation error: 8.403112989236384e-07
    Energy after sweep 133/1000 is -60.112799681569
    Sweep 133/1000 CPU time = 4.533s (Wall time = 4.545s)
    Energy change:-3.63809309789076e-05

    vN Entropy at center bond b=80 = 0.697245233692
    Eigs at center bond b=80: 0.7969 0.1545 0.0193 0.0112 0.0072 0.0057 0.0020 0.0012 
    Largest link dim during sweep 134/1000 was 31
    Largest truncation error: 8.337951798877814e-07
    Energy after sweep 134/1000 is -60.112818768155
    Sweep 134/1000 CPU time = 4.519s (Wall time = 4.530s)
    Energy change:-1.908658583005263e-05

    vN Entropy at center bond b=80 = 0.695698356370
    Eigs at center bond b=80: 0.7985 0.1523 0.0198 0.0113 0.0071 0.0057 0.0020 0.0012 
    Largest link dim during sweep 135/1000 was 31
    Largest truncation error: 8.395513069567412e-07
    Energy after sweep 135/1000 is -60.112829365882
    Sweep 135/1000 CPU time = 4.508s (Wall time = 4.521s)
    Energy change:-1.059772713318807e-05

    vN Entropy at center bond b=80 = 0.694276787077
    Eigs at center bond b=80: 0.8000 0.1503 0.0203 0.0114 0.0070 0.0056 0.0021 0.0013 
    Largest link dim during sweep 136/1000 was 31
    Largest truncation error: 8.454006554654261e-07
    Energy after sweep 136/1000 is -60.112853608514
    Sweep 136/1000 CPU time = 4.507s (Wall time = 4.522s)
    Energy change:-2.424263166744822e-05

    vN Entropy at center bond b=80 = 0.693079847078
    Eigs at center bond b=80: 0.8014 0.1483 0.0209 0.0115 0.0070 0.0056 0.0021 0.0013 
    Largest link dim during sweep 137/1000 was 31
    Largest truncation error: 8.499018212105086e-07
    Energy after sweep 137/1000 is -60.112877013335
    Sweep 137/1000 CPU time = 4.529s (Wall time = 4.545s)
    Energy change:-2.340482198803784e-05

    vN Entropy at center bond b=80 = 0.692035088968
    Eigs at center bond b=80: 0.8027 0.1465 0.0214 0.0116 0.0069 0.0055 0.0021 0.0013 
    Largest link dim during sweep 138/1000 was 31
    Largest truncation error: 8.549035269699722e-07
    Energy after sweep 138/1000 is -60.112895070433
    Sweep 138/1000 CPU time = 4.546s (Wall time = 4.558s)
    Energy change:-1.805709702296099e-05

    vN Entropy at center bond b=80 = 0.690967051330
    Eigs at center bond b=80: 0.8039 0.1447 0.0219 0.0116 0.0069 0.0055 0.0022 0.0013 
    Largest link dim during sweep 139/1000 was 31
    Largest truncation error: 8.589569245392068e-07
    Energy after sweep 139/1000 is -60.112923431142
    Sweep 139/1000 CPU time = 4.545s (Wall time = 4.560s)
    Energy change:-2.836070958522896e-05

    vN Entropy at center bond b=80 = 0.689928121283
    Eigs at center bond b=80: 0.8051 0.1431 0.0223 0.0117 0.0068 0.0054 0.0022 0.0014 
    Largest link dim during sweep 140/1000 was 31
    Largest truncation error: 8.405474523506889e-07
    Energy after sweep 140/1000 is -60.112940947792
    Sweep 140/1000 CPU time = 4.561s (Wall time = 4.578s)
    Energy change:-1.751665034532834e-05

    vN Entropy at center bond b=80 = 0.688958310675
    Eigs at center bond b=80: 0.8062 0.1414 0.0228 0.0118 0.0068 0.0054 0.0022 0.0014 
    Largest link dim during sweep 141/1000 was 31
    Largest truncation error: 8.385891624821924e-07
    Energy after sweep 141/1000 is -60.112969100487
    Sweep 141/1000 CPU time = 4.572s (Wall time = 4.584s)
    Energy change:-2.815269478873006e-05

    vN Entropy at center bond b=80 = 0.688064694909
    Eigs at center bond b=80: 0.8073 0.1399 0.0233 0.0118 0.0067 0.0053 0.0023 0.0014 
    Largest link dim during sweep 142/1000 was 31
    Largest truncation error: 8.357391115366209e-07
    Energy after sweep 142/1000 is -60.112976224508
    Sweep 142/1000 CPU time = 4.569s (Wall time = 4.584s)
    Energy change:-7.124020761750671e-06

    vN Entropy at center bond b=80 = 0.686864547926
    Eigs at center bond b=80: 0.8085 0.1382 0.0238 0.0119 0.0067 0.0053 0.0023 0.0014 
    Largest link dim during sweep 143/1000 was 31
    Largest truncation error: 8.463377346708878e-07
    Energy after sweep 143/1000 is -60.112988200262
    Sweep 143/1000 CPU time = 4.557s (Wall time = 4.570s)
    Energy change:-1.197575416966856e-05

    vN Entropy at center bond b=80 = 0.685578484285
    Eigs at center bond b=80: 0.8097 0.1365 0.0242 0.0120 0.0067 0.0052 0.0023 0.0015 
    Largest link dim during sweep 144/1000 was 32
    Largest truncation error: 8.386006466742717e-07
    Energy after sweep 144/1000 is -60.112991402818
    Sweep 144/1000 CPU time = 4.546s (Wall time = 4.561s)
    Energy change:-3.202556257519973e-06

    vN Entropy at center bond b=80 = 0.684308759103
    Eigs at center bond b=80: 0.8108 0.1349 0.0246 0.0120 0.0066 0.0052 0.0024 0.0015 
    Largest link dim during sweep 145/1000 was 32
    Largest truncation error: 8.341494541786767e-07
    Energy after sweep 145/1000 is -60.112993027716
    Sweep 145/1000 CPU time = 4.527s (Wall time = 4.542s)
    Energy change:-1.62489781274644e-06

    vN Entropy at center bond b=80 = 0.683227504515
    Eigs at center bond b=80: 0.8118 0.1335 0.0251 0.0121 0.0066 0.0052 0.0024 0.0015 
    Largest link dim during sweep 146/1000 was 31
    Largest truncation error: 8.30256796904224e-07
    Energy after sweep 146/1000 is -60.112998962596
    Sweep 146/1000 CPU time = 4.521s (Wall time = 4.531s)
    Energy change:-5.934879823144001e-06

    vN Entropy at center bond b=80 = 0.682209337713
    Eigs at center bond b=80: 0.8128 0.1321 0.0255 0.0121 0.0065 0.0051 0.0024 0.0015 
    Largest link dim during sweep 147/1000 was 31
    Largest truncation error: 8.22492805152264e-07
    Energy after sweep 147/1000 is -60.113006214263
    Sweep 147/1000 CPU time = 4.520s (Wall time = 4.532s)
    Energy change:-7.251667234697834e-06

    vN Entropy at center bond b=80 = 0.681457169353
    Eigs at center bond b=80: 0.8136 0.1309 0.0259 0.0122 0.0065 0.0051 0.0024 0.0015 
    Largest link dim during sweep 148/1000 was 31
    Largest truncation error: 8.210153871851749e-07
    Energy after sweep 148/1000 is -60.113013425566
    Sweep 148/1000 CPU time = 4.527s (Wall time = 4.540s)
    Energy change:-7.21130281533533e-06

    vN Entropy at center bond b=80 = 0.680770517966
    Eigs at center bond b=80: 0.8143 0.1297 0.0263 0.0122 0.0065 0.0051 0.0025 0.0016 
    Largest link dim during sweep 149/1000 was 31
    Largest truncation error: 8.214918133798745e-07
    Energy after sweep 149/1000 is -60.113015257407
    Sweep 149/1000 CPU time = 4.523s (Wall time = 4.541s)
    Energy change:-1.831840563681908e-06

    vN Entropy at center bond b=80 = 0.679908894855
    Eigs at center bond b=80: 0.8151 0.1285 0.0266 0.0123 0.0064 0.0050 0.0025 0.0016 
    Largest link dim during sweep 150/1000 was 31
    Largest truncation error: 8.384270531183637e-07
    Energy after sweep 150/1000 is -60.113017184871
    Sweep 150/1000 CPU time = 4.530s (Wall time = 4.540s)
    Energy change:-1.927464140294433e-06

    vN Entropy at center bond b=80 = 0.679035295072
    Eigs at center bond b=80: 0.8159 0.1274 0.0270 0.0123 0.0064 0.0050 0.0025 0.0016 
    Largest link dim during sweep 151/1000 was 31
    Largest truncation error: 8.695610470847606e-07
    Energy after sweep 151/1000 is -60.113016711656
    Sweep 151/1000 CPU time = 4.530s (Wall time = 4.542s)
    Energy change:4.732146550168181e-07

    vN Entropy at center bond b=80 = 0.678269227823
    Eigs at center bond b=80: 0.8166 0.1264 0.0273 0.0123 0.0064 0.0050 0.0025 0.0016 
    Largest link dim during sweep 152/1000 was 31
    Largest truncation error: 8.647502795582425e-07
    Energy after sweep 152/1000 is -60.113017392912
    Sweep 152/1000 CPU time = 4.526s (Wall time = 4.540s)
    Energy change:-6.812559405489083e-07

    vN Entropy at center bond b=80 = 0.677556785884
    Eigs at center bond b=80: 0.8172 0.1255 0.0276 0.0123 0.0064 0.0049 0.0026 0.0016 
    Largest link dim during sweep 153/1000 was 31
    Largest truncation error: 8.627359503253846e-07
    Energy after sweep 153/1000 is -60.113016633412
    Sweep 153/1000 CPU time = 4.524s (Wall time = 4.538s)
    Energy change:7.595001036975191e-07

    vN Entropy at center bond b=80 = 0.676678560036
    Eigs at center bond b=80: 0.8179 0.1246 0.0279 0.0124 0.0063 0.0049 0.0026 0.0016 
    Largest link dim during sweep 154/1000 was 31
    Largest truncation error: 8.612972814149962e-07
    Energy after sweep 154/1000 is -60.113017989392
    Sweep 154/1000 CPU time = 4.516s (Wall time = 4.531s)
    Energy change:-1.355979975414812e-06

    vN Entropy at center bond b=80 = 0.675858192562
    Eigs at center bond b=80: 0.8185 0.1237 0.0281 0.0124 0.0063 0.0049 0.0026 0.0017 
    Largest link dim during sweep 155/1000 was 31
    Largest truncation error: 8.601300841670102e-07
    Energy after sweep 155/1000 is -60.113021970587
    Sweep 155/1000 CPU time = 4.513s (Wall time = 4.527s)
    Energy change:-3.981195298763396e-06

    vN Entropy at center bond b=80 = 0.675088011055
    Eigs at center bond b=80: 0.8191 0.1229 0.0284 0.0124 0.0063 0.0049 0.0026 0.0017 
    Largest link dim during sweep 156/1000 was 31
    Largest truncation error: 8.591420380683758e-07
    Energy after sweep 156/1000 is -60.113025056376
    Sweep 156/1000 CPU time = 4.521s (Wall time = 4.537s)
    Energy change:-3.085789003876016e-06

    vN Entropy at center bond b=80 = 0.674393828519
    Eigs at center bond b=80: 0.8196 0.1221 0.0286 0.0124 0.0063 0.0049 0.0026 0.0017 
    Largest link dim during sweep 157/1000 was 31
    Largest truncation error: 8.575162980268757e-07
    Energy after sweep 157/1000 is -60.113031167205
    Sweep 157/1000 CPU time = 4.531s (Wall time = 4.543s)
    Energy change:-6.110828671523905e-06

    vN Entropy at center bond b=80 = 0.673814271025
    Eigs at center bond b=80: 0.8201 0.1215 0.0288 0.0124 0.0062 0.0048 0.0026 0.0017 
    Largest link dim during sweep 158/1000 was 31
    Largest truncation error: 8.562999145808382e-07
    Energy after sweep 158/1000 is -60.113026988859
    Sweep 158/1000 CPU time = 4.530s (Wall time = 4.542s)
    Energy change:4.178346024730217e-06

    vN Entropy at center bond b=80 = 0.674061074561
    Eigs at center bond b=80: 0.8203 0.1208 0.0292 0.0125 0.0062 0.0048 0.0027 0.0017 
    Largest link dim during sweep 159/1000 was 31
    Largest truncation error: 8.553218427460712e-07
    Energy after sweep 159/1000 is -60.113043245516
    Sweep 159/1000 CPU time = 4.524s (Wall time = 4.536s)
    Energy change:-1.625665756677108e-05

    vN Entropy at center bond b=80 = 0.674971610408
    Eigs at center bond b=80: 0.8203 0.1202 0.0297 0.0126 0.0062 0.0048 0.0027 0.0017 
    Largest link dim during sweep 160/1000 was 31
    Largest truncation error: 8.544765863970844e-07
    Energy after sweep 160/1000 is -60.113052664081
    Sweep 160/1000 CPU time = 4.538s (Wall time = 4.552s)
    Energy change:-9.418564857810452e-06

    vN Entropy at center bond b=80 = 0.675994514119
    Eigs at center bond b=80: 0.8203 0.1196 0.0302 0.0127 0.0062 0.0048 0.0027 0.0017 
    Largest link dim during sweep 161/1000 was 31
    Largest truncation error: 8.537337107308773e-07
    Energy after sweep 161/1000 is -60.113058960850
    Sweep 161/1000 CPU time = 4.536s (Wall time = 4.553s)
    Energy change:-6.296768454205903e-06

    vN Entropy at center bond b=80 = 0.676875105307
    Eigs at center bond b=80: 0.8203 0.1190 0.0306 0.0128 0.0062 0.0048 0.0027 0.0018 
    Largest link dim during sweep 162/1000 was 31
    Largest truncation error: 8.53089146432046e-07
    Energy after sweep 162/1000 is -60.113062901515
    Sweep 162/1000 CPU time = 4.537s (Wall time = 4.552s)
    Energy change:-3.940665244783759e-06

    vN Entropy at center bond b=80 = 0.677767808262
    Eigs at center bond b=80: 0.8203 0.1185 0.0311 0.0129 0.0062 0.0047 0.0027 0.0018 
    Largest link dim during sweep 163/1000 was 31
    Largest truncation error: 8.525165392781169e-07
    Energy after sweep 163/1000 is -60.113073510014
    Sweep 163/1000 CPU time = 4.549s (Wall time = 4.564s)
    Energy change:-1.060849896816762e-05

    vN Entropy at center bond b=80 = 0.678567581238
    Eigs at center bond b=80: 0.8203 0.1180 0.0316 0.0130 0.0061 0.0047 0.0027 0.0018 
    Largest link dim during sweep 164/1000 was 31
    Largest truncation error: 8.519139554789446e-07
    Energy after sweep 164/1000 is -60.113072651310
    Sweep 164/1000 CPU time = 4.551s (Wall time = 4.566s)
    Energy change:8.587039204144276e-07

    vN Entropy at center bond b=80 = 0.679202040578
    Eigs at center bond b=80: 0.8203 0.1175 0.0320 0.0130 0.0061 0.0047 0.0028 0.0018 
    Largest link dim during sweep 165/1000 was 31
    Largest truncation error: 8.513535364928492e-07
    Energy after sweep 165/1000 is -60.113075946592
    Sweep 165/1000 CPU time = 4.552s (Wall time = 4.563s)
    Energy change:-3.295281537418759e-06

    vN Entropy at center bond b=80 = 0.679669217062
    Eigs at center bond b=80: 0.8203 0.1170 0.0323 0.0131 0.0061 0.0047 0.0028 0.0018 
    Largest link dim during sweep 166/1000 was 31
    Largest truncation error: 8.508295248989011e-07
    Energy after sweep 166/1000 is -60.113077033115
    Sweep 166/1000 CPU time = 4.547s (Wall time = 4.566s)
    Energy change:-1.08652340458093e-06

    vN Entropy at center bond b=80 = 0.679992641207
    Eigs at center bond b=80: 0.8204 0.1166 0.0326 0.0131 0.0061 0.0047 0.0028 0.0018 
    Largest link dim during sweep 167/1000 was 31
    Largest truncation error: 8.503486223255199e-07
    Energy after sweep 167/1000 is -60.113077591103
    Sweep 167/1000 CPU time = 4.550s (Wall time = 4.563s)
    Energy change:-5.579877040418069e-07

    vN Entropy at center bond b=80 = 0.680223916217
    Eigs at center bond b=80: 0.8205 0.1162 0.0329 0.0131 0.0061 0.0047 0.0028 0.0018 
    Largest link dim during sweep 168/1000 was 31
    Largest truncation error: 8.498877366270926e-07
    Energy after sweep 168/1000 is -60.113082639474
    Sweep 168/1000 CPU time = 4.553s (Wall time = 4.566s)
    Energy change:-5.048371498617144e-06

    vN Entropy at center bond b=80 = 0.680479344069
    Eigs at center bond b=80: 0.8206 0.1158 0.0332 0.0132 0.0061 0.0047 0.0028 0.0018 
    Largest link dim during sweep 169/1000 was 31
    Largest truncation error: 8.494131885491599e-07
    Energy after sweep 169/1000 is -60.113088431129
    Sweep 169/1000 CPU time = 4.553s (Wall time = 4.566s)
    Energy change:-5.791654871245555e-06

    vN Entropy at center bond b=80 = 0.680657442636
    Eigs at center bond b=80: 0.8207 0.1155 0.0334 0.0132 0.0060 0.0047 0.0028 0.0019 
    Largest link dim during sweep 170/1000 was 31
    Largest truncation error: 8.489719549025119e-07
    Energy after sweep 170/1000 is -60.113082778989
    Sweep 170/1000 CPU time = 4.551s (Wall time = 4.566s)
    Energy change:5.652139790868205e-06

    vN Entropy at center bond b=80 = 0.680757272983
    Eigs at center bond b=80: 0.8208 0.1152 0.0336 0.0132 0.0060 0.0046 0.0028 0.0019 
    Largest link dim during sweep 171/1000 was 31
    Largest truncation error: 8.485628219530913e-07
    Energy after sweep 171/1000 is -60.113084736510
    Sweep 171/1000 CPU time = 4.549s (Wall time = 4.566s)
    Energy change:-1.957520268547341e-06

    vN Entropy at center bond b=80 = 0.680777569644
    Eigs at center bond b=80: 0.8209 0.1149 0.0338 0.0133 0.0060 0.0046 0.0028 0.0019 
    Largest link dim during sweep 172/1000 was 31
    Largest truncation error: 8.481836358433392e-07
    Energy after sweep 172/1000 is -60.113083976615
    Sweep 172/1000 CPU time = 4.550s (Wall time = 4.565s)
    Energy change:7.598944549158659e-07

    vN Entropy at center bond b=80 = 0.680756563201
    Eigs at center bond b=80: 0.8210 0.1146 0.0339 0.0133 0.0060 0.0046 0.0029 0.0019 
    Largest link dim during sweep 173/1000 was 31
    Largest truncation error: 8.478077158543245e-07
    Energy after sweep 173/1000 is -60.113087672770
    Sweep 173/1000 CPU time = 4.554s (Wall time = 4.566s)
    Energy change:-3.696155268073653e-06

    vN Entropy at center bond b=80 = 0.680720624560
    Eigs at center bond b=80: 0.8212 0.1143 0.0341 0.0133 0.0060 0.0046 0.0029 0.0019 
    Largest link dim during sweep 174/1000 was 31
    Largest truncation error: 8.4740559837566e-07
    Energy after sweep 174/1000 is -60.113086900006
    Sweep 174/1000 CPU time = 4.553s (Wall time = 4.565s)
    Energy change:7.727643733801415e-07

    vN Entropy at center bond b=80 = 0.680640507664
    Eigs at center bond b=80: 0.8213 0.1140 0.0342 0.0133 0.0060 0.0046 0.0029 0.0019 
    Largest link dim during sweep 175/1000 was 31
    Largest truncation error: 8.469673556617021e-07
    Energy after sweep 175/1000 is -60.113091417370
    Sweep 175/1000 CPU time = 4.549s (Wall time = 4.564s)
    Energy change:-4.517364160960824e-06

    vN Entropy at center bond b=80 = 0.680543140548
    Eigs at center bond b=80: 0.8214 0.1137 0.0343 0.0133 0.0060 0.0046 0.0029 0.0019 
    Largest link dim during sweep 176/1000 was 31
    Largest truncation error: 8.46544905258571e-07
    Energy after sweep 176/1000 is -60.113090338965
    Sweep 176/1000 CPU time = 4.550s (Wall time = 4.564s)
    Energy change:1.078405048815512e-06

    vN Entropy at center bond b=80 = 0.680429926663
    Eigs at center bond b=80: 0.8216 0.1135 0.0344 0.0133 0.0060 0.0046 0.0029 0.0019 
    Largest link dim during sweep 177/1000 was 31
    Largest truncation error: 8.461676340161769e-07
    Energy after sweep 177/1000 is -60.113090403291
    Sweep 177/1000 CPU time = 4.548s (Wall time = 4.560s)
    Energy change:-6.432584598314861e-08

    vN Entropy at center bond b=80 = 0.680324618367
    Eigs at center bond b=80: 0.8217 0.1133 0.0345 0.0133 0.0060 0.0046 0.0029 0.0019 
    Largest link dim during sweep 178/1000 was 31
    Largest truncation error: 8.458172865251697e-07
    Energy after sweep 178/1000 is -60.113090591402
    Sweep 178/1000 CPU time = 4.547s (Wall time = 4.563s)
    Energy change:-1.881107039025665e-07

    vN Entropy at center bond b=80 = 0.680220909223
    Eigs at center bond b=80: 0.8218 0.1131 0.0346 0.0133 0.0060 0.0046 0.0029 0.0019 
    Largest link dim during sweep 179/1000 was 31
    Largest truncation error: 8.45503373542367e-07
    Energy after sweep 179/1000 is -60.113096625072
    Sweep 179/1000 CPU time = 4.547s (Wall time = 4.562s)
    Energy change:-6.033670381100364e-06

    vN Entropy at center bond b=80 = 0.680117758146
    Eigs at center bond b=80: 0.8219 0.1129 0.0347 0.0133 0.0060 0.0046 0.0029 0.0019 
    Largest link dim during sweep 180/1000 was 31
    Largest truncation error: 8.452189305696732e-07
    Energy after sweep 180/1000 is -60.113096722943
    Sweep 180/1000 CPU time = 4.553s (Wall time = 4.566s)
    Energy change:-9.787087407175932e-08

    vN Entropy at center bond b=80 = 0.680023199390
    Eigs at center bond b=80: 0.8220 0.1127 0.0348 0.0133 0.0060 0.0046 0.0029 0.0019 
    Largest link dim during sweep 181/1000 was 31
    Largest truncation error: 8.449631969131381e-07
    Energy after sweep 181/1000 is -60.113096781056
    Sweep 181/1000 CPU time = 4.547s (Wall time = 4.563s)
    Energy change:-5.811326531102168e-08

    vN Entropy at center bond b=80 = 0.679934148588
    Eigs at center bond b=80: 0.8221 0.1126 0.0349 0.0134 0.0060 0.0046 0.0029 0.0019 
    Largest link dim during sweep 182/1000 was 31
    Largest truncation error: 8.447332892026248e-07
    Energy after sweep 182/1000 is -60.113099857045
    Sweep 182/1000 CPU time = 4.549s (Wall time = 4.564s)
    Energy change:-3.075988388445694e-06

    vN Entropy at center bond b=80 = 0.679849287836
    Eigs at center bond b=80: 0.8222 0.1124 0.0349 0.0134 0.0059 0.0046 0.0029 0.0019 
    Largest link dim during sweep 183/1000 was 31
    Largest truncation error: 8.445268825641361e-07
    Energy after sweep 183/1000 is -60.113099996625
    Sweep 183/1000 CPU time = 4.557s (Wall time = 4.570s)
    Energy change:-1.395804289927582e-07

    vN Entropy at center bond b=80 = 0.679774513607
    Eigs at center bond b=80: 0.8222 0.1123 0.0350 0.0134 0.0059 0.0046 0.0029 0.0019 
    Largest link dim during sweep 184/1000 was 31
    Largest truncation error: 8.443419359603864e-07
    Energy after sweep 184/1000 is -60.113100344700
    Sweep 184/1000 CPU time = 4.550s (Wall time = 4.567s)
    Energy change:-3.48074955525135e-07

    vN Entropy at center bond b=80 = 0.679706226100
    Eigs at center bond b=80: 0.8223 0.1122 0.0350 0.0134 0.0059 0.0046 0.0029 0.0019 
    Largest link dim during sweep 185/1000 was 31
    Largest truncation error: 8.442281710356824e-07
    Energy after sweep 185/1000 is -60.113098609103
    Sweep 185/1000 CPU time = 4.559s (Wall time = 4.570s)
    Energy change:1.735597052743287e-06

    vN Entropy at center bond b=80 = 0.679644198181
    Eigs at center bond b=80: 0.8224 0.1120 0.0351 0.0134 0.0059 0.0045 0.0029 0.0019 
    Largest link dim during sweep 186/1000 was 31
    Largest truncation error: 8.440465883007789e-07
    Energy after sweep 186/1000 is -60.113097753157
    Sweep 186/1000 CPU time = 4.556s (Wall time = 4.568s)
    Energy change:8.559454300893776e-07

    vN Entropy at center bond b=80 = 0.679588042342
    Eigs at center bond b=80: 0.8224 0.1119 0.0351 0.0134 0.0059 0.0045 0.0029 0.0019 
    Largest link dim during sweep 187/1000 was 31
    Largest truncation error: 8.439402084469054e-07
    Energy after sweep 187/1000 is -60.113097906095
    Sweep 187/1000 CPU time = 4.558s (Wall time = 4.570s)
    Energy change:-1.529373108155596e-07

    vN Entropy at center bond b=80 = 0.679536596239
    Eigs at center bond b=80: 0.8225 0.1119 0.0352 0.0134 0.0059 0.0045 0.0029 0.0019 
    Largest link dim during sweep 188/1000 was 31
    Largest truncation error: 8.437958774849923e-07
    Energy after sweep 188/1000 is -60.113097933254
    Sweep 188/1000 CPU time = 4.555s (Wall time = 4.569s)
    Energy change:-2.715869840130836e-08

    vN Entropy at center bond b=80 = 0.679488040387
    Eigs at center bond b=80: 0.8225 0.1118 0.0352 0.0134 0.0059 0.0045 0.0029 0.0019 
    Largest link dim during sweep 189/1000 was 31
    Largest truncation error: 8.436707738938511e-07
    Energy after sweep 189/1000 is -60.113097887269
    Sweep 189/1000 CPU time = 4.552s (Wall time = 4.567s)
    Energy change:4.598469871552879e-08

    vN Entropy at center bond b=80 = 0.679441723556
    Eigs at center bond b=80: 0.8226 0.1117 0.0352 0.0134 0.0059 0.0045 0.0029 0.0019 
    Largest link dim during sweep 190/1000 was 31
    Largest truncation error: 8.435594840218821e-07
    Energy after sweep 190/1000 is -60.113098526849
    Sweep 190/1000 CPU time = 4.556s (Wall time = 4.570s)
    Energy change:-6.395797313984986e-07

    vN Entropy at center bond b=80 = 0.679400017921
    Eigs at center bond b=80: 0.8226 0.1116 0.0353 0.0134 0.0059 0.0045 0.0029 0.0019 
    Largest link dim during sweep 191/1000 was 31
    Largest truncation error: 8.43459654362984e-07
    Energy after sweep 191/1000 is -60.113098573609
    Sweep 191/1000 CPU time = 4.553s (Wall time = 4.569s)
    Energy change:-4.676093112720991e-08

    vN Entropy at center bond b=80 = 0.679362199698
    Eigs at center bond b=80: 0.8226 0.1116 0.0353 0.0134 0.0059 0.0045 0.0029 0.0019 
    Largest link dim during sweep 192/1000 was 31
    Largest truncation error: 8.433696471416328e-07
    Energy after sweep 192/1000 is -60.113098587857
    Sweep 192/1000 CPU time = 4.548s (Wall time = 4.563s)
    Energy change:-1.42470710784437e-08

    vN Entropy at center bond b=80 = 0.679327878299
    Eigs at center bond b=80: 0.8227 0.1115 0.0353 0.0134 0.0059 0.0045 0.0029 0.0019 
    Largest link dim during sweep 193/1000 was 31
    Largest truncation error: 8.432882931676151e-07
    Energy after sweep 193/1000 is -60.113098593233
    Sweep 193/1000 CPU time = 4.552s (Wall time = 4.566s)
    Energy change:-5.376804779189115e-09

    Energy has converged -> stop the DMRG.
Final energy=-60.11309859323335
Time=823 sec
Nup =10 Ndown = 10L = 80 W = 2
