1_Dn 3_Up 5_Dn 7_Up 9_Dn 11_Up 13_Dn 15_Up 17_Dn 19_Up 2_Up 4_Dn 6_Up 8_Dn 10_Up 12_Dn 14_Up 16_Dn 18_Up 20_Dn Initial energy=0
    vN Entropy at center bond b=80 = -0.000000000000
    Eigs at center bond b=80: 1.0000 
    Largest link dim during sweep 1/1000 was 10
    Largest truncation error: 0.001903858177907898
    Energy after sweep 1/1000 is -54.710229735583
    Sweep 1/1000 CPU time = 0.177s (Wall time = 0.181s)
    Energy change:-54.71022973558269

    vN Entropy at center bond b=80 = -0.000000000000
    Eigs at center bond b=80: 1.0000 
    Largest link dim during sweep 2/1000 was 15
    Largest truncation error: 0.0009541429462770467
    Energy after sweep 2/1000 is -55.953886313617
    Sweep 2/1000 CPU time = 0.429s (Wall time = 0.431s)
    Energy change:-1.243656578033843

    vN Entropy at center bond b=80 = -0.000000000000
    Eigs at center bond b=80: 1.0000 
    Largest link dim during sweep 3/1000 was 16
    Largest truncation error: 0.0009730963138279528
    Energy after sweep 3/1000 is -56.103377302504
    Sweep 3/1000 CPU time = 0.516s (Wall time = 0.520s)
    Energy change:-0.1494909888870737

    vN Entropy at center bond b=80 = -0.000000000000
    Eigs at center bond b=80: 1.0000 
    Largest link dim during sweep 4/1000 was 14
    Largest truncation error: 0.0008958134069681291
    Energy after sweep 4/1000 is -56.183526506324
    Sweep 4/1000 CPU time = 0.531s (Wall time = 0.536s)
    Energy change:-0.08014920382006352

    vN Entropy at center bond b=80 = -0.000000000000
    Eigs at center bond b=80: 1.0000 
    Largest link dim during sweep 5/1000 was 14
    Largest truncation error: 0.0008853996881746281
    Energy after sweep 5/1000 is -56.256638875762
    Sweep 5/1000 CPU time = 0.525s (Wall time = 0.529s)
    Energy change:-0.07311236943789368

    vN Entropy at center bond b=80 = -0.000000000000
    Eigs at center bond b=80: 1.0000 
    Largest link dim during sweep 6/1000 was 14
    Largest truncation error: 0.0008841564378143564
    Energy after sweep 6/1000 is -56.339262948840
    Sweep 6/1000 CPU time = 0.532s (Wall time = 0.534s)
    Energy change:-0.08262407307832831

    vN Entropy at center bond b=80 = -0.000000000000
    Eigs at center bond b=80: 1.0000 
    Largest link dim during sweep 7/1000 was 14
    Largest truncation error: 0.0008252000178425702
    Energy after sweep 7/1000 is -56.402530684078
    Sweep 7/1000 CPU time = 0.534s (Wall time = 0.538s)
    Energy change:-0.06326773523794316

    vN Entropy at center bond b=80 = -0.000000000000
    Eigs at center bond b=80: 1.0000 
    Largest link dim during sweep 8/1000 was 14
    Largest truncation error: 0.0008859710987755427
    Energy after sweep 8/1000 is -56.431863946231
    Sweep 8/1000 CPU time = 0.532s (Wall time = 0.535s)
    Energy change:-0.02933326215266874

    vN Entropy at center bond b=80 = -0.000000000000
    Eigs at center bond b=80: 1.0000 
    Largest link dim during sweep 9/1000 was 14
    Largest truncation error: 0.0008754627356545998
    Energy after sweep 9/1000 is -56.458564859879
    Sweep 9/1000 CPU time = 0.536s (Wall time = 0.538s)
    Energy change:-0.02670091364829119

    vN Entropy at center bond b=80 = -0.000000000000
    Eigs at center bond b=80: 1.0000 
    Largest link dim during sweep 10/1000 was 14
    Largest truncation error: 0.0008253291750701094
    Energy after sweep 10/1000 is -56.478740152178
    Sweep 10/1000 CPU time = 0.528s (Wall time = 0.533s)
    Energy change:-0.02017529229917159

    vN Entropy at center bond b=80 = -0.000000000000
    Eigs at center bond b=80: 1.0000 
    Largest link dim during sweep 11/1000 was 14
    Largest truncation error: 0.0009518778669241737
    Energy after sweep 11/1000 is -56.497154436297
    Sweep 11/1000 CPU time = 0.528s (Wall time = 0.536s)
    Energy change:-0.01841428411889012

    vN Entropy at center bond b=80 = -0.000000000000
    Eigs at center bond b=80: 1.0000 
    Largest link dim during sweep 12/1000 was 14
    Largest truncation error: 0.000910393062770804
    Energy after sweep 12/1000 is -56.503943084205
    Sweep 12/1000 CPU time = 0.537s (Wall time = 0.541s)
    Energy change:-0.006788647908180678

    vN Entropy at center bond b=80 = -0.000000000000
    Eigs at center bond b=80: 1.0000 
    Largest link dim during sweep 13/1000 was 14
    Largest truncation error: 0.000972221983033357
    Energy after sweep 13/1000 is -56.517518936914
    Sweep 13/1000 CPU time = 0.538s (Wall time = 0.540s)
    Energy change:-0.0135758527086054

    vN Entropy at center bond b=80 = -0.000000000000
    Eigs at center bond b=80: 1.0000 
    Largest link dim during sweep 14/1000 was 14
    Largest truncation error: 0.0008483966026646226
    Energy after sweep 14/1000 is -56.582981180274
    Sweep 14/1000 CPU time = 0.551s (Wall time = 0.558s)
    Energy change:-0.06546224336002382

    vN Entropy at center bond b=80 = -0.000000000000
    Eigs at center bond b=80: 1.0000 
    Largest link dim during sweep 15/1000 was 14
    Largest truncation error: 0.0008917408566073928
    Energy after sweep 15/1000 is -56.626733505229
    Sweep 15/1000 CPU time = 0.559s (Wall time = 0.563s)
    Energy change:-0.04375232495554826

    vN Entropy at center bond b=80 = -0.000000000000
    Eigs at center bond b=80: 1.0000 
    Largest link dim during sweep 16/1000 was 14
    Largest truncation error: 0.0009482383248877569
    Energy after sweep 16/1000 is -56.637037803256
    Sweep 16/1000 CPU time = 0.553s (Wall time = 0.556s)
    Energy change:-0.01030429802711552

    vN Entropy at center bond b=80 = -0.000000000000
    Eigs at center bond b=80: 1.0000 
    Largest link dim during sweep 17/1000 was 14
    Largest truncation error: 0.000877401324424199
    Energy after sweep 17/1000 is -56.661223939953
    Sweep 17/1000 CPU time = 0.553s (Wall time = 0.555s)
    Energy change:-0.02418613669644998

    vN Entropy at center bond b=80 = -0.000000000000
    Eigs at center bond b=80: 1.0000 
    Largest link dim during sweep 18/1000 was 14
    Largest truncation error: 0.0008743899980983612
    Energy after sweep 18/1000 is -56.699489244653
    Sweep 18/1000 CPU time = 0.567s (Wall time = 0.568s)
    Energy change:-0.03826530469995504

    vN Entropy at center bond b=80 = -0.000000000000
    Eigs at center bond b=80: 1.0000 
    Largest link dim during sweep 19/1000 was 14
    Largest truncation error: 0.0009142916042583322
    Energy after sweep 19/1000 is -56.710827552286
    Sweep 19/1000 CPU time = 0.560s (Wall time = 0.573s)
    Energy change:-0.01133830763333066

    vN Entropy at center bond b=80 = -0.000000000000
    Eigs at center bond b=80: 1.0000 
    Largest link dim during sweep 20/1000 was 14
    Largest truncation error: 0.0008710320332414118
    Energy after sweep 20/1000 is -56.721782158312
    Sweep 20/1000 CPU time = 0.567s (Wall time = 0.573s)
    Energy change:-0.01095460602612519

    vN Entropy at center bond b=80 = -0.000000000000
    Eigs at center bond b=80: 1.0000 
    Largest link dim during sweep 21/1000 was 14
    Largest truncation error: 0.0008265434228422511
    Energy after sweep 21/1000 is -56.727096401414
    Sweep 21/1000 CPU time = 0.558s (Wall time = 0.568s)
    Energy change:-0.005314243102084504

    vN Entropy at center bond b=80 = -0.000000000000
    Eigs at center bond b=80: 1.0000 
    Largest link dim during sweep 22/1000 was 14
    Largest truncation error: 0.0008944377491953276
    Energy after sweep 22/1000 is -56.733951861044
    Sweep 22/1000 CPU time = 0.563s (Wall time = 0.572s)
    Energy change:-0.006855459629292682

    vN Entropy at center bond b=80 = -0.000000000000
    Eigs at center bond b=80: 1.0000 
    Largest link dim during sweep 23/1000 was 14
    Largest truncation error: 0.0008661343338244077
    Energy after sweep 23/1000 is -56.742943694184
    Sweep 23/1000 CPU time = 0.573s (Wall time = 0.581s)
    Energy change:-0.00899183314044194

    vN Entropy at center bond b=80 = -0.000000000000
    Eigs at center bond b=80: 1.0000 
    Largest link dim during sweep 24/1000 was 14
    Largest truncation error: 0.0009204880524771754
    Energy after sweep 24/1000 is -56.745452045004
    Sweep 24/1000 CPU time = 0.571s (Wall time = 0.581s)
    Energy change:-0.002508350820313865

    vN Entropy at center bond b=80 = -0.000000000000
    Eigs at center bond b=80: 1.0000 
    Largest link dim during sweep 25/1000 was 14
    Largest truncation error: 0.0009665320064954106
    Energy after sweep 25/1000 is -56.754189940635
    Sweep 25/1000 CPU time = 0.574s (Wall time = 0.579s)
    Energy change:-0.008737895630780201

    vN Entropy at center bond b=80 = -0.000000000000
    Eigs at center bond b=80: 1.0000 
    Largest link dim during sweep 26/1000 was 14
    Largest truncation error: 0.0009213809929528267
    Energy after sweep 26/1000 is -56.769276948798
    Sweep 26/1000 CPU time = 0.583s (Wall time = 0.586s)
    Energy change:-0.01508700816317088

    vN Entropy at center bond b=80 = -0.000000000000
    Eigs at center bond b=80: 1.0000 
    Largest link dim during sweep 27/1000 was 14
    Largest truncation error: 0.0009483081733240566
    Energy after sweep 27/1000 is -56.786036291969
    Sweep 27/1000 CPU time = 0.583s (Wall time = 0.587s)
    Energy change:-0.01675934317084682

    vN Entropy at center bond b=80 = -0.000000000000
    Eigs at center bond b=80: 1.0000 
    Largest link dim during sweep 28/1000 was 14
    Largest truncation error: 0.0009935828700157073
    Energy after sweep 28/1000 is -56.800906749388
    Sweep 28/1000 CPU time = 0.595s (Wall time = 0.601s)
    Energy change:-0.01487045741926352

    vN Entropy at center bond b=80 = -0.000000000000
    Eigs at center bond b=80: 1.0000 
    Largest link dim during sweep 29/1000 was 14
    Largest truncation error: 0.0008939882540389052
    Energy after sweep 29/1000 is -56.863981193908
    Sweep 29/1000 CPU time = 0.597s (Wall time = 0.600s)
    Energy change:-0.06307444452003352

    vN Entropy at center bond b=80 = -0.000000000000
    Eigs at center bond b=80: 1.0000 
    Largest link dim during sweep 30/1000 was 14
    Largest truncation error: 0.0008418148508003352
    Energy after sweep 30/1000 is -56.888788122827
    Sweep 30/1000 CPU time = 0.598s (Wall time = 0.601s)
    Energy change:-0.02480692891896297

    vN Entropy at center bond b=80 = -0.000000000000
    Eigs at center bond b=80: 1.0000 
    Largest link dim during sweep 31/1000 was 14
    Largest truncation error: 0.000956646336247078
    Energy after sweep 31/1000 is -56.881410858732
    Sweep 31/1000 CPU time = 0.574s (Wall time = 0.577s)
    Energy change:0.007377264095048019

    vN Entropy at center bond b=80 = -0.000000000000
    Eigs at center bond b=80: 1.0000 
    Largest link dim during sweep 32/1000 was 14
    Largest truncation error: 0.0008689747035441476
    Energy after sweep 32/1000 is -56.906669087769
    Sweep 32/1000 CPU time = 0.541s (Wall time = 0.548s)
    Energy change:-0.02525822903666608

    vN Entropy at center bond b=80 = -0.000000000000
    Eigs at center bond b=80: 1.0000 
    Largest link dim during sweep 33/1000 was 14
    Largest truncation error: 0.0008600588620854447
    Energy after sweep 33/1000 is -56.928611740008
    Sweep 33/1000 CPU time = 0.546s (Wall time = 0.551s)
    Energy change:-0.02194265223891279

    vN Entropy at center bond b=80 = -0.000000000000
    Eigs at center bond b=80: 1.0000 
    Largest link dim during sweep 34/1000 was 14
    Largest truncation error: 0.0008770088575993557
    Energy after sweep 34/1000 is -56.935811511031
    Sweep 34/1000 CPU time = 0.547s (Wall time = 0.551s)
    Energy change:-0.007199771023287838

    vN Entropy at center bond b=80 = -0.000000000000
    Eigs at center bond b=80: 1.0000 
    Largest link dim during sweep 35/1000 was 14
    Largest truncation error: 0.0008716311583044895
    Energy after sweep 35/1000 is -56.940029194263
    Sweep 35/1000 CPU time = 0.541s (Wall time = 0.547s)
    Energy change:-0.004217683231502178

    vN Entropy at center bond b=80 = -0.000000000000
    Eigs at center bond b=80: 1.0000 
    Largest link dim during sweep 36/1000 was 14
    Largest truncation error: 0.0008772263715291878
    Energy after sweep 36/1000 is -56.939997854538
    Sweep 36/1000 CPU time = 0.539s (Wall time = 0.546s)
    Energy change:3.133972492008752e-05

    vN Entropy at center bond b=80 = -0.000000000000
    Eigs at center bond b=80: 1.0000 
    Largest link dim during sweep 37/1000 was 14
    Largest truncation error: 0.000881626922093392
    Energy after sweep 37/1000 is -56.940312724612
    Sweep 37/1000 CPU time = 0.547s (Wall time = 0.548s)
    Energy change:-0.0003148700745114752

    vN Entropy at center bond b=80 = -0.000000000000
    Eigs at center bond b=80: 1.0000 
    Largest link dim during sweep 38/1000 was 14
    Largest truncation error: 0.0008847615413798084
    Energy after sweep 38/1000 is -56.940428933289
    Sweep 38/1000 CPU time = 0.543s (Wall time = 0.549s)
    Energy change:-0.0001162086770065685

    vN Entropy at center bond b=80 = -0.000000000000
    Eigs at center bond b=80: 1.0000 
    Largest link dim during sweep 39/1000 was 14
    Largest truncation error: 0.0008869004613156257
    Energy after sweep 39/1000 is -56.940474342351
    Sweep 39/1000 CPU time = 0.541s (Wall time = 0.548s)
    Energy change:-4.54090621673231e-05

    vN Entropy at center bond b=80 = -0.000000000000
    Eigs at center bond b=80: 1.0000 
    Largest link dim during sweep 40/1000 was 14
    Largest truncation error: 0.0008883392122253882
    Energy after sweep 40/1000 is -56.937091385179
    Sweep 40/1000 CPU time = 0.539s (Wall time = 0.546s)
    Energy change:0.003382957172341605

    vN Entropy at center bond b=80 = -0.000000000000
    Eigs at center bond b=80: 1.0000 
    Largest link dim during sweep 41/1000 was 14
    Largest truncation error: 0.000889302353077021
    Energy after sweep 41/1000 is -56.942446883715
    Sweep 41/1000 CPU time = 0.539s (Wall time = 0.546s)
    Energy change:-0.005355498535394076

    vN Entropy at center bond b=80 = -0.000000000000
    Eigs at center bond b=80: 1.0000 
    Largest link dim during sweep 42/1000 was 14
    Largest truncation error: 0.0008899665742363608
    Energy after sweep 42/1000 is -56.944010322228
    Sweep 42/1000 CPU time = 0.543s (Wall time = 0.547s)
    Energy change:-0.001563438513613846

    vN Entropy at center bond b=80 = -0.000000000000
    Eigs at center bond b=80: 1.0000 
    Largest link dim during sweep 43/1000 was 14
    Largest truncation error: 0.0008904616347340393
    Energy after sweep 43/1000 is -56.944313934579
    Sweep 43/1000 CPU time = 0.543s (Wall time = 0.548s)
    Energy change:-0.000303612350990079

    vN Entropy at center bond b=80 = -0.000000000000
    Eigs at center bond b=80: 1.0000 
    Largest link dim during sweep 44/1000 was 14
    Largest truncation error: 0.0008939854407055169
    Energy after sweep 44/1000 is -56.944440405284
    Sweep 44/1000 CPU time = 0.542s (Wall time = 0.547s)
    Energy change:-0.0001264707045578461

    vN Entropy at center bond b=80 = -0.000000000000
    Eigs at center bond b=80: 1.0000 
    Largest link dim during sweep 45/1000 was 14
    Largest truncation error: 0.0009055062522638982
    Energy after sweep 45/1000 is -56.944498702247
    Sweep 45/1000 CPU time = 0.542s (Wall time = 0.547s)
    Energy change:-5.829696361558945e-05

    vN Entropy at center bond b=80 = -0.000000000000
    Eigs at center bond b=80: 1.0000 
    Largest link dim during sweep 46/1000 was 14
    Largest truncation error: 0.000914334652494131
    Energy after sweep 46/1000 is -56.944526241466
    Sweep 46/1000 CPU time = 0.540s (Wall time = 0.547s)
    Energy change:-2.75392187916168e-05

    vN Entropy at center bond b=80 = -0.000000000000
    Eigs at center bond b=80: 1.0000 
    Largest link dim during sweep 47/1000 was 14
    Largest truncation error: 0.0009211175440601852
    Energy after sweep 47/1000 is -56.944538974101
    Sweep 47/1000 CPU time = 0.545s (Wall time = 0.547s)
    Energy change:-1.273263482914899e-05

    vN Entropy at center bond b=80 = -0.000000000000
    Eigs at center bond b=80: 1.0000 
    Largest link dim during sweep 48/1000 was 14
    Largest truncation error: 0.0009263338425902676
    Energy after sweep 48/1000 is -56.944544427244
    Sweep 48/1000 CPU time = 0.543s (Wall time = 0.547s)
    Energy change:-5.453142755129647e-06

    vN Entropy at center bond b=80 = -0.000000000000
    Eigs at center bond b=80: 1.0000 
    Largest link dim during sweep 49/1000 was 14
    Largest truncation error: 0.0009303464285309545
    Energy after sweep 49/1000 is -56.944546323799
    Sweep 49/1000 CPU time = 0.540s (Wall time = 0.548s)
    Energy change:-1.896555787084253e-06

    vN Entropy at center bond b=80 = -0.000000000000
    Eigs at center bond b=80: 1.0000 
    Largest link dim during sweep 50/1000 was 14
    Largest truncation error: 0.0009334330170330474
    Energy after sweep 50/1000 is -56.944546542155
    Sweep 50/1000 CPU time = 0.544s (Wall time = 0.547s)
    Energy change:-2.183557157309224e-07

    vN Entropy at center bond b=80 = -0.000000000000
    Eigs at center bond b=80: 1.0000 
    Largest link dim during sweep 51/1000 was 14
    Largest truncation error: 0.0009358070135912068
    Energy after sweep 51/1000 is -56.944546031962
    Sweep 51/1000 CPU time = 0.542s (Wall time = 0.547s)
    Energy change:5.101927627038094e-07

    vN Entropy at center bond b=80 = -0.000000000000
    Eigs at center bond b=80: 1.0000 
    Largest link dim during sweep 52/1000 was 14
    Largest truncation error: 0.0009376326530367878
    Energy after sweep 52/1000 is -56.944545265973
    Sweep 52/1000 CPU time = 0.544s (Wall time = 0.547s)
    Energy change:7.659891636535576e-07

    vN Entropy at center bond b=80 = -0.000000000000
    Eigs at center bond b=80: 1.0000 
    Largest link dim during sweep 53/1000 was 14
    Largest truncation error: 0.0009390363809042056
    Energy after sweep 53/1000 is -56.944544470366
    Sweep 53/1000 CPU time = 0.544s (Wall time = 0.547s)
    Energy change:7.956072920478618e-07

    vN Entropy at center bond b=80 = -0.000000000000
    Eigs at center bond b=80: 1.0000 
    Largest link dim during sweep 54/1000 was 14
    Largest truncation error: 0.000940115545487776
    Energy after sweep 54/1000 is -56.944543744469
    Sweep 54/1000 CPU time = 0.547s (Wall time = 0.548s)
    Energy change:7.258970953216703e-07

    vN Entropy at center bond b=80 = -0.000000000000
    Eigs at center bond b=80: 1.0000 
    Largest link dim during sweep 55/1000 was 14
    Largest truncation error: 0.0009409450794372611
    Energy after sweep 55/1000 is -56.944543123618
    Sweep 55/1000 CPU time = 0.538s (Wall time = 0.547s)
    Energy change:6.208508622762565e-07

    vN Entropy at center bond b=80 = -0.000000000000
    Eigs at center bond b=80: 1.0000 
    Largest link dim during sweep 56/1000 was 14
    Largest truncation error: 0.0009415826480455583
    Energy after sweep 56/1000 is -56.944542612191
    Sweep 56/1000 CPU time = 0.544s (Wall time = 0.547s)
    Energy change:5.114268262218502e-07

    vN Entropy at center bond b=80 = -0.000000000000
    Eigs at center bond b=80: 1.0000 
    Largest link dim during sweep 57/1000 was 14
    Largest truncation error: 0.0009420726184401437
    Energy after sweep 57/1000 is -56.944542200821
    Sweep 57/1000 CPU time = 0.543s (Wall time = 0.547s)
    Energy change:4.113702942731834e-07

    vN Entropy at center bond b=80 = -0.000000000000
    Eigs at center bond b=80: 1.0000 
    Largest link dim during sweep 58/1000 was 14
    Largest truncation error: 0.0009424491193786804
    Energy after sweep 58/1000 is -56.944541875170
    Sweep 58/1000 CPU time = 0.545s (Wall time = 0.547s)
    Energy change:3.256507454807434e-07

    vN Entropy at center bond b=80 = -0.000000000000
    Eigs at center bond b=80: 1.0000 
    Largest link dim during sweep 59/1000 was 14
    Largest truncation error: 0.0009427383992008859
    Energy after sweep 59/1000 is -56.944541620218
    Sweep 59/1000 CPU time = 0.541s (Wall time = 0.546s)
    Energy change:2.549524253936397e-07

    vN Entropy at center bond b=80 = -0.000000000000
    Eigs at center bond b=80: 1.0000 
    Largest link dim during sweep 60/1000 was 14
    Largest truncation error: 0.0009429606422225236
    Energy after sweep 60/1000 is -56.944541422183
    Sweep 60/1000 CPU time = 0.544s (Wall time = 0.546s)
    Energy change:1.980343284913033e-07

    vN Entropy at center bond b=80 = -0.000000000000
    Eigs at center bond b=80: 1.0000 
    Largest link dim during sweep 61/1000 was 14
    Largest truncation error: 0.000943131367458401
    Energy after sweep 61/1000 is -56.944541269234
    Sweep 61/1000 CPU time = 0.544s (Wall time = 0.548s)
    Energy change:1.529490845086912e-07

    vN Entropy at center bond b=80 = -0.000000000000
    Eigs at center bond b=80: 1.0000 
    Largest link dim during sweep 62/1000 was 14
    Largest truncation error: 0.0009432625053878612
    Energy after sweep 62/1000 is -56.944541151597
    Sweep 62/1000 CPU time = 0.545s (Wall time = 0.548s)
    Energy change:1.176368016331253e-07

    vN Entropy at center bond b=80 = -0.000000000000
    Eigs at center bond b=80: 1.0000 
    Largest link dim during sweep 63/1000 was 14
    Largest truncation error: 0.0009433632266475008
    Energy after sweep 63/1000 is -56.944541061396
    Sweep 63/1000 CPU time = 0.542s (Wall time = 0.548s)
    Energy change:9.020109814628086e-08

    vN Entropy at center bond b=80 = -0.000000000000
    Eigs at center bond b=80: 1.0000 
    Largest link dim during sweep 64/1000 was 14
    Largest truncation error: 0.0009434405796674306
    Energy after sweep 64/1000 is -56.944540992387
    Sweep 64/1000 CPU time = 0.543s (Wall time = 0.547s)
    Energy change:6.900931737163774e-08

    vN Entropy at center bond b=80 = -0.000000000000
    Eigs at center bond b=80: 1.0000 
    Largest link dim during sweep 65/1000 was 14
    Largest truncation error: 0.0009434999812027623
    Energy after sweep 65/1000 is -56.944540939677
    Sweep 65/1000 CPU time = 0.544s (Wall time = 0.547s)
    Energy change:5.271023439945566e-08

    vN Entropy at center bond b=80 = -0.000000000000
    Eigs at center bond b=80: 1.0000 
    Largest link dim during sweep 66/1000 was 14
    Largest truncation error: 0.0009435455936370083
    Energy after sweep 66/1000 is -56.944540899464
    Sweep 66/1000 CPU time = 0.542s (Wall time = 0.547s)
    Energy change:4.021288901867592e-08

    vN Entropy at center bond b=80 = -0.000000000000
    Eigs at center bond b=80: 1.0000 
    Largest link dim during sweep 67/1000 was 14
    Largest truncation error: 0.0009435806151486026
    Energy after sweep 67/1000 is -56.944540868810
    Sweep 67/1000 CPU time = 0.543s (Wall time = 0.547s)
    Energy change:3.065380838052079e-08

    vN Entropy at center bond b=80 = -0.000000000000
    Eigs at center bond b=80: 1.0000 
    Largest link dim during sweep 68/1000 was 14
    Largest truncation error: 0.0009436075028348078
    Energy after sweep 68/1000 is -56.944540845457
    Sweep 68/1000 CPU time = 0.542s (Wall time = 0.548s)
    Energy change:2.335313808998762e-08

    vN Entropy at center bond b=80 = -0.000000000000
    Eigs at center bond b=80: 1.0000 
    Largest link dim during sweep 69/1000 was 14
    Largest truncation error: 0.0009436281442602034
    Energy after sweep 69/1000 is -56.944540827672
    Sweep 69/1000 CPU time = 0.541s (Wall time = 0.547s)
    Energy change:1.778494862492153e-08

    vN Entropy at center bond b=80 = -0.000000000000
    Eigs at center bond b=80: 1.0000 
    Largest link dim during sweep 70/1000 was 14
    Largest truncation error: 0.0009436439893434869
    Energy after sweep 70/1000 is -56.944540814130
    Sweep 70/1000 CPU time = 0.539s (Wall time = 0.547s)
    Energy change:1.35416726720905e-08

    vN Entropy at center bond b=80 = -0.000000000000
    Eigs at center bond b=80: 1.0000 
    Largest link dim during sweep 71/1000 was 14
    Largest truncation error: 0.0009436561517284756
    Energy after sweep 71/1000 is -56.944540803821
    Sweep 71/1000 CPU time = 0.541s (Wall time = 0.547s)
    Energy change:1.030974061677625e-08

    vN Entropy at center bond b=80 = -0.000000000000
    Eigs at center bond b=80: 1.0000 
    Largest link dim during sweep 72/1000 was 14
    Largest truncation error: 0.0009436654867045978
    Energy after sweep 72/1000 is -56.944540795971
    Sweep 72/1000 CPU time = 0.544s (Wall time = 0.547s)
    Energy change:7.849173755403172e-09

    Energy has converged -> stop the DMRG.
Final energy=-56.94454079597148
Time=39 sec
Nup =10 Ndown = 10L = 80 W = 2
