1_Dn 3_Up 5_Dn 7_Up 9_Dn 11_Up 13_Dn 15_Up 17_Dn 19_Up 2_Up 4_Dn 6_Up 8_Dn 10_Up 12_Dn 14_Up 16_Dn 18_Up 20_Dn Initial energy=0
    vN Entropy at center bond b=80 = 0.000000776827
    Eigs at center bond b=80: 1.0000 
    Largest link dim during sweep 1/1000 was 10
    Largest truncation error: 0.0009478229993533069
    Energy after sweep 1/1000 is -55.411328428019
    Sweep 1/1000 CPU time = 0.271s (Wall time = 0.276s)
    Energy change:-55.41132842801903

    vN Entropy at center bond b=80 = 0.000000776827
    Eigs at center bond b=80: 1.0000 
    Largest link dim during sweep 2/1000 was 20
    Largest truncation error: 0.0002459550417678784
    Energy after sweep 2/1000 is -56.274742680003
    Sweep 2/1000 CPU time = 0.787s (Wall time = 0.824s)
    Energy change:-0.8634142519834782

    vN Entropy at center bond b=80 = 0.000000776827
    Eigs at center bond b=80: 1.0000 
    Largest link dim during sweep 3/1000 was 50
    Largest truncation error: 1.015715045310932e-05
    Energy after sweep 3/1000 is -56.667091261359
    Sweep 3/1000 CPU time = 1.527s (Wall time = 1.656s)
    Energy change:-0.3923485813561598

    vN Entropy at center bond b=80 = 0.000000776827
    Eigs at center bond b=80: 1.0000 
    Largest link dim during sweep 4/1000 was 100
    Largest truncation error: 3.604969759695075e-06
    Energy after sweep 4/1000 is -56.954169545138
    Sweep 4/1000 CPU time = 2.548s (Wall time = 2.806s)
    Energy change:-0.2870782837792873

    vN Entropy at center bond b=80 = 0.000000776827
    Eigs at center bond b=80: 1.0000 
    Largest link dim during sweep 5/1000 was 200
    Largest truncation error: 2.979158697665714e-07
    Energy after sweep 5/1000 is -57.172127854138
    Sweep 5/1000 CPU time = 4.795s (Wall time = 5.131s)
    Energy change:-0.2179583089997621

    vN Entropy at center bond b=80 = 0.000000776827
    Eigs at center bond b=80: 1.0000 
    Largest link dim during sweep 6/1000 was 331
    Largest truncation error: 9.999999500000023e-09
    Energy after sweep 6/1000 is -57.396360035248
    Sweep 6/1000 CPU time = 7.980s (Wall time = 8.442s)
    Energy change:-0.2242321811099472

    vN Entropy at center bond b=80 = 0.000000776827
    Eigs at center bond b=80: 1.0000 
    Largest link dim during sweep 7/1000 was 347
    Largest truncation error: 9.999999500000023e-09
    Energy after sweep 7/1000 is -57.588360398197
    Sweep 7/1000 CPU time = 9.842s (Wall time = 10.36s)
    Energy change:-0.1920003629494289

    vN Entropy at center bond b=80 = 0.000000776827
    Eigs at center bond b=80: 1.0000 
    Largest link dim during sweep 8/1000 was 368
    Largest truncation error: 9.999999500000023e-09
    Energy after sweep 8/1000 is -57.762307051687
    Sweep 8/1000 CPU time = 10.33s (Wall time = 10.83s)
    Energy change:-0.1739466534903897

    vN Entropy at center bond b=80 = 0.000000776827
    Eigs at center bond b=80: 1.0000 
    Largest link dim during sweep 9/1000 was 384
    Largest truncation error: 9.999999500000023e-09
    Energy after sweep 9/1000 is -57.932034828263
    Sweep 9/1000 CPU time = 10.50s (Wall time = 10.99s)
    Energy change:-0.1697277765754563

    vN Entropy at center bond b=80 = 0.000000776827
    Eigs at center bond b=80: 1.0000 
    Largest link dim during sweep 10/1000 was 387
    Largest truncation error: 9.999999500000023e-09
    Energy after sweep 10/1000 is -58.091618728359
    Sweep 10/1000 CPU time = 10.34s (Wall time = 10.80s)
    Energy change:-0.1595839000962869

    vN Entropy at center bond b=80 = 0.000000776827
    Eigs at center bond b=80: 1.0000 
    Largest link dim during sweep 11/1000 was 376
    Largest truncation error: 9.999999500000023e-09
    Energy after sweep 11/1000 is -58.222747172857
    Sweep 11/1000 CPU time = 9.907s (Wall time = 10.36s)
    Energy change:-0.1311284444979677

    vN Entropy at center bond b=80 = 0.000000776827
    Eigs at center bond b=80: 1.0000 
    Largest link dim during sweep 12/1000 was 362
    Largest truncation error: 9.999999500000023e-09
    Energy after sweep 12/1000 is -58.361273259455
    Sweep 12/1000 CPU time = 9.473s (Wall time = 9.850s)
    Energy change:-0.1385260865977571

    vN Entropy at center bond b=80 = 0.000000872595
    Eigs at center bond b=80: 1.0000 
    Largest link dim during sweep 13/1000 was 353
    Largest truncation error: 9.999999500000023e-09
    Energy after sweep 13/1000 is -58.469802554088
    Sweep 13/1000 CPU time = 9.122s (Wall time = 9.440s)
    Energy change:-0.1085292946331435

    vN Entropy at center bond b=80 = 0.000007550495
    Eigs at center bond b=80: 1.0000 
    Largest link dim during sweep 14/1000 was 334
    Largest truncation error: 9.999999500000023e-09
    Energy after sweep 14/1000 is -58.573215408975
    Sweep 14/1000 CPU time = 8.664s (Wall time = 8.882s)
    Energy change:-0.1034128548872459

    vN Entropy at center bond b=80 = 0.000295248174
    Eigs at center bond b=80: 1.0000 
    Largest link dim during sweep 15/1000 was 315
    Largest truncation error: 9.999999500000023e-09
    Energy after sweep 15/1000 is -58.665554800505
    Sweep 15/1000 CPU time = 8.427s (Wall time = 8.572s)
    Energy change:-0.0923393915298405

    vN Entropy at center bond b=80 = 0.003113208146
    Eigs at center bond b=80: 0.9997 
    Largest link dim during sweep 16/1000 was 310
    Largest truncation error: 9.999999500000023e-09
    Energy after sweep 16/1000 is -58.759001195597
    Sweep 16/1000 CPU time = 8.204s (Wall time = 8.356s)
    Energy change:-0.09344639509228614

    vN Entropy at center bond b=80 = 0.013612478255
    Eigs at center bond b=80: 0.9983 0.0015 
    Largest link dim during sweep 17/1000 was 309
    Largest truncation error: 9.999999500000023e-09
    Energy after sweep 17/1000 is -58.853951633638
    Sweep 17/1000 CPU time = 8.105s (Wall time = 8.223s)
    Energy change:-0.09495043804049885

    vN Entropy at center bond b=80 = 0.041969473107
    Eigs at center bond b=80: 0.9936 0.0057 
    Largest link dim during sweep 18/1000 was 301
    Largest truncation error: 9.999999500000023e-09
    Energy after sweep 18/1000 is -58.934910798853
    Sweep 18/1000 CPU time = 7.918s (Wall time = 7.975s)
    Energy change:-0.08095916521538271

    vN Entropy at center bond b=80 = 0.112524633145
    Eigs at center bond b=80: 0.9785 0.0194 0.0011 
    Largest link dim during sweep 19/1000 was 282
    Largest truncation error: 9.999999500000023e-09
    Energy after sweep 19/1000 is -59.008090459431
    Sweep 19/1000 CPU time = 7.774s (Wall time = 7.814s)
    Energy change:-0.07317966057804881

    vN Entropy at center bond b=80 = 0.209933668866
    Eigs at center bond b=80: 0.9520 0.0442 0.0020 0.0015 
    Largest link dim during sweep 20/1000 was 266
    Largest truncation error: 9.999999500000023e-09
    Energy after sweep 20/1000 is -59.083289491185
    Sweep 20/1000 CPU time = 7.650s (Wall time = 7.670s)
    Energy change:-0.07519903175337816

    vN Entropy at center bond b=80 = 0.338197837811
    Eigs at center bond b=80: 0.9071 0.0867 0.0030 0.0025 
    Largest link dim during sweep 21/1000 was 257
    Largest truncation error: 9.999999500000023e-09
    Energy after sweep 21/1000 is -59.154315932844
    Sweep 21/1000 CPU time = 7.551s (Wall time = 7.569s)
    Energy change:-0.07102644165900784

    vN Entropy at center bond b=80 = 0.473387324978
    Eigs at center bond b=80: 0.8448 0.1467 0.0041 0.0035 
    Largest link dim during sweep 22/1000 was 249
    Largest truncation error: 9.999999500000023e-09
    Energy after sweep 22/1000 is -59.210194878292
    Sweep 22/1000 CPU time = 7.291s (Wall time = 7.322s)
    Energy change:-0.05587894544775907

    vN Entropy at center bond b=80 = 0.585761895340
    Eigs at center bond b=80: 0.7755 0.2141 0.0049 0.0044 
    Largest link dim during sweep 23/1000 was 238
    Largest truncation error: 9.999999500000023e-09
    Energy after sweep 23/1000 is -59.261706008812
    Sweep 23/1000 CPU time = 7.033s (Wall time = 7.058s)
    Energy change:-0.0515111305203888

    vN Entropy at center bond b=80 = 0.690780964369
    Eigs at center bond b=80: 0.6827 0.3048 0.0057 0.0053 
    Largest link dim during sweep 24/1000 was 233
    Largest truncation error: 9.999999500000023e-09
    Energy after sweep 24/1000 is -59.309668220904
    Sweep 24/1000 CPU time = 6.921s (Wall time = 6.941s)
    Energy change:-0.04796221209249296

    vN Entropy at center bond b=80 = 0.754595350882
    Eigs at center bond b=80: 0.5850 0.4012 0.0061 0.0059 
    Largest link dim during sweep 25/1000 was 223
    Largest truncation error: 9.999999500000023e-09
    Energy after sweep 25/1000 is -59.355669605292
    Sweep 25/1000 CPU time = 6.768s (Wall time = 6.786s)
    Energy change:-0.04600138438783574

    vN Entropy at center bond b=80 = 0.775303213922
    Eigs at center bond b=80: 0.5060 0.4795 0.0062 0.0062 
    Largest link dim during sweep 26/1000 was 216
    Largest truncation error: 9.999999500000023e-09
    Energy after sweep 26/1000 is -59.396750491472
    Sweep 26/1000 CPU time = 6.730s (Wall time = 6.749s)
    Energy change:-0.04108088617962835

    vN Entropy at center bond b=80 = 0.752407239343
    Eigs at center bond b=80: 0.6000 0.3856 0.0061 0.0059 0.0011 
    Largest link dim during sweep 27/1000 was 211
    Largest truncation error: 9.999999500000023e-09
    Energy after sweep 27/1000 is -59.435216674915
    Sweep 27/1000 CPU time = 6.601s (Wall time = 6.619s)
    Energy change:-0.03846618344318387

    vN Entropy at center bond b=80 = 0.699053256097
    Eigs at center bond b=80: 0.6823 0.3039 0.0057 0.0054 0.0015 
    Largest link dim during sweep 28/1000 was 273
    Largest truncation error: 9.999999500000023e-09
    Energy after sweep 28/1000 is -59.509994472557
    Sweep 28/1000 CPU time = 6.700s (Wall time = 6.722s)
    Energy change:-0.0747777976421844

    vN Entropy at center bond b=80 = 0.619488146920
    Eigs at center bond b=80: 0.7588 0.2283 0.0051 0.0047 0.0020 
    Largest link dim during sweep 29/1000 was 182
    Largest truncation error: 9.999999500000023e-09
    Energy after sweep 29/1000 is -59.560648672874
    Sweep 29/1000 CPU time = 6.842s (Wall time = 6.860s)
    Energy change:-0.05065420031681356

    vN Entropy at center bond b=80 = 0.532528604493
    Eigs at center bond b=80: 0.8211 0.1665 0.0044 0.0039 0.0031 
    Largest link dim during sweep 30/1000 was 168
    Largest truncation error: 9.999999500000023e-09
    Energy after sweep 30/1000 is -59.600936786136
    Sweep 30/1000 CPU time = 6.547s (Wall time = 6.567s)
    Energy change:-0.04028811326219284

    vN Entropy at center bond b=80 = 0.458384758119
    Eigs at center bond b=80: 0.8664 0.1200 0.0046 0.0036 0.0031 0.0010 
    Largest link dim during sweep 31/1000 was 163
    Largest truncation error: 9.999999500000023e-09
    Energy after sweep 31/1000 is -59.634280378522
    Sweep 31/1000 CPU time = 6.460s (Wall time = 6.478s)
    Energy change:-0.03334359238531448

    vN Entropy at center bond b=80 = 0.403533478692
    Eigs at center bond b=80: 0.8994 0.0825 0.0068 0.0043 0.0029 0.0024 
    Largest link dim during sweep 32/1000 was 158
    Largest truncation error: 9.999999500000023e-09
    Energy after sweep 32/1000 is -59.663278228283
    Sweep 32/1000 CPU time = 6.339s (Wall time = 6.357s)
    Energy change:-0.02899784976109032

    vN Entropy at center bond b=80 = 0.382367674995
    Eigs at center bond b=80: 0.9169 0.0540 0.0135 0.0087 0.0021 0.0017 0.0015 
    Largest link dim during sweep 33/1000 was 179
    Largest truncation error: 9.999999500000023e-09
    Energy after sweep 33/1000 is -59.688599142985
    Sweep 33/1000 CPU time = 6.371s (Wall time = 6.388s)
    Energy change:-0.02532091470200726

    vN Entropy at center bond b=80 = 0.391996311093
    Eigs at center bond b=80: 0.9187 0.0348 0.0300 0.0090 0.0024 0.0016 0.0016 0.0012 
    Largest link dim during sweep 34/1000 was 221
    Largest truncation error: 9.999999500000023e-09
    Energy after sweep 34/1000 is -59.713218775923
    Sweep 34/1000 CPU time = 6.479s (Wall time = 6.498s)
    Energy change:-0.02461963293836789

    vN Entropy at center bond b=80 = 0.439207233651
    Eigs at center bond b=80: 0.9027 0.0572 0.0222 0.0089 0.0036 0.0026 0.0011 
    Largest link dim during sweep 35/1000 was 266
    Largest truncation error: 9.999999500000023e-09
    Energy after sweep 35/1000 is -59.735002911078
    Sweep 35/1000 CPU time = 6.507s (Wall time = 6.527s)
    Energy change:-0.02178413515495237

    vN Entropy at center bond b=80 = 0.525191858839
    Eigs at center bond b=80: 0.8644 0.1019 0.0131 0.0093 0.0050 0.0039 
    Largest link dim during sweep 36/1000 was 219
    Largest truncation error: 9.999999500000023e-09
    Energy after sweep 36/1000 is -59.755983797523
    Sweep 36/1000 CPU time = 6.620s (Wall time = 6.636s)
    Energy change:-0.0209808864451162

    vN Entropy at center bond b=80 = 0.608910738726
    Eigs at center bond b=80: 0.8137 0.1574 0.0081 0.0074 0.0062 0.0051 
    Largest link dim during sweep 37/1000 was 197
    Largest truncation error: 9.999999500000023e-09
    Energy after sweep 37/1000 is -59.777731555331
    Sweep 37/1000 CPU time = 6.708s (Wall time = 6.725s)
    Energy change:-0.02174775780823524

    vN Entropy at center bond b=80 = 0.703929833791
    Eigs at center bond b=80: 0.7361 0.2381 0.0073 0.0065 0.0064 0.0036 
    Largest link dim during sweep 38/1000 was 207
    Largest truncation error: 9.999999500000023e-09
    Energy after sweep 38/1000 is -59.800484819528
    Sweep 38/1000 CPU time = 6.802s (Wall time = 6.821s)
    Energy change:-0.02275326419642454

    vN Entropy at center bond b=80 = 0.777472136725
    Eigs at center bond b=80: 0.6416 0.3344 0.0081 0.0075 0.0048 0.0016 
    Largest link dim during sweep 39/1000 was 168
    Largest truncation error: 9.999999500000023e-09
    Energy after sweep 39/1000 is -59.822533254380
    Sweep 39/1000 CPU time = 6.979s (Wall time = 6.999s)
    Energy change:-0.02204843485184682

    vN Entropy at center bond b=80 = 0.813831961875
    Eigs at center bond b=80: 0.5408 0.4364 0.0083 0.0081 0.0036 
    Largest link dim during sweep 40/1000 was 142
    Largest truncation error: 9.999999500000023e-09
    Energy after sweep 40/1000 is -59.842698970554
    Sweep 40/1000 CPU time = 7.005s (Wall time = 7.027s)
    Energy change:-0.02016571617433982

    vN Entropy at center bond b=80 = 0.805316784068
    Eigs at center bond b=80: 0.5377 0.4411 0.0082 0.0081 0.0024 
    Largest link dim during sweep 41/1000 was 150
    Largest truncation error: 9.999999500000023e-09
    Energy after sweep 41/1000 is -59.862233081127
    Sweep 41/1000 CPU time = 7.154s (Wall time = 7.176s)
    Energy change:-0.01953411057353804

    vN Entropy at center bond b=80 = 0.759431277482
    Eigs at center bond b=80: 0.6296 0.3513 0.0079 0.0074 0.0015 
    Largest link dim during sweep 42/1000 was 151
    Largest truncation error: 9.999999500000023e-09
    Energy after sweep 42/1000 is -59.881408406116
    Sweep 42/1000 CPU time = 7.269s (Wall time = 7.293s)
    Energy change:-0.01917532498851671

    vN Entropy at center bond b=80 = 0.685674121092
    Eigs at center bond b=80: 0.7128 0.2703 0.0072 0.0065 
    Largest link dim during sweep 43/1000 was 147
    Largest truncation error: 9.999999442881647e-09
    Energy after sweep 43/1000 is -59.896921983401
    Sweep 43/1000 CPU time = 7.394s (Wall time = 7.414s)
    Energy change:-0.01551357728548197

    vN Entropy at center bond b=80 = 0.589078351000
    Eigs at center bond b=80: 0.7878 0.1977 0.0062 0.0054 0.0012 
    Largest link dim during sweep 44/1000 was 143
    Largest truncation error: 9.999998294520815e-09
    Energy after sweep 44/1000 is -59.911620185076
    Sweep 44/1000 CPU time = 7.483s (Wall time = 7.503s)
    Energy change:-0.01469820167412905

    vN Entropy at center bond b=80 = 0.487966908605
    Eigs at center bond b=80: 0.8467 0.1410 0.0051 0.0043 0.0016 
    Largest link dim during sweep 45/1000 was 132
    Largest truncation error: 9.600337527425143e-09
    Energy after sweep 45/1000 is -59.925838132478
    Sweep 45/1000 CPU time = 7.527s (Wall time = 7.549s)
    Energy change:-0.01421794740241467

    vN Entropy at center bond b=80 = 0.379836615559
    Eigs at center bond b=80: 0.8980 0.0908 0.0039 0.0033 0.0031 
    Largest link dim during sweep 46/1000 was 138
    Largest truncation error: 9.588809371345854e-09
    Energy after sweep 46/1000 is -59.939229970377
    Sweep 46/1000 CPU time = 7.625s (Wall time = 7.646s)
    Energy change:-0.01339183789893639

    vN Entropy at center bond b=80 = 0.284239044149
    Eigs at center bond b=80: 0.9329 0.0582 0.0032 0.0029 0.0022 
    Largest link dim during sweep 47/1000 was 201
    Largest truncation error: 9.612361213529673e-09
    Energy after sweep 47/1000 is -59.957078812338
    Sweep 47/1000 CPU time = 7.627s (Wall time = 7.649s)
    Energy change:-0.01784884196111136

    vN Entropy at center bond b=80 = 0.206185017302
    Eigs at center bond b=80: 0.9592 0.0314 0.0048 0.0019 0.0014 
    Largest link dim during sweep 48/1000 was 164
    Largest truncation error: 9.436171090618649e-09
    Energy after sweep 48/1000 is -59.969858593531
    Sweep 48/1000 CPU time = 7.713s (Wall time = 7.736s)
    Energy change:-0.01277978119288292

    vN Entropy at center bond b=80 = 0.194234275042
    Eigs at center bond b=80: 0.9669 0.0157 0.0068 0.0061 0.0014 0.0012 
    Largest link dim during sweep 49/1000 was 135
    Largest truncation error: 9.82549115553257e-09
    Energy after sweep 49/1000 is -59.980108211142
    Sweep 49/1000 CPU time = 7.604s (Wall time = 7.626s)
    Energy change:-0.01024961761084597

    vN Entropy at center bond b=80 = 0.273327526866
    Eigs at center bond b=80: 0.9484 0.0296 0.0077 0.0069 0.0035 0.0020 
    Largest link dim during sweep 50/1000 was 138
    Largest truncation error: 9.841365062799723e-09
    Energy after sweep 50/1000 is -59.988824749445
    Sweep 50/1000 CPU time = 7.564s (Wall time = 7.588s)
    Energy change:-0.008716538302707022

    vN Entropy at center bond b=80 = 0.427085161379
    Eigs at center bond b=80: 0.8952 0.0823 0.0065 0.0063 0.0043 0.0035 
    Largest link dim during sweep 51/1000 was 117
    Largest truncation error: 9.507011948513561e-09
    Energy after sweep 51/1000 is -59.996546148903
    Sweep 51/1000 CPU time = 7.584s (Wall time = 7.605s)
    Energy change:-0.007721399458624489

    vN Entropy at center bond b=80 = 0.592485816728
    Eigs at center bond b=80: 0.8137 0.1615 0.0087 0.0067 0.0056 0.0017 
    Largest link dim during sweep 52/1000 was 122
    Largest truncation error: 9.707906585223805e-09
    Energy after sweep 52/1000 is -60.002529119788
    Sweep 52/1000 CPU time = 7.555s (Wall time = 7.573s)
    Energy change:-0.005982970884780059

    vN Entropy at center bond b=80 = 0.713168000604
    Eigs at center bond b=80: 0.7243 0.2496 0.0100 0.0085 0.0045 0.0011 
    Largest link dim during sweep 53/1000 was 167
    Largest truncation error: 9.33252000483736e-09
    Energy after sweep 53/1000 is -60.008081586367
    Sweep 53/1000 CPU time = 7.572s (Wall time = 7.592s)
    Energy change:-0.005552466579111126

    vN Entropy at center bond b=80 = 0.802766536431
    Eigs at center bond b=80: 0.6081 0.3655 0.0106 0.0098 0.0031 0.0012 0.0011 
    Largest link dim during sweep 54/1000 was 121
    Largest truncation error: 9.361920181410959e-09
    Energy after sweep 54/1000 is -60.014497540083
    Sweep 54/1000 CPU time = 7.814s (Wall time = 7.834s)
    Energy change:-0.006415953716185641

    vN Entropy at center bond b=80 = 0.826144001251
    Eigs at center bond b=80: 0.5024 0.4723 0.0104 0.0103 0.0018 0.0012 0.0011 
    Largest link dim during sweep 55/1000 was 116
    Largest truncation error: 9.488123838770774e-09
    Energy after sweep 55/1000 is -60.021606975558
    Sweep 55/1000 CPU time = 7.879s (Wall time = 7.901s)
    Energy change:-0.007109435474497161

    vN Entropy at center bond b=80 = 0.791854489216
    Eigs at center bond b=80: 0.6028 0.3736 0.0100 0.0095 0.0012 0.0011 0.0011 
    Largest link dim during sweep 56/1000 was 180
    Largest truncation error: 9.420786055912857e-09
    Energy after sweep 56/1000 is -60.026805107343
    Sweep 56/1000 CPU time = 7.994s (Wall time = 8.018s)
    Energy change:-0.005198131785135729

    vN Entropy at center bond b=80 = 0.686801121762
    Eigs at center bond b=80: 0.7268 0.2525 0.0089 0.0078 0.0014 
    Largest link dim during sweep 57/1000 was 122
    Largest truncation error: 9.457037580579924e-09
    Energy after sweep 57/1000 is -60.036905008770
    Sweep 57/1000 CPU time = 8.216s (Wall time = 8.241s)
    Energy change:-0.01009990142703288

    vN Entropy at center bond b=80 = 0.573127109190
    Eigs at center bond b=80: 0.8112 0.1700 0.0075 0.0061 0.0029 
    Largest link dim during sweep 58/1000 was 109
    Largest truncation error: 9.679967384936536e-09
    Energy after sweep 58/1000 is -60.043579755518
    Sweep 58/1000 CPU time = 8.207s (Wall time = 8.230s)
    Energy change:-0.006674746748082327

    vN Entropy at center bond b=80 = 0.463096329333
    Eigs at center bond b=80: 0.8736 0.1080 0.0058 0.0045 0.0043 0.0017 
    Largest link dim during sweep 59/1000 was 116
    Largest truncation error: 9.507874714780326e-09
    Energy after sweep 59/1000 is -60.049535440889
    Sweep 59/1000 CPU time = 8.224s (Wall time = 8.246s)
    Energy change:-0.005955685371070274

    vN Entropy at center bond b=80 = 0.391140655859
    Eigs at center bond b=80: 0.9114 0.0652 0.0068 0.0064 0.0042 0.0030 0.0013 
    Largest link dim during sweep 60/1000 was 124
    Largest truncation error: 9.664585450091073e-09
    Energy after sweep 60/1000 is -60.055200125264
    Sweep 60/1000 CPU time = 8.369s (Wall time = 8.396s)
    Energy change:-0.005664684375339846

    vN Entropy at center bond b=80 = 0.392013562677
    Eigs at center bond b=80: 0.9208 0.0343 0.0261 0.0085 0.0031 0.0026 0.0018 0.0018 
    Largest link dim during sweep 61/1000 was 146
    Largest truncation error: 9.722795505893562e-09
    Energy after sweep 61/1000 is -60.061130170087
    Sweep 61/1000 CPU time = 8.499s (Wall time = 8.524s)
    Energy change:-0.005930044822939351

    vN Entropy at center bond b=80 = 0.464555845670
    Eigs at center bond b=80: 0.8952 0.0663 0.0174 0.0081 0.0054 0.0036 0.0016 0.0010 
    Largest link dim during sweep 62/1000 was 135
    Largest truncation error: 9.597079960048112e-09
    Energy after sweep 62/1000 is -60.066940045720
    Sweep 62/1000 CPU time = 8.605s (Wall time = 8.630s)
    Energy change:-0.005809875632394323

    vN Entropy at center bond b=80 = 0.585275012954
    Eigs at center bond b=80: 0.8344 0.1336 0.0081 0.0080 0.0069 0.0060 
    Largest link dim during sweep 63/1000 was 136
    Largest truncation error: 9.62728846582079e-09
    Energy after sweep 63/1000 is -60.072602927709
    Sweep 63/1000 CPU time = 8.747s (Wall time = 8.770s)
    Energy change:-0.005662881989465518

    vN Entropy at center bond b=80 = 0.709688417628
    Eigs at center bond b=80: 0.7449 0.2249 0.0101 0.0084 0.0053 0.0035 0.0011 
    Largest link dim during sweep 64/1000 was 141
    Largest truncation error: 9.651020494728788e-09
    Energy after sweep 64/1000 is -60.076949166639
    Sweep 64/1000 CPU time = 8.758s (Wall time = 8.781s)
    Energy change:-0.00434623893023911

    vN Entropy at center bond b=80 = 0.799096886177
    Eigs at center bond b=80: 0.6406 0.3300 0.0112 0.0101 0.0038 0.0015 0.0012 0.0011 
    Largest link dim during sweep 65/1000 was 134
    Largest truncation error: 9.66898405292221e-09
    Energy after sweep 65/1000 is -60.080935779776
    Sweep 65/1000 CPU time = 8.838s (Wall time = 8.869s)
    Energy change:-0.003986613136198969

    vN Entropy at center bond b=80 = 0.840502341245
    Eigs at center bond b=80: 0.5216 0.4498 0.0113 0.0110 0.0024 0.0013 0.0012 
    Largest link dim during sweep 66/1000 was 127
    Largest truncation error: 9.686265942516157e-09
    Energy after sweep 66/1000 is -60.084786608152
    Sweep 66/1000 CPU time = 8.913s (Wall time = 8.938s)
    Energy change:-0.003850828375888682

    vN Entropy at center bond b=80 = 0.822953463689
    Eigs at center bond b=80: 0.5679 0.4049 0.0111 0.0106 0.0015 0.0012 0.0012 0.0012 
    Largest link dim during sweep 67/1000 was 125
    Largest truncation error: 9.702343468506589e-09
    Energy after sweep 67/1000 is -60.088355186238
    Sweep 67/1000 CPU time = 9.036s (Wall time = 9.061s)
    Energy change:-0.003568578086351692

    vN Entropy at center bond b=80 = 0.755867296302
    Eigs at center bond b=80: 0.6789 0.2954 0.0102 0.0091 0.0026 0.0011 0.0010 
    Largest link dim during sweep 68/1000 was 125
    Largest truncation error: 9.718410984374732e-09
    Energy after sweep 68/1000 is -60.091786635142
    Sweep 68/1000 CPU time = 9.152s (Wall time = 9.175s)
    Energy change:-0.00343144890440783

    vN Entropy at center bond b=80 = 0.671956465773
    Eigs at center bond b=80: 0.7644 0.2096 0.0089 0.0075 0.0045 0.0020 
    Largest link dim during sweep 69/1000 was 120
    Largest truncation error: 9.732978440035422e-09
    Energy after sweep 69/1000 is -60.094691650110
    Sweep 69/1000 CPU time = 9.282s (Wall time = 9.305s)
    Energy change:-0.002905014967467423

    vN Entropy at center bond b=80 = 0.599999842487
    Eigs at center bond b=80: 0.8234 0.1469 0.0074 0.0064 0.0063 0.0059 0.0012 
    Largest link dim during sweep 70/1000 was 104
    Largest truncation error: 9.746680764128865e-09
    Energy after sweep 70/1000 is -60.097141025952
    Sweep 70/1000 CPU time = 9.289s (Wall time = 9.317s)
    Energy change:-0.002449375842623169

    vN Entropy at center bond b=80 = 0.551194260967
    Eigs at center bond b=80: 0.8605 0.1013 0.0148 0.0081 0.0060 0.0044 0.0021 0.0011 
    Largest link dim during sweep 71/1000 was 105
    Largest truncation error: 9.76070021462418e-09
    Energy after sweep 71/1000 is -60.099320099372
    Sweep 71/1000 CPU time = 9.368s (Wall time = 9.398s)
    Energy change:-0.002179073419149802

    vN Entropy at center bond b=80 = 0.530318391621
    Eigs at center bond b=80: 0.8790 0.0667 0.0305 0.0093 0.0045 0.0033 0.0032 0.0020 
    Largest link dim during sweep 72/1000 was 130
    Largest truncation error: 9.774042947340188e-09
    Energy after sweep 72/1000 is -60.101490342459
    Sweep 72/1000 CPU time = 9.500s (Wall time = 9.531s)
    Energy change:-0.002170243087327606

    vN Entropy at center bond b=80 = 0.545237932586
    Eigs at center bond b=80: 0.8768 0.0552 0.0431 0.0100 0.0047 0.0033 0.0031 0.0022 
    Largest link dim during sweep 73/1000 was 116
    Largest truncation error: 9.785776610210372e-09
    Energy after sweep 73/1000 is -60.103373307165
    Sweep 73/1000 CPU time = 9.626s (Wall time = 9.654s)
    Energy change:-0.001882964706481971

    vN Entropy at center bond b=80 = 0.590555641782
    Eigs at center bond b=80: 0.8544 0.0930 0.0262 0.0098 0.0065 0.0046 0.0023 0.0015 
    Largest link dim during sweep 74/1000 was 112
    Largest truncation error: 9.799335354147569e-09
    Energy after sweep 74/1000 is -60.105465695081
    Sweep 74/1000 CPU time = 9.770s (Wall time = 9.797s)
    Energy change:-0.002092387916079019

    vN Entropy at center bond b=80 = 0.672669572991
    Eigs at center bond b=80: 0.8015 0.1564 0.0137 0.0087 0.0087 0.0068 0.0014 
    Largest link dim during sweep 75/1000 was 124
    Largest truncation error: 9.810960536272948e-09
    Energy after sweep 75/1000 is -60.107063889132
    Sweep 75/1000 CPU time = 9.933s (Wall time = 9.963s)
    Energy change:-0.001598194050387747

    vN Entropy at center bond b=80 = 0.748613305114
    Eigs at center bond b=80: 0.7386 0.2235 0.0099 0.0083 0.0081 0.0078 0.0011 
    Largest link dim during sweep 76/1000 was 122
    Largest truncation error: 9.819799450472139e-09
    Energy after sweep 76/1000 is -60.108321761783
    Sweep 76/1000 CPU time = 9.992s (Wall time = 10.02s)
    Energy change:-0.001257872651351022

    vN Entropy at center bond b=80 = 0.802787612262
    Eigs at center bond b=80: 0.6754 0.2892 0.0107 0.0094 0.0067 0.0050 0.0012 0.0011 
    Largest link dim during sweep 77/1000 was 100
    Largest truncation error: 9.802183785462578e-09
    Energy after sweep 77/1000 is -60.109439965372
    Sweep 77/1000 CPU time = 10.09s (Wall time = 10.11s)
    Energy change:-0.001118203589200562

    vN Entropy at center bond b=80 = 0.841330058425
    Eigs at center bond b=80: 0.6096 0.3565 0.0110 0.0102 0.0057 0.0032 0.0012 0.0011 
    Largest link dim during sweep 78/1000 was 127
    Largest truncation error: 9.804580351863688e-09
    Energy after sweep 78/1000 is -60.110442223407
    Sweep 78/1000 CPU time = 10.17s (Wall time = 10.20s)
    Energy change:-0.001002258034674242

    vN Entropy at center bond b=80 = 0.864629790396
    Eigs at center bond b=80: 0.5337 0.4335 0.0110 0.0107 0.0048 0.0019 0.0013 0.0012 0.0012 
    Largest link dim during sweep 79/1000 was 108
    Largest truncation error: 9.797852374183174e-09
    Energy after sweep 79/1000 is -60.111388020464
    Sweep 79/1000 CPU time = 10.36s (Wall time = 10.38s)
    Energy change:-0.0009457970566302265

    vN Entropy at center bond b=80 = 0.868323469908
    Eigs at center bond b=80: 0.5113 0.4563 0.0108 0.0106 0.0039 0.0025 0.0012 0.0012 0.0012 
    Largest link dim during sweep 80/1000 was 124
    Largest truncation error: 9.797078149264806e-09
    Energy after sweep 80/1000 is -60.112256801624
    Sweep 80/1000 CPU time = 10.47s (Wall time = 10.50s)
    Energy change:-0.0008687811608183438

    vN Entropy at center bond b=80 = 0.851163681964
    Eigs at center bond b=80: 0.5884 0.3788 0.0104 0.0098 0.0042 0.0031 0.0016 0.0012 0.0011 
    Largest link dim during sweep 81/1000 was 116
    Largest truncation error: 9.796202171747028e-09
    Energy after sweep 81/1000 is -60.113064848725
    Sweep 81/1000 CPU time = 10.57s (Wall time = 10.60s)
    Energy change:-0.0008080471005484924

    vN Entropy at center bond b=80 = 0.831084984111
    Eigs at center bond b=80: 0.6425 0.3228 0.0099 0.0090 0.0061 0.0034 0.0026 0.0011 0.0010 
    Largest link dim during sweep 82/1000 was 115
    Largest truncation error: 9.792875344218737e-09
    Energy after sweep 82/1000 is -60.113598820910
    Sweep 82/1000 CPU time = 10.58s (Wall time = 10.61s)
    Energy change:-0.000533972184534548

    vN Entropy at center bond b=80 = 0.811470767618
    Eigs at center bond b=80: 0.6863 0.2753 0.0093 0.0082 0.0082 0.0065 0.0022 0.0010 
    Largest link dim during sweep 83/1000 was 114
    Largest truncation error: 9.792528959491165e-09
    Energy after sweep 83/1000 is -60.114041410971
    Sweep 83/1000 CPU time = 10.72s (Wall time = 10.75s)
    Energy change:-0.0004425900612545774

    vN Entropy at center bond b=80 = 0.794827083564
    Eigs at center bond b=80: 0.7208 0.2355 0.0110 0.0104 0.0086 0.0073 0.0019 0.0012 
    Largest link dim during sweep 84/1000 was 106
    Largest truncation error: 9.792832074235933e-09
    Energy after sweep 84/1000 is -60.114397211797
    Sweep 84/1000 CPU time = 10.90s (Wall time = 10.93s)
    Energy change:-0.0003558008266537627

    vN Entropy at center bond b=80 = 0.786466877908
    Eigs at center bond b=80: 0.7458 0.2028 0.0173 0.0129 0.0079 0.0066 0.0017 0.0017 0.0010 
    Largest link dim during sweep 85/1000 was 108
    Largest truncation error: 9.794314371339898e-09
    Energy after sweep 85/1000 is -60.114706617072
    Sweep 85/1000 CPU time = 11.00s (Wall time = 11.03s)
    Energy change:-0.000309405274997232

    vN Entropy at center bond b=80 = 0.783601404381
    Eigs at center bond b=80: 0.7637 0.1753 0.0254 0.0152 0.0072 0.0059 0.0022 0.0015 0.0014 
    Largest link dim during sweep 86/1000 was 106
    Largest truncation error: 9.79524392384578e-09
    Energy after sweep 86/1000 is -60.114939369144
    Sweep 86/1000 CPU time = 11.17s (Wall time = 11.20s)
    Energy change:-0.0002327520711560283

    vN Entropy at center bond b=80 = 0.788329517498
    Eigs at center bond b=80: 0.7747 0.1524 0.0355 0.0175 0.0065 0.0053 0.0027 0.0018 0.0013 
    Largest link dim during sweep 87/1000 was 100
    Largest truncation error: 9.79575664470281e-09
    Energy after sweep 87/1000 is -60.115116595286
    Sweep 87/1000 CPU time = 11.32s (Wall time = 11.35s)
    Energy change:-0.0001772261422843258

    vN Entropy at center bond b=80 = 0.796366687869
    Eigs at center bond b=80: 0.7792 0.1370 0.0450 0.0193 0.0061 0.0049 0.0031 0.0022 0.0012 
    Largest link dim during sweep 88/1000 was 101
    Largest truncation error: 9.795832292536371e-09
    Energy after sweep 88/1000 is -60.115236519553
    Sweep 88/1000 CPU time = 11.48s (Wall time = 11.51s)
    Energy change:-0.0001199242673379786

    vN Entropy at center bond b=80 = 0.807478363573
    Eigs at center bond b=80: 0.7801 0.1248 0.0547 0.0209 0.0057 0.0045 0.0035 0.0025 0.0011 
    Largest link dim during sweep 89/1000 was 100
    Largest truncation error: 9.796120912512373e-09
    Energy after sweep 89/1000 is -60.115322364371
    Sweep 89/1000 CPU time = 11.60s (Wall time = 11.64s)
    Energy change:-8.584481729911886e-05

    vN Entropy at center bond b=80 = 0.818406835134
    Eigs at center bond b=80: 0.7789 0.1164 0.0630 0.0221 0.0054 0.0042 0.0038 0.0027 0.0011 
    Largest link dim during sweep 90/1000 was 99
    Largest truncation error: 9.814158516480528e-09
    Energy after sweep 90/1000 is -60.115374386083
    Sweep 90/1000 CPU time = 11.71s (Wall time = 11.74s)
    Energy change:-5.202171200835437e-05

    vN Entropy at center bond b=80 = 0.828349829751
    Eigs at center bond b=80: 0.7769 0.1104 0.0700 0.0230 0.0052 0.0041 0.0040 0.0029 0.0010 
    Largest link dim during sweep 91/1000 was 100
    Largest truncation error: 9.81673603534282e-09
    Energy after sweep 91/1000 is -60.115406111008
    Sweep 91/1000 CPU time = 11.85s (Wall time = 11.88s)
    Energy change:-3.172492586855924e-05

    vN Entropy at center bond b=80 = 0.836726595549
    Eigs at center bond b=80: 0.7747 0.1062 0.0756 0.0238 0.0050 0.0041 0.0039 0.0031 
    Largest link dim during sweep 92/1000 was 99
    Largest truncation error: 9.818686544215915e-09
    Energy after sweep 92/1000 is -60.115425374498
    Sweep 92/1000 CPU time = 11.91s (Wall time = 11.94s)
    Energy change:-1.926348932812516e-05

    vN Entropy at center bond b=80 = 0.843320609936
    Eigs at center bond b=80: 0.7728 0.1032 0.0798 0.0243 0.0049 0.0042 0.0038 0.0032 
    Largest link dim during sweep 93/1000 was 100
    Largest truncation error: 9.820163427511126e-09
    Energy after sweep 93/1000 is -60.115436868238
    Sweep 93/1000 CPU time = 11.99s (Wall time = 12.03s)
    Energy change:-1.149374053710517e-05

    vN Entropy at center bond b=80 = 0.848192567579
    Eigs at center bond b=80: 0.7713 0.1011 0.0829 0.0247 0.0049 0.0043 0.0038 0.0033 
    Largest link dim during sweep 94/1000 was 100
    Largest truncation error: 9.821268223954737e-09
    Energy after sweep 94/1000 is -60.115443212658
    Sweep 94/1000 CPU time = 11.99s (Wall time = 12.02s)
    Energy change:-6.344419382742217e-06

    vN Entropy at center bond b=80 = 0.851709710232
    Eigs at center bond b=80: 0.7702 0.0996 0.0852 0.0249 0.0048 0.0044 0.0037 0.0033 
    Largest link dim during sweep 95/1000 was 98
    Largest truncation error: 9.822105269916911e-09
    Energy after sweep 95/1000 is -60.115446871546
    Sweep 95/1000 CPU time = 11.96s (Wall time = 11.99s)
    Energy change:-3.658888260815729e-06

    vN Entropy at center bond b=80 = 0.854272742528
    Eigs at center bond b=80: 0.7694 0.0985 0.0869 0.0251 0.0048 0.0044 0.0037 0.0034 
    Largest link dim during sweep 96/1000 was 98
    Largest truncation error: 9.822751019187117e-09
    Energy after sweep 96/1000 is -60.115448933518
    Sweep 96/1000 CPU time = 11.94s (Wall time = 11.97s)
    Energy change:-2.061972431022241e-06

    vN Entropy at center bond b=80 = 0.856188282633
    Eigs at center bond b=80: 0.7688 0.0976 0.0882 0.0252 0.0047 0.0045 0.0037 0.0034 
    Largest link dim during sweep 97/1000 was 98
    Largest truncation error: 9.823262635444708e-09
    Energy after sweep 97/1000 is -60.115450258532
    Sweep 97/1000 CPU time = 11.94s (Wall time = 11.97s)
    Energy change:-1.325014160613591e-06

    vN Entropy at center bond b=80 = 0.857670921690
    Eigs at center bond b=80: 0.7683 0.0970 0.0892 0.0253 0.0047 0.0045 0.0036 0.0034 
    Largest link dim during sweep 98/1000 was 98
    Largest truncation error: 9.823671676097381e-09
    Energy after sweep 98/1000 is -60.115451142766
    Sweep 98/1000 CPU time = 11.92s (Wall time = 11.96s)
    Energy change:-8.842333016900739e-07

    vN Entropy at center bond b=80 = 0.858840305943
    Eigs at center bond b=80: 0.7679 0.0964 0.0900 0.0254 0.0047 0.0045 0.0036 0.0035 
    Largest link dim during sweep 99/1000 was 97
    Largest truncation error: 9.824003966503528e-09
    Energy after sweep 99/1000 is -60.115451845292
    Sweep 99/1000 CPU time = 11.90s (Wall time = 11.94s)
    Energy change:-7.025266413052123e-07

    vN Entropy at center bond b=80 = 0.859778489996
    Eigs at center bond b=80: 0.7676 0.0960 0.0907 0.0254 0.0047 0.0045 0.0036 0.0035 
    Largest link dim during sweep 100/1000 was 97
    Largest truncation error: 9.824273432922472e-09
    Energy after sweep 100/1000 is -60.115452295508
    Sweep 100/1000 CPU time = 11.88s (Wall time = 11.91s)
    Energy change:-4.502154027363758e-07

    vN Entropy at center bond b=80 = 0.860533218331
    Eigs at center bond b=80: 0.7673 0.0957 0.0912 0.0255 0.0047 0.0045 0.0036 0.0035 
    Largest link dim during sweep 101/1000 was 97
    Largest truncation error: 9.824494116684117e-09
    Energy after sweep 101/1000 is -60.115452617237
    Sweep 101/1000 CPU time = 11.89s (Wall time = 11.93s)
    Energy change:-3.217295230228956e-07

    vN Entropy at center bond b=80 = 0.861143937720
    Eigs at center bond b=80: 0.7671 0.0954 0.0916 0.0255 0.0047 0.0045 0.0036 0.0035 
    Largest link dim during sweep 102/1000 was 97
    Largest truncation error: 9.824674921177034e-09
    Energy after sweep 102/1000 is -60.115452853669
    Sweep 102/1000 CPU time = 11.89s (Wall time = 11.93s)
    Energy change:-2.364312194913509e-07

    vN Entropy at center bond b=80 = 0.861639273991
    Eigs at center bond b=80: 0.7670 0.0952 0.0920 0.0255 0.0046 0.0046 0.0036 0.0035 
    Largest link dim during sweep 103/1000 was 97
    Largest truncation error: 9.824823580041593e-09
    Energy after sweep 103/1000 is -60.115453061221
    Sweep 103/1000 CPU time = 11.87s (Wall time = 11.91s)
    Energy change:-2.075528087175371e-07

    vN Entropy at center bond b=80 = 0.862043916042
    Eigs at center bond b=80: 0.7668 0.0950 0.0922 0.0256 0.0046 0.0046 0.0036 0.0035 
    Largest link dim during sweep 104/1000 was 97
    Largest truncation error: 9.824946580597648e-09
    Energy after sweep 104/1000 is -60.115453177979
    Sweep 104/1000 CPU time = 11.87s (Wall time = 11.91s)
    Energy change:-1.167578957961268e-07

    vN Entropy at center bond b=80 = 0.862375420815
    Eigs at center bond b=80: 0.7667 0.0948 0.0925 0.0256 0.0046 0.0046 0.0036 0.0035 
    Largest link dim during sweep 105/1000 was 98
    Largest truncation error: 9.82504756392897e-09
    Energy after sweep 105/1000 is -60.115453233981
    Sweep 105/1000 CPU time = 11.88s (Wall time = 11.91s)
    Energy change:-5.600188046628318e-08

    vN Entropy at center bond b=80 = 0.862645534782
    Eigs at center bond b=80: 0.7666 0.0947 0.0927 0.0256 0.0046 0.0046 0.0036 0.0035 
    Largest link dim during sweep 106/1000 was 98
    Largest truncation error: 9.825131075281804e-09
    Energy after sweep 106/1000 is -60.115453335034
    Sweep 106/1000 CPU time = 11.88s (Wall time = 11.92s)
    Energy change:-1.010528976053138e-07

    vN Entropy at center bond b=80 = 0.862872170014
    Eigs at center bond b=80: 0.7666 0.0946 0.0928 0.0256 0.0046 0.0046 0.0036 0.0035 
    Largest link dim during sweep 107/1000 was 98
    Largest truncation error: 9.825199741577914e-09
    Energy after sweep 107/1000 is -60.115453398777
    Sweep 107/1000 CPU time = 11.89s (Wall time = 11.92s)
    Energy change:-6.374282435217538e-08

    vN Entropy at center bond b=80 = 0.863068137796
    Eigs at center bond b=80: 0.7665 0.0945 0.0930 0.0256 0.0046 0.0046 0.0036 0.0035 
    Largest link dim during sweep 108/1000 was 98
    Largest truncation error: 9.825257282006626e-09
    Energy after sweep 108/1000 is -60.115453491884
    Sweep 108/1000 CPU time = 11.89s (Wall time = 11.92s)
    Energy change:-9.310694082387272e-08

    vN Entropy at center bond b=80 = 0.863233542554
    Eigs at center bond b=80: 0.7664 0.0944 0.0931 0.0256 0.0046 0.0046 0.0036 0.0035 
    Largest link dim during sweep 109/1000 was 98
    Largest truncation error: 9.825304857760705e-09
    Energy after sweep 109/1000 is -60.115453555583
    Sweep 109/1000 CPU time = 11.89s (Wall time = 11.92s)
    Energy change:-6.369880622969504e-08

    vN Entropy at center bond b=80 = 0.863371143816
    Eigs at center bond b=80: 0.7664 0.0943 0.0932 0.0256 0.0046 0.0046 0.0036 0.0035 
    Largest link dim during sweep 110/1000 was 98
    Largest truncation error: 9.8253440254507e-09
    Energy after sweep 110/1000 is -60.115453602724
    Sweep 110/1000 CPU time = 11.89s (Wall time = 11.92s)
    Energy change:-4.714166834673961e-08

    vN Entropy at center bond b=80 = 0.863486435574
    Eigs at center bond b=80: 0.7664 0.0943 0.0932 0.0256 0.0046 0.0046 0.0036 0.0035 
    Largest link dim during sweep 111/1000 was 98
    Largest truncation error: 9.825376564297844e-09
    Energy after sweep 111/1000 is -60.115453628295
    Sweep 111/1000 CPU time = 11.88s (Wall time = 11.91s)
    Energy change:-2.55705572271836e-08

    vN Entropy at center bond b=80 = 0.863582868857
    Eigs at center bond b=80: 0.7663 0.0943 0.0933 0.0256 0.0046 0.0046 0.0036 0.0035 
    Largest link dim during sweep 112/1000 was 98
    Largest truncation error: 9.825403660056459e-09
    Energy after sweep 112/1000 is -60.115453677976
    Sweep 112/1000 CPU time = 11.88s (Wall time = 11.92s)
    Energy change:-4.968136124716693e-08

    vN Entropy at center bond b=80 = 0.863663806453
    Eigs at center bond b=80: 0.7663 0.0942 0.0934 0.0256 0.0046 0.0046 0.0036 0.0035 
    Largest link dim during sweep 113/1000 was 98
    Largest truncation error: 9.825425687935028e-09
    Energy after sweep 113/1000 is -60.115453731296
    Sweep 113/1000 CPU time = 11.89s (Wall time = 11.92s)
    Energy change:-5.331995822643876e-08

    vN Entropy at center bond b=80 = 0.863732298296
    Eigs at center bond b=80: 0.7663 0.0942 0.0934 0.0256 0.0046 0.0046 0.0036 0.0035 
    Largest link dim during sweep 114/1000 was 98
    Largest truncation error: 9.825444130516578e-09
    Energy after sweep 114/1000 is -60.115453746643
    Sweep 114/1000 CPU time = 11.88s (Wall time = 11.92s)
    Energy change:-1.534672122716074e-08

    vN Entropy at center bond b=80 = 0.863790845475
    Eigs at center bond b=80: 0.7663 0.0942 0.0934 0.0256 0.0046 0.0046 0.0036 0.0035 
    Largest link dim during sweep 115/1000 was 98
    Largest truncation error: 9.825459550489662e-09
    Energy after sweep 115/1000 is -60.115453786854
    Sweep 115/1000 CPU time = 11.88s (Wall time = 11.91s)
    Energy change:-4.021128319209311e-08

    vN Entropy at center bond b=80 = 0.863839780390
    Eigs at center bond b=80: 0.7662 0.0941 0.0935 0.0256 0.0046 0.0046 0.0036 0.0035 
    Largest link dim during sweep 116/1000 was 98
    Largest truncation error: 9.825472470601151e-09
    Energy after sweep 116/1000 is -60.115453809082
    Sweep 116/1000 CPU time = 11.88s (Wall time = 11.91s)
    Energy change:-2.222735417944932e-08

    vN Entropy at center bond b=80 = 0.863883113349
    Eigs at center bond b=80: 0.7662 0.0941 0.0935 0.0257 0.0046 0.0046 0.0036 0.0035 
    Largest link dim during sweep 117/1000 was 98
    Largest truncation error: 9.825483561987579e-09
    Energy after sweep 117/1000 is -60.115453884602
    Sweep 117/1000 CPU time = 11.89s (Wall time = 11.92s)
    Energy change:-7.552081626727158e-08

    vN Entropy at center bond b=80 = 0.863921712298
    Eigs at center bond b=80: 0.7662 0.0941 0.0935 0.0257 0.0046 0.0046 0.0036 0.0035 
    Largest link dim during sweep 118/1000 was 98
    Largest truncation error: 9.825492790551234e-09
    Energy after sweep 118/1000 is -60.115453891936
    Sweep 118/1000 CPU time = 11.87s (Wall time = 11.91s)
    Energy change:-7.333419205224345e-09

    Energy has converged -> stop the DMRG.
Final energy=-60.11545389193578
Time=1074 sec
Nup =10 Ndown = 10L = 80 W = 2
