1_Dn 3_Up 5_Dn 7_Up 9_Dn 11_Up 13_Dn 15_Up 17_Dn 19_Up 2_Up 4_Dn 6_Up 8_Dn 10_Up 12_Dn 14_Up 16_Dn 18_Up 20_Dn Initial energy=0
    vN Entropy at center bond b=80 = -0.000000000000
    Eigs at center bond b=80: 1.0000 
    Largest link dim during sweep 1/1000 was 10
    Largest truncation error: 0.01319255136983487
    Energy after sweep 1/1000 is -60.324649303388
    Sweep 1/1000 CPU time = 0.241s (Wall time = 0.244s)
    Energy change:-60.32464930338799

    vN Entropy at center bond b=80 = -0.000000000000
    Eigs at center bond b=80: 1.0000 
    Largest link dim during sweep 2/1000 was 20
    Largest truncation error: 0.003438308838269499
    Energy after sweep 2/1000 is -63.925411857014
    Sweep 2/1000 CPU time = 0.815s (Wall time = 0.842s)
    Energy change:-3.600762553625692

    vN Entropy at center bond b=80 = -0.000000000000
    Eigs at center bond b=80: 1.0000 
    Largest link dim during sweep 3/1000 was 50
    Largest truncation error: 0.0001399326213656501
    Energy after sweep 3/1000 is -65.480345380663
    Sweep 3/1000 CPU time = 1.557s (Wall time = 1.686s)
    Energy change:-1.554933523648984

    vN Entropy at center bond b=80 = -0.000000000000
    Eigs at center bond b=80: 1.0000 
    Largest link dim during sweep 4/1000 was 100
    Largest truncation error: 7.013451054139501e-05
    Energy after sweep 4/1000 is -66.545716222803
    Sweep 4/1000 CPU time = 2.312s (Wall time = 2.511s)
    Energy change:-1.06537084214078

    vN Entropy at center bond b=80 = -0.000000000000
    Eigs at center bond b=80: 1.0000 
    Largest link dim during sweep 5/1000 was 185
    Largest truncation error: 8.455639126665741e-06
    Energy after sweep 5/1000 is -67.431832474072
    Sweep 5/1000 CPU time = 2.849s (Wall time = 2.980s)
    Energy change:-0.8861162512686889

    vN Entropy at center bond b=80 = -0.000000000000
    Eigs at center bond b=80: 1.0000 
    Largest link dim during sweep 6/1000 was 148
    Largest truncation error: 9.139521108228614e-06
    Energy after sweep 6/1000 is -68.235678207378
    Sweep 6/1000 CPU time = 3.083s (Wall time = 3.227s)
    Energy change:-0.8038457333056783

    vN Entropy at center bond b=80 = -0.000000000000
    Eigs at center bond b=80: 1.0000 
    Largest link dim during sweep 7/1000 was 139
    Largest truncation error: 8.726302955011107e-06
    Energy after sweep 7/1000 is -68.965032927771
    Sweep 7/1000 CPU time = 3.067s (Wall time = 3.203s)
    Energy change:-0.7293547203930899

    vN Entropy at center bond b=80 = -0.000000000000
    Eigs at center bond b=80: 1.0000 
    Largest link dim during sweep 8/1000 was 108
    Largest truncation error: 8.671617429922519e-06
    Energy after sweep 8/1000 is -69.676795294563
    Sweep 8/1000 CPU time = 2.905s (Wall time = 2.993s)
    Energy change:-0.7117623667922857

    vN Entropy at center bond b=80 = -0.000000000000
    Eigs at center bond b=80: 1.0000 
    Largest link dim during sweep 9/1000 was 102
    Largest truncation error: 8.805318178295575e-06
    Energy after sweep 9/1000 is -70.209614414333
    Sweep 9/1000 CPU time = 2.901s (Wall time = 2.940s)
    Energy change:-0.5328191197700534

    vN Entropy at center bond b=80 = -0.000000000000
    Eigs at center bond b=80: 1.0000 
    Largest link dim during sweep 10/1000 was 92
    Largest truncation error: 9.013161460965752e-06
    Energy after sweep 10/1000 is -70.659628348457
    Sweep 10/1000 CPU time = 2.949s (Wall time = 2.983s)
    Energy change:-0.4500139341235609

    vN Entropy at center bond b=80 = -0.000000000000
    Eigs at center bond b=80: 1.0000 
    Largest link dim during sweep 11/1000 was 66
    Largest truncation error: 8.244771126498813e-06
    Energy after sweep 11/1000 is -71.042074597117
    Sweep 11/1000 CPU time = 2.932s (Wall time = 2.960s)
    Energy change:-0.3824462486599884

    vN Entropy at center bond b=80 = -0.000000000000
    Eigs at center bond b=80: 1.0000 
    Largest link dim during sweep 12/1000 was 59
    Largest truncation error: 8.581830008940687e-06
    Energy after sweep 12/1000 is -71.352157994469
    Sweep 12/1000 CPU time = 3.021s (Wall time = 3.038s)
    Energy change:-0.3100833973522867

    vN Entropy at center bond b=80 = -0.000000000000
    Eigs at center bond b=80: 1.0000 
    Largest link dim during sweep 13/1000 was 56
    Largest truncation error: 8.508889068735151e-06
    Energy after sweep 13/1000 is -71.596919942786
    Sweep 13/1000 CPU time = 3.167s (Wall time = 3.178s)
    Energy change:-0.2447619483172616

    vN Entropy at center bond b=80 = -0.000000000000
    Eigs at center bond b=80: 1.0000 
    Largest link dim during sweep 14/1000 was 53
    Largest truncation error: 8.24847008797207e-06
    Energy after sweep 14/1000 is -71.803699183786
    Sweep 14/1000 CPU time = 3.291s (Wall time = 3.303s)
    Energy change:-0.2067792409991966

    vN Entropy at center bond b=80 = -0.000000000000
    Eigs at center bond b=80: 1.0000 
    Largest link dim during sweep 15/1000 was 51
    Largest truncation error: 8.461563022732222e-06
    Energy after sweep 15/1000 is -71.968740505867
    Sweep 15/1000 CPU time = 3.406s (Wall time = 3.416s)
    Energy change:-0.1650413220818763

    vN Entropy at center bond b=80 = -0.000000000000
    Eigs at center bond b=80: 1.0000 
    Largest link dim during sweep 16/1000 was 47
    Largest truncation error: 8.508576014096705e-06
    Energy after sweep 16/1000 is -72.110223160615
    Sweep 16/1000 CPU time = 3.475s (Wall time = 3.494s)
    Energy change:-0.1414826547474206

    vN Entropy at center bond b=80 = 0.006218030181
    Eigs at center bond b=80: 0.9993 
    Largest link dim during sweep 17/1000 was 46
    Largest truncation error: 9.379154775134391e-06
    Energy after sweep 17/1000 is -72.225865677149
    Sweep 17/1000 CPU time = 3.549s (Wall time = 3.561s)
    Energy change:-0.1156425165345922

    vN Entropy at center bond b=80 = 0.154477526901
    Eigs at center bond b=80: 0.9728 0.0139 0.0065 0.0063 
    Largest link dim during sweep 18/1000 was 44
    Largest truncation error: 8.890856710790443e-06
    Energy after sweep 18/1000 is -72.324118333344
    Sweep 18/1000 CPU time = 3.567s (Wall time = 3.577s)
    Energy change:-0.09825265619450363

    vN Entropy at center bond b=80 = 0.650279408086
    Eigs at center bond b=80: 0.8061 0.1400 0.0263 0.0263 
    Largest link dim during sweep 19/1000 was 43
    Largest truncation error: 9.113400085185665e-06
    Energy after sweep 19/1000 is -72.408532109331
    Sweep 19/1000 CPU time = 3.634s (Wall time = 3.646s)
    Energy change:-0.08441377598710176

    vN Entropy at center bond b=80 = 0.982405132917
    Eigs at center bond b=80: 0.5076 0.4106 0.0397 0.0397 0.0011 0.0011 
    Largest link dim during sweep 20/1000 was 42
    Largest truncation error: 8.777824785530703e-06
    Energy after sweep 20/1000 is -72.479696343270
    Sweep 20/1000 CPU time = 3.690s (Wall time = 3.702s)
    Energy change:-0.07116423393890159

    vN Entropy at center bond b=80 = 0.851259142834
    Eigs at center bond b=80: 0.6889 0.2423 0.0323 0.0323 0.0013 0.0010 0.0010 
    Largest link dim during sweep 21/1000 was 41
    Largest truncation error: 8.681208821025933e-06
    Energy after sweep 21/1000 is -72.546917844742
    Sweep 21/1000 CPU time = 3.788s (Wall time = 3.798s)
    Energy change:-0.06722150147204786

    vN Entropy at center bond b=80 = 0.574270946308
    Eigs at center bond b=80: 0.8681 0.0772 0.0166 0.0165 0.0061 0.0050 0.0045 0.0045 
    Largest link dim during sweep 22/1000 was 41
    Largest truncation error: 8.723692569162709e-06
    Energy after sweep 22/1000 is -72.607374632745
    Sweep 22/1000 CPU time = 3.839s (Wall time = 3.849s)
    Energy change:-0.06045678800325049

    vN Entropy at center bond b=80 = 0.628620506248
    Eigs at center bond b=80: 0.8618 0.0640 0.0181 0.0179 0.0179 0.0068 0.0059 0.0059 
    Largest link dim during sweep 23/1000 was 39
    Largest truncation error: 9.323514640757898e-06
    Energy after sweep 23/1000 is -72.657518103185
    Sweep 23/1000 CPU time = 3.867s (Wall time = 3.878s)
    Energy change:-0.05014347044011913

    vN Entropy at center bond b=80 = 0.876577938131
    Eigs at center bond b=80: 0.7115 0.2083 0.0334 0.0334 0.0046 0.0033 0.0016 0.0016 0.0011 0.0011 
    Largest link dim during sweep 24/1000 was 39
    Largest truncation error: 9.427242776907586e-06
    Energy after sweep 24/1000 is -72.701392013689
    Sweep 24/1000 CPU time = 3.912s (Wall time = 3.924s)
    Energy change:-0.04387391050322265

    vN Entropy at center bond b=80 = 1.013652970673
    Eigs at center bond b=80: 0.4861 0.4272 0.0404 0.0404 0.0018 0.0013 0.0013 
    Largest link dim during sweep 25/1000 was 38
    Largest truncation error: 9.355302214858332e-06
    Energy after sweep 25/1000 is -72.744412700786
    Sweep 25/1000 CPU time = 3.942s (Wall time = 3.956s)
    Energy change:-0.04302068709765194

    vN Entropy at center bond b=80 = 0.923096833247
    Eigs at center bond b=80: 0.6428 0.2798 0.0353 0.0353 0.0022 0.0012 0.0012 
    Largest link dim during sweep 26/1000 was 38
    Largest truncation error: 9.859087222621441e-06
    Energy after sweep 26/1000 is -72.781733385367
    Sweep 26/1000 CPU time = 3.921s (Wall time = 3.935s)
    Energy change:-0.0373206845811751

    vN Entropy at center bond b=80 = 0.741809126565
    Eigs at center bond b=80: 0.7974 0.1347 0.0238 0.0237 0.0060 0.0058 0.0033 0.0033 
    Largest link dim during sweep 27/1000 was 37
    Largest truncation error: 8.627084198296138e-06
    Energy after sweep 27/1000 is -72.815613419574
    Sweep 27/1000 CPU time = 3.959s (Wall time = 3.972s)
    Energy change:-0.03388003420705843

    vN Entropy at center bond b=80 = 0.654830173217
    Eigs at center bond b=80: 0.8590 0.0535 0.0314 0.0127 0.0127 0.0101 0.0101 0.0090 
    Largest link dim during sweep 28/1000 was 37
    Largest truncation error: 9.730239519043164e-06
    Energy after sweep 28/1000 is -72.846281029366
    Sweep 28/1000 CPU time = 3.939s (Wall time = 3.952s)
    Energy change:-0.03066760979169203

    vN Entropy at center bond b=80 = 0.721466322735
    Eigs at center bond b=80: 0.8277 0.0916 0.0197 0.0197 0.0191 0.0088 0.0058 0.0058 
    Largest link dim during sweep 29/1000 was 36
    Largest truncation error: 8.415526637583875e-06
    Energy after sweep 29/1000 is -72.873103004410
    Sweep 29/1000 CPU time = 3.933s (Wall time = 3.946s)
    Energy change:-0.02682197504424266

    vN Entropy at center bond b=80 = 0.859448499017
    Eigs at center bond b=80: 0.7312 0.1911 0.0290 0.0290 0.0066 0.0062 0.0024 0.0024 
    Largest link dim during sweep 30/1000 was 35
    Largest truncation error: 9.70644164788338e-06
    Energy after sweep 30/1000 is -72.897560919683
    Sweep 30/1000 CPU time = 3.934s (Wall time = 3.947s)
    Energy change:-0.02445791527297558

    vN Entropy at center bond b=80 = 0.974181408807
    Eigs at center bond b=80: 0.5944 0.3250 0.0353 0.0352 0.0040 0.0017 0.0012 0.0011 
    Largest link dim during sweep 31/1000 was 35
    Largest truncation error: 9.283916212714408e-06
    Energy after sweep 31/1000 is -72.919915529332
    Sweep 31/1000 CPU time = 3.960s (Wall time = 3.975s)
    Energy change:-0.02235460964814706

    vN Entropy at center bond b=80 = 0.999294083792
    Eigs at center bond b=80: 0.4704 0.4502 0.0366 0.0366 0.0021 0.0012 0.0012 
    Largest link dim during sweep 32/1000 was 33
    Largest truncation error: 8.843373410353443e-06
    Energy after sweep 32/1000 is -72.940663632157
    Sweep 32/1000 CPU time = 3.975s (Wall time = 3.988s)
    Energy change:-0.02074810282590533

    vN Entropy at center bond b=80 = 0.943287206425
    Eigs at center bond b=80: 0.6057 0.3202 0.0338 0.0337 0.0019 0.0011 0.0011 
    Largest link dim during sweep 33/1000 was 34
    Largest truncation error: 8.852785945273809e-06
    Energy after sweep 33/1000 is -72.959636508947
    Sweep 33/1000 CPU time = 3.981s (Wall time = 3.994s)
    Energy change:-0.01897287678932003

    vN Entropy at center bond b=80 = 0.841797838744
    Eigs at center bond b=80: 0.7199 0.2118 0.0280 0.0279 0.0044 0.0024 0.0016 0.0016 
    Largest link dim during sweep 34/1000 was 34
    Largest truncation error: 8.391347807498505e-06
    Energy after sweep 34/1000 is -72.977572031986
    Sweep 34/1000 CPU time = 3.958s (Wall time = 3.968s)
    Energy change:-0.01793552303912804

    vN Entropy at center bond b=80 = 0.742271458282
    Eigs at center bond b=80: 0.7989 0.1341 0.0214 0.0214 0.0082 0.0067 0.0037 0.0037 
    Largest link dim during sweep 35/1000 was 33
    Largest truncation error: 8.234642299765928e-06
    Energy after sweep 35/1000 is -72.993785435007
    Sweep 35/1000 CPU time = 3.970s (Wall time = 3.981s)
    Energy change:-0.0162134030207568

    vN Entropy at center bond b=80 = 0.680523964316
    Eigs at center bond b=80: 0.8433 0.0801 0.0216 0.0152 0.0152 0.0087 0.0071 0.0071 
    Largest link dim during sweep 36/1000 was 32
    Largest truncation error: 8.562461061866687e-06
    Energy after sweep 36/1000 is -73.009240248831
    Sweep 36/1000 CPU time = 3.931s (Wall time = 3.942s)
    Energy change:-0.01545481382457581

    vN Entropy at center bond b=80 = 0.677067758826
    Eigs at center bond b=80: 0.8520 0.0476 0.0452 0.0118 0.0118 0.0101 0.0101 0.0098 
    Largest link dim during sweep 37/1000 was 32
    Largest truncation error: 9.569985035498059e-06
    Energy after sweep 37/1000 is -73.023613748488
    Sweep 37/1000 CPU time = 3.913s (Wall time = 3.924s)
    Energy change:-0.01437349965671331

    vN Entropy at center bond b=80 = 0.715672903881
    Eigs at center bond b=80: 0.8314 0.0862 0.0246 0.0171 0.0171 0.0094 0.0063 0.0063 
    Largest link dim during sweep 38/1000 was 32
    Largest truncation error: 8.8990903415807e-06
    Energy after sweep 38/1000 is -73.037511878491
    Sweep 38/1000 CPU time = 3.915s (Wall time = 3.926s)
    Energy change:-0.01389813000295703

    vN Entropy at center bond b=80 = 0.782784884754
    Eigs at center bond b=80: 0.7869 0.1380 0.0223 0.0223 0.0128 0.0082 0.0038 0.0038 
    Largest link dim during sweep 39/1000 was 31
    Largest truncation error: 8.44156617701441e-06
    Energy after sweep 39/1000 is -73.050485350055
    Sweep 39/1000 CPU time = 3.891s (Wall time = 3.907s)
    Energy change:-0.01297347156378237

    vN Entropy at center bond b=80 = 0.864813048303
    Eigs at center bond b=80: 0.7193 0.2073 0.0271 0.0271 0.0066 0.0063 0.0022 0.0021 
    Largest link dim during sweep 40/1000 was 31
    Largest truncation error: 8.538236772570836e-06
    Energy after sweep 40/1000 is -73.062829215978
    Sweep 40/1000 CPU time = 3.922s (Wall time = 3.933s)
    Energy change:-0.01234386592331305

    vN Entropy at center bond b=80 = 0.933046275908
    Eigs at center bond b=80: 0.6392 0.2869 0.0307 0.0307 0.0050 0.0029 0.0012 0.0012 
    Largest link dim during sweep 41/1000 was 31
    Largest truncation error: 9.262448037202716e-06
    Energy after sweep 41/1000 is -73.074668669748
    Sweep 41/1000 CPU time = 3.921s (Wall time = 3.931s)
    Energy change:-0.0118394537702784

    vN Entropy at center bond b=80 = 0.973563721624
    Eigs at center bond b=80: 0.5536 0.3727 0.0327 0.0326 0.0035 0.0013 0.0011 0.0011 
    Largest link dim during sweep 42/1000 was 30
    Largest truncation error: 8.6587160481811e-06
    Energy after sweep 42/1000 is -73.085749532010
    Sweep 42/1000 CPU time = 3.896s (Wall time = 3.907s)
    Energy change:-0.01108086226135185

    vN Entropy at center bond b=80 = 0.982608740861
    Eigs at center bond b=80: 0.4685 0.4589 0.0332 0.0331 0.0022 0.0011 0.0011 
    Largest link dim during sweep 43/1000 was 30
    Largest truncation error: 8.293776485682002e-06
    Energy after sweep 43/1000 is -73.095744156796
    Sweep 43/1000 CPU time = 3.908s (Wall time = 3.919s)
    Energy change:-0.009994624786713757

    vN Entropy at center bond b=80 = 0.963625417026
    Eigs at center bond b=80: 0.5396 0.3901 0.0321 0.0321 0.0014 0.0014 0.0010 0.0010 
    Largest link dim during sweep 44/1000 was 30
    Largest truncation error: 8.557576351159582e-06
    Energy after sweep 44/1000 is -73.105466733552
    Sweep 44/1000 CPU time = 3.879s (Wall time = 3.890s)
    Energy change:-0.009722576755208934

    vN Entropy at center bond b=80 = 0.922020539989
    Eigs at center bond b=80: 0.6180 0.3147 0.0299 0.0299 0.0026 
    Largest link dim during sweep 45/1000 was 30
    Largest truncation error: 9.510600908779979e-06
    Energy after sweep 45/1000 is -73.114677432723
    Sweep 45/1000 CPU time = 3.873s (Wall time = 3.884s)
    Energy change:-0.009210699171944725

    vN Entropy at center bond b=80 = 0.867026759225
    Eigs at center bond b=80: 0.6847 0.2509 0.0271 0.0271 0.0039 0.0018 0.0011 0.0011 
    Largest link dim during sweep 46/1000 was 29
    Largest truncation error: 8.719400054458887e-06
    Energy after sweep 46/1000 is -73.123244085879
    Sweep 46/1000 CPU time = 3.831s (Wall time = 3.842s)
    Energy change:-0.008566653155710924

    vN Entropy at center bond b=80 = 0.805274929490
    Eigs at center bond b=80: 0.7415 0.1964 0.0239 0.0239 0.0050 0.0037 0.0018 0.0018 
    Largest link dim during sweep 47/1000 was 29
    Largest truncation error: 9.538118001435174e-06
    Energy after sweep 47/1000 is -73.131376248901
    Sweep 47/1000 CPU time = 3.857s (Wall time = 3.870s)
    Energy change:-0.008132163021826955

    vN Entropy at center bond b=80 = 0.748226881902
    Eigs at center bond b=80: 0.7872 0.1507 0.0204 0.0204 0.0074 0.0064 0.0029 0.0029 
    Largest link dim during sweep 48/1000 was 29
    Largest truncation error: 9.246118393472824e-06
    Energy after sweep 48/1000 is -73.139678938829
    Sweep 48/1000 CPU time = 3.846s (Wall time = 3.858s)
    Energy change:-0.008302689928328277

    vN Entropy at center bond b=80 = 0.700698609554
    Eigs at center bond b=80: 0.8216 0.1132 0.0170 0.0170 0.0134 0.0076 0.0044 0.0044 
    Largest link dim during sweep 49/1000 was 29
    Largest truncation error: 9.262097686661398e-06
    Energy after sweep 49/1000 is -73.146920548217
    Sweep 49/1000 CPU time = 3.842s (Wall time = 3.857s)
    Energy change:-0.007241609387421022

    vN Entropy at center bond b=80 = 0.669706645327
    Eigs at center bond b=80: 0.8437 0.0841 0.0221 0.0139 0.0139 0.0086 0.0062 0.0062 
    Largest link dim during sweep 50/1000 was 29
    Largest truncation error: 8.324782989304165e-06
    Energy after sweep 50/1000 is -73.154187586338
    Sweep 50/1000 CPU time = 3.820s (Wall time = 3.831s)
    Energy change:-0.007267038120829739

    vN Entropy at center bond b=80 = 0.656168185883
    Eigs at center bond b=80: 0.8543 0.0623 0.0339 0.0113 0.0113 0.0092 0.0082 0.0082 
    Largest link dim during sweep 51/1000 was 28
    Largest truncation error: 9.160300557169514e-06
    Energy after sweep 51/1000 is -73.160257265833
    Sweep 51/1000 CPU time = 3.840s (Wall time = 3.854s)
    Energy change:-0.00606967949556747

    vN Entropy at center bond b=80 = 0.656258358761
    Eigs at center bond b=80: 0.8558 0.0489 0.0458 0.0105 0.0105 0.0094 0.0089 0.0089 
    Largest link dim during sweep 52/1000 was 27
    Largest truncation error: 8.631454435017771e-06
    Energy after sweep 52/1000 is -73.166132430748
    Sweep 52/1000 CPU time = 3.811s (Wall time = 3.825s)
    Energy change:-0.005875164914741049

    vN Entropy at center bond b=80 = 0.661615178589
    Eigs at center bond b=80: 0.8516 0.0661 0.0325 0.0129 0.0128 0.0090 0.0070 0.0069 
    Largest link dim during sweep 53/1000 was 28
    Largest truncation error: 9.841119521537339e-06
    Energy after sweep 53/1000 is -73.171553095155
    Sweep 53/1000 CPU time = 3.790s (Wall time = 3.802s)
    Energy change:-0.005420664407452591

    vN Entropy at center bond b=80 = 0.684561123184
    Eigs at center bond b=80: 0.8383 0.0868 0.0235 0.0152 0.0152 0.0087 0.0054 0.0054 
    Largest link dim during sweep 54/1000 was 27
    Largest truncation error: 9.697212710627619e-06
    Energy after sweep 54/1000 is -73.176684970986
    Sweep 54/1000 CPU time = 3.796s (Wall time = 3.808s)
    Energy change:-0.005131875830926447

    vN Entropy at center bond b=80 = 0.718044729046
    Eigs at center bond b=80: 0.8175 0.1124 0.0177 0.0177 0.0167 0.0082 0.0042 0.0042 
    Largest link dim during sweep 55/1000 was 27
    Largest truncation error: 8.489835799742251e-06
    Energy after sweep 55/1000 is -73.182217379025
    Sweep 55/1000 CPU time = 3.801s (Wall time = 3.814s)
    Energy change:-0.005532408039130132

    vN Entropy at center bond b=80 = 0.751016857395
    Eigs at center bond b=80: 0.7931 0.1403 0.0200 0.0200 0.0115 0.0074 0.0031 0.0031 
    Largest link dim during sweep 56/1000 was 27
    Largest truncation error: 9.481021125891771e-06
    Energy after sweep 56/1000 is -73.185849473840
    Sweep 56/1000 CPU time = 3.789s (Wall time = 3.801s)
    Energy change:-0.003632094814619791

    vN Entropy at center bond b=80 = 0.788908260756
    Eigs at center bond b=80: 0.7634 0.1716 0.0222 0.0221 0.0079 0.0066 0.0023 0.0023 
    Largest link dim during sweep 57/1000 was 27
    Largest truncation error: 8.599276880094319e-06
    Energy after sweep 57/1000 is -73.189922083461
    Sweep 57/1000 CPU time = 3.786s (Wall time = 3.796s)
    Energy change:-0.004072609620891399

    vN Entropy at center bond b=80 = 0.828690503391
    Eigs at center bond b=80: 0.7291 0.2062 0.0241 0.0241 0.0059 0.0055 0.0017 0.0017 
    Largest link dim during sweep 58/1000 was 29
    Largest truncation error: 8.62746816560388e-06
    Energy after sweep 58/1000 is -73.192569043632
    Sweep 58/1000 CPU time = 3.802s (Wall time = 3.815s)
    Energy change:-0.002646960171006185

    vN Entropy at center bond b=80 = 0.862079535272
    Eigs at center bond b=80: 0.6939 0.2416 0.0258 0.0257 0.0050 0.0036 0.0013 0.0013 
    Largest link dim during sweep 59/1000 was 27
    Largest truncation error: 8.623924617601671e-06
    Energy after sweep 59/1000 is -73.194891012381
    Sweep 59/1000 CPU time = 3.783s (Wall time = 3.793s)
    Energy change:-0.00232196874921442

    vN Entropy at center bond b=80 = 0.889018528724
    Eigs at center bond b=80: 0.6600 0.2754 0.0271 0.0271 0.0043 0.0024 
    Largest link dim during sweep 60/1000 was 28
    Largest truncation error: 8.459347235106489e-06
    Energy after sweep 60/1000 is -73.196530481898
    Sweep 60/1000 CPU time = 3.772s (Wall time = 3.783s)
    Energy change:-0.001639469516490522

    vN Entropy at center bond b=80 = 0.912595380673
    Eigs at center bond b=80: 0.6255 0.3095 0.0282 0.0282 0.0036 0.0017 
    Largest link dim during sweep 61/1000 was 26
    Largest truncation error: 8.309091714156626e-06
    Energy after sweep 61/1000 is -73.198180240337
    Sweep 61/1000 CPU time = 3.736s (Wall time = 3.747s)
    Energy change:-0.001649758439583593

    vN Entropy at center bond b=80 = 0.930199839843
    Eigs at center bond b=80: 0.5928 0.3419 0.0289 0.0289 0.0031 0.0012 
    Largest link dim during sweep 62/1000 was 26
    Largest truncation error: 8.648781709362819e-06
    Energy after sweep 62/1000 is -73.199671486327
    Sweep 62/1000 CPU time = 3.720s (Wall time = 3.731s)
    Energy change:-0.001491245989299728

    vN Entropy at center bond b=80 = 0.941325614497
    Eigs at center bond b=80: 0.5606 0.3744 0.0294 0.0294 0.0025 
    Largest link dim during sweep 63/1000 was 25
    Largest truncation error: 8.721620925014196e-06
    Energy after sweep 63/1000 is -73.201137742879
    Sweep 63/1000 CPU time = 3.736s (Wall time = 3.747s)
    Energy change:-0.001466256552319578

    vN Entropy at center bond b=80 = 0.949798411290
    Eigs at center bond b=80: 0.5263 0.4089 0.0297 0.0297 0.0021 
    Largest link dim during sweep 64/1000 was 24
    Largest truncation error: 8.638986324966098e-06
    Energy after sweep 64/1000 is -73.202736672492
    Sweep 64/1000 CPU time = 3.799s (Wall time = 3.811s)
    Energy change:-0.001598929613265909

    vN Entropy at center bond b=80 = 0.952921041624
    Eigs at center bond b=80: 0.4924 0.4432 0.0298 0.0298 0.0018 
    Largest link dim during sweep 65/1000 was 24
    Largest truncation error: 8.424351993608187e-06
    Energy after sweep 65/1000 is -73.203422396476
    Sweep 65/1000 CPU time = 3.753s (Wall time = 3.762s)
    Energy change:-0.0006857239842474883

    vN Entropy at center bond b=80 = 0.951644748435
    Eigs at center bond b=80: 0.4737 0.4623 0.0298 0.0298 0.0015 
    Largest link dim during sweep 66/1000 was 25
    Largest truncation error: 8.616999589717404e-06
    Energy after sweep 66/1000 is -73.204240098457
    Sweep 66/1000 CPU time = 3.700s (Wall time = 3.714s)
    Energy change:-0.0008177019808073283

    vN Entropy at center bond b=80 = 0.947309665156
    Eigs at center bond b=80: 0.5010 0.4355 0.0296 0.0296 0.0013 
    Largest link dim during sweep 67/1000 was 25
    Largest truncation error: 8.576341973248615e-06
    Energy after sweep 67/1000 is -73.204867677452
    Sweep 67/1000 CPU time = 3.709s (Wall time = 3.721s)
    Energy change:-0.0006275789946812438

    vN Entropy at center bond b=80 = 0.941550004807
    Eigs at center bond b=80: 0.5258 0.4112 0.0294 0.0294 0.0011 
    Largest link dim during sweep 68/1000 was 25
    Largest truncation error: 8.502872115875035e-06
    Energy after sweep 68/1000 is -73.205825551511
    Sweep 68/1000 CPU time = 3.673s (Wall time = 3.685s)
    Energy change:-0.0009578740586704271

    vN Entropy at center bond b=80 = 0.933689188547
    Eigs at center bond b=80: 0.5485 0.3890 0.0291 0.0291 
    Largest link dim during sweep 69/1000 was 25
    Largest truncation error: 8.711827638151286e-06
    Energy after sweep 69/1000 is -73.206244068696
    Sweep 69/1000 CPU time = 3.685s (Wall time = 3.695s)
    Energy change:-0.0004185171857216119

    vN Entropy at center bond b=80 = 0.925456219769
    Eigs at center bond b=80: 0.5690 0.3691 0.0287 0.0287 0.0012 
    Largest link dim during sweep 70/1000 was 25
    Largest truncation error: 8.518982601898329e-06
    Energy after sweep 70/1000 is -73.206859143902
    Sweep 70/1000 CPU time = 3.679s (Wall time = 3.691s)
    Energy change:-0.0006150752059568276

    vN Entropy at center bond b=80 = 0.915387555876
    Eigs at center bond b=80: 0.5887 0.3501 0.0282 0.0281 0.0015 
    Largest link dim during sweep 71/1000 was 24
    Largest truncation error: 8.510665701520385e-06
    Energy after sweep 71/1000 is -73.207196955326
    Sweep 71/1000 CPU time = 3.647s (Wall time = 3.658s)
    Energy change:-0.0003378114236625152

    vN Entropy at center bond b=80 = 0.904697517535
    Eigs at center bond b=80: 0.6068 0.3326 0.0277 0.0277 0.0017 
    Largest link dim during sweep 72/1000 was 24
    Largest truncation error: 8.505053896006939e-06
    Energy after sweep 72/1000 is -73.207677598860
    Sweep 72/1000 CPU time = 3.638s (Wall time = 3.650s)
    Energy change:-0.0004806435340327653

    vN Entropy at center bond b=80 = 0.893131630739
    Eigs at center bond b=80: 0.6236 0.3165 0.0272 0.0272 0.0018 
    Largest link dim during sweep 73/1000 was 25
    Largest truncation error: 8.347048928517613e-06
    Energy after sweep 73/1000 is -73.208049712015
    Sweep 73/1000 CPU time = 3.654s (Wall time = 3.666s)
    Energy change:-0.0003721131548104495

    vN Entropy at center bond b=80 = 0.881033921753
    Eigs at center bond b=80: 0.6398 0.3011 0.0267 0.0267 0.0019 
    Largest link dim during sweep 74/1000 was 24
    Largest truncation error: 8.336231436319492e-06
    Energy after sweep 74/1000 is -73.208358960131
    Sweep 74/1000 CPU time = 3.670s (Wall time = 3.683s)
    Energy change:-0.0003092481161246496

    vN Entropy at center bond b=80 = 0.869317909886
    Eigs at center bond b=80: 0.6541 0.2874 0.0262 0.0262 0.0021 
    Largest link dim during sweep 75/1000 was 24
    Largest truncation error: 8.435884557001991e-06
    Energy after sweep 75/1000 is -73.208628371255
    Sweep 75/1000 CPU time = 3.674s (Wall time = 3.685s)
    Energy change:-0.0002694111244636588

    vN Entropy at center bond b=80 = 0.859639411769
    Eigs at center bond b=80: 0.6673 0.2744 0.0257 0.0257 0.0024 0.0010 
    Largest link dim during sweep 76/1000 was 24
    Largest truncation error: 8.282226990617694e-06
    Energy after sweep 76/1000 is -73.208916624783
    Sweep 76/1000 CPU time = 3.690s (Wall time = 3.700s)
    Energy change:-0.0002882535276000908

    vN Entropy at center bond b=80 = 0.850920724969
    Eigs at center bond b=80: 0.6792 0.2626 0.0252 0.0252 0.0029 0.0013 
    Largest link dim during sweep 77/1000 was 23
    Largest truncation error: 8.340928202420856e-06
    Energy after sweep 77/1000 is -73.209188861820
    Sweep 77/1000 CPU time = 3.689s (Wall time = 3.700s)
    Energy change:-0.0002722370366541327

    vN Entropy at center bond b=80 = 0.842331705223
    Eigs at center bond b=80: 0.6888 0.2533 0.0248 0.0248 0.0031 0.0016 
    Largest link dim during sweep 78/1000 was 24
    Largest truncation error: 8.441168845361123e-06
    Energy after sweep 78/1000 is -73.209416891777
    Sweep 78/1000 CPU time = 3.682s (Wall time = 3.693s)
    Energy change:-0.0002280299571708611

    vN Entropy at center bond b=80 = 0.833666056272
    Eigs at center bond b=80: 0.6975 0.2449 0.0244 0.0244 0.0033 0.0017 
    Largest link dim during sweep 79/1000 was 23
    Largest truncation error: 8.500740136791278e-06
    Energy after sweep 79/1000 is -73.209468296936
    Sweep 79/1000 CPU time = 3.670s (Wall time = 3.681s)
    Energy change:-5.140515925461386e-05

    vN Entropy at center bond b=80 = 0.824997166870
    Eigs at center bond b=80: 0.7070 0.2357 0.0240 0.0239 0.0035 0.0021 0.0011 0.0010 
    Largest link dim during sweep 80/1000 was 23
    Largest truncation error: 8.547400445636372e-06
    Energy after sweep 80/1000 is -73.209675847829
    Sweep 80/1000 CPU time = 3.690s (Wall time = 3.701s)
    Energy change:-0.0002075508930516889

    vN Entropy at center bond b=80 = 0.817528097790
    Eigs at center bond b=80: 0.7155 0.2271 0.0235 0.0235 0.0037 0.0026 0.0012 0.0012 
    Largest link dim during sweep 81/1000 was 23
    Largest truncation error: 8.595571119795504e-06
    Energy after sweep 81/1000 is -73.209736417459
    Sweep 81/1000 CPU time = 3.676s (Wall time = 3.690s)
    Energy change:-6.056963043477026e-05

    vN Entropy at center bond b=80 = 0.809735174584
    Eigs at center bond b=80: 0.7233 0.2195 0.0231 0.0230 0.0039 0.0029 0.0013 0.0013 
    Largest link dim during sweep 82/1000 was 23
    Largest truncation error: 8.64269533860897e-06
    Energy after sweep 82/1000 is -73.210000852891
    Sweep 82/1000 CPU time = 3.672s (Wall time = 3.684s)
    Energy change:-0.0002644354315606279

    vN Entropy at center bond b=80 = 0.802148475974
    Eigs at center bond b=80: 0.7303 0.2126 0.0227 0.0226 0.0041 0.0032 0.0014 0.0014 
    Largest link dim during sweep 83/1000 was 23
    Largest truncation error: 8.658837391242332e-06
    Energy after sweep 83/1000 is -73.210098038436
    Sweep 83/1000 CPU time = 3.651s (Wall time = 3.662s)
    Energy change:-9.718554481707997e-05

    vN Entropy at center bond b=80 = 0.796073523955
    Eigs at center bond b=80: 0.7358 0.2073 0.0224 0.0224 0.0042 0.0034 0.0015 0.0015 
    Largest link dim during sweep 84/1000 was 23
    Largest truncation error: 8.671741908824215e-06
    Energy after sweep 84/1000 is -73.210195318602
    Sweep 84/1000 CPU time = 3.619s (Wall time = 3.630s)
    Energy change:-9.728016659948935e-05

    vN Entropy at center bond b=80 = 0.788647013117
    Eigs at center bond b=80: 0.7420 0.2012 0.0221 0.0221 0.0043 0.0036 0.0015 0.0015 
    Largest link dim during sweep 85/1000 was 23
    Largest truncation error: 8.541968024877046e-06
    Energy after sweep 85/1000 is -73.210273874617
    Sweep 85/1000 CPU time = 3.613s (Wall time = 3.626s)
    Energy change:-7.855601494100029e-05

    vN Entropy at center bond b=80 = 0.781291960159
    Eigs at center bond b=80: 0.7479 0.1955 0.0218 0.0217 0.0044 0.0039 0.0016 0.0016 
    Largest link dim during sweep 86/1000 was 23
    Largest truncation error: 8.648132684420547e-06
    Energy after sweep 86/1000 is -73.210425452685
    Sweep 86/1000 CPU time = 3.615s (Wall time = 3.628s)
    Energy change:-0.0001515780680136913

    vN Entropy at center bond b=80 = 0.774502071396
    Eigs at center bond b=80: 0.7532 0.1904 0.0215 0.0214 0.0044 0.0041 0.0017 0.0017 
    Largest link dim during sweep 87/1000 was 23
    Largest truncation error: 8.398378825170678e-06
    Energy after sweep 87/1000 is -73.210391554443
    Sweep 87/1000 CPU time = 3.618s (Wall time = 3.630s)
    Energy change:3.38982423500056e-05

    vN Entropy at center bond b=80 = 0.769219759338
    Eigs at center bond b=80: 0.7576 0.1860 0.0212 0.0211 0.0045 0.0044 0.0018 0.0018 
    Largest link dim during sweep 88/1000 was 23
    Largest truncation error: 8.465624404473272e-06
    Energy after sweep 88/1000 is -73.210480654062
    Sweep 88/1000 CPU time = 3.625s (Wall time = 3.634s)
    Energy change:-8.90996185773929e-05

    vN Entropy at center bond b=80 = 0.763858888946
    Eigs at center bond b=80: 0.7618 0.1819 0.0209 0.0209 0.0047 0.0046 0.0018 0.0018 
    Largest link dim during sweep 89/1000 was 23
    Largest truncation error: 8.338134170445376e-06
    Energy after sweep 89/1000 is -73.210775239292
    Sweep 89/1000 CPU time = 3.643s (Wall time = 3.656s)
    Energy change:-0.0002945852301365903

    vN Entropy at center bond b=80 = 0.758618036452
    Eigs at center bond b=80: 0.7657 0.1781 0.0207 0.0206 0.0049 0.0046 0.0019 0.0019 
    Largest link dim during sweep 90/1000 was 24
    Largest truncation error: 8.359468351986284e-06
    Energy after sweep 90/1000 is -73.210918126489
    Sweep 90/1000 CPU time = 3.661s (Wall time = 3.674s)
    Energy change:-0.0001428871970574619

    vN Entropy at center bond b=80 = 0.753903011368
    Eigs at center bond b=80: 0.7691 0.1748 0.0205 0.0204 0.0051 0.0046 0.0020 0.0020 
    Largest link dim during sweep 91/1000 was 22
    Largest truncation error: 8.396435673660035e-06
    Energy after sweep 91/1000 is -73.211029383785
    Sweep 91/1000 CPU time = 3.676s (Wall time = 3.686s)
    Energy change:-0.0001112572966519565

    vN Entropy at center bond b=80 = 0.749699642986
    Eigs at center bond b=80: 0.7721 0.1719 0.0203 0.0202 0.0053 0.0047 0.0020 0.0020 
    Largest link dim during sweep 92/1000 was 22
    Largest truncation error: 8.394545806228149e-06
    Energy after sweep 92/1000 is -73.211108858619
    Sweep 92/1000 CPU time = 3.682s (Wall time = 3.696s)
    Energy change:-7.947483338455186e-05

    vN Entropy at center bond b=80 = 0.746031260337
    Eigs at center bond b=80: 0.7747 0.1694 0.0201 0.0200 0.0054 0.0047 0.0021 0.0021 
    Largest link dim during sweep 93/1000 was 22
    Largest truncation error: 8.60936773825203e-06
    Energy after sweep 93/1000 is -73.211125989846
    Sweep 93/1000 CPU time = 3.679s (Wall time = 3.692s)
    Energy change:-1.713122689750435e-05

    vN Entropy at center bond b=80 = 0.742767662192
    Eigs at center bond b=80: 0.7770 0.1672 0.0199 0.0199 0.0055 0.0047 0.0021 0.0021 
    Largest link dim during sweep 94/1000 was 22
    Largest truncation error: 8.589380377627108e-06
    Energy after sweep 94/1000 is -73.211211190963
    Sweep 94/1000 CPU time = 3.687s (Wall time = 3.700s)
    Energy change:-8.520111722987167e-05

    vN Entropy at center bond b=80 = 0.739897767934
    Eigs at center bond b=80: 0.7790 0.1653 0.0198 0.0197 0.0057 0.0048 0.0021 0.0021 
    Largest link dim during sweep 95/1000 was 22
    Largest truncation error: 8.598656184140027e-06
    Energy after sweep 95/1000 is -73.211148810001
    Sweep 95/1000 CPU time = 3.681s (Wall time = 3.690s)
    Energy change:6.238096233346369e-05

    vN Entropy at center bond b=80 = 0.740279735880
    Eigs at center bond b=80: 0.7802 0.1635 0.0197 0.0196 0.0061 0.0050 0.0022 0.0022 
    Largest link dim during sweep 96/1000 was 23
    Largest truncation error: 8.414944646724383e-06
    Energy after sweep 96/1000 is -73.211192738273
    Sweep 96/1000 CPU time = 3.671s (Wall time = 3.684s)
    Energy change:-4.392827264609878e-05

    vN Entropy at center bond b=80 = 0.740229765772
    Eigs at center bond b=80: 0.7823 0.1607 0.0195 0.0194 0.0067 0.0053 0.0023 0.0023 
    Largest link dim during sweep 97/1000 was 23
    Largest truncation error: 8.418015439855172e-06
    Energy after sweep 97/1000 is -73.211143813876
    Sweep 97/1000 CPU time = 3.667s (Wall time = 3.677s)
    Energy change:4.892439733339415e-05

    vN Entropy at center bond b=80 = 0.737217341442
    Eigs at center bond b=80: 0.7851 0.1576 0.0193 0.0192 0.0071 0.0055 0.0024 0.0024 
    Largest link dim during sweep 98/1000 was 23
    Largest truncation error: 8.422878946853098e-06
    Energy after sweep 98/1000 is -73.211151264260
    Sweep 98/1000 CPU time = 3.666s (Wall time = 3.680s)
    Energy change:-7.450384302387647e-06

    Energy has converged -> stop the DMRG.
Final energy=-73.21115126426024
Time=353 sec
Nup =10 Ndown = 10L = 80 W = 2
