1_Dn 3_Up 5_Dn 7_Up 9_Dn 11_Up 13_Dn 15_Up 17_Dn 19_Up 2_Up 4_Dn 6_Up 8_Dn 10_Up 12_Dn 14_Up 16_Dn 18_Up 20_Dn Initial energy=0
    vN Entropy at center bond b=80 = -0.000000000000
    Eigs at center bond b=80: 1.0000 
    Largest link dim during sweep 1/1000 was 10
    Largest truncation error: 0.01319255151113611
    Energy after sweep 1/1000 is -60.133656927307
    Sweep 1/1000 CPU time = 0.259s (Wall time = 0.262s)
    Energy change:-60.1336569273074

    vN Entropy at center bond b=80 = -0.000000000000
    Eigs at center bond b=80: 1.0000 
    Largest link dim during sweep 2/1000 was 20
    Largest truncation error: 0.003391770235500026
    Energy after sweep 2/1000 is -64.096498219871
    Sweep 2/1000 CPU time = 0.950s (Wall time = 0.972s)
    Energy change:-3.962841292563795

    vN Entropy at center bond b=80 = -0.000000000000
    Eigs at center bond b=80: 1.0000 
    Largest link dim during sweep 3/1000 was 50
    Largest truncation error: 0.0001559514578118487
    Energy after sweep 3/1000 is -65.676536952710
    Sweep 3/1000 CPU time = 1.848s (Wall time = 1.976s)
    Energy change:-1.580038732838332

    vN Entropy at center bond b=80 = -0.000000000000
    Eigs at center bond b=80: 1.0000 
    Largest link dim during sweep 4/1000 was 100
    Largest truncation error: 6.610849664160933e-05
    Energy after sweep 4/1000 is -66.854988835314
    Sweep 4/1000 CPU time = 3.109s (Wall time = 3.339s)
    Energy change:-1.178451882604165

    vN Entropy at center bond b=80 = -0.000000000000
    Eigs at center bond b=80: 1.0000 
    Largest link dim during sweep 5/1000 was 200
    Largest truncation error: 1.444977991633303e-06
    Energy after sweep 5/1000 is -67.703682758466
    Sweep 5/1000 CPU time = 5.315s (Wall time = 5.655s)
    Energy change:-0.8486939231523678

    vN Entropy at center bond b=80 = -0.000000000000
    Eigs at center bond b=80: 1.0000 
    Largest link dim during sweep 6/1000 was 400
    Largest truncation error: 9.49404233473509e-08
    Energy after sweep 6/1000 is -68.402864563841
    Sweep 6/1000 CPU time = 7.865s (Wall time = 8.250s)
    Energy change:-0.6991818053751047

    vN Entropy at center bond b=80 = -0.000000000000
    Eigs at center bond b=80: 1.0000 
    Largest link dim during sweep 7/1000 was 358
    Largest truncation error: 8.723225010541867e-08
    Energy after sweep 7/1000 is -69.001402068874
    Sweep 7/1000 CPU time = 8.262s (Wall time = 8.666s)
    Energy change:-0.5985375050330219

    vN Entropy at center bond b=80 = -0.000000000000
    Eigs at center bond b=80: 1.0000 
    Largest link dim during sweep 8/1000 was 326
    Largest truncation error: 9.261172091955081e-08
    Energy after sweep 8/1000 is -69.549858305993
    Sweep 8/1000 CPU time = 7.864s (Wall time = 8.151s)
    Energy change:-0.5484562371184296

    vN Entropy at center bond b=80 = -0.000000000000
    Eigs at center bond b=80: 1.0000 
    Largest link dim during sweep 9/1000 was 268
    Largest truncation error: 9.076500630371424e-08
    Energy after sweep 9/1000 is -70.021857104734
    Sweep 9/1000 CPU time = 7.346s (Wall time = 7.468s)
    Energy change:-0.4719987987412537

    vN Entropy at center bond b=80 = 0.000005416566
    Eigs at center bond b=80: 1.0000 
    Largest link dim during sweep 10/1000 was 241
    Largest truncation error: 8.918565222688112e-08
    Energy after sweep 10/1000 is -70.404185861041
    Sweep 10/1000 CPU time = 7.051s (Wall time = 7.100s)
    Energy change:-0.382328756307075

    vN Entropy at center bond b=80 = 0.001728109002
    Eigs at center bond b=80: 0.9998 
    Largest link dim during sweep 11/1000 was 212
    Largest truncation error: 9.237169370149272e-08
    Energy after sweep 11/1000 is -70.748494564541
    Sweep 11/1000 CPU time = 6.772s (Wall time = 6.793s)
    Energy change:-0.3443087035000616

    vN Entropy at center bond b=80 = 0.057502770339
    Eigs at center bond b=80: 0.9914 0.0054 0.0016 0.0016 
    Largest link dim during sweep 12/1000 was 203
    Largest truncation error: 9.144575729873105e-08
    Energy after sweep 12/1000 is -71.082332358530
    Sweep 12/1000 CPU time = 6.625s (Wall time = 6.647s)
    Energy change:-0.3338377939885362

    vN Entropy at center bond b=80 = 0.264486565754
    Eigs at center bond b=80: 0.9422 0.0437 0.0068 0.0068 
    Largest link dim during sweep 13/1000 was 188
    Largest truncation error: 9.164686609191956e-08
    Energy after sweep 13/1000 is -71.338740400720
    Sweep 13/1000 CPU time = 6.501s (Wall time = 6.520s)
    Energy change:-0.2564080421901309

    vN Entropy at center bond b=80 = 0.600515185943
    Eigs at center bond b=80: 0.8088 0.1593 0.0155 0.0154 
    Largest link dim during sweep 14/1000 was 190
    Largest truncation error: 9.215539959769258e-08
    Energy after sweep 14/1000 is -71.559332233094
    Sweep 14/1000 CPU time = 6.391s (Wall time = 6.408s)
    Energy change:-0.2205918323743816

    vN Entropy at center bond b=80 = 0.855891121851
    Eigs at center bond b=80: 0.5955 0.3594 0.0217 0.0216 
    Largest link dim during sweep 15/1000 was 182
    Largest truncation error: 8.910905545097357e-08
    Energy after sweep 15/1000 is -71.766405489819
    Sweep 15/1000 CPU time = 6.415s (Wall time = 6.433s)
    Energy change:-0.2070732567250104

    vN Entropy at center bond b=80 = 0.861125638430
    Eigs at center bond b=80: 0.6038 0.3502 0.0210 0.0210 0.0022 
    Largest link dim during sweep 16/1000 was 177
    Largest truncation error: 8.675217388976201e-08
    Energy after sweep 16/1000 is -72.039964488729
    Sweep 16/1000 CPU time = 6.185s (Wall time = 6.205s)
    Energy change:-0.2735589989095075

    vN Entropy at center bond b=80 = 0.673983534986
    Eigs at center bond b=80: 0.8034 0.1517 0.0144 0.0144 0.0062 0.0052 0.0018 0.0018 
    Largest link dim during sweep 17/1000 was 180
    Largest truncation error: 8.958147714838351e-08
    Energy after sweep 17/1000 is -72.213701957597
    Sweep 17/1000 CPU time = 6.280s (Wall time = 6.301s)
    Energy change:-0.1737374688680262

    vN Entropy at center bond b=80 = 0.584670989352
    Eigs at center bond b=80: 0.8729 0.0533 0.0354 0.0086 0.0074 0.0074 0.0071 0.0071 
    Largest link dim during sweep 18/1000 was 120
    Largest truncation error: 9.146943916420507e-08
    Energy after sweep 18/1000 is -72.342411258608
    Sweep 18/1000 CPU time = 6.299s (Wall time = 6.318s)
    Energy change:-0.1287093010117246

    vN Entropy at center bond b=80 = 0.714421618216
    Eigs at center bond b=80: 0.8076 0.1307 0.0165 0.0165 0.0143 0.0077 0.0028 0.0028 
    Largest link dim during sweep 19/1000 was 121
    Largest truncation error: 9.612402237147217e-08
    Energy after sweep 19/1000 is -72.462216495490
    Sweep 19/1000 CPU time = 6.269s (Wall time = 6.288s)
    Energy change:-0.1198052368821294

    vN Entropy at center bond b=80 = 0.905438511482
    Eigs at center bond b=80: 0.6221 0.3179 0.0250 0.0250 0.0043 0.0026 
    Largest link dim during sweep 20/1000 was 110
    Largest truncation error: 9.516285352651931e-08
    Energy after sweep 20/1000 is -72.551087206305
    Sweep 20/1000 CPU time = 6.354s (Wall time = 6.371s)
    Energy change:-0.08887071081412046

    vN Entropy at center bond b=80 = 0.923918508867
    Eigs at center bond b=80: 0.5382 0.4048 0.0261 0.0261 0.0017 
    Largest link dim during sweep 21/1000 was 106
    Largest truncation error: 8.948678109943882e-08
    Energy after sweep 21/1000 is -72.623610604068
    Sweep 21/1000 CPU time = 6.481s (Wall time = 6.501s)
    Energy change:-0.07252339776368899

    vN Entropy at center bond b=80 = 0.773555251342
    Eigs at center bond b=80: 0.7288 0.2227 0.0207 0.0207 0.0029 0.0011 
    Largest link dim during sweep 22/1000 was 103
    Largest truncation error: 9.337728611817486e-08
    Energy after sweep 22/1000 is -72.691214011033
    Sweep 22/1000 CPU time = 6.654s (Wall time = 6.673s)
    Energy change:-0.06760340696430944

    vN Entropy at center bond b=80 = 0.598444245227
    Eigs at center bond b=80: 0.8543 0.0950 0.0125 0.0125 0.0122 0.0059 0.0032 0.0032 
    Largest link dim during sweep 23/1000 was 123
    Largest truncation error: 9.634914315602134e-08
    Energy after sweep 23/1000 is -72.759509148685
    Sweep 23/1000 CPU time = 6.856s (Wall time = 6.877s)
    Energy change:-0.06829513765248407

    vN Entropy at center bond b=80 = 0.587002476361
    Eigs at center bond b=80: 0.8718 0.0577 0.0308 0.0100 0.0100 0.0074 0.0056 0.0056 
    Largest link dim during sweep 24/1000 was 100
    Largest truncation error: 9.702643299802191e-08
    Energy after sweep 24/1000 is -72.824417043085
    Sweep 24/1000 CPU time = 7.084s (Wall time = 7.102s)
    Energy change:-0.06490789439970968

    vN Entropy at center bond b=80 = 0.761534287467
    Eigs at center bond b=80: 0.7694 0.1723 0.0201 0.0200 0.0074 0.0057 0.0018 0.0018 
    Largest link dim during sweep 25/1000 was 96
    Largest truncation error: 9.292199501780738e-08
    Energy after sweep 25/1000 is -72.878627210102
    Sweep 25/1000 CPU time = 7.198s (Wall time = 7.219s)
    Energy change:-0.05421016701713199

    vN Entropy at center bond b=80 = 0.930746298108
    Eigs at center bond b=80: 0.5737 0.3640 0.0278 0.0278 0.0028 0.0012 
    Largest link dim during sweep 26/1000 was 125
    Largest truncation error: 8.916251607494172e-08
    Energy after sweep 26/1000 is -72.941523015878
    Sweep 26/1000 CPU time = 7.479s (Wall time = 7.501s)
    Energy change:-0.06289580577632137

    vN Entropy at center bond b=80 = 0.904430454409
    Eigs at center bond b=80: 0.5994 0.3409 0.0276 0.0276 
    Largest link dim during sweep 27/1000 was 114
    Largest truncation error: 9.735259089766382e-08
    Energy after sweep 27/1000 is -72.990146542559
    Sweep 27/1000 CPU time = 7.416s (Wall time = 7.437s)
    Energy change:-0.04862352668064318

    vN Entropy at center bond b=80 = 0.698679585815
    Eigs at center bond b=80: 0.7938 0.1557 0.0192 0.0192 0.0041 0.0033 0.0015 0.0015 
    Largest link dim during sweep 28/1000 was 114
    Largest truncation error: 8.668510255057459e-08
    Energy after sweep 28/1000 is -73.028496444766
    Sweep 28/1000 CPU time = 7.593s (Wall time = 7.615s)
    Energy change:-0.03834990220725842

    vN Entropy at center bond b=80 = 0.585176387334
    Eigs at center bond b=80: 0.8744 0.0537 0.0299 0.0095 0.0095 0.0080 0.0069 0.0069 
    Largest link dim during sweep 29/1000 was 124
    Largest truncation error: 9.037302223156827e-08
    Energy after sweep 29/1000 is -73.063437870862
    Sweep 29/1000 CPU time = 7.765s (Wall time = 7.788s)
    Energy change:-0.03494142609609696

    vN Entropy at center bond b=80 = 0.710571332003
    Eigs at center bond b=80: 0.8144 0.1207 0.0179 0.0179 0.0135 0.0075 0.0033 0.0033 
    Largest link dim during sweep 30/1000 was 124
    Largest truncation error: 9.596910678863719e-08
    Energy after sweep 30/1000 is -73.095129150047
    Sweep 30/1000 CPU time = 7.976s (Wall time = 7.995s)
    Energy change:-0.03169127918509673

    vN Entropy at center bond b=80 = 0.920746765281
    Eigs at center bond b=80: 0.6289 0.3040 0.0283 0.0283 0.0042 0.0025 
    Largest link dim during sweep 31/1000 was 111
    Largest truncation error: 9.261162692220514e-08
    Energy after sweep 31/1000 is -73.122802436201
    Sweep 31/1000 CPU time = 8.113s (Wall time = 8.134s)
    Energy change:-0.0276732861535578

    vN Entropy at center bond b=80 = 0.957816678742
    Eigs at center bond b=80: 0.5226 0.4112 0.0301 0.0301 0.0018 0.0011 
    Largest link dim during sweep 32/1000 was 120
    Largest truncation error: 8.81497148550658e-08
    Energy after sweep 32/1000 is -73.146173034099
    Sweep 32/1000 CPU time = 8.234s (Wall time = 8.256s)
    Energy change:-0.02337059789812201

    vN Entropy at center bond b=80 = 0.821867944980
    Eigs at center bond b=80: 0.7153 0.2261 0.0242 0.0242 0.0034 0.0022 0.0011 0.0011 
    Largest link dim during sweep 33/1000 was 115
    Largest truncation error: 8.633967424876496e-08
    Energy after sweep 33/1000 is -73.165555714171
    Sweep 33/1000 CPU time = 8.325s (Wall time = 8.347s)
    Energy change:-0.01938268007212685

    vN Entropy at center bond b=80 = 0.687333833408
    Eigs at center bond b=80: 0.8287 0.1065 0.0161 0.0153 0.0153 0.0074 0.0045 0.0045 
    Largest link dim during sweep 34/1000 was 107
    Largest truncation error: 9.712994619474946e-08
    Energy after sweep 34/1000 is -73.181707544632
    Sweep 34/1000 CPU time = 8.545s (Wall time = 8.569s)
    Energy change:-0.01615183046102686

    vN Entropy at center bond b=80 = 0.678051163247
    Eigs at center bond b=80: 0.8479 0.0591 0.0436 0.0113 0.0113 0.0095 0.0080 0.0080 
    Largest link dim during sweep 35/1000 was 101
    Largest truncation error: 9.159509634147283e-08
    Energy after sweep 35/1000 is -73.195355931574
    Sweep 35/1000 CPU time = 8.775s (Wall time = 8.801s)
    Energy change:-0.01364838694227899

    vN Entropy at center bond b=80 = 0.798877127217
    Eigs at center bond b=80: 0.7761 0.1506 0.0198 0.0198 0.0161 0.0089 0.0036 0.0036 
    Largest link dim during sweep 36/1000 was 96
    Largest truncation error: 8.953209839373561e-08
    Energy after sweep 36/1000 is -73.206327401782
    Sweep 36/1000 CPU time = 9.034s (Wall time = 9.066s)
    Energy change:-0.01097147020770706

    vN Entropy at center bond b=80 = 0.936692619431
    Eigs at center bond b=80: 0.6385 0.2912 0.0264 0.0264 0.0068 0.0054 0.0014 0.0014 
    Largest link dim during sweep 37/1000 was 96
    Largest truncation error: 8.510984039040449e-08
    Energy after sweep 37/1000 is -73.214633765621
    Sweep 37/1000 CPU time = 9.204s (Wall time = 9.231s)
    Energy change:-0.00830636383918204

    vN Entropy at center bond b=80 = 0.989442461564
    Eigs at center bond b=80: 0.4869 0.4446 0.0281 0.0281 0.0047 0.0019 0.0018 
    Largest link dim during sweep 38/1000 was 97
    Largest truncation error: 8.387212770290232e-08
    Energy after sweep 38/1000 is -73.221220793399
    Sweep 38/1000 CPU time = 9.426s (Wall time = 9.451s)
    Energy change:-0.006587027778095944

    vN Entropy at center bond b=80 = 0.971044926372
    Eigs at center bond b=80: 0.5760 0.3563 0.0262 0.0262 0.0049 0.0031 0.0024 
    Largest link dim during sweep 39/1000 was 85
    Largest truncation error: 8.450508610799969e-08
    Energy after sweep 39/1000 is -73.226005603039
    Sweep 39/1000 CPU time = 9.650s (Wall time = 9.678s)
    Energy change:-0.004784809639716059

    vN Entropy at center bond b=80 = 0.921627383694
    Eigs at center bond b=80: 0.6746 0.2553 0.0224 0.0224 0.0085 0.0080 0.0022 0.0022 0.0021 
    Largest link dim during sweep 40/1000 was 94
    Largest truncation error: 8.241420761625475e-08
    Energy after sweep 40/1000 is -73.229520661956
    Sweep 40/1000 CPU time = 9.974s (Wall time = 10.00s)
    Energy change:-0.003515058917159308

    vN Entropy at center bond b=80 = 0.886816094267
    Eigs at center bond b=80: 0.7363 0.1831 0.0197 0.0183 0.0183 0.0125 0.0042 0.0042 0.0015 
    Largest link dim during sweep 41/1000 was 87
    Largest truncation error: 8.887624836714277e-08
    Energy after sweep 41/1000 is -73.231696952127
    Sweep 41/1000 CPU time = 10.15s (Wall time = 10.18s)
    Energy change:-0.002176290170837092

    vN Entropy at center bond b=80 = 0.884288789616
    Eigs at center bond b=80: 0.7608 0.1416 0.0355 0.0159 0.0153 0.0153 0.0063 0.0063 0.0011 
    Largest link dim during sweep 42/1000 was 83
    Largest truncation error: 8.43089350562834e-08
    Energy after sweep 42/1000 is -73.232823877490
    Sweep 42/1000 CPU time = 10.33s (Wall time = 10.36s)
    Energy change:-0.001126925363195141

    vN Entropy at center bond b=80 = 0.899134038222
    Eigs at center bond b=80: 0.7661 0.1178 0.0521 0.0184 0.0134 0.0134 0.0080 0.0080 
    Largest link dim during sweep 43/1000 was 81
    Largest truncation error: 9.113433233677873e-08
    Energy after sweep 43/1000 is -73.233379034968
    Sweep 43/1000 CPU time = 10.55s (Wall time = 10.58s)
    Energy change:-0.0005551574781037516

    vN Entropy at center bond b=80 = 0.916220258201
    Eigs at center bond b=80: 0.7639 0.1051 0.0652 0.0201 0.0123 0.0123 0.0091 0.0091 
    Largest link dim during sweep 44/1000 was 80
    Largest truncation error: 8.381146828403963e-08
    Energy after sweep 44/1000 is -73.233610775126
    Sweep 44/1000 CPU time = 10.78s (Wall time = 10.81s)
    Energy change:-0.0002317401580427259

    vN Entropy at center bond b=80 = 0.929427572650
    Eigs at center bond b=80: 0.7606 0.0985 0.0739 0.0211 0.0117 0.0117 0.0098 0.0098 
    Largest link dim during sweep 45/1000 was 79
    Largest truncation error: 8.776615108993859e-08
    Energy after sweep 45/1000 is -73.233693489465
    Sweep 45/1000 CPU time = 10.79s (Wall time = 10.81s)
    Energy change:-8.271433826223529e-05

    vN Entropy at center bond b=80 = 0.937121397041
    Eigs at center bond b=80: 0.7583 0.0950 0.0790 0.0216 0.0114 0.0114 0.0102 0.0102 
    Largest link dim during sweep 46/1000 was 78
    Largest truncation error: 8.740181452819178e-08
    Energy after sweep 46/1000 is -73.233720399562
    Sweep 46/1000 CPU time = 10.75s (Wall time = 10.78s)
    Energy change:-2.691009775901421e-05

    vN Entropy at center bond b=80 = 0.941473308301
    Eigs at center bond b=80: 0.7569 0.0929 0.0821 0.0219 0.0112 0.0112 0.0104 0.0104 
    Largest link dim during sweep 47/1000 was 78
    Largest truncation error: 8.516333552643788e-08
    Energy after sweep 47/1000 is -73.233731133062
    Sweep 47/1000 CPU time = 10.72s (Wall time = 10.75s)
    Energy change:-1.073349915259314e-05

    vN Entropy at center bond b=80 = 0.944111723036
    Eigs at center bond b=80: 0.7560 0.0916 0.0840 0.0220 0.0111 0.0111 0.0105 0.0105 
    Largest link dim during sweep 48/1000 was 78
    Largest truncation error: 8.619255797813839e-08
    Energy after sweep 48/1000 is -73.233735315339
    Sweep 48/1000 CPU time = 10.70s (Wall time = 10.73s)
    Energy change:-4.1822777490097e-06

    vN Entropy at center bond b=80 = 0.945776620145
    Eigs at center bond b=80: 0.7555 0.0907 0.0853 0.0221 0.0110 0.0110 0.0106 0.0106 
    Largest link dim during sweep 49/1000 was 78
    Largest truncation error: 8.803457607350878e-08
    Energy after sweep 49/1000 is -73.233741260471
    Sweep 49/1000 CPU time = 10.70s (Wall time = 10.73s)
    Energy change:-5.945131292151018e-06

    vN Entropy at center bond b=80 = 0.946943685761
    Eigs at center bond b=80: 0.7551 0.0902 0.0861 0.0222 0.0109 0.0109 0.0106 0.0106 
    Largest link dim during sweep 50/1000 was 78
    Largest truncation error: 8.868090276177446e-08
    Energy after sweep 50/1000 is -73.233742628768
    Sweep 50/1000 CPU time = 10.71s (Wall time = 10.73s)
    Energy change:-1.36829740426947e-06

    vN Entropy at center bond b=80 = 0.947724527852
    Eigs at center bond b=80: 0.7548 0.0898 0.0866 0.0222 0.0109 0.0109 0.0107 0.0107 
    Largest link dim during sweep 51/1000 was 78
    Largest truncation error: 8.907861114190047e-08
    Energy after sweep 51/1000 is -73.233743979759
    Sweep 51/1000 CPU time = 10.73s (Wall time = 10.76s)
    Energy change:-1.350991198023621e-06

    vN Entropy at center bond b=80 = 0.948262616686
    Eigs at center bond b=80: 0.7546 0.0896 0.0870 0.0223 0.0109 0.0109 0.0107 0.0107 
    Largest link dim during sweep 52/1000 was 78
    Largest truncation error: 8.933201072878913e-08
    Energy after sweep 52/1000 is -73.233744593352
    Sweep 52/1000 CPU time = 10.74s (Wall time = 10.77s)
    Energy change:-6.135928174444416e-07

    Energy has converged -> stop the DMRG.
Final energy=-73.2337445933521
Time=406 sec
Nup =10 Ndown = 10L = 80 W = 2
