1_Dn 3_Up 5_Dn 7_Up 9_Dn 11_Up 13_Dn 15_Up 17_Dn 19_Up 2_Up 4_Dn 6_Up 8_Dn 10_Up 12_Dn 14_Up 16_Dn 18_Up 20_Dn Initial energy=0
    vN Entropy at center bond b=80 = -0.000000000000
    Eigs at center bond b=80: 1.0000 
    Largest link dim during sweep 1/1000 was 10
    Largest truncation error: 0.01411059473310315
    Energy after sweep 1/1000 is -60.176568019452
    Sweep 1/1000 CPU time = 0.215s (Wall time = 0.219s)
    Energy change:-60.1765680194525

    vN Entropy at center bond b=80 = -0.000000000000
    Eigs at center bond b=80: 1.0000 
    Largest link dim during sweep 2/1000 was 20
    Largest truncation error: 0.003791290460570701
    Energy after sweep 2/1000 is -63.026927720360
    Sweep 2/1000 CPU time = 0.629s (Wall time = 0.646s)
    Energy change:-2.850359700907156

    vN Entropy at center bond b=80 = -0.000000000000
    Eigs at center bond b=80: 1.0000 
    Largest link dim during sweep 3/1000 was 32
    Largest truncation error: 0.0008711212693338033
    Energy after sweep 3/1000 is -64.117476765258
    Sweep 3/1000 CPU time = 0.946s (Wall time = 0.986s)
    Energy change:-1.090549044898523

    vN Entropy at center bond b=80 = -0.000000000000
    Eigs at center bond b=80: 1.0000 
    Largest link dim during sweep 4/1000 was 32
    Largest truncation error: 0.000761021026621285
    Energy after sweep 4/1000 is -64.756356946096
    Sweep 4/1000 CPU time = 1.107s (Wall time = 1.157s)
    Energy change:-0.6388801808380862

    vN Entropy at center bond b=80 = -0.000000000000
    Eigs at center bond b=80: 1.0000 
    Largest link dim during sweep 5/1000 was 33
    Largest truncation error: 0.0009398302601563558
    Energy after sweep 5/1000 is -65.352708149040
    Sweep 5/1000 CPU time = 1.183s (Wall time = 1.237s)
    Energy change:-0.5963512029440352

    vN Entropy at center bond b=80 = -0.000000000000
    Eigs at center bond b=80: 1.0000 
    Largest link dim during sweep 6/1000 was 33
    Largest truncation error: 0.0008241322120206923
    Energy after sweep 6/1000 is -65.891310752027
    Sweep 6/1000 CPU time = 1.203s (Wall time = 1.257s)
    Energy change:-0.538602602986856

    vN Entropy at center bond b=80 = -0.000000000000
    Eigs at center bond b=80: 1.0000 
    Largest link dim during sweep 7/1000 was 35
    Largest truncation error: 0.0007349492712268176
    Energy after sweep 7/1000 is -66.276654451528
    Sweep 7/1000 CPU time = 1.227s (Wall time = 1.294s)
    Energy change:-0.3853436995013055

    vN Entropy at center bond b=80 = -0.000000000000
    Eigs at center bond b=80: 1.0000 
    Largest link dim during sweep 8/1000 was 34
    Largest truncation error: 0.0008878251654043645
    Energy after sweep 8/1000 is -66.678256392935
    Sweep 8/1000 CPU time = 1.231s (Wall time = 1.288s)
    Energy change:-0.4016019414063408

    vN Entropy at center bond b=80 = -0.000000000000
    Eigs at center bond b=80: 1.0000 
    Largest link dim during sweep 9/1000 was 32
    Largest truncation error: 0.0008552768345766472
    Energy after sweep 9/1000 is -67.013507716888
    Sweep 9/1000 CPU time = 1.231s (Wall time = 1.267s)
    Energy change:-0.3352513239534005

    vN Entropy at center bond b=80 = -0.000000000000
    Eigs at center bond b=80: 1.0000 
    Largest link dim during sweep 10/1000 was 31
    Largest truncation error: 0.0009059270762004512
    Energy after sweep 10/1000 is -67.334675025756
    Sweep 10/1000 CPU time = 1.204s (Wall time = 1.236s)
    Energy change:-0.3211673088679987

    vN Entropy at center bond b=80 = -0.000000000000
    Eigs at center bond b=80: 1.0000 
    Largest link dim during sweep 11/1000 was 31
    Largest truncation error: 0.0008250085647686408
    Energy after sweep 11/1000 is -67.592280994476
    Sweep 11/1000 CPU time = 1.198s (Wall time = 1.212s)
    Energy change:-0.2576059687195738

    vN Entropy at center bond b=80 = -0.000000000000
    Eigs at center bond b=80: 1.0000 
    Largest link dim during sweep 12/1000 was 29
    Largest truncation error: 0.0008060063767524763
    Energy after sweep 12/1000 is -67.846030579380
    Sweep 12/1000 CPU time = 1.176s (Wall time = 1.189s)
    Energy change:-0.2537495849037725

    vN Entropy at center bond b=80 = -0.000000000000
    Eigs at center bond b=80: 1.0000 
    Largest link dim during sweep 13/1000 was 29
    Largest truncation error: 0.0008233751093666618
    Energy after sweep 13/1000 is -68.083562389163
    Sweep 13/1000 CPU time = 1.175s (Wall time = 1.186s)
    Energy change:-0.237531809783448

    vN Entropy at center bond b=80 = -0.000000000000
    Eigs at center bond b=80: 1.0000 
    Largest link dim during sweep 14/1000 was 29
    Largest truncation error: 0.0009024587043673283
    Energy after sweep 14/1000 is -68.240577512170
    Sweep 14/1000 CPU time = 1.159s (Wall time = 1.171s)
    Energy change:-0.1570151230072838

    vN Entropy at center bond b=80 = -0.000000000000
    Eigs at center bond b=80: 1.0000 
    Largest link dim during sweep 15/1000 was 28
    Largest truncation error: 0.0008909628956945071
    Energy after sweep 15/1000 is -68.444282999903
    Sweep 15/1000 CPU time = 1.142s (Wall time = 1.149s)
    Energy change:-0.2037054877326767

    vN Entropy at center bond b=80 = -0.000000000000
    Eigs at center bond b=80: 1.0000 
    Largest link dim during sweep 16/1000 was 27
    Largest truncation error: 0.0008416966372877657
    Energy after sweep 16/1000 is -68.615228393911
    Sweep 16/1000 CPU time = 1.131s (Wall time = 1.135s)
    Energy change:-0.170945394007731

    vN Entropy at center bond b=80 = -0.000000000000
    Eigs at center bond b=80: 1.0000 
    Largest link dim during sweep 17/1000 was 26
    Largest truncation error: 0.000982337065839257
    Energy after sweep 17/1000 is -68.764810095313
    Sweep 17/1000 CPU time = 1.090s (Wall time = 1.093s)
    Energy change:-0.1495817014021981

    vN Entropy at center bond b=80 = -0.000000000000
    Eigs at center bond b=80: 1.0000 
    Largest link dim during sweep 18/1000 was 25
    Largest truncation error: 0.0008737467766349905
    Energy after sweep 18/1000 is -68.885915225511
    Sweep 18/1000 CPU time = 1.063s (Wall time = 1.067s)
    Energy change:-0.1211051301983872

    vN Entropy at center bond b=80 = -0.000000000000
    Eigs at center bond b=80: 1.0000 
    Largest link dim during sweep 19/1000 was 24
    Largest truncation error: 0.0009982322690718461
    Energy after sweep 19/1000 is -69.035647040109
    Sweep 19/1000 CPU time = 1.088s (Wall time = 1.094s)
    Energy change:-0.1497318145978994

    vN Entropy at center bond b=80 = -0.000000000000
    Eigs at center bond b=80: 1.0000 
    Largest link dim during sweep 20/1000 was 21
    Largest truncation error: 0.0009321388270710496
    Energy after sweep 20/1000 is -69.202785409247
    Sweep 20/1000 CPU time = 1.074s (Wall time = 1.079s)
    Energy change:-0.1671383691382289

    vN Entropy at center bond b=80 = -0.000000000000
    Eigs at center bond b=80: 1.0000 
    Largest link dim during sweep 21/1000 was 19
    Largest truncation error: 0.0008514691362109013
    Energy after sweep 21/1000 is -69.278906246299
    Sweep 21/1000 CPU time = 1.024s (Wall time = 1.029s)
    Energy change:-0.07612083705193129

    vN Entropy at center bond b=80 = -0.000000000000
    Eigs at center bond b=80: 1.0000 
    Largest link dim during sweep 22/1000 was 17
    Largest truncation error: 0.0009210916995604973
    Energy after sweep 22/1000 is -69.412687355999
    Sweep 22/1000 CPU time = 1.035s (Wall time = 1.038s)
    Energy change:-0.1337811096997399

    vN Entropy at center bond b=80 = -0.000000000000
    Eigs at center bond b=80: 1.0000 
    Largest link dim during sweep 23/1000 was 16
    Largest truncation error: 0.0008250144999086634
    Energy after sweep 23/1000 is -69.508115403085
    Sweep 23/1000 CPU time = 1.036s (Wall time = 1.041s)
    Energy change:-0.09542804708583219

    vN Entropy at center bond b=80 = -0.000000000000
    Eigs at center bond b=80: 1.0000 
    Largest link dim during sweep 24/1000 was 16
    Largest truncation error: 0.0009136766154952576
    Energy after sweep 24/1000 is -69.572287195107
    Sweep 24/1000 CPU time = 0.998s (Wall time = 1.001s)
    Energy change:-0.06417179202188095

    vN Entropy at center bond b=80 = -0.000000000000
    Eigs at center bond b=80: 1.0000 
    Largest link dim during sweep 25/1000 was 16
    Largest truncation error: 0.0008623228987173605
    Energy after sweep 25/1000 is -69.650682041526
    Sweep 25/1000 CPU time = 0.995s (Wall time = 0.998s)
    Energy change:-0.07839484641957029

    vN Entropy at center bond b=80 = -0.000000000000
    Eigs at center bond b=80: 1.0000 
    Largest link dim during sweep 26/1000 was 15
    Largest truncation error: 0.0009070050851160471
    Energy after sweep 26/1000 is -69.730645874414
    Sweep 26/1000 CPU time = 0.990s (Wall time = 0.996s)
    Energy change:-0.07996383288737263

    vN Entropy at center bond b=80 = -0.000000000000
    Eigs at center bond b=80: 1.0000 
    Largest link dim during sweep 27/1000 was 15
    Largest truncation error: 0.0008686012954757184
    Energy after sweep 27/1000 is -69.819022261662
    Sweep 27/1000 CPU time = 1.020s (Wall time = 1.022s)
    Energy change:-0.08837638724807562

    vN Entropy at center bond b=80 = -0.000000000000
    Eigs at center bond b=80: 1.0000 
    Largest link dim during sweep 28/1000 was 15
    Largest truncation error: 0.000956006302153228
    Energy after sweep 28/1000 is -69.891320050993
    Sweep 28/1000 CPU time = 1.021s (Wall time = 1.025s)
    Energy change:-0.07229778933117359

    vN Entropy at center bond b=80 = -0.000000000000
    Eigs at center bond b=80: 1.0000 
    Largest link dim during sweep 29/1000 was 15
    Largest truncation error: 0.0008969578477883104
    Energy after sweep 29/1000 is -69.952209444875
    Sweep 29/1000 CPU time = 1.001s (Wall time = 1.004s)
    Energy change:-0.06088939388179426

    vN Entropy at center bond b=80 = -0.000000000000
    Eigs at center bond b=80: 1.0000 
    Largest link dim during sweep 30/1000 was 15
    Largest truncation error: 0.0008985941099798805
    Energy after sweep 30/1000 is -70.008169706361
    Sweep 30/1000 CPU time = 1.010s (Wall time = 1.015s)
    Energy change:-0.05596026148613475

    vN Entropy at center bond b=80 = -0.000000000000
    Eigs at center bond b=80: 1.0000 
    Largest link dim during sweep 31/1000 was 15
    Largest truncation error: 0.0008775890631637674
    Energy after sweep 31/1000 is -70.081008696613
    Sweep 31/1000 CPU time = 1.015s (Wall time = 1.018s)
    Energy change:-0.07283899025244978

    vN Entropy at center bond b=80 = -0.000000000000
    Eigs at center bond b=80: 1.0000 
    Largest link dim during sweep 32/1000 was 15
    Largest truncation error: 0.0009873733624790131
    Energy after sweep 32/1000 is -70.149132857246
    Sweep 32/1000 CPU time = 1.002s (Wall time = 1.009s)
    Energy change:-0.06812416063237947

    vN Entropy at center bond b=80 = -0.000000000000
    Eigs at center bond b=80: 1.0000 
    Largest link dim during sweep 33/1000 was 15
    Largest truncation error: 0.0008886239461471948
    Energy after sweep 33/1000 is -70.206169774006
    Sweep 33/1000 CPU time = 0.979s (Wall time = 0.985s)
    Energy change:-0.05703691676072253

    vN Entropy at center bond b=80 = -0.000000000000
    Eigs at center bond b=80: 1.0000 
    Largest link dim during sweep 34/1000 was 15
    Largest truncation error: 0.0008581813490859354
    Energy after sweep 34/1000 is -70.275460042159
    Sweep 34/1000 CPU time = 0.962s (Wall time = 0.968s)
    Energy change:-0.06929026815284089

    vN Entropy at center bond b=80 = -0.000000000000
    Eigs at center bond b=80: 1.0000 
    Largest link dim during sweep 35/1000 was 15
    Largest truncation error: 0.0008997973039643987
    Energy after sweep 35/1000 is -70.288763996331
    Sweep 35/1000 CPU time = 0.947s (Wall time = 0.951s)
    Energy change:-0.01330395417149077

    vN Entropy at center bond b=80 = -0.000000000000
    Eigs at center bond b=80: 1.0000 
    Largest link dim during sweep 36/1000 was 15
    Largest truncation error: 0.0009563711656845735
    Energy after sweep 36/1000 is -70.354401192847
    Sweep 36/1000 CPU time = 0.966s (Wall time = 0.969s)
    Energy change:-0.06563719651597921

    vN Entropy at center bond b=80 = -0.000000000000
    Eigs at center bond b=80: 1.0000 
    Largest link dim during sweep 37/1000 was 15
    Largest truncation error: 0.000907325559350009
    Energy after sweep 37/1000 is -70.414547211304
    Sweep 37/1000 CPU time = 0.969s (Wall time = 0.973s)
    Energy change:-0.06014601845754441

    vN Entropy at center bond b=80 = -0.000000000000
    Eigs at center bond b=80: 1.0000 
    Largest link dim during sweep 38/1000 was 15
    Largest truncation error: 0.000889621195709124
    Energy after sweep 38/1000 is -70.471054886959
    Sweep 38/1000 CPU time = 0.967s (Wall time = 0.972s)
    Energy change:-0.05650767565461479

    vN Entropy at center bond b=80 = -0.000000000000
    Eigs at center bond b=80: 1.0000 
    Largest link dim during sweep 39/1000 was 15
    Largest truncation error: 0.0009049169845947269
    Energy after sweep 39/1000 is -70.500466954543
    Sweep 39/1000 CPU time = 0.923s (Wall time = 0.927s)
    Energy change:-0.02941206758453063

    vN Entropy at center bond b=80 = -0.000000000000
    Eigs at center bond b=80: 1.0000 
    Largest link dim during sweep 40/1000 was 15
    Largest truncation error: 0.0009074181931461327
    Energy after sweep 40/1000 is -70.545358399580
    Sweep 40/1000 CPU time = 0.928s (Wall time = 0.933s)
    Energy change:-0.04489144503619968

    vN Entropy at center bond b=80 = -0.000000000000
    Eigs at center bond b=80: 1.0000 
    Largest link dim during sweep 41/1000 was 15
    Largest truncation error: 0.0008609908622065023
    Energy after sweep 41/1000 is -70.591071441480
    Sweep 41/1000 CPU time = 0.936s (Wall time = 0.940s)
    Energy change:-0.0457130419001146

    vN Entropy at center bond b=80 = -0.000000000000
    Eigs at center bond b=80: 1.0000 
    Largest link dim during sweep 42/1000 was 15
    Largest truncation error: 0.0009154292596227341
    Energy after sweep 42/1000 is -70.621189493910
    Sweep 42/1000 CPU time = 0.945s (Wall time = 0.952s)
    Energy change:-0.03011805243063748

    vN Entropy at center bond b=80 = -0.000000000000
    Eigs at center bond b=80: 1.0000 
    Largest link dim during sweep 43/1000 was 15
    Largest truncation error: 0.0009184176648605669
    Energy after sweep 43/1000 is -70.632373816085
    Sweep 43/1000 CPU time = 0.954s (Wall time = 0.958s)
    Energy change:-0.01118432217491261

    vN Entropy at center bond b=80 = -0.000000000000
    Eigs at center bond b=80: 1.0000 
    Largest link dim during sweep 44/1000 was 15
    Largest truncation error: 0.0008830460546283066
    Energy after sweep 44/1000 is -70.655950682714
    Sweep 44/1000 CPU time = 0.962s (Wall time = 0.965s)
    Energy change:-0.02357686662870151

    vN Entropy at center bond b=80 = -0.000000000000
    Eigs at center bond b=80: 1.0000 
    Largest link dim during sweep 45/1000 was 15
    Largest truncation error: 0.000965235183868077
    Energy after sweep 45/1000 is -70.684099126945
    Sweep 45/1000 CPU time = 0.951s (Wall time = 0.957s)
    Energy change:-0.02814844423112106

    vN Entropy at center bond b=80 = -0.000000000000
    Eigs at center bond b=80: 1.0000 
    Largest link dim during sweep 46/1000 was 15
    Largest truncation error: 0.0008984410253515256
    Energy after sweep 46/1000 is -70.756532331721
    Sweep 46/1000 CPU time = 0.956s (Wall time = 0.958s)
    Energy change:-0.07243320477579118

    vN Entropy at center bond b=80 = -0.000000000000
    Eigs at center bond b=80: 1.0000 
    Largest link dim during sweep 47/1000 was 15
    Largest truncation error: 0.0009369778001001272
    Energy after sweep 47/1000 is -70.795278864618
    Sweep 47/1000 CPU time = 0.944s (Wall time = 0.947s)
    Energy change:-0.03874653289672381

    vN Entropy at center bond b=80 = -0.000000000000
    Eigs at center bond b=80: 1.0000 
    Largest link dim during sweep 48/1000 was 15
    Largest truncation error: 0.0009106375495168589
    Energy after sweep 48/1000 is -70.801286400176
    Sweep 48/1000 CPU time = 0.933s (Wall time = 0.935s)
    Energy change:-0.006007535558637755

    vN Entropy at center bond b=80 = -0.000000000000
    Eigs at center bond b=80: 1.0000 
    Largest link dim during sweep 49/1000 was 14
    Largest truncation error: 0.0008595600912650888
    Energy after sweep 49/1000 is -70.811016776739
    Sweep 49/1000 CPU time = 0.918s (Wall time = 0.921s)
    Energy change:-0.009730376563069854

    vN Entropy at center bond b=80 = -0.000000000000
    Eigs at center bond b=80: 1.0000 
    Largest link dim during sweep 50/1000 was 14
    Largest truncation error: 0.0009106402727948733
    Energy after sweep 50/1000 is -70.837399791552
    Sweep 50/1000 CPU time = 0.914s (Wall time = 0.921s)
    Energy change:-0.02638301481272265

    vN Entropy at center bond b=80 = -0.000000000000
    Eigs at center bond b=80: 1.0000 
    Largest link dim during sweep 51/1000 was 13
    Largest truncation error: 0.0008443981489991304
    Energy after sweep 51/1000 is -70.862094543877
    Sweep 51/1000 CPU time = 0.941s (Wall time = 0.944s)
    Energy change:-0.02469475232534535

    vN Entropy at center bond b=80 = -0.000000000000
    Eigs at center bond b=80: 1.0000 
    Largest link dim during sweep 52/1000 was 13
    Largest truncation error: 0.000870149332460656
    Energy after sweep 52/1000 is -70.870645307138
    Sweep 52/1000 CPU time = 0.930s (Wall time = 0.936s)
    Energy change:-0.008550763260487315

    vN Entropy at center bond b=80 = -0.000000000000
    Eigs at center bond b=80: 1.0000 
    Largest link dim during sweep 53/1000 was 14
    Largest truncation error: 0.0009705874518925342
    Energy after sweep 53/1000 is -70.895316074782
    Sweep 53/1000 CPU time = 0.929s (Wall time = 0.932s)
    Energy change:-0.02467076764452258

    vN Entropy at center bond b=80 = -0.000000000000
    Eigs at center bond b=80: 1.0000 
    Largest link dim during sweep 54/1000 was 14
    Largest truncation error: 0.0009319516884216863
    Energy after sweep 54/1000 is -70.927314848860
    Sweep 54/1000 CPU time = 0.939s (Wall time = 0.941s)
    Energy change:-0.03199877407715235

    vN Entropy at center bond b=80 = -0.000000000000
    Eigs at center bond b=80: 1.0000 
    Largest link dim during sweep 55/1000 was 13
    Largest truncation error: 0.0008542382006721715
    Energy after sweep 55/1000 is -70.954876208621
    Sweep 55/1000 CPU time = 0.939s (Wall time = 0.942s)
    Energy change:-0.02756135976170526

    vN Entropy at center bond b=80 = -0.000000000000
    Eigs at center bond b=80: 1.0000 
    Largest link dim during sweep 56/1000 was 13
    Largest truncation error: 0.0009040060044698861
    Energy after sweep 56/1000 is -70.957323765196
    Sweep 56/1000 CPU time = 0.944s (Wall time = 0.949s)
    Energy change:-0.002447556574452392

    vN Entropy at center bond b=80 = -0.000000000000
    Eigs at center bond b=80: 1.0000 
    Largest link dim during sweep 57/1000 was 14
    Largest truncation error: 0.000932653100999597
    Energy after sweep 57/1000 is -70.992292443606
    Sweep 57/1000 CPU time = 0.927s (Wall time = 0.929s)
    Energy change:-0.03496867841033691

    vN Entropy at center bond b=80 = -0.000000000000
    Eigs at center bond b=80: 1.0000 
    Largest link dim during sweep 58/1000 was 14
    Largest truncation error: 0.000910388195694345
    Energy after sweep 58/1000 is -70.993715807936
    Sweep 58/1000 CPU time = 0.926s (Wall time = 0.932s)
    Energy change:-0.001423364329824039

    vN Entropy at center bond b=80 = -0.000000000000
    Eigs at center bond b=80: 1.0000 
    Largest link dim during sweep 59/1000 was 14
    Largest truncation error: 0.0009071742190292299
    Energy after sweep 59/1000 is -70.979180242028
    Sweep 59/1000 CPU time = 0.912s (Wall time = 0.917s)
    Energy change:0.01453556590833216

    vN Entropy at center bond b=80 = -0.000000000000
    Eigs at center bond b=80: 1.0000 
    Largest link dim during sweep 60/1000 was 14
    Largest truncation error: 0.0009330216935482037
    Energy after sweep 60/1000 is -71.002691431666
    Sweep 60/1000 CPU time = 0.898s (Wall time = 0.902s)
    Energy change:-0.02351118963827048

    vN Entropy at center bond b=80 = -0.000000000000
    Eigs at center bond b=80: 1.0000 
    Largest link dim during sweep 61/1000 was 13
    Largest truncation error: 0.0009827941235636885
    Energy after sweep 61/1000 is -71.029131678667
    Sweep 61/1000 CPU time = 0.897s (Wall time = 0.901s)
    Energy change:-0.02644024700083492

    vN Entropy at center bond b=80 = -0.000000000000
    Eigs at center bond b=80: 1.0000 
    Largest link dim during sweep 62/1000 was 13
    Largest truncation error: 0.0009326735368999742
    Energy after sweep 62/1000 is -71.075380615147
    Sweep 62/1000 CPU time = 0.912s (Wall time = 0.920s)
    Energy change:-0.04624893648056627

    vN Entropy at center bond b=80 = -0.000000000000
    Eigs at center bond b=80: 1.0000 
    Largest link dim during sweep 63/1000 was 13
    Largest truncation error: 0.0008908706264529935
    Energy after sweep 63/1000 is -71.118487208269
    Sweep 63/1000 CPU time = 0.914s (Wall time = 0.917s)
    Energy change:-0.04310659312160681

    vN Entropy at center bond b=80 = -0.000000000000
    Eigs at center bond b=80: 1.0000 
    Largest link dim during sweep 64/1000 was 14
    Largest truncation error: 0.0008410387490065518
    Energy after sweep 64/1000 is -71.144869908008
    Sweep 64/1000 CPU time = 0.934s (Wall time = 0.937s)
    Energy change:-0.02638269973871843

    vN Entropy at center bond b=80 = -0.000000000000
    Eigs at center bond b=80: 1.0000 
    Largest link dim during sweep 65/1000 was 14
    Largest truncation error: 0.0008620649207574669
    Energy after sweep 65/1000 is -71.148379318262
    Sweep 65/1000 CPU time = 0.944s (Wall time = 0.949s)
    Energy change:-0.003509410254551426

    vN Entropy at center bond b=80 = -0.000000000000
    Eigs at center bond b=80: 1.0000 
    Largest link dim during sweep 66/1000 was 14
    Largest truncation error: 0.0008791666018195946
    Energy after sweep 66/1000 is -71.150253174060
    Sweep 66/1000 CPU time = 0.948s (Wall time = 0.951s)
    Energy change:-0.001873855797867918

    vN Entropy at center bond b=80 = -0.000000000000
    Eigs at center bond b=80: 1.0000 
    Largest link dim during sweep 67/1000 was 14
    Largest truncation error: 0.000861234367103071
    Energy after sweep 67/1000 is -71.153604577520
    Sweep 67/1000 CPU time = 0.940s (Wall time = 0.944s)
    Energy change:-0.003351403460413849

    vN Entropy at center bond b=80 = -0.000000000000
    Eigs at center bond b=80: 1.0000 
    Largest link dim during sweep 68/1000 was 14
    Largest truncation error: 0.0008274069554829532
    Energy after sweep 68/1000 is -71.155367681908
    Sweep 68/1000 CPU time = 0.944s (Wall time = 0.952s)
    Energy change:-0.001763104387933367

    vN Entropy at center bond b=80 = -0.000000000000
    Eigs at center bond b=80: 1.0000 
    Largest link dim during sweep 69/1000 was 14
    Largest truncation error: 0.0008346354891784061
    Energy after sweep 69/1000 is -71.155381155868
    Sweep 69/1000 CPU time = 0.941s (Wall time = 0.946s)
    Energy change:-1.347395968309684e-05

    vN Entropy at center bond b=80 = -0.000000000000
    Eigs at center bond b=80: 1.0000 
    Largest link dim during sweep 70/1000 was 14
    Largest truncation error: 0.00086271589292586
    Energy after sweep 70/1000 is -71.159180542614
    Sweep 70/1000 CPU time = 0.941s (Wall time = 0.945s)
    Energy change:-0.003799386746322853

    vN Entropy at center bond b=80 = -0.000000000000
    Eigs at center bond b=80: 1.0000 
    Largest link dim during sweep 71/1000 was 14
    Largest truncation error: 0.0008521544452097963
    Energy after sweep 71/1000 is -71.161578073165
    Sweep 71/1000 CPU time = 0.942s (Wall time = 0.944s)
    Energy change:-0.00239753055058145

    vN Entropy at center bond b=80 = -0.000000000000
    Eigs at center bond b=80: 1.0000 
    Largest link dim during sweep 72/1000 was 14
    Largest truncation error: 0.0009297479730617708
    Energy after sweep 72/1000 is -71.157164079275
    Sweep 72/1000 CPU time = 0.938s (Wall time = 0.941s)
    Energy change:0.004413993889471612

    vN Entropy at center bond b=80 = -0.000000000000
    Eigs at center bond b=80: 1.0000 
    Largest link dim during sweep 73/1000 was 14
    Largest truncation error: 0.0009175826568017601
    Energy after sweep 73/1000 is -71.154991542533
    Sweep 73/1000 CPU time = 0.928s (Wall time = 0.934s)
    Energy change:0.002172536742449438

    vN Entropy at center bond b=80 = -0.000000000000
    Eigs at center bond b=80: 1.0000 
    Largest link dim during sweep 74/1000 was 14
    Largest truncation error: 0.0009350145572819769
    Energy after sweep 74/1000 is -71.151473129695
    Sweep 74/1000 CPU time = 0.918s (Wall time = 0.923s)
    Energy change:0.003518412837863139

    vN Entropy at center bond b=80 = -0.000000000000
    Eigs at center bond b=80: 1.0000 
    Largest link dim during sweep 75/1000 was 14
    Largest truncation error: 0.0008569010369070059
    Energy after sweep 75/1000 is -71.143633132472
    Sweep 75/1000 CPU time = 0.918s (Wall time = 0.920s)
    Energy change:0.007839997223300088

    vN Entropy at center bond b=80 = -0.000000000000
    Eigs at center bond b=80: 1.0000 
    Largest link dim during sweep 76/1000 was 14
    Largest truncation error: 0.0009107922888572772
    Energy after sweep 76/1000 is -71.151450686292
    Sweep 76/1000 CPU time = 0.926s (Wall time = 0.930s)
    Energy change:-0.007817553820075318

    vN Entropy at center bond b=80 = -0.000000000000
    Eigs at center bond b=80: 1.0000 
    Largest link dim during sweep 77/1000 was 14
    Largest truncation error: 0.0009730104155111868
    Energy after sweep 77/1000 is -71.163415250829
    Sweep 77/1000 CPU time = 0.922s (Wall time = 0.926s)
    Energy change:-0.01196456453718042

    vN Entropy at center bond b=80 = -0.000000000000
    Eigs at center bond b=80: 1.0000 
    Largest link dim during sweep 78/1000 was 14
    Largest truncation error: 0.000998041301182786
    Energy after sweep 78/1000 is -71.178576926006
    Sweep 78/1000 CPU time = 0.916s (Wall time = 0.922s)
    Energy change:-0.01516167517684153

    vN Entropy at center bond b=80 = -0.000000000000
    Eigs at center bond b=80: 1.0000 
    Largest link dim during sweep 79/1000 was 14
    Largest truncation error: 0.0009449380014943607
    Energy after sweep 79/1000 is -71.202476984429
    Sweep 79/1000 CPU time = 0.930s (Wall time = 0.932s)
    Energy change:-0.02390005842261189

    vN Entropy at center bond b=80 = -0.000000000000
    Eigs at center bond b=80: 1.0000 
    Largest link dim during sweep 80/1000 was 14
    Largest truncation error: 0.000959510504527984
    Energy after sweep 80/1000 is -71.227636963178
    Sweep 80/1000 CPU time = 0.937s (Wall time = 0.940s)
    Energy change:-0.02515997874957066

    vN Entropy at center bond b=80 = -0.000000000000
    Eigs at center bond b=80: 1.0000 
    Largest link dim during sweep 81/1000 was 14
    Largest truncation error: 0.000901338536419664
    Energy after sweep 81/1000 is -71.237661888388
    Sweep 81/1000 CPU time = 0.939s (Wall time = 0.944s)
    Energy change:-0.0100249252094784

    vN Entropy at center bond b=80 = -0.000000000000
    Eigs at center bond b=80: 1.0000 
    Largest link dim during sweep 82/1000 was 14
    Largest truncation error: 0.0009325595833536806
    Energy after sweep 82/1000 is -71.240738207469
    Sweep 82/1000 CPU time = 0.936s (Wall time = 0.940s)
    Energy change:-0.003076319081657175

    vN Entropy at center bond b=80 = -0.000000000000
    Eigs at center bond b=80: 1.0000 
    Largest link dim during sweep 83/1000 was 14
    Largest truncation error: 0.0008681040523795951
    Energy after sweep 83/1000 is -71.237244725161
    Sweep 83/1000 CPU time = 0.933s (Wall time = 0.936s)
    Energy change:0.003493482308357443

    vN Entropy at center bond b=80 = -0.000000000000
    Eigs at center bond b=80: 1.0000 
    Largest link dim during sweep 84/1000 was 14
    Largest truncation error: 0.0008849431537194044
    Energy after sweep 84/1000 is -71.235719860702
    Sweep 84/1000 CPU time = 0.932s (Wall time = 0.936s)
    Energy change:0.001524864458858133

    vN Entropy at center bond b=80 = -0.000000000000
    Eigs at center bond b=80: 1.0000 
    Largest link dim during sweep 85/1000 was 14
    Largest truncation error: 0.0008207784917654796
    Energy after sweep 85/1000 is -71.231727699176
    Sweep 85/1000 CPU time = 0.927s (Wall time = 0.932s)
    Energy change:0.003992161526127802

    vN Entropy at center bond b=80 = -0.000000000000
    Eigs at center bond b=80: 1.0000 
    Largest link dim during sweep 86/1000 was 14
    Largest truncation error: 0.0008462571807388254
    Energy after sweep 86/1000 is -71.230958008136
    Sweep 86/1000 CPU time = 0.924s (Wall time = 0.927s)
    Energy change:0.0007696910403893753

    vN Entropy at center bond b=80 = -0.000000000000
    Eigs at center bond b=80: 1.0000 
    Largest link dim during sweep 87/1000 was 14
    Largest truncation error: 0.0008590111822708374
    Energy after sweep 87/1000 is -71.230994250529
    Sweep 87/1000 CPU time = 0.918s (Wall time = 0.921s)
    Energy change:-3.624239363375636e-05

    vN Entropy at center bond b=80 = -0.000000000000
    Eigs at center bond b=80: 1.0000 
    Largest link dim during sweep 88/1000 was 14
    Largest truncation error: 0.0008645836470059337
    Energy after sweep 88/1000 is -71.230998082228
    Sweep 88/1000 CPU time = 0.919s (Wall time = 0.924s)
    Energy change:-3.831698819567464e-06

    vN Entropy at center bond b=80 = -0.000000000000
    Eigs at center bond b=80: 1.0000 
    Largest link dim during sweep 89/1000 was 14
    Largest truncation error: 0.0008667122887756524
    Energy after sweep 89/1000 is -71.230998406342
    Sweep 89/1000 CPU time = 0.918s (Wall time = 0.924s)
    Energy change:-3.241142962906451e-07

    Energy has converged -> stop the DMRG.
Final energy=-71.23099840634228
Time=87 sec
Nup =10 Ndown = 10L = 80 W = 2
