1_Dn 3_Up 5_Dn 7_Up 9_Dn 11_Up 13_Dn 15_Up 17_Dn 19_Up 2_Up 4_Dn 6_Up 8_Dn 10_Up 12_Dn 14_Up 16_Dn 18_Up 20_Dn Initial energy=0
    vN Entropy at center bond b=80 = -0.000000000000
    Eigs at center bond b=80: 1.0000 
    Largest link dim during sweep 1/1000 was 10
    Largest truncation error: 0.01319255151113611
    Energy after sweep 1/1000 is -60.133656927307
    Sweep 1/1000 CPU time = 0.254s (Wall time = 0.257s)
    Energy change:-60.1336569273074

    vN Entropy at center bond b=80 = -0.000000000000
    Eigs at center bond b=80: 1.0000 
    Largest link dim during sweep 2/1000 was 20
    Largest truncation error: 0.003391770235500026
    Energy after sweep 2/1000 is -64.096498219871
    Sweep 2/1000 CPU time = 0.923s (Wall time = 0.946s)
    Energy change:-3.962841292563795

    vN Entropy at center bond b=80 = -0.000000000000
    Eigs at center bond b=80: 1.0000 
    Largest link dim during sweep 3/1000 was 50
    Largest truncation error: 0.0001559514578113302
    Energy after sweep 3/1000 is -65.676536952710
    Sweep 3/1000 CPU time = 1.798s (Wall time = 1.949s)
    Energy change:-1.580038732838958

    vN Entropy at center bond b=80 = -0.000000000000
    Eigs at center bond b=80: 1.0000 
    Largest link dim during sweep 4/1000 was 100
    Largest truncation error: 6.610849675416705e-05
    Energy after sweep 4/1000 is -66.854988835345
    Sweep 4/1000 CPU time = 2.996s (Wall time = 3.250s)
    Energy change:-1.178451882634661

    vN Entropy at center bond b=80 = -0.000000000000
    Eigs at center bond b=80: 1.0000 
    Largest link dim during sweep 5/1000 was 200
    Largest truncation error: 1.44497797730971e-06
    Energy after sweep 5/1000 is -67.703682758560
    Sweep 5/1000 CPU time = 5.099s (Wall time = 5.427s)
    Energy change:-0.8486939232147961

    vN Entropy at center bond b=80 = -0.000000000000
    Eigs at center bond b=80: 1.0000 
    Largest link dim during sweep 6/1000 was 400
    Largest truncation error: 9.494042284262742e-08
    Energy after sweep 6/1000 is -68.402864563189
    Sweep 6/1000 CPU time = 7.500s (Wall time = 7.877s)
    Energy change:-0.6991818046296743

    vN Entropy at center bond b=80 = -0.000000000000
    Eigs at center bond b=80: 1.0000 
    Largest link dim during sweep 7/1000 was 358
    Largest truncation error: 8.723224887285069e-08
    Energy after sweep 7/1000 is -69.001402068858
    Sweep 7/1000 CPU time = 7.909s (Wall time = 8.275s)
    Energy change:-0.5985375056689719

    vN Entropy at center bond b=80 = -0.000000000000
    Eigs at center bond b=80: 1.0000 
    Largest link dim during sweep 8/1000 was 326
    Largest truncation error: 9.261175510466375e-08
    Energy after sweep 8/1000 is -69.549858310934
    Sweep 8/1000 CPU time = 7.780s (Wall time = 8.042s)
    Energy change:-0.5484562420760284

    vN Entropy at center bond b=80 = -0.000000000000
    Eigs at center bond b=80: 1.0000 
    Largest link dim during sweep 9/1000 was 268
    Largest truncation error: 9.076500809622716e-08
    Energy after sweep 9/1000 is -70.021857557998
    Sweep 9/1000 CPU time = 7.416s (Wall time = 7.539s)
    Energy change:-0.4719992470640477

    vN Entropy at center bond b=80 = 0.000005416557
    Eigs at center bond b=80: 1.0000 
    Largest link dim during sweep 10/1000 was 241
    Largest truncation error: 8.918565205418868e-08
    Energy after sweep 10/1000 is -70.404186001789
    Sweep 10/1000 CPU time = 7.119s (Wall time = 7.165s)
    Energy change:-0.3823284437911525

    vN Entropy at center bond b=80 = 0.001728116559
    Eigs at center bond b=80: 0.9998 
    Largest link dim during sweep 11/1000 was 212
    Largest truncation error: 9.237204342419648e-08
    Energy after sweep 11/1000 is -70.748493551575
    Sweep 11/1000 CPU time = 6.835s (Wall time = 6.854s)
    Energy change:-0.3443075497859098

    vN Entropy at center bond b=80 = 0.057503216475
    Eigs at center bond b=80: 0.9914 0.0054 0.0016 0.0016 
    Largest link dim during sweep 12/1000 was 203
    Largest truncation error: 9.144530679955816e-08
    Energy after sweep 12/1000 is -71.082330244886
    Sweep 12/1000 CPU time = 6.719s (Wall time = 6.738s)
    Energy change:-0.3338366933102037

    vN Entropy at center bond b=80 = 0.264487658428
    Eigs at center bond b=80: 0.9422 0.0437 0.0068 0.0068 
    Largest link dim during sweep 13/1000 was 188
    Largest truncation error: 9.164565033668239e-08
    Energy after sweep 13/1000 is -71.338731839357
    Sweep 13/1000 CPU time = 6.596s (Wall time = 6.616s)
    Energy change:-0.256401594471555

    vN Entropy at center bond b=80 = 0.600527412731
    Eigs at center bond b=80: 0.8088 0.1593 0.0155 0.0154 
    Largest link dim during sweep 14/1000 was 190
    Largest truncation error: 9.215752876810191e-08
    Energy after sweep 14/1000 is -71.559311845656
    Sweep 14/1000 CPU time = 6.471s (Wall time = 6.492s)
    Energy change:-0.2205800062986754

    vN Entropy at center bond b=80 = 0.856039566083
    Eigs at center bond b=80: 0.5952 0.3597 0.0217 0.0216 
    Largest link dim during sweep 15/1000 was 182
    Largest truncation error: 8.896623496148841e-08
    Energy after sweep 15/1000 is -71.766524759850
    Sweep 15/1000 CPU time = 6.498s (Wall time = 6.516s)
    Energy change:-0.2072129141939598

    vN Entropy at center bond b=80 = 0.861543031535
    Eigs at center bond b=80: 0.6028 0.3512 0.0210 0.0210 0.0022 
    Largest link dim during sweep 16/1000 was 177
    Largest truncation error: 8.836091436745355e-08
    Energy after sweep 16/1000 is -72.039588070591
    Sweep 16/1000 CPU time = 6.272s (Wall time = 6.291s)
    Energy change:-0.2730633107414064

    vN Entropy at center bond b=80 = 0.678061787592
    Eigs at center bond b=80: 0.8006 0.1546 0.0145 0.0145 0.0062 0.0051 0.0017 0.0017 
    Largest link dim during sweep 17/1000 was 211
    Largest truncation error: 8.917853533615235e-08
    Energy after sweep 17/1000 is -72.217031520875
    Sweep 17/1000 CPU time = 6.453s (Wall time = 6.473s)
    Energy change:-0.1774434502837607

    vN Entropy at center bond b=80 = 0.588251426698
    Eigs at center bond b=80: 0.8722 0.0512 0.0376 0.0087 0.0074 0.0074 0.0072 0.0072 
    Largest link dim during sweep 18/1000 was 189
    Largest truncation error: 8.876786981101505e-08
    Energy after sweep 18/1000 is -72.355054983920
    Sweep 18/1000 CPU time = 6.669s (Wall time = 6.688s)
    Energy change:-0.1380234630446608

    vN Entropy at center bond b=80 = 0.734297803785
    Eigs at center bond b=80: 0.7955 0.1430 0.0175 0.0175 0.0127 0.0075 0.0025 0.0025 
    Largest link dim during sweep 19/1000 was 168
    Largest truncation error: 9.862520437887098e-08
    Energy after sweep 19/1000 is -72.476614619366
    Sweep 19/1000 CPU time = 6.656s (Wall time = 6.676s)
    Energy change:-0.1215596354467579

    vN Entropy at center bond b=80 = 0.912631700568
    Eigs at center bond b=80: 0.6108 0.3289 0.0254 0.0254 0.0041 0.0024 
    Largest link dim during sweep 20/1000 was 172
    Largest truncation error: 9.648874382156153e-08
    Energy after sweep 20/1000 is -72.568414992893
    Sweep 20/1000 CPU time = 6.763s (Wall time = 6.783s)
    Energy change:-0.09180037352619763

    vN Entropy at center bond b=80 = 0.919184197402
    Eigs at center bond b=80: 0.5503 0.3928 0.0262 0.0261 0.0016 
    Largest link dim during sweep 21/1000 was 155
    Largest truncation error: 9.703929109218385e-08
    Energy after sweep 21/1000 is -72.643131360713
    Sweep 21/1000 CPU time = 6.743s (Wall time = 6.764s)
    Energy change:-0.07471636781994562

    vN Entropy at center bond b=80 = 0.752992530537
    Eigs at center bond b=80: 0.7460 0.2058 0.0202 0.0202 0.0034 0.0012 
    Largest link dim during sweep 22/1000 was 140
    Largest truncation error: 9.511476388098556e-08
    Energy after sweep 22/1000 is -72.707017321494
    Sweep 22/1000 CPU time = 6.858s (Wall time = 6.880s)
    Energy change:-0.06388596078140552

    vN Entropy at center bond b=80 = 0.599333349454
    Eigs at center bond b=80: 0.8550 0.0933 0.0128 0.0125 0.0125 0.0062 0.0033 0.0033 
    Largest link dim during sweep 23/1000 was 124
    Largest truncation error: 9.889096268433878e-08
    Energy after sweep 23/1000 is -72.774569433145
    Sweep 23/1000 CPU time = 7.031s (Wall time = 7.052s)
    Energy change:-0.06755211165089747

    vN Entropy at center bond b=80 = 0.601802902888
    Eigs at center bond b=80: 0.8651 0.0679 0.0264 0.0112 0.0112 0.0070 0.0051 0.0051 
    Largest link dim during sweep 24/1000 was 138
    Largest truncation error: 8.84876794905387e-08
    Energy after sweep 24/1000 is -72.835056200616
    Sweep 24/1000 CPU time = 7.299s (Wall time = 7.318s)
    Energy change:-0.06048676747131765

    vN Entropy at center bond b=80 = 0.781891931729
    Eigs at center bond b=80: 0.7543 0.1872 0.0208 0.0208 0.0066 0.0054 0.0017 0.0017 
    Largest link dim during sweep 25/1000 was 132
    Largest truncation error: 9.59354269081538e-08
    Energy after sweep 25/1000 is -72.884390307661
    Sweep 25/1000 CPU time = 7.322s (Wall time = 7.343s)
    Energy change:-0.04933410704512653

    vN Entropy at center bond b=80 = 0.932327490296
    Eigs at center bond b=80: 0.5674 0.3710 0.0273 0.0273 0.0028 0.0012 
    Largest link dim during sweep 26/1000 was 132
    Largest truncation error: 9.830420274621493e-08
    Energy after sweep 26/1000 is -72.940443241149
    Sweep 26/1000 CPU time = 7.471s (Wall time = 7.496s)
    Energy change:-0.05605293348773444

    vN Entropy at center bond b=80 = 0.901160252037
    Eigs at center bond b=80: 0.6051 0.3358 0.0271 0.0271 0.0012 
    Largest link dim during sweep 27/1000 was 130
    Largest truncation error: 9.698253343750619e-08
    Energy after sweep 27/1000 is -72.986333055337
    Sweep 27/1000 CPU time = 7.602s (Wall time = 7.623s)
    Energy change:-0.04588981418753235

    vN Entropy at center bond b=80 = 0.699703967668
    Eigs at center bond b=80: 0.7997 0.1476 0.0185 0.0185 0.0052 0.0048 0.0020 0.0020 
    Largest link dim during sweep 28/1000 was 123
    Largest truncation error: 8.759688475240476e-08
    Energy after sweep 28/1000 is -73.028637179533
    Sweep 28/1000 CPU time = 7.764s (Wall time = 7.785s)
    Energy change:-0.04230412419671836

    vN Entropy at center bond b=80 = 0.603512894422
    Eigs at center bond b=80: 0.8699 0.0515 0.0353 0.0092 0.0092 0.0079 0.0079 0.0079 
    Largest link dim during sweep 29/1000 was 113
    Largest truncation error: 9.841797826999697e-08
    Energy after sweep 29/1000 is -73.062400022520
    Sweep 29/1000 CPU time = 7.786s (Wall time = 7.813s)
    Energy change:-0.03376284298705912

    vN Entropy at center bond b=80 = 0.721256716031
    Eigs at center bond b=80: 0.8103 0.1237 0.0181 0.0181 0.0142 0.0073 0.0034 0.0034 
    Largest link dim during sweep 30/1000 was 113
    Largest truncation error: 9.402347717555757e-08
    Energy after sweep 30/1000 is -73.091932164218
    Sweep 30/1000 CPU time = 8.001s (Wall time = 8.023s)
    Energy change:-0.02953214169764351

    vN Entropy at center bond b=80 = 0.902430022403
    Eigs at center bond b=80: 0.6536 0.2802 0.0272 0.0272 0.0045 0.0032 0.0010 0.0010 
    Largest link dim during sweep 31/1000 was 109
    Largest truncation error: 8.621257629130558e-08
    Energy after sweep 31/1000 is -73.117988049877
    Sweep 31/1000 CPU time = 8.151s (Wall time = 8.171s)
    Energy change:-0.0260558856590194

    vN Entropy at center bond b=80 = 0.966520316926
    Eigs at center bond b=80: 0.4927 0.4405 0.0302 0.0302 0.0021 0.0011 
    Largest link dim during sweep 32/1000 was 119
    Largest truncation error: 8.614892880045445e-08
    Energy after sweep 32/1000 is -73.142497969765
    Sweep 32/1000 CPU time = 8.306s (Wall time = 8.330s)
    Energy change:-0.024509919887862

    vN Entropy at center bond b=80 = 0.848377927112
    Eigs at center bond b=80: 0.6972 0.2422 0.0249 0.0249 0.0036 0.0024 0.0011 0.0011 
    Largest link dim during sweep 33/1000 was 100
    Largest truncation error: 8.716908258376898e-08
    Energy after sweep 33/1000 is -73.163659560330
    Sweep 33/1000 CPU time = 8.412s (Wall time = 8.436s)
    Energy change:-0.0211615905649154

    vN Entropy at center bond b=80 = 0.701488201376
    Eigs at center bond b=80: 0.8208 0.1149 0.0162 0.0162 0.0147 0.0070 0.0043 0.0043 
    Largest link dim during sweep 34/1000 was 105
    Largest truncation error: 9.339200435343579e-08
    Energy after sweep 34/1000 is -73.180670498521
    Sweep 34/1000 CPU time = 8.632s (Wall time = 8.658s)
    Energy change:-0.01701093819082189

    vN Entropy at center bond b=80 = 0.672104697354
    Eigs at center bond b=80: 0.8501 0.0546 0.0463 0.0108 0.0108 0.0092 0.0084 0.0084 
    Largest link dim during sweep 35/1000 was 106
    Largest truncation error: 9.325141190576234e-08
    Energy after sweep 35/1000 is -73.193877961468
    Sweep 35/1000 CPU time = 8.800s (Wall time = 8.825s)
    Energy change:-0.0132074629472072

    vN Entropy at center bond b=80 = 0.777760718222
    Eigs at center bond b=80: 0.7863 0.1421 0.0192 0.0192 0.0161 0.0084 0.0036 0.0036 
    Largest link dim during sweep 36/1000 was 102
    Largest truncation error: 8.511423595653444e-08
    Energy after sweep 36/1000 is -73.205105829596
    Sweep 36/1000 CPU time = 8.940s (Wall time = 8.970s)
    Energy change:-0.01122786812842946

    vN Entropy at center bond b=80 = 0.907910968982
    Eigs at center bond b=80: 0.6706 0.2600 0.0255 0.0255 0.0068 0.0063 0.0016 0.0016 
    Largest link dim during sweep 37/1000 was 99
    Largest truncation error: 8.491559072052581e-08
    Energy after sweep 37/1000 is -73.213388989644
    Sweep 37/1000 CPU time = 9.145s (Wall time = 9.171s)
    Energy change:-0.008283160048264904

    vN Entropy at center bond b=80 = 0.978707976260
    Eigs at center bond b=80: 0.5323 0.3992 0.0282 0.0282 0.0050 0.0024 
    Largest link dim during sweep 38/1000 was 93
    Largest truncation error: 8.361213932771927e-08
    Energy after sweep 38/1000 is -73.220085828222
    Sweep 38/1000 CPU time = 9.402s (Wall time = 9.429s)
    Energy change:-0.006696838577724407

    vN Entropy at center bond b=80 = 0.973600923512
    Eigs at center bond b=80: 0.5477 0.3856 0.0270 0.0270 0.0035 0.0033 0.0013 
    Largest link dim during sweep 39/1000 was 84
    Largest truncation error: 8.301500519762992e-08
    Energy after sweep 39/1000 is -73.225212253719
    Sweep 39/1000 CPU time = 9.656s (Wall time = 9.681s)
    Energy change:-0.005126425496598586

    vN Entropy at center bond b=80 = 0.928217307582
    Eigs at center bond b=80: 0.6551 0.2770 0.0234 0.0234 0.0072 0.0057 0.0022 0.0017 0.0017 
    Largest link dim during sweep 40/1000 was 93
    Largest truncation error: 8.307773967563804e-08
    Energy after sweep 40/1000 is -73.228985356274
    Sweep 40/1000 CPU time = 9.846s (Wall time = 9.873s)
    Energy change:-0.003773102555641117

    vN Entropy at center bond b=80 = 0.892063754644
    Eigs at center bond b=80: 0.7273 0.1944 0.0190 0.0190 0.0171 0.0119 0.0038 0.0038 0.0016 
    Largest link dim during sweep 41/1000 was 85
    Largest truncation error: 8.891700612410062e-08
    Energy after sweep 41/1000 is -73.231362423994
    Sweep 41/1000 CPU time = 10.03s (Wall time = 10.05s)
    Energy change:-0.00237706771919477

    vN Entropy at center bond b=80 = 0.885173837683
    Eigs at center bond b=80: 0.7573 0.1481 0.0327 0.0158 0.0158 0.0155 0.0059 0.0059 0.0012 
    Largest link dim during sweep 42/1000 was 82
    Largest truncation error: 8.312410851511019e-08
    Energy after sweep 42/1000 is -73.232672601141
    Sweep 42/1000 CPU time = 10.35s (Wall time = 10.38s)
    Energy change:-0.001310177147672675

    vN Entropy at center bond b=80 = 0.897266451126
    Eigs at center bond b=80: 0.7655 0.1211 0.0496 0.0181 0.0137 0.0137 0.0077 0.0077 
    Largest link dim during sweep 43/1000 was 81
    Largest truncation error: 9.09983431637438e-08
    Energy after sweep 43/1000 is -73.233320307942
    Sweep 43/1000 CPU time = 10.63s (Wall time = 10.66s)
    Energy change:-0.0006477068009473896

    vN Entropy at center bond b=80 = 0.914848554191
    Eigs at center bond b=80: 0.7640 0.1067 0.0637 0.0199 0.0124 0.0124 0.0090 0.0090 
    Largest link dim during sweep 44/1000 was 80
    Largest truncation error: 8.817950742571851e-08
    Energy after sweep 44/1000 is -73.233589885502
    Sweep 44/1000 CPU time = 10.78s (Wall time = 10.81s)
    Energy change:-0.0002695775594929728

    vN Entropy at center bond b=80 = 0.928238973195
    Eigs at center bond b=80: 0.7608 0.0993 0.0730 0.0210 0.0117 0.0117 0.0097 0.0097 
    Largest link dim during sweep 45/1000 was 79
    Largest truncation error: 8.730275869553036e-08
    Energy after sweep 45/1000 is -73.233686119985
    Sweep 45/1000 CPU time = 10.83s (Wall time = 10.86s)
    Energy change:-9.623448333684337e-05

    vN Entropy at center bond b=80 = 0.936363258607
    Eigs at center bond b=80: 0.7585 0.0954 0.0785 0.0215 0.0114 0.0114 0.0101 0.0101 
    Largest link dim during sweep 46/1000 was 78
    Largest truncation error: 8.389466906912794e-08
    Energy after sweep 46/1000 is -73.233719424191
    Sweep 46/1000 CPU time = 10.82s (Wall time = 10.85s)
    Energy change:-3.330420553027125e-05

    vN Entropy at center bond b=80 = 0.941047415176
    Eigs at center bond b=80: 0.7570 0.0932 0.0817 0.0218 0.0112 0.0112 0.0104 0.0104 
    Largest link dim during sweep 47/1000 was 78
    Largest truncation error: 8.422760184342623e-08
    Energy after sweep 47/1000 is -73.233730860940
    Sweep 47/1000 CPU time = 10.77s (Wall time = 10.80s)
    Energy change:-1.143674964509955e-05

    vN Entropy at center bond b=80 = 0.943878570071
    Eigs at center bond b=80: 0.7561 0.0918 0.0838 0.0220 0.0111 0.0111 0.0105 0.0105 
    Largest link dim during sweep 48/1000 was 78
    Largest truncation error: 8.519590242051538e-08
    Energy after sweep 48/1000 is -73.233736949507
    Sweep 48/1000 CPU time = 10.74s (Wall time = 10.77s)
    Energy change:-6.088566948392327e-06

    Energy has converged -> stop the DMRG.
Final energy=-73.2337369495072
Time=365 sec
Nup =10 Ndown = 10L = 80 W = 2
